Starting irace...
# 2025-12-26 13:34:54 GMT: Reading parameter file '/gpfs/home/e/exx866/IRACE-b-LAHC/all-instances-rough/X-n214-k11/parameters.txt'.
# 2025-12-26 13:34:55 GMT: Read 1 configuration(s) from file '/gpfs/home/e/exx866/IRACE-b-LAHC/all-instances-rough/X-n214-k11/configurations.txt'
# 2025-12-26 13:34:56 GMT: Initialization
# Elitist race
# Elitist new instances: 1
# Elitist limit: 2
# nbIterations: 3
# minNbSurvival: 10
# nbParameters: 2
# seed: 1511652817
# confidence level: 0.95
# budget: 3500
# mu: 10
# deterministic: FALSE

# 2025-12-26 13:34:56 GMT: Iteration 1 of 3
# experimentsUsed: 0
# remainingBudget: 3500
# currentBudget: 1166
# nbConfigurations: 58
# Markers:
     x No test is performed.
     c Configurations are discarded only due to capping.
     - The test is performed and some configurations are discarded.
     = The test is performed but no configuration is discarded.
     ! The test is performed and configurations could be discarded but elite configurations are preserved.
     . All alive configurations are elite and nothing is discarded.

+-+-----------+-----------+-----------+----------------+-----------+--------+-----+----+------+
| |   Instance|      Alive|       Best|       Mean best| Exp so far|  W time|  rho|KenW|  Qvar|
+-+-----------+-----------+-----------+----------------+-----------+--------+-----+----+------+
|x|          1|         58|         54|     11085.39000|         58|00:00:47|   NA|  NA|    NA|
|x|          2|         58|         33|     11171.03000|        116|00:00:29|+0.87|0.94|0.0808|
|x|          3|         58|         28|     11208.71000|        174|00:00:29|+0.85|0.90|0.1019|
|x|          4|         58|         28|     11212.44500|        232|00:00:31|+0.86|0.89|0.0947|
|x|          5|         58|         43|     11219.98400|        290|00:00:30|+0.83|0.86|0.1241|
|x|          6|         58|         30|     11221.76500|        348|00:00:34|+0.82|0.85|0.1288|
|x|          7|         58|         30|     11213.70000|        406|00:00:29|+0.83|0.85|0.1260|
|x|          8|         58|         30|     11212.30125|        464|00:00:29|+0.84|0.86|0.1184|
|x|          9|         58|          2|     11212.53667|        522|00:00:29|+0.83|0.85|0.1226|
|-|         10|         12|          2|     11208.31600|        580|00:00:34|-0.05|0.05|0.9429|
|x|         11|         12|          2|     11209.34091|        592|00:00:19|-0.03|0.07|0.9200|
|x|         12|         12|          2|     11209.74500|        604|00:00:16|-0.03|0.06|0.9157|
|x|         13|         12|          2|     11207.74462|        616|00:00:14|-0.02|0.06|0.9120|
|x|         14|         12|          2|     11206.05214|        628|00:00:15|-0.01|0.07|0.8925|
|x|         15|         12|          2|     11198.63267|        640|00:00:16|-0.00|0.06|0.8934|
|x|         16|         12|          2|     11194.63187|        652|00:00:15|+0.01|0.07|0.8774|
|x|         17|         12|          2|     11201.47235|        664|00:00:15|+0.00|0.06|0.8853|
|x|         18|         12|          2|     11202.33000|        676|00:00:17|+0.01|0.06|0.8804|
|x|         19|         12|          2|     11204.73947|        688|00:00:15|+0.00|0.06|0.8870|
|=|         20|         12|          2|     11205.83800|        700|00:00:15|+0.01|0.06|0.8818|
|x|         21|         12|          2|     11205.75048|        712|00:00:22|+0.01|0.06|0.8833|
|x|         22|         12|          2|     11211.00545|        724|00:00:16|+0.00|0.05|0.8923|
|x|         23|         12|          2|     11210.97652|        736|00:00:16|+0.01|0.05|0.8884|
|x|         24|         12|          2|     11211.20500|        748|00:00:14|+0.01|0.06|0.8873|
|x|         25|         12|          2|     11209.58960|        760|00:00:15|+0.02|0.06|0.8885|
|x|         26|         12|          2|     11209.92808|        772|00:00:15|+0.02|0.05|0.8909|
|x|         27|         12|          2|     11208.07704|        784|00:00:15|+0.02|0.06|0.8831|
|x|         28|         12|          2|     11208.94929|        796|00:00:15|+0.01|0.05|0.8903|
|x|         29|         12|          2|     11209.40724|        808|00:00:15|+0.02|0.06|0.8821|
|=|         30|         12|          2|     11207.42567|        820|00:00:15|+0.03|0.06|0.8774|
+-+-----------+-----------+-----------+----------------+-----------+--------+-----+----+------+
Best-so-far configuration:           2    mean value:      11207.42567
Description of the best-so-far configuration:
  .ID. his_len max_attempts .PARENT.
2    2    4806          244       NA

# 2025-12-26 13:45:48 GMT: Elite configurations (first number is the configuration ID; listed from best to worst according to the sum of ranks):
   his_len max_attempts
2     4806          244
30    1728          165
28    4190          478
54    3267          392
7     2343          431
19    5422          197
41    5114          345
46    3882          126
51    5729          329
33    6653          290
# 2025-12-26 13:45:48 GMT: Iteration 2 of 3
# experimentsUsed: 820
# remainingBudget: 2680
# currentBudget: 1340
# nbConfigurations: 41
# Markers:
     x No test is performed.
     c Configurations are discarded only due to capping.
     - The test is performed and some configurations are discarded.
     = The test is performed but no configuration is discarded.
     ! The test is performed and configurations could be discarded but elite configurations are preserved.
     . All alive configurations are elite and nothing is discarded.

+-+-----------+-----------+-----------+----------------+-----------+--------+-----+----+------+
| |   Instance|      Alive|       Best|       Mean best| Exp so far|  W time|  rho|KenW|  Qvar|
+-+-----------+-----------+-----------+----------------+-----------+--------+-----+----+------+
|x|         31|         41|         83|     11146.41000|         41|00:00:30|   NA|  NA|    NA|
|x|         16|         41|         70|     11175.64000|         72|00:00:20|+0.17|0.59|0.8264|
|x|         10|         41|         59|     11186.19000|        103|00:00:20|+0.27|0.51|0.7368|
|x|         26|         41|         59|     11171.61250|        134|00:00:20|+0.28|0.46|0.7366|
|x|         11|         41|         59|     11181.70000|        165|00:00:19|+0.26|0.41|0.7329|
|x|          3|         41|         71|     11187.37500|        196|00:00:21|+0.21|0.34|0.7530|
|x|         12|         41|         71|     11188.97857|        227|00:00:22|+0.22|0.33|0.7224|
|x|          4|         41|         71|     11193.88875|        258|00:00:23|+0.22|0.31|0.7118|
|x|         20|         41|         71|     11196.87778|        289|00:00:27|+0.21|0.30|0.7131|
|-|          1|         24|         59|     11195.77400|        320|00:00:21|-0.02|0.08|0.9815|
|x|         17|         24|         71|     11206.09273|        334|00:00:15|-0.02|0.07|0.9747|
|x|         27|         24|         71|     11205.81583|        348|00:00:15|-0.00|0.08|0.9567|
|x|         15|         24|         71|     11204.09308|        362|00:00:16|+0.02|0.10|0.9416|
|x|         14|         24|         83|     11203.91143|        376|00:00:16|+0.02|0.09|0.9452|
|x|         13|         24|         83|     11204.51600|        390|00:00:15|+0.01|0.08|0.9441|
|x|          9|         24|          2|     11204.74625|        404|00:00:15|+0.01|0.08|0.9424|
|x|          5|         24|         83|     11209.91353|        418|00:00:15|+0.02|0.08|0.9331|
|x|          8|         24|         83|     11207.63278|        432|00:00:22|+0.03|0.08|0.9305|
|x|         18|         24|         83|     11208.05368|        446|00:00:17|+0.03|0.08|0.9289|
|-|         19|         19|         83|     11206.63450|        460|00:00:15|+0.02|0.07|0.9186|
|x|          2|         19|         83|     11202.87286|        469|00:00:14|+0.02|0.07|0.9202|
|x|         22|         19|         83|     11205.41182|        478|00:00:14|+0.02|0.06|0.9299|
|x|          6|         19|         83|     11206.29696|        487|00:00:15|+0.02|0.06|0.9282|
|x|         30|         19|         59|     11207.18583|        496|00:00:15|+0.01|0.05|0.9338|
|x|         24|         19|         59|     11205.38160|        505|00:00:15|+0.02|0.06|0.9287|
|x|          7|         19|         59|     11202.08346|        514|00:00:14|+0.02|0.06|0.9244|
|x|         23|         19|         59|     11204.93481|        523|00:00:15|+0.02|0.05|0.9280|
|x|         25|         19|         59|     11207.00893|        532|00:00:15|+0.01|0.05|0.9307|
|x|         29|         19|         59|     11206.39379|        541|00:00:15|+0.02|0.05|0.9302|
|=|         21|         19|         59|     11205.70433|        550|00:00:14|+0.02|0.05|0.9309|
|x|         28|         19|         59|     11208.24355|        559|00:00:15|+0.01|0.04|0.9360|
|x|         32|         19|         59|     11207.96281|        578|00:00:16|+0.01|0.04|0.9351|
|x|         33|         19|         59|     11210.48212|        597|00:00:17|+0.01|0.04|0.9354|
|x|         34|         19|         59|     11212.62324|        616|00:00:17|+0.01|0.04|0.9365|
|x|         35|         19|         76|     11213.85943|        635|00:00:16|+0.01|0.04|0.9401|
|x|         36|         19|         76|     11214.46667|        654|00:00:17|+0.01|0.03|0.9419|
|x|         37|         19|         76|     11215.48784|        673|00:00:18|+0.00|0.03|0.9430|
|x|         38|         19|         59|     11215.78289|        692|00:00:22|+0.01|0.03|0.9410|
|x|         39|         19|         59|     11216.45179|        711|00:00:16|+0.01|0.03|0.9389|
|=|         40|         19|         59|     11216.53000|        730|00:00:16|+0.01|0.03|0.9376|
|x|         41|         19|         59|     11214.70927|        749|00:00:17|+0.01|0.04|0.9348|
|x|         42|         19|         59|     11214.82048|        768|00:00:17|+0.02|0.04|0.9334|
|x|         43|         19|         59|     11216.30279|        787|00:00:16|+0.01|0.04|0.9349|
|x|         44|         19|         59|     11214.23909|        806|00:00:16|+0.02|0.04|0.9324|
|x|         45|         19|         59|     11213.38311|        825|00:00:17|+0.02|0.04|0.9290|
|x|         46|         19|         59|     11213.00522|        844|00:00:17|+0.02|0.04|0.9283|
|x|         47|         19|         59|     11214.44064|        863|00:00:18|+0.02|0.04|0.9295|
|x|         48|         19|         59|     11214.56083|        882|00:00:17|+0.02|0.04|0.9275|
|x|         49|         19|         59|     11213.90122|        901|00:00:17|+0.02|0.04|0.9262|
|-|         50|         11|         59|     11213.73600|        920|00:00:17|-0.01|0.01|0.9173|
|x|         51|         11|         59|     11215.38392|        931|00:00:14|-0.01|0.01|0.9196|
|x|         52|         11|         59|     11217.10904|        942|00:00:15|-0.01|0.01|0.9199|
|x|         53|         11|         59|     11216.26585|        953|00:00:14|-0.01|0.01|0.9184|
|x|         54|         11|         59|     11216.15093|        964|00:00:14|-0.01|0.01|0.9194|
|x|         55|         11|         59|     11217.20145|        975|00:00:14|-0.01|0.01|0.9194|
|x|         56|         11|         59|     11217.07821|        986|00:00:13|-0.01|0.01|0.9181|
|x|         57|         11|         59|     11217.70982|        997|00:00:14|-0.01|0.01|0.9194|
|x|         58|         11|         59|     11215.91086|       1008|00:00:20|-0.01|0.01|0.9188|
|x|         59|         11|         59|     11216.55983|       1019|00:00:15|-0.01|0.01|0.9183|
|=|         60|         11|         59|     11215.73533|       1030|00:00:15|-0.01|0.01|0.9168|
|x|         61|         11|         59|     11216.67164|       1041|00:00:14|-0.01|0.01|0.9174|
|x|         62|         11|         59|     11220.66419|       1052|00:00:15|-0.01|0.01|0.9180|
|x|         63|         11|         59|     11219.84873|       1063|00:00:13|-0.01|0.01|0.9181|
|x|         64|         11|         59|     11221.25703|       1074|00:00:14|-0.01|0.01|0.9180|
|x|         65|         11|         59|     11219.89477|       1085|00:00:15|-0.01|0.01|0.9180|
|x|         66|         11|         59|     11219.15045|       1096|00:00:15|-0.01|0.01|0.9181|
|x|         67|         11|         59|     11219.92299|       1107|00:00:20|-0.01|0.01|0.9183|
|x|         68|         11|         59|     11220.68662|       1118|00:00:15|-0.01|0.01|0.9192|
|x|         69|         11|         59|     11221.38275|       1129|00:00:15|-0.01|0.01|0.9183|
|=|         70|         11|         59|     11221.41486|       1140|00:00:14|-0.01|0.01|0.9171|
+-+-----------+-----------+-----------+----------------+-----------+--------+-----+----+------+
Best-so-far configuration:          59    mean value:      11221.41486
Description of the best-so-far configuration:
   .ID. his_len max_attempts .PARENT.
59   59    4035          310        2

# 2025-12-26 14:05:49 GMT: Elite configurations (first number is the configuration ID; listed from best to worst according to the sum of ranks):
   his_len max_attempts
59    4035          310
76    3883          211
83    5020          275
2     4806          244
87    2992          497
54    3267          392
86    4362          310
62    1311          262
19    5422          197
71    2634          179
# 2025-12-26 14:05:49 GMT: Iteration 3 of 3
# experimentsUsed: 1960
# remainingBudget: 1540
# currentBudget: 1540
# nbConfigurations: 28
# Markers:
     x No test is performed.
     c Configurations are discarded only due to capping.
     - The test is performed and some configurations are discarded.
     = The test is performed but no configuration is discarded.
     ! The test is performed and configurations could be discarded but elite configurations are preserved.
     . All alive configurations are elite and nothing is discarded.

+-+-----------+-----------+-----------+----------------+-----------+--------+-----+----+------+
| |   Instance|      Alive|       Best|       Mean best| Exp so far|  W time|  rho|KenW|  Qvar|
+-+-----------+-----------+-----------+----------------+-----------+--------+-----+----+------+
|x|         71|         28|         87|     11109.11000|         28|00:00:19|   NA|  NA|    NA|
|x|         64|         28|         76|     11109.51000|         46|00:00:16|+0.07|0.53|0.9571|
|x|         20|         28|         76|     11144.04333|         64|00:00:16|+0.10|0.40|0.8892|
|x|         61|         28|         76|     11167.56000|         82|00:00:17|+0.00|0.25|0.9545|
|x|         10|         28|         86|     11166.93000|        100|00:00:17|+0.02|0.22|0.9247|
|x|         42|         28|         86|     11162.77500|        118|00:00:16|+0.06|0.21|0.9011|
|x|         69|         28|         86|     11170.42000|        136|00:00:16|+0.04|0.18|0.9158|
|x|          4|         28|         86|     11165.76625|        154|00:00:16|+0.05|0.17|0.9047|
|x|         28|         28|         86|     11185.42444|        172|00:00:15|+0.04|0.14|0.9135|
|=|         62|         28|         86|     11189.08500|        190|00:00:16|+0.03|0.12|0.9304|
|x|         37|         28|         86|     11191.71727|        208|00:00:16|+0.02|0.11|0.9357|
|x|         60|         28|         86|     11200.49333|        226|00:00:18|+0.01|0.09|0.9529|
|x|         70|         28|         86|     11204.41923|        244|00:00:16|+0.01|0.09|0.9445|
|x|         12|         28|        104|     11198.04429|        262|00:00:16|+0.01|0.08|0.9477|
|x|         16|         28|        104|     11192.89133|        280|00:00:16|+0.01|0.08|0.9499|
|x|         53|         28|        104|     11197.17813|        298|00:00:16|+0.01|0.07|0.9555|
|x|         30|         28|        104|     11196.51412|        316|00:00:16|+0.00|0.06|0.9617|
|x|         44|         28|        104|     11197.95833|        334|00:00:15|+0.00|0.06|0.9631|
|x|         66|         28|        104|     11201.58789|        352|00:00:16|+0.00|0.05|0.9632|
|=|         18|         28|        104|     11200.17100|        370|00:00:17|+0.01|0.06|0.9553|
|x|         45|         28|        104|     11200.62762|        388|00:00:16|+0.01|0.06|0.9565|
|x|         19|         28|        104|     11195.41455|        406|00:00:21|+0.01|0.06|0.9537|
|x|         58|         28|         59|     11209.19826|        424|00:00:16|+0.01|0.06|0.9523|
|x|         17|         28|        104|     11204.50583|        442|00:00:15|+0.01|0.06|0.9517|
|x|          5|         28|        104|     11202.00720|        460|00:00:15|+0.02|0.06|0.9477|
|x|         49|         28|        104|     11202.58269|        478|00:00:17|+0.02|0.06|0.9516|
|x|         38|         28|        104|     11203.71370|        496|00:00:16|+0.01|0.05|0.9592|
|x|         14|         28|        104|     11201.13714|        514|00:00:17|+0.01|0.05|0.9579|
|x|         27|         28|        104|     11201.84724|        532|00:00:16|+0.01|0.04|0.9589|
|=|         67|         28|        104|     11204.61533|        550|00:00:16|+0.01|0.04|0.9618|
|x|         57|         28|        104|     11209.76806|        568|00:00:19|-0.00|0.03|0.9670|
|x|         50|         28|         86|     11210.22969|        586|00:00:16|+0.00|0.03|0.9655|
|x|         25|         28|         86|     11209.39424|        604|00:00:15|-0.00|0.03|0.9679|
|x|         31|         28|         86|     11211.07971|        622|00:00:16|+0.00|0.03|0.9669|
|x|         26|         28|        104|     11215.42057|        640|00:00:16|+0.00|0.03|0.9662|
|x|         11|         28|        104|     11213.81139|        658|00:00:17|+0.00|0.03|0.9651|
|x|         24|         28|         86|     11209.37486|        676|00:00:16|+0.00|0.03|0.9636|
|x|         41|         28|         59|     11214.11474|        694|00:00:18|+0.00|0.03|0.9628|
|x|         21|         28|         59|     11213.38641|        712|00:00:16|+0.01|0.03|0.9603|
|=|         52|         28|         86|     11208.58425|        730|00:00:16|+0.01|0.03|0.9581|
|x|         68|         28|         86|     11208.10439|        748|00:00:16|+0.01|0.04|0.9552|
|x|          6|         28|         86|     11207.97786|        766|00:00:15|+0.02|0.04|0.9520|
|x|          2|         28|        104|     11210.92488|        784|00:00:16|+0.01|0.04|0.9527|
|x|         29|         28|        104|     11210.43955|        802|00:00:16|+0.01|0.04|0.9522|
|x|         23|         28|        104|     11212.37400|        820|00:00:16|+0.01|0.03|0.9540|
|x|         40|         28|         94|     11217.16935|        838|00:00:16|+0.01|0.03|0.9548|
|x|         54|         28|        104|     11213.26085|        856|00:00:15|+0.01|0.03|0.9545|
|x|          9|         28|        104|     11213.10062|        874|00:00:21|+0.01|0.03|0.9545|
|x|         65|         28|         86|     11209.43408|        892|00:00:16|+0.01|0.03|0.9537|
|-|         34|         20|        104|     11213.62060|        910|00:00:15|-0.00|0.02|0.9569|
|x|         47|         20|        104|     11213.41627|        920|00:00:14|-0.00|0.01|0.9569|
|x|         22|         20|        104|     11213.12154|        930|00:00:14|-0.00|0.01|0.9566|
|x|         36|         20|        104|     11213.34792|        940|00:00:14|-0.00|0.01|0.9566|
|x|         55|         20|        104|     11212.62222|        950|00:00:15|-0.01|0.01|0.9569|
|x|         33|         20|        104|     11211.24545|        960|00:00:14|-0.00|0.01|0.9573|
|x|         59|         20|        104|     11211.30964|        970|00:00:15|-0.01|0.01|0.9576|
|x|         39|         20|        104|     11210.11684|        980|00:00:15|-0.00|0.01|0.9561|
|x|         51|         20|        104|     11209.31759|        990|00:00:15|-0.01|0.01|0.9563|
|x|         32|         20|        104|     11209.10051|       1000|00:00:14|-0.01|0.01|0.9570|
|=|         13|         20|        104|     11210.51733|       1010|00:00:15|-0.01|0.01|0.9574|
|x|         43|         20|        104|     11208.91295|       1020|00:00:15|-0.01|0.01|0.9564|
|x|          3|         20|        104|     11210.70210|       1030|00:00:14|-0.01|0.01|0.9574|
|x|          8|         20|        104|     11212.04286|       1040|00:00:15|-0.01|0.01|0.9573|
|x|         35|         20|        104|     11211.33109|       1050|00:00:15|-0.01|0.01|0.9573|
|x|         46|         20|        104|     11210.64277|       1060|00:00:14|-0.01|0.01|0.9572|
|x|         15|         20|        104|     11210.32576|       1070|00:00:15|-0.01|0.01|0.9570|
|x|         63|         20|        104|     11212.02940|       1080|00:00:15|-0.01|0.01|0.9566|
|x|         48|         20|        104|     11213.74412|       1090|00:00:14|-0.01|0.01|0.9573|
|x|         56|         20|        104|     11213.84159|       1100|00:00:14|-0.01|0.01|0.9563|
|=|          1|         20|        104|     11214.69529|       1110|00:00:16|-0.01|0.01|0.9562|
|x|          7|         20|        104|     11213.78803|       1120|00:00:15|-0.01|0.01|0.9552|
|x|         72|         20|        104|     11213.45889|       1140|00:00:16|-0.01|0.01|0.9548|
|x|         73|         20|        104|     11214.76219|       1160|00:00:17|-0.01|0.01|0.9560|
|x|         74|         20|        104|     11214.24527|       1180|00:00:19|-0.01|0.01|0.9562|
|x|         75|         20|        104|     11213.10400|       1200|00:00:16|-0.01|0.01|0.9556|
|x|         76|         20|        104|     11213.00789|       1220|00:00:16|-0.01|0.01|0.9557|
|x|         77|         20|        104|     11213.85338|       1240|00:00:16|-0.01|0.01|0.9554|
|x|         78|         20|        104|     11215.03462|       1260|00:00:16|-0.01|0.01|0.9553|
|x|         79|         20|        104|     11214.84949|       1280|00:00:16|-0.01|0.01|0.9551|
|=|         80|         20|        104|     11215.18650|       1300|00:00:16|-0.01|0.01|0.9550|
|x|         81|         20|        104|     11214.90716|       1320|00:00:18|-0.00|0.01|0.9542|
|x|         82|         20|        104|     11213.96915|       1340|00:00:18|-0.00|0.01|0.9536|
|x|         83|         20|        104|     11213.70711|       1360|00:00:16|-0.00|0.01|0.9526|
|x|         84|         20|        104|     11213.19655|       1380|00:00:16|-0.00|0.01|0.9518|
|x|         85|         20|        104|     11215.71882|       1400|00:00:16|-0.00|0.01|0.9517|
|x|         86|         20|        104|     11216.39895|       1420|00:00:15|-0.00|0.01|0.9508|
|x|         87|         20|        104|     11215.43759|       1440|00:00:16|-0.00|0.01|0.9502|
|x|         88|         20|        104|     11214.77886|       1460|00:00:16|-0.00|0.01|0.9496|
|x|         89|         20|        104|     11214.87674|       1480|00:00:16|-0.00|0.01|0.9497|
|=|         90|         20|        104|     11214.25367|       1500|00:00:16|+0.00|0.01|0.9488|
+-+-----------+-----------+-----------+----------------+-----------+--------+-----+----+------+
Best-so-far configuration:         104    mean value:      11214.25367
Description of the best-so-far configuration:
    .ID. his_len max_attempts .PARENT.
104  104    4789          210       19

# 2025-12-26 14:30:31 GMT: Elite configurations (first number is the configuration ID; listed from best to worst according to the sum of ranks):
    his_len max_attempts
104    4789          210
83     5020          275
59     4035          310
2      4806          244
97     3627          497
107    4140          292
19     5422          197
54     3267          392
62     1311          262
93     4843          279
# 2025-12-26 14:30:31 GMT: Stopped because there is not enough budget left to race more than the minimum (10).
# You may either increase the budget or set 'minNbSurvival' to a lower value.
# Iteration: 4
# nbIterations: 4
# experimentsUsed: 3460
# timeUsed: 0
# remainingBudget: 40
# currentBudget: 40
# number of elites: 10
# nbConfigurations: 10
# Total CPU user time: 42698.78, CPU sys time: 2358.326, Wall-clock time: 3336.169
# Best configurations (first number is the configuration ID; listed from best to worst according to the sum of ranks):
    his_len max_attempts
104    4789          210
83     5020          275
59     4035          310
2      4806          244
97     3627          497
107    4140          292
19     5422          197
54     3267          392
62     1311          262
93     4843          279
# Best configurations as commandlines (first number is the configuration ID; listed from best to worst according to the sum of ranks):
104 -his_len 4789 -max_attempts 210
83  -his_len 5020 -max_attempts 275
59  -his_len 4035 -max_attempts 310
2   -his_len 4806 -max_attempts 244
97  -his_len 3627 -max_attempts 497
107 -his_len 4140 -max_attempts 292
19  -his_len 5422 -max_attempts 197
54  -his_len 3267 -max_attempts 392
62  -his_len 1311 -max_attempts 262
93  -his_len 4843 -max_attempts 279


# Testing of elite configurations: 1 
# Testing iteration configurations: FALSE 
# 2025-12-26 14:30:31 GMT: No test instances, skip testing
