Starting irace...
# 2025-12-26 13:34:56 GMT: Reading parameter file '/gpfs/home/e/exx866/IRACE-b-LAHC/all-instances-rough/X-n221-k11-s7/parameters.txt'.
# 2025-12-26 13:34:56 GMT: Read 1 configuration(s) from file '/gpfs/home/e/exx866/IRACE-b-LAHC/all-instances-rough/X-n221-k11-s7/configurations.txt'
# 2025-12-26 13:34:57 GMT: Initialization
# Elitist race
# Elitist new instances: 1
# Elitist limit: 2
# nbIterations: 3
# minNbSurvival: 10
# nbParameters: 2
# seed: 181653935
# confidence level: 0.95
# budget: 3500
# mu: 10
# deterministic: FALSE

# 2025-12-26 13:34:57 GMT: Iteration 1 of 3
# experimentsUsed: 0
# remainingBudget: 3500
# currentBudget: 1166
# nbConfigurations: 58
# Markers:
     x No test is performed.
     c Configurations are discarded only due to capping.
     - The test is performed and some configurations are discarded.
     = The test is performed but no configuration is discarded.
     ! The test is performed and configurations could be discarded but elite configurations are preserved.
     . All alive configurations are elite and nothing is discarded.

+-+-----------+-----------+-----------+----------------+-----------+--------+-----+----+------+
| |   Instance|      Alive|       Best|       Mean best| Exp so far|  W time|  rho|KenW|  Qvar|
+-+-----------+-----------+-----------+----------------+-----------+--------+-----+----+------+
|x|          1|         58|         29|     11048.94000|         58|00:01:00|   NA|  NA|    NA|
|x|          2|         58|         30|     11043.83500|        116|00:00:54|+0.84|0.92|0.0803|
|x|          3|         58|         30|     11055.80000|        174|00:00:48|+0.88|0.92|0.0583|
|x|          4|         58|         30|     11085.26500|        232|00:00:50|+0.87|0.90|0.0649|
|x|          5|         58|          6|     11105.39000|        290|00:00:47|+0.87|0.90|0.0705|
|x|          6|         58|         27|     11113.21333|        348|00:00:52|+0.87|0.89|0.0686|
|x|          7|         58|         15|     11110.49143|        406|00:00:51|+0.87|0.89|0.0714|
|x|          8|         58|         22|     11110.54500|        464|00:00:44|+0.86|0.88|0.0798|
|x|          9|         58|         27|     11110.27111|        522|00:00:44|+0.86|0.87|0.0831|
|-|         10|         11|         22|     11104.39700|        580|00:00:46|-0.05|0.05|0.9613|
|x|         11|         11|         22|     11101.52455|        591|00:00:19|-0.04|0.05|0.9533|
|x|         12|         11|         22|     11099.54583|        602|00:00:19|-0.03|0.05|0.9467|
|x|         13|         11|         22|     11096.53154|        613|00:00:17|-0.02|0.06|0.9362|
|x|         14|         11|         22|     11098.87429|        624|00:00:23|-0.04|0.04|0.9471|
|x|         15|         11|         22|     11095.19467|        635|00:00:18|-0.02|0.05|0.9265|
|x|         16|         11|         22|     11099.38313|        646|00:00:17|-0.01|0.05|0.9243|
|x|         17|         11|         22|     11098.70765|        657|00:00:20|-0.02|0.04|0.9253|
|x|         18|         11|         22|     11098.07722|        668|00:00:21|-0.02|0.04|0.9278|
|x|         19|         11|         22|     11102.31632|        679|00:00:17|-0.02|0.03|0.9273|
|=|         20|         11|         27|     11105.54950|        690|00:00:19|-0.02|0.03|0.9231|
|x|         21|         11|         22|     11107.57190|        701|00:00:17|-0.01|0.04|0.9160|
|x|         22|         11|         27|     11110.72045|        712|00:00:22|-0.01|0.03|0.9152|
|x|         23|         11|         52|     11117.27783|        723|00:00:18|-0.01|0.03|0.9154|
|x|         24|         11|         22|     11109.88042|        734|00:00:18|-0.01|0.03|0.9130|
|x|         25|         11|         22|     11107.42400|        745|00:00:21|-0.01|0.03|0.9144|
|x|         26|         11|         22|     11106.00000|        756|00:00:21|-0.00|0.04|0.9057|
|x|         27|         11|         22|     11110.39111|        767|00:00:14|+0.00|0.04|0.9050|
|x|         28|         11|         22|     11110.07036|        778|00:00:25|+0.01|0.05|0.8944|
|x|         29|         11|         22|     11110.39207|        789|00:00:16|+0.02|0.05|0.8919|
|=|         30|         11|         22|     11110.23300|        800|00:00:17|+0.02|0.05|0.8893|
+-+-----------+-----------+-----------+----------------+-----------+--------+-----+----+------+
Best-so-far configuration:          22    mean value:      11110.23300
Description of the best-so-far configuration:
   .ID. his_len max_attempts .PARENT.
22   22    6377          150       NA

# 2025-12-26 13:49:48 GMT: Elite configurations (first number is the configuration ID; listed from best to worst according to the sum of ranks):
   his_len max_attempts
22    6377          150
4     4530          166
27    5145          431
52    3606          439
35    4222          299
30    2683          244
24    1451          275
56    6069          252
51    8531           64
29   10071           56
# 2025-12-26 13:49:48 GMT: Iteration 2 of 3
# experimentsUsed: 800
# remainingBudget: 2700
# currentBudget: 1350
# nbConfigurations: 41
# Markers:
     x No test is performed.
     c Configurations are discarded only due to capping.
     - The test is performed and some configurations are discarded.
     = The test is performed but no configuration is discarded.
     ! The test is performed and configurations could be discarded but elite configurations are preserved.
     . All alive configurations are elite and nothing is discarded.

+-+-----------+-----------+-----------+----------------+-----------+--------+-----+----+------+
| |   Instance|      Alive|       Best|       Mean best| Exp so far|  W time|  rho|KenW|  Qvar|
+-+-----------+-----------+-----------+----------------+-----------+--------+-----+----+------+
|x|         31|         41|         75|     11014.65000|         41|00:00:38|   NA|  NA|    NA|
|x|          6|         41|         89|     11043.86500|         72|00:00:36|+0.13|0.57|0.8812|
|x|         18|         41|         89|     11026.15333|        103|00:00:31|+0.21|0.47|0.7723|
|x|         15|         41|         89|     11061.69750|        134|00:00:24|+0.03|0.27|0.9159|
|x|          2|         41|         89|     11071.65200|        165|00:00:35|+0.01|0.21|0.9426|
|x|         19|         41|         89|     11072.54500|        196|00:00:28|+0.03|0.19|0.9065|
|x|          7|         41|         89|     11071.42857|        227|00:00:32|+0.05|0.19|0.8968|
|x|         26|         41|         60|     11077.98000|        258|00:00:32|+0.08|0.19|0.8732|
|x|         23|         41|         89|     11089.22667|        289|00:00:36|+0.08|0.18|0.8796|
|-|         25|         29|         22|     11088.31500|        320|00:00:31|-0.05|0.05|1.0088|
|x|         28|         29|         22|     11089.50545|        339|00:00:22|-0.03|0.06|0.9943|
|x|          9|         29|         22|     11091.62417|        358|00:00:29|-0.03|0.05|0.9908|
|x|         24|         29|         22|     11091.31923|        377|00:00:18|-0.02|0.06|0.9856|
|x|         10|         29|         22|     11087.98786|        396|00:00:29|-0.01|0.06|0.9721|
|x|         12|         29|         22|     11087.30733|        415|00:00:23|-0.00|0.06|0.9670|
|x|          8|         29|         83|     11082.07063|        434|00:00:33|-0.01|0.06|0.9711|
|x|          5|         29|         83|     11080.13353|        453|00:00:24|-0.01|0.05|0.9749|
|x|         11|         29|         83|     11085.28889|        472|00:00:27|-0.01|0.05|0.9736|
|x|         16|         29|         83|     11086.56947|        491|00:00:28|-0.00|0.05|0.9709|
|=|          1|         29|         83|     11091.16550|        510|00:00:24|-0.01|0.04|0.9737|
|x|         14|         29|         83|     11091.31048|        529|00:00:16|-0.01|0.04|0.9726|
|x|         13|         29|         83|     11092.30364|        548|00:00:15|-0.00|0.04|0.9695|
|x|         21|         29|         83|     11091.59522|        567|00:00:15|+0.00|0.05|0.9646|
|x|         29|         29|         83|     11096.11792|        586|00:00:15|+0.00|0.04|0.9644|
|x|          4|         29|         83|     11095.70640|        605|00:00:15|+0.00|0.04|0.9645|
|x|         27|         29|         83|     11092.21192|        624|00:00:16|+0.01|0.05|0.9616|
|x|         22|         29|         83|     11090.49222|        643|00:00:15|+0.01|0.04|0.9613|
|x|          3|         29|         83|     11086.66714|        662|00:00:16|+0.00|0.04|0.9617|
|x|         30|         29|         83|     11085.37966|        681|00:00:15|+0.01|0.04|0.9592|
|=|         20|         29|         83|     11084.60800|        700|00:00:15|+0.01|0.04|0.9562|
|x|         17|         29|         83|     11081.64839|        719|00:00:16|+0.02|0.05|0.9504|
|x|         32|         29|         83|     11082.15500|        748|00:00:20|+0.02|0.05|0.9492|
|x|         33|         29|         83|     11081.86091|        777|00:00:19|+0.02|0.05|0.9465|
|x|         34|         29|         83|     11082.45529|        806|00:00:20|+0.02|0.05|0.9457|
|x|         35|         29|         83|     11083.47971|        835|00:00:19|+0.02|0.04|0.9476|
|x|         36|         29|         83|     11085.90972|        864|00:00:19|+0.01|0.04|0.9499|
|x|         37|         29|         83|     11085.68649|        893|00:00:19|+0.01|0.04|0.9532|
|x|         38|         29|         83|     11086.20711|        922|00:00:20|+0.01|0.04|0.9521|
|x|         39|         29|         83|     11084.52641|        951|00:00:20|+0.01|0.04|0.9498|
|-|         40|          3|         83|     11083.68950|        980|00:00:19|+0.02|0.05|0.6591|
+-+-----------+-----------+-----------+----------------+-----------+--------+-----+----+------+
Best-so-far configuration:          83    mean value:      11083.68950
Description of the best-so-far configuration:
   .ID. his_len max_attempts .PARENT.
83   83    4398          339       35

# 2025-12-26 14:05:32 GMT: Elite configurations (first number is the configuration ID; listed from best to worst according to the sum of ranks):
   his_len max_attempts
83    4398          339
22    6377          150
72    3103          425
# 2025-12-26 14:05:32 GMT: Iteration 3 of 3
# experimentsUsed: 1780
# remainingBudget: 1720
# currentBudget: 1720
# nbConfigurations: 36
# Markers:
     x No test is performed.
     c Configurations are discarded only due to capping.
     - The test is performed and some configurations are discarded.
     = The test is performed but no configuration is discarded.
     ! The test is performed and configurations could be discarded but elite configurations are preserved.
     . All alive configurations are elite and nothing is discarded.

+-+-----------+-----------+-----------+----------------+-----------+--------+-----+----+------+
| |   Instance|      Alive|       Best|       Mean best| Exp so far|  W time|  rho|KenW|  Qvar|
+-+-----------+-----------+-----------+----------------+-----------+--------+-----+----+------+
|x|         41|         36|         93|     11005.39000|         36|00:00:23|   NA|  NA|    NA|
|x|         22|         36|         90|     11037.97500|         69|00:00:22|+0.05|0.52|0.8262|
|x|         14|         36|         91|     11023.33667|        102|00:00:22|+0.09|0.39|0.8762|
|x|         12|         36|         91|     11022.78750|        135|00:00:23|+0.11|0.33|0.8295|
|x|         31|         36|         91|     11057.61600|        168|00:00:21|+0.09|0.27|0.8812|
|x|         39|         36|         83|     11064.22833|        201|00:00:22|+0.03|0.19|0.9570|
|x|         17|         36|         83|     11054.03286|        234|00:00:23|+0.03|0.17|0.9542|
|x|          9|         36|         83|     11054.92000|        267|00:00:21|+0.04|0.16|0.9425|
|x|         11|         36|         83|     11068.03222|        300|00:00:22|+0.04|0.14|0.9403|
|=|         24|         36|         90|     11089.96600|        333|00:00:21|+0.04|0.13|0.9388|
|x|         10|         36|         83|     11071.26455|        366|00:00:22|+0.04|0.13|0.9328|
|x|          2|         36|         90|     11083.32667|        399|00:00:22|+0.02|0.10|0.9565|
|x|         23|         36|         90|     11089.78462|        432|00:00:22|+0.02|0.10|0.9529|
|x|          6|         36|         90|     11089.94071|        465|00:00:22|+0.03|0.10|0.9519|
|x|         32|         36|        121|     11077.72467|        498|00:00:22|+0.01|0.08|0.9638|
|x|         37|         36|         83|     11085.17562|        531|00:00:22|+0.01|0.07|0.9653|
|x|         19|         36|         83|     11082.57882|        564|00:00:22|+0.00|0.06|0.9737|
|x|         16|         36|         83|     11084.08111|        597|00:00:22|-0.00|0.05|0.9735|
|x|         36|         36|         83|     11088.65368|        630|00:00:22|-0.00|0.05|0.9768|
|=|         29|         36|        116|     11096.36800|        663|00:00:22|-0.00|0.05|0.9779|
|x|         34|         36|        116|     11094.34476|        696|00:00:22|-0.00|0.05|0.9755|
|x|         33|         36|         83|     11093.59455|        729|00:00:22|+0.00|0.05|0.9742|
|x|          8|         36|         83|     11092.51870|        762|00:00:21|-0.00|0.04|0.9746|
|x|         30|         36|         83|     11090.71917|        795|00:00:21|+0.00|0.05|0.9710|
|x|         35|         36|         83|     11091.82280|        828|00:00:22|+0.00|0.04|0.9707|
|x|         26|         36|         83|     11086.98769|        861|00:00:22|+0.00|0.04|0.9695|
|x|         28|         36|         83|     11088.16852|        894|00:00:22|+0.00|0.04|0.9707|
|x|          7|         36|         83|     11086.72714|        927|00:00:22|+0.00|0.04|0.9714|
|x|          3|         36|         83|     11083.16379|        960|00:00:22|+0.00|0.04|0.9689|
|=|         18|         36|         83|     11083.02000|        993|00:00:22|+0.00|0.04|0.9697|
|x|         21|         36|         83|     11082.79387|       1026|00:00:21|+0.00|0.04|0.9696|
|x|         25|         36|         83|     11083.09156|       1059|00:00:23|+0.00|0.04|0.9689|
|x|          4|         36|         83|     11083.17455|       1092|00:00:21|+0.01|0.04|0.9670|
|x|         38|         36|         83|     11083.83029|       1125|00:00:22|+0.01|0.04|0.9656|
|x|         40|         36|         83|     11082.89371|       1158|00:00:22|+0.01|0.04|0.9648|
|x|         15|         36|         83|     11084.22444|       1191|00:00:22|+0.01|0.04|0.9616|
|x|         27|         36|         83|     11082.07919|       1224|00:00:23|+0.01|0.04|0.9584|
|x|          1|         36|         83|     11084.61632|       1257|00:00:22|+0.01|0.04|0.9620|
|x|         20|         36|         83|     11084.04231|       1290|00:00:22|+0.01|0.03|0.9637|
|=|         13|         36|         83|     11084.77025|       1323|00:00:21|+0.01|0.03|0.9648|
|x|          5|         36|         83|     11083.90122|       1356|00:00:22|+0.01|0.04|0.9613|
|x|         42|         36|         83|     11085.14524|       1392|00:00:24|+0.01|0.03|0.9617|
|x|         43|         36|         83|     11084.72581|       1428|00:00:23|+0.01|0.03|0.9615|
|x|         44|         36|         83|     11084.11318|       1464|00:00:23|+0.01|0.03|0.9593|
|x|         45|         36|         83|     11083.35111|       1500|00:00:24|+0.01|0.03|0.9600|
|x|         46|         36|         83|     11084.10261|       1536|00:00:23|+0.01|0.03|0.9620|
|x|         47|         36|         83|     11081.73128|       1572|00:00:22|+0.01|0.03|0.9623|
|x|         48|         36|         83|     11083.86667|       1608|00:00:23|+0.01|0.03|0.9629|
|x|         49|         36|         83|     11083.20490|       1644|00:00:23|+0.01|0.03|0.9620|
|-|         50|          7|         83|     11082.14840|       1680|00:00:22|-0.00|0.02|0.8510|
+-+-----------+-----------+-----------+----------------+-----------+--------+-----+----+------+
Best-so-far configuration:          83    mean value:      11082.14840
Description of the best-so-far configuration:
   .ID. his_len max_attempts .PARENT.
83   83    4398          339       35

# 2025-12-26 14:24:24 GMT: Elite configurations (first number is the configuration ID; listed from best to worst according to the sum of ranks):
    his_len max_attempts
83     4398          339
115    6529          151
116    4489          350
107    4306          341
103    3671          350
121    4450          339
117    6217          145
# 2025-12-26 14:24:24 GMT: Stopped because there is not enough budget left to race more than the minimum (10).
# You may either increase the budget or set 'minNbSurvival' to a lower value.
# Iteration: 4
# nbIterations: 4
# experimentsUsed: 3460
# timeUsed: 0
# remainingBudget: 40
# currentBudget: 40
# number of elites: 7
# nbConfigurations: 7
# Total CPU user time: 43973, CPU sys time: 2925.561, Wall-clock time: 2968.485
# Best configurations (first number is the configuration ID; listed from best to worst according to the sum of ranks):
    his_len max_attempts
83     4398          339
115    6529          151
116    4489          350
107    4306          341
103    3671          350
121    4450          339
117    6217          145
# Best configurations as commandlines (first number is the configuration ID; listed from best to worst according to the sum of ranks):
83  -his_len 4398 -max_attempts 339
115 -his_len 6529 -max_attempts 151
116 -his_len 4489 -max_attempts 350
107 -his_len 4306 -max_attempts 341
103 -his_len 3671 -max_attempts 350
121 -his_len 4450 -max_attempts 339
117 -his_len 6217 -max_attempts 145


# Testing of elite configurations: 1 
# Testing iteration configurations: FALSE 
# 2025-12-26 14:24:24 GMT: No test instances, skip testing
