Starting irace...
# 2025-12-26 13:34:56 GMT: Reading parameter file '/gpfs/home/e/exx866/IRACE-b-LAHC/all-instances-rough/M-n163-k12-s12/parameters.txt'.
# 2025-12-26 13:34:57 GMT: Read 1 configuration(s) from file '/gpfs/home/e/exx866/IRACE-b-LAHC/all-instances-rough/M-n163-k12-s12/configurations.txt'
# 2025-12-26 13:34:57 GMT: Initialization
# Elitist race
# Elitist new instances: 1
# Elitist limit: 2
# nbIterations: 3
# minNbSurvival: 10
# nbParameters: 2
# seed: 1624689198
# confidence level: 0.95
# budget: 3500
# mu: 10
# deterministic: FALSE

# 2025-12-26 13:34:57 GMT: Iteration 1 of 3
# experimentsUsed: 0
# remainingBudget: 3500
# currentBudget: 1166
# nbConfigurations: 58
# Markers:
     x No test is performed.
     c Configurations are discarded only due to capping.
     - The test is performed and some configurations are discarded.
     = The test is performed but no configuration is discarded.
     ! The test is performed and configurations could be discarded but elite configurations are preserved.
     . All alive configurations are elite and nothing is discarded.

+-+-----------+-----------+-----------+----------------+-----------+--------+-----+----+------+
| |   Instance|      Alive|       Best|       Mean best| Exp so far|  W time|  rho|KenW|  Qvar|
+-+-----------+-----------+-----------+----------------+-----------+--------+-----+----+------+
|x|          1|         58|         12|     1036.710000|         58|00:00:54|   NA|  NA|    NA|
|x|          2|         58|          8|     1037.840000|        116|00:00:42|+0.42|0.71|0.5555|
|x|          3|         58|          8|     1037.966667|        174|00:00:41|+0.57|0.71|0.4029|
|x|          4|         58|          8|     1038.150000|        232|00:00:42|+0.63|0.72|0.3390|
|x|          5|         58|         55|     1038.054000|        290|00:00:41|+0.67|0.74|0.2867|
|x|          6|         58|         55|     1038.710000|        348|00:00:40|+0.70|0.75|0.2679|
|x|          7|         58|         55|     1039.112857|        406|00:00:40|+0.72|0.76|0.2415|
|x|          8|         58|         55|     1039.147500|        464|00:00:41|+0.73|0.76|0.2283|
|x|          9|         58|         55|     1039.431111|        522|00:00:41|+0.75|0.78|0.2115|
|-|         10|         13|         55|     1039.141000|        580|00:00:40|-0.06|0.05|0.9818|
|x|         11|         13|         55|     1040.046364|        593|00:00:19|-0.06|0.03|0.9821|
|x|         12|         13|         55|     1039.985833|        606|00:00:19|-0.05|0.04|0.9745|
|x|         13|         13|          8|     1039.542308|        619|00:00:18|-0.04|0.04|0.9656|
|x|         14|         13|          8|     1039.264286|        632|00:00:19|-0.02|0.05|0.9550|
|x|         15|         13|          8|     1039.008667|        645|00:00:18|-0.02|0.05|0.9473|
|x|         16|         13|          8|     1038.821875|        658|00:00:19|-0.00|0.06|0.9334|
|x|         17|         13|          8|     1039.353529|        671|00:00:18|-0.01|0.05|0.9367|
|x|         18|         13|          8|     1039.376111|        684|00:00:18|+0.01|0.06|0.9275|
|x|         19|         13|          8|     1039.246316|        697|00:00:18|+0.01|0.07|0.9206|
|=|         20|         13|          8|     1039.339000|        710|00:00:17|+0.03|0.07|0.9077|
|x|         21|         13|          8|     1039.199524|        723|00:00:15|+0.03|0.08|0.9009|
|x|         22|         13|          8|     1039.340000|        736|00:00:15|+0.03|0.08|0.8962|
|x|         23|         13|          8|     1039.040000|        749|00:00:16|+0.03|0.08|0.8965|
|x|         24|         13|          8|     1039.011667|        762|00:00:16|+0.04|0.08|0.8948|
|x|         25|         13|          8|     1038.947600|        775|00:00:16|+0.03|0.07|0.8960|
|x|         26|         13|          8|     1039.177308|        788|00:00:16|+0.03|0.06|0.9017|
|x|         27|         13|          8|     1039.152963|        801|00:00:16|+0.03|0.07|0.8992|
|x|         28|         13|          8|     1039.101071|        814|00:00:17|+0.03|0.06|0.9045|
|x|         29|         13|          8|     1038.998966|        827|00:00:17|+0.03|0.06|0.9038|
|-|         30|          7|          8|     1038.768000|        840|00:00:16|-0.01|0.02|0.8575|
+-+-----------+-----------+-----------+----------------+-----------+--------+-----+----+------+
Best-so-far configuration:           8    mean value:      1038.768000
Description of the best-so-far configuration:
  .ID. his_len max_attempts .PARENT.
8    8    3210           11       NA

# 2025-12-26 13:47:59 GMT: Elite configurations (first number is the configuration ID; listed from best to worst according to the sum of ranks):
   his_len max_attempts
8     3210           11
37    7827           19
34    2902          394
38     439          207
22    1363           90
21    3825          277
55   18293            4
# 2025-12-26 13:47:59 GMT: Iteration 2 of 3
# experimentsUsed: 840
# remainingBudget: 2660
# currentBudget: 1330
# nbConfigurations: 38
# Markers:
     x No test is performed.
     c Configurations are discarded only due to capping.
     - The test is performed and some configurations are discarded.
     = The test is performed but no configuration is discarded.
     ! The test is performed and configurations could be discarded but elite configurations are preserved.
     . All alive configurations are elite and nothing is discarded.

+-+-----------+-----------+-----------+----------------+-----------+--------+-----+----+------+
| |   Instance|      Alive|       Best|       Mean best| Exp so far|  W time|  rho|KenW|  Qvar|
+-+-----------+-----------+-----------+----------------+-----------+--------+-----+----+------+
|x|         31|         38|         83|     1031.690000|         38|00:00:24|   NA|  NA|    NA|
|x|         22|         38|         37|     1036.455000|         69|00:00:20|+0.28|0.64|0.8071|
|x|         21|         38|         37|     1035.820000|        100|00:00:20|+0.27|0.52|0.7805|
|x|         12|         38|         21|     1036.675000|        131|00:00:20|+0.27|0.45|0.7450|
|x|          6|         38|         21|     1036.808000|        162|00:00:20|+0.22|0.38|0.8113|
|x|          3|         38|         83|     1036.538333|        193|00:00:21|+0.21|0.34|0.8016|
|x|         10|         38|         83|     1036.774286|        224|00:00:21|+0.23|0.34|0.7768|
|x|          7|         38|         83|     1036.568750|        255|00:00:21|+0.20|0.30|0.7877|
|x|         20|         38|         83|     1036.462222|        286|00:00:21|+0.19|0.28|0.7955|
|-|         24|         13|         83|     1036.855000|        317|00:00:23|-0.02|0.08|0.9466|
|x|         30|         13|         83|     1036.549091|        323|00:00:17|+0.00|0.09|0.9226|
|x|         11|         13|         83|     1037.196667|        329|00:00:17|+0.00|0.09|0.9192|
|x|         14|         13|         83|     1037.623846|        335|00:00:17|+0.01|0.08|0.9109|
|x|         26|         13|         83|     1037.951429|        341|00:00:17|-0.00|0.07|0.9172|
|x|          1|         13|         83|     1038.061333|        347|00:00:16|-0.01|0.06|0.9232|
|x|         27|         13|         83|     1038.086250|        353|00:00:17|-0.01|0.05|0.9269|
|x|         16|         13|         83|     1037.882353|        359|00:00:17|-0.00|0.06|0.9146|
|x|         18|         13|         83|     1038.319444|        365|00:00:17|+0.00|0.06|0.9150|
|x|         17|         13|         83|     1038.448947|        371|00:00:16|-0.01|0.05|0.9218|
|=|          4|         13|         83|     1038.571000|        377|00:00:17|-0.01|0.04|0.9219|
|x|         28|         13|         83|     1038.585238|        383|00:00:17|-0.00|0.04|0.9196|
|x|          8|         13|         83|     1038.445909|        389|00:00:17|-0.01|0.04|0.9211|
|x|          2|         13|         83|     1038.755217|        395|00:00:17|-0.01|0.03|0.9260|
|x|         23|         13|         83|     1038.795417|        401|00:00:17|-0.01|0.03|0.9211|
|x|         19|         13|         83|     1038.884000|        407|00:00:16|-0.01|0.03|0.9233|
|x|          5|         13|         83|     1038.979615|        413|00:00:16|-0.01|0.03|0.9298|
|x|         29|         13|         83|     1039.246296|        419|00:00:16|-0.01|0.03|0.9249|
|x|         25|         13|         83|     1039.390714|        425|00:00:16|-0.01|0.03|0.9207|
|x|          9|         13|          8|     1038.953793|        431|00:00:16|-0.00|0.03|0.9196|
|=|         13|         13|          8|     1038.737667|        437|00:00:16|-0.00|0.03|0.9182|
|x|         15|         13|          8|     1038.630968|        443|00:00:17|-0.00|0.03|0.9154|
|x|         32|         13|          8|     1038.705312|        456|00:00:19|-0.01|0.03|0.9205|
|x|         33|         13|          8|     1038.720000|        469|00:00:18|-0.01|0.02|0.9216|
|x|         34|         13|          8|     1038.684412|        482|00:00:19|-0.01|0.02|0.9206|
|x|         35|         13|          8|     1038.776571|        495|00:00:19|-0.01|0.02|0.9208|
|x|         36|         13|          8|     1038.906111|        508|00:00:19|-0.01|0.02|0.9244|
|x|         37|         13|          8|     1038.882973|        521|00:00:18|-0.01|0.02|0.9269|
|x|         38|         13|          8|     1038.909474|        534|00:00:19|-0.01|0.01|0.9272|
|x|         39|         13|          8|     1038.941282|        547|00:00:19|-0.01|0.01|0.9292|
|=|         40|         13|          8|     1038.912000|        560|00:00:19|-0.01|0.01|0.9311|
|x|         41|         13|          8|     1038.774878|        573|00:00:19|-0.01|0.01|0.9284|
|x|         42|         13|          8|     1038.794048|        586|00:00:22|-0.01|0.01|0.9266|
|x|         43|         13|          8|     1038.857907|        599|00:00:22|-0.01|0.01|0.9274|
|x|         44|         13|          8|     1038.872955|        612|00:00:23|-0.01|0.01|0.9276|
|x|         45|         13|          8|     1038.878667|        625|00:00:21|-0.01|0.01|0.9280|
|x|         46|         13|          8|     1038.886087|        638|00:00:22|-0.01|0.01|0.9277|
|x|         47|         13|          8|     1038.751489|        651|00:00:22|-0.01|0.01|0.9252|
|x|         48|         13|          8|     1038.823750|        664|00:00:22|-0.01|0.01|0.9276|
|x|         49|         13|          8|     1038.852041|        677|00:00:22|-0.01|0.01|0.9272|
|=|         50|         13|          8|     1038.856600|        690|00:00:20|-0.01|0.01|0.9264|
+-+-----------+-----------+-----------+----------------+-----------+--------+-----+----+------+
Best-so-far configuration:           8    mean value:      1038.856600
Description of the best-so-far configuration:
  .ID. his_len max_attempts .PARENT.
8    8    3210           11       NA

# 2025-12-26 14:04:06 GMT: Elite configurations (first number is the configuration ID; listed from best to worst according to the sum of ranks):
   his_len max_attempts
8     3210           11
88    3209           25
68    2269           58
34    2902          394
83   18556            7
37    7827           19
38     439          207
22    1363           90
21    3825          277
75    7095           26
# 2025-12-26 14:04:06 GMT: Iteration 3 of 3
# experimentsUsed: 1530
# remainingBudget: 1970
# currentBudget: 1970
# nbConfigurations: 41
# Markers:
     x No test is performed.
     c Configurations are discarded only due to capping.
     - The test is performed and some configurations are discarded.
     = The test is performed but no configuration is discarded.
     ! The test is performed and configurations could be discarded but elite configurations are preserved.
     . All alive configurations are elite and nothing is discarded.

+-+-----------+-----------+-----------+----------------+-----------+--------+-----+----+------+
| |   Instance|      Alive|       Best|       Mean best| Exp so far|  W time|  rho|KenW|  Qvar|
+-+-----------+-----------+-----------+----------------+-----------+--------+-----+----+------+
|x|         51|         41|        112|     1032.580000|         41|00:00:15|   NA|  NA|    NA|
|x|         15|         41|        112|     1033.230000|         72|00:00:12|+0.16|0.58|0.7680|
|x|         42|         41|        111|     1036.076667|        103|00:00:11|+0.11|0.41|0.7989|
|x|          4|         41|        112|     1035.907500|        134|00:00:12|-0.06|0.21|0.9873|
|x|          3|         41|         75|     1036.732000|        165|00:00:12|-0.01|0.19|0.9300|
|x|         33|         41|        119|     1037.598333|        196|00:00:12|-0.03|0.14|0.9655|
|x|         11|         41|         75|     1037.240000|        227|00:00:11|-0.04|0.11|0.9831|
|x|         12|         41|         75|     1037.040000|        258|00:00:12|-0.03|0.09|0.9879|
|x|         39|         41|         75|     1037.693333|        289|00:00:12|-0.02|0.09|0.9777|
|=|          8|         41|         75|     1037.437000|        320|00:00:11|-0.02|0.08|0.9810|
|x|         27|         41|         75|     1037.740909|        351|00:00:12|-0.02|0.08|0.9710|
|x|         24|         41|         75|     1037.623333|        382|00:00:12|-0.02|0.07|0.9755|
|x|         46|         41|         75|     1037.943846|        413|00:00:12|-0.01|0.06|0.9753|
|x|         30|         41|        118|     1037.922857|        444|00:00:12|-0.01|0.06|0.9665|
|x|         50|         41|        118|     1037.944000|        475|00:00:11|-0.01|0.06|0.9655|
|x|         34|         41|        118|     1037.965625|        506|00:00:12|-0.00|0.06|0.9642|
|x|         37|         41|        118|     1037.922353|        537|00:00:12|-0.01|0.05|0.9706|
|x|         14|         41|        118|     1037.628333|        568|00:00:12|+0.00|0.06|0.9632|
|x|         22|         41|        118|     1038.071579|        599|00:00:12|-0.00|0.05|0.9624|
|=|          5|         41|        118|     1038.105000|        630|00:00:12|-0.01|0.04|0.9696|
|x|         47|         41|        118|     1038.043333|        661|00:00:12|-0.00|0.04|0.9646|
|x|         21|         41|        118|     1037.877727|        692|00:00:12|-0.00|0.04|0.9635|
|x|         29|         41|        118|     1037.864348|        723|00:00:12|+0.00|0.04|0.9580|
|x|         20|         41|        118|     1037.803750|        754|00:00:12|+0.00|0.04|0.9594|
|x|         18|         41|        118|     1037.777200|        785|00:00:12|+0.00|0.04|0.9563|
|x|          6|         41|        118|     1038.013077|        816|00:00:12|+0.00|0.04|0.9596|
|x|          9|         41|        118|     1038.152222|        847|00:00:12|+0.00|0.04|0.9578|
|x|         35|         41|        118|     1038.084286|        878|00:00:12|+0.01|0.04|0.9532|
|x|         44|         41|        118|     1038.302069|        909|00:00:12|+0.01|0.04|0.9529|
|=|         40|         41|        118|     1038.458333|        940|00:00:12|+0.01|0.04|0.9523|
|x|         10|         41|        118|     1038.412581|        971|00:00:12|+0.01|0.04|0.9542|
|x|         38|         41|        118|     1038.649062|       1002|00:00:12|+0.01|0.04|0.9522|
|x|         13|         41|        118|     1039.043636|       1033|00:00:12|+0.01|0.04|0.9521|
|x|         43|         41|        118|     1038.996765|       1064|00:00:12|+0.01|0.04|0.9518|
|x|         19|         41|          8|     1038.646286|       1095|00:00:12|+0.01|0.04|0.9515|
|x|         36|         41|        118|     1039.096389|       1126|00:00:12|+0.01|0.04|0.9496|
|x|         45|         41|        118|     1039.029459|       1157|00:00:12|+0.01|0.04|0.9471|
|x|         32|         41|        118|     1038.856053|       1188|00:00:12|+0.02|0.04|0.9471|
|x|         48|         41|        118|     1038.824615|       1219|00:00:12|+0.02|0.04|0.9481|
|-|         25|         26|        118|     1038.771750|       1250|00:00:12|-0.01|0.02|0.9653|
|x|         28|         26|        118|     1038.971463|       1266|00:00:08|-0.01|0.02|0.9650|
|x|         31|         26|        118|     1038.882143|       1282|00:00:08|-0.01|0.02|0.9671|
|x|          7|         26|        118|     1039.149767|       1298|00:00:08|-0.01|0.01|0.9676|
|x|         16|         26|        118|     1039.118864|       1314|00:00:08|-0.01|0.02|0.9658|
|x|         23|         26|        118|     1039.290222|       1330|00:00:08|-0.01|0.02|0.9649|
|x|         41|         26|        118|     1039.243043|       1346|00:00:08|-0.01|0.02|0.9638|
|x|         26|         26|          8|     1038.654894|       1362|00:00:08|-0.01|0.02|0.9647|
|x|         17|         26|        118|     1039.480833|       1378|00:00:08|-0.01|0.01|0.9652|
|x|          2|         26|        118|     1039.355714|       1394|00:00:08|-0.01|0.01|0.9644|
|=|          1|         26|        118|     1039.281400|       1410|00:00:08|-0.01|0.02|0.9639|
|x|         49|         26|        118|     1039.372353|       1426|00:00:08|-0.01|0.01|0.9649|
|x|         52|         26|        118|     1039.387115|       1452|00:00:10|-0.01|0.01|0.9641|
|x|         53|         26|        118|     1039.324528|       1478|00:00:11|-0.00|0.01|0.9635|
|x|         54|         26|        118|     1039.257222|       1504|00:00:11|-0.00|0.02|0.9614|
|x|         55|         26|        118|     1039.287273|       1530|00:00:11|-0.00|0.02|0.9589|
|x|         56|         26|        118|     1039.259643|       1556|00:00:11|+0.00|0.02|0.9579|
|x|         57|         26|        118|     1039.207018|       1582|00:00:10|+0.00|0.02|0.9559|
|x|         58|         26|        118|     1039.135690|       1608|00:00:10|+0.00|0.02|0.9531|
|x|         59|         26|          8|     1038.564237|       1634|00:00:10|+0.00|0.02|0.9533|
|=|         60|         26|          8|     1038.630667|       1660|00:00:10|+0.01|0.02|0.9522|
|x|         61|         26|        118|     1039.253607|       1686|00:00:10|+0.00|0.02|0.9539|
|x|         62|         26|        118|     1039.300806|       1712|00:00:10|+0.00|0.02|0.9530|
|x|         63|         26|        118|     1039.400317|       1738|00:00:10|+0.00|0.02|0.9531|
|x|         64|         26|          8|     1038.666875|       1764|00:00:11|+0.00|0.02|0.9515|
|x|         65|         26|        118|     1039.374462|       1790|00:00:10|+0.00|0.02|0.9522|
|x|         66|         26|        118|     1039.358182|       1816|00:00:10|+0.00|0.02|0.9522|
|x|         67|         26|          8|     1038.800448|       1842|00:00:11|+0.00|0.02|0.9525|
|x|         68|         26|          8|     1038.940882|       1868|00:00:10|+0.00|0.02|0.9530|
|x|         69|         26|          8|     1038.888551|       1894|00:00:10|+0.00|0.02|0.9520|
|=|         70|         26|          8|     1038.923286|       1920|00:00:10|+0.00|0.02|0.9515|
+-+-----------+-----------+-----------+----------------+-----------+--------+-----+----+------+
Best-so-far configuration:           8    mean value:      1038.923286
Description of the best-so-far configuration:
  .ID. his_len max_attempts .PARENT.
8    8    3210           11       NA

# 2025-12-26 14:17:19 GMT: Elite configurations (first number is the configuration ID; listed from best to worst according to the sum of ranks):
    his_len max_attempts
8      3210           11
118   17946            6
113    3058            8
96     2366           67
94     3331           24
120    3102           33
119    2546            7
92     3133           24
90     1254           72
109    3051           10
# 2025-12-26 14:17:19 GMT: Stopped because there is not enough budget left to race more than the minimum (10).
# You may either increase the budget or set 'minNbSurvival' to a lower value.
# Iteration: 4
# nbIterations: 4
# experimentsUsed: 3450
# timeUsed: 0
# remainingBudget: 50
# currentBudget: 50
# number of elites: 10
# nbConfigurations: 10
# Total CPU user time: 17251.19, CPU sys time: 3145.343, Wall-clock time: 2542.448
# Best configurations (first number is the configuration ID; listed from best to worst according to the sum of ranks):
    his_len max_attempts
8      3210           11
118   17946            6
113    3058            8
96     2366           67
94     3331           24
120    3102           33
119    2546            7
92     3133           24
90     1254           72
109    3051           10
# Best configurations as commandlines (first number is the configuration ID; listed from best to worst according to the sum of ranks):
8   -his_len 3210 -max_attempts 11
118 -his_len 17946 -max_attempts 6
113 -his_len 3058 -max_attempts 8
96  -his_len 2366 -max_attempts 67
94  -his_len 3331 -max_attempts 24
120 -his_len 3102 -max_attempts 33
119 -his_len 2546 -max_attempts 7
92  -his_len 3133 -max_attempts 24
90  -his_len 1254 -max_attempts 72
109 -his_len 3051 -max_attempts 10


# Testing of elite configurations: 1 
# Testing iteration configurations: FALSE 
# 2025-12-26 14:17:19 GMT: No test instances, skip testing
