Starting irace...
# 2025-12-26 13:34:56 GMT: Reading parameter file '/gpfs/home/e/exx866/IRACE-b-LAHC/all-instances-rough/X-n147-k7-s4/parameters.txt'.
# 2025-12-26 13:34:56 GMT: Read 1 configuration(s) from file '/gpfs/home/e/exx866/IRACE-b-LAHC/all-instances-rough/X-n147-k7-s4/configurations.txt'
# 2025-12-26 13:34:57 GMT: Initialization
# Elitist race
# Elitist new instances: 1
# Elitist limit: 2
# nbIterations: 3
# minNbSurvival: 10
# nbParameters: 2
# seed: 416444631
# confidence level: 0.95
# budget: 3500
# mu: 10
# deterministic: FALSE

# 2025-12-26 13:34:57 GMT: Iteration 1 of 3
# experimentsUsed: 0
# remainingBudget: 3500
# currentBudget: 1166
# nbConfigurations: 58
# Markers:
     x No test is performed.
     c Configurations are discarded only due to capping.
     - The test is performed and some configurations are discarded.
     = The test is performed but no configuration is discarded.
     ! The test is performed and configurations could be discarded but elite configurations are preserved.
     . All alive configurations are elite and nothing is discarded.

+-+-----------+-----------+-----------+----------------+-----------+--------+-----+----+------+
| |   Instance|      Alive|       Best|       Mean best| Exp so far|  W time|  rho|KenW|  Qvar|
+-+-----------+-----------+-----------+----------------+-----------+--------+-----+----+------+
|x|          1|         58|         17|     15835.77000|         58|00:00:36|   NA|  NA|    NA|
|x|          2|         58|         32|     15816.41000|        116|00:00:35|+0.96|0.98|0.0355|
|x|          3|         58|         32|     15854.06000|        174|00:00:28|+0.97|0.98|0.0282|
|x|          4|         58|         32|     15846.99750|        232|00:00:35|+0.97|0.98|0.0247|
|x|          5|         58|         32|     15875.47600|        290|00:00:30|+0.96|0.97|0.0270|
|x|          6|         58|         32|     15874.93167|        348|00:00:29|+0.96|0.97|0.0276|
|x|          7|         58|         32|     15905.89857|        406|00:00:38|+0.95|0.96|0.0382|
|x|          8|         58|         32|     15903.82750|        464|00:00:26|+0.95|0.96|0.0353|
|x|          9|         58|         32|     15892.58000|        522|00:00:27|+0.95|0.96|0.0335|
|-|         10|          9|         10|     15945.10800|        580|00:00:35|+0.00|0.10|0.8821|
+-+-----------+-----------+-----------+----------------+-----------+--------+-----+----+------+
Best configuration for the instances in this race: 10
Best-so-far configuration:          32    mean value:      15911.71200
Description of the best-so-far configuration:
   .ID. his_len max_attempts .PARENT.
32   32    3798          143       NA

# 2025-12-26 13:40:20 GMT: Elite configurations (first number is the configuration ID; listed from best to worst according to the sum of ranks):
   his_len max_attempts
32    3798          143
10    4414           96
57   13341           10
1     5723           60
17    1951          283
34    1643          182
53    1028           72
8      720          190
26    6261           80
# 2025-12-26 13:40:20 GMT: Iteration 2 of 3
# experimentsUsed: 580
# remainingBudget: 2920
# currentBudget: 1460
# nbConfigurations: 51
# Markers:
     x No test is performed.
     c Configurations are discarded only due to capping.
     - The test is performed and some configurations are discarded.
     = The test is performed but no configuration is discarded.
     ! The test is performed and configurations could be discarded but elite configurations are preserved.
     . All alive configurations are elite and nothing is discarded.

+-+-----------+-----------+-----------+----------------+-----------+--------+-----+----+------+
| |   Instance|      Alive|       Best|       Mean best| Exp so far|  W time|  rho|KenW|  Qvar|
+-+-----------+-----------+-----------+----------------+-----------+--------+-----+----+------+
|x|         11|         51|         64|     15827.98000|         51|00:00:25|   NA|  NA|    NA|
|x|         10|         51|         67|     15927.71500|         93|00:00:32|+0.20|0.60|0.3840|
|x|          4|         51|         84|     15922.97333|        135|00:00:24|+0.23|0.49|0.3621|
|x|          3|         51|         73|     15930.98500|        177|00:00:22|+0.25|0.44|0.3683|
|x|          8|         51|         73|     15926.80800|        219|00:00:25|+0.30|0.44|0.3390|
|x|          1|         51|         95|     15918.81000|        261|00:00:21|+0.29|0.40|0.3513|
|x|          9|         51|         32|     15931.08571|        303|00:00:25|+0.28|0.38|0.3470|
|x|          7|         51|         87|     15920.01875|        345|00:00:14|+0.23|0.33|0.4086|
|x|          5|         51|         87|     15924.89222|        387|00:00:12|+0.24|0.33|0.4231|
|-|          6|         35|         80|     15955.62900|        429|00:00:13|-0.06|0.05|1.0240|
|x|          2|         35|         32|     15932.06455|        455|00:00:10|-0.05|0.04|1.0089|
|x|         12|         35|         80|     15947.87167|        490|00:00:13|-0.03|0.05|0.9978|
|x|         13|         35|         80|     15946.35462|        525|00:00:11|-0.02|0.05|0.9951|
|x|         14|         35|         10|     15949.19429|        560|00:00:13|-0.03|0.04|0.9887|
|x|         15|         35|         10|     15947.30733|        595|00:00:11|-0.02|0.05|0.9836|
|x|         16|         35|         10|     15945.67562|        630|00:00:12|-0.02|0.04|0.9903|
|x|         17|         35|         10|     15949.28706|        665|00:00:10|-0.02|0.04|0.9879|
|x|         18|         35|         10|     15954.62944|        700|00:00:12|-0.02|0.04|0.9906|
|x|         19|         35|         10|     15955.73053|        735|00:00:12|-0.01|0.04|0.9865|
|=|         20|         35|         10|     15955.36000|        770|00:00:10|-0.01|0.04|0.9835|
|x|         21|         35|         10|     15953.63571|        805|00:00:12|-0.01|0.04|0.9806|
|x|         22|         35|         10|     15952.16727|        840|00:00:10|-0.01|0.04|0.9776|
|x|         23|         35|         10|     15950.33609|        875|00:00:12|-0.01|0.04|0.9720|
|x|         24|         35|         10|     15948.70167|        910|00:00:12|+0.00|0.04|0.9667|
|x|         25|         35|         10|     15958.98520|        945|00:00:12|-0.00|0.04|0.9704|
|x|         26|         35|         10|     15966.50115|        980|00:00:10|-0.01|0.03|0.9732|
|x|         27|         35|         10|     15970.61185|       1015|00:00:13|-0.01|0.03|0.9738|
|x|         28|         35|         32|     15958.22357|       1050|00:00:11|-0.00|0.03|0.9725|
|x|         29|         35|         32|     15958.41621|       1085|00:00:12|+0.00|0.03|0.9704|
|=|         30|         35|         10|     15968.07267|       1120|00:00:11|-0.00|0.03|0.9743|
+-+-----------+-----------+-----------+----------------+-----------+--------+-----+----+------+
Best-so-far configuration:          10    mean value:      15968.07267
Description of the best-so-far configuration:
   .ID. his_len max_attempts .PARENT.
10   10    4414           96       NA

# 2025-12-26 13:47:56 GMT: Elite configurations (first number is the configuration ID; listed from best to worst according to the sum of ranks):
   his_len max_attempts
10    4414           96
8      720          190
32    3798          143
64    4120          104
98    3493          180
66    5583           74
68    4506          129
77    4429           59
57   13341           10
80     726          103
# 2025-12-26 13:47:56 GMT: Iteration 3 of 3
# experimentsUsed: 1700
# remainingBudget: 1800
# currentBudget: 1800
# nbConfigurations: 52
# Markers:
     x No test is performed.
     c Configurations are discarded only due to capping.
     - The test is performed and some configurations are discarded.
     = The test is performed but no configuration is discarded.
     ! The test is performed and configurations could be discarded but elite configurations are preserved.
     . All alive configurations are elite and nothing is discarded.

+-+-----------+-----------+-----------+----------------+-----------+--------+-----+----+------+
| |   Instance|      Alive|       Best|       Mean best| Exp so far|  W time|  rho|KenW|  Qvar|
+-+-----------+-----------+-----------+----------------+-----------+--------+-----+----+------+
|x|         31|         52|        110|     15747.60000|         52|00:00:16|   NA|  NA|    NA|
|x|         30|         52|         10|     15877.26000|         94|00:00:14|+0.18|0.59|0.7385|
|x|         23|         52|        108|     15857.78667|        136|00:00:13|+0.05|0.36|0.8833|
|x|         15|         52|         98|     15875.94750|        178|00:00:14|+0.04|0.28|0.8740|
|x|          9|         52|         10|     15901.60800|        220|00:00:13|+0.04|0.23|0.9228|
|x|          3|         52|         10|     15912.07333|        262|00:00:15|+0.04|0.20|0.9401|
|x|         14|         52|         10|     15914.39429|        304|00:00:12|+0.01|0.15|0.9708|
|x|         16|         52|         10|     15915.24500|        346|00:00:16|+0.00|0.13|0.9774|
|x|         18|         52|        108|     15891.89667|        388|00:00:17|-0.00|0.11|0.9772|
|=|          6|         52|         98|     15905.29800|        430|00:00:23|+0.01|0.10|0.9772|
|x|         10|         52|         98|     15912.27818|        472|00:00:15|-0.01|0.09|0.9909|
|x|         29|         52|         98|     15911.00667|        514|00:00:22|+0.00|0.09|0.9824|
|x|         22|         52|         98|     15904.13846|        556|00:00:20|+0.01|0.09|0.9703|
|x|         25|         52|         98|     15924.47071|        598|00:00:17|+0.01|0.08|0.9692|
|x|         13|         52|         98|     15929.85600|        640|00:00:19|+0.01|0.08|0.9734|
|x|          7|         52|         10|     15948.32438|        682|00:00:13|+0.01|0.07|0.9779|
|x|         19|         52|        108|     15939.42412|        724|00:00:20|+0.00|0.06|0.9872|
|x|         28|         52|        108|     15940.46556|        766|00:00:18|+0.00|0.06|0.9880|
|x|         12|         52|        130|     15953.06632|        808|00:00:17|+0.00|0.05|0.9893|
|=|          8|         52|         10|     15952.82800|        850|00:00:17|-0.00|0.05|0.9918|
|x|         20|         52|         10|     15952.61333|        892|00:00:17|-0.00|0.04|0.9940|
|x|          2|         52|         10|     15949.98409|        934|00:00:21|+0.00|0.05|0.9883|
|x|         11|         52|          8|     15952.22217|        976|00:00:14|+0.00|0.04|0.9865|
|x|         24|         52|         10|     15955.91792|       1018|00:00:21|+0.00|0.04|0.9846|
|x|          5|         52|         10|     15954.41640|       1060|00:00:20|+0.00|0.04|0.9843|
|x|         17|         52|         10|     15956.44154|       1102|00:00:16|+0.00|0.04|0.9845|
|x|          1|         52|         10|     15955.63370|       1144|00:00:16|-0.00|0.04|0.9846|
|x|         21|         52|         10|     15954.33071|       1186|00:00:14|-0.00|0.04|0.9833|
|x|         26|         52|         10|     15961.22966|       1228|00:00:17|+0.00|0.04|0.9821|
|=|          4|         52|         10|     15960.69533|       1270|00:00:15|+0.00|0.04|0.9811|
|x|         27|         52|         10|     15964.46290|       1312|00:00:14|+0.00|0.04|0.9796|
|x|         32|         52|         10|     15965.55781|       1364|00:00:19|+0.01|0.04|0.9762|
|x|         33|         52|        130|     15955.63242|       1416|00:00:19|+0.01|0.04|0.9760|
|x|         34|         52|         10|     15969.19529|       1468|00:00:19|+0.00|0.03|0.9774|
|x|         35|         52|         10|     15970.53143|       1520|00:00:19|+0.00|0.03|0.9763|
|x|         36|         52|         10|     15970.95333|       1572|00:00:19|+0.00|0.03|0.9765|
|x|         37|         52|         10|     15970.88676|       1624|00:00:18|+0.00|0.03|0.9759|
|x|         38|         52|        130|     15955.55711|       1676|00:00:18|+0.00|0.03|0.9760|
|x|         39|         52|        130|     15951.89564|       1728|00:00:19|+0.00|0.03|0.9768|
|=|         40|         52|        130|     15952.43400|       1780|00:00:16|+0.00|0.03|0.9778|
+-+-----------+-----------+-----------+----------------+-----------+--------+-----+----+------+
Best-so-far configuration:         130    mean value:      15952.43400
Description of the best-so-far configuration:
    .ID. his_len max_attempts .PARENT.
130  130    5455           77       66

# 2025-12-26 13:59:39 GMT: Elite configurations (first number is the configuration ID; listed from best to worst according to the sum of ranks):
    his_len max_attempts
130    5455           77
10     4414           96
142    4421           95
121    4075           87
104    4045          144
64     4120          104
109    3564          141
32     3798          143
98     3493          180
66     5583           74
# 2025-12-26 13:59:39 GMT: Stopped because there is not enough budget left to race more than the minimum (10).
# You may either increase the budget or set 'minNbSurvival' to a lower value.
# Iteration: 4
# nbIterations: 4
# experimentsUsed: 3480
# timeUsed: 0
# remainingBudget: 20
# currentBudget: 20
# number of elites: 10
# nbConfigurations: 10
# Total CPU user time: 14561.79, CPU sys time: 3256.354, Wall-clock time: 1482.73
# Best configurations (first number is the configuration ID; listed from best to worst according to the sum of ranks):
    his_len max_attempts
130    5455           77
10     4414           96
142    4421           95
121    4075           87
104    4045          144
64     4120          104
109    3564          141
32     3798          143
98     3493          180
66     5583           74
# Best configurations as commandlines (first number is the configuration ID; listed from best to worst according to the sum of ranks):
130 -his_len 5455 -max_attempts 77
10  -his_len 4414 -max_attempts 96
142 -his_len 4421 -max_attempts 95
121 -his_len 4075 -max_attempts 87
104 -his_len 4045 -max_attempts 144
64  -his_len 4120 -max_attempts 104
109 -his_len 3564 -max_attempts 141
32  -his_len 3798 -max_attempts 143
98  -his_len 3493 -max_attempts 180
66  -his_len 5583 -max_attempts 74


# Testing of elite configurations: 1 
# Testing iteration configurations: FALSE 
# 2025-12-26 13:59:39 GMT: No test instances, skip testing
