Starting irace...
# 2025-12-26 13:34:57 GMT: Reading parameter file '/gpfs/home/e/exx866/IRACE-b-LAHC/all-instances-rough/E-n37-k4-s4/parameters.txt'.
# 2025-12-26 13:34:57 GMT: Read 1 configuration(s) from file '/gpfs/home/e/exx866/IRACE-b-LAHC/all-instances-rough/E-n37-k4-s4/configurations.txt'
# 2025-12-26 13:34:58 GMT: Initialization
# Elitist race
# Elitist new instances: 1
# Elitist limit: 2
# nbIterations: 3
# minNbSurvival: 10
# nbParameters: 2
# seed: 240623797
# confidence level: 0.95
# budget: 3500
# mu: 10
# deterministic: FALSE

# 2025-12-26 13:34:58 GMT: Iteration 1 of 3
# experimentsUsed: 0
# remainingBudget: 3500
# currentBudget: 1166
# nbConfigurations: 58
# Markers:
     x No test is performed.
     c Configurations are discarded only due to capping.
     - The test is performed and some configurations are discarded.
     = The test is performed but no configuration is discarded.
     ! The test is performed and configurations could be discarded but elite configurations are preserved.
     . All alive configurations are elite and nothing is discarded.

+-+-----------+-----------+-----------+----------------+-----------+--------+-----+----+------+
| |   Instance|      Alive|       Best|       Mean best| Exp so far|  W time|  rho|KenW|  Qvar|
+-+-----------+-----------+-----------+----------------+-----------+--------+-----+----+------+
|x|          1|         58|          6|     845.7200000|         58|00:00:55|   NA|  NA|    NA|
|x|          2|         58|          6|     845.7200000|        116|00:00:43|+0.61|0.81|0.5826|
|x|          3|         58|          6|     845.7200000|        174|00:00:44|+0.52|0.68|0.7389|
|x|          4|         58|          6|     845.7200000|        232|00:00:44|+0.53|0.65|0.7471|
|x|          5|         58|          6|     845.7200000|        290|00:00:44|+0.50|0.60|0.7270|
|x|          6|         58|          6|     845.7200000|        348|00:00:43|+0.53|0.61|0.6715|
|x|          7|         58|          6|     845.7200000|        406|00:00:43|+0.51|0.58|0.6890|
|x|          8|         58|          6|     845.7200000|        464|00:00:43|+0.47|0.53|0.7666|
|x|          9|         58|          6|     845.7200000|        522|00:00:43|+0.41|0.48|0.7054|
|-|         10|         21|          6|     845.7200000|        580|00:00:39|+0.04|0.14|0.8612|
|x|         11|         21|         56|     845.7200000|        601|00:00:16|+0.08|0.16|0.8442|
|x|         12|         21|         56|     845.7200000|        622|00:00:16|+0.12|0.19|0.8287|
|x|         13|         21|         56|     845.7200000|        643|00:00:16|+0.16|0.22|0.8073|
|x|         14|         21|         56|     845.7200000|        664|00:00:16|+0.13|0.19|0.8216|
|x|         15|         21|         56|     845.7200000|        685|00:00:16|+0.12|0.17|0.8244|
|x|         16|         21|         56|     845.7200000|        706|00:00:16|+0.14|0.19|0.8107|
|x|         17|         21|         56|     845.7200000|        727|00:00:16|+0.13|0.18|0.8144|
|x|         18|         21|         56|     845.7200000|        748|00:00:16|+0.13|0.18|0.8198|
|x|         19|         21|         56|     845.7200000|        769|00:00:16|+0.15|0.20|0.8133|
|-|         20|          9|         56|     845.7200000|        790|00:00:15|+0.01|0.06|0.5934|
+-+-----------+-----------+-----------+----------------+-----------+--------+-----+----+------+
Best-so-far configuration:          56    mean value:      845.7200000
Description of the best-so-far configuration:
   .ID. his_len max_attempts .PARENT.
56   56    8897           43       NA

# 2025-12-26 13:45:06 GMT: Elite configurations (first number is the configuration ID; listed from best to worst according to the sum of ranks):
   his_len max_attempts
56    8897           43
6     6742            4
23   17209           20
39    5819          121
29    3664           51
1     5723           60
45    2125           28
10    3049          285
19    9821           82
# 2025-12-26 13:45:06 GMT: Iteration 2 of 3
# experimentsUsed: 790
# remainingBudget: 2710
# currentBudget: 1355
# nbConfigurations: 51
# Markers:
     x No test is performed.
     c Configurations are discarded only due to capping.
     - The test is performed and some configurations are discarded.
     = The test is performed but no configuration is discarded.
     ! The test is performed and configurations could be discarded but elite configurations are preserved.
     . All alive configurations are elite and nothing is discarded.

+-+-----------+-----------+-----------+----------------+-----------+--------+-----+----+------+
| |   Instance|      Alive|       Best|       Mean best| Exp so far|  W time|  rho|KenW|  Qvar|
+-+-----------+-----------+-----------+----------------+-----------+--------+-----+----+------+
|x|         21|         51|          6|     845.7200000|         51|00:00:26|   NA|  NA|    NA|
|x|         17|         51|          6|     845.7200000|         93|00:00:22|+0.22|0.61|0.9830|
|x|          7|         51|          6|     845.7200000|        135|00:00:22|+0.11|0.41|1.0115|
|x|         18|         51|         23|     845.7200000|        177|00:00:23|+0.05|0.29|1.0117|
|x|         12|         51|         29|     845.7200000|        219|00:00:23|+0.08|0.27|0.9812|
|x|         10|         51|         29|     845.7200000|        261|00:00:22|+0.06|0.22|0.9728|
|x|         19|         51|         29|     845.7200000|        303|00:00:22|+0.11|0.24|0.9496|
|x|         20|         51|         29|     845.7200000|        345|00:00:22|+0.10|0.21|0.9523|
|x|          4|         51|          1|     845.7200000|        387|00:00:25|+0.09|0.19|0.9702|
|-|          3|         40|          1|     845.7200000|        429|00:00:27|-0.03|0.07|1.0079|
|x|         15|         40|          1|     845.7200000|        460|00:00:19|-0.02|0.08|1.0091|
|x|          6|         40|         61|     845.7200000|        491|00:00:19|-0.00|0.08|0.9944|
|x|         13|         40|         61|     845.7200000|        522|00:00:20|+0.00|0.08|0.9894|
|x|          1|         40|         61|     845.7200000|        553|00:00:19|+0.01|0.08|0.9888|
|x|          8|         40|         61|     845.7200000|        584|00:00:19|-0.00|0.07|0.9918|
|x|          9|         40|         61|     845.7200000|        615|00:00:19|-0.00|0.06|0.9288|
|x|          5|         40|         61|     845.7200000|        646|00:00:20|+0.00|0.06|0.9280|
|x|         11|         40|         61|     845.7200000|        677|00:00:20|+0.01|0.06|0.9275|
|x|          2|         40|         56|     845.7215789|        708|00:00:20|+0.00|0.06|0.9358|
|=|         14|         40|         56|     845.7215000|        739|00:00:20|+0.00|0.05|0.9386|
|x|         16|         40|         56|     845.7214286|        770|00:00:19|+0.01|0.06|0.9372|
|x|         22|         40|         56|     845.7213636|        810|00:00:24|+0.02|0.06|0.9359|
|x|         23|         40|         56|     845.7213043|        850|00:00:25|+0.02|0.06|0.9385|
|x|         24|         40|         61|     845.7212500|        890|00:00:23|+0.02|0.06|0.9378|
|x|         25|         40|         61|     845.7212000|        930|00:00:24|+0.02|0.06|0.9368|
|x|         26|         40|         61|     845.7211538|        970|00:00:24|+0.03|0.06|0.9381|
|x|         27|         40|         61|     845.7211111|       1010|00:00:24|+0.04|0.07|0.9364|
|x|         28|         40|         61|     845.7210714|       1050|00:00:23|+0.03|0.07|0.9410|
|x|         29|         40|         61|     845.7210345|       1090|00:00:22|+0.03|0.07|0.9416|
|-|         30|         26|         61|     845.7210000|       1130|00:00:23|-0.01|0.02|0.9340|
+-+-----------+-----------+-----------+----------------+-----------+--------+-----+----+------+
Best-so-far configuration:          61    mean value:      845.7210000
Description of the best-so-far configuration:
   .ID. his_len max_attempts .PARENT.
61   61    6181           58        1

# 2025-12-26 13:56:22 GMT: Elite configurations (first number is the configuration ID; listed from best to worst according to the sum of ranks):
   his_len max_attempts
61    6181           58
85    5339            3
84    4261          105
6     6742            4
75    9278           46
73    9295           31
91    6055           10
23   17209           20
96   10030           31
29    3664           51
# 2025-12-26 13:56:22 GMT: Iteration 3 of 3
# experimentsUsed: 1920
# remainingBudget: 1580
# currentBudget: 1580
# nbConfigurations: 47
# Markers:
     x No test is performed.
     c Configurations are discarded only due to capping.
     - The test is performed and some configurations are discarded.
     = The test is performed but no configuration is discarded.
     ! The test is performed and configurations could be discarded but elite configurations are preserved.
     . All alive configurations are elite and nothing is discarded.

+-+-----------+-----------+-----------+----------------+-----------+--------+-----+----+------+
| |   Instance|      Alive|       Best|       Mean best| Exp so far|  W time|  rho|KenW|  Qvar|
+-+-----------+-----------+-----------+----------------+-----------+--------+-----+----+------+
|x|         31|         47|         61|     845.7200000|         47|00:00:26|   NA|  NA|    NA|
|x|         28|         47|         61|     845.7200000|         84|00:00:22|-0.19|0.41|1.0793|
|x|         15|         47|         61|     845.7200000|        121|00:00:22|-0.08|0.28|1.0441|
|x|          3|         47|         61|     845.7200000|        158|00:00:22|-0.05|0.21|1.0370|
|x|         12|         47|         61|     845.7200000|        195|00:00:22|-0.01|0.19|0.9994|
|x|         27|         47|         61|     845.7200000|        232|00:00:22|+0.03|0.19|0.9318|
|x|         13|         47|         61|     845.7200000|        269|00:00:21|+0.02|0.16|0.9473|
|x|         10|         47|         61|     845.7200000|        306|00:00:20|+0.02|0.14|0.9514|
|x|          4|         47|         61|     845.7200000|        343|00:00:23|+0.01|0.12|0.9461|
|=|          1|         47|         61|     845.7200000|        380|00:00:23|+0.00|0.10|0.9657|
|x|          5|         47|         61|     845.7200000|        417|00:00:23|-0.00|0.09|0.9799|
|x|         30|         47|         61|     845.7200000|        454|00:00:23|-0.00|0.08|0.9617|
|x|         26|         47|         61|     845.7200000|        491|00:00:24|-0.00|0.07|0.9656|
|x|         29|         47|         61|     845.7200000|        528|00:00:23|-0.00|0.07|0.9643|
|x|         25|         47|         61|     845.7200000|        565|00:00:23|+0.01|0.07|0.9644|
|x|         14|         47|         61|     845.7200000|        602|00:00:23|+0.01|0.08|0.9612|
|x|         20|         47|         61|     845.7200000|        639|00:00:23|+0.01|0.07|0.9678|
|x|          9|         47|         61|     845.7200000|        676|00:00:23|+0.01|0.07|0.9147|
|x|         22|         47|         61|     845.7200000|        713|00:00:21|+0.02|0.07|0.9159|
|-|         24|         36|         61|     845.7200000|        750|00:00:21|-0.02|0.03|0.9440|
|x|         16|         36|         61|     845.7200000|        776|00:00:17|-0.02|0.03|0.9465|
|x|          2|         36|          6|     845.7213636|        802|00:00:16|-0.02|0.03|0.9510|
|x|          7|         36|          6|     845.7213043|        828|00:00:17|-0.02|0.03|0.9498|
|x|          8|         36|          6|     845.7212500|        854|00:00:16|-0.02|0.03|0.9487|
|x|         21|         36|          6|     845.7212000|        880|00:00:16|-0.01|0.03|0.9473|
|x|         18|         36|         61|     845.7211538|        906|00:00:17|-0.02|0.02|0.9487|
|x|         11|         36|         61|     845.7211111|        932|00:00:16|-0.01|0.02|0.9503|
|x|         19|         36|         61|     845.7210714|        958|00:00:16|-0.01|0.03|0.9488|
|x|          6|         36|         61|     845.7210345|        984|00:00:16|-0.00|0.03|0.9453|
|=|         23|         36|         61|     845.7210000|       1010|00:00:17|-0.00|0.03|0.9469|
|x|         17|         36|         61|     845.7209677|       1036|00:00:16|-0.00|0.03|0.9446|
|x|         32|         36|         61|     845.7209375|       1072|00:00:21|+0.01|0.04|0.9463|
|x|         33|         36|        137|     845.7303030|       1108|00:00:21|+0.00|0.03|0.9490|
|x|         34|         36|        137|     845.7300000|       1144|00:00:21|+0.00|0.03|0.9512|
|x|         35|         36|        137|     845.7297143|       1180|00:00:21|+0.00|0.03|0.9517|
|x|         36|         36|        137|     845.7294444|       1216|00:00:20|+0.00|0.03|0.9516|
|x|         37|         36|        137|     845.7291892|       1252|00:00:21|+0.00|0.03|0.9524|
|x|         38|         36|        137|     845.7289474|       1288|00:00:20|+0.01|0.03|0.9494|
|x|         39|         36|        137|     845.7287179|       1324|00:00:21|+0.01|0.03|0.9483|
|-|         40|         22|        137|     845.7285000|       1360|00:00:20|-0.01|0.02|0.8424|
|x|         41|         22|        137|     845.7282927|       1382|00:00:14|-0.01|0.02|0.8441|
|x|         42|         22|        137|     845.7280952|       1404|00:00:14|-0.01|0.02|0.8457|
|x|         43|         22|        137|     845.7279070|       1426|00:00:14|-0.00|0.02|0.8463|
|x|         44|         22|        137|     845.7277273|       1448|00:00:14|-0.00|0.02|0.8490|
|x|         45|         22|        137|     845.7282222|       1470|00:00:14|-0.01|0.02|0.8519|
|x|         46|         22|        137|     845.7280435|       1492|00:00:14|-0.01|0.01|0.8547|
|x|         47|         22|        137|     845.7278723|       1514|00:00:13|-0.01|0.01|0.8560|
|x|         48|         22|        137|     845.7277083|       1536|00:00:14|-0.01|0.01|0.8584|
|x|         49|         22|        137|     845.7275510|       1558|00:00:14|-0.01|0.01|0.8595|
|=|         50|         22|        122|     845.7218000|       1580|00:00:14|-0.01|0.02|0.8621|
+-+-----------+-----------+-----------+----------------+-----------+--------+-----+----+------+
Best-so-far configuration:         122    mean value:      845.7218000
Description of the best-so-far configuration:
    .ID. his_len max_attempts .PARENT.
122  122    9991           32       96

# 2025-12-26 14:12:43 GMT: Elite configurations (first number is the configuration ID; listed from best to worst according to the sum of ranks):
    his_len max_attempts
122    9991           32
137    6787           11
6      6742            4
127    5585            4
131    8918           42
110    6339            3
85     5339            3
96    10030           31
114   10342           29
125    9738           45
# 2025-12-26 14:12:43 GMT: Stopped because budget is exhausted
# Iteration: 4
# nbIterations: 3
# experimentsUsed: 3500
# timeUsed: 0
# remainingBudget: 0
# currentBudget: 1580
# number of elites: 10
# nbConfigurations: 47
# Total CPU user time: 1028.185, CPU sys time: 3694.578, Wall-clock time: 2266.403
# Best configurations (first number is the configuration ID; listed from best to worst according to the sum of ranks):
    his_len max_attempts
122    9991           32
137    6787           11
6      6742            4
127    5585            4
131    8918           42
110    6339            3
85     5339            3
96    10030           31
114   10342           29
125    9738           45
# Best configurations as commandlines (first number is the configuration ID; listed from best to worst according to the sum of ranks):
122 -his_len 9991 -max_attempts 32
137 -his_len 6787 -max_attempts 11
6   -his_len 6742 -max_attempts 4
127 -his_len 5585 -max_attempts 4
131 -his_len 8918 -max_attempts 42
110 -his_len 6339 -max_attempts 3
85  -his_len 5339 -max_attempts 3
96  -his_len 10030 -max_attempts 31
114 -his_len 10342 -max_attempts 29
125 -his_len 9738 -max_attempts 45


# Testing of elite configurations: 1 
# Testing iteration configurations: FALSE 
# 2025-12-26 14:12:43 GMT: No test instances, skip testing
