Starting irace...
# 2025-12-29 16:14:10 GMT: Reading parameter file '/gpfs/home/e/exx866/IRACE-b-LAHC/all-instances-fine/X-n698-k75-s13/parameters.txt'.
# 2025-12-29 16:14:10 GMT: Read 1 configuration(s) from file '/gpfs/home/e/exx866/IRACE-b-LAHC/all-instances-fine/X-n698-k75-s13/configurations.txt'
# 2025-12-29 16:14:10 GMT: Initialization
# Elitist race
# Elitist new instances: 1
# Elitist limit: 2
# nbIterations: 3
# minNbSurvival: 10
# nbParameters: 2
# seed: 968793378
# confidence level: 0.95
# budget: 6000
# mu: 10
# deterministic: FALSE

# 2025-12-29 16:14:10 GMT: Iteration 1 of 3
# experimentsUsed: 0
# remainingBudget: 6000
# currentBudget: 2000
# nbConfigurations: 100
# Markers:
     x No test is performed.
     c Configurations are discarded only due to capping.
     - The test is performed and some configurations are discarded.
     = The test is performed but no configuration is discarded.
     ! The test is performed and configurations could be discarded but elite configurations are preserved.
     . All alive configurations are elite and nothing is discarded.

+-+-----------+-----------+-----------+----------------+-----------+--------+-----+----+------+
| |   Instance|      Alive|       Best|       Mean best| Exp so far|  W time|  rho|KenW|  Qvar|
+-+-----------+-----------+-----------+----------------+-----------+--------+-----+----+------+
|x|          1|        100|         58|     68695.95000|        100|00:29:12|   NA|  NA|    NA|
|x|          2|        100|         32|     68777.29500|        200|00:28:05|-0.04|0.48|1.0044|
|x|          3|        100|         73|     68789.33667|        300|00:27:55|+0.04|0.36|0.9500|
|x|          4|        100|         85|     68828.85000|        400|00:28:24|-0.00|0.25|1.0056|
|x|          5|        100|         73|     68824.80800|        500|00:28:35|+0.01|0.21|0.9885|
|x|          6|        100|         73|     68832.26667|        600|00:28:55|-0.00|0.17|0.9970|
|x|          7|        100|         73|     68839.97857|        700|00:28:22|+0.01|0.15|0.9875|
|x|          8|        100|         73|     68838.76625|        800|00:27:09|+0.01|0.13|0.9925|
|x|          9|        100|         55|     68841.73111|        900|00:34:10|+0.01|0.12|0.9841|
|=|         10|        100|         55|     68844.61500|       1000|00:27:55|+0.02|0.12|0.9766|
|x|         11|        100|         78|     68859.90636|       1100|00:29:27|+0.03|0.11|0.9677|
|x|         12|        100|         78|     68861.46917|       1200|00:25:45|+0.03|0.11|0.9637|
|x|         13|        100|         78|     68859.70846|       1300|00:28:03|+0.03|0.11|0.9604|
|x|         14|        100|         78|     68848.89214|       1400|00:27:10|+0.04|0.11|0.9498|
|x|         15|        100|         78|     68862.62267|       1500|00:30:10|+0.04|0.10|0.9559|
|x|         16|        100|         78|     68864.62187|       1600|00:27:15|+0.04|0.10|0.9534|
|x|         17|        100|         73|     68882.48647|       1700|00:28:01|+0.04|0.10|0.9518|
|x|         18|        100|         73|     68880.87833|       1800|00:29:53|+0.04|0.09|0.9509|
|x|         19|        100|         78|     68881.32316|       1900|00:26:30|+0.04|0.09|0.9516|
|-|         20|         50|         78|     68877.04600|       2000|00:34:07|-0.02|0.03|1.0061|
+-+-----------+-----------+-----------+----------------+-----------+--------+-----+----+------+
Best-so-far configuration:          78    mean value:      68877.04600
Description of the best-so-far configuration:
   .ID. his_len max_attempts .PARENT.
78   78   11820          397       NA

# 2025-12-30 01:49:25 GMT: Elite configurations (first number is the configuration ID; listed from best to worst according to the sum of ranks):
   his_len max_attempts
78   11820          397
73   10773          438
20   10904          450
34   11166          494
77    9727          424
8     8289          457
70    9379          493
55   12386          338
95    9902          472
4    10381          484
# 2025-12-30 01:49:25 GMT: Iteration 2 of 3
# experimentsUsed: 2000
# remainingBudget: 4000
# currentBudget: 2000
# nbConfigurations: 73
# Markers:
     x No test is performed.
     c Configurations are discarded only due to capping.
     - The test is performed and some configurations are discarded.
     = The test is performed but no configuration is discarded.
     ! The test is performed and configurations could be discarded but elite configurations are preserved.
     . All alive configurations are elite and nothing is discarded.

+-+-----------+-----------+-----------+----------------+-----------+--------+-----+----+------+
| |   Instance|      Alive|       Best|       Mean best| Exp so far|  W time|  rho|KenW|  Qvar|
+-+-----------+-----------+-----------+----------------+-----------+--------+-----+----+------+
|x|         21|         73|        141|     68719.52000|         73|00:16:54|   NA|  NA|    NA|
|x|          1|         73|        150|     68758.50000|        136|00:14:25|+0.03|0.51|0.9122|
|x|         19|         73|         20|     68804.85000|        199|00:13:05|+0.04|0.36|0.9535|
|x|         10|         73|         34|     68819.72000|        262|00:13:35|-0.04|0.22|1.0204|
|x|         16|         73|         20|     68840.12200|        325|00:15:20|-0.05|0.16|1.0420|
|x|         20|         73|         20|     68826.28833|        388|00:16:55|-0.02|0.15|1.0118|
|x|          8|         73|        126|     68831.14857|        451|00:13:55|+0.01|0.15|0.9813|
|x|          2|         73|        127|     68830.42750|        514|00:17:26|-0.01|0.12|0.9889|
|x|          5|         73|        127|     68837.98444|        577|00:14:01|-0.02|0.10|1.0036|
|=|          7|         73|        127|     68843.86700|        640|00:14:01|-0.01|0.09|0.9966|
|x|          6|         73|        126|     68837.96727|        703|00:14:51|+0.00|0.09|0.9894|
|x|          3|         73|        127|     68845.35083|        766|00:14:33|+0.01|0.09|0.9804|
|x|         11|         73|        126|     68842.39769|        829|00:14:51|+0.01|0.09|0.9766|
|x|         14|         73|        126|     68840.03000|        892|00:14:26|+0.02|0.09|0.9661|
|x|          4|         73|         78|     68843.19667|        955|00:14:36|+0.02|0.08|0.9704|
|x|         13|         73|         78|     68842.90813|       1018|00:12:39|+0.02|0.08|0.9679|
|x|         15|         73|         78|     68855.37529|       1081|00:15:17|+0.02|0.07|0.9733|
|x|         12|         73|         78|     68856.66889|       1144|00:13:45|+0.01|0.07|0.9760|
|x|         17|         73|         73|     68870.25789|       1207|00:13:43|+0.01|0.06|0.9763|
|=|          9|         73|         78|     68873.92650|       1270|00:16:34|+0.01|0.06|0.9735|
|x|         18|         73|         78|     68873.30143|       1333|00:15:08|+0.01|0.06|0.9747|
|x|         22|         73|         73|     68882.19727|       1406|00:20:15|+0.01|0.05|0.9772|
|x|         23|         73|         73|     68880.90652|       1479|00:19:53|+0.01|0.05|0.9785|
|x|         24|         73|         20|     68887.27167|       1552|00:21:30|+0.01|0.05|0.9783|
|x|         25|         73|        109|     68874.18160|       1625|00:18:11|+0.01|0.05|0.9770|
|x|         26|         73|         73|     68883.31846|       1698|00:17:55|+0.01|0.05|0.9771|
|x|         27|         73|        103|     68880.72407|       1771|00:18:09|+0.01|0.04|0.9789|
|x|         28|         73|         73|     68881.56893|       1844|00:19:49|+0.00|0.04|0.9822|
|x|         29|         73|        103|     68876.83552|       1917|00:20:06|+0.00|0.04|0.9823|
|=|         30|         73|        103|     68874.22067|       1990|00:22:04|+0.01|0.04|0.9811|
+-+-----------+-----------+-----------+----------------+-----------+--------+-----+----+------+
Best-so-far configuration:         103    mean value:      68874.22067
Description of the best-so-far configuration:
    .ID. his_len max_attempts .PARENT.
103  103   12105          370       78

# 2025-12-30 09:57:33 GMT: Elite configurations (first number is the configuration ID; listed from best to worst according to the sum of ranks):
    his_len max_attempts
103   12105          370
73    10773          438
20    10904          450
78    11820          397
125   10961          452
34    11166          494
101   12575          340
112   11046          491
109   10921          438
150   10144          421
# 2025-12-30 09:57:33 GMT: Iteration 3 of 3
# experimentsUsed: 3990
# remainingBudget: 2010
# currentBudget: 2010
# nbConfigurations: 57
# Markers:
     x No test is performed.
     c Configurations are discarded only due to capping.
     - The test is performed and some configurations are discarded.
     = The test is performed but no configuration is discarded.
     ! The test is performed and configurations could be discarded but elite configurations are preserved.
     . All alive configurations are elite and nothing is discarded.

+-+-----------+-----------+-----------+----------------+-----------+--------+-----+----+------+
| |   Instance|      Alive|       Best|       Mean best| Exp so far|  W time|  rho|KenW|  Qvar|
+-+-----------+-----------+-----------+----------------+-----------+--------+-----+----+------+
|x|         31|         57|        191|     68640.96000|         57|00:16:03|   NA|  NA|    NA|
|x|         12|         57|        191|     68718.13500|        104|00:12:38|+0.05|0.52|0.8992|
|x|         25|         57|        191|     68762.29333|        151|00:13:00|-0.01|0.33|0.9633|
|x|         27|         57|        177|     68795.39000|        198|00:12:44|+0.07|0.30|0.9126|
|x|         13|         57|        177|     68797.16400|        245|00:13:03|+0.04|0.23|0.9189|
|x|          5|         57|        185|     68834.67500|        292|00:16:03|+0.05|0.21|0.9040|
|x|         18|         57|        182|     68846.91143|        339|00:14:05|+0.03|0.17|0.9288|
|x|         23|         57|        194|     68842.96000|        386|00:13:34|+0.02|0.14|0.9525|
|x|         22|         57|        177|     68838.75556|        433|00:15:16|+0.03|0.13|0.9456|
|=|         20|         57|         34|     68845.62400|        480|00:14:49|+0.02|0.12|0.9536|
|x|         30|         57|        182|     68861.65455|        527|00:14:45|+0.02|0.11|0.9559|
|x|         10|         57|        185|     68850.93750|        574|00:16:01|+0.01|0.09|0.9719|
|x|         28|         57|        112|     68859.10769|        621|00:20:14|+0.01|0.09|0.9697|
|x|          4|         57|        112|     68857.62143|        668|00:16:13|+0.01|0.08|0.9708|
|x|         26|         57|        185|     68852.54867|        715|00:13:43|+0.01|0.07|0.9751|
|x|         16|         57|        185|     68850.60938|        762|00:18:58|+0.01|0.07|0.9771|
|x|         29|         57|        112|     68861.53353|        809|00:14:17|+0.00|0.06|0.9819|
|x|         11|         57|        112|     68866.60389|        856|00:14:06|-0.00|0.05|0.9828|
|x|          8|         57|        112|     68876.55632|        903|00:13:21|-0.00|0.05|0.9834|
|=|         19|         57|        185|     68875.36450|        950|00:14:57|-0.00|0.05|0.9814|
|x|          7|         57|        185|     68879.21048|        997|00:14:26|-0.00|0.05|0.9821|
|x|          1|         57|        103|     68880.01409|       1044|00:13:38|-0.00|0.04|0.9829|
|x|          2|         57|        112|     68876.86000|       1091|00:14:18|-0.00|0.04|0.9817|
|x|         21|         57|        103|     68880.72750|       1138|00:13:50|-0.00|0.04|0.9823|
|x|         15|         57|        103|     68877.43160|       1185|00:16:51|-0.00|0.04|0.9815|
|x|         14|         57|        103|     68877.66231|       1232|00:18:42|+0.00|0.04|0.9792|
|x|          9|         57|        103|     68877.29778|       1279|00:15:49|-0.00|0.04|0.9823|
|x|         24|         57|        103|     68871.11964|       1326|00:15:14|+0.00|0.04|0.9815|
|x|         17|         57|        103|     68870.64207|       1373|00:14:02|+0.00|0.04|0.9805|
|=|          6|         57|        103|     68874.32133|       1420|00:14:57|+0.00|0.03|0.9826|
|x|          3|         57|        103|     68872.85387|       1467|00:14:43|+0.00|0.03|0.9824|
|x|         32|         57|        103|     68871.05531|       1524|00:14:35|+0.00|0.03|0.9831|
|x|         33|         57|        103|     68874.21939|       1581|00:16:17|-0.00|0.03|0.9853|
|x|         34|         57|        103|     68876.74235|       1638|00:14:58|+0.00|0.03|0.9836|
|x|         35|         57|         73|     68873.69486|       1695|00:15:52|-0.00|0.03|0.9844|
|x|         36|         57|         73|     68872.76361|       1752|00:20:00|-0.00|0.03|0.9841|
|x|         37|         57|         73|     68874.79730|       1809|00:14:32|-0.00|0.03|0.9857|
|x|         38|         57|         73|     68878.70895|       1866|00:15:16|-0.00|0.02|0.9859|
|x|         39|         57|         73|     68878.07308|       1923|00:13:44|-0.00|0.02|0.9867|
|=|         40|         57|         73|     68880.53450|       1980|00:14:06|-0.01|0.02|0.9883|
+-+-----------+-----------+-----------+----------------+-----------+--------+-----+----+------+
Best-so-far configuration:          73    mean value:      68880.53450
Description of the best-so-far configuration:
   .ID. his_len max_attempts .PARENT.
73   73   10773          438       NA

# 2025-12-30 20:01:32 GMT: Elite configurations (first number is the configuration ID; listed from best to worst according to the sum of ranks):
    his_len max_attempts
73    10773          438
194   10765          437
34    11166          494
103   12105          370
205   11012          488
20    10904          450
125   10961          452
173   10990          492
78    11820          397
209   10905          450
# 2025-12-30 20:01:32 GMT: Stopped because there is not enough budget left to race more than the minimum (10).
# You may either increase the budget or set 'minNbSurvival' to a lower value.
# Iteration: 4
# nbIterations: 4
# experimentsUsed: 5970
# timeUsed: 0
# remainingBudget: 30
# currentBudget: 30
# number of elites: 10
# nbConfigurations: 10
# Total CPU user time: 5528997, CPU sys time: 3997.768, Wall-clock time: 100042
# 2025-12-30 20:01:32 GMT: Starting post-selection:
# Configurations selected: 73, 194, 34.
# Pending instances: 0, 0, 0.
# 2025-12-30 20:01:32 GMT: seed: 968793378
# Configurations: 3
# Available experiments: 30
# minSurvival: 1
# Markers:
     x No test is performed.
     c Configurations are discarded only due to capping.
     - The test is performed and some configurations are discarded.
     = The test is performed but no configuration is discarded.
     ! The test is performed and configurations could be discarded but elite configurations are preserved.
     . All alive configurations are elite and nothing is discarded.

+-+-----------+-----------+-----------+----------------+-----------+--------+-----+----+------+
| |   Instance|      Alive|       Best|       Mean best| Exp so far|  W time|  rho|KenW|  Qvar|
+-+-----------+-----------+-----------+----------------+-----------+--------+-----+----+------+
|.|         36|          3|        194|     68725.46000|          0|00:00:00|   NA|  NA|    NA|
|.|          3|          3|        194|     68759.70500|          0|00:00:00|-0.50|0.25|1.1286|
|.|         23|          3|        194|     68760.40667|          0|00:00:00|+0.00|0.33|0.7225|
|.|         21|          3|        194|     68797.62500|          0|00:00:00|-0.25|0.06|0.8666|
|.|         22|          3|        194|     68828.97000|          0|00:00:00|-0.20|0.04|0.8255|
|.|         18|          3|        194|     68830.62167|          0|00:00:00|-0.17|0.03|0.7510|
|.|         20|          3|        194|     68858.15714|          0|00:00:00|-0.07|0.08|0.7044|
|.|          8|          3|        194|     68838.27000|          0|00:00:00|-0.12|0.02|0.7320|
|.|         27|          3|        194|     68844.39556|          0|00:00:00|-0.08|0.04|0.6896|
|.|         14|          3|        194|     68832.91100|          0|00:00:00|-0.10|0.01|0.6911|
|.|          6|          3|        194|     68845.88364|          0|00:00:00|-0.07|0.02|0.6895|
|.|         32|          3|        194|     68861.31750|          0|00:00:00|-0.04|0.05|0.6782|
|.|         24|          3|        194|     68849.67615|          0|00:00:00|-0.04|0.04|0.6839|
|.|         30|          3|        194|     68856.86000|          0|00:00:00|-0.06|0.02|0.7030|
|.|         13|          3|        194|     68851.94200|          0|00:00:00|-0.07|0.00|0.7065|
|.|          5|          3|        194|     68849.02625|          0|00:00:00|-0.06|0.00|0.7014|
|.|         31|          3|        194|     68850.72647|          0|00:00:00|-0.05|0.01|0.6898|
|.|          2|          3|        194|     68850.51111|          0|00:00:00|-0.05|0.01|0.6907|
|.|         35|          3|        194|     68857.35526|          0|00:00:00|-0.05|0.00|0.6975|
|.|         10|          3|        194|     68857.29600|          0|00:00:00|-0.04|0.01|0.6885|
|.|         26|          3|        194|     68863.20905|          0|00:00:00|-0.04|0.01|0.6919|
|.|         37|          3|        194|     68864.58136|          0|00:00:00|-0.05|0.00|0.6927|
|.|          1|          3|        194|     68860.39826|          0|00:00:00|-0.04|0.01|0.6859|
|.|          7|          3|        194|     68864.25333|          0|00:00:00|-0.03|0.01|0.6818|
|.|         38|          3|        194|     68865.31600|          0|00:00:00|-0.03|0.01|0.6798|
|.|         16|          3|        194|     68863.15769|          0|00:00:00|-0.03|0.01|0.6723|
|.|          9|          3|        194|     68873.63037|          0|00:00:00|-0.03|0.00|0.6772|
|.|         12|          3|        194|     68875.12250|          0|00:00:00|-0.03|0.01|0.6735|
|.|         11|          3|        194|     68879.95276|          0|00:00:00|-0.03|0.00|0.6782|
|.|         28|          3|        194|     68879.01200|          0|00:00:00|-0.03|0.00|0.6801|
|.|         19|          3|        194|     68880.21806|          0|00:00:00|-0.03|0.00|0.6794|
|.|         17|          3|        194|     68876.37469|          0|00:00:00|-0.03|0.00|0.6763|
|.|         40|          3|        194|     68876.19606|          0|00:00:00|-0.02|0.01|0.6746|
|.|         33|          3|        194|     68876.81000|          0|00:00:00|-0.03|0.00|0.6762|
|.|          4|          3|        194|     68877.61371|          0|00:00:00|-0.02|0.01|0.6746|
|.|         34|          3|        194|     68878.33194|          0|00:00:00|-0.02|0.01|0.6760|
|.|         15|          3|        194|     68881.10946|          0|00:00:00|-0.02|0.00|0.6784|
|.|         29|          3|        194|     68881.34289|          0|00:00:00|-0.02|0.00|0.6762|
|.|         25|          3|        194|     68880.99744|          0|00:00:00|-0.02|0.00|0.6794|
|.|         39|          3|        194|     68881.79100|          0|00:00:00|-0.02|0.00|0.6815|
|x|         41|          3|        194|     68879.31220|          3|00:10:23|-0.02|0.00|0.6802|
|x|         42|          3|         34|     68883.59214|          6|00:18:19|-0.02|0.00|0.6816|
|x|         43|          3|        194|     68879.66698|          9|00:10:24|-0.02|0.00|0.6795|
|x|         44|          3|         73|     68880.81227|         12|00:10:31|-0.02|0.00|0.6810|
|x|         45|          3|         73|     68880.61089|         15|00:11:06|-0.02|0.00|0.6815|
|x|         46|          3|         73|     68885.22087|         18|00:11:01|-0.02|0.00|0.6811|
|x|         47|          3|         34|     68879.44617|         21|00:10:34|-0.02|0.00|0.6799|
|x|         48|          3|         34|     68875.99250|         24|00:10:35|-0.02|0.00|0.6791|
|x|         49|          3|         34|     68876.75837|         27|00:10:29|-0.02|0.00|0.6773|
|=|         50|          3|         34|     68877.00020|         30|00:10:01|-0.02|0.00|0.6768|
+-+-----------+-----------+-----------+----------------+-----------+--------+-----+----+------+
Best-so-far configuration:          34    mean value:      68877.00020
Description of the best-so-far configuration:
   .ID. his_len max_attempts .PARENT.
34   34   11166          494       NA

# 2025-12-30 21:55:00 GMT: Elite configurations (first number is the configuration ID; listed from best to worst according to the sum of ranks):
    his_len max_attempts
34    11166          494
194   10765          437
73    10773          438
# Total CPU user time: 5547883, CPU sys time: 4011.38, Wall-clock time: 106849.9
# Best configurations (first number is the configuration ID; listed from best to worst according to the sum of ranks):
    his_len max_attempts
34    11166          494
194   10765          437
73    10773          438
# Best configurations as commandlines (first number is the configuration ID; listed from best to worst according to the sum of ranks):
34  -his_len 11166 -max_attempts 494
194 -his_len 10765 -max_attempts 437
73  -his_len 10773 -max_attempts 438


# Testing of elite configurations: 1 
# Testing iteration configurations: FALSE 
# 2025-12-30 21:55:00 GMT: No test instances, skip testing
