Starting irace...
# 2025-12-26 13:34:56 GMT: Reading parameter file '/gpfs/home/e/exx866/IRACE-b-LAHC/all-instances-rough/X-n685-k75/parameters.txt'.
# 2025-12-26 13:34:57 GMT: Read 1 configuration(s) from file '/gpfs/home/e/exx866/IRACE-b-LAHC/all-instances-rough/X-n685-k75/configurations.txt'
# 2025-12-26 13:34:57 GMT: Initialization
# Elitist race
# Elitist new instances: 1
# Elitist limit: 2
# nbIterations: 3
# minNbSurvival: 10
# nbParameters: 2
# seed: 1774264801
# confidence level: 0.95
# budget: 3500
# mu: 10
# deterministic: FALSE

# 2025-12-26 13:34:57 GMT: Iteration 1 of 3
# experimentsUsed: 0
# remainingBudget: 3500
# currentBudget: 1166
# nbConfigurations: 58
# Markers:
     x No test is performed.
     c Configurations are discarded only due to capping.
     - The test is performed and some configurations are discarded.
     = The test is performed but no configuration is discarded.
     ! The test is performed and configurations could be discarded but elite configurations are preserved.
     . All alive configurations are elite and nothing is discarded.

+-+-----------+-----------+-----------+----------------+-----------+--------+-----+----+------+
| |   Instance|      Alive|       Best|       Mean best| Exp so far|  W time|  rho|KenW|  Qvar|
+-+-----------+-----------+-----------+----------------+-----------+--------+-----+----+------+
|x|          1|         58|          8|     69156.14000|         58|00:32:47|   NA|  NA|    NA|
|x|          2|         58|         48|     69211.14500|        116|00:30:40|+0.58|0.79|0.3129|
|x|          3|         58|         34|     69185.68667|        174|00:30:57|+0.69|0.79|0.2286|
|x|          4|         58|         48|     69203.36250|        232|00:31:58|+0.71|0.78|0.2162|
|x|          5|         58|         34|     69242.39000|        290|00:31:42|+0.69|0.75|0.2231|
|x|          6|         58|         34|     69224.92167|        348|00:30:33|+0.69|0.74|0.2288|
|x|          7|         58|         34|     69252.56714|        406|00:32:40|+0.70|0.75|0.2166|
|x|          8|         58|         34|     69261.66000|        464|00:32:46|+0.71|0.74|0.2122|
|x|          9|         58|         48|     69268.11556|        522|00:33:42|+0.72|0.75|0.2027|
|-|         10|         15|         48|     69267.86700|        580|00:32:30|-0.05|0.06|0.9741|
|x|         11|         15|         48|     69275.01182|        595|00:11:19|-0.07|0.03|0.9909|
|x|         12|         15|         48|     69272.02000|        610|00:10:40|-0.05|0.04|0.9717|
|x|         13|         15|          8|     69303.19538|        625|00:12:08|-0.04|0.04|0.9655|
|x|         14|         15|         48|     69278.82857|        640|00:10:58|-0.03|0.04|0.9517|
|x|         15|         15|         48|     69279.63000|        655|00:11:49|-0.03|0.04|0.9503|
|x|         16|         15|         48|     69267.89125|        670|00:11:30|-0.01|0.05|0.9331|
|x|         17|         15|         48|     69247.65588|        685|00:11:31|-0.00|0.06|0.9185|
|x|         18|         15|         48|     69256.66778|        700|00:11:51|+0.01|0.06|0.9122|
|x|         19|         15|         48|     69268.11263|        715|00:11:01|+0.00|0.05|0.9151|
|=|         20|         15|         48|     69272.26750|        730|00:10:46|+0.00|0.05|0.9138|
|x|         21|         15|         48|     69266.94048|        745|00:11:21|+0.02|0.06|0.9050|
|x|         22|         15|         48|     69277.32455|        760|00:11:54|+0.02|0.07|0.8996|
|x|         23|         15|         47|     69290.34913|        775|00:11:38|+0.03|0.08|0.8880|
|x|         24|         15|         47|     69290.05375|        790|00:11:43|+0.04|0.08|0.8874|
|x|         25|         15|         47|     69292.67200|        805|00:11:12|+0.04|0.08|0.8831|
|x|         26|         15|         12|     69280.83808|        820|00:11:13|+0.04|0.08|0.8812|
|x|         27|         15|         47|     69290.48407|        835|00:12:18|+0.04|0.08|0.8831|
|x|         28|         15|         47|     69296.55679|        850|00:11:11|+0.04|0.08|0.8813|
|x|         29|         15|         47|     69297.99966|        865|00:12:19|+0.05|0.08|0.8782|
|-|         30|         12|         51|     69291.46367|        880|00:11:10|+0.00|0.04|0.9101|
|x|         31|         12|         12|     69288.40452|        892|00:11:31|-0.00|0.03|0.9158|
|x|         32|         12|         12|     69283.96750|        904|00:10:54|+0.00|0.03|0.9091|
|x|         33|         12|         12|     69287.11515|        916|00:12:09|+0.00|0.03|0.9110|
|x|         34|         12|         12|     69288.31765|        928|00:10:56|+0.00|0.03|0.9109|
|x|         35|         12|         12|     69286.01114|        940|00:11:22|+0.00|0.03|0.9100|
|x|         36|         12|         12|     69280.10444|        952|00:11:37|+0.01|0.04|0.9069|
|x|         37|         12|         12|     69276.47622|        964|00:10:45|+0.01|0.04|0.9057|
|x|         38|         12|         12|     69276.11474|        976|00:11:42|+0.00|0.03|0.9115|
|x|         39|         12|         12|     69274.98436|        988|00:12:00|+0.00|0.03|0.9128|
|=|         40|         12|         12|     69280.42375|       1000|00:11:19|+0.00|0.03|0.9161|
|x|         41|         12|         12|     69282.13024|       1012|00:12:17|-0.00|0.02|0.9181|
|x|         42|         12|         12|     69278.85071|       1024|00:11:31|+0.00|0.03|0.9157|
|x|         43|         12|         12|     69279.88070|       1036|00:11:31|+0.00|0.03|0.9145|
|x|         44|         12|         51|     69282.04659|       1048|00:11:56|+0.00|0.03|0.9153|
|x|         45|         12|         51|     69281.58000|       1060|00:11:53|+0.00|0.03|0.9145|
|x|         46|         12|         51|     69282.98870|       1072|00:11:32|+0.00|0.03|0.9130|
|x|         47|         12|         51|     69280.16340|       1084|00:11:41|+0.01|0.03|0.9091|
|x|         48|         12|         12|     69279.54625|       1096|00:11:09|+0.01|0.03|0.9067|
|x|         49|         12|         12|     69282.87673|       1108|00:11:37|+0.01|0.03|0.9099|
|=|         50|         12|         51|     69282.79580|       1120|00:12:11|+0.01|0.03|0.9099|
+-+-----------+-----------+-----------+----------------+-----------+--------+-----+----+------+
Best-so-far configuration:          51    mean value:      69282.79580
Description of the best-so-far configuration:
   .ID. his_len max_attempts .PARENT.
51   51   11232          239       NA

# 2025-12-27 02:36:42 GMT: Elite configurations (first number is the configuration ID; listed from best to worst according to the sum of ranks):
   his_len max_attempts
51   11232          239
12   10925          356
34    9385          442
47    5691          349
48   10617          474
10    5999          481
23   11540          403
28   12772          310
27    7846          435
8     9693          325
# 2025-12-27 02:36:42 GMT: Iteration 2 of 3
# experimentsUsed: 1120
# remainingBudget: 2380
# currentBudget: 1190
# nbConfigurations: 28
# Markers:
     x No test is performed.
     c Configurations are discarded only due to capping.
     - The test is performed and some configurations are discarded.
     = The test is performed but no configuration is discarded.
     ! The test is performed and configurations could be discarded but elite configurations are preserved.
     . All alive configurations are elite and nothing is discarded.

+-+-----------+-----------+-----------+----------------+-----------+--------+-----+----+------+
| |   Instance|      Alive|       Best|       Mean best| Exp so far|  W time|  rho|KenW|  Qvar|
+-+-----------+-----------+-----------+----------------+-----------+--------+-----+----+------+
|x|         51|         28|         65|     69106.83000|         28|00:15:17|   NA|  NA|    NA|
|x|         48|         28|         70|     69112.70000|         46|00:12:16|+0.48|0.74|0.4960|
|x|          2|         28|         10|     69178.94333|         64|00:12:38|+0.23|0.49|0.7351|
|x|         31|         28|         10|     69203.53000|         82|00:13:29|+0.23|0.42|0.7037|
|x|          7|         28|         70|     69191.67800|        100|00:13:34|+0.15|0.32|0.7334|
|x|         39|         28|         70|     69168.35333|        118|00:13:20|+0.20|0.33|0.6780|
|x|         24|         28|         70|     69172.94000|        136|00:13:35|+0.23|0.34|0.6428|
|x|          8|         28|         70|     69190.96875|        154|00:13:07|+0.23|0.33|0.6295|
|x|         12|         28|         70|     69200.18444|        172|00:11:34|+0.22|0.31|0.6656|
|-|         16|         14|         70|     69190.59000|        190|00:12:41|+0.08|0.17|0.8718|
|x|         11|         14|         70|     69196.94455|        194|00:10:33|+0.11|0.19|0.8544|
|x|         43|         14|         70|     69200.68667|        198|00:11:04|+0.08|0.16|0.8677|
|x|         20|         14|         70|     69202.71462|        202|00:10:24|+0.07|0.14|0.8671|
|x|          4|         14|         70|     69207.52786|        206|00:10:39|+0.04|0.11|0.8949|
|x|         13|         14|         70|     69218.76000|        210|00:11:11|+0.03|0.09|0.9100|
|x|         23|         14|         70|     69231.44188|        214|00:10:38|+0.01|0.07|0.9197|
|x|         36|         14|         70|     69216.01588|        218|00:10:54|+0.02|0.08|0.9083|
|x|         33|         14|         70|     69233.19056|        222|00:11:24|+0.01|0.07|0.9174|
|x|         34|         14|         70|     69236.67842|        226|00:10:45|+0.01|0.07|0.9166|
|=|         30|         14|         70|     69245.82050|        230|00:10:24|+0.02|0.07|0.9112|
|x|         28|         14|         70|     69252.26571|        234|00:10:21|+0.01|0.05|0.9232|
|x|          3|         14|         70|     69255.57136|        238|00:10:55|+0.01|0.05|0.9187|
|x|         27|         14|         70|     69254.72391|        242|00:11:43|+0.01|0.05|0.9226|
|x|         14|         14|         70|     69258.96458|        246|00:10:04|-0.00|0.04|0.9286|
|x|         42|         14|         70|     69253.46840|        250|00:12:48|+0.00|0.04|0.9292|
|x|         15|         14|         70|     69249.11231|        254|00:11:19|+0.01|0.05|0.9245|
|x|         45|         14|         70|     69256.27185|        258|00:11:13|+0.01|0.05|0.9226|
|x|         37|         14|         70|     69260.84821|        262|00:10:01|+0.01|0.04|0.9226|
|x|         17|         14|         70|     69270.16897|        266|00:10:37|+0.01|0.04|0.9207|
|=|         10|         14|         70|     69268.44400|        270|00:10:41|+0.01|0.04|0.9209|
|x|         50|         14|         70|     69266.53839|        274|00:11:26|+0.01|0.04|0.9206|
|x|         49|         14|         70|     69271.88969|        278|00:11:01|+0.00|0.03|0.9267|
|x|         44|         14|         70|     69268.65121|        282|00:11:21|+0.00|0.03|0.9257|
|x|         32|         14|         70|     69272.55382|        286|00:10:10|+0.00|0.03|0.9216|
|x|         26|         14|         70|     69266.07743|        290|00:10:17|+0.01|0.04|0.9160|
|x|         25|         14|         51|     69258.57278|        294|00:10:27|+0.01|0.04|0.9157|
|x|         22|         14|         51|     69260.26351|        298|00:11:14|+0.01|0.03|0.9191|
|x|         47|         14|         51|     69257.36711|        302|00:10:45|+0.01|0.04|0.9142|
|x|         41|         14|         51|     69256.36282|        306|00:11:26|+0.01|0.03|0.9166|
|=|         40|         14|         51|     69255.55325|        310|00:10:11|+0.00|0.03|0.9215|
|x|         29|         14|         51|     69259.58780|        314|00:11:43|+0.00|0.03|0.9221|
|x|          5|         14|         51|     69262.88357|        318|00:11:29|+0.00|0.03|0.9232|
|x|         19|         14|         51|     69267.52326|        322|00:10:30|+0.00|0.03|0.9251|
|x|          9|         14|         70|     69274.16795|        326|00:10:38|+0.00|0.03|0.9241|
|x|         18|         14|         70|     69278.09356|        330|00:11:09|+0.00|0.03|0.9239|
|x|          1|         14|         70|     69280.40239|        334|00:11:03|+0.00|0.02|0.9237|
|x|         46|         14|         70|     69284.59128|        338|00:11:54|+0.00|0.02|0.9241|
|x|         38|         14|         70|     69282.26104|        342|00:10:50|+0.00|0.02|0.9242|
|x|         35|         14|         12|     69280.65571|        346|00:10:15|+0.00|0.02|0.9256|
|=|         21|         14|         12|     69278.98900|        350|00:10:51|+0.00|0.02|0.9241|
|x|          6|         14|         62|     69292.67451|        354|00:11:18|+0.00|0.02|0.9245|
|x|         52|         14|         70|     69285.50750|        368|00:11:59|+0.00|0.02|0.9250|
|x|         53|         14|         62|     69291.07094|        382|00:11:59|+0.00|0.02|0.9247|
|x|         54|         14|         12|     69281.74315|        396|00:11:46|+0.00|0.02|0.9233|
|x|         55|         14|         12|     69284.97764|        410|00:10:39|+0.00|0.02|0.9240|
|x|         56|         14|         12|     69283.36964|        424|00:11:48|+0.00|0.02|0.9225|
|x|         57|         14|         62|     69288.12123|        438|00:10:59|+0.00|0.02|0.9216|
|x|         58|         14|         12|     69281.43483|        452|00:10:43|+0.00|0.02|0.9215|
|x|         59|         14|         12|     69277.60356|        466|00:11:22|+0.00|0.02|0.9203|
|=|         60|         14|         12|     69278.31933|        480|00:11:17|+0.01|0.02|0.9198|
|x|         61|         14|         12|     69278.05197|        494|00:12:13|+0.01|0.02|0.9202|
|x|         62|         14|         12|     69277.76919|        508|00:12:06|+0.01|0.02|0.9187|
|x|         63|         14|         12|     69278.58952|        522|00:11:22|+0.01|0.02|0.9196|
|x|         64|         14|         12|     69278.40672|        536|00:11:46|+0.01|0.02|0.9183|
|x|         65|         14|         12|     69276.92169|        550|00:11:46|+0.01|0.02|0.9177|
|x|         66|         14|         12|     69274.73106|        564|00:12:04|+0.01|0.03|0.9160|
|x|         67|         14|         12|     69272.54687|        578|00:11:39|+0.01|0.03|0.9153|
|x|         68|         14|         12|     69276.29662|        592|00:11:05|+0.01|0.03|0.9156|
|x|         69|         14|         12|     69275.52551|        606|00:10:25|+0.01|0.03|0.9148|
|-|         70|          8|         12|     69277.43729|        620|00:11:12|-0.00|0.01|0.8770|
+-+-----------+-----------+-----------+----------------+-----------+--------+-----+----+------+
Best-so-far configuration:          12    mean value:      69277.43729
Description of the best-so-far configuration:
   .ID. his_len max_attempts .PARENT.
12   12   10925          356       NA

# 2025-12-27 15:54:38 GMT: Elite configurations (first number is the configuration ID; listed from best to worst according to the sum of ranks):
   his_len max_attempts
12   10925          356
62    9137          482
70   11610          282
51   11232          239
34    9385          442
47    5691          349
75   10938          455
23   11540          403
# 2025-12-27 15:54:38 GMT: Iteration 3 of 3
# experimentsUsed: 1740
# remainingBudget: 1760
# currentBudget: 1760
# nbConfigurations: 29
# Markers:
     x No test is performed.
     c Configurations are discarded only due to capping.
     - The test is performed and some configurations are discarded.
     = The test is performed but no configuration is discarded.
     ! The test is performed and configurations could be discarded but elite configurations are preserved.
     . All alive configurations are elite and nothing is discarded.

+-+-----------+-----------+-----------+----------------+-----------+--------+-----+----+------+
| |   Instance|      Alive|       Best|       Mean best| Exp so far|  W time|  rho|KenW|  Qvar|
+-+-----------+-----------+-----------+----------------+-----------+--------+-----+----+------+
|x|         71|         29|         97|     68985.80000|         29|00:14:44|   NA|  NA|    NA|
|x|         41|         29|         83|     69142.06500|         50|00:15:04|-0.05|0.47|1.0609|
|x|         68|         29|         83|     69207.00000|         71|00:14:17|-0.17|0.22|1.1480|
|x|         55|         29|         81|     69194.13250|         92|00:12:04|-0.06|0.20|1.0271|
|x|         59|         29|         83|     69196.61200|        113|00:14:40|-0.05|0.16|1.0153|
|x|         69|         29|         83|     69206.54500|        134|00:12:30|-0.04|0.14|1.0108|
|x|         39|         29|         83|     69220.41143|        155|00:13:15|-0.06|0.09|1.0247|
|x|         29|         29|         83|     69214.16125|        176|00:14:04|-0.03|0.10|0.9942|
|x|         42|         29|         83|     69239.27444|        197|00:13:38|-0.02|0.09|0.9800|
|=|         47|         29|         82|     69208.21800|        218|00:13:39|-0.02|0.08|0.9775|
|x|         31|         29|         83|     69231.32455|        239|00:13:45|-0.00|0.09|0.9584|
|x|         19|         29|         83|     69228.78500|        260|00:13:47|-0.01|0.08|0.9612|
|x|         35|         29|         83|     69220.93615|        281|00:13:06|+0.01|0.08|0.9472|
|x|         37|         29|         83|     69231.98786|        302|00:12:15|+0.01|0.08|0.9495|
|x|         13|         29|         83|     69226.69067|        323|00:14:25|+0.01|0.07|0.9477|
|x|         54|         29|         83|     69222.23312|        344|00:13:49|+0.01|0.07|0.9469|
|x|          3|         29|         83|     69221.01647|        365|00:13:24|+0.02|0.08|0.9348|
|x|         16|         29|         83|     69209.31333|        386|00:13:39|+0.02|0.07|0.9412|
|x|         50|         29|         83|     69206.84053|        407|00:13:54|+0.02|0.07|0.9412|
|=|         18|         29|         83|     69210.88600|        428|00:13:53|+0.02|0.07|0.9415|
|x|         34|         29|         83|     69210.25476|        449|00:12:45|+0.01|0.06|0.9433|
|x|         70|         29|         83|     69221.85045|        470|00:13:33|+0.01|0.05|0.9536|
|x|         40|         29|         83|     69219.52217|        491|00:12:36|+0.01|0.05|0.9500|
|x|         10|         29|         83|     69221.29042|        512|00:13:07|+0.01|0.06|0.9463|
|x|         53|         29|         83|     69225.99520|        533|00:14:44|+0.02|0.06|0.9368|
|x|         26|         29|         83|     69233.57769|        554|00:12:42|+0.02|0.06|0.9367|
|x|         36|         29|         83|     69236.40852|        575|00:13:24|+0.02|0.06|0.9385|
|x|         15|         29|         83|     69236.59464|        596|00:13:44|+0.02|0.05|0.9426|
|x|         11|         29|         83|     69235.22310|        617|00:12:37|+0.02|0.05|0.9410|
|-|         65|         18|         83|     69233.50567|        638|00:13:48|-0.00|0.03|0.9486|
|x|         12|         18|         83|     69234.99839|        648|00:09:59|-0.01|0.03|0.9492|
|x|         38|         18|         83|     69231.95125|        658|00:11:14|-0.00|0.03|0.9461|
|x|         32|         18|         83|     69238.49576|        668|00:10:29|-0.00|0.03|0.9456|
|x|         24|         18|         83|     69241.02853|        678|00:11:13|-0.00|0.03|0.9460|
|x|         63|         18|         83|     69242.37371|        688|00:11:27|-0.00|0.03|0.9441|
|x|          7|         18|         83|     69242.40972|        698|00:15:10|-0.00|0.03|0.9434|
|x|         43|         18|         83|     69240.45919|        708|00:11:04|-0.00|0.03|0.9430|
|x|         46|         18|         83|     69236.97763|        718|00:11:19|+0.00|0.03|0.9402|
|x|         17|         18|         83|     69244.45513|        728|00:10:56|+0.00|0.03|0.9397|
|=|          6|         18|         83|     69249.30075|        738|00:10:55|+0.00|0.03|0.9408|
|x|         30|         18|         83|     69250.07585|        748|00:10:58|+0.00|0.03|0.9402|
|x|         56|         18|         83|     69252.38571|        758|00:11:35|+0.00|0.03|0.9411|
|x|         51|         18|         82|     69248.50093|        768|00:15:49|+0.00|0.03|0.9393|
|x|         48|         18|         83|     69250.22455|        778|00:10:42|+0.01|0.03|0.9375|
|x|         52|         18|         83|     69249.78511|        788|00:11:34|+0.01|0.03|0.9368|
|x|         27|         18|         83|     69248.46565|        798|00:14:19|+0.01|0.03|0.9359|
|x|         28|         18|         83|     69247.47809|        808|00:10:48|+0.01|0.03|0.9367|
|x|         21|         18|         83|     69250.09563|        818|00:11:07|+0.01|0.03|0.9394|
|x|         66|         18|         83|     69252.39571|        828|00:12:11|+0.01|0.03|0.9410|
|=|         64|         18|         83|     69249.20680|        838|00:10:55|+0.01|0.03|0.9405|
|x|         58|         18|         83|     69247.09961|        848|00:13:45|+0.01|0.03|0.9408|
|x|          8|         18|         83|     69247.22000|        858|00:11:32|+0.01|0.03|0.9384|
|x|         67|         18|         83|     69250.12642|        868|00:11:46|+0.01|0.03|0.9397|
|x|         22|         18|         83|     69246.99796|        878|00:11:47|+0.01|0.03|0.9395|
|x|          4|         18|         83|     69251.07964|        888|00:11:01|+0.01|0.02|0.9412|
|x|         61|         18|         83|     69251.88107|        898|00:12:47|+0.01|0.02|0.9410|
|x|          5|         18|         83|     69254.97456|        908|00:11:52|+0.00|0.02|0.9408|
|x|         45|         18|         83|     69254.80155|        918|00:11:42|+0.00|0.02|0.9412|
|x|         49|         18|         83|     69256.15712|        928|00:16:00|+0.00|0.02|0.9436|
|=|         25|         18|         83|     69263.30433|        938|00:10:41|+0.00|0.02|0.9446|
|x|         20|         18|         83|     69263.76246|        948|00:10:13|-0.00|0.02|0.9456|
|x|         14|         18|         83|     69264.10081|        958|00:10:12|-0.00|0.01|0.9460|
|x|         33|         18|         83|     69263.92365|        968|00:11:51|-0.00|0.02|0.9452|
|x|         60|         18|         83|     69263.24719|        978|00:11:11|-0.00|0.02|0.9447|
|x|          1|         18|         83|     69267.19615|        988|00:11:18|-0.00|0.01|0.9443|
|x|          9|         18|         83|     69265.94561|        998|00:11:32|+0.00|0.02|0.9438|
|x|         23|         18|         83|     69266.64985|       1008|00:10:55|-0.00|0.01|0.9434|
|x|         57|         18|         83|     69267.30794|       1018|00:11:01|-0.00|0.01|0.9448|
|x|          2|         18|         83|     69264.87261|       1028|00:10:19|-0.00|0.01|0.9453|
|=|         62|         18|         83|     69265.33814|       1038|00:12:09|-0.00|0.01|0.9456|
|x|         44|         18|         83|     69265.01296|       1048|00:11:28|-0.00|0.01|0.9456|
|x|         72|         18|         83|     69266.08611|       1066|00:12:40|-0.00|0.01|0.9456|
|x|         73|         18|         83|     69264.15493|       1084|00:13:43|-0.00|0.01|0.9453|
|x|         74|         18|         83|     69266.51892|       1102|00:13:35|-0.00|0.01|0.9455|
|x|         75|         18|         83|     69267.78707|       1120|00:13:41|-0.00|0.01|0.9466|
|x|         76|         18|         83|     69265.43066|       1138|00:13:27|-0.00|0.01|0.9451|
|x|         77|         18|         83|     69269.18468|       1156|00:14:02|-0.00|0.01|0.9453|
|x|         78|         18|         83|     69269.11962|       1174|00:12:59|-0.00|0.01|0.9458|
|x|         79|         18|         83|     69270.97595|       1192|00:12:24|-0.00|0.01|0.9456|
|=|         80|         18|         83|     69272.84825|       1210|00:13:28|-0.00|0.01|0.9468|
|x|         81|         18|         83|     69270.60988|       1228|00:12:47|-0.00|0.01|0.9465|
|x|         82|         18|         83|     69268.37012|       1246|00:12:24|-0.00|0.01|0.9468|
|x|         83|         18|         83|     69268.49458|       1264|00:12:59|-0.00|0.01|0.9457|
|x|         84|         18|         83|     69268.42750|       1282|00:13:01|-0.00|0.01|0.9454|
|x|         85|         18|         83|     69272.32588|       1300|00:13:12|-0.00|0.01|0.9455|
|x|         86|         18|         83|     69272.19314|       1318|00:13:19|-0.00|0.01|0.9452|
|x|         87|         18|         83|     69275.89667|       1336|00:11:06|-0.00|0.01|0.9460|
|x|         88|         18|         83|     69275.01932|       1354|00:12:34|-0.00|0.01|0.9455|
|x|         89|         18|         83|     69274.10011|       1372|00:12:45|-0.00|0.01|0.9455|
|=|         90|         18|         83|     69274.56389|       1390|00:12:11|-0.00|0.01|0.9453|
+-+-----------+-----------+-----------+----------------+-----------+--------+-----+----+------+
Best-so-far configuration:          83    mean value:      69274.56389
Description of the best-so-far configuration:
   .ID. his_len max_attempts .PARENT.
83   83   10786          364       12

# 2025-12-28 10:47:19 GMT: Elite configurations (first number is the configuration ID; listed from best to worst according to the sum of ranks):
   his_len max_attempts
83   10786          364
12   10925          356
82    9415          481
81    9337          458
97   12108          287
85   11405          266
84   10854          372
93    9272          478
86    9021          456
62    9137          482
# 2025-12-28 10:47:19 GMT: Iteration 4 of 4
# experimentsUsed: 3130
# remainingBudget: 370
# currentBudget: 370
# nbConfigurations: 12
# Markers:
     x No test is performed.
     c Configurations are discarded only due to capping.
     - The test is performed and some configurations are discarded.
     = The test is performed but no configuration is discarded.
     ! The test is performed and configurations could be discarded but elite configurations are preserved.
     . All alive configurations are elite and nothing is discarded.

+-+-----------+-----------+-----------+----------------+-----------+--------+-----+----+------+
| |   Instance|      Alive|       Best|       Mean best| Exp so far|  W time|  rho|KenW|  Qvar|
+-+-----------+-----------+-----------+----------------+-----------+--------+-----+----+------+
|x|         91|         12|         12|     69122.83000|         12|00:11:13|   NA|  NA|    NA|
|x|         64|         12|         83|     69140.79000|         14|00:10:38|+0.15|0.58|0.8990|
|x|         79|         12|         82|     69228.33333|         16|00:10:48|-0.18|0.22|1.1855|
|x|         40|         12|         93|     69201.38000|         18|00:10:37|+0.01|0.26|0.9688|
|x|         63|         12|         93|     69195.74200|         20|00:10:57|-0.01|0.19|0.9166|
|x|         10|         12|         82|     69221.76667|         22|00:10:48|+0.03|0.19|0.9158|
|x|         50|         12|         83|     69225.43571|         24|00:11:24|+0.10|0.22|0.8406|
|x|         31|         12|         83|     69209.49875|         26|00:10:46|+0.08|0.20|0.8556|
|x|         16|         12|         83|     69187.37222|         28|00:10:37|+0.12|0.22|0.8250|
|=|         74|         12|         84|     69206.77700|         30|00:11:09|+0.06|0.16|0.8488|
|x|         49|         12|         84|     69215.13636|         32|00:11:14|+0.04|0.13|0.8810|
|x|         28|         12|         83|     69221.85583|         34|00:10:13|+0.04|0.12|0.8702|
|x|         15|         12|         84|     69224.80385|         36|00:10:57|+0.05|0.12|0.8602|
|x|         35|         12|         83|     69216.47429|         38|00:10:20|+0.05|0.12|0.8623|
|x|         86|         12|         83|     69219.43667|         40|00:10:43|+0.07|0.13|0.8511|
slurmstepd: error: *** JOB 1643896 ON node064 CANCELLED AT 2025-12-28T13:34:49 DUE TO TIME LIMIT ***
