Starting irace...
# 2025-12-29 15:16:14 GMT: Reading parameter file '/gpfs/home/e/exx866/IRACE-b-LAHC/all-instances-fine/X-n214-k11-p1/parameters.txt'.
# 2025-12-29 15:16:15 GMT: Read 1 configuration(s) from file '/gpfs/home/e/exx866/IRACE-b-LAHC/all-instances-fine/X-n214-k11-p1/configurations.txt'
# 2025-12-29 15:16:15 GMT: Initialization
# Elitist race
# Elitist new instances: 1
# Elitist limit: 2
# nbIterations: 3
# minNbSurvival: 10
# nbParameters: 2
# seed: 468474882
# confidence level: 0.95
# budget: 6000
# mu: 10
# deterministic: FALSE

# 2025-12-29 15:16:15 GMT: Iteration 1 of 3
# experimentsUsed: 0
# remainingBudget: 6000
# currentBudget: 2000
# nbConfigurations: 100
# Markers:
     x No test is performed.
     c Configurations are discarded only due to capping.
     - The test is performed and some configurations are discarded.
     = The test is performed but no configuration is discarded.
     ! The test is performed and configurations could be discarded but elite configurations are preserved.
     . All alive configurations are elite and nothing is discarded.

+-+-----------+-----------+-----------+----------------+-----------+--------+-----+----+------+
| |   Instance|      Alive|       Best|       Mean best| Exp so far|  W time|  rho|KenW|  Qvar|
+-+-----------+-----------+-----------+----------------+-----------+--------+-----+----+------+
|x|          1|        100|         93|     11138.32000|        100|00:00:49|   NA|  NA|    NA|
|x|          2|        100|         42|     11181.87000|        200|00:00:47|+0.02|0.51|0.8995|
|x|          3|        100|         42|     11170.81333|        300|00:00:46|-0.02|0.32|0.9936|
|x|          4|        100|         42|     11179.71250|        400|00:00:48|-0.06|0.20|1.0559|
|x|          5|        100|         42|     11180.32600|        500|00:00:47|-0.03|0.18|1.0140|
|x|          6|        100|         42|     11185.76000|        600|00:00:47|-0.03|0.14|1.0100|
|x|          7|        100|         42|     11188.54857|        700|00:00:48|-0.02|0.13|1.0031|
|x|          8|        100|         42|     11187.87250|        800|00:00:47|-0.02|0.11|1.0040|
|x|          9|        100|         42|     11190.89222|        900|00:00:46|-0.02|0.09|1.0008|
|=|         10|        100|         42|     11190.96600|       1000|00:00:48|-0.02|0.09|0.9972|
|x|         11|        100|         42|     11192.67182|       1100|00:00:48|-0.01|0.08|0.9928|
|x|         12|        100|         42|     11199.56833|       1200|00:00:46|-0.00|0.08|0.9892|
|x|         13|        100|         42|     11201.00692|       1300|00:00:47|-0.00|0.07|0.9891|
|x|         14|        100|         42|     11209.97643|       1400|00:00:46|+0.00|0.07|0.9846|
|x|         15|        100|         42|     11214.13800|       1500|00:00:47|-0.00|0.06|0.9882|
|x|         16|        100|         42|     11215.94938|       1600|00:00:45|-0.00|0.06|0.9893|
|x|         17|        100|         89|     11213.95588|       1700|00:00:46|-0.00|0.06|0.9905|
|x|         18|        100|         21|     11215.44056|       1800|00:00:47|-0.00|0.05|0.9880|
|x|         19|        100|         21|     11213.86579|       1900|00:00:46|-0.00|0.05|0.9876|
|=|         20|        100|         89|     11208.99800|       2000|00:00:46|+0.00|0.05|0.9847|
+-+-----------+-----------+-----------+----------------+-----------+--------+-----+----+------+
Best-so-far configuration:          89    mean value:      11208.99800
Description of the best-so-far configuration:
   .ID. his_len max_attempts .PARENT.
89   89    1643          468       NA

# 2025-12-29 15:32:01 GMT: Elite configurations (first number is the configuration ID; listed from best to worst according to the sum of ranks):
   his_len max_attempts
89    1643          468
42    1193          336
21    1106          212
90    1593          368
32    1550          232
80    1519          438
68    1569          219
94    1692          169
41    1538          475
51    1562          326
# 2025-12-29 15:32:01 GMT: Iteration 2 of 3
# experimentsUsed: 2000
# remainingBudget: 4000
# currentBudget: 2000
# nbConfigurations: 73
# Markers:
     x No test is performed.
     c Configurations are discarded only due to capping.
     - The test is performed and some configurations are discarded.
     = The test is performed but no configuration is discarded.
     ! The test is performed and configurations could be discarded but elite configurations are preserved.
     . All alive configurations are elite and nothing is discarded.

+-+-----------+-----------+-----------+----------------+-----------+--------+-----+----+------+
| |   Instance|      Alive|       Best|       Mean best| Exp so far|  W time|  rho|KenW|  Qvar|
+-+-----------+-----------+-----------+----------------+-----------+--------+-----+----+------+
|x|         21|         73|        104|     11094.84000|         73|00:00:35|   NA|  NA|    NA|
|x|          9|         73|         32|     11144.61000|        136|00:00:32|-0.04|0.48|1.0495|
|x|          8|         73|        120|     11194.96000|        199|00:00:32|-0.05|0.30|1.0618|
|x|         16|         73|        133|     11191.84500|        262|00:00:31|-0.07|0.20|1.0699|
|x|         10|         73|        159|     11197.07600|        325|00:00:32|-0.06|0.15|1.0586|
|x|         19|         73|        159|     11199.00000|        388|00:00:31|-0.03|0.14|1.0404|
|x|         11|         73|        159|     11192.94143|        451|00:00:31|-0.02|0.13|1.0265|
|x|         12|         73|         41|     11202.31250|        514|00:00:32|-0.02|0.11|1.0222|
|x|          2|         73|         41|     11201.12889|        577|00:00:32|-0.01|0.10|1.0113|
|=|          4|         73|         41|     11202.63300|        640|00:00:32|-0.00|0.10|0.9984|
|x|          6|         73|        145|     11210.34909|        703|00:00:33|-0.00|0.09|0.9959|
|x|          7|         73|        109|     11202.46583|        766|00:00:32|-0.00|0.08|0.9956|
|x|         17|         73|        119|     11200.75462|        829|00:00:32|-0.01|0.07|0.9970|
|x|         18|         73|        119|     11199.30071|        892|00:00:32|-0.00|0.07|0.9903|
|x|          5|         73|        119|     11204.64067|        955|00:00:32|+0.01|0.07|0.9851|
|x|         13|         73|        159|     11207.71188|       1018|00:00:31|+0.01|0.08|0.9779|
|x|          1|         73|        159|     11209.18059|       1081|00:00:32|+0.01|0.07|0.9790|
|x|         15|         73|        159|     11208.08444|       1144|00:00:32|+0.02|0.07|0.9744|
|x|         14|         73|        144|     11206.79158|       1207|00:00:32|+0.01|0.06|0.9808|
|=|          3|         73|        159|     11209.13650|       1270|00:00:32|+0.01|0.06|0.9798|
|x|         20|         73|        159|     11207.16857|       1333|00:00:32|+0.02|0.06|0.9765|
|x|         22|         73|        159|     11204.43318|       1406|00:00:36|+0.02|0.06|0.9778|
|x|         23|         73|        159|     11204.91652|       1479|00:00:35|+0.02|0.06|0.9734|
|x|         24|         73|        159|     11205.82625|       1552|00:00:36|+0.02|0.06|0.9736|
|x|         25|         73|        159|     11211.02560|       1625|00:00:36|+0.01|0.05|0.9770|
|x|         26|         73|        144|     11204.34346|       1698|00:00:36|+0.01|0.05|0.9750|
|x|         27|         73|        159|     11211.47889|       1771|00:00:36|+0.01|0.05|0.9744|
|x|         28|         73|        159|     11213.75000|       1844|00:00:36|+0.02|0.05|0.9724|
|x|         29|         73|        159|     11211.67310|       1917|00:00:36|+0.01|0.05|0.9736|
|-|         30|         41|        159|     11211.91167|       1990|00:00:35|-0.02|0.02|0.9907|
+-+-----------+-----------+-----------+----------------+-----------+--------+-----+----+------+
Best-so-far configuration:         159    mean value:      11211.91167
Description of the best-so-far configuration:
    .ID. his_len max_attempts .PARENT.
159  159    1578          383       90

# 2025-12-29 15:48:49 GMT: Elite configurations (first number is the configuration ID; listed from best to worst according to the sum of ranks):
    his_len max_attempts
159    1578          383
144    1569          449
107    1568          243
114    1665          456
90     1593          368
161    1515          449
124    1660          167
109    1554          236
42     1193          336
89     1643          468
# 2025-12-29 15:48:49 GMT: Iteration 3 of 3
# experimentsUsed: 3990
# remainingBudget: 2010
# currentBudget: 2010
# nbConfigurations: 57
# Markers:
     x No test is performed.
     c Configurations are discarded only due to capping.
     - The test is performed and some configurations are discarded.
     = The test is performed but no configuration is discarded.
     ! The test is performed and configurations could be discarded but elite configurations are preserved.
     . All alive configurations are elite and nothing is discarded.

+-+-----------+-----------+-----------+----------------+-----------+--------+-----+----+------+
| |   Instance|      Alive|       Best|       Mean best| Exp so far|  W time|  rho|KenW|  Qvar|
+-+-----------+-----------+-----------+----------------+-----------+--------+-----+----+------+
|x|         31|         57|        168|     11128.79000|         57|00:00:30|   NA|  NA|    NA|
|x|          9|         57|        207|     11152.12500|        104|00:00:26|+0.05|0.53|1.0037|
|x|         15|         57|        189|     11189.59667|        151|00:00:26|-0.16|0.23|1.1066|
|x|         25|         57|        197|     11173.41500|        198|00:00:26|-0.09|0.18|1.0392|
|x|         12|         57|        197|     11171.87000|        245|00:00:25|-0.01|0.19|0.9760|
|x|         17|         57|        197|     11172.66167|        292|00:00:25|+0.01|0.18|0.9551|
|x|         13|         57|        197|     11183.15286|        339|00:00:26|+0.04|0.18|0.9229|
|x|         26|         57|        144|     11167.27125|        386|00:00:26|+0.02|0.15|0.9254|
|x|          7|         57|        144|     11168.51556|        433|00:00:26|+0.00|0.11|0.9592|
|=|         19|         57|        144|     11171.30900|        480|00:00:26|+0.01|0.11|0.9552|
|x|          8|         57|        144|     11181.76909|        527|00:00:26|-0.00|0.09|0.9704|
|x|         24|         57|        144|     11180.16083|        574|00:00:26|-0.00|0.08|0.9773|
|x|         11|         57|        144|     11188.86231|        621|00:00:26|-0.00|0.07|0.9814|
|x|         18|         57|        144|     11196.55786|        668|00:00:26|-0.01|0.06|0.9876|
|x|          1|         57|        144|     11197.21200|        715|00:00:25|-0.01|0.06|0.9890|
|x|         10|         57|        144|     11199.27000|        762|00:00:26|-0.01|0.05|0.9900|
|x|         23|         57|        144|     11199.69765|        809|00:00:25|-0.01|0.05|0.9853|
|x|          2|         57|        144|     11196.84111|        856|00:00:26|+0.00|0.06|0.9811|
|x|         27|         57|        114|     11203.03368|        903|00:00:26|+0.00|0.05|0.9797|
|=|         22|         57|        114|     11201.35250|        950|00:00:26|+0.00|0.05|0.9786|
|x|          4|         57|        114|     11200.64619|        997|00:00:26|+0.01|0.05|0.9791|
|x|         16|         57|        114|     11204.56773|       1044|00:00:25|+0.01|0.05|0.9776|
|x|         28|         57|        114|     11202.82565|       1091|00:00:26|+0.01|0.05|0.9753|
|x|         30|         57|        114|     11202.09125|       1138|00:00:26|+0.01|0.05|0.9752|
|x|          3|         57|        114|     11207.77160|       1185|00:00:25|+0.01|0.05|0.9746|
|x|         21|         57|        114|     11209.26269|       1232|00:00:27|+0.01|0.05|0.9749|
|x|          5|         57|        144|     11208.69963|       1279|00:00:26|+0.01|0.05|0.9724|
|x|         20|         57|        144|     11208.12250|       1326|00:00:26|+0.02|0.05|0.9700|
|x|          6|         57|        159|     11212.57310|       1373|00:00:26|+0.02|0.05|0.9716|
|-|         29|         28|        159|     11210.60467|       1420|00:00:26|-0.02|0.02|0.9790|
|x|         14|         28|        159|     11212.61355|       1438|00:00:16|-0.01|0.02|0.9768|
|x|         32|         28|        159|     11209.67375|       1466|00:00:19|-0.01|0.02|0.9764|
|x|         33|         28|        159|     11208.40667|       1494|00:00:19|-0.01|0.02|0.9738|
|x|         34|         28|        159|     11210.62941|       1522|00:00:19|-0.01|0.02|0.9745|
|x|         35|         28|        159|     11210.27343|       1550|00:00:19|-0.01|0.02|0.9723|
|x|         36|         28|        159|     11211.42500|       1578|00:00:19|-0.01|0.02|0.9708|
|x|         37|         28|        124|     11216.31946|       1606|00:00:19|-0.01|0.02|0.9718|
|x|         38|         28|         89|     11222.27763|       1634|00:00:20|-0.01|0.01|0.9740|
|x|         39|         28|         89|     11220.38231|       1662|00:00:19|-0.01|0.01|0.9728|
|=|         40|         28|         89|     11220.57525|       1690|00:00:19|-0.01|0.01|0.9710|
|x|         41|         28|         89|     11220.38927|       1718|00:00:19|-0.01|0.02|0.9695|
|x|         42|         28|         89|     11221.82548|       1746|00:00:19|-0.01|0.02|0.9680|
|x|         43|         28|        124|     11217.64395|       1774|00:00:19|-0.01|0.02|0.9670|
|x|         44|         28|        124|     11217.41023|       1802|00:00:19|-0.01|0.02|0.9663|
|x|         45|         28|        177|     11216.55178|       1830|00:00:19|-0.01|0.01|0.9687|
|x|         46|         28|        124|     11220.18370|       1858|00:00:19|-0.01|0.01|0.9705|
|x|         47|         28|        177|     11221.18660|       1886|00:00:19|-0.01|0.01|0.9706|
|x|         48|         28|        124|     11220.02354|       1914|00:00:19|-0.01|0.01|0.9693|
|x|         49|         28|        144|     11218.63816|       1942|00:00:19|-0.01|0.01|0.9699|
|=|         50|         28|        124|     11219.43420|       1970|00:00:19|-0.01|0.01|0.9691|
+-+-----------+-----------+-----------+----------------+-----------+--------+-----+----+------+
Best-so-far configuration:         124    mean value:      11219.43420
Description of the best-so-far configuration:
    .ID. his_len max_attempts .PARENT.
124  124    1660          167       94

# 2025-12-29 16:08:30 GMT: Elite configurations (first number is the configuration ID; listed from best to worst according to the sum of ranks):
    his_len max_attempts
124    1660          167
144    1569          449
89     1643          468
114    1665          456
177    1576          381
208    1196          335
107    1568          243
210    1664          167
198    1569          380
159    1578          383
# 2025-12-29 16:08:30 GMT: Stopped because there is not enough budget left to race more than the minimum (10).
# You may either increase the budget or set 'minNbSurvival' to a lower value.
# Iteration: 4
# nbIterations: 4
# experimentsUsed: 5960
# timeUsed: 0
# remainingBudget: 40
# currentBudget: 40
# number of elites: 10
# nbConfigurations: 10
# Total CPU user time: 71425.56, CPU sys time: 6028.171, Wall-clock time: 3135.475
# 2025-12-29 16:08:30 GMT: Starting post-selection:
# Configurations selected: 124, 144, 89, 114.
# Pending instances: 0, 0, 0, 0.
# 2025-12-29 16:08:30 GMT: seed: 468474882
# Configurations: 4
# Available experiments: 40
# minSurvival: 1
# Markers:
     x No test is performed.
     c Configurations are discarded only due to capping.
     - The test is performed and some configurations are discarded.
     = The test is performed but no configuration is discarded.
     ! The test is performed and configurations could be discarded but elite configurations are preserved.
     . All alive configurations are elite and nothing is discarded.

+-+-----------+-----------+-----------+----------------+-----------+--------+-----+----+------+
| |   Instance|      Alive|       Best|       Mean best| Exp so far|  W time|  rho|KenW|  Qvar|
+-+-----------+-----------+-----------+----------------+-----------+--------+-----+----+------+
|.|         37|          4|        124|     11112.34000|          0|00:00:00|   NA|  NA|    NA|
|.|         41|          4|        124|     11133.13000|          0|00:00:00|-0.20|0.40|0.5182|
|.|         45|          4|        124|     11182.34667|          0|00:00:00|-0.20|0.20|0.9088|
|.|         42|          4|        124|     11179.25750|          0|00:00:00|-0.10|0.17|0.7403|
|.|         12|          4|        124|     11181.18800|          0|00:00:00|+0.02|0.22|0.7059|
|.|         30|          4|        124|     11194.17333|          0|00:00:00|-0.03|0.14|0.7459|
|.|         50|          4|        124|     11184.25857|          0|00:00:00|-0.04|0.11|0.7493|
|.|         40|          4|        124|     11193.86625|          0|00:00:00|-0.01|0.12|0.7314|
|.|         34|          4|        124|     11202.42444|          0|00:00:00|-0.06|0.06|0.7845|
|.|         48|          4|        124|     11197.48700|          0|00:00:00|-0.07|0.04|0.7961|
|.|         49|          4|        124|     11205.51636|          0|00:00:00|-0.05|0.05|0.7980|
|.|          4|          4|        124|     11202.86417|          0|00:00:00|-0.01|0.07|0.7753|
|.|          6|          4|        124|     11201.30538|          0|00:00:00|-0.01|0.07|0.7749|
|.|         18|          4|        124|     11201.67286|          0|00:00:00|-0.04|0.04|0.7883|
|.|         10|          4|        124|     11212.56733|          0|00:00:00|-0.05|0.02|0.7920|
|.|         21|          4|        124|     11210.41562|          0|00:00:00|-0.03|0.03|0.7781|
|.|         46|          4|        124|     11214.60412|          0|00:00:00|-0.05|0.01|0.7823|
|.|         14|          4|        124|     11217.37333|          0|00:00:00|-0.04|0.02|0.7750|
|.|          2|          4|        124|     11218.39684|          0|00:00:00|-0.03|0.02|0.7694|
|.|         47|          4|        124|     11221.45850|          0|00:00:00|-0.01|0.04|0.7554|
|.|         22|          4|        124|     11219.58429|          0|00:00:00|-0.02|0.03|0.7669|
|.|         39|          4|        124|     11220.91000|          0|00:00:00|-0.03|0.02|0.7743|
|.|         27|          4|        124|     11222.97565|          0|00:00:00|-0.04|0.01|0.7763|
|.|         19|          4|        124|     11222.87917|          0|00:00:00|-0.03|0.01|0.7695|
|.|         23|          4|        124|     11220.33040|          0|00:00:00|-0.03|0.01|0.7707|
|.|         43|          4|        124|     11220.29269|          0|00:00:00|-0.03|0.01|0.7745|
|.|          3|          4|        124|     11216.61481|          0|00:00:00|-0.04|0.00|0.7771|
|.|          9|          4|        124|     11217.45714|          0|00:00:00|-0.03|0.01|0.7738|
|.|         13|          4|        124|     11217.20621|          0|00:00:00|-0.03|0.01|0.7727|
|.|         38|          4|        124|     11220.02400|          0|00:00:00|-0.03|0.01|0.7712|
|.|          8|          4|        124|     11222.22774|          0|00:00:00|-0.02|0.01|0.7688|
|.|         33|          4|        124|     11223.98750|          0|00:00:00|-0.02|0.01|0.7653|
|.|         29|          4|        124|     11223.22364|          0|00:00:00|-0.02|0.01|0.7672|
|.|         15|          4|        124|     11223.58882|          0|00:00:00|-0.01|0.02|0.7624|
|.|         25|          4|        124|     11223.61657|          0|00:00:00|-0.01|0.01|0.7607|
|.|         16|          4|        124|     11222.55806|          0|00:00:00|-0.02|0.01|0.7639|
|.|          1|          4|        124|     11223.46189|          0|00:00:00|-0.01|0.01|0.7601|
|.|         11|          4|        124|     11223.63684|          0|00:00:00|-0.01|0.01|0.7593|
|.|         32|          4|        124|     11223.81590|          0|00:00:00|-0.02|0.01|0.7618|
|.|         31|          4|        124|     11223.57675|          0|00:00:00|-0.02|0.01|0.7638|
|.|         24|          4|        124|     11223.85585|          0|00:00:00|-0.02|0.01|0.7629|
|.|         26|          4|        124|     11224.38571|          0|00:00:00|-0.02|0.01|0.7617|
|.|          5|          4|        124|     11224.86419|          0|00:00:00|-0.02|0.01|0.7619|
|.|         44|          4|        124|     11224.46636|          0|00:00:00|-0.02|0.01|0.7631|
|.|         36|          4|        124|     11222.76156|          0|00:00:00|-0.02|0.00|0.7650|
|.|         17|          4|        124|     11222.88500|          0|00:00:00|-0.02|0.00|0.7626|
|.|         28|          4|        124|     11222.57745|          0|00:00:00|-0.02|0.00|0.7630|
|.|          7|          4|        124|     11221.38583|          0|00:00:00|-0.02|0.00|0.7635|
|.|         35|          4|        124|     11220.16143|          0|00:00:00|-0.02|0.00|0.7641|
|.|         20|          4|        124|     11219.43420|          0|00:00:00|-0.02|0.00|0.7634|
|x|         51|          4|         89|     11224.36255|          4|00:00:12|-0.02|0.00|0.7629|
|x|         52|          4|        144|     11219.02808|          8|00:00:12|-0.02|0.00|0.7626|
|x|         53|          4|        144|     11218.64491|         12|00:00:12|-0.02|0.00|0.7625|
|x|         54|          4|        144|     11219.61148|         16|00:00:12|-0.02|0.00|0.7626|
|x|         55|          4|         89|     11225.91255|         20|00:00:12|-0.02|0.00|0.7623|
|x|         56|          4|        144|     11217.65286|         24|00:00:12|-0.02|0.00|0.7616|
|x|         57|          4|        144|     11218.62579|         28|00:00:12|-0.02|0.00|0.7612|
|x|         58|          4|        124|     11219.19276|         32|00:00:11|-0.02|0.00|0.7603|
|x|         59|          4|        124|     11219.37475|         36|00:00:11|-0.02|0.00|0.7610|
|=|         60|          4|        144|     11221.16167|         40|00:00:12|-0.02|0.00|0.7612|
+-+-----------+-----------+-----------+----------------+-----------+--------+-----+----+------+
Best-so-far configuration:         144    mean value:      11221.16167
Description of the best-so-far configuration:
    .ID. his_len max_attempts .PARENT.
144  144    1569          449       89

# 2025-12-29 16:10:33 GMT: Elite configurations (first number is the configuration ID; listed from best to worst according to the sum of ranks):
    his_len max_attempts
144    1569          449
124    1660          167
89     1643          468
114    1665          456
# Total CPU user time: 71885.39, CPU sys time: 6048.889, Wall-clock time: 3258.767
# Best configurations (first number is the configuration ID; listed from best to worst according to the sum of ranks):
    his_len max_attempts
144    1569          449
124    1660          167
89     1643          468
114    1665          456
# Best configurations as commandlines (first number is the configuration ID; listed from best to worst according to the sum of ranks):
144 -his_len 1569 -max_attempts 449
124 -his_len 1660 -max_attempts 167
89  -his_len 1643 -max_attempts 468
114 -his_len 1665 -max_attempts 456


# Testing of elite configurations: 1 
# Testing iteration configurations: FALSE 
# 2025-12-29 16:10:33 GMT: No test instances, skip testing
