Starting irace...
# 2025-12-26 13:34:56 GMT: Reading parameter file '/gpfs/home/e/exx866/IRACE-b-LAHC/all-instances-rough/X-n698-k75-s13/parameters.txt'.
# 2025-12-26 13:34:56 GMT: Read 1 configuration(s) from file '/gpfs/home/e/exx866/IRACE-b-LAHC/all-instances-rough/X-n698-k75-s13/configurations.txt'
# 2025-12-26 13:34:57 GMT: Initialization
# Elitist race
# Elitist new instances: 1
# Elitist limit: 2
# nbIterations: 3
# minNbSurvival: 10
# nbParameters: 2
# seed: 485522230
# confidence level: 0.95
# budget: 3500
# mu: 10
# deterministic: FALSE

# 2025-12-26 13:34:57 GMT: Iteration 1 of 3
# experimentsUsed: 0
# remainingBudget: 3500
# currentBudget: 1166
# nbConfigurations: 58
# Markers:
     x No test is performed.
     c Configurations are discarded only due to capping.
     - The test is performed and some configurations are discarded.
     = The test is performed but no configuration is discarded.
     ! The test is performed and configurations could be discarded but elite configurations are preserved.
     . All alive configurations are elite and nothing is discarded.

+-+-----------+-----------+-----------+----------------+-----------+--------+-----+----+------+
| |   Instance|      Alive|       Best|       Mean best| Exp so far|  W time|  rho|KenW|  Qvar|
+-+-----------+-----------+-----------+----------------+-----------+--------+-----+----+------+
|x|          1|         58|         35|     68731.77000|         58|00:24:57|   NA|  NA|    NA|
|x|          2|         58|          6|     68824.68500|        116|00:30:08|+0.49|0.74|0.4126|
|x|          3|         58|          6|     68778.20333|        174|00:27:14|+0.49|0.66|0.3371|
|x|          4|         58|          6|     68812.97750|        232|00:30:52|+0.56|0.67|0.2895|
|x|          5|         58|          2|     68878.44600|        290|00:30:59|+0.58|0.67|0.2655|
|x|          6|         58|         31|     68899.27167|        348|00:27:30|+0.61|0.67|0.2533|
|x|          7|         58|         31|     68881.06714|        406|00:29:04|+0.63|0.68|0.2372|
|x|          8|         58|         31|     68890.59875|        464|00:28:20|+0.64|0.68|0.2322|
|x|          9|         58|         31|     68893.46000|        522|00:28:18|+0.66|0.69|0.2212|
|-|         10|         14|         31|     68874.93300|        580|00:27:40|-0.02|0.08|0.9318|
|x|         11|         14|          9|     68900.90364|        594|00:16:57|-0.01|0.08|0.9258|
|x|         12|         14|         51|     68896.61083|        608|00:11:48|+0.01|0.09|0.9104|
|x|         13|         14|         31|     68885.64462|        622|00:12:21|-0.00|0.07|0.9228|
|x|         14|         14|          9|     68890.58714|        636|00:11:45|-0.00|0.07|0.9200|
|x|         15|         14|          9|     68884.20133|        650|00:11:59|+0.01|0.08|0.9046|
|x|         16|         14|         51|     68888.15500|        664|00:12:25|+0.01|0.07|0.9158|
|x|         17|         14|         51|     68882.13706|        678|00:12:08|+0.01|0.07|0.9110|
|x|         18|         14|         51|     68885.47389|        692|00:11:27|+0.01|0.06|0.9160|
|x|         19|         14|         51|     68893.92421|        706|00:12:16|+0.01|0.06|0.9133|
|=|         20|         14|         51|     68897.94850|        720|00:11:42|+0.01|0.06|0.9110|
|x|         21|         14|         51|     68905.62476|        734|00:12:08|+0.01|0.05|0.9125|
|x|         22|         14|          9|     68901.89318|        748|00:12:23|+0.01|0.06|0.9084|
|x|         23|         14|          9|     68900.09913|        762|00:11:52|+0.02|0.06|0.9011|
|x|         24|         14|          9|     68895.72833|        776|00:11:05|+0.01|0.06|0.9080|
|x|         25|         14|          9|     68893.13040|        790|00:11:52|+0.02|0.06|0.9040|
|x|         26|         14|          9|     68888.56500|        804|00:12:07|+0.02|0.06|0.8987|
|x|         27|         14|          9|     68894.19926|        818|00:12:37|+0.02|0.05|0.9045|
|x|         28|         14|          9|     68893.09286|        832|00:11:43|+0.02|0.06|0.9014|
|x|         29|         14|          9|     68896.63586|        846|00:12:57|+0.02|0.06|0.8979|
|=|         30|         14|          9|     68897.21667|        860|00:11:33|+0.02|0.06|0.8976|
+-+-----------+-----------+-----------+----------------+-----------+--------+-----+----+------+
Best-so-far configuration:           9    mean value:      68897.21667
Description of the best-so-far configuration:
  .ID. his_len max_attempts .PARENT.
9    9   12512          311       NA

# 2025-12-26 22:25:20 GMT: Elite configurations (first number is the configuration ID; listed from best to worst according to the sum of ranks):
   his_len max_attempts
9    12512          311
51   12820          271
31    9434          482
21   10665          451
53   17745          146
6    17437          186
39    9741          350
45   15898          193
35   12204          162
14    8818          279
# 2025-12-26 22:25:20 GMT: Iteration 2 of 3
# experimentsUsed: 860
# remainingBudget: 2640
# currentBudget: 1320
# nbConfigurations: 40
# Markers:
     x No test is performed.
     c Configurations are discarded only due to capping.
     - The test is performed and some configurations are discarded.
     = The test is performed but no configuration is discarded.
     ! The test is performed and configurations could be discarded but elite configurations are preserved.
     . All alive configurations are elite and nothing is discarded.

+-+-----------+-----------+-----------+----------------+-----------+--------+-----+----+------+
| |   Instance|      Alive|       Best|       Mean best| Exp so far|  W time|  rho|KenW|  Qvar|
+-+-----------+-----------+-----------+----------------+-----------+--------+-----+----+------+
|x|         31|         40|         85|     68726.83000|         40|00:21:41|   NA|  NA|    NA|
|x|          1|         40|         85|     68706.75500|         70|00:13:27|+0.01|0.51|0.9010|
|x|          7|         40|         72|     68808.14667|        100|00:14:42|+0.09|0.39|0.8936|
|x|         17|         40|         72|     68798.61500|        130|00:17:02|+0.14|0.36|0.8381|
|x|         29|         40|         72|     68836.71000|        160|00:15:39|+0.11|0.29|0.8611|
|x|         18|         40|         72|     68843.86000|        190|00:14:30|+0.13|0.28|0.8485|
|x|          2|         40|         21|     68867.70429|        220|00:16:18|+0.14|0.26|0.8320|
|x|         19|         40|         21|     68867.45625|        250|00:18:02|+0.13|0.24|0.8351|
|x|         15|         40|         21|     68868.46222|        280|00:14:34|+0.12|0.22|0.8437|
|-|         12|         31|         31|     68878.90300|        310|00:14:15|-0.01|0.09|0.9681|
|x|          4|         31|         31|     68875.45818|        331|00:13:53|-0.00|0.09|0.9625|
|x|          6|         31|         31|     68862.38250|        352|00:12:12|+0.02|0.10|0.9362|
|x|         13|         31|         77|     68870.22462|        373|00:13:05|+0.03|0.10|0.9258|
|x|         27|         31|         77|     68870.10857|        394|00:14:42|+0.04|0.11|0.9164|
|x|         11|         31|         77|     68869.71800|        415|00:13:51|+0.05|0.11|0.9057|
|x|          3|         31|         77|     68870.19562|        436|00:12:51|+0.04|0.10|0.9145|
|x|         10|         31|         77|     68869.18529|        457|00:12:58|+0.04|0.10|0.9120|
|x|         21|         31|         77|     68867.85500|        478|00:12:48|+0.04|0.10|0.9069|
|x|         22|         31|         77|     68870.28526|        499|00:13:59|+0.04|0.09|0.9134|
|-|         30|         24|         77|     68867.03200|        520|00:12:39|+0.01|0.06|0.9346|
|x|          8|         24|         77|     68863.70381|        534|00:10:40|+0.01|0.06|0.9317|
|x|         16|         24|         77|     68868.28000|        548|00:11:18|+0.01|0.05|0.9358|
|x|         28|         24|         77|     68881.31522|        562|00:10:49|+0.00|0.05|0.9404|
|x|         24|         24|         77|     68895.05292|        576|00:10:12|-0.00|0.04|0.9500|
|x|         23|         24|         77|     68893.00840|        590|00:10:52|-0.00|0.04|0.9486|
|x|         20|         24|         77|     68893.19077|        604|00:10:59|+0.01|0.04|0.9423|
|x|          5|         24|         77|     68896.32000|        618|00:11:03|+0.00|0.04|0.9471|
|x|         26|         24|         77|     68895.14393|        632|00:11:01|+0.01|0.04|0.9411|
|x|          9|         24|         77|     68894.19345|        646|00:11:34|+0.01|0.04|0.9440|
|=|         14|         24|         77|     68900.80067|        660|00:10:34|+0.00|0.04|0.9456|
|x|         25|         24|         77|     68900.31258|        674|00:11:07|+0.00|0.03|0.9441|
|x|         32|         24|         77|     68899.34281|        698|00:14:32|+0.01|0.04|0.9394|
|x|         33|         24|         77|     68897.68727|        722|00:12:51|+0.01|0.04|0.9334|
|x|         34|         24|         77|     68895.36059|        746|00:13:06|+0.02|0.04|0.9307|
|x|         35|         24|         77|     68893.73629|        770|00:13:43|+0.02|0.04|0.9293|
|x|         36|         24|         77|     68889.59556|        794|00:13:03|+0.02|0.05|0.9286|
|x|         37|         24|         77|     68886.41757|        818|00:13:47|+0.02|0.05|0.9239|
|x|         38|         24|         77|     68885.14579|        842|00:13:05|+0.02|0.05|0.9239|
|x|         39|         24|         77|     68887.43333|        866|00:13:07|+0.02|0.05|0.9207|
|-|         40|         15|         77|     68890.13100|        890|00:13:48|-0.01|0.01|0.9463|
|x|         41|         15|         77|     68887.20537|        905|00:11:56|-0.01|0.01|0.9440|
|x|         42|         15|         77|     68890.91667|        920|00:10:47|-0.01|0.01|0.9437|
|x|         43|         15|         77|     68891.23419|        935|00:10:32|-0.01|0.01|0.9437|
|x|         44|         15|         77|     68892.66955|        950|00:10:28|-0.01|0.01|0.9439|
|x|         45|         15|         77|     68892.95422|        965|00:10:46|-0.01|0.01|0.9453|
|x|         46|         15|         77|     68891.26370|        980|00:11:32|-0.01|0.01|0.9443|
|x|         47|         15|         77|     68890.89936|        995|00:11:15|-0.01|0.01|0.9439|
|x|         48|         15|         77|     68891.26688|       1010|00:10:41|-0.01|0.01|0.9431|
|x|         49|         15|         77|     68894.36265|       1025|00:10:38|-0.01|0.01|0.9437|
|=|         50|         15|         77|     68895.92660|       1040|00:11:12|-0.01|0.01|0.9429|
|x|         51|         15|         77|     68895.01882|       1055|00:10:47|-0.01|0.01|0.9419|
|x|         52|         15|         77|     68892.05577|       1070|00:11:16|-0.00|0.01|0.9408|
|x|         53|         15|         77|     68891.09226|       1085|00:10:20|-0.00|0.01|0.9398|
|x|         54|         15|         77|     68895.19444|       1100|00:11:04|-0.00|0.01|0.9413|
|x|         55|         15|         77|     68894.89473|       1115|00:12:24|-0.00|0.01|0.9412|
|x|         56|         15|         77|     68897.93446|       1130|00:11:01|-0.01|0.01|0.9427|
|x|         57|         15|         77|     68894.91667|       1145|00:11:00|-0.01|0.01|0.9422|
|x|         58|         15|         77|     68891.94103|       1160|00:10:40|-0.00|0.01|0.9404|
|x|         59|         15|         77|     68895.66661|       1175|00:10:31|-0.01|0.01|0.9409|
|=|         60|         15|         77|     68894.45050|       1190|00:10:29|-0.01|0.01|0.9412|
+-+-----------+-----------+-----------+----------------+-----------+--------+-----+----+------+
Best-so-far configuration:          77    mean value:      68894.45050
Description of the best-so-far configuration:
   .ID. his_len max_attempts .PARENT.
77   77    9575          485       31

# 2025-12-27 10:59:29 GMT: Elite configurations (first number is the configuration ID; listed from best to worst according to the sum of ranks):
   his_len max_attempts
77    9575          485
80   10527          361
31    9434          482
21   10665          451
9    12512          311
51   12820          271
64   11667          443
68    8133          452
66    9074          456
72   12920          320
# 2025-12-27 10:59:29 GMT: Iteration 3 of 3
# experimentsUsed: 2050
# remainingBudget: 1450
# currentBudget: 1450
# nbConfigurations: 29
# Markers:
     x No test is performed.
     c Configurations are discarded only due to capping.
     - The test is performed and some configurations are discarded.
     = The test is performed but no configuration is discarded.
     ! The test is performed and configurations could be discarded but elite configurations are preserved.
     . All alive configurations are elite and nothing is discarded.

+-+-----------+-----------+-----------+----------------+-----------+--------+-----+----+------+
| |   Instance|      Alive|       Best|       Mean best| Exp so far|  W time|  rho|KenW|  Qvar|
+-+-----------+-----------+-----------+----------------+-----------+--------+-----+----+------+
|x|         61|         29|         64|     68602.06000|         29|00:13:18|   NA|  NA|    NA|
|x|         31|         29|         99|     68733.63500|         48|00:12:58|+0.09|0.55|0.8794|
|x|         45|         29|        100|     68852.25000|         67|00:11:32|-0.17|0.22|1.1184|
|x|         27|         29|         68|     68832.68000|         86|00:12:16|-0.08|0.19|1.0347|
|x|         53|         29|         77|     68883.46400|        105|00:10:58|-0.07|0.14|1.0429|
|x|         32|         29|         72|     68861.82500|        124|00:11:26|-0.01|0.16|0.9930|
|x|         24|         29|        101|     68855.93143|        143|00:11:19|-0.01|0.14|0.9905|
|x|         33|         29|         92|     68886.32250|        162|00:11:07|-0.03|0.10|1.0154|
|x|         37|         29|         92|     68887.88333|        181|00:11:56|-0.05|0.06|1.0341|
|=|         36|         29|         92|     68888.34100|        200|00:11:14|-0.03|0.07|1.0128|
|x|         54|         29|         92|     68889.84818|        219|00:12:07|-0.04|0.06|1.0163|
|x|         13|         29|         92|     68885.57000|        238|00:12:41|-0.02|0.06|1.0061|
|x|         20|         29|         90|     68874.04462|        257|00:11:23|-0.02|0.06|0.9970|
|x|         38|         29|         92|     68886.06286|        276|00:11:03|-0.02|0.05|0.9995|
|x|         60|         29|         92|     68875.80267|        295|00:12:05|-0.02|0.05|0.9918|
|x|         16|         29|         92|     68883.46437|        314|00:11:35|-0.01|0.05|0.9881|
|x|         48|         29|         92|     68879.91529|        333|00:11:19|-0.01|0.05|0.9840|
|x|          2|         29|         92|     68874.08722|        352|00:12:40|-0.00|0.05|0.9765|
|x|         10|         29|         92|     68871.54158|        371|00:11:11|+0.00|0.05|0.9719|
|=|         47|         29|         92|     68877.47050|        390|00:11:27|-0.00|0.05|0.9742|
|x|         34|         29|         92|     68881.71238|        409|00:12:25|-0.00|0.05|0.9709|
|x|          9|         29|         77|     68890.95682|        428|00:12:37|+0.00|0.05|0.9671|
|x|         30|         29|         77|     68887.22913|        447|00:11:15|+0.00|0.05|0.9648|
|x|          8|         29|         77|     68883.47542|        466|00:11:33|+0.00|0.04|0.9674|
|x|         58|         29|         77|     68877.02960|        485|00:12:02|+0.00|0.04|0.9661|
|x|         43|         29|         77|     68878.08885|        504|00:10:50|+0.00|0.04|0.9664|
|x|         23|         29|         77|     68876.82407|        523|00:11:52|+0.00|0.04|0.9655|
|x|         26|         29|         77|     68876.34429|        542|00:11:54|+0.00|0.04|0.9658|
|x|         35|         29|         77|     68875.03966|        561|00:12:26|+0.00|0.04|0.9655|
|=|         44|         29|         77|     68877.68467|        580|00:12:14|-0.00|0.03|0.9694|
|x|          3|         29|         77|     68877.67419|        599|00:11:38|-0.01|0.03|0.9707|
|x|         22|         29|         77|     68878.81031|        618|00:11:35|-0.01|0.03|0.9708|
|x|         15|         29|         77|     68872.51303|        637|00:11:56|-0.00|0.03|0.9690|
|x|         14|         29|         77|     68878.98059|        656|00:13:10|-0.00|0.03|0.9663|
|x|         50|         29|         77|     68881.65429|        675|00:12:32|-0.00|0.03|0.9669|
|x|         59|         29|         77|     68888.04583|        694|00:11:19|-0.00|0.03|0.9663|
|x|         39|         29|         77|     68890.37865|        713|00:11:08|-0.00|0.02|0.9673|
|x|         28|         29|        101|     68884.67000|        732|00:11:12|-0.01|0.02|0.9709|
|x|         46|         29|        101|     68883.92564|        751|00:12:15|-0.00|0.02|0.9675|
|=|         25|         29|        101|     68888.33325|        770|00:11:23|-0.00|0.02|0.9680|
|x|          1|         29|        101|     68886.54341|        789|00:10:33|-0.00|0.02|0.9664|
|x|         52|         29|        101|     68884.82357|        808|00:11:58|-0.00|0.02|0.9658|
|x|         21|         29|        101|     68884.75140|        827|00:12:10|+0.00|0.02|0.9633|
|x|         19|         29|        101|     68882.32591|        846|00:12:27|+0.00|0.02|0.9621|
|x|          6|         29|        101|     68888.06089|        865|00:11:48|-0.00|0.02|0.9630|
|x|         42|         29|        101|     68888.93913|        884|00:12:06|-0.00|0.02|0.9634|
|x|         40|         29|        101|     68886.62383|        903|00:12:33|+0.00|0.02|0.9624|
|x|         18|         29|        101|     68890.20750|        922|00:11:30|+0.00|0.02|0.9628|
|x|         12|         29|        101|     68890.47612|        941|00:12:13|+0.00|0.02|0.9628|
|=|         56|         29|        101|     68891.75120|        960|00:10:56|-0.00|0.02|0.9639|
|x|         57|         29|         77|     68894.33843|        979|00:12:07|-0.00|0.02|0.9631|
|x|          7|         29|         77|     68891.20096|        998|00:12:04|-0.00|0.02|0.9626|
|x|          4|         29|         77|     68890.04887|       1017|00:13:15|-0.00|0.02|0.9633|
|x|         41|         29|         77|     68887.82907|       1036|00:12:54|+0.00|0.02|0.9620|
|x|         51|         29|         77|     68887.13455|       1055|00:12:22|-0.00|0.02|0.9636|
|x|         11|         29|         77|     68886.72589|       1074|00:12:23|-0.00|0.02|0.9635|
|x|         29|         29|         77|     68889.53298|       1093|00:13:27|-0.00|0.02|0.9635|
|x|          5|         29|         77|     68891.05276|       1112|00:11:39|-0.00|0.02|0.9652|
|x|         17|         29|         77|     68892.57966|       1131|00:11:20|-0.00|0.02|0.9658|
|=|         55|         29|         77|     68892.34850|       1150|00:13:00|-0.00|0.02|0.9662|
|x|         49|         29|         77|     68894.81754|       1169|00:11:48|-0.00|0.01|0.9673|
|x|         62|         29|         77|     68895.71952|       1198|00:14:55|-0.00|0.01|0.9679|
|x|         63|         29|         77|     68895.51302|       1227|00:14:04|-0.00|0.01|0.9672|
|x|         64|         29|         77|     68895.40000|       1256|00:13:09|-0.00|0.01|0.9671|
|x|         65|         29|         77|     68895.59938|       1285|00:13:06|-0.00|0.01|0.9672|
|x|         66|         29|         77|     68898.10030|       1314|00:12:53|-0.00|0.01|0.9674|
|x|         67|         29|         77|     68897.20254|       1343|00:12:50|-0.00|0.01|0.9679|
|x|         68|         29|         77|     68898.61603|       1372|00:13:15|-0.00|0.01|0.9682|
|x|         69|         29|         77|     68899.16812|       1401|00:14:46|-0.00|0.01|0.9676|
|=|         70|         29|         77|     68895.91886|       1430|00:13:20|-0.00|0.01|0.9675|
+-+-----------+-----------+-----------+----------------+-----------+--------+-----+----+------+
Best-so-far configuration:          77    mean value:      68895.91886
Description of the best-so-far configuration:
   .ID. his_len max_attempts .PARENT.
77   77    9575          485       31

# 2025-12-28 01:09:46 GMT: Elite configurations (first number is the configuration ID; listed from best to worst according to the sum of ranks):
    his_len max_attempts
77     9575          485
98     9784          494
90     9029          492
101   10283          449
107    9767          483
31     9434          482
104    9807          486
92    12540          295
91     9131          463
80    10527          361
# 2025-12-28 01:09:46 GMT: Stopped because there is not enough budget left to race more than the minimum (10).
# You may either increase the budget or set 'minNbSurvival' to a lower value.
# Iteration: 4
# nbIterations: 4
# experimentsUsed: 3480
# timeUsed: 0
# remainingBudget: 20
# currentBudget: 20
# number of elites: 10
# nbConfigurations: 10
# Total CPU user time: 2609878, CPU sys time: 2025.077, Wall-clock time: 128089.7
# Best configurations (first number is the configuration ID; listed from best to worst according to the sum of ranks):
    his_len max_attempts
77     9575          485
98     9784          494
90     9029          492
101   10283          449
107    9767          483
31     9434          482
104    9807          486
92    12540          295
91     9131          463
80    10527          361
# Best configurations as commandlines (first number is the configuration ID; listed from best to worst according to the sum of ranks):
77  -his_len 9575 -max_attempts 485
98  -his_len 9784 -max_attempts 494
90  -his_len 9029 -max_attempts 492
101 -his_len 10283 -max_attempts 449
107 -his_len 9767 -max_attempts 483
31  -his_len 9434 -max_attempts 482
104 -his_len 9807 -max_attempts 486
92  -his_len 12540 -max_attempts 295
91  -his_len 9131 -max_attempts 463
80  -his_len 10527 -max_attempts 361


# Testing of elite configurations: 1 
# Testing iteration configurations: FALSE 
# 2025-12-28 01:09:46 GMT: No test instances, skip testing
