Starting irace...
# 2025-12-26 13:34:54 GMT: Reading parameter file '/gpfs/home/e/exx866/IRACE-b-LAHC/all-instances-rough/E-n60-k5-s9/parameters.txt'.
# 2025-12-26 13:34:54 GMT: Read 1 configuration(s) from file '/gpfs/home/e/exx866/IRACE-b-LAHC/all-instances-rough/E-n60-k5-s9/configurations.txt'
# 2025-12-26 13:34:55 GMT: Initialization
# Elitist race
# Elitist new instances: 1
# Elitist limit: 2
# nbIterations: 3
# minNbSurvival: 10
# nbParameters: 2
# seed: 1061287716
# confidence level: 0.95
# budget: 3500
# mu: 10
# deterministic: FALSE

# 2025-12-26 13:34:55 GMT: Iteration 1 of 3
# experimentsUsed: 0
# remainingBudget: 3500
# currentBudget: 1166
# nbConfigurations: 58
# Markers:
     x No test is performed.
     c Configurations are discarded only due to capping.
     - The test is performed and some configurations are discarded.
     = The test is performed but no configuration is discarded.
     ! The test is performed and configurations could be discarded but elite configurations are preserved.
     . All alive configurations are elite and nothing is discarded.

+-+-----------+-----------+-----------+----------------+-----------+--------+-----+----+------+
| |   Instance|      Alive|       Best|       Mean best| Exp so far|  W time|  rho|KenW|  Qvar|
+-+-----------+-----------+-----------+----------------+-----------+--------+-----+----+------+
|x|          1|         58|          1|     528.4700000|         58|00:00:46|   NA|  NA|    NA|
|x|          2|         58|          1|     528.4700000|        116|00:00:35|+0.67|0.83|0.4036|
|x|          3|         58|         13|     528.4700000|        174|00:00:40|+0.59|0.72|0.5197|
|x|          4|         58|         15|     528.4700000|        232|00:00:39|+0.60|0.70|0.4846|
|x|          5|         58|         15|     528.4700000|        290|00:00:39|+0.63|0.70|0.4656|
|x|          6|         58|         15|     528.4700000|        348|00:00:39|+0.66|0.71|0.4294|
|x|          7|         58|         31|     528.4700000|        406|00:00:45|+0.59|0.65|0.4859|
|x|          8|         58|         31|     528.4700000|        464|00:00:39|+0.54|0.59|0.5407|
|x|          9|         58|         31|     528.4700000|        522|00:00:36|+0.53|0.59|0.5377|
|-|         10|         12|         31|     528.4700000|        580|00:00:39|+0.19|0.27|0.9259|
|x|         11|         12|         31|     528.4700000|        592|00:00:22|+0.24|0.31|0.9006|
|x|         12|         12|         31|     528.4700000|        604|00:00:17|+0.24|0.30|0.8843|
|x|         13|         12|         40|     528.4700000|        616|00:00:06|+0.20|0.26|0.8880|
|x|         14|         12|         40|     528.4700000|        628|00:00:05|+0.24|0.29|0.8687|
|x|         15|         12|         40|     528.4700000|        640|00:00:06|+0.24|0.29|0.8781|
|x|         16|         12|         40|     528.4700000|        652|00:00:07|+0.21|0.26|0.8859|
|x|         17|         12|         40|     528.4700000|        664|00:00:04|+0.20|0.25|0.8356|
|x|         18|         12|         40|     528.4700000|        676|00:00:05|+0.23|0.27|0.8193|
|x|         19|         12|         40|     528.4700000|        688|00:00:05|+0.20|0.24|0.8165|
|-|         20|          6|         40|     528.4700000|        700|00:00:06|+0.01|0.06|0.3717|
+-+-----------+-----------+-----------+----------------+-----------+--------+-----+----+------+
Best-so-far configuration:          40    mean value:      528.4700000
Description of the best-so-far configuration:
   .ID. his_len max_attempts .PARENT.
40   40    3058            6       NA

# 2025-12-26 13:43:07 GMT: Elite configurations (first number is the configuration ID; listed from best to worst according to the sum of ranks):
   his_len max_attempts
40    3058            6
8     2750           45
15    3981          139
31     903          217
51    7368           53
16   18757           14
# 2025-12-26 13:43:07 GMT: Iteration 2 of 3
# experimentsUsed: 700
# remainingBudget: 2800
# currentBudget: 1400
# nbConfigurations: 50
# Markers:
     x No test is performed.
     c Configurations are discarded only due to capping.
     - The test is performed and some configurations are discarded.
     = The test is performed but no configuration is discarded.
     ! The test is performed and configurations could be discarded but elite configurations are preserved.
     . All alive configurations are elite and nothing is discarded.

+-+-----------+-----------+-----------+----------------+-----------+--------+-----+----+------+
| |   Instance|      Alive|       Best|       Mean best| Exp so far|  W time|  rho|KenW|  Qvar|
+-+-----------+-----------+-----------+----------------+-----------+--------+-----+----+------+
|x|         21|         50|         40|     528.4700000|         50|00:00:18|   NA|  NA|    NA|
|x|         14|         50|         40|     528.4700000|         94|00:00:16|+0.16|0.58|0.6442|
|x|         17|         50|         40|     528.4700000|        138|00:00:16|+0.10|0.40|0.8312|
|x|         16|         50|         40|     528.4700000|        182|00:00:17|+0.14|0.36|0.8579|
|x|          2|         50|         40|     528.4700000|        226|00:00:26|+0.18|0.34|0.8749|
|x|         12|         50|         40|     528.4700000|        270|00:00:30|+0.17|0.31|0.8877|
|x|         19|         50|         40|     528.4700000|        314|00:00:29|+0.20|0.31|0.8627|
|x|          1|         50|         40|     528.4700000|        358|00:00:28|+0.20|0.30|0.8654|
|x|          8|         50|         40|     528.4700000|        402|00:00:28|+0.21|0.29|0.8408|
|-|          6|         36|         40|     528.4700000|        446|00:00:29|+0.04|0.14|0.7516|
|x|          4|         36|         40|     528.4700000|        476|00:00:20|+0.05|0.14|0.7649|
|x|          7|         36|         40|     528.4700000|        506|00:00:22|+0.07|0.15|0.7798|
|x|         18|         36|         40|     528.4700000|        536|00:00:24|+0.07|0.15|0.7945|
|x|         10|         36|         40|     528.4700000|        566|00:00:21|+0.08|0.15|0.7941|
|x|         15|         36|         40|     528.4700000|        596|00:00:22|+0.09|0.15|0.8051|
|x|         20|         36|         40|     528.4700000|        626|00:00:22|+0.09|0.15|0.8088|
|x|         11|         36|         40|     528.4700000|        656|00:00:14|+0.09|0.14|0.8066|
|x|          3|         36|         40|     528.4700000|        686|00:00:09|+0.10|0.15|0.8060|
|x|         13|         36|         40|     528.4700000|        716|00:00:10|+0.10|0.15|0.8046|
|-|          9|         25|         40|     528.4700000|        746|00:00:10|+0.03|0.08|0.8481|
|x|          5|         25|         40|     528.4700000|        765|00:00:06|+0.04|0.09|0.8485|
|x|         22|         25|         40|     528.4700000|        790|00:00:08|+0.04|0.09|0.8517|
|x|         23|         25|         40|     528.4700000|        815|00:00:08|+0.04|0.09|0.8538|
|x|         24|         25|         40|     528.4700000|        840|00:00:08|+0.05|0.09|0.8522|
|x|         25|         25|         40|     528.4700000|        865|00:00:08|+0.05|0.09|0.8538|
|x|         26|         25|         40|     528.4700000|        890|00:00:09|+0.05|0.09|0.8559|
|x|         27|         25|         40|     528.4700000|        915|00:00:08|+0.06|0.10|0.8521|
|x|         28|         25|         40|     528.4700000|        940|00:00:08|+0.06|0.10|0.8519|
|x|         29|         25|         40|     528.4700000|        965|00:00:08|+0.06|0.10|0.8513|
|-|         30|         13|         40|     528.4700000|        990|00:00:08|+0.02|0.05|0.2419|
|x|         31|         13|         40|     528.4700000|       1003|00:00:04|+0.02|0.05|0.2342|
|x|         32|         13|         40|     528.4700000|       1016|00:00:05|+0.02|0.05|0.2270|
|x|         33|         13|         40|     528.4700000|       1029|00:00:05|+0.02|0.05|0.2203|
|x|         34|         13|         40|     528.4700000|       1042|00:00:05|+0.02|0.04|0.2139|
|x|         35|         13|         40|     528.4700000|       1055|00:00:05|+0.01|0.04|0.2079|
|x|         36|         13|         40|     528.4700000|       1068|00:00:04|+0.01|0.04|0.2022|
|x|         37|         13|         40|     528.4700000|       1081|00:00:13|+0.01|0.04|0.1968|
|x|         38|         13|         40|     528.4700000|       1094|00:00:19|+0.02|0.05|0.2140|
|x|         39|         13|         40|     528.4700000|       1107|00:00:17|+0.02|0.05|0.2087|
|-|         40|         12|         40|     528.4700000|       1120|00:00:14|+0.02|0.04|0.1353|
|x|         41|         12|         40|     528.4700000|       1132|00:00:19|+0.02|0.04|0.1320|
|x|         42|         12|         40|     528.4700000|       1144|00:00:16|+0.02|0.04|0.1289|
|x|         43|         12|         40|     528.4700000|       1156|00:00:18|+0.02|0.04|0.1260|
|x|         44|         12|         40|     528.4700000|       1168|00:00:13|+0.01|0.04|0.1232|
|x|         45|         12|         40|     528.4700000|       1180|00:00:19|+0.01|0.04|0.1205|
|x|         46|         12|         40|     528.4700000|       1192|00:00:14|+0.01|0.04|0.1179|
|x|         47|         12|         40|     528.4700000|       1204|00:00:12|+0.01|0.03|0.1154|
|x|         48|         12|         40|     528.4700000|       1216|00:00:18|+0.01|0.03|0.1130|
|x|         49|         12|         40|     528.4700000|       1228|00:00:18|+0.01|0.03|0.1108|
|=|         50|         12|         40|     528.4700000|       1240|00:00:15|+0.01|0.03|0.1086|
|x|         51|         12|         40|     528.4700000|       1252|00:00:05|+0.02|0.04|0.1233|
|x|         52|         12|         40|     528.4700000|       1264|00:00:06|+0.02|0.04|0.1209|
|x|         53|         12|         40|     528.4700000|       1276|00:00:07|+0.02|0.04|0.1350|
|x|         54|         12|         40|     528.4700000|       1288|00:00:04|+0.02|0.04|0.1325|
|x|         55|         12|         40|     528.4700000|       1300|00:00:06|+0.02|0.04|0.1302|
|x|         56|         12|         40|     528.4700000|       1312|00:00:05|+0.02|0.04|0.1279|
|x|         57|         12|         40|     528.4700000|       1324|00:00:06|+0.03|0.05|0.1404|
|x|         58|         12|         40|     528.4700000|       1336|00:00:07|+0.03|0.05|0.1380|
|x|         59|         12|         40|     528.4700000|       1348|00:00:06|+0.03|0.05|0.1357|
|-|         60|         10|         40|     528.4700000|       1360|00:00:06|+0.02|0.03|0.0295|
+-+-----------+-----------+-----------+----------------+-----------+--------+-----+----+------+
Best-so-far configuration:          40    mean value:      528.4700000
Description of the best-so-far configuration:
   .ID. his_len max_attempts .PARENT.
40   40    3058            6       NA

# 2025-12-26 13:56:56 GMT: Elite configurations (first number is the configuration ID; listed from best to worst according to the sum of ranks):
    his_len max_attempts
40     3058            6
59     1654            7
62     2556           24
66     3112            6
69      400            3
76     1918           30
77    19969            2
84     1595            3
88     1994           16
102    4558           18
# 2025-12-26 13:56:56 GMT: Iteration 3 of 3
# experimentsUsed: 2060
# remainingBudget: 1440
# currentBudget: 1440
# nbConfigurations: 29
# Markers:
     x No test is performed.
     c Configurations are discarded only due to capping.
     - The test is performed and some configurations are discarded.
     = The test is performed but no configuration is discarded.
     ! The test is performed and configurations could be discarded but elite configurations are preserved.
     . All alive configurations are elite and nothing is discarded.

+-+-----------+-----------+-----------+----------------+-----------+--------+-----+----+------+
| |   Instance|      Alive|       Best|       Mean best| Exp so far|  W time|  rho|KenW|  Qvar|
+-+-----------+-----------+-----------+----------------+-----------+--------+-----+----+------+
|x|         61|         29|         40|     528.4700000|         29|00:00:10|   NA|  NA|    NA|
|x|         55|         29|         40|     528.4700000|         48|00:00:08|-0.04|0.48|1.0000|
|x|         26|         29|         40|     528.4700000|         67|00:00:09|-0.05|0.30|1.0018|
|x|         19|         29|         40|     528.4700000|         86|00:00:09|-0.04|0.22|1.0013|
|x|         22|         29|         40|     528.4700000|        105|00:00:09|-0.03|0.17|0.7939|
|x|         16|         29|         40|     528.4700000|        124|00:00:09|-0.03|0.14|0.6580|
|x|         32|         29|         40|     528.4700000|        143|00:00:09|-0.02|0.12|0.5620|
|x|         23|         29|         40|     528.4700000|        162|00:00:08|-0.02|0.11|0.4904|
|x|         18|         29|         40|     528.4700000|        181|00:00:08|-0.02|0.10|0.4351|
|=|          2|         29|         40|     528.4700000|        200|00:00:08|+0.02|0.12|0.4889|
|x|         58|         29|         40|     528.4700000|        219|00:00:09|+0.02|0.11|0.4439|
|x|          6|         29|         40|     528.4700000|        238|00:00:07|+0.02|0.10|0.4065|
|x|         40|         29|         40|     528.4700000|        257|00:00:08|+0.03|0.11|0.4386|
|x|         21|         29|         40|     528.4700000|        276|00:00:09|+0.02|0.09|0.4790|
|x|         49|         29|         40|     528.4700000|        295|00:00:09|+0.05|0.11|0.4950|
|x|         27|         29|         40|     528.4700000|        314|00:00:11|+0.04|0.10|0.4653|
|x|         42|         29|         40|     528.4700000|        333|00:00:09|+0.04|0.10|0.4390|
|x|          4|         29|         40|     528.4700000|        352|00:00:11|+0.06|0.11|0.4639|
|x|         43|         29|         40|     528.4700000|        371|00:00:08|+0.05|0.10|0.4404|
|-|         39|         27|         40|     528.4700000|        390|00:00:10|-0.01|0.04|0.1938|
|x|         50|         27|         40|     528.4700000|        407|00:00:10|-0.01|0.04|0.1845|
|x|          3|         27|         40|     528.4700000|        424|00:00:09|-0.01|0.04|0.1760|
|x|         37|         27|         40|     528.4700000|        441|00:00:09|-0.01|0.04|0.1684|
|x|          1|         27|         40|     528.4700000|        458|00:00:07|-0.01|0.04|0.1613|
|x|          7|         27|         40|     528.4700000|        475|00:00:10|-0.00|0.04|0.1548|
|x|         24|         27|         40|     528.4700000|        492|00:00:10|-0.00|0.03|0.1488|
|x|         41|         27|         40|     528.4700000|        509|00:00:09|-0.00|0.03|0.1433|
|x|          9|         27|         40|     528.4700000|        526|00:00:10|-0.01|0.03|0.1729|
|x|         28|         27|         40|     528.4700000|        543|00:00:08|-0.01|0.03|0.1669|
|=|         44|         27|         40|     528.4700000|        560|00:00:10|+0.01|0.04|0.1916|
|x|         45|         27|         40|     528.4700000|        577|00:00:10|+0.01|0.04|0.1854|
|x|         52|         27|         40|     528.4700000|        594|00:00:09|+0.00|0.03|0.2102|
|x|         47|         27|         40|     528.4700000|        611|00:00:10|+0.00|0.03|0.2038|
|x|         34|         27|         40|     528.4700000|        628|00:00:08|+0.00|0.03|0.1979|
|x|         13|         27|         40|     528.4700000|        645|00:00:10|+0.01|0.04|0.2185|
|x|         14|         27|         40|     528.4700000|        662|00:00:10|+0.01|0.04|0.2381|
|x|         17|         27|         40|     528.4700000|        679|00:00:09|+0.01|0.04|0.2317|
|x|         20|         27|         40|     528.4700000|        696|00:00:10|+0.01|0.04|0.2257|
|x|         53|         27|         40|     528.4700000|        713|00:00:08|+0.01|0.03|0.2451|
|=|         11|         27|         40|     528.4700000|        730|00:00:10|+0.01|0.03|0.2390|
|x|         33|         27|         40|     528.4700000|        747|00:00:08|+0.01|0.03|0.2332|
|x|         59|         27|         40|     528.4700000|        764|00:00:08|+0.01|0.03|0.2277|
|x|         12|         27|         40|     528.4700000|        781|00:00:08|+0.01|0.03|0.2225|
|x|         30|         27|         40|     528.4700000|        798|00:00:07|+0.01|0.03|0.2174|
|x|         38|         27|         40|     528.4700000|        815|00:00:08|+0.01|0.03|0.2334|
|x|         29|         27|         40|     528.4700000|        832|00:00:06|+0.01|0.03|0.2284|
|x|          5|         27|         40|     528.4700000|        849|00:00:08|+0.01|0.03|0.2236|
|x|         31|         27|         40|     528.4700000|        866|00:00:08|+0.01|0.03|0.2189|
|x|         57|         27|         40|     528.4700000|        883|00:00:08|+0.01|0.03|0.2145|
|=|         60|         27|         40|     528.4700000|        900|00:00:07|+0.01|0.03|0.2298|
|x|          8|         27|         40|     528.4700000|        917|00:00:07|+0.01|0.03|0.2438|
|x|         15|         27|         40|     528.4700000|        934|00:00:06|+0.01|0.03|0.2391|
|x|         46|         27|         40|     528.4700000|        951|00:00:06|+0.01|0.03|0.2347|
|x|         10|         27|         40|     528.4700000|        968|00:00:06|+0.01|0.02|0.2303|
|x|         35|         27|         40|     528.4700000|        985|00:00:06|+0.01|0.02|0.2262|
|x|         51|         27|         40|     528.4700000|       1002|00:00:06|+0.01|0.02|0.2222|
|x|         54|         27|         40|     528.4700000|       1019|00:00:06|+0.01|0.03|0.2342|
|x|         25|         27|         40|     528.4700000|       1036|00:00:06|+0.01|0.03|0.2302|
|x|         48|         27|         40|     528.4700000|       1053|00:00:06|+0.01|0.03|0.2264|
|-|         56|         23|         40|     528.4700000|       1070|00:00:06|+0.00|0.02|0.0794|
|x|         36|         23|         40|     528.4700000|       1083|00:00:05|+0.00|0.02|0.0781|
|x|         62|         23|         40|     528.4700000|       1106|00:00:08|+0.00|0.02|0.0924|
|x|         63|         23|         40|     528.4700000|       1129|00:00:08|+0.00|0.02|0.1062|
|x|         64|         23|         40|     528.4700000|       1152|00:00:07|-0.00|0.01|0.1197|
|x|         65|         23|         40|     528.4700000|       1175|00:00:08|-0.00|0.01|0.1178|
|x|         66|         23|         40|     528.4700000|       1198|00:00:08|+0.00|0.02|0.1306|
|x|         67|         23|         40|     528.4700000|       1221|00:00:08|+0.00|0.02|0.1422|
|x|         68|         23|         40|     528.4700000|       1244|00:00:08|+0.00|0.02|0.1401|
|x|         69|         23|         40|     528.4700000|       1267|00:00:07|+0.00|0.02|0.1381|
|=|         70|         23|         40|     528.4700000|       1290|00:00:08|+0.00|0.02|0.1361|
+-+-----------+-----------+-----------+----------------+-----------+--------+-----+----+------+
Best-so-far configuration:          40    mean value:      528.4700000
Description of the best-so-far configuration:
   .ID. his_len max_attempts .PARENT.
40   40    3058            6       NA

# 2025-12-26 14:07:02 GMT: Elite configurations (first number is the configuration ID; listed from best to worst according to the sum of ranks):
    his_len max_attempts
40     3058            6
59     1654            7
66     3112            6
69      400            3
77    19969            2
84     1595            3
104    2583            8
105    1271            5
107    1718            2
108    2848            1
# 2025-12-26 14:07:02 GMT: Iteration 4 of 4
# experimentsUsed: 3350
# remainingBudget: 150
# currentBudget: 150
# nbConfigurations: 12
# Markers:
     x No test is performed.
     c Configurations are discarded only due to capping.
     - The test is performed and some configurations are discarded.
     = The test is performed but no configuration is discarded.
     ! The test is performed and configurations could be discarded but elite configurations are preserved.
     . All alive configurations are elite and nothing is discarded.

+-+-----------+-----------+-----------+----------------+-----------+--------+-----+----+------+
| |   Instance|      Alive|       Best|       Mean best| Exp so far|  W time|  rho|KenW|  Qvar|
+-+-----------+-----------+-----------+----------------+-----------+--------+-----+----+------+
|x|         56|         12|         40|     528.4700000|          2|00:00:01|   NA|  NA|    NA|
|x|         23|         12|         40|     528.4700000|          4|00:00:01|+1.00|1.00|0.0000|
|x|         43|         12|         40|     528.4700000|          6|00:00:02|+1.00|1.00|0.0000|
|x|         61|         12|         40|     528.4700000|          8|00:00:01|+1.00|1.00|0.0000|
|x|          9|         12|         40|     528.4700000|         10|00:00:02|+1.00|1.00|0.0000|
|x|         57|         12|         40|     528.4700000|         12|00:00:01|+1.00|1.00|0.0000|
|x|         30|         12|         40|     528.4700000|         14|00:00:01|+1.00|1.00|0.0000|
|x|         15|         12|         40|     528.4700000|         16|00:00:01|+1.00|1.00|0.0000|
|x|         35|         12|         40|     528.4700000|         18|00:00:01|+1.00|1.00|0.0000|
|=|          7|         12|         40|     528.4700000|         20|00:00:01|+1.00|1.00|0.0000|
|x|         63|         12|         40|     528.4700000|         22|00:00:01|+1.00|1.00|0.0000|
|x|         39|         12|         40|     528.4700000|         24|00:00:01|+1.00|1.00|0.0000|
|x|         33|         12|         40|     528.4700000|         26|00:00:02|+1.00|1.00|0.0000|
|x|         53|         12|         40|     528.4700000|         28|00:00:01|+0.00|0.07|0.0655|
|x|         65|         12|         40|     528.4700000|         30|00:00:01|+0.07|0.13|0.1135|
|x|          4|         12|         40|     528.4700000|         32|00:00:01|+0.07|0.12|0.1069|
|x|          1|         12|         40|     528.4700000|         34|00:00:01|+0.12|0.18|0.1415|
|x|         38|         12|         40|     528.4700000|         36|00:00:01|+0.12|0.17|0.1348|
|x|         16|         12|         40|     528.4700000|         38|00:00:02|+0.11|0.16|0.1287|
|-|         17|         11|         40|     528.4700000|         40|00:00:01|+1.00|1.00|0.0000|
|x|          2|         11|         40|     528.4700000|         41|00:00:01|+0.00|0.05|0.0433|
|x|         40|         11|         40|     528.4700000|         42|00:00:01|+0.00|0.05|0.0413|
|x|         41|         11|         40|     528.4700000|         43|00:00:01|+0.00|0.04|0.0395|
|x|          3|         11|         40|     528.4700000|         44|00:00:01|+0.00|0.04|0.0379|
|x|         59|         11|         40|     528.4700000|         45|00:00:00|+0.00|0.04|0.0364|
|x|         34|         11|         40|     528.4700000|         46|00:00:01|+0.00|0.04|0.0350|
|x|         18|         11|         40|     528.4700000|         47|00:00:01|+0.00|0.04|0.0337|
|x|          8|         11|         40|     528.4700000|         48|00:00:01|+0.00|0.04|0.0325|
|x|          6|         11|         40|     528.4700000|         49|00:00:01|+0.00|0.03|0.0313|
|=|         62|         11|         40|     528.4700000|         50|00:00:01|+0.00|0.03|0.0303|
|x|         55|         11|         40|     528.4700000|         51|00:00:02|+0.00|0.03|0.0293|
|x|         13|         11|         40|     528.4700000|         52|00:00:00|+0.00|0.03|0.0284|
|x|         49|         11|         40|     528.4700000|         53|00:00:01|+0.00|0.03|0.0275|
|x|         70|         11|         40|     528.4700000|         54|00:00:01|+0.00|0.03|0.0267|
|x|         19|         11|         40|     528.4700000|         55|00:00:01|+0.00|0.03|0.0260|
|x|         36|         11|         40|     528.4700000|         56|00:00:01|+0.00|0.03|0.0253|
|x|         25|         11|         40|     528.4700000|         57|00:00:01|+0.00|0.03|0.0246|
|x|         11|         11|         40|     528.4700000|         58|00:00:02|+0.00|0.03|0.0239|
|x|         64|         11|         40|     528.4700000|         59|00:00:00|+0.00|0.03|0.0233|
|=|         32|         11|         40|     528.4700000|         60|00:00:01|+0.00|0.03|0.0227|
|x|         50|         11|         40|     528.4700000|         61|00:00:01|+0.00|0.02|0.0222|
|x|         54|         11|         40|     528.4700000|         62|00:00:01|+0.00|0.02|0.0216|
|x|         21|         11|         40|     528.4700000|         63|00:00:01|+0.00|0.02|0.0211|
|x|         10|         11|         40|     528.4700000|         64|00:00:00|+0.00|0.02|0.0207|
|x|         68|         11|         40|     528.4700000|         65|00:00:02|+0.00|0.02|0.0202|
|x|         29|         11|         40|     528.4700000|         66|00:00:00|+0.00|0.02|0.0198|
|x|         60|         11|         40|     528.4700000|         67|00:00:01|+0.00|0.02|0.0193|
|x|         67|         11|         40|     528.4700000|         68|00:00:02|+0.00|0.02|0.0189|
|x|         24|         11|         40|     528.4700000|         69|00:00:03|-0.00|0.02|0.0186|
|=|         69|         11|         40|     528.4700000|         70|00:00:02|+0.00|0.02|0.0182|
|x|         58|         11|         40|     528.4700000|         71|00:00:00|+0.02|0.04|0.0349|
|x|         14|         11|         40|     528.4700000|         72|00:00:03|+0.02|0.04|0.0343|
|x|         46|         11|         40|     528.4700000|         73|00:00:02|+0.02|0.04|0.0336|
|x|         48|         11|         40|     528.4700000|         74|00:00:03|+0.02|0.04|0.0330|
|x|         45|         11|         40|     528.4700000|         75|00:00:02|+0.02|0.04|0.0324|
|x|         27|         11|         40|     528.4700000|         76|00:00:00|+0.02|0.04|0.0319|
|x|         12|         11|         40|     528.4700000|         77|00:00:03|+0.02|0.04|0.0313|
|x|         28|         11|         40|     528.4700000|         78|00:00:02|+0.02|0.03|0.0308|
|x|         20|         11|         40|     528.4700000|         79|00:00:02|+0.02|0.03|0.0303|
|-|         42|         10|         40|     528.4700000|         80|00:00:03|+1.00|1.00|0.0000|
|.|         22|         10|         40|     528.4700000|         80|00:00:00|+1.00|1.00|0.0000|
|.|         37|         10|         40|     528.4700000|         80|00:00:00|+1.00|1.00|0.0000|
|.|         52|         10|         40|     528.4700000|         80|00:00:00|+1.00|1.00|0.0000|
|.|         26|         10|         40|     528.4700000|         80|00:00:00|+1.00|1.00|0.0000|
|.|         47|         10|         40|     528.4700000|         80|00:00:00|+1.00|1.00|0.0000|
|.|         44|         10|         40|     528.4700000|         80|00:00:00|+1.00|1.00|0.0000|
|.|         66|         10|         40|     528.4700000|         80|00:00:00|+1.00|1.00|0.0000|
|.|         51|         10|         40|     528.4700000|         80|00:00:00|+1.00|1.00|0.0000|
|.|          5|         10|         40|     528.4700000|         80|00:00:00|+1.00|1.00|0.0000|
|.|         31|         10|         40|     528.4700000|         80|00:00:00|+1.00|1.00|0.0000|
+-+-----------+-----------+-----------+----------------+-----------+--------+-----+----+------+
Best-so-far configuration:          40    mean value:      528.4700000
Description of the best-so-far configuration:
   .ID. his_len max_attempts .PARENT.
40   40    3058            6       NA

# 2025-12-26 14:08:55 GMT: Elite configurations (first number is the configuration ID; listed from best to worst according to the sum of ranks):
    his_len max_attempts
40     3058            6
59     1654            7
66     3112            6
69      400            3
77    19969            2
84     1595            3
104    2583            8
105    1271            5
107    1718            2
108    2848            1
# 2025-12-26 14:08:55 GMT: Iteration 5 of 5
# experimentsUsed: 3430
# remainingBudget: 70
# currentBudget: 70
# nbConfigurations: 11
# Markers:
     x No test is performed.
     c Configurations are discarded only due to capping.
     - The test is performed and some configurations are discarded.
     = The test is performed but no configuration is discarded.
     ! The test is performed and configurations could be discarded but elite configurations are preserved.
     . All alive configurations are elite and nothing is discarded.

+-+-----------+-----------+-----------+----------------+-----------+--------+-----+----+------+
| |   Instance|      Alive|       Best|       Mean best| Exp so far|  W time|  rho|KenW|  Qvar|
+-+-----------+-----------+-----------+----------------+-----------+--------+-----+----+------+
|x|          2|         11|         40|     528.4700000|          1|00:00:00|   NA|  NA|    NA|
|x|         44|         11|         40|     528.4700000|          2|00:00:03|+1.00|1.00|0.0000|
|x|         53|         11|         40|     528.4700000|          3|00:00:02|+1.00|1.00|0.0000|
|x|         22|         11|         40|     528.4700000|          4|00:00:03|+1.00|1.00|0.0000|
|x|         42|         11|         40|     528.4700000|          5|00:00:02|+1.00|1.00|0.0000|
|x|         57|         11|         40|     528.4700000|          6|00:00:03|+1.00|1.00|0.0000|
|x|          7|         11|         40|     528.4700000|          7|00:00:02|+1.00|1.00|0.0000|
|x|         30|         11|         40|     528.4700000|          8|00:00:00|+1.00|1.00|0.0000|
|x|         65|         11|         40|     528.4700000|          9|00:00:03|+1.00|1.00|0.0000|
|=|          9|         11|         40|     528.4700000|         10|00:00:02|+1.00|1.00|0.0000|
|x|         39|         11|         40|     528.4700000|         11|00:00:00|+1.00|1.00|0.0000|
|x|         33|         11|         40|     528.4700000|         12|00:00:04|+1.00|1.00|0.0000|
|x|         20|         11|         40|     528.4700000|         13|00:00:02|+1.00|1.00|0.0000|
|x|         37|         11|         40|     528.4700000|         14|00:00:03|+1.00|1.00|0.0000|
|x|         50|         11|         40|     528.4700000|         15|00:00:02|+1.00|1.00|0.0000|
|x|         19|         11|         40|     528.4700000|         16|00:00:00|+1.00|1.00|0.0000|
|x|         69|         11|         40|     528.4700000|         17|00:00:03|+1.00|1.00|0.0000|
|x|         35|         11|         40|     528.4700000|         18|00:00:02|+1.00|1.00|0.0000|
|x|         32|         11|         40|     528.4700000|         19|00:00:03|+1.00|1.00|0.0000|
|=|          5|         11|         40|     528.4700000|         20|00:00:02|+1.00|1.00|0.0000|
|x|         55|         11|         40|     528.4700000|         21|00:00:00|+1.00|1.00|0.0000|
|x|         59|         11|         40|     528.4700000|         22|00:00:03|+1.00|1.00|0.0000|
|x|         14|         11|         40|     528.4700000|         23|00:00:02|+1.00|1.00|0.0000|
|x|         18|         11|         40|     528.4700000|         24|00:00:03|+1.00|1.00|0.0000|
|x|         46|         11|         40|     528.4700000|         25|00:00:02|+1.00|1.00|0.0000|
|x|          6|         11|         40|     528.4700000|         26|00:00:00|+1.00|1.00|0.0000|
|x|         48|         11|         40|     528.4700000|         27|00:00:03|+1.00|1.00|0.0000|
|x|         12|         11|         40|     528.4700000|         28|00:00:02|+1.00|1.00|0.0000|
|x|         21|         11|         40|     528.4700000|         29|00:00:03|+1.00|1.00|0.0000|
|=|         23|         11|         40|     528.4700000|         30|00:00:02|+1.00|1.00|0.0000|
|x|         60|         11|         40|     528.4700000|         31|00:00:00|+1.00|1.00|0.0000|
|x|          8|         11|         40|     528.4700000|         32|00:00:03|+1.00|1.00|0.0000|
|x|         54|         11|         40|     528.4700000|         33|00:00:02|+1.00|1.00|0.0000|
|x|         45|         11|         40|     528.4700000|         34|00:00:03|+1.00|1.00|0.0000|
|x|         41|         11|         40|     528.4700000|         35|00:00:00|+1.00|1.00|0.0000|
|x|         25|         11|         40|     528.4700000|         36|00:00:00|+1.00|1.00|0.0000|
|x|         38|         11|         40|     528.4700000|         37|00:00:00|+1.00|1.00|0.0000|
|x|         26|         11|         40|     528.4700000|         38|00:00:00|+1.00|1.00|0.0000|
|x|         49|         11|         40|     528.4700000|         39|00:00:00|+1.00|1.00|0.0000|
|=|         56|         11|         40|     528.4700000|         40|00:00:00|+1.00|1.00|0.0000|
|x|         51|         11|         40|     528.4700000|         41|00:00:00|+1.00|1.00|0.0000|
|x|         34|         11|         40|     528.4700000|         42|00:00:00|+1.00|1.00|0.0000|
|x|         64|         11|         40|     528.4700000|         43|00:00:00|+1.00|1.00|0.0000|
|x|         31|         11|         40|     528.4700000|         44|00:00:00|+1.00|1.00|0.0000|
|x|          3|         11|         40|     528.4700000|         45|00:00:00|+1.00|1.00|0.0000|
|x|         40|         11|         40|     528.4700000|         46|00:00:00|+1.00|1.00|0.0000|
|x|         15|         11|         40|     528.4700000|         47|00:00:00|+1.00|1.00|0.0000|
|x|         36|         11|         40|     528.4700000|         48|00:00:00|+1.00|1.00|0.0000|
|x|          1|         11|         40|     528.4700000|         49|00:00:00|+1.00|1.00|0.0000|
|=|         62|         11|         40|     528.4700000|         50|00:00:00|+1.00|1.00|0.0000|
|x|          4|         11|         40|     528.4700000|         51|00:00:00|+1.00|1.00|0.0000|
|x|         66|         11|         40|     528.4700000|         52|00:00:01|+1.00|1.00|0.0000|
|x|         61|         11|         40|     528.4700000|         53|00:00:01|+1.00|1.00|0.0000|
|x|         43|         11|         40|     528.4700000|         54|00:00:00|+1.00|1.00|0.0000|
|x|         16|         11|         40|     528.4700000|         55|00:00:00|+1.00|1.00|0.0000|
|x|         10|         11|         40|     528.4700000|         56|00:00:00|+1.00|1.00|0.0000|
|x|         63|         11|         40|     528.4700000|         57|00:00:00|+1.00|1.00|0.0000|
|x|         27|         11|         40|     528.4700000|         58|00:00:00|+1.00|1.00|0.0000|
|x|         17|         11|         40|     528.4700000|         59|00:00:00|+1.00|1.00|0.0000|
|=|         70|         11|         40|     528.4700000|         60|00:00:00|+1.00|1.00|0.0000|
|x|         58|         11|         40|     528.4700000|         61|00:00:00|+1.00|1.00|0.0000|
|x|         13|         11|         40|     528.4700000|         62|00:00:00|+1.00|1.00|0.0000|
|x|         67|         11|         40|     528.4700000|         63|00:00:00|+1.00|1.00|0.0000|
|x|         47|         11|         40|     528.4700000|         64|00:00:00|+1.00|1.00|0.0000|
|x|         11|         11|         40|     528.4700000|         65|00:00:00|+1.00|1.00|0.0000|
|x|         68|         11|         40|     528.4700000|         66|00:00:00|+1.00|1.00|0.0000|
|x|         29|         11|         40|     528.4700000|         67|00:00:00|+1.00|1.00|0.0000|
|x|         52|         11|         40|     528.4700000|         68|00:00:01|+1.00|1.00|0.0000|
|x|         24|         11|         40|     528.4700000|         69|00:00:00|+1.00|1.00|0.0000|
|=|         28|         11|         40|     528.4700000|         70|00:00:00|+1.00|1.00|0.0000|
+-+-----------+-----------+-----------+----------------+-----------+--------+-----+----+------+
Best-so-far configuration:          40    mean value:      528.4700000
Description of the best-so-far configuration:
   .ID. his_len max_attempts .PARENT.
40   40    3058            6       NA

# 2025-12-26 14:10:58 GMT: Elite configurations (first number is the configuration ID; listed from best to worst according to the sum of ranks):
    his_len max_attempts
40     3058            6
59     1654            7
66     3112            6
69      400            3
77    19969            2
84     1595            3
104    2583            8
105    1271            5
107    1718            2
108    2848            1
# 2025-12-26 14:10:58 GMT: Stopped because budget is exhausted
# Iteration: 6
# nbIterations: 5
# experimentsUsed: 3500
# timeUsed: 0
# remainingBudget: 0
# currentBudget: 70
# number of elites: 10
# nbConfigurations: 11
# Total CPU user time: 2229.234, CPU sys time: 3410.104, Wall-clock time: 2164.618
# Best configurations (first number is the configuration ID; listed from best to worst according to the sum of ranks):
    his_len max_attempts
40     3058            6
59     1654            7
66     3112            6
69      400            3
77    19969            2
84     1595            3
104    2583            8
105    1271            5
107    1718            2
108    2848            1
# Best configurations as commandlines (first number is the configuration ID; listed from best to worst according to the sum of ranks):
40  -his_len 3058 -max_attempts 6
59  -his_len 1654 -max_attempts 7
66  -his_len 3112 -max_attempts 6
69  -his_len 400 -max_attempts 3
77  -his_len 19969 -max_attempts 2
84  -his_len 1595 -max_attempts 3
104 -his_len 2583 -max_attempts 8
105 -his_len 1271 -max_attempts 5
107 -his_len 1718 -max_attempts 2
108 -his_len 2848 -max_attempts 1


# Testing of elite configurations: 1 
# Testing iteration configurations: FALSE 
# 2025-12-26 14:10:58 GMT: No test instances, skip testing
