Starting irace...
# 2025-12-29 15:16:14 GMT: Reading parameter file '/gpfs/home/e/exx866/IRACE-b-LAHC/all-instances-fine/X-n573-k30/parameters.txt'.
# 2025-12-29 15:16:15 GMT: Read 1 configuration(s) from file '/gpfs/home/e/exx866/IRACE-b-LAHC/all-instances-fine/X-n573-k30/configurations.txt'
# 2025-12-29 15:16:15 GMT: Initialization
# Elitist race
# Elitist new instances: 1
# Elitist limit: 2
# nbIterations: 3
# minNbSurvival: 10
# nbParameters: 2
# seed: 825052969
# confidence level: 0.95
# budget: 6000
# mu: 10
# deterministic: FALSE

# 2025-12-29 15:16:15 GMT: Iteration 1 of 3
# experimentsUsed: 0
# remainingBudget: 6000
# currentBudget: 2000
# nbConfigurations: 100
# Markers:
     x No test is performed.
     c Configurations are discarded only due to capping.
     - The test is performed and some configurations are discarded.
     = The test is performed but no configuration is discarded.
     ! The test is performed and configurations could be discarded but elite configurations are preserved.
     . All alive configurations are elite and nothing is discarded.

+-+-----------+-----------+-----------+----------------+-----------+--------+-----+----+------+
| |   Instance|      Alive|       Best|       Mean best| Exp so far|  W time|  rho|KenW|  Qvar|
+-+-----------+-----------+-----------+----------------+-----------+--------+-----+----+------+
|x|          1|        100|         88|     51125.97000|        100|00:04:18|   NA|  NA|    NA|
|x|          2|        100|         88|     51123.62000|        200|00:04:05|+0.12|0.56|0.8655|
|x|          3|        100|         46|     51242.40000|        300|00:03:32|+0.01|0.34|0.9240|
|x|          4|        100|         64|     51250.19000|        400|00:03:40|-0.01|0.24|0.9793|
|x|          5|        100|         64|     51261.37000|        500|00:03:43|+0.04|0.23|0.9402|
|x|          6|        100|         64|     51259.23333|        600|00:04:28|+0.02|0.18|0.9647|
|x|          7|        100|         64|     51262.06143|        700|00:04:26|+0.02|0.16|0.9658|
|x|          8|        100|         92|     51269.40125|        800|00:04:37|+0.03|0.15|0.9633|
|x|          9|        100|         92|     51268.83333|        900|00:04:24|+0.03|0.13|0.9655|
|-|         10|         58|         92|     51275.88100|       1000|00:04:34|-0.05|0.06|1.0269|
|x|         11|         58|         92|     51278.87727|       1058|00:03:33|-0.02|0.07|1.0079|
|x|         12|         58|         90|     51297.08250|       1116|00:03:14|-0.02|0.07|0.9997|
|x|         13|         58|         22|     51276.14462|       1174|00:03:25|-0.01|0.06|0.9963|
|x|         14|         58|         22|     51282.61714|       1232|00:03:12|-0.01|0.06|0.9947|
|x|         15|         58|         22|     51283.14800|       1290|00:04:51|-0.01|0.06|0.9870|
|x|         16|         58|         31|     51297.26875|       1348|00:03:38|+0.00|0.06|0.9823|
|x|         17|         58|         31|     51297.35235|       1406|00:03:46|+0.00|0.06|0.9797|
|x|         18|         58|         31|     51292.37722|       1464|00:03:38|+0.01|0.06|0.9771|
|x|         19|         58|         31|     51289.30895|       1522|00:03:00|+0.01|0.06|0.9735|
|=|         20|         58|         31|     51288.65850|       1580|00:04:35|+0.01|0.06|0.9695|
+-+-----------+-----------+-----------+----------------+-----------+--------+-----+----+------+
Best-so-far configuration:          31    mean value:      51288.65850
Description of the best-so-far configuration:
   .ID. his_len max_attempts .PARENT.
31   31    5278          285       NA

# 2025-12-29 16:35:04 GMT: Elite configurations (first number is the configuration ID; listed from best to worst according to the sum of ranks):
   his_len max_attempts
31    5278          285
22    5478          307
38    4228          411
17    4378          449
96    5453          332
64    4528          466
77    5353          146
26    5678          154
25    4678          394
92    4253          288
# 2025-12-29 16:35:04 GMT: Iteration 2 of 3
# experimentsUsed: 1580
# remainingBudget: 4420
# currentBudget: 2210
# nbConfigurations: 80
# Markers:
     x No test is performed.
     c Configurations are discarded only due to capping.
     - The test is performed and some configurations are discarded.
     = The test is performed but no configuration is discarded.
     ! The test is performed and configurations could be discarded but elite configurations are preserved.
     . All alive configurations are elite and nothing is discarded.

+-+-----------+-----------+-----------+----------------+-----------+--------+-----+----+------+
| |   Instance|      Alive|       Best|       Mean best| Exp so far|  W time|  rho|KenW|  Qvar|
+-+-----------+-----------+-----------+----------------+-----------+--------+-----+----+------+
|x|         21|         80|        108|     51163.10000|         80|00:04:19|   NA|  NA|    NA|
|x|          6|         80|        128|     51205.06000|        150|00:03:52|-0.10|0.45|0.9816|
|x|         19|         80|        111|     51226.85333|        220|00:03:23|+0.00|0.33|0.9900|
|x|         10|         80|        164|     51230.46000|        290|00:03:54|+0.02|0.27|0.9672|
|x|          4|         80|        164|     51217.75400|        360|00:03:32|+0.02|0.22|0.9605|
|x|          1|         80|        164|     51259.50000|        430|00:04:47|-0.01|0.16|0.9907|
|x|          9|         80|        164|     51253.98143|        500|00:04:00|+0.01|0.15|0.9824|
|x|          7|         80|        164|     51252.36875|        570|00:04:04|+0.01|0.13|0.9762|
|x|         18|         80|        164|     51256.53111|        640|00:03:46|+0.03|0.13|0.9608|
|=|         17|         80|        164|     51278.50500|        710|00:03:06|+0.02|0.12|0.9645|
|x|         13|         80|        164|     51276.48364|        780|00:03:25|+0.02|0.11|0.9615|
|x|         11|         80|        164|     51277.36250|        850|00:03:12|+0.03|0.11|0.9607|
|x|         15|         80|         22|     51261.96154|        920|00:03:18|+0.01|0.09|0.9733|
|x|         16|         80|        135|     51265.04214|        990|00:03:48|+0.02|0.09|0.9711|
|x|          5|         80|        135|     51263.81067|       1060|00:03:08|+0.02|0.09|0.9687|
|x|          8|         80|        135|     51262.98500|       1130|00:03:58|+0.01|0.08|0.9715|
|x|          3|         80|        135|     51270.56529|       1200|00:03:09|+0.02|0.07|0.9693|
|x|          2|         80|        135|     51271.73833|       1270|00:03:35|+0.01|0.06|0.9766|
|x|         14|         80|        135|     51269.98263|       1340|00:03:16|+0.01|0.06|0.9778|
|=|         20|         80|        135|     51290.78150|       1410|00:03:39|+0.01|0.06|0.9799|
|x|         12|         80|        135|     51296.31238|       1480|00:03:13|+0.00|0.05|0.9815|
|x|         22|         80|        135|     51295.40273|       1560|00:03:27|+0.00|0.05|0.9815|
|x|         23|         80|        135|     51299.70174|       1640|00:04:03|+0.01|0.05|0.9807|
|x|         24|         80|         38|     51296.01292|       1720|00:03:58|+0.01|0.05|0.9779|
|x|         25|         80|         22|     51282.03960|       1800|00:03:18|+0.01|0.05|0.9785|
|x|         26|         80|         22|     51282.55808|       1880|00:03:30|+0.01|0.05|0.9763|
|x|         27|         80|         22|     51285.72815|       1960|00:03:21|+0.01|0.05|0.9774|
|x|         28|         80|         22|     51286.11821|       2040|00:03:16|+0.01|0.04|0.9787|
|x|         29|         80|         38|     51298.17828|       2120|00:04:10|+0.01|0.04|0.9782|
|=|         30|         80|         38|     51297.28767|       2200|00:03:45|+0.01|0.04|0.9787|
+-+-----------+-----------+-----------+----------------+-----------+--------+-----+----+------+
Best-so-far configuration:          38    mean value:      51297.28767
Description of the best-so-far configuration:
   .ID. his_len max_attempts .PARENT.
38   38    4228          411       NA

# 2025-12-29 18:24:30 GMT: Elite configurations (first number is the configuration ID; listed from best to worst according to the sum of ranks):
    his_len max_attempts
38     4228          411
138    5121          304
96     5453          332
31     5278          285
160    5191          284
22     5478          307
135    4052          465
111    4759          449
146    4501          437
119    4588          432
# 2025-12-29 18:24:30 GMT: Iteration 3 of 3
# experimentsUsed: 3780
# remainingBudget: 2220
# currentBudget: 2220
# nbConfigurations: 63
# Markers:
     x No test is performed.
     c Configurations are discarded only due to capping.
     - The test is performed and some configurations are discarded.
     = The test is performed but no configuration is discarded.
     ! The test is performed and configurations could be discarded but elite configurations are preserved.
     . All alive configurations are elite and nothing is discarded.

+-+-----------+-----------+-----------+----------------+-----------+--------+-----+----+------+
| |   Instance|      Alive|       Best|       Mean best| Exp so far|  W time|  rho|KenW|  Qvar|
+-+-----------+-----------+-----------+----------------+-----------+--------+-----+----+------+
|x|         31|         63|        111|     51200.60000|         63|00:04:45|   NA|  NA|    NA|
|x|         10|         63|        208|     51217.05500|        116|00:05:02|-0.06|0.47|1.0502|
|x|         11|         63|        181|     51225.22333|        169|00:03:08|-0.05|0.30|1.0443|
|x|          5|         63|        181|     51203.05000|        222|00:03:09|+0.09|0.32|0.8948|
|x|         30|         63|        181|     51208.58000|        275|00:04:05|+0.04|0.23|0.9394|
|x|         12|         63|        181|     51249.54167|        328|00:04:23|-0.02|0.15|0.9998|
|x|         19|         63|        181|     51255.69143|        381|00:03:20|-0.02|0.13|0.9959|
|x|         28|         63|        181|     51250.61875|        434|00:02:57|-0.02|0.11|0.9932|
|x|         18|         63|        181|     51261.34556|        487|00:04:17|-0.00|0.11|0.9789|
|=|          4|         63|        181|     51258.24400|        540|00:02:53|-0.01|0.09|0.9846|
|x|          6|         63|        181|     51273.32000|        593|00:04:37|-0.00|0.09|0.9857|
|x|          1|         63|         31|     51274.32833|        646|00:03:32|-0.01|0.08|0.9898|
|x|         22|         63|         31|     51278.48154|        699|00:03:35|-0.00|0.08|0.9798|
|x|         27|         63|        181|     51278.59071|        752|00:02:58|-0.01|0.07|0.9840|
|x|         14|         63|         31|     51281.41867|        805|00:04:24|-0.01|0.06|0.9846|
|x|         24|         63|         31|     51275.24313|        858|00:03:54|-0.01|0.05|0.9875|
|x|         13|         63|         31|     51276.93118|        911|00:04:48|-0.01|0.05|0.9897|
|x|         23|         63|         31|     51287.62778|        964|00:03:27|-0.01|0.05|0.9882|
|x|         15|         63|         31|     51285.91211|       1017|00:04:02|-0.01|0.05|0.9856|
|=|          8|         63|         31|     51287.92050|       1070|00:04:50|-0.01|0.05|0.9861|
|x|         16|         63|         31|     51287.50381|       1123|00:03:43|-0.01|0.04|0.9867|
|x|         26|         63|         31|     51291.02409|       1176|00:03:48|-0.00|0.04|0.9842|
|x|          9|         63|         31|     51284.49739|       1229|00:04:36|+0.00|0.05|0.9783|
|x|         21|         63|        210|     51288.95083|       1282|00:04:40|+0.00|0.04|0.9783|
|x|         25|         63|         31|     51288.99280|       1335|00:02:54|+0.00|0.04|0.9776|
|x|          7|         63|        210|     51291.98077|       1388|00:05:03|+0.01|0.04|0.9747|
|x|         17|         63|        210|     51285.77370|       1441|00:03:07|+0.01|0.04|0.9740|
|x|         29|         63|        210|     51289.25893|       1494|00:04:55|+0.01|0.04|0.9723|
|x|         20|         63|        210|     51286.57000|       1547|00:04:08|+0.01|0.04|0.9731|
|-|          3|         41|        210|     51286.90400|       1600|00:04:01|-0.01|0.02|0.9854|
|x|          2|         41|        210|     51285.46548|       1631|00:03:23|-0.01|0.02|0.9850|
|x|         32|         41|        210|     51283.39437|       1672|00:03:31|-0.01|0.02|0.9842|
|x|         33|         41|        210|     51283.33455|       1713|00:03:58|-0.01|0.02|0.9866|
|x|         34|         41|        210|     51284.62294|       1754|00:04:32|-0.01|0.02|0.9866|
|x|         35|         41|        210|     51282.69200|       1795|00:02:52|-0.01|0.02|0.9857|
|x|         36|         41|        210|     51281.50917|       1836|00:03:46|-0.01|0.02|0.9835|
|x|         37|         41|        210|     51279.61108|       1877|00:02:38|-0.01|0.02|0.9813|
|x|         38|         41|        210|     51279.96053|       1918|00:05:10|-0.00|0.02|0.9799|
|x|         39|         41|        210|     51279.31872|       1959|00:02:48|-0.00|0.02|0.9801|
|=|         40|         41|        210|     51280.96800|       2000|00:03:22|-0.00|0.02|0.9787|
+-+-----------+-----------+-----------+----------------+-----------+--------+-----+----+------+
Best-so-far configuration:         210    mean value:      51280.96800
Description of the best-so-far configuration:
    .ID. his_len max_attempts .PARENT.
210  210    5162          302      138

# 2025-12-29 20:59:52 GMT: Elite configurations (first number is the configuration ID; listed from best to worst according to the sum of ranks):
    his_len max_attempts
210    5162          302
176    5454          303
111    4759          449
31     5278          285
220    4033          466
38     4228          411
22     5478          307
199    5094          302
205    5142          305
194    5279          281
# 2025-12-29 20:59:52 GMT: Iteration 4 of 4
# experimentsUsed: 5780
# remainingBudget: 220
# currentBudget: 220
# nbConfigurations: 12
# Markers:
     x No test is performed.
     c Configurations are discarded only due to capping.
     - The test is performed and some configurations are discarded.
     = The test is performed but no configuration is discarded.
     ! The test is performed and configurations could be discarded but elite configurations are preserved.
     . All alive configurations are elite and nothing is discarded.

+-+-----------+-----------+-----------+----------------+-----------+--------+-----+----+------+
| |   Instance|      Alive|       Best|       Mean best| Exp so far|  W time|  rho|KenW|  Qvar|
+-+-----------+-----------+-----------+----------------+-----------+--------+-----+----+------+
|x|         41|         12|        225|     51232.32000|         12|00:04:10|   NA|  NA|    NA|
|x|          8|         12|        205|     51291.93500|         14|00:03:03|-0.64|0.18|1.5914|
|x|         14|         12|        225|     51291.04000|         16|00:03:50|-0.22|0.19|1.1257|
|x|         24|         12|         31|     51268.87000|         18|00:03:59|-0.09|0.18|0.9776|
|x|         20|         12|        210|     51256.23000|         20|00:02:57|-0.04|0.17|0.9889|
|x|         29|         12|        205|     51273.61833|         22|00:04:06|-0.04|0.14|0.9846|
|x|          4|         12|        210|     51259.82857|         24|00:02:18|+0.03|0.17|0.9232|
|x|         21|         12|        210|     51254.77250|         26|00:04:18|+0.02|0.14|0.9358|
|x|         37|         12|        210|     51249.94000|         28|00:03:04|+0.02|0.13|0.9428|
|=|         16|         12|        210|     51253.34800|         30|00:02:59|-0.00|0.10|0.9484|
|x|          5|         12|        210|     51259.11000|         32|00:03:44|-0.01|0.08|0.9397|
|x|         13|         12|        210|     51261.81333|         34|00:03:39|-0.01|0.08|0.9276|
|x|         22|         12|        210|     51272.35769|         36|00:02:34|-0.03|0.05|0.9437|
|x|         34|         12|        210|     51276.27071|         38|00:03:41|-0.02|0.05|0.9358|
|x|         31|         12|        176|     51268.41467|         40|00:04:20|-0.03|0.04|0.9481|
|x|         32|         12|        176|     51262.93500|         42|00:03:01|-0.03|0.03|0.9465|
|x|         26|         12|        176|     51267.01059|         44|00:02:41|-0.03|0.03|0.9450|
|x|         15|         12|        210|     51276.29667|         46|00:02:34|-0.03|0.02|0.9454|
|x|         27|         12|        210|     51279.34368|         48|00:02:29|-0.03|0.03|0.9404|
|=|         12|         12|        210|     51294.40050|         50|00:02:55|-0.03|0.02|0.9390|
|x|         36|         12|        210|     51291.81524|         52|00:02:34|-0.03|0.02|0.9384|
|x|         35|         12|        210|     51288.41636|         54|00:02:30|-0.02|0.03|0.9287|
|x|         10|         12|        210|     51290.24391|         56|00:04:12|-0.02|0.03|0.9298|
|x|         30|         12|        210|     51288.87875|         58|00:06:54|-0.02|0.03|0.9293|
|x|         28|         12|        210|     51284.19760|         60|00:03:28|-0.01|0.03|0.9220|
|x|          9|         12|        210|     51282.01923|         62|00:04:06|-0.01|0.03|0.9213|
|x|         33|         12|        210|     51281.99704|         64|00:02:49|-0.01|0.03|0.9242|
|x|          3|         12|        210|     51282.51821|         66|00:03:18|-0.01|0.03|0.9196|
|x|         11|         12|        210|     51281.72931|         68|00:02:25|-0.01|0.03|0.9239|
|=|         38|         12|        210|     51282.10133|         70|00:02:32|-0.01|0.03|0.9236|
|x|          6|         12|        210|     51284.65839|         72|00:04:32|-0.01|0.02|0.9276|
|x|         19|         12|        210|     51282.60625|         74|00:02:22|-0.01|0.03|0.9240|
|x|         18|         12|        210|     51283.68152|         76|00:04:30|-0.01|0.02|0.9248|
|x|         23|         12|        210|     51285.15294|         78|00:04:08|-0.01|0.02|0.9275|
|x|         40|         12|        210|     51286.87114|         80|00:02:49|-0.01|0.02|0.9299|
|x|         39|         12|        210|     51285.98389|         82|00:03:16|-0.01|0.01|0.9309|
|x|         17|         12|        210|     51281.61649|         84|00:03:18|-0.01|0.02|0.9293|
|x|          7|         12|        210|     51280.80395|         86|00:04:38|-0.01|0.01|0.9295|
|x|          1|         12|        210|     51281.86256|         88|00:02:54|-0.01|0.01|0.9299|
|=|         25|         12|        210|     51284.96450|         90|00:03:43|-0.01|0.01|0.9308|
|x|          2|         12|        210|     51283.92415|         92|00:04:07|-0.01|0.01|0.9305|
|x|         42|         12|        210|     51280.53024|        104|00:04:39|-0.01|0.01|0.9288|
|x|         43|         12|        210|     51279.92186|        116|00:03:02|-0.01|0.01|0.9282|
|x|         44|         12|        210|     51286.83159|        128|00:03:38|-0.01|0.01|0.9300|
|x|         45|         12|        210|     51288.86289|        140|00:04:34|-0.01|0.01|0.9308|
|x|         46|         12|        210|     51289.31783|        152|00:03:57|-0.01|0.01|0.9307|
|x|         47|         12|        210|     51288.51043|        164|00:02:44|-0.01|0.01|0.9290|
|x|         48|         12|        210|     51287.83250|        176|00:04:13|-0.01|0.01|0.9273|
|x|         49|         12|        210|     51287.10857|        188|00:04:35|-0.01|0.01|0.9250|
|=|         50|         12|        210|     51289.14260|        200|00:04:38|-0.01|0.01|0.9246|
+-+-----------+-----------+-----------+----------------+-----------+--------+-----+----+------+
Best-so-far configuration:         210    mean value:      51289.14260
Description of the best-so-far configuration:
    .ID. his_len max_attempts .PARENT.
210  210    5162          302      138

# 2025-12-29 23:57:42 GMT: Elite configurations (first number is the configuration ID; listed from best to worst according to the sum of ranks):
    his_len max_attempts
210    5162          302
220    4033          466
31     5278          285
194    5279          281
111    4759          449
38     4228          411
176    5454          303
205    5142          305
22     5478          307
199    5094          302
# 2025-12-29 23:57:42 GMT: Stopped because there is not enough budget left to race more than the minimum (10).
# You may either increase the budget or set 'minNbSurvival' to a lower value.
# Iteration: 5
# nbIterations: 5
# experimentsUsed: 5980
# timeUsed: 0
# remainingBudget: 20
# currentBudget: 20
# number of elites: 10
# nbConfigurations: 10
# Total CPU user time: 1087439, CPU sys time: 3915.345, Wall-clock time: 31287.22
# 2025-12-29 23:57:42 GMT: Starting post-selection:
# Configurations selected: 210, 220.
# Pending instances: 0, 0.
# 2025-12-29 23:57:42 GMT: seed: 825052969
# Configurations: 2
# Available experiments: 20
# minSurvival: 1
# Markers:
     x No test is performed.
     c Configurations are discarded only due to capping.
     - The test is performed and some configurations are discarded.
     = The test is performed but no configuration is discarded.
     ! The test is performed and configurations could be discarded but elite configurations are preserved.
     . All alive configurations are elite and nothing is discarded.

+-+-----------+-----------+-----------+----------------+-----------+--------+-----+----+------+
| |   Instance|      Alive|       Best|       Mean best| Exp so far|  W time|  rho|KenW|  Qvar|
+-+-----------+-----------+-----------+----------------+-----------+--------+-----+----+------+
|.|         32|          2|        210|     51219.19000|          0|00:00:00|   NA|  NA|    NA|
|.|          8|          2|        210|     51215.34000|          0|00:00:00|+1.00|1.00|0.0000|
|.|         25|          2|        210|     51278.87333|          0|00:00:00|-0.33|0.11|0.6667|
|.|         39|          2|        210|     51272.88750|          0|00:00:00|+0.00|0.25|0.5000|
|.|         29|          2|        210|     51294.98200|          0|00:00:00|-0.20|0.04|0.6000|
|.|         35|          2|        210|     51281.99167|          0|00:00:00|-0.07|0.11|0.5333|
|.|         20|          2|        210|     51271.89000|          0|00:00:00|+0.05|0.18|0.4762|
|.|         50|          2|        210|     51286.50500|          0|00:00:00|-0.07|0.06|0.5357|
|.|          3|          2|        210|     51287.62556|          0|00:00:00|-0.11|0.01|0.5556|
|.|         26|          2|        210|     51289.98100|          0|00:00:00|-0.07|0.04|0.5333|
|.|         21|          2|        210|     51283.56273|          0|00:00:00|-0.02|0.07|0.5091|
|.|         48|          2|        210|     51281.26333|          0|00:00:00|-0.06|0.03|0.5303|
|.|          2|          2|        210|     51278.26692|          0|00:00:00|-0.03|0.05|0.5128|
|.|         14|          2|        210|     51278.32786|          0|00:00:00|+0.01|0.08|0.4945|
|.|         34|          2|        210|     51281.58200|          0|00:00:00|-0.03|0.04|0.5143|
|.|         22|          2|        210|     51288.91375|          0|00:00:00|-0.05|0.02|0.5250|
|.|          7|          2|        210|     51286.66824|          0|00:00:00|-0.03|0.03|0.5147|
|.|         45|          2|        210|     51291.75556|          0|00:00:00|-0.05|0.01|0.5229|
|.|          5|          2|        210|     51293.07000|          0|00:00:00|-0.05|0.00|0.5263|
|.|         19|          2|        210|     51289.36600|          0|00:00:00|-0.04|0.01|0.5211|
|.|         31|          2|        210|     51291.26238|          0|00:00:00|-0.05|0.00|0.5238|
|.|         10|          2|        210|     51293.04364|          0|00:00:00|-0.04|0.01|0.5195|
|.|         28|          2|        210|     51287.77435|          0|00:00:00|-0.03|0.02|0.5138|
|.|         11|          2|        210|     51286.60208|          0|00:00:00|-0.01|0.03|0.5072|
|.|         17|          2|        210|     51280.11360|          0|00:00:00|+0.00|0.04|0.5000|
|.|          6|          2|        210|     51283.23885|          0|00:00:00|-0.02|0.02|0.5077|
|.|         13|          2|        210|     51283.54667|          0|00:00:00|-0.00|0.03|0.5014|
|.|         37|          2|        210|     51280.96571|          0|00:00:00|+0.01|0.05|0.4947|
|.|         38|          2|        210|     51281.37690|          0|00:00:00|+0.02|0.06|0.4877|
|.|         33|          2|        210|     51281.37833|          0|00:00:00|+0.04|0.07|0.4805|
|.|         36|          2|        210|     51280.04710|          0|00:00:00|+0.05|0.08|0.4731|
|.|         30|          2|        210|     51279.34187|          0|00:00:00|+0.07|0.10|0.4657|
|.|         12|          2|        210|     51288.46727|          0|00:00:00|+0.05|0.07|0.4773|
|.|         18|          2|        210|     51289.33853|          0|00:00:00|+0.06|0.09|0.4706|
|.|         49|          2|        210|     51288.28200|          0|00:00:00|+0.04|0.07|0.4807|
|.|         16|          2|        210|     51288.16361|          0|00:00:00|+0.02|0.05|0.4889|
|.|         40|          2|        210|     51289.70757|          0|00:00:00|+0.01|0.04|0.4955|
|.|         47|          2|        210|     51288.69868|          0|00:00:00|+0.02|0.04|0.4908|
|.|          9|          2|        210|     51287.13103|          0|00:00:00|+0.01|0.03|0.4966|
|.|          1|          2|        210|     51288.00500|          0|00:00:00|-0.00|0.02|0.5013|
|.|         46|          2|        210|     51288.53634|          0|00:00:00|-0.01|0.01|0.5049|
|.|         24|          2|        210|     51285.88286|          0|00:00:00|-0.00|0.02|0.5017|
|.|          4|          2|        210|     51282.82256|          0|00:00:00|+0.00|0.03|0.4983|
|.|         43|          2|        210|     51282.17591|          0|00:00:00|-0.00|0.02|0.5021|
|.|         41|          2|        210|     51284.84244|          0|00:00:00|-0.01|0.01|0.5051|
|.|         15|          2|        210|     51283.99783|          0|00:00:00|-0.01|0.01|0.5072|
|.|         27|          2|        210|     51285.06574|          0|00:00:00|-0.01|0.01|0.5051|
|.|         44|          2|        210|     51291.29250|          0|00:00:00|-0.01|0.01|0.5071|
|.|         23|          2|        210|     51292.15816|          0|00:00:00|-0.02|0.00|0.5085|
|.|         42|          2|        210|     51289.14260|          0|00:00:00|-0.01|0.01|0.5069|
|x|         51|          2|        210|     51291.63137|          2|00:03:02|-0.02|0.00|0.5082|
|x|         52|          2|        210|     51296.81923|          4|00:03:19|-0.02|0.00|0.5090|
|x|         53|          2|        210|     51299.52962|          6|00:02:52|-0.02|0.00|0.5094|
|x|         54|          2|        210|     51300.43389|          8|00:02:52|-0.02|0.00|0.5094|
|x|         55|          2|        210|     51299.25655|         10|00:02:59|-0.02|0.00|0.5091|
|x|         56|          2|        210|     51297.34821|         12|00:03:18|-0.02|0.00|0.5084|
|x|         57|          2|        210|     51298.78667|         14|00:02:50|-0.02|0.00|0.5088|
|x|         58|          2|        210|     51298.41259|         16|00:04:17|-0.02|0.00|0.5088|
|x|         59|          2|        220|     51289.64983|         18|00:03:35|-0.02|0.00|0.5085|
|=|         60|          2|        220|     51288.57583|         20|00:04:18|-0.02|0.00|0.5079|
+-+-----------+-----------+-----------+----------------+-----------+--------+-----+----+------+
Best-so-far configuration:         220    mean value:      51288.57583
Description of the best-so-far configuration:
    .ID. his_len max_attempts .PARENT.
220  220    4033          466      135

# 2025-12-30 00:31:10 GMT: Elite configurations (first number is the configuration ID; listed from best to worst according to the sum of ranks):
    his_len max_attempts
220    4033          466
210    5162          302
# Total CPU user time: 1090969, CPU sys time: 3923.091, Wall-clock time: 33296.08
# Best configurations (first number is the configuration ID; listed from best to worst according to the sum of ranks):
    his_len max_attempts
220    4033          466
210    5162          302
# Best configurations as commandlines (first number is the configuration ID; listed from best to worst according to the sum of ranks):
220 -his_len 4033 -max_attempts 466
210 -his_len 5162 -max_attempts 302


# Testing of elite configurations: 1 
# Testing iteration configurations: FALSE 
# 2025-12-30 00:31:11 GMT: No test instances, skip testing
