Starting irace...
# 2025-12-29 15:57:04 GMT: Reading parameter file '/gpfs/home/e/exx866/IRACE-b-LAHC/all-instances-fine/M-n163-k12-s12-p1/parameters.txt'.
# 2025-12-29 15:57:05 GMT: Read 1 configuration(s) from file '/gpfs/home/e/exx866/IRACE-b-LAHC/all-instances-fine/M-n163-k12-s12-p1/configurations.txt'
# 2025-12-29 15:57:05 GMT: Initialization
# Elitist race
# Elitist new instances: 1
# Elitist limit: 2
# nbIterations: 3
# minNbSurvival: 10
# nbParameters: 2
# seed: 2074485807
# confidence level: 0.95
# budget: 6000
# mu: 10
# deterministic: FALSE

# 2025-12-29 15:57:05 GMT: Iteration 1 of 3
# experimentsUsed: 0
# remainingBudget: 6000
# currentBudget: 2000
# nbConfigurations: 100
# Markers:
     x No test is performed.
     c Configurations are discarded only due to capping.
     - The test is performed and some configurations are discarded.
     = The test is performed but no configuration is discarded.
     ! The test is performed and configurations could be discarded but elite configurations are preserved.
     . All alive configurations are elite and nothing is discarded.

+-+-----------+-----------+-----------+----------------+-----------+--------+-----+----+------+
| |   Instance|      Alive|       Best|       Mean best| Exp so far|  W time|  rho|KenW|  Qvar|
+-+-----------+-----------+-----------+----------------+-----------+--------+-----+----+------+
|x|          1|        100|         36|     1033.420000|        100|00:00:40|   NA|  NA|    NA|
|x|          2|        100|         36|     1033.280000|        200|00:00:40|+0.02|0.51|0.9725|
|x|          3|        100|         63|     1034.606667|        300|00:00:40|-0.02|0.32|1.0145|
|x|          4|        100|         63|     1035.225000|        400|00:00:40|+0.06|0.29|0.9291|
|x|          5|        100|         10|     1035.134000|        500|00:00:39|+0.04|0.23|0.9456|
|x|          6|        100|         10|     1035.870000|        600|00:00:38|+0.02|0.19|0.9624|
|x|          7|        100|         57|     1037.242857|        700|00:00:39|+0.01|0.15|0.9824|
|x|          8|        100|         10|     1036.721250|        800|00:00:39|+0.01|0.14|0.9793|
|x|          9|        100|         10|     1036.482222|        900|00:00:40|+0.01|0.12|0.9796|
|=|         10|        100|         10|     1036.078000|       1000|00:00:40|+0.01|0.11|0.9743|
|x|         11|        100|         10|     1036.870000|       1100|00:00:40|+0.02|0.11|0.9703|
|x|         12|        100|         10|     1036.902500|       1200|00:00:38|+0.01|0.10|0.9727|
|x|         13|        100|         10|     1036.780769|       1300|00:00:39|+0.02|0.10|0.9603|
|x|         14|        100|         87|     1036.912143|       1400|00:00:40|+0.03|0.10|0.9587|
|x|         15|        100|         79|     1037.586000|       1500|00:00:41|+0.02|0.09|0.9634|
|x|         16|        100|         79|     1037.383125|       1600|00:00:40|+0.02|0.08|0.9609|
|x|         17|        100|         79|     1037.278235|       1700|00:00:41|+0.02|0.08|0.9650|
|x|         18|        100|         79|     1037.501111|       1800|00:00:39|+0.02|0.07|0.9647|
|x|         19|        100|         79|     1037.564737|       1900|00:00:40|+0.01|0.07|0.9667|
|-|         20|         49|         79|     1037.744500|       2000|00:00:41|-0.02|0.03|1.0036|
+-+-----------+-----------+-----------+----------------+-----------+--------+-----+----+------+
Best-so-far configuration:          79    mean value:      1037.744500
Description of the best-so-far configuration:
   .ID. his_len max_attempts .PARENT.
79   79    1932           40       NA

# 2025-12-29 16:10:31 GMT: Elite configurations (first number is the configuration ID; listed from best to worst according to the sum of ranks):
   his_len max_attempts
79    1932           40
87    3084           19
10    2389           15
78    3016           79
54    1746           54
56    2288           35
50    2017            6
16    3745            5
57    3372           73
22    3406           17
# 2025-12-29 16:10:31 GMT: Iteration 2 of 3
# experimentsUsed: 2000
# remainingBudget: 4000
# currentBudget: 2000
# nbConfigurations: 73
# Markers:
     x No test is performed.
     c Configurations are discarded only due to capping.
     - The test is performed and some configurations are discarded.
     = The test is performed but no configuration is discarded.
     ! The test is performed and configurations could be discarded but elite configurations are preserved.
     . All alive configurations are elite and nothing is discarded.

+-+-----------+-----------+-----------+----------------+-----------+--------+-----+----+------+
| |   Instance|      Alive|       Best|       Mean best| Exp so far|  W time|  rho|KenW|  Qvar|
+-+-----------+-----------+-----------+----------------+-----------+--------+-----+----+------+
|x|         21|         73|        116|     1032.580000|         73|00:00:30|   NA|  NA|    NA|
|x|         10|         73|         22|     1034.835000|        136|00:00:26|+0.15|0.57|0.8686|
|x|         17|         73|         22|     1034.443333|        199|00:00:26|+0.07|0.38|0.9252|
|x|          2|         73|         22|     1035.462500|        262|00:00:26|+0.09|0.31|0.9188|
|x|         11|         73|         22|     1035.508000|        325|00:00:26|+0.06|0.25|0.9306|
|x|          9|         73|         22|     1035.776667|        388|00:00:26|+0.06|0.21|0.9341|
|x|         15|         73|         22|     1036.077143|        451|00:00:26|+0.03|0.17|0.9539|
|x|         20|         73|         22|     1036.581250|        514|00:00:27|+0.03|0.15|0.9587|
|x|         19|         73|         87|     1037.905556|        577|00:00:27|+0.01|0.12|0.9781|
|=|         14|         73|         87|     1037.679000|        640|00:00:26|+0.03|0.12|0.9559|
|x|          5|         73|         87|     1037.900000|        703|00:00:26|+0.01|0.10|0.9677|
|x|         13|         73|         87|     1037.700833|        766|00:00:26|+0.02|0.10|0.9621|
|x|          6|         73|         16|     1037.786154|        829|00:00:27|+0.01|0.09|0.9721|
|x|          7|         73|         87|     1037.495000|        892|00:00:26|+0.02|0.09|0.9672|
|x|          3|         73|         16|     1037.748667|        955|00:00:27|+0.02|0.09|0.9652|
|x|         16|         73|         16|     1037.856875|       1018|00:00:27|+0.02|0.08|0.9686|
|x|         12|         73|        147|     1037.847647|       1081|00:00:26|+0.01|0.07|0.9690|
|x|         18|         73|        147|     1037.897778|       1144|00:00:26|+0.02|0.07|0.9681|
|x|          1|         73|        147|     1037.610526|       1207|00:00:26|+0.02|0.07|0.9621|
|-|          8|         28|        147|     1037.522500|       1270|00:00:26|-0.02|0.03|0.9785|
|x|          4|         28|        115|     1037.643333|       1288|00:00:10|-0.01|0.04|0.9724|
|x|         22|         28|        115|     1037.695909|       1316|00:00:14|-0.01|0.04|0.9718|
|x|         23|         28|        115|     1037.591739|       1344|00:00:13|-0.01|0.03|0.9726|
|x|         24|         28|        115|     1037.740833|       1372|00:00:13|-0.01|0.03|0.9736|
|x|         25|         28|        115|     1037.728400|       1400|00:00:14|-0.01|0.03|0.9737|
|x|         26|         28|        115|     1037.678077|       1428|00:00:14|-0.01|0.03|0.9682|
|x|         27|         28|        115|     1037.535926|       1456|00:00:13|+0.00|0.04|0.9611|
|x|         28|         28|        115|     1037.590000|       1484|00:00:13|+0.00|0.04|0.9589|
|x|         29|         28|        115|     1037.652414|       1512|00:00:13|+0.00|0.04|0.9607|
|=|         30|         28|        115|     1037.763000|       1540|00:00:13|+0.00|0.04|0.9607|
|x|         31|         28|        115|     1037.910323|       1568|00:00:13|+0.00|0.04|0.9601|
|x|         32|         28|         87|     1037.968437|       1596|00:00:13|+0.01|0.04|0.9560|
|x|         33|         28|         87|     1037.939091|       1624|00:00:13|+0.00|0.03|0.9590|
|x|         34|         28|         87|     1037.964706|       1652|00:00:14|+0.00|0.03|0.9587|
|x|         35|         28|         87|     1037.960000|       1680|00:00:13|+0.00|0.03|0.9597|
|x|         36|         28|         87|     1037.967222|       1708|00:00:14|+0.01|0.03|0.9583|
|x|         37|         28|         87|     1038.277297|       1736|00:00:13|+0.00|0.03|0.9634|
|x|         38|         28|         87|     1038.175789|       1764|00:00:14|+0.00|0.03|0.9614|
|x|         39|         28|         87|     1038.142308|       1792|00:00:13|+0.01|0.03|0.9595|
|=|         40|         28|        115|     1038.249250|       1820|00:00:13|+0.00|0.03|0.9586|
+-+-----------+-----------+-----------+----------------+-----------+--------+-----+----+------+
Best-so-far configuration:         115    mean value:      1038.249250
Description of the best-so-far configuration:
    .ID. his_len max_attempts .PARENT.
115  115    3040           15       87

# 2025-12-29 16:24:03 GMT: Elite configurations (first number is the configuration ID; listed from best to worst according to the sum of ranks):
    his_len max_attempts
115    3040           15
87     3084           19
147    2146           15
152    2874           14
10     2389           15
103    2451           15
79     1932           40
126    3680           12
158    1961           40
131    2443           30
# 2025-12-29 16:24:03 GMT: Iteration 3 of 3
# experimentsUsed: 3820
# remainingBudget: 2180
# currentBudget: 2180
# nbConfigurations: 51
# Markers:
     x No test is performed.
     c Configurations are discarded only due to capping.
     - The test is performed and some configurations are discarded.
     = The test is performed but no configuration is discarded.
     ! The test is performed and configurations could be discarded but elite configurations are preserved.
     . All alive configurations are elite and nothing is discarded.

+-+-----------+-----------+-----------+----------------+-----------+--------+-----+----+------+
| |   Instance|      Alive|       Best|       Mean best| Exp so far|  W time|  rho|KenW|  Qvar|
+-+-----------+-----------+-----------+----------------+-----------+--------+-----+----+------+
|x|         41|         51|        184|     1032.800000|         51|00:00:22|   NA|  NA|    NA|
|x|         40|         51|        191|     1035.645000|         92|00:00:18|+0.20|0.60|0.7550|
|x|          5|         51|        191|     1035.413333|        133|00:00:18|+0.10|0.40|0.8655|
|x|         16|         51|        191|     1035.865000|        174|00:00:18|+0.01|0.25|0.9610|
|x|         38|         51|        191|     1035.846000|        215|00:00:18|-0.00|0.20|0.9746|
|x|         20|         51|        191|     1037.151667|        256|00:00:18|-0.05|0.13|1.0300|
|x|         12|         51|        115|     1037.378571|        297|00:00:18|-0.02|0.12|1.0006|
|x|         15|         51|        115|     1037.035000|        338|00:00:18|-0.02|0.11|0.9917|
|x|          8|         51|        115|     1036.877778|        379|00:00:18|-0.01|0.10|0.9933|
|=|         22|         51|        115|     1037.070000|        420|00:00:18|+0.00|0.10|0.9813|
|x|         25|         51|        115|     1037.102727|        461|00:00:18|-0.00|0.09|0.9849|
|x|         27|         51|        115|     1036.830833|        502|00:00:18|+0.00|0.09|0.9785|
|x|         31|         51|        115|     1037.253846|        543|00:00:18|-0.01|0.07|0.9889|
|x|          6|         51|        115|     1036.992857|        584|00:00:18|-0.00|0.07|0.9817|
|x|         21|         51|        115|     1036.854000|        625|00:00:18|+0.00|0.07|0.9763|
|x|         11|         51|        115|     1037.390000|        666|00:00:18|+0.01|0.07|0.9750|
|x|          4|         51|        115|     1037.240000|        707|00:00:18|+0.00|0.06|0.9770|
|x|         34|         51|        115|     1037.472778|        748|00:00:18|+0.00|0.06|0.9795|
|x|         17|         51|        115|     1037.426842|        789|00:00:18|+0.00|0.05|0.9801|
|=|         35|         51|        115|     1037.290000|        830|00:00:18|+0.00|0.05|0.9777|
|x|         33|         51|        115|     1037.498095|        871|00:00:19|+0.01|0.05|0.9735|
|x|         36|         51|        115|     1037.658182|        912|00:00:18|+0.01|0.05|0.9716|
|x|         29|         51|        115|     1037.733913|        953|00:00:19|+0.01|0.05|0.9722|
|x|         18|         51|        115|     1037.598750|        994|00:00:18|+0.01|0.05|0.9697|
|x|         13|         51|        115|     1037.535600|       1035|00:00:18|+0.01|0.05|0.9713|
|x|         10|         51|        115|     1037.527308|       1076|00:00:18|+0.01|0.05|0.9684|
|x|          9|         51|        115|     1037.672593|       1117|00:00:18|+0.02|0.05|0.9623|
|x|         19|         51|        115|     1037.771786|       1158|00:00:18|+0.02|0.05|0.9633|
|x|          3|         51|        115|     1037.680690|       1199|00:00:19|+0.02|0.05|0.9611|
|-|          7|         27|        115|     1037.823667|       1240|00:00:18|-0.01|0.02|0.9794|
|x|         24|         27|        115|     1037.931613|       1257|00:00:09|-0.01|0.02|0.9796|
|x|         30|         27|        115|     1038.026562|       1274|00:00:09|-0.02|0.02|0.9804|
|x|          2|         27|        115|     1038.004545|       1291|00:00:10|-0.01|0.02|0.9794|
|x|          1|         27|        115|     1038.054118|       1308|00:00:10|-0.01|0.02|0.9765|
|x|         28|         27|        115|     1038.082571|       1325|00:00:10|-0.01|0.02|0.9774|
|x|         37|         27|        115|     1038.061389|       1342|00:00:10|-0.01|0.02|0.9771|
|x|         32|         27|        115|     1038.255946|       1359|00:00:09|-0.01|0.01|0.9778|
|x|         39|         27|        115|     1038.281316|       1376|00:00:10|-0.01|0.02|0.9762|
|x|         26|         27|        115|     1038.233590|       1393|00:00:10|-0.01|0.02|0.9744|
|=|         23|         27|        115|     1038.160250|       1410|00:00:09|-0.01|0.02|0.9735|
|x|         14|         27|        115|     1038.248293|       1427|00:00:09|-0.01|0.02|0.9725|
|x|         42|         27|        115|     1038.204286|       1454|00:00:13|-0.01|0.02|0.9708|
|x|         43|         27|        115|     1038.157907|       1481|00:00:14|-0.01|0.02|0.9719|
|x|         44|         27|        115|     1038.268864|       1508|00:00:14|-0.01|0.02|0.9724|
|x|         45|         27|        115|     1038.523111|       1535|00:00:13|-0.01|0.02|0.9721|
|x|         46|         27|        115|     1038.535435|       1562|00:00:13|-0.01|0.01|0.9726|
|x|         47|         27|        115|     1038.506596|       1589|00:00:13|-0.01|0.01|0.9725|
|x|         48|         27|        115|     1038.411042|       1616|00:00:13|-0.01|0.02|0.9717|
|x|         49|         27|        115|     1038.413878|       1643|00:00:13|-0.01|0.01|0.9720|
|=|         50|         27|        115|     1038.465000|       1670|00:00:13|-0.01|0.01|0.9725|
|x|         51|         27|        115|     1038.422745|       1697|00:00:13|-0.01|0.01|0.9708|
|x|         52|         27|        115|     1038.455962|       1724|00:00:13|-0.01|0.01|0.9695|
|x|         53|         27|        115|     1038.436604|       1751|00:00:13|-0.00|0.01|0.9682|
|x|         54|         27|        115|     1038.336111|       1778|00:00:13|-0.00|0.01|0.9675|
|x|         55|         27|        115|     1038.340909|       1805|00:00:13|-0.00|0.01|0.9681|
|x|         56|         27|        115|     1038.527857|       1832|00:00:13|-0.01|0.01|0.9689|
|x|         57|         27|        115|     1038.459474|       1859|00:00:13|-0.00|0.01|0.9671|
|x|         58|         27|        115|     1038.488276|       1886|00:00:13|-0.00|0.01|0.9667|
|x|         59|         27|        115|     1038.508814|       1913|00:00:13|-0.00|0.01|0.9675|
|=|         60|         27|        115|     1038.583000|       1940|00:00:13|-0.00|0.01|0.9669|
+-+-----------+-----------+-----------+----------------+-----------+--------+-----+----+------+
Best-so-far configuration:         115    mean value:      1038.583000
Description of the best-so-far configuration:
    .ID. his_len max_attempts .PARENT.
115  115    3040           15       87

# 2025-12-29 16:39:38 GMT: Elite configurations (first number is the configuration ID; listed from best to worst according to the sum of ranks):
    his_len max_attempts
115    3040           15
198    3182           14
87     3084           19
126    3680           12
103    2451           15
167    3043           15
131    2443           30
158    1961           40
192    1966           41
152    2874           14
# 2025-12-29 16:39:38 GMT: Iteration 4 of 4
# experimentsUsed: 5760
# remainingBudget: 240
# currentBudget: 240
# nbConfigurations: 12
# Markers:
     x No test is performed.
     c Configurations are discarded only due to capping.
     - The test is performed and some configurations are discarded.
     = The test is performed but no configuration is discarded.
     ! The test is performed and configurations could be discarded but elite configurations are preserved.
     . All alive configurations are elite and nothing is discarded.

+-+-----------+-----------+-----------+----------------+-----------+--------+-----+----+------+
| |   Instance|      Alive|       Best|       Mean best| Exp so far|  W time|  rho|KenW|  Qvar|
+-+-----------+-----------+-----------+----------------+-----------+--------+-----+----+------+
|x|         61|         12|        192|     1035.130000|         12|00:00:08|   NA|  NA|    NA|
|x|          7|         12|         87|     1034.510000|         14|00:00:04|+0.27|0.64|0.5708|
|x|         27|         12|         87|     1035.583333|         16|00:00:04|+0.07|0.38|0.9481|
|x|         34|         12|        158|     1036.365000|         18|00:00:04|+0.14|0.36|0.8484|
|x|         48|         12|         87|     1035.816000|         20|00:00:04|+0.09|0.27|0.8739|
|x|         20|         12|         87|     1035.663333|         22|00:00:04|+0.11|0.26|0.8560|
|x|         11|         12|         87|     1035.522857|         24|00:00:05|+0.15|0.27|0.8217|
|x|          5|         12|         87|     1036.096250|         26|00:00:04|+0.10|0.21|0.8439|
|x|         46|         12|         87|     1036.351111|         28|00:00:04|+0.12|0.21|0.8228|
|-|         25|         10|         87|     1036.538000|         30|00:00:04|+0.08|0.17|0.8315|
|.|         36|         10|         87|     1036.690909|         30|00:00:00|+0.03|0.12|0.8676|
|.|         12|         10|         87|     1036.883333|         30|00:00:00|+0.02|0.11|0.8735|
|.|          3|         10|         87|     1037.331538|         30|00:00:00|+0.01|0.09|0.8794|
|.|         32|         10|         87|     1037.337143|         30|00:00:00|-0.00|0.07|0.8899|
|.|         17|         10|         87|     1037.823333|         30|00:00:00|-0.01|0.06|0.9094|
|.|         58|         10|         87|     1038.189375|         30|00:00:00|-0.01|0.05|0.9149|
|.|          4|         10|         87|     1038.397059|         30|00:00:00|-0.00|0.06|0.9016|
|.|          1|         10|         87|     1038.131667|         30|00:00:00|-0.01|0.05|0.9026|
|.|         35|         10|         87|     1038.114211|         30|00:00:00|-0.02|0.03|0.9167|
|.|         52|         10|         87|     1038.227000|         30|00:00:00|-0.02|0.03|0.9196|
|.|         39|         10|         87|     1038.162381|         30|00:00:00|-0.03|0.02|0.9200|
|.|         38|         10|         87|     1037.992273|         30|00:00:00|-0.02|0.03|0.9110|
|.|         40|         10|         87|     1038.557826|         30|00:00:00|-0.02|0.02|0.9171|
|.|         53|         10|         87|     1038.562917|         30|00:00:00|-0.02|0.03|0.9101|
|.|          6|         10|         87|     1038.630000|         30|00:00:00|-0.02|0.03|0.9111|
|.|         22|         10|         87|     1038.712308|         30|00:00:00|-0.01|0.03|0.9055|
|.|         51|         10|         87|     1038.599630|         30|00:00:00|-0.01|0.02|0.9049|
|.|          2|         10|         87|     1038.438214|         30|00:00:00|-0.01|0.03|0.8976|
|.|         28|         10|         87|     1038.390345|         30|00:00:00|-0.01|0.03|0.9007|
|.|         19|         10|         87|     1038.407667|         30|00:00:00|-0.01|0.02|0.9026|
|.|          8|         10|         87|     1038.408065|         30|00:00:00|-0.01|0.03|0.8988|
|.|          9|         10|         87|     1038.252500|         30|00:00:00|-0.00|0.03|0.8964|
|.|         59|         10|         87|     1038.250303|         30|00:00:00|-0.01|0.02|0.9009|
|.|         15|         10|         87|     1038.560882|         30|00:00:00|-0.01|0.02|0.9055|
|.|         16|         10|         87|     1038.654571|         30|00:00:00|-0.02|0.01|0.9108|
|.|         43|         10|         87|     1038.790556|         30|00:00:00|-0.01|0.02|0.9098|
|.|         29|         10|         87|     1038.809189|         30|00:00:00|-0.01|0.02|0.9074|
|.|         41|         10|         87|     1038.903421|         30|00:00:00|-0.01|0.02|0.9089|
|.|         21|         10|         87|     1038.838718|         30|00:00:00|-0.01|0.01|0.9095|
|.|         24|         10|         87|     1038.786000|         30|00:00:00|-0.01|0.01|0.9122|
|.|         23|         10|         87|     1038.733659|         30|00:00:00|-0.01|0.01|0.9114|
|.|         33|         10|         87|     1038.692381|         30|00:00:00|-0.01|0.01|0.9109|
|.|         14|         10|         87|     1038.621395|         30|00:00:00|-0.01|0.01|0.9115|
|.|         30|         10|         87|     1038.582955|         30|00:00:00|-0.01|0.01|0.9130|
|.|         56|         10|         87|     1038.639333|         30|00:00:00|-0.01|0.01|0.9142|
|.|         55|         10|         87|     1038.655217|         30|00:00:00|-0.02|0.01|0.9148|
|.|         26|         10|         87|     1038.625106|         30|00:00:00|-0.02|0.01|0.9152|
|.|         42|         10|         87|     1038.593333|         30|00:00:00|-0.02|0.01|0.9142|
|.|         50|         10|         87|     1038.740816|         30|00:00:00|-0.02|0.01|0.9148|
|.|         10|         10|         87|     1038.672600|         30|00:00:00|-0.02|0.00|0.9143|
|.|         45|         10|         87|     1038.671765|         30|00:00:00|-0.02|0.00|0.9146|
|.|         60|         10|         87|     1038.683269|         30|00:00:00|-0.02|0.00|0.9145|
|.|         31|         10|         87|     1038.657358|         30|00:00:00|-0.02|0.00|0.9135|
|.|         49|         10|         87|     1038.679444|         30|00:00:00|-0.02|0.00|0.9136|
|.|         37|         10|         87|     1038.875091|         30|00:00:00|-0.02|0.00|0.9144|
|.|         18|         10|         87|     1038.845893|         30|00:00:00|-0.02|0.00|0.9135|
|.|         47|         10|         87|     1038.880351|         30|00:00:00|-0.01|0.00|0.9135|
|.|         13|         10|         87|     1038.822241|         30|00:00:00|-0.01|0.00|0.9128|
|.|         57|         10|         87|     1038.843559|         30|00:00:00|-0.01|0.00|0.9131|
|.|         54|         10|         87|     1038.782167|         30|00:00:00|-0.01|0.00|0.9130|
|.|         44|         10|         87|     1038.814426|         30|00:00:00|-0.01|0.00|0.9129|
|x|         62|         10|        115|     1038.567097|         40|00:00:07|-0.01|0.00|0.9124|
|x|         63|         10|        115|     1038.575714|         50|00:00:07|-0.01|0.00|0.9130|
|x|         64|         10|        115|     1038.536250|         60|00:00:07|-0.01|0.00|0.9125|
|x|         65|         10|        115|     1038.484923|         70|00:00:07|-0.01|0.01|0.9116|
|x|         66|         10|        115|     1038.490606|         80|00:00:07|-0.01|0.00|0.9114|
|x|         67|         10|        115|     1038.440746|         90|00:00:07|-0.01|0.01|0.9113|
|x|         68|         10|        115|     1038.432647|        100|00:00:07|-0.01|0.01|0.9105|
|x|         69|         10|        115|     1038.375942|        110|00:00:07|-0.01|0.01|0.9093|
|=|         70|         10|        115|     1038.379000|        120|00:00:07|-0.01|0.01|0.9096|
+-+-----------+-----------+-----------+----------------+-----------+--------+-----+----+------+
Best-so-far configuration:         115    mean value:      1038.379000
Description of the best-so-far configuration:
    .ID. his_len max_attempts .PARENT.
115  115    3040           15       87

# 2025-12-29 16:41:36 GMT: Elite configurations (first number is the configuration ID; listed from best to worst according to the sum of ranks):
    his_len max_attempts
115    3040           15
192    1966           41
167    3043           15
126    3680           12
87     3084           19
103    2451           15
131    2443           30
158    1961           40
198    3182           14
152    2874           14
# 2025-12-29 16:41:36 GMT: Iteration 5 of 5
# experimentsUsed: 5880
# remainingBudget: 120
# currentBudget: 120
# nbConfigurations: 11
# Markers:
     x No test is performed.
     c Configurations are discarded only due to capping.
     - The test is performed and some configurations are discarded.
     = The test is performed but no configuration is discarded.
     ! The test is performed and configurations could be discarded but elite configurations are preserved.
     . All alive configurations are elite and nothing is discarded.

+-+-----------+-----------+-----------+----------------+-----------+--------+-----+----+------+
| |   Instance|      Alive|       Best|       Mean best| Exp so far|  W time|  rho|KenW|  Qvar|
+-+-----------+-----------+-----------+----------------+-----------+--------+-----+----+------+
|x|         45|         11|        131|     1032.610000|          1|00:00:04|   NA|  NA|    NA|
|x|         63|         11|        192|     1035.630000|          2|00:00:04|+0.20|0.60|0.9107|
|x|         41|         11|        158|     1035.916667|          3|00:00:04|+0.00|0.34|0.9694|
|x|         50|         11|        158|     1035.452500|          4|00:00:04|+0.15|0.37|0.8210|
|x|         22|         11|        158|     1036.740000|          5|00:00:05|+0.04|0.23|0.9050|
|x|         49|         11|        158|     1037.241667|          6|00:00:04|+0.03|0.19|0.9242|
|x|         68|         11|        198|     1038.121429|          7|00:00:04|-0.02|0.13|0.9745|
|x|         39|         11|        103|     1037.845000|          8|00:00:04|-0.03|0.10|0.9786|
|x|         27|         11|        158|     1039.052222|          9|00:00:04|-0.04|0.07|0.9712|
|=|         31|         11|        158|     1039.061000|         10|00:00:04|-0.05|0.06|0.9635|
|x|         35|         11|        158|     1038.833636|         11|00:00:04|-0.03|0.06|0.9695|
|x|         59|         11|        158|     1038.777500|         12|00:00:04|-0.05|0.04|0.9763|
|x|         62|         11|        158|     1038.897692|         13|00:00:04|-0.05|0.03|0.9713|
|x|         69|         11|        192|     1039.182857|         14|00:00:04|-0.04|0.03|0.9656|
|x|         55|         11|        192|     1038.880000|         15|00:00:04|-0.02|0.04|0.9515|
|x|         25|         11|        115|     1038.659375|         16|00:00:04|-0.03|0.04|0.9462|
|x|         56|         11|        192|     1039.130588|         17|00:00:04|-0.03|0.03|0.9502|
|x|         34|         11|        158|     1039.170000|         18|00:00:04|-0.03|0.03|0.9441|
|x|         33|         11|        192|     1039.122105|         19|00:00:04|-0.04|0.02|0.9437|
|=|         37|         11|        167|     1038.444500|         20|00:00:04|-0.03|0.02|0.9403|
|x|         61|         11|        192|     1039.037143|         21|00:00:04|-0.03|0.02|0.9424|
|x|         19|         11|        192|     1038.925455|         22|00:00:04|-0.03|0.02|0.9367|
|x|         53|         11|        192|     1039.024348|         23|00:00:04|-0.03|0.02|0.9388|
|x|         18|         11|        103|     1038.565417|         24|00:00:04|-0.02|0.02|0.9344|
|x|          8|         11|        126|     1038.829200|         25|00:00:04|-0.02|0.02|0.9338|
|x|         66|         11|        126|     1038.667308|         26|00:00:04|-0.02|0.02|0.9294|
|x|         36|         11|        192|     1038.810370|         27|00:00:04|-0.02|0.02|0.9318|
|x|         65|         11|        192|     1038.709286|         28|00:00:04|-0.02|0.02|0.9326|
|x|         47|         11|        115|     1038.938621|         29|00:00:04|-0.01|0.02|0.9296|
|=|         46|         11|        126|     1038.974667|         30|00:00:04|-0.02|0.02|0.9309|
|x|          1|         11|        126|     1038.974839|         31|00:00:04|-0.02|0.01|0.9301|
|x|          4|         11|        126|     1038.875000|         32|00:00:05|-0.02|0.02|0.9282|
|x|          5|         11|        126|     1038.825455|         33|00:00:04|-0.01|0.02|0.9272|
|x|          9|         11|        126|     1038.753235|         34|00:00:04|-0.01|0.02|0.9252|
|x|         60|         11|        126|     1038.719714|         35|00:00:04|-0.01|0.02|0.9221|
|x|          3|         11|        126|     1038.756389|         36|00:00:04|-0.01|0.02|0.9229|
|x|         51|         11|        103|     1038.299730|         37|00:00:04|-0.01|0.02|0.9224|
|x|         29|         11|        126|     1038.858684|         38|00:00:04|-0.01|0.02|0.9204|
|x|         43|         11|        126|     1038.818462|         39|00:00:04|-0.01|0.02|0.9219|
|=|         44|         11|        126|     1038.905750|         40|00:00:04|-0.01|0.01|0.9230|
|x|         58|         11|        126|     1038.869268|         41|00:00:04|-0.01|0.01|0.9231|
|x|         70|         11|        126|     1038.782143|         42|00:00:04|-0.01|0.02|0.9213|
|x|          2|         11|        126|     1038.852791|         43|00:00:04|-0.01|0.02|0.9216|
|x|         13|         11|        115|     1038.822955|         44|00:00:04|-0.01|0.01|0.9222|
|x|         38|         11|        115|     1038.754000|         45|00:00:04|-0.01|0.01|0.9209|
|x|         30|         11|        115|     1038.802174|         46|00:00:04|-0.01|0.01|0.9215|
|x|         52|         11|        115|     1038.830851|         47|00:00:04|-0.01|0.01|0.9215|
|x|         28|         11|        126|     1039.130833|         48|00:00:04|-0.01|0.01|0.9210|
|x|         57|         11|        115|     1038.749592|         49|00:00:04|-0.01|0.01|0.9219|
|=|          6|         11|        115|     1038.646600|         50|00:00:04|-0.01|0.01|0.9222|
|x|         15|         11|        115|     1038.567843|         51|00:00:04|-0.01|0.01|0.9212|
|x|         23|         11|        115|     1038.505000|         52|00:00:04|-0.01|0.01|0.9219|
|x|         20|         11|        115|     1038.443019|         53|00:00:04|-0.01|0.01|0.9203|
|x|         26|         11|        115|     1038.405556|         54|00:00:04|-0.01|0.01|0.9193|
|x|         11|         11|        115|     1038.533273|         55|00:00:04|-0.01|0.01|0.9197|
|x|         10|         11|        115|     1038.511607|         56|00:00:04|-0.01|0.01|0.9179|
|x|         12|         11|        115|     1038.398596|         57|00:00:04|-0.01|0.01|0.9166|
|x|         17|         11|        115|     1038.367586|         58|00:00:05|-0.01|0.01|0.9168|
|x|          7|         11|        115|     1038.428644|         59|00:00:04|-0.01|0.01|0.9187|
|=|         16|         11|        115|     1038.507667|         60|00:00:04|-0.01|0.01|0.9191|
|x|         40|         11|        115|     1038.506393|         61|00:00:04|-0.01|0.01|0.9194|
|x|         67|         11|        115|     1038.452258|         62|00:00:04|-0.01|0.01|0.9187|
|x|         32|         11|        115|     1038.560317|         63|00:00:04|-0.01|0.01|0.9199|
|x|         54|         11|        115|     1038.473594|         64|00:00:04|-0.01|0.01|0.9192|
|x|         48|         11|        115|     1038.403538|         65|00:00:04|-0.01|0.01|0.9185|
|x|         21|         11|        115|     1038.350606|         66|00:00:04|-0.01|0.01|0.9185|
|x|         42|         11|        115|     1038.321493|         67|00:00:04|-0.01|0.01|0.9181|
|x|         64|         11|        115|     1038.288088|         68|00:00:04|-0.01|0.01|0.9175|
|x|         24|         11|        115|     1038.329855|         69|00:00:04|-0.01|0.01|0.9183|
|=|         14|         11|        115|     1038.379000|         70|00:00:04|-0.01|0.01|0.9184|
+-+-----------+-----------+-----------+----------------+-----------+--------+-----+----+------+
Best-so-far configuration:         115    mean value:      1038.379000
Description of the best-so-far configuration:
    .ID. his_len max_attempts .PARENT.
115  115    3040           15       87

# 2025-12-29 16:47:12 GMT: Elite configurations (first number is the configuration ID; listed from best to worst according to the sum of ranks):
    his_len max_attempts
115    3040           15
192    1966           41
167    3043           15
126    3680           12
87     3084           19
103    2451           15
131    2443           30
158    1961           40
198    3182           14
207    1965           41
# 2025-12-29 16:47:12 GMT: Stopped because there is not enough budget left to race more than the minimum (10).
# You may either increase the budget or set 'minNbSurvival' to a lower value.
# Iteration: 6
# nbIterations: 6
# experimentsUsed: 5950
# timeUsed: 0
# remainingBudget: 50
# currentBudget: 50
# number of elites: 10
# nbConfigurations: 10
# Total CPU user time: 28437.37, CPU sys time: 5904.126, Wall-clock time: 3007.35
# 2025-12-29 16:47:12 GMT: Starting post-selection:
# Configurations selected: 115, 192, 167, 126, 87.
# Pending instances: 0, 0, 0, 0, 0.
# 2025-12-29 16:47:12 GMT: seed: 2074485807
# Configurations: 5
# Available experiments: 50
# minSurvival: 1
# Markers:
     x No test is performed.
     c Configurations are discarded only due to capping.
     - The test is performed and some configurations are discarded.
     = The test is performed but no configuration is discarded.
     ! The test is performed and configurations could be discarded but elite configurations are preserved.
     . All alive configurations are elite and nothing is discarded.

+-+-----------+-----------+-----------+----------------+-----------+--------+-----+----+------+
| |   Instance|      Alive|       Best|       Mean best| Exp so far|  W time|  rho|KenW|  Qvar|
+-+-----------+-----------+-----------+----------------+-----------+--------+-----+----+------+
|.|         23|          5|        192|     1034.920000|          0|00:00:00|   NA|  NA|    NA|
|.|          4|          5|        192|     1039.855000|          0|00:00:00|-0.10|0.45|1.0535|
|.|         18|          5|        192|     1040.543333|          0|00:00:00|+0.27|0.51|0.6280|
|.|         56|          5|        192|     1039.965000|          0|00:00:00|-0.07|0.20|0.9283|
|.|         15|          5|        192|     1039.996000|          0|00:00:00|+0.00|0.20|0.8899|
|.|         33|          5|        192|     1039.623333|          0|00:00:00|-0.05|0.13|0.9014|
|.|         17|          5|        192|     1039.320000|          0|00:00:00|-0.01|0.13|0.8825|
|.|         44|          5|        192|     1038.971250|          0|00:00:00|-0.06|0.07|0.8814|
|.|         37|          5|        192|     1039.233333|          0|00:00:00|+0.01|0.12|0.8354|
|.|          3|          5|        192|     1039.015000|          0|00:00:00|+0.06|0.15|0.7919|
|.|         42|          5|        192|     1038.869091|          0|00:00:00|+0.03|0.12|0.8039|
|.|         24|          5|        192|     1038.472500|          0|00:00:00|-0.02|0.07|0.8170|
|.|         19|          5|        192|     1038.326923|          0|00:00:00|-0.03|0.05|0.8157|
|.|         38|          5|        192|     1038.493571|          0|00:00:00|-0.05|0.03|0.8366|
|.|         69|          5|        192|     1038.188000|          0|00:00:00|-0.03|0.04|0.8257|
|.|          9|          5|        192|     1038.242500|          0|00:00:00|-0.05|0.02|0.8336|
|.|         16|          5|        192|     1038.173529|          0|00:00:00|-0.04|0.02|0.8306|
|.|         67|          5|        192|     1038.441111|          0|00:00:00|-0.03|0.02|0.8262|
|.|         31|          5|        192|     1038.510000|          0|00:00:00|-0.04|0.02|0.8251|
|.|         21|          5|        192|     1038.247000|          0|00:00:00|-0.03|0.02|0.8189|
|.|         58|          5|        192|     1038.191429|          0|00:00:00|-0.02|0.03|0.8154|
|.|          2|          5|        192|     1038.192727|          0|00:00:00|-0.02|0.02|0.8150|
|.|         59|          5|        192|     1038.285652|          0|00:00:00|-0.02|0.02|0.8163|
|.|         12|          5|        192|     1038.218333|          0|00:00:00|-0.02|0.03|0.8115|
|.|         11|          5|        192|     1038.435600|          0|00:00:00|-0.03|0.01|0.8204|
|.|         36|          5|        192|     1038.371538|          0|00:00:00|-0.02|0.02|0.8139|
|.|         57|          5|        192|     1038.522963|          0|00:00:00|-0.02|0.02|0.8148|
|.|         49|          5|        192|     1039.039286|          0|00:00:00|-0.02|0.01|0.8190|
|.|         26|          5|        192|     1038.838966|          0|00:00:00|-0.02|0.02|0.8144|
|.|         32|          5|        192|     1038.825667|          0|00:00:00|-0.02|0.02|0.8159|
|.|         40|          5|        192|     1038.738065|          0|00:00:00|-0.02|0.02|0.8145|
|.|         55|          5|        192|     1038.610000|          0|00:00:00|-0.01|0.02|0.8093|
|.|          7|          5|        192|     1038.598182|          0|00:00:00|-0.02|0.01|0.8140|
|.|         27|          5|        192|     1038.733824|          0|00:00:00|-0.02|0.01|0.8163|
|.|         66|          5|        192|     1038.588857|          0|00:00:00|-0.02|0.01|0.8168|
|.|         52|          5|        192|     1038.605556|          0|00:00:00|-0.02|0.01|0.8156|
|.|         25|          5|        192|     1038.745676|          0|00:00:00|-0.02|0.01|0.8169|
|.|          5|          5|        192|     1038.671316|          0|00:00:00|-0.02|0.01|0.8160|
|.|         53|          5|        192|     1038.736154|          0|00:00:00|-0.02|0.01|0.8172|
|.|         68|          5|        192|     1038.681250|          0|00:00:00|-0.01|0.01|0.8146|
|.|          6|          5|        192|     1038.728293|          0|00:00:00|-0.01|0.01|0.8134|
|.|         13|          5|        192|     1038.805000|          0|00:00:00|-0.01|0.01|0.8126|
|.|         30|          5|        192|     1038.795581|          0|00:00:00|-0.01|0.01|0.8103|
|.|         50|          5|        192|     1038.736364|          0|00:00:00|-0.01|0.01|0.8086|
|.|         43|          5|        192|     1038.858000|          0|00:00:00|-0.01|0.01|0.8087|
|.|         10|          5|        192|     1038.876522|          0|00:00:00|-0.01|0.01|0.8071|
|.|          8|          5|        192|     1038.857234|          0|00:00:00|-0.01|0.01|0.8077|
|.|         45|          5|        192|     1038.809792|          0|00:00:00|-0.01|0.01|0.8079|
|.|          1|          5|        192|     1038.833673|          0|00:00:00|-0.01|0.01|0.8091|
|.|         39|          5|        192|     1038.775400|          0|00:00:00|-0.01|0.01|0.8088|
|.|         14|          5|        192|     1038.689216|          0|00:00:00|-0.01|0.01|0.8087|
|.|         47|          5|        192|     1038.716923|          0|00:00:00|-0.01|0.01|0.8104|
|.|         60|          5|        192|     1038.673396|          0|00:00:00|-0.01|0.01|0.8100|
|.|         63|          5|        192|     1038.599444|          0|00:00:00|-0.01|0.01|0.8085|
|.|         22|          5|        192|     1038.756909|          0|00:00:00|-0.01|0.01|0.8102|
|.|         29|          5|        192|     1038.790000|          0|00:00:00|-0.01|0.01|0.8113|
|.|         61|          5|        192|     1038.725789|          0|00:00:00|-0.01|0.01|0.8106|
|.|         64|          5|        192|     1038.758621|          0|00:00:00|-0.01|0.01|0.8094|
|.|         54|          5|        192|     1038.631017|          0|00:00:00|-0.01|0.01|0.8073|
|.|         34|          5|        192|     1038.659500|          0|00:00:00|-0.01|0.01|0.8089|
|.|         28|          5|        192|     1038.681148|          0|00:00:00|-0.01|0.01|0.8104|
|.|         65|          5|        192|     1038.637581|          0|00:00:00|-0.01|0.01|0.8089|
|.|         51|          5|        192|     1038.648889|          0|00:00:00|-0.01|0.01|0.8086|
|.|         41|          5|        192|     1038.662344|          0|00:00:00|-0.01|0.01|0.8074|
|.|         35|          5|        192|     1038.580769|          0|00:00:00|-0.00|0.01|0.8056|
|.|         20|          5|        192|     1038.588636|          0|00:00:00|-0.01|0.01|0.8066|
|.|         70|          5|        192|     1038.590597|          0|00:00:00|-0.01|0.01|0.8069|
|.|         46|          5|        192|     1038.673088|          0|00:00:00|-0.01|0.01|0.8081|
|.|         48|          5|        192|     1038.790145|          0|00:00:00|-0.01|0.01|0.8083|
|.|         62|          5|        192|     1038.783714|          0|00:00:00|-0.01|0.01|0.8071|
|x|         71|          5|        115|     1038.409155|          5|00:00:05|-0.01|0.01|0.8078|
|x|         72|          5|        115|     1038.478750|         10|00:00:05|-0.01|0.01|0.8074|
|x|         73|          5|        115|     1038.474932|         15|00:00:05|-0.01|0.01|0.8069|
|x|         74|          5|        115|     1038.566216|         20|00:00:05|-0.01|0.01|0.8070|
|x|         75|          5|        192|     1038.755733|         25|00:00:05|-0.01|0.01|0.8058|
|x|         76|          5|        192|     1038.801842|         30|00:00:05|-0.01|0.01|0.8067|
|x|         77|          5|        192|     1038.765714|         35|00:00:05|-0.01|0.01|0.8056|
|x|         78|          5|        192|     1038.794103|         40|00:00:05|-0.01|0.01|0.8054|
|x|         79|          5|        192|     1038.728354|         45|00:00:05|-0.00|0.01|0.8045|
|=|         80|          5|        192|     1038.776750|         50|00:00:05|-0.00|0.01|0.8041|
+-+-----------+-----------+-----------+----------------+-----------+--------+-----+----+------+
Best-so-far configuration:         192    mean value:      1038.776750
Description of the best-so-far configuration:
    .ID. his_len max_attempts .PARENT.
192  192    1966           41       79

# 2025-12-29 16:48:05 GMT: Elite configurations (first number is the configuration ID; listed from best to worst according to the sum of ranks):
    his_len max_attempts
192    1966           41
115    3040           15
126    3680           12
167    3043           15
87     3084           19
# Total CPU user time: 28664.61, CPU sys time: 5936.739, Wall-clock time: 3060.551
# Best configurations (first number is the configuration ID; listed from best to worst according to the sum of ranks):
    his_len max_attempts
192    1966           41
115    3040           15
126    3680           12
167    3043           15
87     3084           19
# Best configurations as commandlines (first number is the configuration ID; listed from best to worst according to the sum of ranks):
192 -his_len 1966 -max_attempts 41
115 -his_len 3040 -max_attempts 15
126 -his_len 3680 -max_attempts 12
167 -his_len 3043 -max_attempts 15
87  -his_len 3084 -max_attempts 19


# Testing of elite configurations: 1 
# Testing iteration configurations: FALSE 
# 2025-12-29 16:48:05 GMT: No test instances, skip testing
