Starting irace...
# 2025-12-29 16:14:08 GMT: Reading parameter file '/gpfs/home/e/exx866/IRACE-b-LAHC/all-instances-fine/X-n221-k11-s7/parameters.txt'.
# 2025-12-29 16:14:09 GMT: Read 1 configuration(s) from file '/gpfs/home/e/exx866/IRACE-b-LAHC/all-instances-fine/X-n221-k11-s7/configurations.txt'
# 2025-12-29 16:14:09 GMT: Initialization
# Elitist race
# Elitist new instances: 1
# Elitist limit: 2
# nbIterations: 3
# minNbSurvival: 10
# nbParameters: 2
# seed: 281711127
# confidence level: 0.95
# budget: 6000
# mu: 10
# deterministic: FALSE

# 2025-12-29 16:14:09 GMT: Iteration 1 of 3
# experimentsUsed: 0
# remainingBudget: 6000
# currentBudget: 2000
# nbConfigurations: 100
# Markers:
     x No test is performed.
     c Configurations are discarded only due to capping.
     - The test is performed and some configurations are discarded.
     = The test is performed but no configuration is discarded.
     ! The test is performed and configurations could be discarded but elite configurations are preserved.
     . All alive configurations are elite and nothing is discarded.

+-+-----------+-----------+-----------+----------------+-----------+--------+-----+----+------+
| |   Instance|      Alive|       Best|       Mean best| Exp so far|  W time|  rho|KenW|  Qvar|
+-+-----------+-----------+-----------+----------------+-----------+--------+-----+----+------+
|x|          1|        100|         40|     11017.20000|        100|00:00:47|   NA|  NA|    NA|
|x|          2|        100|         33|     11055.26500|        200|00:00:47|+0.20|0.60|0.7770|
|x|          3|        100|        100|     11035.27000|        300|00:00:46|+0.35|0.57|0.6215|
|x|          4|        100|         33|     11058.79250|        400|00:00:46|+0.39|0.54|0.5783|
|x|          5|        100|         84|     11050.94200|        500|00:00:47|+0.31|0.45|0.6788|
|x|          6|        100|         84|     11042.69833|        600|00:00:45|+0.27|0.39|0.7097|
|x|          7|        100|          5|     11070.72571|        700|00:00:46|+0.26|0.37|0.7110|
|x|          8|        100|          5|     11071.47625|        800|00:00:47|+0.29|0.38|0.6779|
|x|          9|        100|          5|     11068.89444|        900|00:00:44|+0.30|0.38|0.6680|
|-|         10|         32|          5|     11071.90100|       1000|00:00:45|-0.03|0.07|1.0172|
|x|         11|         32|         84|     11076.96909|       1032|00:00:18|-0.04|0.05|1.0209|
|x|         12|         32|         84|     11079.06750|       1064|00:00:20|-0.05|0.04|1.0240|
|x|         13|         32|         84|     11078.49308|       1096|00:00:20|-0.04|0.04|1.0080|
|x|         14|         32|         84|     11081.49286|       1128|00:00:20|-0.03|0.04|1.0021|
|x|         15|         32|         84|     11082.03867|       1160|00:00:20|-0.02|0.05|0.9969|
|x|         16|         32|         84|     11077.16562|       1192|00:00:19|-0.01|0.05|0.9845|
|x|         17|         32|         84|     11075.21529|       1224|00:00:19|+0.00|0.06|0.9680|
|x|         18|         32|         84|     11081.17611|       1256|00:00:20|+0.01|0.06|0.9671|
|x|         19|         32|         84|     11079.72000|       1288|00:00:20|+0.02|0.07|0.9561|
|=|         20|         32|         84|     11083.65650|       1320|00:00:20|+0.01|0.06|0.9562|
|x|         21|         32|         84|     11083.70286|       1352|00:00:21|+0.01|0.06|0.9551|
|x|         22|         32|         84|     11082.57818|       1384|00:00:20|+0.02|0.06|0.9513|
|x|         23|         32|         84|     11087.19043|       1416|00:00:20|+0.01|0.05|0.9571|
|x|         24|         32|         84|     11085.12292|       1448|00:00:20|+0.01|0.05|0.9564|
|x|         25|         32|         84|     11085.64360|       1480|00:00:20|+0.01|0.05|0.9554|
|x|         26|         32|         84|     11086.80500|       1512|00:00:20|+0.02|0.05|0.9530|
|x|         27|         32|         84|     11088.21704|       1544|00:00:20|+0.01|0.05|0.9525|
|x|         28|         32|         84|     11084.98929|       1576|00:00:20|+0.01|0.05|0.9533|
|x|         29|         32|         84|     11088.21034|       1608|00:00:20|+0.01|0.05|0.9541|
|=|         30|         32|         84|     11090.79633|       1640|00:00:20|+0.01|0.04|0.9549|
+-+-----------+-----------+-----------+----------------+-----------+--------+-----+----+------+
Best-so-far configuration:          84    mean value:      11090.79633
Description of the best-so-far configuration:
   .ID. his_len max_attempts .PARENT.
84   84    5365          233       NA

# 2025-12-29 16:28:39 GMT: Elite configurations (first number is the configuration ID; listed from best to worst according to the sum of ranks):
   his_len max_attempts
84    5365          233
41    5946          169
89    4819          347
40    3760          321
95    4546          176
82    4272          309
69    3863          375
64    4443          141
17    4238          354
59    3897          255
# 2025-12-29 16:28:39 GMT: Iteration 2 of 3
# experimentsUsed: 1640
# remainingBudget: 4360
# currentBudget: 2180
# nbConfigurations: 62
# Markers:
     x No test is performed.
     c Configurations are discarded only due to capping.
     - The test is performed and some configurations are discarded.
     = The test is performed but no configuration is discarded.
     ! The test is performed and configurations could be discarded but elite configurations are preserved.
     . All alive configurations are elite and nothing is discarded.

+-+-----------+-----------+-----------+----------------+-----------+--------+-----+----+------+
| |   Instance|      Alive|       Best|       Mean best| Exp so far|  W time|  rho|KenW|  Qvar|
+-+-----------+-----------+-----------+----------------+-----------+--------+-----+----+------+
|x|         31|         62|        143|     11005.50000|         62|00:00:31|   NA|  NA|    NA|
|x|          8|         62|         69|     11007.22500|        114|00:00:28|+0.07|0.53|0.9270|
|x|         11|         62|        112|     11046.64000|        166|00:00:27|+0.02|0.34|0.9255|
|x|          3|         62|        112|     11049.35500|        218|00:00:28|-0.04|0.22|1.0066|
|x|         28|         62|        120|     11064.51200|        270|00:00:27|-0.02|0.18|0.9707|
|x|         18|         62|        120|     11074.11500|        322|00:00:27|+0.00|0.17|0.9628|
|x|          9|         62|        120|     11072.71429|        374|00:00:28|+0.01|0.15|0.9674|
|x|         30|         62|        120|     11067.19125|        426|00:00:27|+0.01|0.14|0.9707|
|x|          5|         62|        120|     11066.93111|        478|00:00:28|+0.03|0.14|0.9582|
|-|          4|         34|        120|     11069.13600|        530|00:00:29|-0.07|0.04|1.0277|
|x|         14|         34|        120|     11071.61182|        554|00:00:18|-0.06|0.03|1.0230|
|x|         27|         34|        120|     11076.92833|        578|00:00:19|-0.06|0.03|1.0209|
|x|         26|         34|        120|     11079.67769|        602|00:00:17|-0.05|0.03|1.0154|
|x|         15|         34|         95|     11083.50571|        626|00:00:17|-0.05|0.03|1.0105|
|x|         29|         34|         69|     11081.11000|        650|00:00:18|-0.04|0.02|1.0074|
|x|         21|         34|         95|     11086.11250|        674|00:00:18|-0.04|0.03|0.9972|
|x|         24|         34|        145|     11085.74176|        698|00:00:18|-0.03|0.03|0.9937|
|x|          2|         34|        145|     11084.68667|        722|00:00:18|-0.03|0.03|0.9872|
|x|         23|         34|        145|     11086.03895|        746|00:00:16|-0.02|0.03|0.9860|
|=|         17|         34|        119|     11083.61450|        770|00:00:18|-0.02|0.03|0.9858|
|x|         16|         34|        145|     11088.83143|        794|00:00:17|-0.02|0.03|0.9856|
|x|          1|         34|        145|     11087.63818|        818|00:00:18|-0.02|0.03|0.9840|
|x|          7|         34|        145|     11087.90043|        842|00:00:18|-0.02|0.03|0.9834|
|x|         20|         34|        145|     11088.36917|        866|00:00:17|-0.02|0.02|0.9821|
|x|         19|         34|        145|     11090.27120|        890|00:00:17|-0.02|0.02|0.9839|
|x|         22|         34|        145|     11090.76923|        914|00:00:18|-0.02|0.02|0.9828|
|x|         10|         34|        119|     11086.35148|        938|00:00:17|-0.01|0.02|0.9805|
|x|         12|         34|        145|     11092.98500|        962|00:00:17|-0.01|0.02|0.9790|
|x|          6|         34|        145|     11093.47828|        986|00:00:17|-0.01|0.02|0.9790|
|=|         25|         34|        122|     11091.25033|       1010|00:00:16|-0.01|0.02|0.9792|
|x|         13|         34|        122|     11093.08097|       1034|00:00:17|-0.01|0.02|0.9790|
|x|         32|         34|         84|     11091.43281|       1068|00:00:21|-0.01|0.02|0.9797|
|x|         33|         34|        122|     11092.55424|       1102|00:00:21|-0.01|0.02|0.9795|
|x|         34|         34|        122|     11091.22412|       1136|00:00:20|-0.01|0.02|0.9804|
|x|         35|         34|        122|     11090.23057|       1170|00:00:20|-0.01|0.02|0.9806|
|x|         36|         34|        122|     11093.85056|       1204|00:00:21|-0.01|0.01|0.9831|
|x|         37|         34|         41|     11091.43216|       1238|00:00:21|-0.01|0.01|0.9830|
|x|         38|         34|         84|     11090.50132|       1272|00:00:21|-0.01|0.01|0.9805|
|x|         39|         34|         84|     11089.34231|       1306|00:00:21|-0.01|0.02|0.9788|
|=|         40|         34|         84|     11090.78625|       1340|00:00:21|-0.01|0.01|0.9796|
|x|         41|         34|         84|     11090.86098|       1374|00:00:20|-0.01|0.01|0.9783|
|x|         42|         34|         84|     11090.93786|       1408|00:00:21|-0.01|0.02|0.9771|
|x|         43|         34|        109|     11097.03349|       1442|00:00:21|-0.01|0.02|0.9771|
|x|         44|         34|         41|     11093.75136|       1476|00:00:20|-0.01|0.02|0.9763|
|x|         45|         34|         41|     11093.82600|       1510|00:00:20|-0.01|0.01|0.9759|
|x|         46|         34|         41|     11093.36239|       1544|00:00:21|-0.01|0.01|0.9755|
|x|         47|         34|         41|     11095.67830|       1578|00:00:21|-0.01|0.01|0.9747|
|x|         48|         34|        103|     11096.11312|       1612|00:00:21|-0.01|0.01|0.9746|
|x|         49|         34|        103|     11097.72878|       1646|00:00:20|-0.01|0.01|0.9764|
|=|         50|         34|         41|     11095.58840|       1680|00:00:20|-0.01|0.01|0.9763|
+-+-----------+-----------+-----------+----------------+-----------+--------+-----+----+------+
Best-so-far configuration:          41    mean value:      11095.58840
Description of the best-so-far configuration:
   .ID. his_len max_attempts .PARENT.
41   41    5946          169       NA

# 2025-12-29 16:46:22 GMT: Elite configurations (first number is the configuration ID; listed from best to worst according to the sum of ranks):
    his_len max_attempts
41     5946          169
82     4272          309
103    3571          307
120    4943          372
137    3919          383
142    3877          275
109    4097          328
116    4561          329
114    3637          390
129    5309          266
# 2025-12-29 16:46:22 GMT: Iteration 3 of 3
# experimentsUsed: 3320
# remainingBudget: 2680
# currentBudget: 2680
# nbConfigurations: 53
# Markers:
     x No test is performed.
     c Configurations are discarded only due to capping.
     - The test is performed and some configurations are discarded.
     = The test is performed but no configuration is discarded.
     ! The test is performed and configurations could be discarded but elite configurations are preserved.
     . All alive configurations are elite and nothing is discarded.

+-+-----------+-----------+-----------+----------------+-----------+--------+-----+----+------+
| |   Instance|      Alive|       Best|       Mean best| Exp so far|  W time|  rho|KenW|  Qvar|
+-+-----------+-----------+-----------+----------------+-----------+--------+-----+----+------+
|x|         51|         53|        170|     11005.41000|         53|00:00:28|   NA|  NA|    NA|
|x|         12|         53|        195|     11053.31000|         96|00:00:24|+0.18|0.59|0.8071|
|x|         31|         53|        193|     11048.31333|        139|00:00:24|+0.01|0.34|0.9403|
|x|         11|         53|        159|     11069.54750|        182|00:00:24|-0.04|0.22|0.9956|
|x|         41|         53|        142|     11071.25000|        225|00:00:24|-0.07|0.14|1.0345|
|x|          2|         53|        159|     11076.42500|        268|00:00:25|-0.04|0.13|1.0141|
|x|          4|         53|        142|     11071.11143|        311|00:00:25|-0.02|0.13|0.9853|
|x|          6|         53|        137|     11075.87625|        354|00:00:23|-0.01|0.12|0.9843|
|x|         42|         53|        154|     11085.20222|        397|00:00:25|-0.00|0.11|0.9841|
|=|         33|         53|        182|     11075.20500|        440|00:00:25|+0.01|0.11|0.9709|
|x|         49|         53|        182|     11078.38273|        483|00:00:23|+0.00|0.09|0.9769|
|x|         32|         53|        182|     11076.34417|        526|00:00:25|+0.01|0.09|0.9658|
|x|         22|         53|        182|     11075.23000|        569|00:00:25|+0.02|0.09|0.9599|
|x|         28|         53|        153|     11076.80500|        612|00:00:25|+0.02|0.09|0.9601|
|x|         35|         53|        153|     11079.46933|        655|00:00:24|+0.02|0.09|0.9576|
|x|         23|         53|        182|     11076.02312|        698|00:00:24|+0.02|0.08|0.9601|
|x|         36|         53|        153|     11079.63059|        741|00:00:25|+0.02|0.08|0.9570|
|x|         48|         53|        182|     11077.42667|        784|00:00:24|+0.02|0.07|0.9563|
|x|         38|         53|        191|     11082.97579|        827|00:00:25|+0.02|0.07|0.9601|
|=|         25|         53|        191|     11085.24700|        870|00:00:24|+0.01|0.06|0.9654|
|x|         14|         53|        191|     11089.03810|        913|00:00:25|+0.01|0.06|0.9658|
|x|         44|         53|        191|     11089.84000|        956|00:00:24|+0.01|0.05|0.9701|
|x|         26|         53|        191|     11088.00348|        999|00:00:24|+0.01|0.05|0.9696|
|x|         45|         53|        191|     11087.44917|       1042|00:00:24|+0.01|0.05|0.9685|
|x|         47|         53|        191|     11091.25680|       1085|00:00:24|+0.01|0.05|0.9732|
|x|          5|         53|        191|     11091.62346|       1128|00:00:25|+0.01|0.05|0.9727|
|x|         27|         53|        116|     11088.03741|       1171|00:00:25|+0.01|0.05|0.9735|
|x|         20|         53|        153|     11085.01571|       1214|00:00:24|+0.01|0.05|0.9717|
|x|         15|         53|        153|     11084.34069|       1257|00:00:25|+0.01|0.05|0.9679|
|-|         39|         34|         82|     11086.18133|       1300|00:00:25|-0.01|0.03|0.9772|
|x|          3|         34|        116|     11091.58677|       1324|00:00:19|-0.01|0.02|0.9791|
|x|          8|         34|        116|     11090.33094|       1348|00:00:18|-0.00|0.03|0.9750|
|x|         46|         34|         82|     11085.96697|       1372|00:00:18|-0.01|0.02|0.9759|
|x|         34|         34|        116|     11090.67235|       1396|00:00:18|-0.01|0.02|0.9764|
|x|         21|         34|        116|     11091.26657|       1420|00:00:18|-0.00|0.02|0.9750|
|x|          1|         34|         82|     11087.57111|       1444|00:00:17|-0.00|0.02|0.9743|
|x|         37|         34|        153|     11085.38054|       1468|00:00:18|-0.00|0.02|0.9747|
|x|          7|         34|        153|     11085.09579|       1492|00:00:18|-0.00|0.03|0.9717|
|x|         17|         34|        153|     11084.10410|       1516|00:00:18|+0.00|0.03|0.9700|
|=|         40|         34|        153|     11081.48025|       1540|00:00:17|+0.00|0.03|0.9683|
|x|         29|         34|        153|     11084.27488|       1564|00:00:17|+0.00|0.02|0.9703|
|x|         16|         34|        153|     11085.95833|       1588|00:00:17|-0.00|0.02|0.9703|
|x|         50|         34|        153|     11086.70209|       1612|00:00:17|+0.00|0.02|0.9691|
|x|         30|         34|        153|     11086.88773|       1636|00:00:17|+0.00|0.02|0.9690|
|x|         43|         34|        153|     11084.60089|       1660|00:00:17|+0.00|0.02|0.9681|
|x|         24|         34|        153|     11084.64261|       1684|00:00:17|+0.00|0.02|0.9669|
|x|          9|         34|        153|     11085.18340|       1708|00:00:18|+0.00|0.02|0.9670|
|x|         18|         34|        153|     11083.59562|       1732|00:00:17|+0.00|0.02|0.9660|
|x|         10|         34|        153|     11083.89388|       1756|00:00:17|+0.00|0.02|0.9656|
|=|         13|         34|        153|     11083.63040|       1780|00:00:17|+0.00|0.02|0.9648|
|x|         19|         34|        153|     11083.38392|       1804|00:00:17|+0.00|0.02|0.9646|
|x|         52|         34|        153|     11083.12231|       1838|00:00:21|+0.00|0.02|0.9650|
|x|         53|         34|        153|     11083.71113|       1872|00:00:21|+0.00|0.02|0.9663|
|x|         54|         34|        153|     11083.57556|       1906|00:00:20|+0.00|0.02|0.9651|
|x|         55|         34|        153|     11085.73236|       1940|00:00:21|+0.00|0.02|0.9661|
|x|         56|         34|        153|     11085.17786|       1974|00:00:20|+0.00|0.02|0.9667|
|x|         57|         34|        153|     11084.24000|       2008|00:00:22|+0.00|0.02|0.9665|
|x|         58|         34|        153|     11084.95586|       2042|00:00:22|+0.00|0.02|0.9665|
|x|         59|         34|        153|     11084.68322|       2076|00:00:21|+0.00|0.02|0.9657|
|=|         60|         34|        153|     11086.67583|       2110|00:00:20|+0.00|0.02|0.9658|
|x|         61|         34|        153|     11087.84689|       2144|00:00:21|+0.00|0.02|0.9651|
|x|         62|         34|        153|     11086.37629|       2178|00:00:21|+0.00|0.02|0.9643|
|x|         63|         34|        153|     11086.99175|       2212|00:00:19|+0.01|0.02|0.9641|
|x|         64|         34|        153|     11086.81313|       2246|00:00:21|+0.01|0.02|0.9641|
|x|         65|         34|        153|     11087.14354|       2280|00:00:21|+0.00|0.02|0.9647|
|x|         66|         34|        153|     11087.66030|       2314|00:00:21|+0.00|0.02|0.9651|
|x|         67|         34|        153|     11087.58940|       2348|00:00:21|+0.00|0.02|0.9660|
|x|         68|         34|        153|     11087.70603|       2382|00:00:20|+0.00|0.02|0.9662|
|x|         69|         34|        153|     11086.91725|       2416|00:00:21|+0.00|0.02|0.9663|
|=|         70|         34|        153|     11087.36943|       2450|00:00:21|+0.00|0.02|0.9659|
+-+-----------+-----------+-----------+----------------+-----------+--------+-----+----+------+
Best-so-far configuration:         153    mean value:      11087.36943
Description of the best-so-far configuration:
    .ID. his_len max_attempts .PARENT.
153  153    4293          309       82

# 2025-12-29 17:11:54 GMT: Elite configurations (first number is the configuration ID; listed from best to worst according to the sum of ranks):
    his_len max_attempts
153    4293          309
120    4943          372
180    4570          329
191    5970          173
109    4097          328
116    4561          329
82     4272          309
129    5309          266
182    4289          311
41     5946          169
# 2025-12-29 17:11:54 GMT: Iteration 4 of 4
# experimentsUsed: 5770
# remainingBudget: 230
# currentBudget: 230
# nbConfigurations: 11
# Markers:
     x No test is performed.
     c Configurations are discarded only due to capping.
     - The test is performed and some configurations are discarded.
     = The test is performed but no configuration is discarded.
     ! The test is performed and configurations could be discarded but elite configurations are preserved.
     . All alive configurations are elite and nothing is discarded.

+-+-----------+-----------+-----------+----------------+-----------+--------+-----+----+------+
| |   Instance|      Alive|       Best|       Mean best| Exp so far|  W time|  rho|KenW|  Qvar|
+-+-----------+-----------+-----------+----------------+-----------+--------+-----+----+------+
|x|         71|         11|        196|     10995.58000|         11|00:00:14|   NA|  NA|    NA|
|x|         27|         11|        129|     11054.38000|         12|00:00:12|+0.05|0.53|0.8160|
|x|         45|         11|        129|     11065.07667|         13|00:00:12|-0.15|0.23|1.0666|
|x|         47|         11|        129|     11076.42500|         14|00:00:13|+0.01|0.26|0.9139|
|x|          7|         11|         82|     11066.76400|         15|00:00:12|+0.00|0.20|0.9064|
|x|         13|         11|         82|     11075.56000|         16|00:00:11|+0.02|0.18|0.8963|
|x|         33|         11|        153|     11070.48571|         17|00:00:12|+0.01|0.15|0.8987|
|x|         70|         11|        109|     11080.80125|         18|00:00:11|+0.02|0.15|0.9078|
|x|         26|         11|        153|     11074.26667|         19|00:00:11|-0.02|0.09|0.9475|
|=|         48|         11|        120|     11071.43100|         20|00:00:12|-0.05|0.06|0.9646|
|x|         66|         11|        120|     11070.82727|         21|00:00:11|-0.04|0.05|0.9558|
|x|         21|         11|        153|     11081.80333|         22|00:00:12|-0.05|0.03|0.9653|
|x|         53|         11|        153|     11084.30538|         23|00:00:12|-0.05|0.03|0.9576|
|x|         52|         11|        153|     11083.26786|         24|00:00:12|-0.05|0.03|0.9525|
|x|         14|         11|        153|     11076.93867|         25|00:00:11|-0.04|0.03|0.9427|
|x|          2|         11|        153|     11075.50500|         26|00:00:12|-0.03|0.03|0.9384|
|x|         61|         11|        153|     11080.36412|         27|00:00:12|-0.03|0.03|0.9373|
|x|          8|         11|        153|     11083.31389|         28|00:00:13|-0.03|0.03|0.9356|
|x|         15|         11|        153|     11082.37316|         29|00:00:12|-0.02|0.04|0.9285|
|=|         16|         11|        153|     11086.00350|         30|00:00:12|-0.03|0.02|0.9362|
|x|         51|         11|        153|     11087.58381|         31|00:00:12|-0.03|0.02|0.9322|
|x|         57|         11|        153|     11085.04455|         32|00:00:12|-0.02|0.03|0.9301|
|x|         29|         11|        153|     11089.87130|         33|00:00:13|-0.02|0.02|0.9308|
|x|         46|         11|        153|     11087.60000|         34|00:00:11|-0.02|0.02|0.9309|
|x|         20|         11|        153|     11085.86800|         35|00:00:12|-0.01|0.03|0.9261|
|x|         50|         11|        153|     11087.10154|         36|00:00:12|-0.02|0.02|0.9249|
|x|         42|         11|        153|     11089.05481|         37|00:00:12|-0.02|0.02|0.9259|
|x|          6|         11|        153|     11088.82786|         38|00:00:12|-0.02|0.02|0.9234|
|x|         25|         11|        153|     11092.10483|         39|00:00:12|-0.02|0.01|0.9277|
|=|         17|         11|        153|     11090.58200|         40|00:00:12|-0.02|0.01|0.9288|
|x|         55|         11|        153|     11094.18258|         41|00:00:11|-0.02|0.01|0.9305|
|x|         40|         11|        153|     11090.58781|         42|00:00:12|-0.02|0.01|0.9269|
|x|         41|         11|        153|     11089.56000|         43|00:00:12|-0.02|0.01|0.9258|
|x|         11|         11|        180|     11093.04324|         44|00:00:11|-0.02|0.01|0.9266|
|x|         37|         11|        153|     11088.28514|         45|00:00:12|-0.02|0.01|0.9248|
|x|         56|         11|        153|     11087.35167|         46|00:00:12|-0.01|0.01|0.9231|
|x|         36|         11|        153|     11087.19730|         47|00:00:11|-0.01|0.02|0.9215|
|x|         64|         11|        153|     11086.89105|         48|00:00:11|-0.01|0.01|0.9222|
|x|          3|         11|        153|     11087.51718|         49|00:00:12|-0.02|0.01|0.9238|
|=|          1|         11|        153|     11088.23950|         50|00:00:12|-0.02|0.01|0.9226|
|x|         60|         11|        153|     11091.06878|         51|00:00:11|-0.02|0.01|0.9227|
|x|         35|         11|        153|     11091.68071|         52|00:00:12|-0.02|0.01|0.9242|
|x|          9|         11|        153|     11092.10814|         53|00:00:12|-0.02|0.00|0.9255|
|x|         69|         11|        153|     11090.77114|         54|00:00:12|-0.02|0.00|0.9248|
|x|         12|         11|        153|     11089.87022|         55|00:00:12|-0.02|0.01|0.9233|
|x|         54|         11|        153|     11089.57717|         56|00:00:11|-0.02|0.01|0.9225|
|x|         67|         11|        153|     11089.43532|         57|00:00:13|-0.01|0.01|0.9211|
|x|         39|         11|        153|     11090.97229|         58|00:00:12|-0.01|0.01|0.9208|
|x|         65|         11|        153|     11091.32571|         59|00:00:12|-0.01|0.01|0.9220|
|=|         68|         11|        153|     11091.40960|         60|00:00:11|-0.01|0.01|0.9209|
|x|         19|         11|        153|     11091.01059|         61|00:00:11|-0.01|0.01|0.9195|
|x|         43|         11|        153|     11088.95231|         62|00:00:12|-0.01|0.01|0.9176|
|x|         23|         11|        153|     11088.78415|         63|00:00:11|-0.01|0.01|0.9159|
|x|         10|         11|        153|     11088.95870|         64|00:00:12|-0.01|0.01|0.9144|
|x|          4|         11|        153|     11087.31291|         65|00:00:13|-0.01|0.01|0.9137|
|x|         34|         11|        153|     11087.69946|         66|00:00:12|-0.01|0.01|0.9151|
|x|         18|         11|        153|     11086.31825|         67|00:00:12|-0.01|0.01|0.9135|
|x|         62|         11|        153|     11084.77259|         68|00:00:12|-0.01|0.01|0.9119|
|x|         58|         11|        153|     11085.46729|         69|00:00:12|-0.01|0.01|0.9136|
|=|          5|         11|        153|     11085.77867|         70|00:00:13|-0.01|0.01|0.9139|
|x|         24|         11|        153|     11085.79082|         71|00:00:11|-0.01|0.01|0.9147|
|x|         31|         11|        153|     11087.29694|         72|00:00:11|-0.01|0.01|0.9148|
|x|         32|         11|        153|     11086.20492|         73|00:00:13|-0.01|0.01|0.9140|
|x|         28|         11|        153|     11085.79812|         74|00:00:11|-0.01|0.01|0.9136|
|x|         59|         11|        153|     11085.53769|         75|00:00:12|-0.01|0.01|0.9136|
|x|         22|         11|        153|     11085.05439|         76|00:00:13|-0.01|0.01|0.9137|
|x|         38|         11|        153|     11086.65060|         77|00:00:12|-0.01|0.01|0.9148|
|x|         49|         11|        153|     11086.44750|         78|00:00:11|-0.01|0.01|0.9133|
|x|         63|         11|        153|     11087.00841|         79|00:00:12|-0.01|0.01|0.9137|
|=|         44|         11|        153|     11087.93057|         80|00:00:12|-0.01|0.01|0.9144|
|x|         30|         11|        153|     11088.02831|         81|00:00:13|-0.01|0.01|0.9141|
|x|         72|         11|        153|     11089.48208|         92|00:00:15|-0.01|0.01|0.9151|
|x|         73|         11|        153|     11090.00877|        103|00:00:15|-0.01|0.01|0.9157|
|x|         74|         11|        153|     11090.15122|        114|00:00:14|-0.01|0.01|0.9155|
|x|         75|         11|        153|     11090.86227|        125|00:00:14|-0.01|0.00|0.9162|
|x|         76|         11|        153|     11090.44039|        136|00:00:14|-0.01|0.00|0.9160|
|x|         77|         11|        153|     11090.80597|        147|00:00:14|-0.01|0.00|0.9162|
|x|         78|         11|        153|     11090.70962|        158|00:00:14|-0.01|0.00|0.9156|
|x|         79|         11|        153|     11091.12266|        169|00:00:14|-0.01|0.00|0.9154|
|=|         80|         11|        153|     11092.55463|        180|00:00:14|-0.01|0.00|0.9162|
+-+-----------+-----------+-----------+----------------+-----------+--------+-----+----+------+
Best-so-far configuration:         153    mean value:      11092.55463
Description of the best-so-far configuration:
    .ID. his_len max_attempts .PARENT.
153  153    4293          309       82

# 2025-12-29 17:28:52 GMT: Elite configurations (first number is the configuration ID; listed from best to worst according to the sum of ranks):
    his_len max_attempts
153    4293          309
191    5970          173
180    4570          329
82     4272          309
116    4561          329
41     5946          169
129    5309          266
120    4943          372
109    4097          328
196    4285          307
# 2025-12-29 17:28:52 GMT: Stopped because there is not enough budget left to race more than the minimum (10).
# You may either increase the budget or set 'minNbSurvival' to a lower value.
# Iteration: 5
# nbIterations: 5
# experimentsUsed: 5950
# timeUsed: 0
# remainingBudget: 50
# currentBudget: 50
# number of elites: 10
# nbConfigurations: 10
# Total CPU user time: 72845.34, CPU sys time: 5358.356, Wall-clock time: 4482.948
# 2025-12-29 17:28:52 GMT: Starting post-selection:
# Configurations selected: 153, 191, 180, 82, 116.
# Pending instances: 0, 0, 0, 0, 0.
# 2025-12-29 17:28:52 GMT: seed: 281711127
# Configurations: 5
# Available experiments: 50
# minSurvival: 1
# Markers:
     x No test is performed.
     c Configurations are discarded only due to capping.
     - The test is performed and some configurations are discarded.
     = The test is performed but no configuration is discarded.
     ! The test is performed and configurations could be discarded but elite configurations are preserved.
     . All alive configurations are elite and nothing is discarded.

+-+-----------+-----------+-----------+----------------+-----------+--------+-----+----+------+
| |   Instance|      Alive|       Best|       Mean best| Exp so far|  W time|  rho|KenW|  Qvar|
+-+-----------+-----------+-----------+----------------+-----------+--------+-----+----+------+
|.|          7|          5|         82|     10987.07000|          0|00:00:00|   NA|  NA|    NA|
|.|         12|          5|         82|     11054.02000|          0|00:00:00|+0.20|0.60|0.7160|
|.|         48|          5|         82|     11070.04667|          0|00:00:00|-0.43|0.04|1.1634|
|.|          4|          5|         82|     11082.59000|          0|00:00:00|-0.15|0.14|0.9993|
|.|         76|          5|         82|     11090.72200|          0|00:00:00|+0.02|0.22|0.8579|
|.|         49|          5|         82|     11094.35500|          0|00:00:00|+0.04|0.20|0.8345|
|.|         55|          5|         82|     11089.71286|          0|00:00:00|-0.04|0.11|0.8846|
|.|         28|          5|         82|     11081.63750|          0|00:00:00|-0.08|0.05|0.8963|
|.|         67|          5|         82|     11081.67111|          0|00:00:00|-0.03|0.08|0.8616|
|.|          6|          5|         82|     11078.23700|          0|00:00:00|-0.02|0.09|0.8445|
|.|         10|          5|         82|     11077.03091|          0|00:00:00|-0.03|0.07|0.8378|
|.|         80|          5|         82|     11082.10500|          0|00:00:00|-0.03|0.05|0.8468|
|.|         19|          5|         82|     11084.55538|          0|00:00:00|-0.05|0.03|0.8469|
|.|         58|          5|         82|     11078.78357|          0|00:00:00|-0.06|0.02|0.8485|
|.|         39|          5|         82|     11074.91533|          0|00:00:00|-0.04|0.03|0.8394|
|.|         26|          5|         82|     11076.41438|          0|00:00:00|-0.05|0.02|0.8380|
|.|          3|          5|         82|     11080.21529|          0|00:00:00|-0.05|0.01|0.8376|
|.|         20|          5|         82|     11078.12889|          0|00:00:00|-0.04|0.02|0.8265|
|.|         17|          5|         82|     11082.06789|          0|00:00:00|-0.04|0.01|0.8236|
|.|         79|          5|         82|     11081.48150|          0|00:00:00|-0.04|0.01|0.8228|
|.|         31|          5|         82|     11078.02952|          0|00:00:00|-0.04|0.01|0.8206|
|.|         13|          5|         82|     11079.91636|          0|00:00:00|-0.03|0.01|0.8152|
|.|         21|          5|         82|     11081.01826|          0|00:00:00|-0.02|0.02|0.8093|
|.|         16|          5|         82|     11084.86792|          0|00:00:00|-0.03|0.01|0.8197|
|.|         51|          5|         82|     11083.52520|          0|00:00:00|-0.02|0.02|0.8124|
|.|         64|          5|         82|     11085.70692|          0|00:00:00|-0.02|0.02|0.8084|
|.|         34|          5|         82|     11086.67296|          0|00:00:00|-0.03|0.01|0.8170|
|.|         27|          5|         82|     11087.65214|          0|00:00:00|-0.03|0.01|0.8215|
|.|         61|          5|         82|     11088.97069|          0|00:00:00|-0.03|0.01|0.8217|
|.|         25|          5|         82|     11090.94600|          0|00:00:00|-0.03|0.00|0.8233|
|.|         62|          5|         82|     11091.67548|          0|00:00:00|-0.03|0.00|0.8237|
|.|         29|          5|         82|     11093.57438|          0|00:00:00|-0.03|0.00|0.8235|
|.|         23|          5|         82|     11095.90212|          0|00:00:00|-0.03|0.00|0.8208|
|.|         72|          5|         82|     11095.06353|          0|00:00:00|-0.03|0.00|0.8197|
|.|         59|          5|         82|     11094.59857|          0|00:00:00|-0.02|0.00|0.8190|
|.|         38|          5|         82|     11093.89889|          0|00:00:00|-0.02|0.01|0.8181|
|.|         52|          5|         82|     11094.84000|          0|00:00:00|-0.02|0.00|0.8180|
|.|         60|          5|         82|     11096.63895|          0|00:00:00|-0.02|0.01|0.8144|
|.|         57|          5|         82|     11094.87077|          0|00:00:00|-0.02|0.00|0.8175|
|.|         47|          5|         82|     11092.84275|          0|00:00:00|-0.02|0.00|0.8190|
|.|         14|          5|         82|     11093.42366|          0|00:00:00|-0.02|0.00|0.8193|
|.|         73|          5|         82|     11093.35619|          0|00:00:00|-0.02|0.00|0.8184|
|.|         43|          5|         82|     11092.76837|          0|00:00:00|-0.02|0.00|0.8185|
|.|         33|          5|         82|     11093.91750|          0|00:00:00|-0.02|0.00|0.8170|
|.|          2|          5|         82|     11093.24622|          0|00:00:00|-0.02|0.00|0.8156|
|.|         40|          5|         82|     11093.11457|          0|00:00:00|-0.02|0.00|0.8141|
|.|         50|          5|         82|     11094.97255|          0|00:00:00|-0.02|0.00|0.8124|
|.|         41|          5|         82|     11094.08000|          0|00:00:00|-0.02|0.00|0.8133|
|.|         74|          5|         82|     11094.30367|          0|00:00:00|-0.02|0.00|0.8128|
|.|         36|          5|         82|     11093.40340|          0|00:00:00|-0.02|0.00|0.8121|
|.|         53|          5|         82|     11095.24196|          0|00:00:00|-0.02|0.00|0.8105|
|.|         30|          5|         82|     11095.38115|          0|00:00:00|-0.01|0.01|0.8092|
|.|         70|          5|         82|     11094.64472|          0|00:00:00|-0.01|0.01|0.8098|
|.|         15|          5|         82|     11093.24685|          0|00:00:00|-0.01|0.01|0.8096|
|.|         69|          5|         82|     11094.76491|          0|00:00:00|-0.01|0.01|0.8086|
|.|         65|          5|         82|     11094.83018|          0|00:00:00|-0.01|0.00|0.8100|
|.|         78|          5|         82|     11094.69579|          0|00:00:00|-0.01|0.00|0.8102|
|.|         46|          5|         82|     11093.18259|          0|00:00:00|-0.01|0.01|0.8098|
|.|         37|          5|         82|     11094.16898|          0|00:00:00|-0.01|0.01|0.8083|
|.|         11|          5|         82|     11095.64150|          0|00:00:00|-0.01|0.01|0.8076|
|.|         66|          5|         82|     11095.67787|          0|00:00:00|-0.01|0.01|0.8063|
|.|         44|          5|         82|     11096.21371|          0|00:00:00|-0.01|0.01|0.8076|
|.|         68|          5|         82|     11095.90048|          0|00:00:00|-0.01|0.01|0.8059|
|.|         71|          5|         82|     11095.65812|          0|00:00:00|-0.01|0.01|0.8057|
|.|         54|          5|         82|     11096.05123|          0|00:00:00|-0.01|0.01|0.8049|
|.|         35|          5|         82|     11096.18409|          0|00:00:00|-0.01|0.01|0.8066|
|.|         63|          5|         82|     11097.88388|          0|00:00:00|-0.01|0.01|0.8056|
|.|         56|          5|         82|     11099.20103|          0|00:00:00|-0.01|0.01|0.8039|
|.|          1|          5|         82|     11099.19232|          0|00:00:00|-0.00|0.01|0.8031|
|.|         18|          5|         82|     11098.77714|          0|00:00:00|-0.00|0.01|0.8019|
|.|         24|          5|         82|     11099.17366|          0|00:00:00|-0.00|0.01|0.8024|
|.|         77|          5|         82|     11098.71056|          0|00:00:00|-0.00|0.01|0.8020|
|.|         45|          5|         82|     11099.25589|          0|00:00:00|-0.01|0.01|0.8032|
|.|          9|          5|         82|     11099.08095|          0|00:00:00|-0.01|0.01|0.8049|
|.|          8|          5|         82|     11099.14000|          0|00:00:00|-0.01|0.00|0.8058|
|.|         32|          5|         82|     11098.54026|          0|00:00:00|-0.01|0.01|0.8056|
|.|         75|          5|         82|     11099.36065|          0|00:00:00|-0.01|0.00|0.8062|
|.|          5|          5|         82|     11098.04705|          0|00:00:00|-0.01|0.00|0.8068|
|.|         42|          5|         82|     11098.40924|          0|00:00:00|-0.01|0.00|0.8073|
|.|         22|          5|         82|     11098.96100|          0|00:00:00|-0.01|0.00|0.8073|
|x|         81|          5|        153|     11093.35025|          5|00:00:13|-0.01|0.00|0.8074|
|x|         82|          5|        153|     11093.71195|         10|00:00:13|-0.01|0.00|0.8081|
|x|         83|          5|        153|     11094.04976|         15|00:00:13|-0.01|0.00|0.8077|
|x|         84|          5|        153|     11094.40357|         20|00:00:13|-0.01|0.00|0.8075|
|x|         85|          5|        153|     11095.89941|         25|00:00:12|-0.01|0.00|0.8077|
|x|         86|          5|        153|     11096.11453|         30|00:00:12|-0.01|0.00|0.8071|
|x|         87|          5|        153|     11096.49632|         35|00:00:13|-0.01|0.00|0.8072|
|x|         88|          5|        153|     11096.99136|         40|00:00:13|-0.01|0.00|0.8064|
|x|         89|          5|        153|     11096.78944|         45|00:00:13|-0.01|0.00|0.8055|
|=|         90|          5|        180|     11097.77189|         50|00:00:14|-0.01|0.00|0.8064|
+-+-----------+-----------+-----------+----------------+-----------+--------+-----+----+------+
Best-so-far configuration:         180    mean value:      11097.77189
Description of the best-so-far configuration:
    .ID. his_len max_attempts .PARENT.
180  180    4570          329      116

# 2025-12-29 17:31:05 GMT: Elite configurations (first number is the configuration ID; listed from best to worst according to the sum of ranks):
    his_len max_attempts
180    4570          329
153    4293          309
116    4561          329
191    5970          173
82     4272          309
# Total CPU user time: 73453.43, CPU sys time: 5382.537, Wall-clock time: 4616.549
# Best configurations (first number is the configuration ID; listed from best to worst according to the sum of ranks):
    his_len max_attempts
180    4570          329
153    4293          309
116    4561          329
191    5970          173
82     4272          309
# Best configurations as commandlines (first number is the configuration ID; listed from best to worst according to the sum of ranks):
180 -his_len 4570 -max_attempts 329
153 -his_len 4293 -max_attempts 309
116 -his_len 4561 -max_attempts 329
191 -his_len 5970 -max_attempts 173
82  -his_len 4272 -max_attempts 309


# Testing of elite configurations: 1 
# Testing iteration configurations: FALSE 
# 2025-12-29 17:31:05 GMT: No test instances, skip testing
