Starting irace...
# 2026-01-09 14:17:26 GMT: Reading parameter file '/gpfs/home/e/exx866/IRACE-b-LAHC/all-instances-fine/E-n35-k3-s5-p2/parameters.txt'.
# 2026-01-09 14:17:26 GMT: Read 1 configuration(s) from file '/gpfs/home/e/exx866/IRACE-b-LAHC/all-instances-fine/E-n35-k3-s5-p2/configurations.txt'
# 2026-01-09 14:17:26 GMT: Initialization
# Elitist race
# Elitist new instances: 1
# Elitist limit: 2
# nbIterations: 3
# minNbSurvival: 10
# nbParameters: 2
# seed: 406805362
# confidence level: 0.95
# budget: 8000
# mu: 10
# deterministic: FALSE

# 2026-01-09 14:17:26 GMT: Iteration 1 of 3
# experimentsUsed: 0
# remainingBudget: 8000
# currentBudget: 2666
# nbConfigurations: 133
# Markers:
     x No test is performed.
     c Configurations are discarded only due to capping.
     - The test is performed and some configurations are discarded.
     = The test is performed but no configuration is discarded.
     ! The test is performed and configurations could be discarded but elite configurations are preserved.
     . All alive configurations are elite and nothing is discarded.

+-+-----------+-----------+-----------+----------------+-----------+--------+-----+----+------+
| |   Instance|      Alive|       Best|       Mean best| Exp so far|  W time|  rho|KenW|  Qvar|
+-+-----------+-----------+-----------+----------------+-----------+--------+-----+----+------+
|x|          1|        133|          1|     514.9200000|        133|00:00:47|   NA|  NA|    NA|
|x|          2|        133|          1|     514.9200000|        266|00:00:47|+0.00|0.50|0.4962|
|x|          3|        133|          1|     514.9200000|        399|00:00:47|+0.00|0.33|0.3308|
|x|          4|        133|          1|     514.9200000|        532|00:00:47|+0.00|0.25|0.2481|
|x|          5|        133|          1|     514.9200000|        665|00:00:46|+0.10|0.28|0.3941|
|x|          6|        133|          1|     514.9200000|        798|00:00:46|+0.14|0.28|0.4758|
|x|          7|        133|          1|     514.9200000|        931|00:00:47|+0.12|0.24|0.4108|
|x|          8|        133|          1|     514.9200000|       1064|00:00:47|+0.10|0.21|0.3612|
|x|          9|        133|          1|     514.9200000|       1197|00:00:47|+0.09|0.19|0.3223|
|-|         10|        117|          1|     514.9200000|       1330|00:00:46|+0.00|0.10|0.2997|
|x|         11|        117|          1|     514.9200000|       1447|00:00:41|+0.00|0.09|0.2723|
|x|         12|        117|          1|     514.9200000|       1564|00:00:41|+0.00|0.09|0.2494|
|x|         13|        117|          1|     514.9200000|       1681|00:00:41|+0.00|0.08|0.2301|
|x|         14|        117|          1|     514.9200000|       1798|00:00:41|+0.00|0.07|0.2136|
|x|         15|        117|          1|     514.9200000|       1915|00:00:41|+0.00|0.07|0.1993|
|x|         16|        117|          1|     514.9200000|       2032|00:00:41|+0.00|0.06|0.1868|
|x|         17|        117|          1|     514.9200000|       2149|00:00:41|+0.00|0.06|0.1757|
|x|         18|        117|          1|     514.9200000|       2266|00:00:41|+0.01|0.06|0.2211|
|x|         19|        117|          1|     514.9200000|       2383|00:00:41|+0.01|0.06|0.2094|
|-|         20|         94|          2|     514.9200000|       2500|00:00:41|+0.02|0.07|0.2480|
+-+-----------+-----------+-----------+----------------+-----------+--------+-----+----+------+
Best-so-far configuration:           2    mean value:      514.9200000
Description of the best-so-far configuration:
  .ID. his_len max_attempts .PARENT.
2    2    4879           86       NA

# 2026-01-09 14:32:15 GMT: Elite configurations (first number is the configuration ID; listed from best to worst according to the sum of ranks):
   his_len max_attempts
2     4879           86
4     2879           57
7     3879          101
8     5880           12
11    3379           19
14    2379           64
15    6380            4
18    5129           53
20    3129           83
22    2129            8
# 2026-01-09 14:32:15 GMT: Iteration 2 of 3
# experimentsUsed: 2500
# remainingBudget: 5500
# currentBudget: 2750
# nbConfigurations: 98
# Markers:
     x No test is performed.
     c Configurations are discarded only due to capping.
     - The test is performed and some configurations are discarded.
     = The test is performed but no configuration is discarded.
     ! The test is performed and configurations could be discarded but elite configurations are preserved.
     . All alive configurations are elite and nothing is discarded.

+-+-----------+-----------+-----------+----------------+-----------+--------+-----+----+------+
| |   Instance|      Alive|       Best|       Mean best| Exp so far|  W time|  rho|KenW|  Qvar|
+-+-----------+-----------+-----------+----------------+-----------+--------+-----+----+------+
|x|         21|         98|          2|     514.9200000|         98|00:00:34|   NA|  NA|    NA|
|x|          9|         98|          2|     514.9200000|        186|00:00:31|+0.00|0.50|0.4949|
|x|         19|         98|          2|     514.9200000|        274|00:00:31|+0.00|0.33|0.3299|
|x|         15|         98|          2|     514.9200000|        362|00:00:30|+0.00|0.25|0.2474|
|x|         13|         98|          2|     514.9200000|        450|00:00:30|+0.00|0.20|0.1980|
|x|          7|         98|          2|     514.9200000|        538|00:00:31|+0.00|0.17|0.1650|
|x|         12|         98|          2|     514.9200000|        626|00:00:31|+0.00|0.14|0.1414|
|x|          5|         98|          2|     514.9200000|        714|00:00:31|-0.00|0.12|0.2480|
|x|          4|         98|          2|     514.9200000|        802|00:00:31|-0.00|0.11|0.2204|
|=|         16|         98|          2|     514.9200000|        890|00:00:30|-0.00|0.10|0.1983|
|x|          3|         98|          2|     514.9200000|        978|00:00:30|-0.00|0.09|0.1802|
|x|         11|         98|          2|     514.9200000|       1066|00:00:31|-0.00|0.08|0.1652|
|x|          8|         98|          2|     514.9200000|       1154|00:00:31|-0.00|0.08|0.1525|
|x|         18|         98|          2|     514.9200000|       1242|00:00:31|-0.00|0.07|0.2125|
|x|         10|         98|          2|     514.9200000|       1330|00:00:30|-0.00|0.06|0.1983|
|x|         14|         98|          2|     514.9200000|       1418|00:00:31|-0.00|0.06|0.1859|
|x|          1|         98|          2|     514.9200000|       1506|00:00:31|-0.00|0.06|0.2335|
|x|          2|         98|          2|     514.9200000|       1594|00:00:31|-0.00|0.05|0.2205|
|x|         20|         98|          2|     514.9200000|       1682|00:00:31|+0.01|0.06|0.2601|
|-|          6|         92|          2|     514.9200000|       1770|00:00:31|-0.00|0.05|0.2482|
|x|         17|         92|          2|     514.9200000|       1852|00:00:28|-0.00|0.04|0.2364|
|x|         22|         92|          2|     514.9200000|       1944|00:00:33|-0.00|0.04|0.2256|
|x|         23|         92|          2|     514.9200000|       2036|00:00:32|-0.00|0.04|0.2585|
|x|         24|         92|          2|     514.9200000|       2128|00:00:32|-0.00|0.04|0.2477|
|x|         25|         92|          2|     514.9200000|       2220|00:00:32|-0.00|0.04|0.2776|
|x|         26|         92|          2|     514.9200000|       2312|00:00:32|+0.00|0.04|0.3054|
|x|         27|         92|          2|     514.9200000|       2404|00:00:32|+0.00|0.04|0.2940|
|x|         28|         92|          2|     514.9200000|       2496|00:00:32|+0.00|0.04|0.2835|
|x|         29|         92|          2|     514.9200000|       2588|00:00:32|+0.00|0.04|0.2737|
|=|         30|         92|          2|     514.9200000|       2680|00:00:33|+0.00|0.04|0.2645|
+-+-----------+-----------+-----------+----------------+-----------+--------+-----+----+------+
Best-so-far configuration:           2    mean value:      514.9200000
Description of the best-so-far configuration:
  .ID. his_len max_attempts .PARENT.
2    2    4879           86       NA

# 2026-01-09 14:48:07 GMT: Elite configurations (first number is the configuration ID; listed from best to worst according to the sum of ranks):
    his_len max_attempts
2      4879           86
4      2879           57
7      3879          101
11     3379           19
14     2379           64
15     6380            4
18     5129           53
20     3129           83
22     2129            8
136    6000            5
# 2026-01-09 14:48:07 GMT: Iteration 3 of 3
# experimentsUsed: 5180
# remainingBudget: 2820
# currentBudget: 2820
# nbConfigurations: 78
# Markers:
     x No test is performed.
     c Configurations are discarded only due to capping.
     - The test is performed and some configurations are discarded.
     = The test is performed but no configuration is discarded.
     ! The test is performed and configurations could be discarded but elite configurations are preserved.
     . All alive configurations are elite and nothing is discarded.

+-+-----------+-----------+-----------+----------------+-----------+--------+-----+----+------+
| |   Instance|      Alive|       Best|       Mean best| Exp so far|  W time|  rho|KenW|  Qvar|
+-+-----------+-----------+-----------+----------------+-----------+--------+-----+----+------+
|x|         31|         78|          2|     514.9200000|         78|00:00:27|   NA|  NA|    NA|
|x|         10|         78|          2|     514.9200000|        146|00:00:23|+1.00|1.00|0.0000|
|x|          6|         78|          2|     514.9200000|        214|00:00:23|+0.00|0.33|0.3291|
|x|         15|         78|          2|     514.9200000|        282|00:00:23|+0.00|0.25|0.2468|
|x|         23|         78|          2|     514.9200000|        350|00:00:23|+0.00|0.20|0.1974|
|x|         28|         78|          2|     514.9200000|        418|00:00:23|+0.00|0.17|0.1645|
|x|          5|         78|          2|     514.9200000|        486|00:00:23|-0.00|0.14|0.2832|
|x|         13|         78|          2|     514.9200000|        554|00:00:23|-0.00|0.12|0.2476|
|x|          3|         78|          2|     514.9200000|        622|00:00:23|-0.00|0.11|0.2200|
|=|          2|         78|          2|     514.9200000|        690|00:00:23|-0.00|0.10|0.1980|
|x|         22|         78|          2|     514.9200000|        758|00:00:23|-0.00|0.09|0.1799|
|x|         18|         78|          2|     514.9200000|        826|00:00:23|-0.01|0.08|0.2481|
|x|         30|         78|          2|     514.9200000|        894|00:00:23|-0.01|0.07|0.2289|
|x|         20|         78|          2|     514.9200000|        962|00:00:23|+0.02|0.09|0.2809|
|x|         12|         78|          2|     514.9200000|       1030|00:00:23|+0.02|0.08|0.2623|
|x|         14|         78|          2|     514.9200000|       1098|00:00:23|+0.02|0.08|0.2460|
|x|         11|         78|          2|     514.9200000|       1166|00:00:23|+0.01|0.07|0.2315|
|x|         29|         78|          2|     514.9200000|       1234|00:00:23|+0.01|0.07|0.2187|
|x|         16|         78|          2|     514.9200000|       1302|00:00:23|+0.01|0.06|0.2072|
|=|          9|         78|          2|     514.9200000|       1370|00:00:23|+0.01|0.06|0.1969|
|x|         25|         78|          2|     514.9200000|       1438|00:00:23|+0.01|0.06|0.2350|
|x|         21|         78|          2|     514.9200000|       1506|00:00:23|+0.01|0.06|0.2697|
|x|          4|         78|          2|     514.9200000|       1574|00:00:23|+0.01|0.06|0.2580|
|x|         27|         78|          2|     514.9200000|       1642|00:00:23|+0.01|0.05|0.2472|
|x|          7|         78|          2|     514.9200000|       1710|00:00:23|+0.01|0.05|0.2373|
|x|         19|         78|          2|     514.9200000|       1778|00:00:23|+0.01|0.05|0.2281|
|x|          1|         78|          2|     514.9200000|       1846|00:00:23|+0.01|0.05|0.2566|
|x|         17|         78|          2|     514.9200000|       1914|00:00:23|+0.01|0.04|0.2474|
|x|          8|         78|          2|     514.9200000|       1982|00:00:23|+0.01|0.04|0.2388|
|=|         26|         78|          2|     514.9200000|       2050|00:00:23|+0.01|0.04|0.2623|
|x|         24|         78|          2|     514.9200000|       2118|00:00:23|+0.01|0.04|0.2539|
|x|         32|         78|          2|     514.9200000|       2196|00:00:27|+0.01|0.04|0.2771|
|x|         33|         78|          2|     514.9200000|       2274|00:00:27|+0.01|0.04|0.2687|
|x|         34|         78|          2|     514.9200000|       2352|00:00:27|+0.01|0.04|0.2608|
|x|         35|         78|          2|     514.9200000|       2430|00:00:27|+0.01|0.03|0.2534|
|x|         36|         78|          2|     514.9200000|       2508|00:00:27|+0.01|0.04|0.2740|
|x|         37|         78|          2|     514.9200000|       2586|00:00:27|+0.01|0.04|0.2666|
|x|         38|         78|          2|     514.9200000|       2664|00:00:27|+0.01|0.04|0.2855|
|x|         39|         78|          2|     514.9200000|       2742|00:00:27|+0.01|0.04|0.2781|
|-|         40|         68|          2|     514.9200000|       2820|00:00:27|-0.01|0.02|0.2226|
+-+-----------+-----------+-----------+----------------+-----------+--------+-----+----+------+
Best-so-far configuration:           2    mean value:      514.9200000
Description of the best-so-far configuration:
  .ID. his_len max_attempts .PARENT.
2    2    4879           86       NA

# 2026-01-09 15:04:31 GMT: Elite configurations (first number is the configuration ID; listed from best to worst according to the sum of ranks):
    his_len max_attempts
2      4879           86
4      2879           57
7      3879          101
11     3379           19
14     2379           64
15     6380            4
18     5129           53
20     3129           83
22     2129            8
136    6000            5
# 2026-01-09 15:04:31 GMT: Stopped because budget is exhausted
# Iteration: 4
# nbIterations: 3
# experimentsUsed: 8000
# timeUsed: 0
# remainingBudget: 0
# currentBudget: 2820
# number of elites: 10
# nbConfigurations: 78
# Total CPU user time: 1778.341, CPU sys time: 7556.006, Wall-clock time: 2825.286
# Best configurations (first number is the configuration ID; listed from best to worst according to the sum of ranks):
    his_len max_attempts
2      4879           86
4      2879           57
7      3879          101
11     3379           19
14     2379           64
15     6380            4
18     5129           53
20     3129           83
22     2129            8
136    6000            5
# Best configurations as commandlines (first number is the configuration ID; listed from best to worst according to the sum of ranks):
2   -his_len 4879 -max_attempts 86
4   -his_len 2879 -max_attempts 57
7   -his_len 3879 -max_attempts 101
11  -his_len 3379 -max_attempts 19
14  -his_len 2379 -max_attempts 64
15  -his_len 6380 -max_attempts 4
18  -his_len 5129 -max_attempts 53
20  -his_len 3129 -max_attempts 83
22  -his_len 2129 -max_attempts 8
136 -his_len 6000 -max_attempts 5


# Testing of elite configurations: 1 
# Testing iteration configurations: FALSE 
# 2026-01-09 15:04:31 GMT: No test instances, skip testing
