Starting irace...
# 2025-12-26 13:34:51 GMT: Reading parameter file '/gpfs/home/e/exx866/IRACE-b-LAHC/all-instances-rough/E-n30-k3/parameters.txt'.
# 2025-12-26 13:34:51 GMT: Read 1 configuration(s) from file '/gpfs/home/e/exx866/IRACE-b-LAHC/all-instances-rough/E-n30-k3/configurations.txt'
# 2025-12-26 13:34:52 GMT: Initialization
# Elitist race
# Elitist new instances: 1
# Elitist limit: 2
# nbIterations: 3
# minNbSurvival: 10
# nbParameters: 2
# seed: 1668964462
# confidence level: 0.95
# budget: 3500
# mu: 10
# deterministic: FALSE

# 2025-12-26 13:34:52 GMT: Iteration 1 of 3
# experimentsUsed: 0
# remainingBudget: 3500
# currentBudget: 1166
# nbConfigurations: 58
# Markers:
     x No test is performed.
     c Configurations are discarded only due to capping.
     - The test is performed and some configurations are discarded.
     = The test is performed but no configuration is discarded.
     ! The test is performed and configurations could be discarded but elite configurations are preserved.
     . All alive configurations are elite and nothing is discarded.

+-+-----------+-----------+-----------+----------------+-----------+--------+-----+----+------+
| |   Instance|      Alive|       Best|       Mean best| Exp so far|  W time|  rho|KenW|  Qvar|
+-+-----------+-----------+-----------+----------------+-----------+--------+-----+----+------+
|x|          1|         58|          1|     509.4700000|         58|00:00:50|   NA|  NA|    NA|
|x|          2|         58|          1|     509.4700000|        116|00:00:46|+1.00|1.00|0.0000|
|x|          3|         58|          1|     509.4700000|        174|00:00:44|+1.00|1.00|0.0000|
|x|          4|         58|          1|     509.4700000|        232|00:00:43|+1.00|1.00|0.0000|
|x|          5|         58|          1|     509.4700000|        290|00:00:43|+1.00|1.00|0.0000|
|x|          6|         58|          1|     509.4700000|        348|00:00:43|+1.00|1.00|0.0000|
|x|          7|         58|          1|     509.4700000|        406|00:00:43|+1.00|1.00|0.0000|
|x|          8|         58|          1|     509.4700000|        464|00:00:44|+1.00|1.00|0.0000|
|x|          9|         58|          1|     509.4700000|        522|00:00:44|+0.00|0.11|0.1092|
|=|         10|         58|          1|     509.4700000|        580|00:00:44|+0.00|0.10|0.0983|
|x|         11|         58|          1|     509.4700000|        638|00:00:38|+0.00|0.09|0.0893|
|x|         12|         58|          2|     509.4700000|        696|00:00:33|+0.07|0.15|0.1539|
|x|         13|         58|          2|     509.4700000|        754|00:00:33|+0.06|0.13|0.1429|
|x|         14|         58|          2|     509.4700000|        812|00:00:33|+0.06|0.13|0.1332|
|x|         15|         58|          2|     509.4700000|        870|00:00:32|+0.05|0.12|0.1248|
|x|         16|         58|          2|     509.4700000|        928|00:00:33|+0.05|0.11|0.1174|
|x|         17|         58|          2|     509.4700000|        986|00:00:33|+0.05|0.10|0.1108|
|x|         18|         58|          2|     509.4700000|       1044|00:00:33|+0.04|0.10|0.1049|
|x|         19|         58|          2|     509.4700000|       1102|00:00:33|+0.04|0.09|0.0996|
|-|         20|         39|         12|     509.4700000|       1160|00:00:33|+0.03|0.07|0.1461|
+-+-----------+-----------+-----------+----------------+-----------+--------+-----+----+------+
Best-so-far configuration:          12    mean value:      509.4700000
Description of the best-so-far configuration:
   .ID. his_len max_attempts .PARENT.
12   12    8293           20       NA

# 2025-12-26 13:47:58 GMT: Elite configurations (first number is the configuration ID; listed from best to worst according to the sum of ranks):
   his_len max_attempts
12    8293           20
14     905          208
25    2752           36
31   18759            4
47    1213           90
51     598          325
54    3060           12
8     4599          114
33    3984          129
1     5723           60
# 2025-12-26 13:47:58 GMT: Iteration 2 of 3
# experimentsUsed: 1160
# remainingBudget: 2340
# currentBudget: 1170
# nbConfigurations: 45
# Markers:
     x No test is performed.
     c Configurations are discarded only due to capping.
     - The test is performed and some configurations are discarded.
     = The test is performed but no configuration is discarded.
     ! The test is performed and configurations could be discarded but elite configurations are preserved.
     . All alive configurations are elite and nothing is discarded.

+-+-----------+-----------+-----------+----------------+-----------+--------+-----+----+------+
| |   Instance|      Alive|       Best|       Mean best| Exp so far|  W time|  rho|KenW|  Qvar|
+-+-----------+-----------+-----------+----------------+-----------+--------+-----+----+------+
|x|         21|         45|         12|     509.4700000|         45|00:00:26|   NA|  NA|    NA|
|x|         18|         45|         12|     509.4700000|         80|00:00:18|+0.00|0.50|0.4889|
|x|         14|         45|         12|     509.4700000|        115|00:00:19|+0.00|0.33|0.3259|
|x|          5|         45|         12|     509.4700000|        150|00:00:18|+0.00|0.25|0.2444|
|x|         11|         45|         12|     509.4700000|        185|00:00:18|+0.00|0.20|0.1956|
|x|         10|         45|         12|     509.4700000|        220|00:00:18|+0.00|0.17|0.1630|
|x|          4|         45|         12|     509.4700000|        255|00:00:18|+0.00|0.14|0.1397|
|x|         20|         45|         12|     509.4700000|        290|00:00:19|-0.01|0.12|0.2489|
|x|         15|         45|         12|     509.4700000|        325|00:00:19|-0.01|0.11|0.2208|
|=|          1|         45|         12|     509.4700000|        360|00:00:19|-0.01|0.09|0.1983|
|x|          8|         45|         12|     509.4700000|        395|00:00:19|-0.01|0.09|0.1801|
|x|         13|         45|         12|     509.4700000|        430|00:00:27|-0.00|0.08|0.1649|
|x|          7|         45|         12|     509.4700000|        465|00:00:23|-0.00|0.07|0.1520|
|x|         17|         45|         12|     509.4700000|        500|00:00:23|-0.00|0.07|0.1411|
|x|          9|         45|         12|     509.4700000|        535|00:00:22|+0.02|0.08|0.1923|
|x|         19|         45|         12|     509.4700000|        570|00:00:22|+0.02|0.08|0.1805|
|x|         12|         45|         12|     509.4700000|        605|00:00:22|+0.04|0.10|0.2201|
|x|          6|         45|         12|     509.4700000|        640|00:00:23|+0.04|0.09|0.2084|
|x|         16|         45|         12|     509.4700000|        675|00:00:23|+0.04|0.09|0.1979|
|-|          3|         40|         12|     509.4700000|        710|00:00:23|+0.02|0.07|0.1892|
|x|          2|         40|         12|     509.4700000|        740|00:00:21|+0.02|0.07|0.1804|
|x|         22|         40|         12|     509.4700000|        780|00:00:24|+0.02|0.07|0.2160|
|x|         23|         40|         12|     509.4700000|        820|00:00:23|+0.04|0.08|0.2465|
|x|         24|         40|         12|     509.4700000|        860|00:00:23|+0.04|0.08|0.2366|
|x|         25|         40|         12|     509.4700000|        900|00:00:23|+0.03|0.07|0.2274|
|x|         26|         40|         12|     509.4700000|        940|00:00:23|+0.03|0.07|0.2189|
|x|         27|         40|         12|     509.4700000|        980|00:00:23|+0.03|0.07|0.2110|
|x|         28|         40|         12|     509.4700000|       1020|00:00:23|+0.03|0.06|0.2037|
|x|         29|         40|         12|     509.4700000|       1060|00:00:23|+0.03|0.06|0.1968|
|-|         30|         36|         12|     509.4700000|       1100|00:00:23|+0.01|0.04|0.1931|
+-+-----------+-----------+-----------+----------------+-----------+--------+-----+----+------+
Best-so-far configuration:          12    mean value:      509.4700000
Description of the best-so-far configuration:
   .ID. his_len max_attempts .PARENT.
12   12    8293           20       NA

# 2025-12-26 13:59:00 GMT: Elite configurations (first number is the configuration ID; listed from best to worst according to the sum of ranks):
   his_len max_attempts
12    8293           20
14     905          208
25    2752           36
31   18759            4
47    1213           90
54    3060           12
61    2335          121
63    1222          179
64    5472           47
66     427          276
# 2025-12-26 13:59:00 GMT: Iteration 3 of 3
# experimentsUsed: 2260
# remainingBudget: 1240
# currentBudget: 1240
# nbConfigurations: 38
# Markers:
     x No test is performed.
     c Configurations are discarded only due to capping.
     - The test is performed and some configurations are discarded.
     = The test is performed but no configuration is discarded.
     ! The test is performed and configurations could be discarded but elite configurations are preserved.
     . All alive configurations are elite and nothing is discarded.

+-+-----------+-----------+-----------+----------------+-----------+--------+-----+----+------+
| |   Instance|      Alive|       Best|       Mean best| Exp so far|  W time|  rho|KenW|  Qvar|
+-+-----------+-----------+-----------+----------------+-----------+--------+-----+----+------+
|x|         31|         38|         12|     509.4700000|         38|00:00:22|   NA|  NA|    NA|
|x|         21|         38|         12|     509.4700000|         66|00:00:18|+0.00|0.50|0.4868|
|x|         10|         38|         12|     509.4700000|         94|00:00:18|+0.00|0.33|0.3246|
|x|         15|         38|         12|     509.4700000|        122|00:00:18|+0.00|0.25|0.2434|
|x|         19|         38|         12|     509.4700000|        150|00:00:18|+0.00|0.20|0.1947|
|x|         16|         38|         12|     509.4700000|        178|00:00:18|+0.00|0.17|0.1623|
|x|         24|         38|         12|     509.4700000|        206|00:00:18|+0.00|0.14|0.1391|
|x|         11|         38|         12|     509.4700000|        234|00:00:17|+0.00|0.12|0.1217|
|x|          9|         38|         12|     509.4700000|        262|00:00:18|+0.00|0.11|0.1082|
|-|         12|         35|         12|     509.4700000|        290|00:00:18|+0.00|0.10|0.0971|
|x|         29|         35|         12|     509.4700000|        315|00:00:17|+0.00|0.09|0.0883|
|x|         28|         35|         12|     509.4700000|        340|00:00:17|+0.00|0.08|0.0810|
|x|         18|         35|         12|     509.4700000|        365|00:00:16|+0.00|0.08|0.0747|
|x|         22|         35|         12|     509.4700000|        390|00:00:17|-0.00|0.07|0.1391|
|x|         23|         35|         12|     509.4700000|        415|00:00:19|-0.00|0.06|0.1298|
|x|          1|         35|         12|     509.4700000|        440|00:00:19|-0.00|0.06|0.1217|
|x|          3|         35|         12|     509.4700000|        465|00:00:18|-0.00|0.06|0.1145|
|x|         30|         35|         12|     509.4700000|        490|00:00:18|-0.00|0.05|0.1081|
|x|         17|         35|         12|     509.4700000|        515|00:00:19|-0.00|0.05|0.1024|
|=|          6|         35|         12|     509.4700000|        540|00:00:19|-0.00|0.05|0.0973|
|x|         27|         35|         12|     509.4700000|        565|00:00:19|-0.00|0.05|0.0927|
|x|         13|         35|         12|     509.4700000|        590|00:00:19|-0.00|0.04|0.0884|
|x|          7|         35|         12|     509.4700000|        615|00:00:19|-0.00|0.04|0.0846|
|x|          8|         35|         12|     509.4700000|        640|00:00:22|-0.00|0.04|0.0811|
|x|         25|         35|         12|     509.4700000|        665|00:00:17|-0.00|0.04|0.0778|
|x|          5|         35|         12|     509.4700000|        690|00:00:17|-0.00|0.04|0.0748|
|x|         14|         35|         12|     509.4700000|        715|00:00:18|-0.00|0.04|0.0720|
|x|          2|         35|         12|     509.4700000|        740|00:00:18|-0.00|0.03|0.0695|
|x|         20|         35|         12|     509.4700000|        765|00:00:18|-0.00|0.03|0.1010|
|=|         26|         35|         12|     509.4700000|        790|00:00:18|-0.00|0.03|0.0976|
|x|          4|         35|         12|     509.4700000|        815|00:00:18|-0.00|0.03|0.0944|
|x|         32|         35|         12|     509.4700000|        850|00:00:22|-0.00|0.03|0.0914|
|x|         33|         35|         12|     509.4700000|        885|00:00:22|-0.00|0.03|0.0887|
|x|         34|         35|         12|     509.4700000|        920|00:00:22|-0.00|0.03|0.0860|
|x|         35|         35|         12|     509.4700000|        955|00:00:22|-0.00|0.03|0.0836|
|x|         36|         35|         12|     509.4700000|        990|00:00:22|-0.00|0.02|0.0812|
|x|         37|         35|         12|     509.4700000|       1025|00:00:22|+0.01|0.04|0.1048|
|x|         38|         35|         12|     509.4700000|       1060|00:00:22|+0.01|0.04|0.1020|
|x|         39|         35|         12|     509.4700000|       1095|00:00:22|+0.01|0.03|0.0994|
|=|         40|         35|         12|     509.4700000|       1130|00:00:22|+0.01|0.03|0.0969|
+-+-----------+-----------+-----------+----------------+-----------+--------+-----+----+------+
Best-so-far configuration:          12    mean value:      509.4700000
Description of the best-so-far configuration:
   .ID. his_len max_attempts .PARENT.
12   12    8293           20       NA

# 2025-12-26 14:12:00 GMT: Elite configurations (first number is the configuration ID; listed from best to worst according to the sum of ranks):
   his_len max_attempts
12    8293           20
14     905          208
25    2752           36
31   18759            4
47    1213           90
54    3060           12
64    5472           47
66     427          276
94    5384           47
95    1213          209
# 2025-12-26 14:12:00 GMT: Iteration 4 of 4
# experimentsUsed: 3390
# remainingBudget: 110
# currentBudget: 110
# nbConfigurations: 12
# Markers:
     x No test is performed.
     c Configurations are discarded only due to capping.
     - The test is performed and some configurations are discarded.
     = The test is performed but no configuration is discarded.
     ! The test is performed and configurations could be discarded but elite configurations are preserved.
     . All alive configurations are elite and nothing is discarded.

+-+-----------+-----------+-----------+----------------+-----------+--------+-----+----+------+
| |   Instance|      Alive|       Best|       Mean best| Exp so far|  W time|  rho|KenW|  Qvar|
+-+-----------+-----------+-----------+----------------+-----------+--------+-----+----+------+
|x|         12|         12|         12|     509.4700000|          2|00:00:07|   NA|  NA|    NA|
|x|         18|         12|         12|     509.4700000|          4|00:00:06|+1.00|1.00|0.0000|
|x|         29|         12|         12|     509.4700000|          6|00:00:08|+1.00|1.00|0.0000|
|x|         24|         12|         12|     509.4700000|          8|00:00:06|+1.00|1.00|0.0000|
|x|         30|         12|         12|     509.4700000|         10|00:00:08|+1.00|1.00|0.0000|
|x|          8|         12|         12|     509.4700000|         12|00:00:04|+1.00|1.00|0.0000|
|x|          6|         12|         12|     509.4700000|         14|00:00:08|+1.00|1.00|0.0000|
|x|         28|         12|         12|     509.4700000|         16|00:00:05|+1.00|1.00|0.0000|
|x|         10|         12|         12|     509.4700000|         18|00:00:05|+1.00|1.00|0.0000|
|=|         38|         12|         12|     509.4700000|         20|00:00:07|+1.00|1.00|0.0000|
|x|          2|         12|         12|     509.4700000|         22|00:00:06|+1.00|1.00|0.0000|
|x|         20|         12|         12|     509.4700000|         24|00:00:07|+1.00|1.00|0.0000|
|x|         27|         12|         12|     509.4700000|         26|00:00:05|+1.00|1.00|0.0000|
|x|         16|         12|         12|     509.4700000|         28|00:00:07|+1.00|1.00|0.0000|
|x|         34|         12|         12|     509.4700000|         30|00:00:05|+1.00|1.00|0.0000|
|x|         19|         12|         12|     509.4700000|         32|00:00:06|+1.00|1.00|0.0000|
|x|          4|         12|         12|     509.4700000|         34|00:00:06|+1.00|1.00|0.0000|
|x|         23|         12|         12|     509.4700000|         36|00:00:07|+1.00|1.00|0.0000|
|x|         33|         12|         12|     509.4700000|         38|00:00:06|+1.00|1.00|0.0000|
|=|          3|         12|         12|     509.4700000|         40|00:00:04|+1.00|1.00|0.0000|
|x|         13|         12|         12|     509.4700000|         42|00:00:05|+1.00|1.00|0.0000|
|x|         14|         12|         12|     509.4700000|         44|00:00:05|+1.00|1.00|0.0000|
|x|         21|         12|         12|     509.4700000|         46|00:00:06|+1.00|1.00|0.0000|
|x|         26|         12|         12|     509.4700000|         48|00:00:03|+1.00|1.00|0.0000|
|x|          5|         12|         12|     509.4700000|         50|00:00:07|+1.00|1.00|0.0000|
|x|         31|         12|         12|     509.4700000|         52|00:00:04|+1.00|1.00|0.0000|
|x|         11|         12|         12|     509.4700000|         54|00:00:03|+1.00|1.00|0.0000|
|x|         32|         12|         12|     509.4700000|         56|00:00:07|+1.00|1.00|0.0000|
|x|          9|         12|         12|     509.4700000|         58|00:00:04|+1.00|1.00|0.0000|
|=|         40|         12|         12|     509.4700000|         60|00:00:03|+1.00|1.00|0.0000|
|x|         39|         12|         12|     509.4700000|         62|00:00:06|+1.00|1.00|0.0000|
|x|         36|         12|         12|     509.4700000|         64|00:00:04|+1.00|1.00|0.0000|
|x|         15|         12|         12|     509.4700000|         66|00:00:04|+1.00|1.00|0.0000|
|x|         17|         12|         12|     509.4700000|         68|00:00:05|+1.00|1.00|0.0000|
|x|         35|         12|         12|     509.4700000|         70|00:00:04|+1.00|1.00|0.0000|
|x|         25|         12|         12|     509.4700000|         72|00:00:06|+1.00|1.00|0.0000|
|x|         22|         12|         12|     509.4700000|         74|00:00:09|+1.00|1.00|0.0000|
|x|          1|         12|         12|     509.4700000|         76|00:00:08|+1.00|1.00|0.0000|
|x|         37|         12|         12|     509.4700000|         78|00:00:08|+0.00|0.03|0.0235|
|=|          7|         12|         12|     509.4700000|         80|00:00:06|+0.00|0.03|0.0229|
+-+-----------+-----------+-----------+----------------+-----------+--------+-----+----+------+
Best-so-far configuration:          12    mean value:      509.4700000
Description of the best-so-far configuration:
   .ID. his_len max_attempts .PARENT.
12   12    8293           20       NA

# 2025-12-26 14:16:09 GMT: Elite configurations (first number is the configuration ID; listed from best to worst according to the sum of ranks):
   his_len max_attempts
12    8293           20
14     905          208
25    2752           36
31   18759            4
47    1213           90
54    3060           12
64    5472           47
66     427          276
94    5384           47
95    1213          209
# 2025-12-26 14:16:09 GMT: Stopped because there is not enough budget left to race more than the minimum (10).
# You may either increase the budget or set 'minNbSurvival' to a lower value.
# Iteration: 5
# nbIterations: 5
# experimentsUsed: 3470
# timeUsed: 0
# remainingBudget: 30
# currentBudget: 30
# number of elites: 10
# nbConfigurations: 10
# Total CPU user time: 773.387, CPU sys time: 3764.842, Wall-clock time: 2477.817
# Best configurations (first number is the configuration ID; listed from best to worst according to the sum of ranks):
   his_len max_attempts
12    8293           20
14     905          208
25    2752           36
31   18759            4
47    1213           90
54    3060           12
64    5472           47
66     427          276
94    5384           47
95    1213          209
# Best configurations as commandlines (first number is the configuration ID; listed from best to worst according to the sum of ranks):
12 -his_len 8293 -max_attempts 20
14 -his_len 905 -max_attempts 208
25 -his_len 2752 -max_attempts 36
31 -his_len 18759 -max_attempts 4
47 -his_len 1213 -max_attempts 90
54 -his_len 3060 -max_attempts 12
64 -his_len 5472 -max_attempts 47
66 -his_len 427 -max_attempts 276
94 -his_len 5384 -max_attempts 47
95 -his_len 1213 -max_attempts 209


# Testing of elite configurations: 1 
# Testing iteration configurations: FALSE 
# 2025-12-26 14:16:09 GMT: No test instances, skip testing
