Starting irace...
# 2025-12-29 15:16:15 GMT: Reading parameter file '/gpfs/home/e/exx866/IRACE-b-LAHC/all-instances-fine/E-n22-k4-p2/parameters.txt'.
# 2025-12-29 15:16:15 GMT: Read 1 configuration(s) from file '/gpfs/home/e/exx866/IRACE-b-LAHC/all-instances-fine/E-n22-k4-p2/configurations.txt'
# 2025-12-29 15:16:16 GMT: Initialization
# Elitist race
# Elitist new instances: 1
# Elitist limit: 2
# nbIterations: 3
# minNbSurvival: 10
# nbParameters: 2
# seed: 649341280
# confidence level: 0.95
# budget: 6000
# mu: 10
# deterministic: FALSE

# 2025-12-29 15:16:16 GMT: Iteration 1 of 3
# experimentsUsed: 0
# remainingBudget: 6000
# currentBudget: 2000
# nbConfigurations: 100
# Markers:
     x No test is performed.
     c Configurations are discarded only due to capping.
     - The test is performed and some configurations are discarded.
     = The test is performed but no configuration is discarded.
     ! The test is performed and configurations could be discarded but elite configurations are preserved.
     . All alive configurations are elite and nothing is discarded.

+-+-----------+-----------+-----------+----------------+-----------+--------+-----+----+------+
| |   Instance|      Alive|       Best|       Mean best| Exp so far|  W time|  rho|KenW|  Qvar|
+-+-----------+-----------+-----------+----------------+-----------+--------+-----+----+------+
|x|          1|        100|          1|     384.6800000|        100|00:00:43|   NA|  NA|    NA|
|x|          2|        100|          1|     385.0350000|        200|00:00:40|+0.00|0.50|0.4950|
|x|          3|        100|          1|     384.9166667|        300|00:00:41|+0.01|0.34|0.6555|
|x|          4|        100|          1|     384.8575000|        400|00:00:40|+0.02|0.26|0.7258|
|x|          5|        100|          1|     384.8220000|        500|00:00:35|+0.03|0.22|0.7627|
|x|          6|        100|         60|     384.7983333|        600|00:00:39|+0.00|0.17|0.8195|
|x|          7|        100|         60|     384.7814286|        700|00:00:36|+0.00|0.14|0.8446|
|x|          8|        100|         60|     384.7687500|        800|00:00:36|+0.01|0.13|0.8612|
|x|          9|        100|         67|     384.7588889|        900|00:00:39|+0.00|0.11|0.8761|
|=|         10|        100|         67|     384.8220000|       1000|00:00:40|+0.00|0.10|0.7889|
|x|         11|        100|         67|     384.8736364|       1100|00:00:34|-0.01|0.08|0.8218|
|x|         12|        100|         43|     384.9166667|       1200|00:00:38|-0.01|0.08|0.8305|
|x|         13|        100|         43|     384.8984615|       1300|00:00:40|-0.01|0.07|0.8440|
|x|         14|        100|          4|     384.9335714|       1400|00:00:38|-0.01|0.07|0.8521|
|x|         15|        100|         20|     384.9166667|       1500|00:00:40|-0.00|0.06|0.8616|
|x|         16|        100|         67|     384.9018750|       1600|00:00:41|-0.00|0.06|0.8683|
|x|         17|        100|         67|     384.8888235|       1700|00:00:36|-0.01|0.05|0.8800|
|x|         18|        100|         67|     384.8772222|       1800|00:00:40|-0.01|0.05|0.8866|
|x|         19|        100|         67|     384.9042105|       1900|00:00:41|-0.01|0.05|0.8924|
|=|         20|        100|         67|     384.9285000|       2000|00:00:36|-0.01|0.04|0.8475|
+-+-----------+-----------+-----------+----------------+-----------+--------+-----+----+------+
Best-so-far configuration:          67    mean value:      384.9285000
Description of the best-so-far configuration:
   .ID. his_len max_attempts .PARENT.
67   67   14885          270       NA

# 2025-12-29 15:29:19 GMT: Elite configurations (first number is the configuration ID; listed from best to worst according to the sum of ranks):
   his_len max_attempts
67   14885          270
4    17029           16
59   12398          240
20   12570          122
37   10683           69
66    9397          140
35   13427          264
10   14971           98
43   16858           85
69   17629           75
# 2025-12-29 15:29:19 GMT: Iteration 2 of 3
# experimentsUsed: 2000
# remainingBudget: 4000
# currentBudget: 2000
# nbConfigurations: 73
# Markers:
     x No test is performed.
     c Configurations are discarded only due to capping.
     - The test is performed and some configurations are discarded.
     = The test is performed but no configuration is discarded.
     ! The test is performed and configurations could be discarded but elite configurations are preserved.
     . All alive configurations are elite and nothing is discarded.

+-+-----------+-----------+-----------+----------------+-----------+--------+-----+----+------+
| |   Instance|      Alive|       Best|       Mean best| Exp so far|  W time|  rho|KenW|  Qvar|
+-+-----------+-----------+-----------+----------------+-----------+--------+-----+----+------+
|x|         21|         73|         67|     384.6800000|         73|00:00:24|   NA|  NA|    NA|
|x|          7|         73|         67|     384.6800000|        136|00:00:22|+0.04|0.52|0.9792|
|x|         14|         73|         67|     384.6800000|        199|00:00:19|+0.10|0.40|0.8994|
|x|         15|         73|         67|     384.6800000|        262|00:00:22|+0.13|0.35|0.8676|
|x|         18|         73|         67|     384.6800000|        325|00:00:20|+0.10|0.28|0.9047|
|x|          6|         73|         67|     384.6800000|        388|00:00:20|+0.07|0.23|0.9301|
|x|         10|         73|         67|     384.7814286|        451|00:00:19|+0.06|0.19|0.8053|
|x|          8|         73|         67|     384.7687500|        514|00:00:17|+0.04|0.16|0.8306|
|x|          2|         73|         67|     384.8377778|        577|00:00:22|+0.04|0.14|0.7419|
|=|         17|         73|         67|     384.8220000|        640|00:00:20|+0.03|0.13|0.7676|
|x|          5|         73|         67|     384.8090909|        703|00:00:20|+0.04|0.12|0.7778|
|x|         11|         73|         67|     384.8575000|        766|00:00:20|+0.02|0.10|0.8052|
|x|         19|         73|        158|     384.8438462|        829|00:00:19|+0.02|0.10|0.8231|
|x|         16|         73|        158|     384.8828571|        892|00:00:22|+0.03|0.09|0.8357|
|x|         12|         73|        158|     384.8693333|        955|00:00:21|+0.02|0.08|0.8506|
|x|         20|         73|        158|     384.9018750|       1018|00:00:21|+0.02|0.08|0.7977|
|x|          9|         73|        158|     384.8888235|       1081|00:00:21|+0.01|0.07|0.8101|
|x|          4|         73|        158|     384.8772222|       1144|00:00:22|+0.02|0.07|0.8165|
|x|         13|         73|        158|     384.8668421|       1207|00:00:22|+0.02|0.07|0.8233|
|-|          3|         21|        158|     384.8575000|       1270|00:00:22|-0.02|0.03|0.8336|
|x|          1|         21|        158|     384.8490476|       1281|00:00:03|-0.02|0.03|0.8407|
|x|         22|         21|        158|     384.8736364|       1302|00:00:05|-0.02|0.02|0.8458|
|x|         23|         21|        158|     384.8960870|       1323|00:00:06|-0.02|0.02|0.8526|
|x|         24|         21|        158|     384.9166667|       1344|00:00:06|-0.02|0.02|0.8161|
|x|         25|         21|        158|     384.9356000|       1365|00:00:06|-0.02|0.02|0.8207|
|x|         26|         21|        158|     384.9530769|       1386|00:00:04|-0.02|0.02|0.8214|
|x|         27|         21|        158|     384.9429630|       1407|00:00:05|-0.01|0.03|0.8229|
|x|         28|         21|        158|     385.1342857|       1428|00:00:05|-0.01|0.02|0.8282|
|x|         29|         21|        158|     385.1431034|       1449|00:00:06|-0.01|0.02|0.7992|
|=|         30|         21|        158|     385.1513333|       1470|00:00:06|-0.01|0.02|0.7722|
|x|         31|         21|          4|     385.0006452|       1491|00:00:06|-0.01|0.02|0.7789|
|x|         32|         21|         67|     385.0128125|       1512|00:00:06|-0.01|0.02|0.7819|
|x|         33|         21|          4|     385.0027273|       1533|00:00:05|-0.01|0.02|0.7856|
|x|         34|         21|          4|     385.0141176|       1554|00:00:06|-0.01|0.02|0.7921|
|x|         35|         21|        119|     385.2851429|       1575|00:00:05|-0.01|0.02|0.7974|
|x|         36|         21|        119|     385.2683333|       1596|00:00:06|-0.01|0.02|0.8012|
|x|         37|         21|        119|     385.2524324|       1617|00:00:06|-0.01|0.02|0.8059|
|x|         38|         21|        119|     385.2373684|       1638|00:00:05|-0.01|0.02|0.8084|
|x|         39|         21|        119|     385.2412821|       1659|00:00:06|-0.01|0.02|0.8124|
|=|         40|         21|        119|     385.2450000|       1680|00:00:06|-0.00|0.02|0.8141|
+-+-----------+-----------+-----------+----------------+-----------+--------+-----+----+------+
Best-so-far configuration:         119    mean value:      385.2450000
Description of the best-so-far configuration:
    .ID. his_len max_attempts .PARENT.
119  119   17324           24        4

# 2025-12-29 15:38:22 GMT: Elite configurations (first number is the configuration ID; listed from best to worst according to the sum of ranks):
    his_len max_attempts
119   17324           24
158   14814          101
131   12973          102
4     17029           16
124   12433          259
20    12570          122
67    14885          270
66     9397          140
43    16858           85
122   11577          140
# 2025-12-29 15:38:22 GMT: Iteration 3 of 3
# experimentsUsed: 3680
# remainingBudget: 2320
# currentBudget: 2320
# nbConfigurations: 54
# Markers:
     x No test is performed.
     c Configurations are discarded only due to capping.
     - The test is performed and some configurations are discarded.
     = The test is performed but no configuration is discarded.
     ! The test is performed and configurations could be discarded but elite configurations are preserved.
     . All alive configurations are elite and nothing is discarded.

+-+-----------+-----------+-----------+----------------+-----------+--------+-----+----+------+
| |   Instance|      Alive|       Best|       Mean best| Exp so far|  W time|  rho|KenW|  Qvar|
+-+-----------+-----------+-----------+----------------+-----------+--------+-----+----+------+
|x|         41|         54|        119|     385.3900000|         54|00:00:17|   NA|  NA|    NA|
|x|          7|         54|        119|     385.0350000|         98|00:00:14|+0.00|0.50|0.4907|
|x|         40|         54|        158|     384.9166667|        142|00:00:14|+0.03|0.36|0.6326|
|x|         11|         54|        176|     384.8575000|        186|00:00:14|-0.03|0.23|0.7626|
|x|          1|         54|        176|     384.8220000|        230|00:00:14|+0.05|0.24|0.7621|
|x|         25|         54|        176|     384.9166667|        274|00:00:12|+0.01|0.17|0.8004|
|x|         30|         54|        176|     384.9842857|        318|00:00:10|+0.01|0.15|0.6886|
|x|         37|         54|        176|     384.9462500|        362|00:00:14|+0.02|0.14|0.7137|
|x|          6|         54|        119|     384.9166667|        406|00:00:12|+0.00|0.11|0.7544|
|=|         31|         54|        198|     384.8930000|        450|00:00:14|-0.00|0.10|0.7802|
|x|         17|         54|        198|     384.8736364|        494|00:00:14|-0.00|0.09|0.7960|
|x|          8|         54|        198|     384.9166667|        538|00:00:13|+0.00|0.08|0.8096|
|x|          5|         54|        198|     384.8984615|        582|00:00:14|-0.00|0.08|0.8225|
|x|         39|         54|        179|     384.9335714|        626|00:00:14|-0.01|0.06|0.8431|
|x|         24|         54|        179|     384.9640000|        670|00:00:13|-0.01|0.06|0.7868|
|x|         13|         54|        124|     385.2531250|        714|00:00:11|-0.01|0.05|0.7982|
|x|         28|         54|        124|     385.2611765|        758|00:00:14|-0.01|0.05|0.8125|
|x|         18|         54|        119|     384.9955556|        802|00:00:13|-0.01|0.04|0.8247|
|x|         14|         54|        119|     384.9789474|        846|00:00:11|-0.01|0.05|0.8282|
|=|         12|         54|        158|     385.2095000|        890|00:00:13|-0.00|0.05|0.8333|
|x|         20|         54|        158|     385.2180952|        934|00:00:12|-0.00|0.05|0.7936|
|x|         21|         54|        158|     385.1936364|        978|00:00:13|+0.01|0.05|0.7980|
|x|         19|         54|        158|     385.1713043|       1022|00:00:14|+0.00|0.05|0.8081|
|x|         10|         54|        158|     385.1804167|       1066|00:00:14|+0.00|0.05|0.7745|
|x|         33|         54|        158|     385.1604000|       1110|00:00:12|+0.01|0.05|0.7799|
|x|         36|         54|        158|     385.1692308|       1154|00:00:13|+0.01|0.04|0.7887|
|x|         32|         54|        158|     385.1774074|       1198|00:00:14|+0.00|0.04|0.7968|
|x|         27|         54|        158|     385.1596429|       1242|00:00:13|+0.00|0.04|0.8046|
|x|         16|         54|        158|     385.1675862|       1286|00:00:13|+0.00|0.04|0.8108|
|=|         34|         54|        186|     385.0113333|       1330|00:00:15|+0.00|0.04|0.8172|
|x|         35|         54|        186|     385.0006452|       1374|00:00:13|+0.00|0.03|0.8221|
|x|         22|         54|        186|     384.9906250|       1418|00:00:14|+0.00|0.03|0.8274|
|x|         26|         54|        186|     384.9812121|       1462|00:00:14|+0.00|0.03|0.8307|
|x|         29|         54|        186|     384.9932353|       1506|00:00:14|+0.00|0.03|0.8063|
|x|         23|         54|        186|     385.0045714|       1550|00:00:14|+0.00|0.03|0.8106|
|x|          9|         54|        186|     385.0152778|       1594|00:00:14|+0.00|0.03|0.8151|
|x|         15|         54|        186|     385.0062162|       1638|00:00:13|+0.01|0.03|0.8182|
|x|          3|         54|        124|     385.2560526|       1682|00:00:14|+0.01|0.03|0.8221|
|x|         38|         54|        119|     385.2412821|       1726|00:00:13|+0.01|0.03|0.8243|
|=|          2|         54|        119|     385.2450000|       1770|00:00:13|+0.01|0.03|0.8039|
|x|          4|         54|        186|     385.0263415|       1814|00:00:13|+0.01|0.03|0.8088|
|x|         42|         54|        186|     385.0180952|       1868|00:00:16|+0.01|0.03|0.8127|
|x|         43|         54|        131|     385.0267442|       1922|00:00:15|+0.01|0.03|0.8170|
|x|         44|         54|        119|     385.2259091|       1976|00:00:16|+0.00|0.03|0.8222|
|x|         45|         54|        131|     385.0271111|       2030|00:00:18|+0.01|0.03|0.8253|
|x|         46|         54|        186|     385.0195652|       2084|00:00:17|+0.01|0.03|0.8287|
|x|         47|         54|         20|     385.2212766|       2138|00:00:17|+0.00|0.03|0.8323|
|x|         48|         54|         20|     385.2100000|       2192|00:00:18|+0.00|0.02|0.8357|
|x|         49|         54|        119|     385.1991837|       2246|00:00:16|+0.00|0.02|0.8392|
|=|         50|         54|        119|     385.2030000|       2300|00:00:18|+0.00|0.02|0.8224|
+-+-----------+-----------+-----------+----------------+-----------+--------+-----+----+------+
Best-so-far configuration:         119    mean value:      385.2030000
Description of the best-so-far configuration:
    .ID. his_len max_attempts .PARENT.
119  119   17324           24        4

# 2025-12-29 15:50:28 GMT: Elite configurations (first number is the configuration ID; listed from best to worst according to the sum of ranks):
    his_len max_attempts
119   17324           24
186   16710           83
20    12570          122
184   17504           22
179   17220           17
158   14814          101
4     17029           16
131   12973          102
206   12492          123
124   12433          259
# 2025-12-29 15:50:28 GMT: Stopped because there is not enough budget left to race more than the minimum (10).
# You may either increase the budget or set 'minNbSurvival' to a lower value.
# Iteration: 4
# nbIterations: 4
# experimentsUsed: 5980
# timeUsed: 0
# remainingBudget: 20
# currentBudget: 20
# number of elites: 10
# nbConfigurations: 10
# Total CPU user time: 1191.851, CPU sys time: 6570.125, Wall-clock time: 2053.246
# 2025-12-29 15:50:28 GMT: Starting post-selection:
# Configurations selected: 119, 186.
# Pending instances: 0, 0.
# 2025-12-29 15:50:28 GMT: seed: 649341280
# Configurations: 2
# Available experiments: 20
# minSurvival: 1
# Markers:
     x No test is performed.
     c Configurations are discarded only due to capping.
     - The test is performed and some configurations are discarded.
     = The test is performed but no configuration is discarded.
     ! The test is performed and configurations could be discarded but elite configurations are preserved.
     . All alive configurations are elite and nothing is discarded.

+-+-----------+-----------+-----------+----------------+-----------+--------+-----+----+------+
| |   Instance|      Alive|       Best|       Mean best| Exp so far|  W time|  rho|KenW|  Qvar|
+-+-----------+-----------+-----------+----------------+-----------+--------+-----+----+------+
|.|         41|          2|        119|     385.3900000|          0|00:00:00|   NA|  NA|    NA|
|.|         11|          2|        119|     385.0350000|          0|00:00:00|+0.00|0.50|0.2500|
|.|         28|          2|        119|     385.1533333|          0|00:00:00|-0.50|0.00|0.5000|
|.|         30|          2|        119|     385.2125000|          0|00:00:00|-0.33|0.00|0.3333|
|.|         48|          2|        119|     385.1060000|          0|00:00:00|-0.17|0.07|0.3500|
|.|          6|          2|        119|     385.0350000|          0|00:00:00|+0.00|0.17|0.3333|
|.|         50|          2|        119|     385.0857143|          0|00:00:00|+0.00|0.14|0.2857|
|.|         26|          2|        119|     385.1237500|          0|00:00:00|-0.11|0.03|0.3482|
|.|         36|          2|        119|     385.0744444|          0|00:00:00|-0.10|0.02|0.3056|
|.|         32|          2|        119|     385.0350000|          0|00:00:00|-0.09|0.02|0.2722|
|.|         47|          2|        119|     385.0672727|          0|00:00:00|-0.08|0.02|0.2455|
|.|          8|          2|        119|     385.0350000|          0|00:00:00|-0.03|0.06|0.2576|
|.|         35|          2|        119|     385.0076923|          0|00:00:00|-0.03|0.05|0.2372|
|.|          7|          2|        119|     384.9842857|          0|00:00:00|-0.03|0.05|0.2198|
|.|         31|          2|        119|     385.0113333|          0|00:00:00|-0.06|0.01|0.2476|
|.|         34|          2|        119|     385.0350000|          0|00:00:00|-0.07|0.00|0.2667|
|.|         23|          2|        119|     385.0141176|          0|00:00:00|-0.06|0.01|0.2794|
|.|         21|          2|        119|     385.3077778|          0|00:00:00|-0.06|0.00|0.2941|
|.|         44|          2|        119|     385.2747368|          0|00:00:00|-0.05|0.00|0.3041|
|.|         38|          2|        119|     385.2450000|          0|00:00:00|-0.04|0.02|0.3105|
|.|          5|          2|        119|     385.2180952|          0|00:00:00|-0.02|0.03|0.3143|
|.|         40|          2|        119|     385.2259091|          0|00:00:00|-0.03|0.01|0.3290|
|.|         46|          2|        119|     385.2021739|          0|00:00:00|-0.03|0.01|0.3142|
|.|         37|          2|        119|     385.1804167|          0|00:00:00|-0.03|0.01|0.3007|
|.|          3|          2|        119|     385.1604000|          0|00:00:00|-0.02|0.02|0.3050|
|.|          1|          2|        119|     385.1419231|          0|00:00:00|-0.02|0.02|0.2931|
|.|         15|          2|        119|     385.1248148|          0|00:00:00|-0.02|0.02|0.2821|
|.|         16|          2|        119|     385.1089286|          0|00:00:00|+0.00|0.04|0.2857|
|.|         49|          2|        119|     385.0941379|          0|00:00:00|+0.00|0.03|0.2759|
|.|         18|          2|        119|     385.0803333|          0|00:00:00|+0.00|0.03|0.2667|
|.|         22|          2|        119|     385.0903226|          0|00:00:00|-0.02|0.02|0.2785|
|.|         39|          2|        119|     385.0996875|          0|00:00:00|-0.03|0.01|0.2883|
|.|         13|          2|        119|     385.0869697|          0|00:00:00|-0.02|0.01|0.2926|
|.|         45|          2|        119|     385.0958824|          0|00:00:00|-0.02|0.01|0.3012|
|.|         42|          2|        119|     385.1042857|          0|00:00:00|-0.03|0.00|0.3084|
|.|         10|          2|        119|     385.1122222|          0|00:00:00|-0.03|0.00|0.2996|
|.|          2|          2|        119|     385.1197297|          0|00:00:00|-0.03|0.00|0.2913|
|.|         14|          2|        119|     385.1081579|          0|00:00:00|-0.02|0.00|0.2959|
|.|         12|          2|        119|     385.1153846|          0|00:00:00|-0.03|0.00|0.3023|
|.|         24|          2|        119|     385.1222500|          0|00:00:00|-0.02|0.00|0.2946|
|.|         43|          2|        119|     385.1114634|          0|00:00:00|-0.02|0.00|0.2988|
|.|         33|          2|        119|     385.1011905|          0|00:00:00|-0.02|0.00|0.2915|
|.|         29|          2|        119|     385.1079070|          0|00:00:00|-0.02|0.00|0.2846|
|.|         25|          2|        119|     385.0981818|          0|00:00:00|-0.01|0.01|0.2883|
|.|         20|          2|        119|     385.1046667|          0|00:00:00|-0.01|0.01|0.2818|
|.|          4|          2|        119|     385.1108696|          0|00:00:00|-0.02|0.00|0.2879|
|.|         19|          2|        119|     385.2212766|          0|00:00:00|-0.02|0.00|0.2932|
|.|         17|          2|        119|     385.2247917|          0|00:00:00|-0.02|0.00|0.2979|
|.|         27|          2|        119|     385.2136735|          0|00:00:00|-0.02|0.00|0.2917|
|.|          9|          2|        119|     385.2030000|          0|00:00:00|-0.02|0.00|0.2957|
|x|         51|          2|        119|     385.2066667|          2|00:00:00|-0.02|0.00|0.2898|
|x|         52|          2|        119|     385.2101923|          4|00:00:00|-0.02|0.00|0.2841|
|x|         53|          2|        119|     385.2135849|          6|00:00:00|-0.02|0.00|0.2885|
|x|         54|          2|        119|     385.2168519|          8|00:00:00|-0.02|0.00|0.2830|
|x|         55|          2|        186|     385.0414545|         10|00:00:00|-0.02|0.00|0.2869|
|x|         56|          2|        119|     385.2980357|         12|00:00:00|-0.02|0.00|0.2909|
|x|         57|          2|        119|     385.2996491|         14|00:00:00|-0.02|0.00|0.2857|
|x|         58|          2|        119|     385.3012069|         16|00:00:00|-0.02|0.00|0.2807|
|x|         59|          2|        119|     385.2906780|         18|00:00:00|-0.02|0.00|0.2843|
|=|         60|          2|        119|     385.2923333|         20|00:00:00|-0.01|0.00|0.2876|
+-+-----------+-----------+-----------+----------------+-----------+--------+-----+----+------+
Best-so-far configuration:         119    mean value:      385.2923333
Description of the best-so-far configuration:
    .ID. his_len max_attempts .PARENT.
119  119   17324           24        4

# 2025-12-29 15:50:34 GMT: Elite configurations (first number is the configuration ID; listed from best to worst according to the sum of ranks):
    his_len max_attempts
119   17324           24
186   16710           83
# Total CPU user time: 1195.74, CPU sys time: 6580.384, Wall-clock time: 2059.308
# Best configurations (first number is the configuration ID; listed from best to worst according to the sum of ranks):
    his_len max_attempts
119   17324           24
186   16710           83
# Best configurations as commandlines (first number is the configuration ID; listed from best to worst according to the sum of ranks):
119 -his_len 17324 -max_attempts 24
186 -his_len 16710 -max_attempts 83


# Testing of elite configurations: 1 
# Testing iteration configurations: FALSE 
# 2025-12-29 15:50:34 GMT: No test instances, skip testing
