Starting irace...
# 2025-12-26 13:34:56 GMT: Reading parameter file '/gpfs/home/e/exx866/IRACE-b-LAHC/all-instances-rough/X-n830-k171-s11/parameters.txt'.
# 2025-12-26 13:34:57 GMT: Read 1 configuration(s) from file '/gpfs/home/e/exx866/IRACE-b-LAHC/all-instances-rough/X-n830-k171-s11/configurations.txt'
# 2025-12-26 13:34:58 GMT: Initialization
# Elitist race
# Elitist new instances: 1
# Elitist limit: 2
# nbIterations: 3
# minNbSurvival: 10
# nbParameters: 2
# seed: 810785476
# confidence level: 0.95
# budget: 3500
# mu: 10
# deterministic: FALSE

# 2025-12-26 13:34:58 GMT: Iteration 1 of 3
# experimentsUsed: 0
# remainingBudget: 3500
# currentBudget: 1166
# nbConfigurations: 58
# Markers:
     x No test is performed.
     c Configurations are discarded only due to capping.
     - The test is performed and some configurations are discarded.
     = The test is performed but no configuration is discarded.
     ! The test is performed and configurations could be discarded but elite configurations are preserved.
     . All alive configurations are elite and nothing is discarded.

+-+-----------+-----------+-----------+----------------+-----------+--------+-----+----+------+
| |   Instance|      Alive|       Best|       Mean best| Exp so far|  W time|  rho|KenW|  Qvar|
+-+-----------+-----------+-----------+----------------+-----------+--------+-----+----+------+
|x|          1|         58|         54|     158793.2500|         58|14:50:15|   NA|  NA|    NA|
|x|          2|         58|         57|     158760.1250|        116|15:52:45|+0.74|0.87|0.0790|
|x|          3|         58|         32|     158904.1700|        174|15:43:40|+0.74|0.82|0.0787|
slurmstepd: error: *** JOB 1643922 ON node111 CANCELLED AT 2025-12-28T13:34:49 DUE TO TIME LIMIT ***
