Starting irace...
# 2025-12-29 16:14:10 GMT: Reading parameter file '/gpfs/home/e/exx866/IRACE-b-LAHC/all-instances-fine/F-n80-k4-s8/parameters.txt'.
# 2025-12-29 16:14:10 GMT: Read 1 configuration(s) from file '/gpfs/home/e/exx866/IRACE-b-LAHC/all-instances-fine/F-n80-k4-s8/configurations.txt'
# 2025-12-29 16:14:10 GMT: Initialization
# Elitist race
# Elitist new instances: 1
# Elitist limit: 2
# nbIterations: 3
# minNbSurvival: 10
# nbParameters: 2
# seed: 2008700826
# confidence level: 0.95
# budget: 6000
# mu: 10
# deterministic: FALSE

# 2025-12-29 16:14:10 GMT: Iteration 1 of 3
# experimentsUsed: 0
# remainingBudget: 6000
# currentBudget: 2000
# nbConfigurations: 100
# Markers:
     x No test is performed.
     c Configurations are discarded only due to capping.
     - The test is performed and some configurations are discarded.
     = The test is performed but no configuration is discarded.
     ! The test is performed and configurations could be discarded but elite configurations are preserved.
     . All alive configurations are elite and nothing is discarded.

+-+-----------+-----------+-----------+----------------+-----------+--------+-----+----+------+
| |   Instance|      Alive|       Best|       Mean best| Exp so far|  W time|  rho|KenW|  Qvar|
+-+-----------+-----------+-----------+----------------+-----------+--------+-----+----+------+
|x|          1|        100|          1|     242.7400000|        100|00:00:37|   NA|  NA|    NA|
|x|          2|        100|          1|     242.7400000|        200|00:00:36|-0.04|0.48|1.0204|
|x|          3|        100|          1|     242.7400000|        300|00:00:38|-0.02|0.32|0.6701|
|x|          4|        100|          1|     242.7400000|        400|00:00:32|-0.02|0.23|0.7558|
|x|          5|        100|          1|     242.7400000|        500|00:00:36|-0.02|0.19|0.6020|
|x|          6|        100|          1|     242.7400000|        600|00:00:36|-0.02|0.15|0.6686|
|x|          7|        100|          1|     242.7400000|        700|00:00:36|-0.02|0.13|0.7173|
|x|          8|        100|          1|     242.7400000|        800|00:00:36|-0.02|0.11|0.7538|
|x|          9|        100|          1|     242.7400000|        900|00:00:36|-0.02|0.10|0.7822|
|=|         10|        100|          1|     242.7400000|       1000|00:00:35|+0.01|0.10|0.7944|
|x|         11|        100|          1|     242.7400000|       1100|00:00:35|+0.02|0.11|0.8080|
|x|         12|        100|          1|     242.7400000|       1200|00:00:34|+0.02|0.10|0.8191|
|x|         13|        100|          1|     242.7400000|       1300|00:00:34|+0.01|0.09|0.8346|
|x|         14|        100|          1|     242.7400000|       1400|00:00:35|+0.01|0.08|0.8442|
|x|         15|        100|          1|     242.7400000|       1500|00:00:36|+0.02|0.09|0.8537|
|x|         16|        100|          1|     242.7400000|       1600|00:00:36|+0.02|0.08|0.8006|
|x|         17|        100|          1|     242.7400000|       1700|00:00:34|+0.02|0.08|0.8138|
|x|         18|        100|          1|     242.7400000|       1800|00:00:35|+0.01|0.07|0.8255|
|x|         19|        100|          1|     242.7400000|       1900|00:00:36|+0.01|0.06|0.8359|
|=|         20|        100|          1|     242.7400000|       2000|00:00:36|+0.01|0.06|0.8450|
+-+-----------+-----------+-----------+----------------+-----------+--------+-----+----+------+
Best-so-far configuration:           1    mean value:      242.7400000
Description of the best-so-far configuration:
  .ID. his_len max_attempts .PARENT.
1    1    1853            8       NA

# 2025-12-29 16:26:09 GMT: Elite configurations (first number is the configuration ID; listed from best to worst according to the sum of ranks):
   his_len max_attempts
1     1853            8
2     2464            1
3     1773            9
5     1428            5
6     1946            7
8     1600            3
10    1514           14
12    1168            2
13    1859           10
15    1687            8
# 2025-12-29 16:26:09 GMT: Iteration 2 of 3
# experimentsUsed: 2000
# remainingBudget: 4000
# currentBudget: 2000
# nbConfigurations: 73
# Markers:
     x No test is performed.
     c Configurations are discarded only due to capping.
     - The test is performed and some configurations are discarded.
     = The test is performed but no configuration is discarded.
     ! The test is performed and configurations could be discarded but elite configurations are preserved.
     . All alive configurations are elite and nothing is discarded.

+-+-----------+-----------+-----------+----------------+-----------+--------+-----+----+------+
| |   Instance|      Alive|       Best|       Mean best| Exp so far|  W time|  rho|KenW|  Qvar|
+-+-----------+-----------+-----------+----------------+-----------+--------+-----+----+------+
|x|         21|         73|          1|     242.7400000|         73|00:00:23|   NA|  NA|    NA|
|x|          1|         73|          1|     242.7400000|        136|00:00:20|-0.01|0.49|1.0000|
|x|         10|         73|          1|     242.7400000|        199|00:00:20|-0.01|0.33|0.6621|
|x|         13|         73|          1|     242.7400000|        262|00:00:20|-0.01|0.24|0.7466|
|x|          5|         73|          1|     242.7400000|        325|00:00:20|-0.01|0.19|0.5959|
|x|          4|         73|          1|     242.7400000|        388|00:00:20|-0.01|0.16|0.4959|
|x|         18|         73|          1|     242.7400000|        451|00:00:20|-0.00|0.14|0.4247|
|x|          3|         73|          1|     242.7400000|        514|00:00:19|+0.07|0.18|0.4604|
|x|          7|         73|          1|     242.7400000|        577|00:00:19|+0.06|0.16|0.4129|
|-|         11|         70|          1|     242.7400000|        640|00:00:20|+1.00|1.00|0.0000|
|x|         17|         70|          1|     242.7400000|        700|00:00:19|+1.00|1.00|0.0000|
|x|         12|         70|          1|     242.7400000|        760|00:00:19|+1.00|1.00|0.0000|
|x|         20|         70|          1|     242.7400000|        820|00:00:18|+1.00|1.00|0.0000|
|x|          9|         70|          1|     242.7400000|        880|00:00:18|+0.00|0.07|0.0704|
|x|         19|         70|          1|     242.7400000|        940|00:00:19|+0.00|0.07|0.0657|
|x|          8|         70|          1|     242.7400000|       1000|00:00:18|+0.00|0.06|0.0616|
|x|         14|         70|          1|     242.7400000|       1060|00:00:18|-0.00|0.06|0.1161|
|x|          6|         70|          1|     242.7400000|       1120|00:00:19|-0.00|0.05|0.1646|
|x|         16|         70|          1|     242.7400000|       1180|00:00:19|-0.00|0.05|0.1560|
|=|          2|         70|          1|     242.7400000|       1240|00:00:19|-0.00|0.05|0.1481|
|x|         15|         70|          1|     242.7400000|       1300|00:00:19|-0.00|0.05|0.1411|
|x|         22|         70|          1|     242.7400000|       1370|00:00:23|-0.00|0.04|0.1797|
|x|         23|         70|          1|     242.7400000|       1440|00:00:22|-0.00|0.04|0.1718|
|x|         24|         70|          1|     242.7400000|       1510|00:00:23|-0.00|0.04|0.2060|
|x|         25|         70|          1|     242.7400000|       1580|00:00:22|-0.00|0.04|0.2375|
|x|         26|         70|          1|     242.7400000|       1650|00:00:23|-0.01|0.03|0.2668|
|x|         27|         70|          1|     242.7400000|       1720|00:00:23|-0.01|0.03|0.2568|
|x|         28|         70|          1|     242.7400000|       1790|00:00:22|-0.01|0.03|0.2832|
|x|         29|         70|          1|     242.7400000|       1860|00:00:23|-0.01|0.03|0.2733|
|=|         30|         70|          1|     242.7400000|       1930|00:00:22|-0.01|0.03|0.2642|
+-+-----------+-----------+-----------+----------------+-----------+--------+-----+----+------+
Best-so-far configuration:           1    mean value:      242.7400000
Description of the best-so-far configuration:
  .ID. his_len max_attempts .PARENT.
1    1    1853            8       NA

# 2025-12-29 16:36:33 GMT: Elite configurations (first number is the configuration ID; listed from best to worst according to the sum of ranks):
   his_len max_attempts
1     1853            8
2     2464            1
3     1773            9
5     1428            5
6     1946            7
8     1600            3
10    1514           14
12    1168            2
13    1859           10
15    1687            8
# 2025-12-29 16:36:33 GMT: Iteration 3 of 3
# experimentsUsed: 3930
# remainingBudget: 2070
# currentBudget: 2070
# nbConfigurations: 59
# Markers:
     x No test is performed.
     c Configurations are discarded only due to capping.
     - The test is performed and some configurations are discarded.
     = The test is performed but no configuration is discarded.
     ! The test is performed and configurations could be discarded but elite configurations are preserved.
     . All alive configurations are elite and nothing is discarded.

+-+-----------+-----------+-----------+----------------+-----------+--------+-----+----+------+
| |   Instance|      Alive|       Best|       Mean best| Exp so far|  W time|  rho|KenW|  Qvar|
+-+-----------+-----------+-----------+----------------+-----------+--------+-----+----+------+
|x|         31|         59|          1|     242.7400000|         59|00:00:18|   NA|  NA|    NA|
|x|         19|         59|          1|     242.7400000|        108|00:00:14|+1.00|1.00|0.0000|
|x|         14|         59|          1|     242.7400000|        157|00:00:14|+0.00|0.33|0.3277|
|x|          1|         59|          1|     242.7400000|        206|00:00:14|-0.01|0.24|0.4960|
|x|          9|         59|          1|     242.7400000|        255|00:00:14|-0.01|0.19|0.3959|
|x|         26|         59|          1|     242.7400000|        304|00:00:14|+0.07|0.22|0.4670|
|x|         11|         59|          1|     242.7400000|        353|00:00:14|+0.06|0.19|0.4038|
|x|          8|         59|          1|     242.7400000|        402|00:00:15|+0.05|0.17|0.3555|
|x|         17|         59|          1|     242.7400000|        451|00:00:15|+0.03|0.14|0.4284|
|=|         21|         59|          1|     242.7400000|        500|00:00:15|+0.03|0.13|0.3864|
|x|         23|         59|          1|     242.7400000|        549|00:00:16|+0.01|0.10|0.4432|
|x|         25|         59|          1|     242.7400000|        598|00:00:15|+0.01|0.10|0.4066|
|x|         30|         59|          1|     242.7400000|        647|00:00:15|+0.02|0.10|0.4476|
|x|         28|         59|          1|     242.7400000|        696|00:00:15|+0.02|0.09|0.4161|
|x|          4|         59|          1|     242.7400000|        745|00:00:15|+0.02|0.08|0.3887|
|x|         27|         59|          1|     242.7400000|        794|00:00:15|+0.01|0.07|0.4273|
|x|         24|         59|          1|     242.7400000|        843|00:00:14|+0.03|0.08|0.4507|
|x|          3|         59|          1|     242.7400000|        892|00:00:15|+0.03|0.08|0.4808|
|x|          2|         59|          1|     242.7400000|        941|00:00:15|+0.03|0.08|0.4560|
|-|         16|         56|          1|     242.7400000|        990|00:00:16|-0.01|0.04|0.3462|
|x|          7|         56|          1|     242.7400000|       1036|00:00:14|-0.01|0.04|0.3770|
|x|         10|         56|          1|     242.7400000|       1082|00:00:15|+0.01|0.05|0.3992|
|x|         18|         56|          1|     242.7400000|       1128|00:00:14|+0.00|0.05|0.4254|
|x|         20|         56|          1|     242.7400000|       1174|00:00:13|+0.00|0.04|0.4078|
|x|         29|         56|          1|     242.7400000|       1220|00:00:14|+0.00|0.04|0.3915|
|x|         15|         56|          1|     242.7400000|       1266|00:00:14|+0.00|0.04|0.3765|
|x|         22|         56|          1|     242.7400000|       1312|00:00:14|+0.00|0.04|0.3996|
|x|          6|         56|          1|     242.7400000|       1358|00:00:14|+0.00|0.04|0.3853|
|x|         13|         56|          1|     242.7400000|       1404|00:00:14|-0.00|0.03|0.4064|
|=|          5|         56|          1|     242.7400000|       1450|00:00:13|+0.00|0.04|0.4239|
|x|         12|         56|          1|     242.7400000|       1496|00:00:14|+0.00|0.03|0.4103|
|x|         32|         56|          1|     242.7400000|       1552|00:00:18|+0.00|0.03|0.3975|
|x|         33|         56|          1|     242.7400000|       1608|00:00:17|+0.00|0.03|0.4158|
|x|         34|         56|          1|     242.7400000|       1664|00:00:17|+0.00|0.03|0.4307|
|x|         35|         56|          1|     242.7400000|       1720|00:00:16|+0.00|0.03|0.4184|
|x|         36|         56|          1|     242.7400000|       1776|00:00:17|+0.00|0.03|0.4346|
|x|         37|         56|          1|     242.7400000|       1832|00:00:17|+0.01|0.03|0.4473|
|x|         38|         56|          1|     242.7400000|       1888|00:00:18|+0.01|0.03|0.4357|
|x|         39|         56|          1|     242.7400000|       1944|00:00:17|+0.01|0.03|0.4246|
|=|         40|         56|          1|     242.7400000|       2000|00:00:17|+0.01|0.03|0.4141|
+-+-----------+-----------+-----------+----------------+-----------+--------+-----+----+------+
Best-so-far configuration:           1    mean value:      242.7400000
Description of the best-so-far configuration:
  .ID. his_len max_attempts .PARENT.
1    1    1853            8       NA

# 2025-12-29 16:46:56 GMT: Elite configurations (first number is the configuration ID; listed from best to worst according to the sum of ranks):
    his_len max_attempts
1      1853            8
2      2464            1
3      1773            9
6      1946            7
8      1600            3
10     1514           14
12     1168            2
13     1859           10
15     1687            8
164    1850            8
# 2025-12-29 16:46:56 GMT: Iteration 4 of 4
# experimentsUsed: 5930
# remainingBudget: 70
# currentBudget: 70
# nbConfigurations: 11
# Markers:
     x No test is performed.
     c Configurations are discarded only due to capping.
     - The test is performed and some configurations are discarded.
     = The test is performed but no configuration is discarded.
     ! The test is performed and configurations could be discarded but elite configurations are preserved.
     . All alive configurations are elite and nothing is discarded.

+-+-----------+-----------+-----------+----------------+-----------+--------+-----+----+------+
| |   Instance|      Alive|       Best|       Mean best| Exp so far|  W time|  rho|KenW|  Qvar|
+-+-----------+-----------+-----------+----------------+-----------+--------+-----+----+------+
|x|         21|         11|          1|     242.7400000|          1|00:00:01|   NA|  NA|    NA|
|x|         15|         11|          1|     242.7400000|          2|00:00:01|+1.00|1.00|0.0000|
|x|          2|         11|          1|     242.7400000|          3|00:00:01|+1.00|1.00|0.0000|
|x|          1|         11|          1|     242.7400000|          4|00:00:01|+1.00|1.00|0.0000|
|x|         19|         11|          1|     242.7400000|          5|00:00:01|+1.00|1.00|0.0000|
|x|          4|         11|          1|     242.7400000|          6|00:00:01|+1.00|1.00|0.0000|
|x|          3|         11|          1|     242.7400000|          7|00:00:01|+1.00|1.00|0.0000|
|x|         16|         11|          1|     242.7400000|          8|00:00:01|+1.00|1.00|0.0000|
|x|         11|         11|          1|     242.7400000|          9|00:00:01|+1.00|1.00|0.0000|
|=|         26|         11|          1|     242.7400000|         10|00:00:01|+1.00|1.00|0.0000|
|x|          7|         11|          1|     242.7400000|         11|00:00:01|+1.00|1.00|0.0000|
|x|         22|         11|          1|     242.7400000|         12|00:00:01|+1.00|1.00|0.0000|
|x|         23|         11|          1|     242.7400000|         13|00:00:01|+1.00|1.00|0.0000|
|x|          6|         11|          1|     242.7400000|         14|00:00:01|+1.00|1.00|0.0000|
|x|         27|         11|          1|     242.7400000|         15|00:00:01|+1.00|1.00|0.0000|
|x|          5|         11|          1|     242.7400000|         16|00:00:01|+1.00|1.00|0.0000|
|x|         32|         11|          1|     242.7400000|         17|00:00:01|+1.00|1.00|0.0000|
|x|         30|         11|          1|     242.7400000|         18|00:00:01|+1.00|1.00|0.0000|
|x|         20|         11|          1|     242.7400000|         19|00:00:01|+1.00|1.00|0.0000|
|=|         39|         11|          1|     242.7400000|         20|00:00:01|+1.00|1.00|0.0000|
|x|         14|         11|          1|     242.7400000|         21|00:00:01|+1.00|1.00|0.0000|
|x|         29|         11|          1|     242.7400000|         22|00:00:01|+1.00|1.00|0.0000|
|x|         17|         11|          1|     242.7400000|         23|00:00:01|+1.00|1.00|0.0000|
|x|         40|         11|          1|     242.7400000|         24|00:00:01|+1.00|1.00|0.0000|
|x|         18|         11|          1|     242.7400000|         25|00:00:01|+1.00|1.00|0.0000|
|x|         24|         11|          1|     242.7400000|         26|00:00:01|+1.00|1.00|0.0000|
|x|         35|         11|          1|     242.7400000|         27|00:00:01|+1.00|1.00|0.0000|
|x|          9|         11|          1|     242.7400000|         28|00:00:01|+1.00|1.00|0.0000|
|x|         38|         11|          1|     242.7400000|         29|00:00:01|+1.00|1.00|0.0000|
|=|         13|         11|          1|     242.7400000|         30|00:00:01|+1.00|1.00|0.0000|
|x|         10|         11|          1|     242.7400000|         31|00:00:01|+1.00|1.00|0.0000|
|x|         33|         11|          1|     242.7400000|         32|00:00:01|+1.00|1.00|0.0000|
|x|         31|         11|          1|     242.7400000|         33|00:00:01|+1.00|1.00|0.0000|
|x|         36|         11|          1|     242.7400000|         34|00:00:01|+1.00|1.00|0.0000|
|x|          8|         11|          1|     242.7400000|         35|00:00:01|+1.00|1.00|0.0000|
|x|         12|         11|          1|     242.7400000|         36|00:00:01|+1.00|1.00|0.0000|
|x|         25|         11|          1|     242.7400000|         37|00:00:01|+1.00|1.00|0.0000|
|x|         34|         11|          1|     242.7400000|         38|00:00:01|+1.00|1.00|0.0000|
|x|         28|         11|          1|     242.7400000|         39|00:00:01|+1.00|1.00|0.0000|
|=|         37|         11|          1|     242.7400000|         40|00:00:01|+1.00|1.00|0.0000|
+-+-----------+-----------+-----------+----------------+-----------+--------+-----+----+------+
Best-so-far configuration:           1    mean value:      242.7400000
Description of the best-so-far configuration:
  .ID. his_len max_attempts .PARENT.
1    1    1853            8       NA

# 2025-12-29 16:47:41 GMT: Elite configurations (first number is the configuration ID; listed from best to worst according to the sum of ranks):
    his_len max_attempts
1      1853            8
2      2464            1
3      1773            9
6      1946            7
8      1600            3
10     1514           14
12     1168            2
13     1859           10
15     1687            8
164    1850            8
# 2025-12-29 16:47:41 GMT: Stopped because there is not enough budget left to race more than the minimum (10).
# You may either increase the budget or set 'minNbSurvival' to a lower value.
# Iteration: 5
# nbIterations: 5
# experimentsUsed: 5970
# timeUsed: 0
# remainingBudget: 30
# currentBudget: 30
# number of elites: 10
# nbConfigurations: 10
# Total CPU user time: 5707.274, CPU sys time: 6107.96, Wall-clock time: 2011.581
# 2025-12-29 16:47:41 GMT: Starting post-selection:
# Configurations selected: 1, 2, 3.
# Pending instances: 0, 0, 0.
# 2025-12-29 16:47:41 GMT: seed: 2008700826
# Configurations: 3
# Available experiments: 30
# minSurvival: 1
# Markers:
     x No test is performed.
     c Configurations are discarded only due to capping.
     - The test is performed and some configurations are discarded.
     = The test is performed but no configuration is discarded.
     ! The test is performed and configurations could be discarded but elite configurations are preserved.
     . All alive configurations are elite and nothing is discarded.

+-+-----------+-----------+-----------+----------------+-----------+--------+-----+----+------+
| |   Instance|      Alive|       Best|       Mean best| Exp so far|  W time|  rho|KenW|  Qvar|
+-+-----------+-----------+-----------+----------------+-----------+--------+-----+----+------+
|.|         35|          3|          1|     242.7400000|          0|00:00:00|   NA|  NA|    NA|
|.|         15|          3|          1|     242.7400000|          0|00:00:00|+1.00|1.00|0.0000|
|.|         14|          3|          1|     242.7400000|          0|00:00:00|+1.00|1.00|0.0000|
|.|         37|          3|          1|     242.7400000|          0|00:00:00|+1.00|1.00|0.0000|
|.|         33|          3|          1|     242.7400000|          0|00:00:00|+1.00|1.00|0.0000|
|.|         18|          3|          1|     242.7400000|          0|00:00:00|+1.00|1.00|0.0000|
|.|         29|          3|          1|     242.7400000|          0|00:00:00|+1.00|1.00|0.0000|
|.|          1|          3|          1|     242.7400000|          0|00:00:00|+1.00|1.00|0.0000|
|.|          8|          3|          1|     242.7400000|          0|00:00:00|+1.00|1.00|0.0000|
|.|         36|          3|          1|     242.7400000|          0|00:00:00|+1.00|1.00|0.0000|
|.|         16|          3|          1|     242.7400000|          0|00:00:00|+1.00|1.00|0.0000|
|.|         26|          3|          1|     242.7400000|          0|00:00:00|+1.00|1.00|0.0000|
|.|          2|          3|          1|     242.7400000|          0|00:00:00|+1.00|1.00|0.0000|
|.|          4|          3|          1|     242.7400000|          0|00:00:00|+1.00|1.00|0.0000|
|.|         31|          3|          1|     242.7400000|          0|00:00:00|+1.00|1.00|0.0000|
|.|         40|          3|          1|     242.7400000|          0|00:00:00|+1.00|1.00|0.0000|
|.|          3|          3|          1|     242.7400000|          0|00:00:00|+1.00|1.00|0.0000|
|.|         30|          3|          1|     242.7400000|          0|00:00:00|+1.00|1.00|0.0000|
|.|         23|          3|          1|     242.7400000|          0|00:00:00|+1.00|1.00|0.0000|
|.|          6|          3|          1|     242.7400000|          0|00:00:00|+1.00|1.00|0.0000|
|.|         38|          3|          1|     242.7400000|          0|00:00:00|+1.00|1.00|0.0000|
|.|         22|          3|          1|     242.7400000|          0|00:00:00|+1.00|1.00|0.0000|
|.|         20|          3|          1|     242.7400000|          0|00:00:00|+1.00|1.00|0.0000|
|.|         25|          3|          1|     242.7400000|          0|00:00:00|+1.00|1.00|0.0000|
|.|         28|          3|          1|     242.7400000|          0|00:00:00|+1.00|1.00|0.0000|
|.|          5|          3|          1|     242.7400000|          0|00:00:00|+1.00|1.00|0.0000|
|.|          7|          3|          1|     242.7400000|          0|00:00:00|+1.00|1.00|0.0000|
|.|         11|          3|          1|     242.7400000|          0|00:00:00|+1.00|1.00|0.0000|
|.|         21|          3|          1|     242.7400000|          0|00:00:00|+1.00|1.00|0.0000|
|.|         24|          3|          1|     242.7400000|          0|00:00:00|+1.00|1.00|0.0000|
|.|         32|          3|          1|     242.7400000|          0|00:00:00|+1.00|1.00|0.0000|
|.|         17|          3|          1|     242.7400000|          0|00:00:00|+1.00|1.00|0.0000|
|.|         34|          3|          1|     242.7400000|          0|00:00:00|+1.00|1.00|0.0000|
|.|         39|          3|          1|     242.7400000|          0|00:00:00|+1.00|1.00|0.0000|
|.|          9|          3|          1|     242.7400000|          0|00:00:00|+1.00|1.00|0.0000|
|.|         19|          3|          1|     242.7400000|          0|00:00:00|+1.00|1.00|0.0000|
|.|         13|          3|          1|     242.7400000|          0|00:00:00|+1.00|1.00|0.0000|
|.|         27|          3|          1|     242.7400000|          0|00:00:00|+1.00|1.00|0.0000|
|.|         10|          3|          1|     242.7400000|          0|00:00:00|+1.00|1.00|0.0000|
|.|         12|          3|          1|     242.7400000|          0|00:00:00|+1.00|1.00|0.0000|
|x|         41|          3|          1|     242.7400000|          3|00:00:01|+1.00|1.00|0.0000|
|x|         42|          3|          1|     242.7400000|          6|00:00:01|+1.00|1.00|0.0000|
|x|         43|          3|          1|     242.7400000|          9|00:00:01|+1.00|1.00|0.0000|
|x|         44|          3|          1|     242.7400000|         12|00:00:01|+1.00|1.00|0.0000|
|x|         45|          3|          1|     242.7400000|         15|00:00:01|+1.00|1.00|0.0000|
|x|         46|          3|          1|     242.7400000|         18|00:00:01|+1.00|1.00|0.0000|
|x|         47|          3|          1|     242.7400000|         21|00:00:01|+1.00|1.00|0.0000|
|x|         48|          3|          1|     242.7400000|         24|00:00:01|+1.00|1.00|0.0000|
|x|         49|          3|          1|     242.7400000|         27|00:00:01|+1.00|1.00|0.0000|
|=|         50|          3|          1|     242.7400000|         30|00:00:01|+1.00|1.00|0.0000|
+-+-----------+-----------+-----------+----------------+-----------+--------+-----+----+------+
Best-so-far configuration:           1    mean value:      242.7400000
Description of the best-so-far configuration:
  .ID. his_len max_attempts .PARENT.
1    1    1853            8       NA

# 2025-12-29 16:47:56 GMT: Elite configurations (first number is the configuration ID; listed from best to worst according to the sum of ranks):
  his_len max_attempts
1    1853            8
2    2464            1
3    1773            9
# Total CPU user time: 5735.298, CPU sys time: 6124.262, Wall-clock time: 2025.995
# Best configurations (first number is the configuration ID; listed from best to worst according to the sum of ranks):
  his_len max_attempts
1    1853            8
2    2464            1
3    1773            9
# Best configurations as commandlines (first number is the configuration ID; listed from best to worst according to the sum of ranks):
1 -his_len 1853 -max_attempts 8
2 -his_len 2464 -max_attempts 1
3 -his_len 1773 -max_attempts 9


# Testing of elite configurations: 1 
# Testing iteration configurations: FALSE 
# 2025-12-29 16:47:56 GMT: No test instances, skip testing
