Starting irace...
# 2026-01-09 14:21:25 GMT: Reading parameter file '/gpfs/home/e/exx866/IRACE-b-LAHC/all-instances-fine/E-n30-k3-p1/parameters.txt'.
# 2026-01-09 14:21:25 GMT: Read 1 configuration(s) from file '/gpfs/home/e/exx866/IRACE-b-LAHC/all-instances-fine/E-n30-k3-p1/configurations.txt'
# 2026-01-09 14:21:26 GMT: Initialization
# Elitist race
# Elitist new instances: 1
# Elitist limit: 2
# nbIterations: 3
# minNbSurvival: 10
# nbParameters: 2
# seed: 516554202
# confidence level: 0.95
# budget: 8000
# mu: 10
# deterministic: FALSE

# 2026-01-09 14:21:26 GMT: Iteration 1 of 3
# experimentsUsed: 0
# remainingBudget: 8000
# currentBudget: 2666
# nbConfigurations: 133
# Markers:
     x No test is performed.
     c Configurations are discarded only due to capping.
     - The test is performed and some configurations are discarded.
     = The test is performed but no configuration is discarded.
     ! The test is performed and configurations could be discarded but elite configurations are preserved.
     . All alive configurations are elite and nothing is discarded.

+-+-----------+-----------+-----------+----------------+-----------+--------+-----+----+------+
| |   Instance|      Alive|       Best|       Mean best| Exp so far|  W time|  rho|KenW|  Qvar|
+-+-----------+-----------+-----------+----------------+-----------+--------+-----+----+------+
|x|          1|        133|          1|     509.4700000|        133|00:00:42|   NA|  NA|    NA|
|x|          2|        133|          1|     509.4700000|        266|00:00:40|+1.00|1.00|0.0000|
|x|          3|        133|          2|     509.4700000|        399|00:00:40|+0.00|0.33|0.3308|
|x|          4|        133|          2|     509.4700000|        532|00:00:41|+0.00|0.25|0.2481|
|x|          5|        133|          2|     509.4700000|        665|00:00:41|+0.14|0.31|0.3978|
|x|          6|        133|          2|     509.4700000|        798|00:00:41|+0.11|0.26|0.3313|
|x|          7|        133|          2|     509.4700000|        931|00:00:41|+0.09|0.22|0.2839|
|x|          8|        133|          2|     509.4700000|       1064|00:00:41|+0.06|0.18|0.3734|
|x|          9|        133|          3|     509.4700000|       1197|00:00:41|+0.05|0.15|0.4211|
|-|         10|        122|          3|     509.4700000|       1330|00:00:41|+1.00|1.00|0.0000|
|x|         11|        122|          3|     509.4700000|       1452|00:00:37|+1.00|1.00|0.0000|
|x|         12|        122|          3|     509.4700000|       1574|00:00:37|+1.00|1.00|0.0000|
|x|         13|        122|          3|     509.4700000|       1696|00:00:38|+1.00|1.00|0.0000|
|x|         14|        122|          3|     509.4700000|       1818|00:00:37|+1.00|1.00|0.0000|
|x|         15|        122|          3|     509.4700000|       1940|00:00:37|+1.00|1.00|0.0000|
|x|         16|        122|          3|     509.4700000|       2062|00:00:37|+1.00|1.00|0.0000|
|x|         17|        122|          3|     509.4700000|       2184|00:00:37|+1.00|1.00|0.0000|
|x|         18|        122|          3|     509.4700000|       2306|00:00:37|+1.00|1.00|0.0000|
|x|         19|        122|          3|     509.4700000|       2428|00:00:37|+0.00|0.05|0.0522|
|=|         20|        122|          3|     509.4700000|       2550|00:00:37|+0.00|0.05|0.0496|
+-+-----------+-----------+-----------+----------------+-----------+--------+-----+----+------+
Best-so-far configuration:           3    mean value:      509.4700000
Description of the best-so-far configuration:
  .ID. his_len max_attempts .PARENT.
3    3     686           70       NA

# 2026-01-09 14:34:38 GMT: Elite configurations (first number is the configuration ID; listed from best to worst according to the sum of ranks):
   his_len max_attempts
3      686           70
4     1237          294
5     2337          145
6     2062          257
7      961          107
8     1512           33
9      411          182
10    1924           89
11     824          238
12    1374           14
# 2026-01-09 14:34:38 GMT: Iteration 2 of 3
# experimentsUsed: 2550
# remainingBudget: 5450
# currentBudget: 2725
# nbConfigurations: 97
# Markers:
     x No test is performed.
     c Configurations are discarded only due to capping.
     - The test is performed and some configurations are discarded.
     = The test is performed but no configuration is discarded.
     ! The test is performed and configurations could be discarded but elite configurations are preserved.
     . All alive configurations are elite and nothing is discarded.

+-+-----------+-----------+-----------+----------------+-----------+--------+-----+----+------+
| |   Instance|      Alive|       Best|       Mean best| Exp so far|  W time|  rho|KenW|  Qvar|
+-+-----------+-----------+-----------+----------------+-----------+--------+-----+----+------+
|x|         21|         97|          3|     509.4700000|         97|00:00:29|   NA|  NA|    NA|
|x|          6|         97|          3|     509.4700000|        184|00:00:26|+1.00|1.00|0.0000|
|x|         15|         97|          3|     509.4700000|        271|00:00:26|+1.00|1.00|0.0000|
|x|          5|         97|          3|     509.4700000|        358|00:00:26|+0.00|0.25|0.2474|
|x|         12|         97|          3|     509.4700000|        445|00:00:26|+0.00|0.20|0.1979|
|x|          9|         97|          3|     509.4700000|        532|00:00:26|-0.00|0.16|0.3309|
|x|          4|         97|          3|     509.4700000|        619|00:00:26|-0.00|0.14|0.2835|
|x|          3|         97|          3|     509.4700000|        706|00:00:26|-0.00|0.12|0.3725|
|x|         11|         97|          3|     509.4700000|        793|00:00:26|-0.00|0.11|0.3310|
|=|         13|         97|          3|     509.4700000|        880|00:00:26|-0.00|0.10|0.2978|
|x|         17|         97|          3|     509.4700000|        967|00:00:26|-0.00|0.09|0.2706|
|x|          8|         97|          3|     509.4700000|       1054|00:00:26|-0.00|0.08|0.2480|
|x|         14|         97|          3|     509.4700000|       1141|00:00:26|-0.00|0.07|0.2289|
|x|         18|         97|          3|     509.4700000|       1228|00:00:26|-0.00|0.07|0.2125|
|x|          7|         97|          3|     509.4700000|       1315|00:00:26|-0.00|0.06|0.2646|
|x|         20|         97|          3|     509.4700000|       1402|00:00:26|-0.00|0.06|0.2480|
|x|         16|         97|          3|     509.4700000|       1489|00:00:26|-0.00|0.06|0.2334|
|x|         19|         97|          3|     509.4700000|       1576|00:00:26|-0.00|0.05|0.2758|
|x|          1|         97|          3|     509.4700000|       1663|00:00:26|-0.00|0.05|0.2612|
|=|          2|         97|          3|     509.4700000|       1750|00:00:26|-0.00|0.05|0.2481|
|x|         10|         97|          3|     509.4700000|       1837|00:00:26|-0.00|0.04|0.2363|
|x|         22|         97|          3|     509.4700000|       1934|00:00:29|-0.00|0.04|0.2255|
|x|         23|         97|          3|     509.4700000|       2031|00:00:29|-0.00|0.04|0.2157|
|x|         24|         97|          3|     509.4700000|       2128|00:00:29|-0.00|0.04|0.2067|
|x|         25|         97|          3|     509.4700000|       2225|00:00:29|-0.00|0.04|0.2380|
|x|         26|         97|          3|     509.4700000|       2322|00:00:29|+0.01|0.04|0.2655|
|x|         27|         97|          3|     509.4700000|       2419|00:00:29|+0.01|0.04|0.2557|
|x|         28|         97|          3|     509.4700000|       2516|00:00:29|+0.01|0.04|0.2466|
|x|         29|         97|          3|     509.4700000|       2613|00:00:29|+0.01|0.04|0.2381|
|=|         30|         97|          3|     509.4700000|       2710|00:00:29|+0.00|0.04|0.2638|
+-+-----------+-----------+-----------+----------------+-----------+--------+-----+----+------+
Best-so-far configuration:           3    mean value:      509.4700000
Description of the best-so-far configuration:
  .ID. his_len max_attempts .PARENT.
3    3     686           70       NA

# 2026-01-09 14:48:19 GMT: Elite configurations (first number is the configuration ID; listed from best to worst according to the sum of ranks):
    his_len max_attempts
3       686           70
4      1237          294
6      2062          257
7       961          107
8      1512           33
9       411          182
10     1924           89
12     1374           14
135    1325          288
136     726           74
# 2026-01-09 14:48:19 GMT: Iteration 3 of 3
# experimentsUsed: 5260
# remainingBudget: 2740
# currentBudget: 2740
# nbConfigurations: 76
# Markers:
     x No test is performed.
     c Configurations are discarded only due to capping.
     - The test is performed and some configurations are discarded.
     = The test is performed but no configuration is discarded.
     ! The test is performed and configurations could be discarded but elite configurations are preserved.
     . All alive configurations are elite and nothing is discarded.

+-+-----------+-----------+-----------+----------------+-----------+--------+-----+----+------+
| |   Instance|      Alive|       Best|       Mean best| Exp so far|  W time|  rho|KenW|  Qvar|
+-+-----------+-----------+-----------+----------------+-----------+--------+-----+----+------+
|x|         31|         76|          3|     509.4700000|         76|00:00:23|   NA|  NA|    NA|
|x|         28|         76|          3|     509.4700000|        142|00:00:20|+1.00|1.00|0.0000|
|x|          8|         76|          3|     509.4700000|        208|00:00:20|+0.00|0.33|0.3289|
|x|         10|         76|          3|     509.4700000|        274|00:00:20|+0.00|0.25|0.2467|
|x|         24|         76|          3|     509.4700000|        340|00:00:20|+0.00|0.20|0.1974|
|x|         23|         76|          3|     509.4700000|        406|00:00:20|+0.00|0.17|0.1645|
|x|         20|         76|          3|     509.4700000|        472|00:00:20|+0.00|0.14|0.1410|
|x|          4|         76|          3|     509.4700000|        538|00:00:20|+0.00|0.12|0.1234|
|x|         12|         76|          3|     509.4700000|        604|00:00:20|+0.00|0.11|0.1096|
|=|         25|         76|          3|     509.4700000|        670|00:00:20|-0.00|0.10|0.1981|
|x|         30|         76|          3|     509.4700000|        736|00:00:20|-0.01|0.09|0.2708|
|x|          7|         76|          3|     509.4700000|        802|00:00:20|+0.02|0.11|0.3200|
|x|         22|         76|          3|     509.4700000|        868|00:00:20|+0.02|0.10|0.2960|
|x|         29|         76|          3|     509.4700000|        934|00:00:20|+0.02|0.09|0.2754|
|x|         17|         76|          3|     509.4700000|       1000|00:00:20|+0.02|0.08|0.2575|
|x|          9|         76|          3|     509.4700000|       1066|00:00:20|+0.02|0.08|0.2418|
|x|         13|         76|          3|     509.4700000|       1132|00:00:20|+0.02|0.07|0.2278|
|x|         19|         76|          3|     509.4700000|       1198|00:00:20|+0.02|0.07|0.2154|
|x|         16|         76|          3|     509.4700000|       1264|00:00:20|+0.01|0.07|0.2043|
|=|         27|         76|          3|     509.4700000|       1330|00:00:20|+0.01|0.06|0.1942|
|x|         15|         76|          3|     509.4700000|       1396|00:00:20|+0.01|0.06|0.1851|
|x|          5|         76|          3|     509.4700000|       1462|00:00:20|+0.01|0.06|0.2221|
|x|          3|         76|          3|     509.4700000|       1528|00:00:20|+0.01|0.05|0.2125|
|x|         26|         76|          3|     509.4700000|       1594|00:00:20|+0.02|0.06|0.2430|
|x|          1|         76|          3|     509.4700000|       1660|00:00:20|+0.02|0.06|0.2334|
|x|          2|         76|          3|     509.4700000|       1726|00:00:20|+0.02|0.05|0.2246|
|x|         21|         76|          3|     509.4700000|       1792|00:00:20|+0.02|0.05|0.2164|
|x|          6|         76|          3|     509.4700000|       1858|00:00:20|+0.02|0.05|0.2088|
|x|         11|         76|          3|     509.4700000|       1924|00:00:20|+0.01|0.05|0.2017|
|-|         14|         71|          3|     509.4700000|       1990|00:00:20|-0.00|0.03|0.1649|
|x|         18|         71|          3|     509.4700000|       2051|00:00:18|-0.00|0.03|0.1596|
|x|         32|         71|          3|     509.4700000|       2122|00:00:21|-0.00|0.03|0.1546|
|x|         33|         71|          3|     509.4700000|       2193|00:00:21|-0.00|0.03|0.1499|
|x|         34|         71|          3|     509.4700000|       2264|00:00:21|-0.00|0.03|0.1455|
|x|         35|         71|          3|     509.4700000|       2335|00:00:21|-0.00|0.03|0.1413|
|x|         36|         71|          3|     509.4700000|       2406|00:00:21|-0.00|0.02|0.1374|
|x|         37|         71|          3|     509.4700000|       2477|00:00:21|+0.00|0.03|0.1603|
|x|         38|         71|          3|     509.4700000|       2548|00:00:21|+0.00|0.03|0.1561|
|x|         39|         71|          3|     509.4700000|       2619|00:00:21|+0.00|0.03|0.1521|
|=|         40|         71|          3|     509.4700000|       2690|00:00:21|+0.00|0.03|0.1483|
+-+-----------+-----------+-----------+----------------+-----------+--------+-----+----+------+
Best-so-far configuration:           3    mean value:      509.4700000
Description of the best-so-far configuration:
  .ID. his_len max_attempts .PARENT.
3    3     686           70       NA

# 2026-01-09 15:02:16 GMT: Elite configurations (first number is the configuration ID; listed from best to worst according to the sum of ranks):
    his_len max_attempts
3       686           70
4      1237          294
6      2062          257
7       961          107
8      1512           33
9       411          182
10     1924           89
12     1374           14
135    1325          288
136     726           74
# 2026-01-09 15:02:16 GMT: Iteration 4 of 4
# experimentsUsed: 7950
# remainingBudget: 50
# currentBudget: 50
# nbConfigurations: 11
# Markers:
     x No test is performed.
     c Configurations are discarded only due to capping.
     - The test is performed and some configurations are discarded.
     = The test is performed but no configuration is discarded.
     ! The test is performed and configurations could be discarded but elite configurations are preserved.
     . All alive configurations are elite and nothing is discarded.

+-+-----------+-----------+-----------+----------------+-----------+--------+-----+----+------+
| |   Instance|      Alive|       Best|       Mean best| Exp so far|  W time|  rho|KenW|  Qvar|
+-+-----------+-----------+-----------+----------------+-----------+--------+-----+----+------+
|x|         25|         11|          3|     509.4700000|          1|00:00:00|   NA|  NA|    NA|
|x|          7|         11|          3|     509.4700000|          2|00:00:00|+0.00|0.50|0.4545|
|x|         26|         11|          3|     509.4700000|          3|00:00:00|+0.50|0.67|0.3030|
|x|         36|         11|          3|     509.4700000|          4|00:00:00|+0.33|0.50|0.3030|
|x|          1|         11|          3|     509.4700000|          5|00:00:00|+0.25|0.40|0.2727|
|x|         33|         11|          3|     509.4700000|          6|00:00:00|+0.20|0.33|0.2424|
|x|          9|         11|          3|     509.4700000|          7|00:00:00|+0.17|0.29|0.2165|
|x|         16|         11|          3|     509.4700000|          8|00:00:00|+0.14|0.25|0.1948|
|x|          8|         11|          3|     509.4700000|          9|00:00:00|+0.12|0.22|0.1768|
|-|         17|         10|          3|     509.4700000|         10|00:00:00|+1.00|1.00|0.0000|
|.|         13|         10|          3|     509.4700000|         10|00:00:00|+1.00|1.00|0.0000|
|.|         28|         10|          3|     509.4700000|         10|00:00:00|+1.00|1.00|0.0000|
|.|         23|         10|          3|     509.4700000|         10|00:00:00|+1.00|1.00|0.0000|
|.|         22|         10|          3|     509.4700000|         10|00:00:00|+1.00|1.00|0.0000|
|.|         15|         10|          3|     509.4700000|         10|00:00:00|+1.00|1.00|0.0000|
|.|         37|         10|          3|     509.4700000|         10|00:00:00|+1.00|1.00|0.0000|
|.|          2|         10|          3|     509.4700000|         10|00:00:00|+1.00|1.00|0.0000|
|.|         10|         10|          3|     509.4700000|         10|00:00:00|+1.00|1.00|0.0000|
|.|         35|         10|          3|     509.4700000|         10|00:00:00|+1.00|1.00|0.0000|
|.|         39|         10|          3|     509.4700000|         10|00:00:00|+1.00|1.00|0.0000|
|.|         21|         10|          3|     509.4700000|         10|00:00:00|+1.00|1.00|0.0000|
|.|         31|         10|          3|     509.4700000|         10|00:00:00|+1.00|1.00|0.0000|
|.|         27|         10|          3|     509.4700000|         10|00:00:00|+1.00|1.00|0.0000|
|.|         12|         10|          3|     509.4700000|         10|00:00:00|+1.00|1.00|0.0000|
|.|         34|         10|          3|     509.4700000|         10|00:00:00|+1.00|1.00|0.0000|
|.|         29|         10|          3|     509.4700000|         10|00:00:00|+1.00|1.00|0.0000|
|.|         19|         10|          3|     509.4700000|         10|00:00:00|+1.00|1.00|0.0000|
|.|         30|         10|          3|     509.4700000|         10|00:00:00|+1.00|1.00|0.0000|
|.|         18|         10|          3|     509.4700000|         10|00:00:00|+1.00|1.00|0.0000|
|.|          4|         10|          3|     509.4700000|         10|00:00:00|+1.00|1.00|0.0000|
|.|          6|         10|          3|     509.4700000|         10|00:00:00|+1.00|1.00|0.0000|
|.|         38|         10|          3|     509.4700000|         10|00:00:00|+1.00|1.00|0.0000|
|.|         24|         10|          3|     509.4700000|         10|00:00:00|+1.00|1.00|0.0000|
|.|         32|         10|          3|     509.4700000|         10|00:00:00|+1.00|1.00|0.0000|
|.|          5|         10|          3|     509.4700000|         10|00:00:00|+1.00|1.00|0.0000|
|.|         20|         10|          3|     509.4700000|         10|00:00:00|+1.00|1.00|0.0000|
|.|         11|         10|          3|     509.4700000|         10|00:00:00|+1.00|1.00|0.0000|
|.|         40|         10|          3|     509.4700000|         10|00:00:00|+1.00|1.00|0.0000|
|.|          3|         10|          3|     509.4700000|         10|00:00:00|+1.00|1.00|0.0000|
|.|         14|         10|          3|     509.4700000|         10|00:00:00|+1.00|1.00|0.0000|
+-+-----------+-----------+-----------+----------------+-----------+--------+-----+----+------+
Best-so-far configuration:           3    mean value:      509.4700000
Description of the best-so-far configuration:
  .ID. his_len max_attempts .PARENT.
3    3     686           70       NA

# 2026-01-09 15:02:21 GMT: Elite configurations (first number is the configuration ID; listed from best to worst according to the sum of ranks):
    his_len max_attempts
3       686           70
4      1237          294
6      2062          257
7       961          107
8      1512           33
9       411          182
10     1924           89
12     1374           14
135    1325          288
136     726           74
# 2026-01-09 15:02:21 GMT: Iteration 5 of 5
# experimentsUsed: 7960
# remainingBudget: 40
# currentBudget: 40
# nbConfigurations: 11
# Markers:
     x No test is performed.
     c Configurations are discarded only due to capping.
     - The test is performed and some configurations are discarded.
     = The test is performed but no configuration is discarded.
     ! The test is performed and configurations could be discarded but elite configurations are preserved.
     . All alive configurations are elite and nothing is discarded.

+-+-----------+-----------+-----------+----------------+-----------+--------+-----+----+------+
| |   Instance|      Alive|       Best|       Mean best| Exp so far|  W time|  rho|KenW|  Qvar|
+-+-----------+-----------+-----------+----------------+-----------+--------+-----+----+------+
|x|          6|         11|          3|     509.4700000|          1|00:00:00|   NA|  NA|    NA|
|x|         21|         11|          3|     509.4700000|          2|00:00:00|+1.00|1.00|0.0000|
|x|         11|         11|          3|     509.4700000|          3|00:00:00|+1.00|1.00|0.0000|
|x|          3|         11|          3|     509.4700000|          4|00:00:00|+1.00|1.00|0.0000|
|x|         20|         11|          3|     509.4700000|          5|00:00:00|+1.00|1.00|0.0000|
|x|          5|         11|          3|     509.4700000|          6|00:00:00|+1.00|1.00|0.0000|
|x|         36|         11|          3|     509.4700000|          7|00:00:00|+1.00|1.00|0.0000|
|x|         32|         11|          3|     509.4700000|          8|00:00:00|+1.00|1.00|0.0000|
|x|         23|         11|          3|     509.4700000|          9|00:00:00|+1.00|1.00|0.0000|
|=|          4|         11|          3|     509.4700000|         10|00:00:00|+1.00|1.00|0.0000|
|x|         16|         11|          3|     509.4700000|         11|00:00:00|+1.00|1.00|0.0000|
|x|         26|         11|          3|     509.4700000|         12|00:00:00|+0.00|0.08|0.0758|
|x|         24|         11|          3|     509.4700000|         13|00:00:00|+0.00|0.08|0.0699|
|x|         17|         11|          3|     509.4700000|         14|00:00:00|+0.00|0.07|0.0649|
|x|         31|         11|          3|     509.4700000|         15|00:00:00|+0.00|0.07|0.0606|
|x|          8|         11|          3|     509.4700000|         16|00:00:00|+0.00|0.06|0.0568|
|x|         12|         11|          3|     509.4700000|         17|00:00:00|+0.00|0.06|0.0535|
|x|          1|         11|          3|     509.4700000|         18|00:00:00|+0.00|0.06|0.0505|
|x|         19|         11|          3|     509.4700000|         19|00:00:00|+0.00|0.05|0.0478|
|=|         10|         11|          3|     509.4700000|         20|00:00:00|+0.00|0.05|0.0455|
|x|         30|         11|          3|     509.4700000|         21|00:00:00|+0.00|0.05|0.0433|
|x|         34|         11|          3|     509.4700000|         22|00:00:00|+0.00|0.05|0.0413|
|x|         39|         11|          3|     509.4700000|         23|00:00:00|+0.00|0.04|0.0395|
|x|         29|         11|          3|     509.4700000|         24|00:00:00|+0.00|0.04|0.0379|
|x|         14|         11|          3|     509.4700000|         25|00:00:00|+0.00|0.04|0.0364|
|x|         15|         11|          3|     509.4700000|         26|00:00:00|+0.00|0.04|0.0350|
|x|         25|         11|          3|     509.4700000|         27|00:00:00|+0.00|0.04|0.0337|
|x|          9|         11|          3|     509.4700000|         28|00:00:00|+0.04|0.07|0.0625|
|x|         27|         11|          3|     509.4700000|         29|00:00:00|+0.04|0.07|0.0605|
|-|         22|         10|          3|     509.4700000|         30|00:00:00|+1.00|1.00|0.0000|
|.|         35|         10|          3|     509.4700000|         30|00:00:00|+1.00|1.00|0.0000|
|.|         40|         10|          3|     509.4700000|         30|00:00:00|+1.00|1.00|0.0000|
|.|         28|         10|          3|     509.4700000|         30|00:00:00|+1.00|1.00|0.0000|
|.|          7|         10|          3|     509.4700000|         30|00:00:00|+1.00|1.00|0.0000|
|.|         37|         10|          3|     509.4700000|         30|00:00:00|+1.00|1.00|0.0000|
|.|         18|         10|          3|     509.4700000|         30|00:00:00|+1.00|1.00|0.0000|
|.|          2|         10|          3|     509.4700000|         30|00:00:00|+1.00|1.00|0.0000|
|.|         13|         10|          3|     509.4700000|         30|00:00:00|+1.00|1.00|0.0000|
|.|         33|         10|          3|     509.4700000|         30|00:00:00|+1.00|1.00|0.0000|
|.|         38|         10|          3|     509.4700000|         30|00:00:00|+1.00|1.00|0.0000|
+-+-----------+-----------+-----------+----------------+-----------+--------+-----+----+------+
Best-so-far configuration:           3    mean value:      509.4700000
Description of the best-so-far configuration:
  .ID. his_len max_attempts .PARENT.
3    3     686           70       NA

# 2026-01-09 15:02:33 GMT: Elite configurations (first number is the configuration ID; listed from best to worst according to the sum of ranks):
    his_len max_attempts
3       686           70
4      1237          294
6      2062          257
7       961          107
8      1512           33
9       411          182
10     1924           89
12     1374           14
135    1325          288
136     726           74
# 2026-01-09 15:02:33 GMT: Stopped because there is not enough budget left to race more than the minimum (10).
# You may either increase the budget or set 'minNbSurvival' to a lower value.
# Iteration: 6
# nbIterations: 6
# experimentsUsed: 7990
# timeUsed: 0
# remainingBudget: 10
# currentBudget: 10
# number of elites: 10
# nbConfigurations: 10
# Total CPU user time: 1733.221, CPU sys time: 7753.13, Wall-clock time: 2468.116
# Best configurations (first number is the configuration ID; listed from best to worst according to the sum of ranks):
    his_len max_attempts
3       686           70
4      1237          294
6      2062          257
7       961          107
8      1512           33
9       411          182
10     1924           89
12     1374           14
135    1325          288
136     726           74
# Best configurations as commandlines (first number is the configuration ID; listed from best to worst according to the sum of ranks):
3   -his_len 686 -max_attempts 70
4   -his_len 1237 -max_attempts 294
6   -his_len 2062 -max_attempts 257
7   -his_len 961 -max_attempts 107
8   -his_len 1512 -max_attempts 33
9   -his_len 411 -max_attempts 182
10  -his_len 1924 -max_attempts 89
12  -his_len 1374 -max_attempts 14
135 -his_len 1325 -max_attempts 288
136 -his_len 726 -max_attempts 74


# Testing of elite configurations: 1 
# Testing iteration configurations: FALSE 
# 2026-01-09 15:02:33 GMT: No test instances, skip testing
