Starting irace...
# 2025-12-29 15:55:05 GMT: Reading parameter file '/gpfs/home/e/exx866/IRACE-b-LAHC/all-instances-fine/M-n110-k10-s9-p1/parameters.txt'.
# 2025-12-29 15:55:05 GMT: Read 1 configuration(s) from file '/gpfs/home/e/exx866/IRACE-b-LAHC/all-instances-fine/M-n110-k10-s9-p1/configurations.txt'
# 2025-12-29 15:55:05 GMT: Initialization
# Elitist race
# Elitist new instances: 1
# Elitist limit: 2
# nbIterations: 3
# minNbSurvival: 10
# nbParameters: 2
# seed: 1544384969
# confidence level: 0.95
# budget: 6000
# mu: 10
# deterministic: FALSE

# 2025-12-29 15:55:05 GMT: Iteration 1 of 3
# experimentsUsed: 0
# remainingBudget: 6000
# currentBudget: 2000
# nbConfigurations: 100
# Markers:
     x No test is performed.
     c Configurations are discarded only due to capping.
     - The test is performed and some configurations are discarded.
     = The test is performed but no configuration is discarded.
     ! The test is performed and configurations could be discarded but elite configurations are preserved.
     . All alive configurations are elite and nothing is discarded.

+-+-----------+-----------+-----------+----------------+-----------+--------+-----+----+------+
| |   Instance|      Alive|       Best|       Mean best| Exp so far|  W time|  rho|KenW|  Qvar|
+-+-----------+-----------+-----------+----------------+-----------+--------+-----+----+------+
|x|          1|        100|          1|     828.5600000|        100|00:00:38|   NA|  NA|    NA|
|x|          2|        100|          1|     828.5600000|        200|00:00:38|+0.08|0.54|0.9336|
|x|          3|        100|          1|     828.5600000|        300|00:00:38|+0.29|0.53|0.7669|
|x|          4|        100|          1|     828.5600000|        400|00:00:37|+0.44|0.58|0.6387|
|x|          5|        100|          1|     828.5600000|        500|00:00:37|+0.31|0.45|0.7897|
|x|          6|        100|          1|     828.5600000|        600|00:00:37|+0.31|0.42|0.8247|
|x|          7|        100|          1|     828.5600000|        700|00:00:37|+0.38|0.47|0.7509|
|x|          8|        100|          1|     828.5600000|        800|00:00:38|+0.40|0.48|0.7131|
|x|          9|        100|          1|     828.5600000|        900|00:00:38|+0.37|0.44|0.7626|
|-|         10|         84|          1|     828.5600000|       1000|00:00:38|+0.02|0.11|0.6993|
|x|         11|         84|          1|     828.5600000|       1084|00:00:31|+0.03|0.12|0.7146|
|x|         12|         84|          1|     828.5600000|       1168|00:00:30|+0.04|0.12|0.7262|
|x|         13|         84|          1|     828.5600000|       1252|00:00:30|+0.04|0.11|0.7492|
|x|         14|         84|          1|     828.5600000|       1336|00:00:31|+0.06|0.13|0.7609|
|x|         15|         84|          1|     828.5600000|       1420|00:00:30|+0.08|0.14|0.7704|
|x|         16|         84|          1|     828.5600000|       1504|00:00:30|+0.09|0.15|0.7691|
|x|         17|         84|          1|     828.5600000|       1588|00:00:30|+0.08|0.13|0.7854|
|x|         18|         84|          1|     828.5600000|       1672|00:00:32|+0.08|0.13|0.7433|
|x|         19|         84|          1|     828.5600000|       1756|00:00:31|+0.07|0.12|0.7587|
|-|         20|         79|          1|     828.5600000|       1840|00:00:30|-0.01|0.04|0.4970|
+-+-----------+-----------+-----------+----------------+-----------+--------+-----+----+------+
Best-so-far configuration:           1    mean value:      828.5600000
Description of the best-so-far configuration:
  .ID. his_len max_attempts .PARENT.
1    1    1737          133       NA

# 2025-12-29 16:06:37 GMT: Elite configurations (first number is the configuration ID; listed from best to worst according to the sum of ranks):
   his_len max_attempts
1     1737          133
3     1030           99
4     3063           42
5     1708          157
6      692          242
7     2047          128
8     1369           71
12     861          171
13    2216           56
14    2555           85
# 2025-12-29 16:06:37 GMT: Iteration 2 of 3
# experimentsUsed: 1840
# remainingBudget: 4160
# currentBudget: 2080
# nbConfigurations: 76
# Markers:
     x No test is performed.
     c Configurations are discarded only due to capping.
     - The test is performed and some configurations are discarded.
     = The test is performed but no configuration is discarded.
     ! The test is performed and configurations could be discarded but elite configurations are preserved.
     . All alive configurations are elite and nothing is discarded.

+-+-----------+-----------+-----------+----------------+-----------+--------+-----+----+------+
| |   Instance|      Alive|       Best|       Mean best| Exp so far|  W time|  rho|KenW|  Qvar|
+-+-----------+-----------+-----------+----------------+-----------+--------+-----+----+------+
|x|         21|         76|          1|     828.5600000|         76|00:00:27|   NA|  NA|    NA|
|x|         16|         76|          1|     828.5600000|        142|00:00:25|+0.00|0.50|0.4934|
|x|         17|         76|          1|     828.5600000|        208|00:00:24|+0.00|0.33|0.3289|
|x|         20|         76|          1|     828.5600000|        274|00:00:25|+0.00|0.25|0.2467|
|x|          4|         76|          1|     828.5600000|        340|00:00:24|+0.00|0.20|0.1974|
|x|         14|         76|          1|     828.5600000|        406|00:00:24|-0.00|0.16|0.3298|
|x|         10|         76|          1|     828.5600000|        472|00:00:25|-0.00|0.14|0.2826|
|x|         19|         76|          1|     828.5600000|        538|00:00:24|-0.00|0.12|0.3715|
|x|          2|         76|          1|     828.5600000|        604|00:00:25|-0.00|0.11|0.3300|
|=|         11|         76|          1|     828.5600000|        670|00:00:24|-0.00|0.10|0.3965|
|x|          6|         76|          1|     828.5600000|        736|00:00:25|-0.01|0.09|0.4510|
|x|         18|         76|          1|     828.5600000|        802|00:00:24|-0.00|0.08|0.4132|
|x|          1|         76|          1|     828.5600000|        868|00:00:24|-0.00|0.07|0.3812|
|x|         15|         76|          1|     828.5600000|        934|00:00:24|-0.01|0.07|0.4251|
|x|          7|         76|          1|     828.5600000|       1000|00:00:24|-0.00|0.06|0.3966|
|x|          5|         76|          1|     828.5600000|       1066|00:00:23|-0.01|0.06|0.4343|
|x|         12|         76|          1|     828.5600000|       1132|00:00:24|-0.01|0.05|0.4674|
|x|          8|         76|          1|     828.5600000|       1198|00:00:24|-0.01|0.05|0.4971|
|x|         13|         76|          1|     828.5600000|       1264|00:00:24|-0.01|0.05|0.4708|
|=|          3|         76|          1|     828.5600000|       1330|00:00:24|+0.01|0.06|0.4910|
|x|          9|         76|          1|     828.5600000|       1396|00:00:24|+0.01|0.05|0.4677|
|x|         22|         76|          1|     828.5600000|       1472|00:00:28|+0.01|0.05|0.4465|
|x|         23|         76|          1|     828.5600000|       1548|00:00:27|+0.01|0.05|0.4272|
|x|         24|         76|          1|     828.5600000|       1624|00:00:27|+0.01|0.05|0.4095|
|x|         25|         76|          1|     828.5600000|       1700|00:00:27|+0.00|0.04|0.4334|
|x|         26|         76|          1|     828.5600000|       1776|00:00:28|+0.00|0.04|0.4553|
|x|         27|         76|          1|     828.5600000|       1852|00:00:27|+0.01|0.04|0.4728|
|x|         28|         76|          1|     828.5600000|       1928|00:00:28|+0.01|0.04|0.4560|
|x|         29|         76|          1|     828.5600000|       2004|00:00:28|+0.01|0.04|0.4404|
|=|         30|         76|          1|     828.5600000|       2080|00:00:28|+0.01|0.04|0.4257|
+-+-----------+-----------+-----------+----------------+-----------+--------+-----+----+------+
Best-so-far configuration:           1    mean value:      828.5600000
Description of the best-so-far configuration:
  .ID. his_len max_attempts .PARENT.
1    1    1737          133       NA

# 2025-12-29 16:19:32 GMT: Elite configurations (first number is the configuration ID; listed from best to worst according to the sum of ranks):
    his_len max_attempts
1      1737          133
3      1030           99
4      3063           42
5      1708          157
6       692          242
7      2047          128
8      1369           71
12      861          171
13     2216           56
101    2621           68
# 2025-12-29 16:19:32 GMT: Iteration 3 of 3
# experimentsUsed: 3920
# remainingBudget: 2080
# currentBudget: 2080
# nbConfigurations: 59
# Markers:
     x No test is performed.
     c Configurations are discarded only due to capping.
     - The test is performed and some configurations are discarded.
     = The test is performed but no configuration is discarded.
     ! The test is performed and configurations could be discarded but elite configurations are preserved.
     . All alive configurations are elite and nothing is discarded.

+-+-----------+-----------+-----------+----------------+-----------+--------+-----+----+------+
| |   Instance|      Alive|       Best|       Mean best| Exp so far|  W time|  rho|KenW|  Qvar|
+-+-----------+-----------+-----------+----------------+-----------+--------+-----+----+------+
|x|         31|         59|          1|     828.5600000|         59|00:00:21|   NA|  NA|    NA|
|x|          6|         59|          1|     828.5600000|        108|00:00:18|+0.00|0.50|0.4915|
|x|         17|         59|          1|     828.5600000|        157|00:00:18|+0.00|0.33|0.3277|
|x|          5|         59|          1|     828.5600000|        206|00:00:18|+0.22|0.42|0.3767|
|x|          3|         59|          1|     828.5600000|        255|00:00:18|+0.17|0.33|0.3243|
|x|         27|         59|          1|     828.5600000|        304|00:00:19|+0.13|0.28|0.2817|
|x|         15|         59|          1|     828.5600000|        353|00:00:18|+0.25|0.36|0.3089|
|x|         19|         59|          1|     828.5600000|        402|00:00:19|+0.17|0.27|0.4093|
|x|         10|         59|          1|     828.5600000|        451|00:00:18|+0.12|0.22|0.4842|
|-|         30|         54|          1|     828.5600000|        500|00:00:18|+1.00|1.00|0.0000|
|x|         14|         54|          1|     828.5600000|        544|00:00:16|+1.00|1.00|0.0000|
|x|         20|         54|          1|     828.5600000|        588|00:00:17|+1.00|1.00|0.0000|
|x|         29|         54|          1|     828.5600000|        632|00:00:16|+0.00|0.08|0.0755|
|x|          2|         54|          1|     828.5600000|        676|00:00:17|+0.00|0.07|0.0701|
|x|         18|         54|          1|     828.5600000|        720|00:00:17|+0.00|0.07|0.0654|
|x|          8|         54|          1|     828.5600000|        764|00:00:16|-0.00|0.06|0.1228|
|x|          7|         54|          1|     828.5600000|        808|00:00:16|-0.00|0.06|0.1156|
|x|         13|         54|          1|     828.5600000|        852|00:00:16|-0.00|0.05|0.1092|
|x|          4|         54|          1|     828.5600000|        896|00:00:17|-0.00|0.05|0.1034|
|=|         12|         54|          1|     828.5600000|        940|00:00:16|-0.00|0.05|0.0982|
|x|         24|         54|          1|     828.5600000|        984|00:00:16|-0.00|0.05|0.1406|
|x|          9|         54|          1|     828.5600000|       1028|00:00:17|-0.00|0.04|0.1341|
|x|         21|         54|          1|     828.5600000|       1072|00:00:16|+0.01|0.05|0.1701|
|x|         22|         54|          1|     828.5600000|       1116|00:00:16|+0.01|0.05|0.1630|
|x|         16|         54|          1|     828.5600000|       1160|00:00:17|+0.01|0.05|0.1565|
|x|         26|         54|          1|     828.5600000|       1204|00:00:16|+0.01|0.05|0.1505|
|x|         11|         54|          1|     828.5600000|       1248|00:00:16|+0.01|0.05|0.1450|
|x|          1|         54|          1|     828.5600000|       1292|00:00:17|+0.02|0.05|0.1727|
|x|         25|         54|          1|     828.5600000|       1336|00:00:16|+0.01|0.05|0.2009|
|-|         23|         52|          1|     828.5600000|       1380|00:00:16|-0.00|0.03|0.1310|
|x|         28|         52|          1|     828.5600000|       1422|00:00:15|-0.00|0.03|0.1586|
|x|         32|         52|          1|     828.5600000|       1474|00:00:19|-0.00|0.03|0.1536|
|x|         33|         52|          1|     828.5600000|       1526|00:00:19|-0.00|0.03|0.1490|
|x|         34|         52|          1|     828.5600000|       1578|00:00:19|-0.00|0.03|0.1446|
|x|         35|         52|          1|     828.5600000|       1630|00:00:19|-0.00|0.03|0.1404|
|x|         36|         52|          1|     828.5600000|       1682|00:00:19|-0.00|0.03|0.1639|
|x|         37|         52|          1|     828.5600000|       1734|00:00:19|-0.00|0.02|0.1595|
|x|         38|         52|          1|     828.5600000|       1786|00:00:19|-0.00|0.02|0.1553|
|x|         39|         52|          1|     828.5600000|       1838|00:00:19|-0.00|0.02|0.1767|
|=|         40|         52|          1|     828.5600000|       1890|00:00:19|-0.00|0.02|0.1723|
+-+-----------+-----------+-----------+----------------+-----------+--------+-----+----+------+
Best-so-far configuration:           1    mean value:      828.5600000
Description of the best-so-far configuration:
  .ID. his_len max_attempts .PARENT.
1    1    1737          133       NA

# 2025-12-29 16:31:32 GMT: Elite configurations (first number is the configuration ID; listed from best to worst according to the sum of ranks):
    his_len max_attempts
1      1737          133
3      1030           99
4      3063           42
5      1708          157
6       692          242
7      2047          128
8      1369           71
12      861          171
13     2216           56
101    2621           68
# 2025-12-29 16:31:32 GMT: Iteration 4 of 4
# experimentsUsed: 5810
# remainingBudget: 190
# currentBudget: 190
# nbConfigurations: 11
# Markers:
     x No test is performed.
     c Configurations are discarded only due to capping.
     - The test is performed and some configurations are discarded.
     = The test is performed but no configuration is discarded.
     ! The test is performed and configurations could be discarded but elite configurations are preserved.
     . All alive configurations are elite and nothing is discarded.

+-+-----------+-----------+-----------+----------------+-----------+--------+-----+----+------+
| |   Instance|      Alive|       Best|       Mean best| Exp so far|  W time|  rho|KenW|  Qvar|
+-+-----------+-----------+-----------+----------------+-----------+--------+-----+----+------+
|x|         41|         11|          1|     828.5600000|         11|00:00:05|   NA|  NA|    NA|
|x|          7|         11|          1|     828.5600000|         12|00:00:02|+1.00|1.00|0.0000|
|x|         40|         11|          1|     828.5600000|         13|00:00:02|+1.00|1.00|0.0000|
|x|         11|         11|          1|     828.5600000|         14|00:00:02|+1.00|1.00|0.0000|
|x|         25|         11|          1|     828.5600000|         15|00:00:02|+1.00|1.00|0.0000|
|x|         19|         11|          1|     828.5600000|         16|00:00:02|+1.00|1.00|0.0000|
|x|         23|         11|          1|     828.5600000|         17|00:00:02|+1.00|1.00|0.0000|
|x|         14|         11|          1|     828.5600000|         18|00:00:02|+1.00|1.00|0.0000|
|x|         31|         11|          1|     828.5600000|         19|00:00:02|+1.00|1.00|0.0000|
|=|         18|         11|          1|     828.5600000|         20|00:00:02|+1.00|1.00|0.0000|
|x|         30|         11|          1|     828.5600000|         21|00:00:02|+1.00|1.00|0.0000|
|x|         37|         11|          1|     828.5600000|         22|00:00:02|+1.00|1.00|0.0000|
|x|         10|         11|          1|     828.5600000|         23|00:00:02|+1.00|1.00|0.0000|
|x|         24|         11|          1|     828.5600000|         24|00:00:02|+1.00|1.00|0.0000|
|x|         29|         11|          1|     828.5600000|         25|00:00:02|+1.00|1.00|0.0000|
|x|          1|         11|          1|     828.5600000|         26|00:00:02|+1.00|1.00|0.0000|
|x|          8|         11|          1|     828.5600000|         27|00:00:02|+1.00|1.00|0.0000|
|x|          5|         11|          1|     828.5600000|         28|00:00:02|+1.00|1.00|0.0000|
|x|         20|         11|          1|     828.5600000|         29|00:00:02|+1.00|1.00|0.0000|
|=|         16|         11|          1|     828.5600000|         30|00:00:02|+1.00|1.00|0.0000|
|x|         12|         11|          1|     828.5600000|         31|00:00:02|+1.00|1.00|0.0000|
|x|         13|         11|          1|     828.5600000|         32|00:00:02|+1.00|1.00|0.0000|
|x|         17|         11|          1|     828.5600000|         33|00:00:02|+1.00|1.00|0.0000|
|x|          4|         11|          1|     828.5600000|         34|00:00:02|+1.00|1.00|0.0000|
|x|         28|         11|          1|     828.5600000|         35|00:00:02|+1.00|1.00|0.0000|
|x|         15|         11|          1|     828.5600000|         36|00:00:02|+1.00|1.00|0.0000|
|x|         34|         11|          1|     828.5600000|         37|00:00:02|+1.00|1.00|0.0000|
|x|         38|         11|          1|     828.5600000|         38|00:00:02|+1.00|1.00|0.0000|
|x|          6|         11|          1|     828.5600000|         39|00:00:02|+1.00|1.00|0.0000|
|=|          3|         11|          1|     828.5600000|         40|00:00:02|+1.00|1.00|0.0000|
|x|         32|         11|          1|     828.5600000|         41|00:00:02|+1.00|1.00|0.0000|
|x|         35|         11|          1|     828.5600000|         42|00:00:02|+1.00|1.00|0.0000|
|x|         36|         11|          1|     828.5600000|         43|00:00:02|+1.00|1.00|0.0000|
|x|          2|         11|          1|     828.5600000|         44|00:00:02|+1.00|1.00|0.0000|
|x|         22|         11|          1|     828.5600000|         45|00:00:02|+1.00|1.00|0.0000|
|x|         21|         11|          1|     828.5600000|         46|00:00:02|+1.00|1.00|0.0000|
|x|         39|         11|          1|     828.5600000|         47|00:00:02|+1.00|1.00|0.0000|
|x|         26|         11|          1|     828.5600000|         48|00:00:02|+1.00|1.00|0.0000|
|x|         27|         11|          1|     828.5600000|         49|00:00:02|+1.00|1.00|0.0000|
|=|         33|         11|          1|     828.5600000|         50|00:00:02|+1.00|1.00|0.0000|
|x|          9|         11|          1|     828.5600000|         51|00:00:02|+1.00|1.00|0.0000|
|x|         42|         11|          1|     828.5600000|         62|00:00:05|+1.00|1.00|0.0000|
|x|         43|         11|          1|     828.5600000|         73|00:00:05|+1.00|1.00|0.0000|
|x|         44|         11|          1|     828.5600000|         84|00:00:04|+1.00|1.00|0.0000|
|x|         45|         11|          1|     828.5600000|         95|00:00:05|+1.00|1.00|0.0000|
|x|         46|         11|          1|     828.5600000|        106|00:00:04|+1.00|1.00|0.0000|
|x|         47|         11|          1|     828.5600000|        117|00:00:05|+1.00|1.00|0.0000|
|x|         48|         11|          1|     828.5600000|        128|00:00:05|+1.00|1.00|0.0000|
|x|         49|         11|          1|     828.5600000|        139|00:00:04|+1.00|1.00|0.0000|
|=|         50|         11|          1|     828.5600000|        150|00:00:05|+1.00|1.00|0.0000|
+-+-----------+-----------+-----------+----------------+-----------+--------+-----+----+------+
Best-so-far configuration:           1    mean value:      828.5600000
Description of the best-so-far configuration:
  .ID. his_len max_attempts .PARENT.
1    1    1737          133       NA

# 2025-12-29 16:33:49 GMT: Elite configurations (first number is the configuration ID; listed from best to worst according to the sum of ranks):
    his_len max_attempts
1      1737          133
3      1030           99
4      3063           42
5      1708          157
6       692          242
7      2047          128
8      1369           71
12      861          171
13     2216           56
101    2621           68
# 2025-12-29 16:33:49 GMT: Stopped because there is not enough budget left to race more than the minimum (10).
# You may either increase the budget or set 'minNbSurvival' to a lower value.
# Iteration: 5
# nbIterations: 5
# experimentsUsed: 5960
# timeUsed: 0
# remainingBudget: 40
# currentBudget: 40
# number of elites: 10
# nbConfigurations: 10
# Total CPU user time: 12056.4, CPU sys time: 6169.29, Wall-clock time: 2324.425
# 2025-12-29 16:33:49 GMT: Starting post-selection:
# Configurations selected: 1, 3, 4, 5.
# Pending instances: 0, 0, 0, 0.
# 2025-12-29 16:33:49 GMT: seed: 1544384969
# Configurations: 4
# Available experiments: 40
# minSurvival: 1
# Markers:
     x No test is performed.
     c Configurations are discarded only due to capping.
     - The test is performed and some configurations are discarded.
     = The test is performed but no configuration is discarded.
     ! The test is performed and configurations could be discarded but elite configurations are preserved.
     . All alive configurations are elite and nothing is discarded.

+-+-----------+-----------+-----------+----------------+-----------+--------+-----+----+------+
| |   Instance|      Alive|       Best|       Mean best| Exp so far|  W time|  rho|KenW|  Qvar|
+-+-----------+-----------+-----------+----------------+-----------+--------+-----+----+------+
|.|          8|          4|          1|     828.5600000|          0|00:00:00|   NA|  NA|    NA|
|.|          6|          4|          1|     828.5600000|          0|00:00:00|+1.00|1.00|0.0000|
|.|         18|          4|          1|     828.5600000|          0|00:00:00|+1.00|1.00|0.0000|
|.|         48|          4|          1|     828.5600000|          0|00:00:00|+1.00|1.00|0.0000|
|.|         11|          4|          1|     828.5600000|          0|00:00:00|+1.00|1.00|0.0000|
|.|         40|          4|          1|     828.5600000|          0|00:00:00|+1.00|1.00|0.0000|
|.|         50|          4|          1|     828.5600000|          0|00:00:00|+1.00|1.00|0.0000|
|.|         37|          4|          1|     828.5600000|          0|00:00:00|+1.00|1.00|0.0000|
|.|         34|          4|          1|     828.5600000|          0|00:00:00|+1.00|1.00|0.0000|
|.|          3|          4|          1|     828.5600000|          0|00:00:00|+1.00|1.00|0.0000|
|.|         49|          4|          1|     828.5600000|          0|00:00:00|+1.00|1.00|0.0000|
|.|          4|          4|          1|     828.5600000|          0|00:00:00|+1.00|1.00|0.0000|
|.|         14|          4|          1|     828.5600000|          0|00:00:00|+1.00|1.00|0.0000|
|.|         13|          4|          1|     828.5600000|          0|00:00:00|+1.00|1.00|0.0000|
|.|         35|          4|          1|     828.5600000|          0|00:00:00|+1.00|1.00|0.0000|
|.|         15|          4|          1|     828.5600000|          0|00:00:00|+1.00|1.00|0.0000|
|.|         32|          4|          1|     828.5600000|          0|00:00:00|+1.00|1.00|0.0000|
|.|         22|          4|          1|     828.5600000|          0|00:00:00|+1.00|1.00|0.0000|
|.|         12|          4|          1|     828.5600000|          0|00:00:00|+1.00|1.00|0.0000|
|.|         19|          4|          1|     828.5600000|          0|00:00:00|+1.00|1.00|0.0000|
|.|         10|          4|          1|     828.5600000|          0|00:00:00|+1.00|1.00|0.0000|
|.|         24|          4|          1|     828.5600000|          0|00:00:00|+1.00|1.00|0.0000|
|.|         27|          4|          1|     828.5600000|          0|00:00:00|+1.00|1.00|0.0000|
|.|         45|          4|          1|     828.5600000|          0|00:00:00|+1.00|1.00|0.0000|
|.|         20|          4|          1|     828.5600000|          0|00:00:00|+1.00|1.00|0.0000|
|.|         23|          4|          1|     828.5600000|          0|00:00:00|+1.00|1.00|0.0000|
|.|         17|          4|          1|     828.5600000|          0|00:00:00|+1.00|1.00|0.0000|
|.|         33|          4|          1|     828.5600000|          0|00:00:00|+1.00|1.00|0.0000|
|.|         26|          4|          1|     828.5600000|          0|00:00:00|+1.00|1.00|0.0000|
|.|         43|          4|          1|     828.5600000|          0|00:00:00|+1.00|1.00|0.0000|
|.|          1|          4|          1|     828.5600000|          0|00:00:00|+1.00|1.00|0.0000|
|.|          5|          4|          1|     828.5600000|          0|00:00:00|+1.00|1.00|0.0000|
|.|         41|          4|          1|     828.5600000|          0|00:00:00|+1.00|1.00|0.0000|
|.|         16|          4|          1|     828.5600000|          0|00:00:00|+1.00|1.00|0.0000|
|.|         39|          4|          1|     828.5600000|          0|00:00:00|+1.00|1.00|0.0000|
|.|         44|          4|          1|     828.5600000|          0|00:00:00|+1.00|1.00|0.0000|
|.|         30|          4|          1|     828.5600000|          0|00:00:00|+1.00|1.00|0.0000|
|.|          2|          4|          1|     828.5600000|          0|00:00:00|+1.00|1.00|0.0000|
|.|         36|          4|          1|     828.5600000|          0|00:00:00|+1.00|1.00|0.0000|
|.|         28|          4|          1|     828.5600000|          0|00:00:00|+1.00|1.00|0.0000|
|.|         47|          4|          1|     828.5600000|          0|00:00:00|+1.00|1.00|0.0000|
|.|          7|          4|          1|     828.5600000|          0|00:00:00|+1.00|1.00|0.0000|
|.|         21|          4|          1|     828.5600000|          0|00:00:00|+1.00|1.00|0.0000|
|.|         25|          4|          1|     828.5600000|          0|00:00:00|+1.00|1.00|0.0000|
|.|         29|          4|          1|     828.5600000|          0|00:00:00|+1.00|1.00|0.0000|
|.|         38|          4|          1|     828.5600000|          0|00:00:00|+1.00|1.00|0.0000|
|.|          9|          4|          1|     828.5600000|          0|00:00:00|+1.00|1.00|0.0000|
|.|         42|          4|          1|     828.5600000|          0|00:00:00|+1.00|1.00|0.0000|
|.|         31|          4|          1|     828.5600000|          0|00:00:00|+1.00|1.00|0.0000|
|.|         46|          4|          1|     828.5600000|          0|00:00:00|+1.00|1.00|0.0000|
|x|         51|          4|          1|     828.5600000|          4|00:00:02|+1.00|1.00|0.0000|
|x|         52|          4|          1|     828.5600000|          8|00:00:02|+1.00|1.00|0.0000|
|x|         53|          4|          1|     828.5600000|         12|00:00:02|+1.00|1.00|0.0000|
|x|         54|          4|          1|     828.5600000|         16|00:00:02|+1.00|1.00|0.0000|
|x|         55|          4|          1|     828.5600000|         20|00:00:02|+1.00|1.00|0.0000|
|x|         56|          4|          1|     828.5600000|         24|00:00:02|+1.00|1.00|0.0000|
|x|         57|          4|          1|     828.5600000|         28|00:00:02|+1.00|1.00|0.0000|
|x|         58|          4|          3|     828.5600000|         32|00:00:02|+0.00|0.02|0.0129|
|x|         59|          4|          3|     828.5600000|         36|00:00:02|+0.00|0.02|0.0127|
|=|         60|          4|          3|     828.5600000|         40|00:00:02|+0.00|0.02|0.0125|
+-+-----------+-----------+-----------+----------------+-----------+--------+-----+----+------+
Best-so-far configuration:           3    mean value:      828.5600000
Description of the best-so-far configuration:
  .ID. his_len max_attempts .PARENT.
3    3    1030           99       NA

# 2025-12-29 16:34:16 GMT: Elite configurations (first number is the configuration ID; listed from best to worst according to the sum of ranks):
  his_len max_attempts
3    1030           99
4    3063           42
5    1708          157
1    1737          133
# Total CPU user time: 12133.81, CPU sys time: 6195.611, Wall-clock time: 2350.924
# Best configurations (first number is the configuration ID; listed from best to worst according to the sum of ranks):
  his_len max_attempts
3    1030           99
4    3063           42
5    1708          157
1    1737          133
# Best configurations as commandlines (first number is the configuration ID; listed from best to worst according to the sum of ranks):
3 -his_len 1030 -max_attempts 99
4 -his_len 3063 -max_attempts 42
5 -his_len 1708 -max_attempts 157
1 -his_len 1737 -max_attempts 133


# Testing of elite configurations: 1 
# Testing iteration configurations: FALSE 
# 2025-12-29 16:34:16 GMT: No test instances, skip testing
