Starting irace...
# 2025-12-29 15:16:14 GMT: Reading parameter file '/gpfs/home/e/exx866/IRACE-b-LAHC/all-instances-fine/E-n76-k7/parameters.txt'.
# 2025-12-29 15:16:15 GMT: Read 1 configuration(s) from file '/gpfs/home/e/exx866/IRACE-b-LAHC/all-instances-fine/E-n76-k7/configurations.txt'
# 2025-12-29 15:16:15 GMT: Initialization
# Elitist race
# Elitist new instances: 1
# Elitist limit: 2
# nbIterations: 3
# minNbSurvival: 10
# nbParameters: 2
# seed: 1204466703
# confidence level: 0.95
# budget: 6000
# mu: 10
# deterministic: FALSE

# 2025-12-29 15:16:15 GMT: Iteration 1 of 3
# experimentsUsed: 0
# remainingBudget: 6000
# currentBudget: 2000
# nbConfigurations: 100
# Markers:
     x No test is performed.
     c Configurations are discarded only due to capping.
     - The test is performed and some configurations are discarded.
     = The test is performed but no configuration is discarded.
     ! The test is performed and configurations could be discarded but elite configurations are preserved.
     . All alive configurations are elite and nothing is discarded.

+-+-----------+-----------+-----------+----------------+-----------+--------+-----+----+------+
| |   Instance|      Alive|       Best|       Mean best| Exp so far|  W time|  rho|KenW|  Qvar|
+-+-----------+-----------+-----------+----------------+-----------+--------+-----+----+------+
|x|          1|        100|          1|     692.6400000|        100|00:00:40|   NA|  NA|    NA|
|x|          2|        100|          1|     692.6400000|        200|00:00:37|+0.26|0.63|0.7061|
|x|          3|        100|         33|     692.6400000|        300|00:00:36|+0.08|0.39|0.8999|
|x|          4|        100|         33|     692.6400000|        400|00:00:37|+0.05|0.29|0.9440|
|x|          5|        100|         42|     693.3640000|        500|00:00:37|+0.03|0.22|0.9637|
|x|          6|        100|         33|     693.2450000|        600|00:00:38|+0.02|0.18|0.9753|
|x|          7|        100|         33|     693.4442857|        700|00:00:36|+0.02|0.16|0.9752|
|x|          8|        100|         22|     694.0462500|        800|00:00:37|-0.01|0.12|0.9985|
|x|          9|        100|         22|     693.8900000|        900|00:00:38|-0.01|0.11|1.0003|
|=|         10|        100|         22|     693.7650000|       1000|00:00:37|+0.00|0.10|0.9962|
|x|         11|        100|         22|     694.0854545|       1100|00:00:38|-0.00|0.09|1.0041|
|x|         12|        100|         51|     694.2741667|       1200|00:00:37|-0.01|0.07|1.0067|
|x|         13|        100|         51|     694.1707692|       1300|00:00:37|-0.00|0.07|0.9989|
|x|         14|        100|         22|     694.3321429|       1400|00:00:37|-0.00|0.07|0.9978|
|x|         15|        100|         51|     694.2680000|       1500|00:00:38|-0.01|0.06|1.0013|
|x|         16|        100|         51|     694.3975000|       1600|00:00:38|-0.00|0.06|0.9968|
|x|         17|        100|         51|     694.5388235|       1700|00:00:38|-0.00|0.06|0.9941|
|x|         18|        100|         51|     694.6644444|       1800|00:00:38|-0.00|0.05|0.9925|
|x|         19|        100|         59|     694.5742105|       1900|00:00:37|-0.00|0.05|0.9931|
|=|         20|        100|         59|     694.6585000|       2000|00:00:38|-0.00|0.05|0.9915|
+-+-----------+-----------+-----------+----------------+-----------+--------+-----+----+------+
Best-so-far configuration:          59    mean value:      694.6585000
Description of the best-so-far configuration:
   .ID. his_len max_attempts .PARENT.
59   59    3332            1       NA

# 2025-12-29 15:28:53 GMT: Elite configurations (first number is the configuration ID; listed from best to worst according to the sum of ranks):
   his_len max_attempts
59    3332            1
51    4097            2
73    3019            3
56    3878            1
98    3537            1
15    3196            1
9     3087            3
48    2514            3
42    3169            2
57    3005            2
# 2025-12-29 15:28:53 GMT: Iteration 2 of 3
# experimentsUsed: 2000
# remainingBudget: 4000
# currentBudget: 2000
# nbConfigurations: 73
# Markers:
     x No test is performed.
     c Configurations are discarded only due to capping.
     - The test is performed and some configurations are discarded.
     = The test is performed but no configuration is discarded.
     ! The test is performed and configurations could be discarded but elite configurations are preserved.
     . All alive configurations are elite and nothing is discarded.

+-+-----------+-----------+-----------+----------------+-----------+--------+-----+----+------+
| |   Instance|      Alive|       Best|       Mean best| Exp so far|  W time|  rho|KenW|  Qvar|
+-+-----------+-----------+-----------+----------------+-----------+--------+-----+----+------+
|x|         21|         73|         51|     692.6400000|         73|00:00:26|   NA|  NA|    NA|
|x|          6|         73|         57|     692.6400000|        136|00:00:22|+0.00|0.50|1.0292|
|x|         11|         73|         57|     692.6400000|        199|00:00:22|+0.02|0.35|1.0254|
|x|          2|         73|         57|     692.6400000|        262|00:00:22|+0.03|0.27|0.9828|
|x|         18|         73|        134|     693.4400000|        325|00:00:23|+0.07|0.26|0.9391|
|x|         13|         73|         48|     693.3500000|        388|00:00:22|+0.05|0.21|0.9468|
|x|         16|         73|         48|     693.2485714|        451|00:00:22|+0.03|0.17|0.9530|
|x|         17|         73|         57|     693.4475000|        514|00:00:22|+0.01|0.14|0.9677|
|x|         10|         73|        116|     693.7788889|        577|00:00:23|+0.01|0.12|0.9794|
|=|          5|         73|        116|     693.6650000|        640|00:00:22|+0.02|0.12|0.9680|
|x|         20|         73|        116|     693.5718182|        703|00:00:23|+0.03|0.12|0.9608|
|x|          7|         73|        116|     693.5150000|        766|00:00:23|+0.03|0.11|0.9581|
|x|          9|         73|        116|     693.7269231|        829|00:00:22|+0.02|0.10|0.9672|
|x|         15|         73|        116|     693.9135714|        892|00:00:23|+0.02|0.09|0.9708|
|x|          4|         73|        116|     693.8606667|        955|00:00:22|+0.02|0.09|0.9699|
|x|          1|         73|        116|     693.9093750|       1018|00:00:22|+0.02|0.08|0.9715|
|x|         12|         73|        116|     694.0794118|       1081|00:00:22|+0.02|0.08|0.9708|
|x|          8|         73|        116|     694.2305556|       1144|00:00:22|+0.01|0.07|0.9743|
|x|         14|         73|        116|     694.1468421|       1207|00:00:23|+0.01|0.07|0.9759|
|=|         19|         73|        116|     694.2130000|       1270|00:00:22|+0.01|0.06|0.9771|
|x|          3|         73|        116|     694.1380952|       1333|00:00:22|+0.01|0.06|0.9781|
|x|         22|         73|        116|     694.4054545|       1406|00:00:26|+0.01|0.05|0.9796|
|x|         23|         73|        116|     694.4156522|       1479|00:00:27|+0.01|0.05|0.9822|
|x|         24|         73|        116|     694.5404167|       1552|00:00:26|+0.00|0.04|0.9860|
|x|         25|         73|         51|     694.3512000|       1625|00:00:26|+0.00|0.04|0.9880|
|x|         26|         73|         51|     694.4703846|       1698|00:00:27|-0.00|0.04|0.9890|
|x|         27|         73|         51|     694.4059259|       1771|00:00:26|-0.00|0.03|0.9913|
|x|         28|         73|        160|     694.8367857|       1844|00:00:26|-0.01|0.03|0.9944|
|x|         29|         73|         51|     694.4703448|       1917|00:00:26|-0.00|0.03|0.9917|
|=|         30|         73|         51|     694.5303333|       1990|00:00:27|-0.00|0.03|0.9912|
+-+-----------+-----------+-----------+----------------+-----------+--------+-----+----+------+
Best-so-far configuration:          51    mean value:      694.5303333
Description of the best-so-far configuration:
   .ID. his_len max_attempts .PARENT.
51   51    4097            2       NA

# 2025-12-29 15:41:00 GMT: Elite configurations (first number is the configuration ID; listed from best to worst according to the sum of ranks):
    his_len max_attempts
51     4097            2
160    3245            3
151    3418            1
15     3196            1
56     3878            1
116    3195            1
107    4074            2
138    3763            1
148    3245            1
121    3803            1
# 2025-12-29 15:41:00 GMT: Iteration 3 of 3
# experimentsUsed: 3990
# remainingBudget: 2010
# currentBudget: 2010
# nbConfigurations: 57
# Markers:
     x No test is performed.
     c Configurations are discarded only due to capping.
     - The test is performed and some configurations are discarded.
     = The test is performed but no configuration is discarded.
     ! The test is performed and configurations could be discarded but elite configurations are preserved.
     . All alive configurations are elite and nothing is discarded.

+-+-----------+-----------+-----------+----------------+-----------+--------+-----+----+------+
| |   Instance|      Alive|       Best|       Mean best| Exp so far|  W time|  rho|KenW|  Qvar|
+-+-----------+-----------+-----------+----------------+-----------+--------+-----+----+------+
|x|         31|         57|        160|     692.6400000|         57|00:00:20|   NA|  NA|    NA|
|x|         15|         57|        160|     692.6400000|        104|00:00:17|+0.05|0.52|1.0123|
|x|         20|         57|        160|     692.6400000|        151|00:00:17|+0.12|0.41|0.9124|
|x|          4|         57|        160|     692.6400000|        198|00:00:17|+0.11|0.33|0.9207|
|x|         28|         57|        160|     692.6400000|        245|00:00:17|+0.07|0.26|0.9258|
|x|         26|         57|        160|     692.8550000|        292|00:00:16|+0.04|0.20|0.9321|
|x|         22|         57|        160|     692.9057143|        339|00:00:17|+0.06|0.19|0.9154|
|x|         18|         57|        160|     692.8725000|        386|00:00:17|+0.06|0.18|0.9212|
|x|         29|         57|        160|     693.3088889|        433|00:00:17|+0.07|0.17|0.9133|
|-|         10|         33|        203|     693.5850000|        480|00:00:16|-0.03|0.08|0.9858|
|x|          3|         33|        203|     693.4990909|        503|00:00:08|-0.02|0.07|0.9789|
|x|         17|         33|        203|     693.7600000|        526|00:00:08|-0.03|0.06|0.9828|
|x|         30|         33|        203|     693.6738462|        549|00:00:08|-0.02|0.06|0.9763|
|x|         14|         33|        203|     693.7428571|        572|00:00:08|-0.01|0.06|0.9712|
|x|          1|         33|        203|     693.6693333|        595|00:00:08|-0.01|0.06|0.9684|
|x|          7|         33|        203|     693.8875000|        618|00:00:08|-0.00|0.06|0.9661|
|x|         23|         33|        203|     694.0488235|        641|00:00:08|-0.00|0.06|0.9630|
|x|         11|         33|        138|     693.9377778|        664|00:00:08|+0.00|0.06|0.9551|
|x|          9|         33|        203|     694.0500000|        687|00:00:08|-0.00|0.05|0.9639|
|=|         19|         33|        179|     694.2625000|        710|00:00:08|-0.00|0.05|0.9661|
|x|          5|         33|        179|     694.1852381|        733|00:00:08|+0.00|0.05|0.9603|
|x|          2|         33|        179|     694.1822727|        756|00:00:08|+0.00|0.05|0.9629|
|x|         27|         33|        179|     694.2973913|        779|00:00:08|-0.00|0.04|0.9617|
|x|          8|         33|        203|     694.2470833|        802|00:00:08|-0.00|0.04|0.9617|
|x|         21|         33|        203|     694.3424000|        825|00:00:08|-0.00|0.04|0.9635|
|x|         12|         33|        203|     694.2769231|        848|00:00:08|-0.00|0.04|0.9611|
|x|          6|         33|        179|     694.3774074|        871|00:00:08|+0.00|0.04|0.9610|
|x|         24|         33|        179|     694.3153571|        894|00:00:08|-0.00|0.04|0.9613|
|x|         16|         33|        203|     694.3972414|        917|00:00:08|+0.00|0.03|0.9627|
|=|         25|         33|        179|     694.3543333|        940|00:00:08|-0.00|0.03|0.9643|
|x|         13|         33|        179|     694.3635484|        963|00:00:07|-0.00|0.03|0.9650|
|x|         32|         33|        179|     694.4231250|        996|00:00:11|-0.00|0.03|0.9674|
|x|         33|         33|        203|     694.4600000|       1029|00:00:11|-0.00|0.03|0.9671|
|x|         34|         33|        179|     694.4405882|       1062|00:00:12|-0.00|0.03|0.9675|
|x|         35|         33|        179|     694.3891429|       1095|00:00:12|-0.00|0.03|0.9662|
|x|         36|         33|        179|     694.4905556|       1128|00:00:12|-0.00|0.03|0.9672|
|x|         37|         33|        179|     694.4405405|       1161|00:00:11|-0.00|0.03|0.9671|
|x|         38|         33|        179|     694.5523684|       1194|00:00:12|-0.00|0.03|0.9660|
|x|         39|         33|        179|     694.5733333|       1227|00:00:12|-0.00|0.02|0.9673|
|=|         40|         33|        179|     694.5250000|       1260|00:00:12|+0.00|0.03|0.9640|
|x|         41|         33|        179|     694.5675610|       1293|00:00:12|+0.00|0.03|0.9638|
|x|         42|         33|        179|     694.6207143|       1326|00:00:11|+0.00|0.03|0.9633|
|x|         43|         33|        179|     694.6713953|       1359|00:00:12|+0.00|0.02|0.9647|
|x|         44|         33|         15|     694.6252273|       1392|00:00:11|+0.00|0.02|0.9645|
|x|         45|         33|        148|     694.4700000|       1425|00:00:12|+0.00|0.02|0.9645|
|x|         46|         33|        148|     694.4302174|       1458|00:00:11|+0.00|0.02|0.9635|
|x|         47|         33|        148|     694.4046809|       1491|00:00:12|+0.00|0.03|0.9620|
|x|         48|         33|        148|     694.3679167|       1524|00:00:12|+0.00|0.02|0.9627|
|x|         49|         33|        148|     694.4065306|       1557|00:00:11|+0.00|0.02|0.9630|
|=|         50|         33|        148|     694.4638000|       1590|00:00:11|+0.00|0.02|0.9619|
+-+-----------+-----------+-----------+----------------+-----------+--------+-----+----+------+
Best-so-far configuration:         148    mean value:      694.4638000
Description of the best-so-far configuration:
    .ID. his_len max_attempts .PARENT.
148  148    3245            1       59

# 2025-12-29 15:50:41 GMT: Elite configurations (first number is the configuration ID; listed from best to worst according to the sum of ranks):
    his_len max_attempts
148    3245            1
179    3143            1
151    3418            1
191    3229            3
15     3196            1
56     3878            1
203    3904            1
186    3887            1
169    3062            1
193    3223            1
# 2025-12-29 15:50:41 GMT: Iteration 4 of 4
# experimentsUsed: 5580
# remainingBudget: 420
# currentBudget: 420
# nbConfigurations: 15
# Markers:
     x No test is performed.
     c Configurations are discarded only due to capping.
     - The test is performed and some configurations are discarded.
     = The test is performed but no configuration is discarded.
     ! The test is performed and configurations could be discarded but elite configurations are preserved.
     . All alive configurations are elite and nothing is discarded.

+-+-----------+-----------+-----------+----------------+-----------+--------+-----+----+------+
| |   Instance|      Alive|       Best|       Mean best| Exp so far|  W time|  rho|KenW|  Qvar|
+-+-----------+-----------+-----------+----------------+-----------+--------+-----+----+------+
|x|         51|         15|        148|     692.6400000|         15|00:00:05|   NA|  NA|    NA|
|x|          7|         15|        214|     692.6400000|         20|00:00:02|+0.13|0.57|0.8307|
|x|         29|         15|         56|     693.6433333|         25|00:00:02|-0.04|0.31|0.9592|
|x|         35|         15|        214|     693.2025000|         30|00:00:02|-0.05|0.21|0.9301|
|x|         33|         15|        148|     693.3840000|         35|00:00:02|-0.10|0.12|1.0142|
|x|         20|         15|        214|     694.3916667|         40|00:00:02|-0.09|0.10|1.0080|
|x|         27|         15|        214|     694.1414286|         45|00:00:02|-0.07|0.09|0.9964|
|x|         17|         15|        148|     693.8862500|         50|00:00:02|-0.07|0.07|0.9927|
|x|         37|         15|        148|     693.7477778|         55|00:00:02|-0.03|0.09|0.9604|
|=|         39|         15|        148|     694.0000000|         60|00:00:02|-0.02|0.09|0.9494|
|x|         40|         15|        148|     693.8763636|         65|00:00:02|+0.00|0.10|0.9223|
|x|         12|         15|        148|     693.7733333|         70|00:00:02|+0.02|0.10|0.9059|
|x|         32|         15|        148|     694.0438462|         75|00:00:02|-0.00|0.08|0.9239|
|x|         31|         15|        148|     693.9435714|         80|00:00:02|+0.02|0.09|0.9055|
|x|         24|         15|        193|     694.3473333|         85|00:00:02|+0.01|0.08|0.9176|
|x|         36|         15|        193|     694.2937500|         90|00:00:02|+0.01|0.07|0.9195|
|x|         43|         15|        193|     694.2029412|         95|00:00:02|-0.00|0.06|0.9269|
|x|          5|         15|        191|     694.1366667|        100|00:00:02|+0.00|0.06|0.9244|
|x|          2|         15|        191|     694.0578947|        105|00:00:02|+0.00|0.05|0.9260|
|=|         19|         15|        191|     694.1720000|        110|00:00:02|+0.00|0.05|0.9250|
|x|         50|         15|        179|     694.3952381|        115|00:00:02|-0.00|0.05|0.9288|
|x|         18|         15|        179|     694.4018182|        120|00:00:02|+0.00|0.05|0.9220|
|x|         28|         15|        179|     694.3252174|        125|00:00:02|+0.01|0.05|0.9163|
|x|         16|         15|        191|     694.1112500|        130|00:00:02|+0.00|0.05|0.9204|
|x|         14|         15|        191|     694.2120000|        135|00:00:02|-0.00|0.04|0.9271|
|x|         47|         15|        191|     694.1515385|        140|00:00:02|-0.00|0.04|0.9263|
|x|          1|         15|        191|     694.0955556|        145|00:00:02|+0.00|0.04|0.9243|
|x|         38|         15|        191|     694.1246429|        150|00:00:02|-0.00|0.04|0.9247|
|x|         23|         15|        191|     694.1693103|        155|00:00:02|+0.00|0.04|0.9236|
|=|         45|         15|        191|     694.1183333|        160|00:00:02|+0.00|0.04|0.9220|
|x|          3|         15|        191|     694.2238710|        165|00:00:02|-0.00|0.03|0.9264|
|x|         30|         15|        191|     694.2393750|        170|00:00:02|+0.00|0.03|0.9262|
|x|         26|         15|        191|     694.1909091|        175|00:00:02|+0.00|0.03|0.9226|
|x|         46|         15|        191|     694.2235294|        180|00:00:02|+0.00|0.03|0.9231|
|x|         11|         15|        191|     694.2820000|        185|00:00:02|+0.00|0.03|0.9214|
|x|         44|         15|        191|     694.2363889|        190|00:00:02|+0.01|0.03|0.9196|
|x|         21|         15|        191|     694.3927027|        195|00:00:02|+0.00|0.03|0.9254|
|x|          8|         15|        191|     694.3465789|        200|00:00:02|+0.00|0.03|0.9238|
|x|         42|         15|        191|     694.4094872|        205|00:00:02|+0.00|0.03|0.9200|
|=|         49|         15|        191|     694.3652500|        210|00:00:02|+0.00|0.03|0.9211|
|x|         41|         15|        191|     694.4246341|        215|00:00:02|+0.00|0.03|0.9235|
|x|         34|         15|        191|     694.4685714|        220|00:00:02|+0.00|0.03|0.9237|
|x|          4|         15|        191|     694.5234884|        225|00:00:02|-0.00|0.02|0.9278|
|x|         22|         15|        191|     694.5915909|        230|00:00:02|+0.00|0.02|0.9276|
|x|         15|         15|        191|     694.6515556|        235|00:00:02|+0.00|0.02|0.9286|
|x|          9|         15|        191|     694.6078261|        240|00:00:02|+0.00|0.02|0.9280|
|x|         13|         15|        191|     694.5659574|        245|00:00:02|+0.00|0.03|0.9260|
|x|         48|         15|        191|     694.6177083|        250|00:00:02|+0.00|0.02|0.9284|
|x|         10|         15|        191|     694.6236735|        255|00:00:02|+0.00|0.02|0.9272|
|=|         25|         15|        179|     694.8532000|        260|00:00:02|+0.00|0.02|0.9279|
|x|          6|         15|        179|     694.8098039|        265|00:00:02|+0.00|0.02|0.9295|
|x|         52|         15|        179|     694.7680769|        280|00:00:06|+0.00|0.02|0.9284|
|x|         53|         15|        179|     694.7713208|        295|00:00:06|+0.00|0.02|0.9298|
|x|         54|         15|        179|     694.7842593|        310|00:00:05|+0.01|0.02|0.9265|
|x|         55|         15|        179|     694.7452727|        325|00:00:05|+0.01|0.02|0.9268|
|x|         56|         15|        179|     694.7076786|        340|00:00:05|+0.01|0.02|0.9256|
|x|         57|         15|        179|     694.7507018|        355|00:00:05|+0.01|0.02|0.9271|
|x|         58|         15|        179|     694.7143103|        370|00:00:05|+0.01|0.02|0.9263|
|x|         59|         15|        179|     694.7111864|        385|00:00:06|+0.01|0.02|0.9257|
|=|         60|         15|        179|     694.6766667|        400|00:00:05|+0.01|0.02|0.9250|
+-+-----------+-----------+-----------+----------------+-----------+--------+-----+----+------+
Best-so-far configuration:         179    mean value:      694.6766667
Description of the best-so-far configuration:
    .ID. his_len max_attempts .PARENT.
179  179    3143            1      116

# 2025-12-29 15:53:36 GMT: Elite configurations (first number is the configuration ID; listed from best to worst according to the sum of ranks):
    his_len max_attempts
179    3143            1
203    3904            1
191    3229            3
148    3245            1
15     3196            1
186    3887            1
151    3418            1
169    3062            1
56     3878            1
193    3223            1
# 2025-12-29 15:53:36 GMT: Stopped because there is not enough budget left to race more than the minimum (10).
# You may either increase the budget or set 'minNbSurvival' to a lower value.
# Iteration: 5
# nbIterations: 5
# experimentsUsed: 5980
# timeUsed: 0
# remainingBudget: 20
# currentBudget: 20
# number of elites: 10
# nbConfigurations: 10
# Total CPU user time: 8098.292, CPU sys time: 6177.451, Wall-clock time: 2241.708
# 2025-12-29 15:53:36 GMT: Starting post-selection:
# Configurations selected: 179, 203.
# Pending instances: 0, 0.
# 2025-12-29 15:53:36 GMT: seed: 1204466703
# Configurations: 2
# Available experiments: 20
# minSurvival: 1
# Markers:
     x No test is performed.
     c Configurations are discarded only due to capping.
     - The test is performed and some configurations are discarded.
     = The test is performed but no configuration is discarded.
     ! The test is performed and configurations could be discarded but elite configurations are preserved.
     . All alive configurations are elite and nothing is discarded.

+-+-----------+-----------+-----------+----------------+-----------+--------+-----+----+------+
| |   Instance|      Alive|       Best|       Mean best| Exp so far|  W time|  rho|KenW|  Qvar|
+-+-----------+-----------+-----------+----------------+-----------+--------+-----+----+------+
|.|         14|          2|        203|     694.6400000|          0|00:00:00|   NA|  NA|    NA|
|.|         13|          2|        203|     695.4500000|          0|00:00:00|-1.00|0.00|1.0000|
|.|          2|          2|        203|     695.7233333|          0|00:00:00|-0.33|0.11|0.6667|
|.|         25|          2|        203|     695.3250000|          0|00:00:00|+0.00|0.25|0.5000|
|.|         49|          2|        203|     696.6220000|          0|00:00:00|+0.20|0.36|0.4000|
|.|         59|          2|        203|     695.9583333|          0|00:00:00|-0.07|0.11|0.5333|
|.|         24|          2|        203|     696.0028571|          0|00:00:00|+0.05|0.18|0.4762|
|.|         38|          2|        203|     696.1337500|          0|00:00:00|-0.07|0.06|0.5357|
|.|         11|          2|        203|     696.0611111|          0|00:00:00|-0.11|0.01|0.5556|
|.|         29|          2|        203|     696.1180000|          0|00:00:00|-0.07|0.04|0.5333|
|.|         12|          2|        203|     695.8018182|          0|00:00:00|-0.09|0.01|0.5455|
|.|         37|          2|        203|     695.5383333|          0|00:00:00|-0.08|0.01|0.4962|
|.|          6|          2|        203|     695.6823077|          0|00:00:00|-0.06|0.03|0.4872|
|.|         20|          2|        203|     695.6671429|          0|00:00:00|-0.02|0.05|0.4753|
|.|         55|          2|        203|     695.4820000|          0|00:00:00|+0.01|0.08|0.4619|
|.|         10|          2|        203|     695.3043750|          0|00:00:00|+0.01|0.07|0.4333|
|.|         56|          2|        203|     695.1476471|          0|00:00:00|+0.01|0.07|0.4081|
|.|         15|          2|        203|     695.0083333|          0|00:00:00|-0.02|0.03|0.4265|
|.|         41|          2|        203|     695.0357895|          0|00:00:00|-0.04|0.01|0.4386|
|.|         16|          2|        203|     694.9160000|          0|00:00:00|-0.05|0.00|0.4461|
|.|         57|          2|        203|     694.9976190|          0|00:00:00|-0.05|0.00|0.4500|
|.|         60|          2|        203|     694.8904545|          0|00:00:00|-0.05|0.00|0.4286|
|.|         47|          2|        203|     694.7965217|          0|00:00:00|-0.04|0.00|0.4308|
|.|         23|          2|        203|     694.8729167|          0|00:00:00|-0.04|0.00|0.4348|
|.|         58|          2|        203|     694.7972000|          0|00:00:00|-0.04|0.00|0.4367|
|.|         45|          2|        203|     694.8757692|          0|00:00:00|-0.03|0.01|0.4369|
|.|         54|          2|        203|     694.9300000|          0|00:00:00|-0.02|0.01|0.4359|
|.|         50|          2|        203|     694.8571429|          0|00:00:00|-0.01|0.02|0.4339|
|.|         26|          2|        203|     694.7806897|          0|00:00:00|-0.02|0.01|0.4409|
|.|         53|          2|        203|     694.8423333|          0|00:00:00|-0.01|0.02|0.4391|
|.|         51|          2|        203|     694.8358065|          0|00:00:00|-0.02|0.01|0.4452|
|.|          8|          2|        203|     694.7671875|          0|00:00:00|-0.03|0.00|0.4496|
|.|         35|          2|        203|     694.7027273|          0|00:00:00|-0.03|0.00|0.4356|
|.|         33|          2|        203|     694.6420588|          0|00:00:00|-0.03|0.00|0.4389|
|.|          1|          2|        203|     694.5848571|          0|00:00:00|-0.03|0.00|0.4261|
|.|         31|          2|        203|     694.5308333|          0|00:00:00|-0.03|0.00|0.4139|
|.|         46|          2|        203|     694.4821622|          0|00:00:00|-0.02|0.00|0.4152|
|.|         19|          2|        203|     694.5431579|          0|00:00:00|-0.02|0.01|0.4157|
|.|         32|          2|        203|     694.5966667|          0|00:00:00|-0.01|0.01|0.4157|
|.|         52|          2|        203|     694.6385000|          0|00:00:00|-0.01|0.02|0.4151|
|.|         48|          2|        203|     694.6870732|          0|00:00:00|-0.01|0.01|0.4201|
|.|         17|          2|        203|     694.7333333|          0|00:00:00|-0.01|0.02|0.4196|
|.|         27|          2|        203|     694.7774419|          0|00:00:00|-0.01|0.01|0.4241|
|.|          5|          2|        203|     694.7288636|          0|00:00:00|-0.01|0.01|0.4144|
|.|          9|          2|        203|     694.6824444|          0|00:00:00|-0.01|0.01|0.4051|
|.|          7|          2|        203|     694.7363043|          0|00:00:00|-0.01|0.01|0.4051|
|.|         39|          2|        203|     694.7802128|          0|00:00:00|-0.00|0.02|0.4047|
|.|         28|          2|        203|     694.7408333|          0|00:00:00|+0.01|0.03|0.4040|
|.|         21|          2|        203|     694.7793878|          0|00:00:00|-0.00|0.02|0.4090|
|.|         40|          2|        203|     694.7424000|          0|00:00:00|+0.00|0.02|0.4084|
|.|         30|          2|        203|     694.7011765|          0|00:00:00|-0.00|0.02|0.4129|
|.|         44|          2|        203|     694.7382692|          0|00:00:00|-0.01|0.01|0.4169|
|.|         36|          2|        203|     694.7669811|          0|00:00:00|-0.01|0.01|0.4202|
|.|         34|          2|        203|     694.8531481|          0|00:00:00|-0.01|0.01|0.4202|
|.|         42|          2|        203|     694.8789091|          0|00:00:00|-0.01|0.01|0.4232|
|.|         22|          2|        203|     694.8389286|          0|00:00:00|-0.01|0.01|0.4156|
|.|         43|          2|        203|     694.8756140|          0|00:00:00|-0.01|0.01|0.4157|
|.|          3|          2|        203|     694.8370690|          0|00:00:00|-0.01|0.01|0.4186|
|.|         18|          2|        203|     694.7998305|          0|00:00:00|-0.01|0.00|0.4211|
|.|          4|          2|        203|     694.8035000|          0|00:00:00|-0.01|0.00|0.4140|
|x|         61|          2|        179|     694.7767213|          2|00:00:01|-0.02|0.00|0.4161|
|x|         62|          2|        179|     694.8209677|          4|00:00:01|-0.02|0.00|0.4179|
|x|         63|          2|        179|     694.8523810|          6|00:00:01|-0.02|0.00|0.4194|
|x|         64|          2|        203|     694.7553125|          8|00:00:01|-0.02|0.00|0.4205|
|x|         65|          2|        179|     694.8858462|         10|00:00:01|-0.02|0.00|0.4219|
|x|         66|          2|        179|     694.9068182|         12|00:00:01|-0.02|0.00|0.4230|
|x|         67|          2|        179|     694.9350746|         14|00:00:01|-0.02|0.00|0.4242|
|x|         68|          2|        203|     694.8172059|         16|00:00:01|-0.01|0.00|0.4253|
|x|         69|          2|        203|     694.7856522|         18|00:00:01|-0.01|0.00|0.4260|
|=|         70|          2|        203|     694.7550000|         20|00:00:01|-0.01|0.00|0.4266|
+-+-----------+-----------+-----------+----------------+-----------+--------+-----+----+------+
Best-so-far configuration:         203    mean value:      694.7550000
Description of the best-so-far configuration:
    .ID. his_len max_attempts .PARENT.
203  203    3904            1       56

# 2025-12-29 15:53:54 GMT: Elite configurations (first number is the configuration ID; listed from best to worst according to the sum of ranks):
    his_len max_attempts
203    3904            1
179    3143            1
# Total CPU user time: 8125.431, CPU sys time: 6186.791, Wall-clock time: 2259.283
# Best configurations (first number is the configuration ID; listed from best to worst according to the sum of ranks):
    his_len max_attempts
203    3904            1
179    3143            1
# Best configurations as commandlines (first number is the configuration ID; listed from best to worst according to the sum of ranks):
203 -his_len 3904 -max_attempts 1
179 -his_len 3143 -max_attempts 1


# Testing of elite configurations: 1 
# Testing iteration configurations: FALSE 
# 2025-12-29 15:53:54 GMT: No test instances, skip testing
