Starting irace...
# 2025-12-29 15:16:17 GMT: Reading parameter file '/gpfs/home/e/exx866/IRACE-b-LAHC/all-instances-fine/E-n101-k8-p2/parameters.txt'.
# 2025-12-29 15:16:17 GMT: Read 1 configuration(s) from file '/gpfs/home/e/exx866/IRACE-b-LAHC/all-instances-fine/E-n101-k8-p2/configurations.txt'
# 2025-12-29 15:16:17 GMT: Initialization
# Elitist race
# Elitist new instances: 1
# Elitist limit: 2
# nbIterations: 3
# minNbSurvival: 10
# nbParameters: 2
# seed: 1717912935
# confidence level: 0.95
# budget: 6000
# mu: 10
# deterministic: FALSE

# 2025-12-29 15:16:17 GMT: Iteration 1 of 3
# experimentsUsed: 0
# remainingBudget: 6000
# currentBudget: 2000
# nbConfigurations: 100
# Markers:
     x No test is performed.
     c Configurations are discarded only due to capping.
     - The test is performed and some configurations are discarded.
     = The test is performed but no configuration is discarded.
     ! The test is performed and configurations could be discarded but elite configurations are preserved.
     . All alive configurations are elite and nothing is discarded.

+-+-----------+-----------+-----------+----------------+-----------+--------+-----+----+------+
| |   Instance|      Alive|       Best|       Mean best| Exp so far|  W time|  rho|KenW|  Qvar|
+-+-----------+-----------+-----------+----------------+-----------+--------+-----+----+------+
|x|          1|        100|         44|     836.3600000|        100|00:00:39|   NA|  NA|    NA|
|x|          2|        100|         44|     837.8300000|        200|00:00:36|+0.07|0.53|0.7881|
|x|          3|        100|         44|     838.1800000|        300|00:00:36|+0.01|0.34|0.9090|
|x|          4|        100|         44|     838.7725000|        400|00:00:36|-0.02|0.23|0.9823|
|x|          5|        100|         44|     839.4540000|        500|00:00:37|-0.01|0.19|0.9828|
|x|          6|        100|         71|     839.9383333|        600|00:00:36|+0.01|0.18|0.9586|
|x|          7|        100|         26|     839.8914286|        700|00:00:36|+0.01|0.15|0.9573|
|x|          8|        100|         71|     840.0812500|        800|00:00:34|+0.02|0.15|0.9351|
|x|          9|        100|         28|     840.0133333|        900|00:00:36|+0.02|0.13|0.9527|
|=|         10|        100|         44|     839.7680000|       1000|00:00:35|+0.02|0.12|0.9543|
|x|         11|        100|         44|     839.8390909|       1100|00:00:36|+0.03|0.12|0.9568|
|x|         12|        100|         44|     839.9450000|       1200|00:00:36|+0.03|0.11|0.9552|
|x|         13|        100|          6|     840.1000000|       1300|00:00:36|+0.03|0.10|0.9546|
|x|         14|        100|          6|     840.2050000|       1400|00:00:36|+0.03|0.10|0.9549|
|x|         15|        100|          6|     840.2280000|       1500|00:00:35|+0.04|0.10|0.9475|
|x|         16|        100|          6|     840.1700000|       1600|00:00:36|+0.03|0.09|0.9497|
|x|         17|        100|          6|     840.1811765|       1700|00:00:36|+0.03|0.09|0.9536|
|x|         18|        100|          6|     840.2016667|       1800|00:00:36|+0.03|0.08|0.9551|
|x|         19|        100|          6|     840.3263158|       1900|00:00:36|+0.02|0.08|0.9560|
|-|         20|         48|         27|     840.3570000|       2000|00:00:35|-0.02|0.03|1.0005|
+-+-----------+-----------+-----------+----------------+-----------+--------+-----+----+------+
Best-so-far configuration:          27    mean value:      840.3570000
Description of the best-so-far configuration:
   .ID. his_len max_attempts .PARENT.
27   27    1832           17       NA

# 2025-12-29 15:28:26 GMT: Elite configurations (first number is the configuration ID; listed from best to worst according to the sum of ranks):
   his_len max_attempts
27    1832           17
56    2324            8
6     1874            6
97    1778           14
28    2174           23
86    1692            7
13    2646            8
44    1682            7
57    1639           19
65    2239            6
# 2025-12-29 15:28:26 GMT: Iteration 2 of 3
# experimentsUsed: 2000
# remainingBudget: 4000
# currentBudget: 2000
# nbConfigurations: 73
# Markers:
     x No test is performed.
     c Configurations are discarded only due to capping.
     - The test is performed and some configurations are discarded.
     = The test is performed but no configuration is discarded.
     ! The test is performed and configurations could be discarded but elite configurations are preserved.
     . All alive configurations are elite and nothing is discarded.

+-+-----------+-----------+-----------+----------------+-----------+--------+-----+----+------+
| |   Instance|      Alive|       Best|       Mean best| Exp so far|  W time|  rho|KenW|  Qvar|
+-+-----------+-----------+-----------+----------------+-----------+--------+-----+----+------+
|x|         21|         73|        114|     836.3600000|         73|00:00:26|   NA|  NA|    NA|
|x|          5|         73|        146|     839.3000000|        136|00:00:21|-0.08|0.46|1.1045|
|x|          3|         73|        146|     838.3533333|        199|00:00:23|-0.06|0.30|1.0472|
|x|         13|         73|        158|     839.5875000|        262|00:00:21|-0.01|0.24|1.0106|
|x|          6|         73|        158|     839.7800000|        325|00:00:22|-0.05|0.16|1.0276|
|x|          9|         73|        158|     839.9083333|        388|00:00:21|-0.02|0.15|1.0087|
|x|         18|         73|        158|     839.8214286|        451|00:00:21|-0.02|0.13|0.9992|
|x|         11|         73|         57|     839.9100000|        514|00:00:21|-0.02|0.11|1.0048|
|x|         17|         73|         86|     839.6933333|        577|00:00:21|-0.01|0.10|0.9954|
|=|          2|         73|         86|     839.7790000|        640|00:00:22|-0.02|0.08|1.0018|
|x|          4|         73|         86|     839.8490909|        703|00:00:21|-0.01|0.08|0.9985|
|x|         14|         73|        158|     840.1216667|        766|00:00:22|-0.02|0.07|1.0019|
|x|          1|         73|         57|     840.1007692|        829|00:00:22|-0.01|0.07|0.9939|
|x|          7|         73|         57|     840.0764286|        892|00:00:22|-0.00|0.07|0.9894|
|x|         12|         73|         57|     840.1420000|        955|00:00:21|-0.00|0.07|0.9870|
|x|         16|         73|          6|     840.1412500|       1018|00:00:21|+0.00|0.06|0.9870|
|x|         15|         73|          6|     840.1652941|       1081|00:00:22|-0.00|0.06|0.9861|
|x|         10|         73|          6|     840.1172222|       1144|00:00:22|+0.00|0.06|0.9811|
|x|         20|         73|          6|     840.1036842|       1207|00:00:21|+0.00|0.05|0.9842|
|=|         19|         73|          6|     840.2270000|       1270|00:00:22|-0.00|0.05|0.9874|
|x|          8|         73|         56|     840.3219048|       1333|00:00:23|+0.00|0.05|0.9851|
|x|         22|         73|          6|     840.2118182|       1406|00:00:25|+0.00|0.05|0.9825|
|x|         23|         73|         56|     840.2926087|       1479|00:00:26|+0.00|0.04|0.9846|
|x|         24|         73|         56|     840.3033333|       1552|00:00:26|-0.00|0.04|0.9860|
|x|         25|         73|        108|     840.3308000|       1625|00:00:26|-0.00|0.04|0.9859|
|x|         26|         73|         56|     840.3507692|       1698|00:00:26|-0.00|0.04|0.9859|
|x|         27|         73|         56|     840.3118519|       1771|00:00:25|+0.00|0.04|0.9845|
|x|         28|         73|         86|     840.4132143|       1844|00:00:25|-0.00|0.03|0.9868|
|x|         29|         73|         56|     840.6644828|       1917|00:00:25|+0.00|0.04|0.9842|
|=|         30|         73|         86|     840.3806667|       1990|00:00:25|+0.00|0.04|0.9823|
+-+-----------+-----------+-----------+----------------+-----------+--------+-----+----+------+
Best-so-far configuration:          86    mean value:      840.3806667
Description of the best-so-far configuration:
   .ID. his_len max_attempts .PARENT.
86   86    1692            7       NA

# 2025-12-29 15:40:11 GMT: Elite configurations (first number is the configuration ID; listed from best to worst according to the sum of ranks):
    his_len max_attempts
86     1692            7
6      1874            6
56     2324            8
57     1639           19
155    1896           17
108    2343            7
127    1626           14
154    1738           13
27     1832           17
131    1768            7
# 2025-12-29 15:40:11 GMT: Iteration 3 of 3
# experimentsUsed: 3990
# remainingBudget: 2010
# currentBudget: 2010
# nbConfigurations: 57
# Markers:
     x No test is performed.
     c Configurations are discarded only due to capping.
     - The test is performed and some configurations are discarded.
     = The test is performed but no configuration is discarded.
     ! The test is performed and configurations could be discarded but elite configurations are preserved.
     . All alive configurations are elite and nothing is discarded.

+-+-----------+-----------+-----------+----------------+-----------+--------+-----+----+------+
| |   Instance|      Alive|       Best|       Mean best| Exp so far|  W time|  rho|KenW|  Qvar|
+-+-----------+-----------+-----------+----------------+-----------+--------+-----+----+------+
|x|         31|         57|        197|     836.3800000|         57|00:00:20|   NA|  NA|    NA|
|x|          8|         57|         56|     839.5550000|        104|00:00:15|+0.03|0.51|0.9447|
|x|          1|         57|         56|     839.4700000|        151|00:00:17|+0.04|0.36|0.9177|
|x|          3|         57|         56|     839.6675000|        198|00:00:17|+0.04|0.28|0.9232|
|x|         21|         57|        192|     839.1000000|        245|00:00:16|+0.03|0.23|0.9241|
|x|         18|         57|         56|     839.7533333|        292|00:00:16|+0.03|0.19|0.9397|
|x|         14|         57|         56|     839.5757143|        339|00:00:17|+0.03|0.17|0.9415|
|x|         12|         57|         56|     839.3637500|        386|00:00:17|+0.02|0.14|0.9585|
|x|         22|         57|         56|     839.5088889|        433|00:00:16|+0.00|0.11|0.9732|
|=|         20|         57|         56|     839.4880000|        480|00:00:17|-0.01|0.09|0.9869|
|x|         11|         57|         56|     839.6863636|        527|00:00:16|-0.01|0.08|0.9890|
|x|         26|         57|         56|     839.7583333|        574|00:00:15|-0.02|0.07|0.9979|
|x|         25|         57|         56|     839.8761538|        621|00:00:17|-0.02|0.06|0.9954|
|x|         29|         57|         56|     839.8350000|        668|00:00:17|-0.01|0.06|0.9895|
|x|         13|         57|         56|     839.7993333|        715|00:00:17|-0.00|0.06|0.9836|
|x|         16|         57|         56|     839.7862500|        762|00:00:16|+0.00|0.07|0.9793|
|x|          2|         57|         56|     839.8311765|        809|00:00:16|+0.01|0.06|0.9771|
|x|          6|         57|         56|     840.0283333|        856|00:00:17|+0.01|0.06|0.9781|
|x|         27|         57|         56|     839.9900000|        903|00:00:16|+0.01|0.06|0.9773|
|=|          5|         57|         56|     840.0180000|        950|00:00:16|+0.01|0.06|0.9758|
|x|         30|         57|         56|     840.1861905|        997|00:00:16|+0.01|0.06|0.9755|
|x|          7|         57|          6|     840.1927273|       1044|00:00:16|+0.01|0.06|0.9720|
|x|         24|         57|         56|     840.2178261|       1091|00:00:16|+0.01|0.05|0.9742|
|x|         17|         57|         56|     840.1795833|       1138|00:00:16|+0.01|0.05|0.9718|
|x|          9|         57|         86|     840.2988000|       1185|00:00:16|+0.01|0.05|0.9726|
|x|         23|         57|         56|     840.2765385|       1232|00:00:16|+0.01|0.05|0.9737|
|x|         28|         57|          6|     840.3051852|       1279|00:00:15|+0.01|0.04|0.9779|
|x|         15|         57|          6|     840.3139286|       1326|00:00:16|+0.01|0.05|0.9755|
|x|         10|         57|          6|     840.2789655|       1373|00:00:16|+0.01|0.04|0.9746|
|=|         19|         57|          6|     840.3553333|       1420|00:00:16|+0.01|0.04|0.9757|
|x|          4|         57|          6|     840.3212903|       1467|00:00:15|+0.01|0.04|0.9759|
|x|         32|         57|          6|     840.2893750|       1524|00:00:19|+0.01|0.04|0.9752|
|x|         33|         57|          6|     840.2072727|       1581|00:00:20|+0.01|0.04|0.9742|
|x|         34|         57|          6|     840.2064706|       1638|00:00:19|+0.01|0.04|0.9740|
|x|         35|         57|          6|     840.3057143|       1695|00:00:19|+0.01|0.04|0.9771|
|x|         36|         57|          6|     840.2350000|       1752|00:00:19|+0.01|0.04|0.9746|
|x|         37|         57|          6|     840.2097297|       1809|00:00:19|+0.01|0.03|0.9769|
|x|         38|         57|          6|     840.2031579|       1866|00:00:19|+0.01|0.03|0.9753|
|x|         39|         57|          6|     840.1110256|       1923|00:00:19|+0.01|0.03|0.9777|
|=|         40|         57|          6|     840.1162500|       1980|00:00:20|+0.01|0.03|0.9758|
+-+-----------+-----------+-----------+----------------+-----------+--------+-----+----+------+
Best-so-far configuration:           6    mean value:      840.1162500
Description of the best-so-far configuration:
  .ID. his_len max_attempts .PARENT.
6    6    1874            6       NA

# 2025-12-29 15:51:46 GMT: Elite configurations (first number is the configuration ID; listed from best to worst according to the sum of ranks):
    his_len max_attempts
6      1874            6
56     2324            8
131    1768            7
185    1629           14
86     1692            7
154    1738           13
197    1866            6
196    1681            6
27     1832           17
175    1890           17
# 2025-12-29 15:51:46 GMT: Stopped because there is not enough budget left to race more than the minimum (10).
# You may either increase the budget or set 'minNbSurvival' to a lower value.
# Iteration: 4
# nbIterations: 4
# experimentsUsed: 5970
# timeUsed: 0
# remainingBudget: 30
# currentBudget: 30
# number of elites: 10
# nbConfigurations: 10
# Total CPU user time: 11461.53, CPU sys time: 6068.866, Wall-clock time: 2129.755
# 2025-12-29 15:51:47 GMT: Starting post-selection:
# Configurations selected: 6, 56, 131.
# Pending instances: 0, 0, 0.
# 2025-12-29 15:51:47 GMT: seed: 1717912935
# Configurations: 3
# Available experiments: 30
# minSurvival: 1
# Markers:
     x No test is performed.
     c Configurations are discarded only due to capping.
     - The test is performed and some configurations are discarded.
     = The test is performed but no configuration is discarded.
     ! The test is performed and configurations could be discarded but elite configurations are preserved.
     . All alive configurations are elite and nothing is discarded.

+-+-----------+-----------+-----------+----------------+-----------+--------+-----+----+------+
| |   Instance|      Alive|       Best|       Mean best| Exp so far|  W time|  rho|KenW|  Qvar|
+-+-----------+-----------+-----------+----------------+-----------+--------+-----+----+------+
|.|         27|          3|         56|     839.3000000|          0|00:00:00|   NA|  NA|    NA|
|.|         20|          3|         56|     839.3000000|          0|00:00:00|+1.00|1.00|0.0001|
|.|         35|          3|         56|     840.1366667|          0|00:00:00|+0.00|0.33|0.8098|
|.|          9|          3|         56|     840.9975000|          0|00:00:00|-0.25|0.06|0.8836|
|.|         18|          3|         56|     840.6580000|          0|00:00:00|-0.10|0.12|0.8100|
|.|         28|          3|         56|     842.4733333|          0|00:00:00|-0.17|0.03|0.7726|
|.|         26|          3|         56|     842.1985714|          0|00:00:00|-0.10|0.06|0.7524|
|.|         40|          3|         56|     841.9075000|          0|00:00:00|-0.07|0.06|0.7493|
|.|          3|          3|         56|     841.7244444|          0|00:00:00|-0.03|0.09|0.7129|
|.|         13|          3|         56|     841.4820000|          0|00:00:00|-0.04|0.06|0.7175|
|.|         30|          3|         56|     841.6700000|          0|00:00:00|-0.06|0.04|0.7265|
|.|         25|          3|         56|     841.6383333|          0|00:00:00|-0.02|0.07|0.7082|
|.|         14|          3|         56|     841.3976923|          0|00:00:00|+0.02|0.09|0.6891|
|.|         11|          3|         56|     841.4171429|          0|00:00:00|-0.01|0.06|0.6952|
|.|         12|          3|         56|     841.1813333|          0|00:00:00|-0.01|0.06|0.6996|
|.|         31|          3|         56|     841.0637500|          0|00:00:00|-0.02|0.04|0.7015|
|.|          5|          3|         56|     841.0335294|          0|00:00:00|-0.04|0.02|0.7055|
|.|         29|          3|         56|     840.9372222|          0|00:00:00|-0.03|0.02|0.6994|
|.|         38|          3|         56|     841.0610526|          0|00:00:00|-0.04|0.01|0.7024|
|.|         36|          3|         56|     840.9960000|          0|00:00:00|-0.04|0.01|0.6969|
|.|          8|          3|         56|     840.9395238|          0|00:00:00|-0.04|0.01|0.6985|
|.|          2|          3|         56|     840.9218182|          0|00:00:00|-0.04|0.01|0.6933|
|.|         24|          3|         56|     840.9056522|          0|00:00:00|-0.03|0.01|0.6896|
|.|          4|          3|         56|     840.9212500|          0|00:00:00|-0.04|0.01|0.6933|
|.|          6|          3|         56|     841.0196000|          0|00:00:00|-0.04|0.01|0.6936|
|.|         19|          3|         56|     841.0669231|          0|00:00:00|-0.03|0.01|0.6932|
|.|         32|          3|         56|     841.0229630|          0|00:00:00|-0.03|0.01|0.6906|
|.|         10|          3|         56|     840.9614286|          0|00:00:00|-0.03|0.00|0.6901|
|.|          1|          3|         56|     840.9041379|          0|00:00:00|-0.03|0.00|0.6881|
|.|         16|          3|         56|     840.8603333|          0|00:00:00|-0.03|0.00|0.6844|
|.|         21|          3|         56|     840.8503226|          0|00:00:00|-0.03|0.00|0.6795|
|.|         23|          3|         56|     840.8018750|          0|00:00:00|-0.03|0.00|0.6812|
|.|         15|          3|         56|     840.7942424|          0|00:00:00|-0.03|0.00|0.6843|
|.|         39|          3|         56|     840.7488235|          0|00:00:00|-0.03|0.00|0.6807|
|.|         17|          3|         56|     840.7074286|          0|00:00:00|-0.03|0.00|0.6828|
|.|          7|          3|         56|     840.7030556|          0|00:00:00|-0.03|0.00|0.6802|
|.|         33|          3|         56|     840.6732432|          0|00:00:00|-0.03|0.00|0.6771|
|.|         34|          3|         56|     840.6700000|          0|00:00:00|-0.03|0.00|0.6791|
|.|         37|          3|         56|     840.6579487|          0|00:00:00|-0.02|0.00|0.6755|
|.|         22|          3|         56|     840.6582500|          0|00:00:00|-0.02|0.00|0.6744|
|x|         41|          3|          6|     840.1712195|          3|00:00:02|-0.02|0.00|0.6778|
|x|         42|          3|          6|     840.1504762|          6|00:00:02|-0.02|0.00|0.6747|
|x|         43|          3|          6|     840.2006977|          9|00:00:02|-0.02|0.00|0.6758|
|x|         44|          3|          6|     840.2627273|         12|00:00:02|-0.02|0.00|0.6760|
|x|         45|          3|          6|     840.2537778|         15|00:00:02|-0.02|0.01|0.6740|
|x|         46|          3|          6|     840.3078261|         18|00:00:02|-0.01|0.01|0.6746|
|x|         47|          3|          6|     840.3610638|         21|00:00:02|-0.02|0.00|0.6771|
|x|         48|          3|          6|     840.3827083|         24|00:00:02|-0.02|0.00|0.6787|
|x|         49|          3|          6|     840.3928571|         27|00:00:02|-0.02|0.00|0.6790|
|=|         50|          3|          6|     840.3960000|         30|00:00:02|-0.02|0.00|0.6773|
+-+-----------+-----------+-----------+----------------+-----------+--------+-----+----+------+
Best-so-far configuration:           6    mean value:      840.3960000
Description of the best-so-far configuration:
  .ID. his_len max_attempts .PARENT.
6    6    1874            6       NA

# 2025-12-29 15:52:10 GMT: Elite configurations (first number is the configuration ID; listed from best to worst according to the sum of ranks):
    his_len max_attempts
6      1874            6
56     2324            8
131    1768            7
# Total CPU user time: 11516.14, CPU sys time: 6084.815, Wall-clock time: 2152.84
# Best configurations (first number is the configuration ID; listed from best to worst according to the sum of ranks):
    his_len max_attempts
6      1874            6
56     2324            8
131    1768            7
# Best configurations as commandlines (first number is the configuration ID; listed from best to worst according to the sum of ranks):
6   -his_len 1874 -max_attempts 6
56  -his_len 2324 -max_attempts 8
131 -his_len 1768 -max_attempts 7


# Testing of elite configurations: 1 
# Testing iteration configurations: FALSE 
# 2025-12-29 15:52:10 GMT: No test instances, skip testing
