Starting irace...
# 2025-12-29 15:59:34 GMT: Reading parameter file '/gpfs/home/e/exx866/IRACE-b-LAHC/all-instances-fine/M-n163-k12-s12-p2/parameters.txt'.
# 2025-12-29 15:59:34 GMT: Read 1 configuration(s) from file '/gpfs/home/e/exx866/IRACE-b-LAHC/all-instances-fine/M-n163-k12-s12-p2/configurations.txt'
# 2025-12-29 15:59:34 GMT: Initialization
# Elitist race
# Elitist new instances: 1
# Elitist limit: 2
# nbIterations: 3
# minNbSurvival: 10
# nbParameters: 2
# seed: 488494087
# confidence level: 0.95
# budget: 6000
# mu: 10
# deterministic: FALSE

# 2025-12-29 15:59:34 GMT: Iteration 1 of 3
# experimentsUsed: 0
# remainingBudget: 6000
# currentBudget: 2000
# nbConfigurations: 100
# Markers:
     x No test is performed.
     c Configurations are discarded only due to capping.
     - The test is performed and some configurations are discarded.
     = The test is performed but no configuration is discarded.
     ! The test is performed and configurations could be discarded but elite configurations are preserved.
     . All alive configurations are elite and nothing is discarded.

+-+-----------+-----------+-----------+----------------+-----------+--------+-----+----+------+
| |   Instance|      Alive|       Best|       Mean best| Exp so far|  W time|  rho|KenW|  Qvar|
+-+-----------+-----------+-----------+----------------+-----------+--------+-----+----+------+
|x|          1|        100|         92|     1032.800000|        100|00:00:34|   NA|  NA|    NA|
|x|          2|        100|          8|     1036.140000|        200|00:00:38|+0.31|0.66|0.7534|
|x|          3|        100|         96|     1036.136667|        300|00:00:39|+0.41|0.61|0.6410|
|x|          4|        100|         98|     1037.095000|        400|00:00:39|+0.43|0.57|0.6111|
|x|          5|        100|         96|     1036.774000|        500|00:00:37|+0.51|0.61|0.5197|
|x|          6|        100|         96|     1036.746667|        600|00:00:33|+0.51|0.59|0.5166|
|x|          7|        100|         96|     1037.048571|        700|00:00:37|+0.54|0.61|0.4798|
|x|          8|        100|         96|     1037.581250|        800|00:00:36|+0.55|0.61|0.4626|
|x|          9|        100|         96|     1037.835556|        900|00:00:35|+0.56|0.61|0.4471|
|-|         10|         25|         96|     1038.123000|       1000|00:00:39|-0.01|0.09|0.9902|
|x|         11|         25|         98|     1039.166364|       1025|00:00:11|-0.00|0.09|0.9793|
|x|         12|         25|         98|     1039.365000|       1050|00:00:12|-0.00|0.08|0.9714|
|x|         13|         25|         81|     1039.313077|       1075|00:00:11|+0.02|0.10|0.9489|
|x|         14|         25|         98|     1039.260000|       1100|00:00:11|+0.02|0.09|0.9511|
|x|         15|         25|         81|     1039.369333|       1125|00:00:10|+0.01|0.08|0.9619|
|x|         16|         25|         98|     1039.415625|       1150|00:00:10|+0.01|0.07|0.9594|
|x|         17|         25|         81|     1039.382941|       1175|00:00:10|+0.02|0.08|0.9506|
|x|         18|         25|         81|     1039.411111|       1200|00:00:11|+0.02|0.07|0.9469|
|x|         19|         25|         98|     1039.254737|       1225|00:00:11|+0.01|0.06|0.9512|
|=|         20|         25|         98|     1039.536500|       1250|00:00:10|+0.01|0.06|0.9525|
|x|         21|         25|         98|     1039.370476|       1275|00:00:10|+0.01|0.06|0.9482|
|x|         22|         25|         98|     1039.222273|       1300|00:00:12|+0.02|0.07|0.9410|
|x|         23|         25|         98|     1039.351304|       1325|00:00:11|+0.03|0.07|0.9371|
|x|         24|         25|         98|     1039.417917|       1350|00:00:11|+0.02|0.07|0.9387|
|x|         25|         25|         98|     1039.378000|       1375|00:00:10|+0.02|0.06|0.9392|
|x|         26|         25|         98|     1039.813462|       1400|00:00:10|+0.02|0.06|0.9405|
|x|         27|         25|         98|     1039.776296|       1425|00:00:10|+0.02|0.06|0.9363|
|x|         28|         25|         98|     1039.865357|       1450|00:00:11|+0.03|0.06|0.9338|
|x|         29|         25|         98|     1039.754138|       1475|00:00:11|+0.02|0.06|0.9387|
|-|         30|         11|         98|     1039.580333|       1500|00:00:11|-0.01|0.02|0.9239|
|x|         31|         11|         98|     1039.536452|       1511|00:00:07|-0.01|0.03|0.9207|
|x|         32|         11|         98|     1039.514688|       1522|00:00:06|-0.00|0.03|0.9174|
|x|         33|         11|         98|     1039.473939|       1533|00:00:07|+0.00|0.03|0.9116|
|x|         34|         11|         98|     1039.603824|       1544|00:00:07|+0.00|0.03|0.9101|
|x|         35|         11|         98|     1039.424286|       1555|00:00:07|+0.01|0.03|0.9074|
|x|         36|         11|         98|     1039.338056|       1566|00:00:07|+0.01|0.03|0.9097|
|x|         37|         11|         98|     1039.224865|       1577|00:00:07|+0.01|0.04|0.9049|
|x|         38|         11|         98|     1039.248947|       1588|00:00:07|+0.01|0.03|0.9062|
|x|         39|         11|         98|     1039.452564|       1599|00:00:07|+0.01|0.03|0.9070|
|=|         40|         11|         98|     1039.559250|       1610|00:00:07|+0.01|0.03|0.9056|
|x|         41|         11|         98|     1039.617805|       1621|00:00:07|+0.00|0.03|0.9075|
|x|         42|         11|         98|     1039.490238|       1632|00:00:07|+0.01|0.03|0.9057|
|x|         43|         11|         98|     1039.746512|       1643|00:00:07|+0.01|0.03|0.9060|
|x|         44|         11|         98|     1039.726364|       1654|00:00:07|+0.01|0.03|0.9034|
|x|         45|         11|         98|     1039.726000|       1665|00:00:07|+0.01|0.03|0.8994|
|x|         46|         11|         98|     1039.592826|       1676|00:00:06|+0.01|0.03|0.8991|
|x|         47|         11|         98|     1039.579362|       1687|00:00:07|+0.01|0.03|0.8962|
|x|         48|         11|         98|     1039.832292|       1698|00:00:07|+0.01|0.03|0.8985|
|x|         49|         11|         98|     1039.948776|       1709|00:00:07|+0.00|0.02|0.9029|
|=|         50|         11|         98|     1039.942400|       1720|00:00:07|+0.00|0.02|0.9014|
+-+-----------+-----------+-----------+----------------+-----------+--------+-----+----+------+
Best-so-far configuration:          98    mean value:      1039.942400
Description of the best-so-far configuration:
   .ID. his_len max_attempts .PARENT.
98   98   15667            5       NA

# 2025-12-29 16:11:58 GMT: Elite configurations (first number is the configuration ID; listed from best to worst according to the sum of ranks):
   his_len max_attempts
98   15667            5
55   18166            5
91   17411            6
17   12936            6
92   15551           25
96   12761           15
88   15086           11
42   19329           17
19   16423            9
60   13982           10
# 2025-12-29 16:11:58 GMT: Iteration 2 of 3
# experimentsUsed: 1720
# remainingBudget: 4280
# currentBudget: 2140
# nbConfigurations: 44
# Markers:
     x No test is performed.
     c Configurations are discarded only due to capping.
     - The test is performed and some configurations are discarded.
     = The test is performed but no configuration is discarded.
     ! The test is performed and configurations could be discarded but elite configurations are preserved.
     . All alive configurations are elite and nothing is discarded.

+-+-----------+-----------+-----------+----------------+-----------+--------+-----+----+------+
| |   Instance|      Alive|       Best|       Mean best| Exp so far|  W time|  rho|KenW|  Qvar|
+-+-----------+-----------+-----------+----------------+-----------+--------+-----+----+------+
|x|         51|         44|        114|     1032.470000|         44|00:00:17|   NA|  NA|    NA|
|x|         27|         44|        114|     1034.960000|         78|00:00:15|-0.05|0.47|1.0882|
|x|         43|         44|        116|     1035.553333|        112|00:00:14|+0.08|0.39|0.9195|
|x|          8|         44|        133|     1036.395000|        146|00:00:14|+0.03|0.27|0.9692|
|x|         44|         44|        107|     1036.182000|        180|00:00:14|+0.03|0.22|0.9559|
|x|         23|         44|        129|     1037.776667|        214|00:00:12|+0.03|0.19|0.9622|
|x|         37|         44|        107|     1038.331429|        248|00:00:14|+0.03|0.17|0.9626|
|x|         10|         44|         17|     1038.340000|        282|00:00:14|+0.05|0.17|0.9501|
|x|         15|         44|        107|     1037.831111|        316|00:00:14|+0.03|0.13|0.9586|
|-|          3|         28|        107|     1038.148000|        350|00:00:14|-0.05|0.05|1.0216|
|x|          9|         28|        107|     1038.763636|        368|00:00:08|-0.06|0.04|1.0181|
|x|         17|         28|         55|     1038.980000|        386|00:00:08|-0.05|0.04|1.0105|
|x|         41|         28|        129|     1039.601538|        404|00:00:09|-0.04|0.04|1.0045|
|x|         32|         28|         55|     1039.475714|        422|00:00:08|-0.03|0.04|1.0018|
|x|         36|         28|        134|     1038.913333|        440|00:00:08|-0.03|0.04|0.9957|
|x|         21|         28|        134|     1038.732500|        458|00:00:08|-0.01|0.05|0.9867|
|x|          6|         28|        133|     1039.435882|        476|00:00:09|-0.01|0.05|0.9798|
|x|         28|         28|        134|     1038.842778|        494|00:00:08|-0.00|0.05|0.9730|
|x|         29|         28|        134|     1038.830000|        512|00:00:09|+0.00|0.06|0.9666|
|=|         42|         28|        109|     1039.684500|        530|00:00:09|+0.02|0.06|0.9553|
|x|          5|         28|        127|     1039.313333|        548|00:00:08|+0.02|0.06|0.9552|
|x|         16|         28|        127|     1039.459091|        566|00:00:09|+0.01|0.05|0.9577|
|x|         39|         28|        127|     1039.473913|        584|00:00:08|+0.01|0.05|0.9593|
|x|         47|         28|         91|     1039.867917|        602|00:00:09|+0.01|0.05|0.9548|
|x|         50|         28|         91|     1039.852000|        620|00:00:08|+0.01|0.05|0.9551|
|x|         38|         28|        127|     1039.456538|        638|00:00:08|+0.01|0.05|0.9536|
|x|         12|         28|         91|     1039.696296|        656|00:00:09|+0.01|0.04|0.9546|
|x|         18|         28|        127|     1039.306786|        674|00:00:08|+0.01|0.04|0.9554|
|x|         35|         28|        127|     1039.340345|        692|00:00:08|+0.01|0.04|0.9541|
|=|         13|         28|         96|     1039.658667|        710|00:00:08|+0.01|0.04|0.9536|
|x|         22|         28|         96|     1039.506129|        728|00:00:07|+0.01|0.04|0.9533|
|x|         11|         28|        127|     1039.226875|        746|00:00:09|+0.01|0.04|0.9525|
|x|         45|         28|         96|     1039.474242|        764|00:00:09|+0.02|0.05|0.9462|
|x|         19|         28|        107|     1039.175000|        782|00:00:08|+0.02|0.05|0.9448|
|x|         40|         28|        127|     1039.129143|        800|00:00:09|+0.02|0.05|0.9454|
|x|         25|         28|        127|     1039.090833|        818|00:00:08|+0.02|0.05|0.9429|
|x|         34|         28|        107|     1039.301892|        836|00:00:09|+0.02|0.05|0.9422|
|x|          7|         28|        129|     1039.650000|        854|00:00:09|+0.02|0.05|0.9432|
|x|         20|         28|        129|     1039.583077|        872|00:00:10|+0.02|0.04|0.9442|
|-|          2|         20|        129|     1039.514750|        890|00:00:10|+0.00|0.03|0.9486|
|x|         14|         20|        129|     1039.367805|        900|00:00:06|+0.00|0.03|0.9496|
|x|         33|         20|        129|     1039.185000|        910|00:00:07|+0.00|0.03|0.9488|
|x|          4|         20|        129|     1039.186279|        920|00:00:06|+0.00|0.03|0.9473|
|x|         46|         20|        129|     1039.245682|        930|00:00:06|+0.00|0.03|0.9456|
|x|         30|         20|        129|     1039.308222|        940|00:00:07|+0.00|0.03|0.9455|
|x|         31|         20|        129|     1039.290652|        950|00:00:07|+0.00|0.03|0.9447|
|x|         49|         20|        129|     1039.421277|        960|00:00:06|+0.00|0.03|0.9453|
|x|         24|         20|        129|     1039.296250|        970|00:00:06|+0.01|0.03|0.9437|
|x|         48|         20|        129|     1039.270612|        980|00:00:07|+0.01|0.03|0.9456|
|=|         26|         20|        129|     1039.248600|        990|00:00:07|+0.00|0.02|0.9485|
|x|          1|         20|        129|     1039.366667|       1000|00:00:06|-0.00|0.02|0.9511|
|x|         52|         20|        129|     1039.525000|       1020|00:00:09|-0.00|0.02|0.9511|
|x|         53|         20|        129|     1039.451887|       1040|00:00:10|-0.00|0.02|0.9506|
|x|         54|         20|        129|     1039.542037|       1060|00:00:10|+0.00|0.02|0.9497|
|x|         55|         20|        129|     1039.568364|       1080|00:00:10|-0.00|0.02|0.9497|
|x|         56|         20|        129|     1039.533393|       1100|00:00:10|+0.00|0.02|0.9475|
|x|         57|         20|        129|     1039.572982|       1120|00:00:10|+0.00|0.02|0.9465|
|x|         58|         20|        134|     1039.711724|       1140|00:00:09|+0.00|0.02|0.9468|
|x|         59|         20|        129|     1039.641864|       1160|00:00:09|+0.00|0.02|0.9459|
|=|         60|         20|        129|     1039.629833|       1180|00:00:09|+0.00|0.02|0.9465|
|x|         61|         20|        129|     1039.649672|       1200|00:00:10|+0.00|0.02|0.9467|
|x|         62|         20|        134|     1039.693548|       1220|00:00:09|+0.00|0.02|0.9463|
|x|         63|         20|        129|     1039.627143|       1240|00:00:09|+0.00|0.02|0.9460|
|x|         64|         20|        129|     1039.665937|       1260|00:00:10|+0.00|0.02|0.9452|
|x|         65|         20|        129|     1039.588615|       1280|00:00:09|+0.01|0.02|0.9440|
|x|         66|         20|        129|     1039.586364|       1300|00:00:10|+0.01|0.02|0.9420|
|x|         67|         20|        134|     1039.630448|       1320|00:00:11|+0.01|0.02|0.9410|
|x|         68|         20|        134|     1039.622941|       1340|00:00:10|+0.01|0.02|0.9418|
|x|         69|         20|        134|     1039.729565|       1360|00:00:09|+0.01|0.02|0.9412|
|=|         70|         20|        134|     1039.702286|       1380|00:00:10|+0.01|0.02|0.9417|
+-+-----------+-----------+-----------+----------------+-----------+--------+-----+----+------+
Best-so-far configuration:         134    mean value:      1039.702286
Description of the best-so-far configuration:
    .ID. his_len max_attempts .PARENT.
134  134   12717            5       17

# 2025-12-29 16:23:24 GMT: Elite configurations (first number is the configuration ID; listed from best to worst according to the sum of ranks):
    his_len max_attempts
134   12717            5
127   14218            9
98    15667            5
129   14065            6
55    18166            5
17    12936            6
109   13498           11
123   13052            5
91    17411            6
103   17370            7
# 2025-12-29 16:23:24 GMT: Iteration 3 of 3
# experimentsUsed: 3100
# remainingBudget: 2900
# currentBudget: 2900
# nbConfigurations: 45
# Markers:
     x No test is performed.
     c Configurations are discarded only due to capping.
     - The test is performed and some configurations are discarded.
     = The test is performed but no configuration is discarded.
     ! The test is performed and configurations could be discarded but elite configurations are preserved.
     . All alive configurations are elite and nothing is discarded.

+-+-----------+-----------+-----------+----------------+-----------+--------+-----+----+------+
| |   Instance|      Alive|       Best|       Mean best| Exp so far|  W time|  rho|KenW|  Qvar|
+-+-----------+-----------+-----------+----------------+-----------+--------+-----+----+------+
|x|         71|         45|        152|     1032.070000|         45|00:00:18|   NA|  NA|    NA|
|x|         23|         45|        158|     1035.335000|         80|00:00:14|+0.02|0.51|0.9017|
|x|          2|         45|        127|     1036.653333|        115|00:00:15|-0.04|0.31|1.0058|
|x|         20|         45|        144|     1037.925000|        150|00:00:14|-0.01|0.25|0.9630|
|x|         22|         45|        144|     1037.270000|        185|00:00:13|+0.03|0.23|0.9313|
|x|         40|         45|        144|     1037.695000|        220|00:00:16|+0.01|0.17|0.9623|
|x|         39|         45|        144|     1037.777143|        255|00:00:15|+0.01|0.16|0.9517|
|x|         13|         45|        144|     1037.886250|        290|00:00:16|+0.00|0.13|0.9575|
|x|          9|         45|        146|     1037.646667|        325|00:00:13|+0.03|0.13|0.9449|
|=|          6|         45|        144|     1038.617000|        360|00:00:16|+0.01|0.11|0.9578|
|x|         45|         45|        144|     1038.734545|        395|00:00:13|-0.00|0.09|0.9654|
|x|         47|         45|        144|     1038.737500|        430|00:00:13|-0.01|0.07|0.9817|
|x|         60|         45|        144|     1038.488462|        465|00:00:15|-0.02|0.06|0.9871|
|x|         21|         45|        144|     1038.472143|        500|00:00:14|-0.02|0.05|0.9903|
|x|         34|         45|        144|     1038.444667|        535|00:00:13|-0.02|0.05|0.9852|
|x|         53|         45|        144|     1038.643125|        570|00:00:15|-0.02|0.04|0.9905|
|x|         17|         45|        158|     1038.554118|        605|00:00:13|-0.02|0.04|0.9910|
|x|         63|         45|        158|     1038.432222|        640|00:00:15|-0.02|0.04|0.9889|
|x|         68|         45|        158|     1038.398421|        675|00:00:13|-0.02|0.03|0.9919|
|=|         38|         45|        158|     1039.075000|        710|00:00:15|-0.02|0.03|0.9931|
|x|         55|         45|        144|     1038.897619|        745|00:00:14|-0.02|0.03|0.9909|
|x|         41|         45|        158|     1039.486364|        780|00:00:14|-0.02|0.03|0.9896|
|x|         52|         45|        158|     1039.341739|        815|00:00:14|-0.01|0.03|0.9888|
|x|          7|         45|        158|     1039.376667|        850|00:00:15|-0.02|0.03|0.9908|
|x|          1|         45|        158|     1039.589200|        885|00:00:15|-0.02|0.03|0.9914|
|x|         56|         45|        103|     1039.111923|        920|00:00:14|-0.01|0.03|0.9876|
|x|         64|         45|        158|     1039.496296|        955|00:00:15|-0.01|0.02|0.9872|
|x|         57|         45|        158|     1039.742143|        990|00:00:13|-0.01|0.02|0.9853|
|x|         19|         45|        103|     1039.563448|       1025|00:00:14|-0.01|0.02|0.9852|
|=|         65|         45|        144|     1039.564333|       1060|00:00:14|-0.01|0.02|0.9837|
|x|         70|         45|        123|     1039.099677|       1095|00:00:15|-0.01|0.02|0.9826|
|x|         31|         45|        123|     1038.961250|       1130|00:00:14|-0.01|0.02|0.9817|
|x|         16|         45|        137|     1039.583939|       1165|00:00:12|-0.01|0.02|0.9822|
|x|         12|         45|        137|     1039.677941|       1200|00:00:14|-0.01|0.02|0.9819|
|x|         67|         45|        137|     1039.644857|       1235|00:00:11|-0.01|0.02|0.9795|
|x|         46|         45|        123|     1038.984444|       1270|00:00:13|-0.00|0.02|0.9774|
|x|          8|         45|        137|     1039.598919|       1305|00:00:15|-0.00|0.02|0.9758|
|x|         44|         45|        138|     1039.233158|       1340|00:00:15|-0.00|0.02|0.9739|
|x|         43|         45|        138|     1039.192821|       1375|00:00:13|-0.00|0.03|0.9715|
|=|         62|         45|        138|     1039.157000|       1410|00:00:14|-0.00|0.02|0.9718|
|x|         18|         45|        138|     1039.014634|       1445|00:00:12|+0.00|0.02|0.9725|
|x|         15|         45|        123|     1038.631905|       1480|00:00:14|+0.00|0.02|0.9727|
|x|         49|         45|        123|     1038.663488|       1515|00:00:14|+0.00|0.02|0.9729|
|x|         25|         45|        123|     1038.582955|       1550|00:00:13|+0.00|0.02|0.9734|
|x|         58|         45|        123|     1038.714889|       1585|00:00:15|+0.00|0.02|0.9721|
|x|         14|         45|        123|     1038.765000|       1620|00:00:14|+0.00|0.02|0.9718|
|x|         26|         45|        123|     1038.731915|       1655|00:00:12|+0.00|0.02|0.9718|
|x|         54|         45|        123|     1038.626667|       1690|00:00:15|+0.00|0.02|0.9721|
|x|         33|         45|        123|     1038.593061|       1725|00:00:14|+0.00|0.02|0.9716|
|=|         27|         45|        123|     1038.655400|       1760|00:00:14|+0.00|0.02|0.9723|
|x|         48|         45|        123|     1038.808235|       1795|00:00:15|+0.00|0.02|0.9722|
|x|          4|         45|        123|     1038.744615|       1830|00:00:15|+0.00|0.02|0.9723|
|x|         36|         45|        123|     1038.824151|       1865|00:00:15|+0.00|0.02|0.9730|
|x|         69|         45|        123|     1038.842407|       1900|00:00:14|+0.00|0.02|0.9732|
|x|          5|         45|        137|     1039.440545|       1935|00:00:13|+0.00|0.02|0.9747|
|x|         29|         45|        137|     1039.532857|       1970|00:00:14|+0.00|0.02|0.9752|
|x|          3|         45|        137|     1039.607193|       2005|00:00:15|+0.00|0.02|0.9746|
|x|         24|         45|        123|     1039.078793|       2040|00:00:14|+0.00|0.02|0.9738|
|x|         61|         45|        123|     1039.305254|       2075|00:00:12|+0.00|0.02|0.9745|
|=|         66|         45|        123|     1039.207000|       2110|00:00:14|+0.00|0.02|0.9740|
|x|         11|         45|        123|     1039.191803|       2145|00:00:13|+0.00|0.02|0.9727|
|x|         32|         45|        123|     1039.212903|       2180|00:00:14|+0.00|0.02|0.9731|
|x|         28|         45|        154|     1039.378730|       2215|00:00:15|+0.00|0.02|0.9726|
|x|         37|         45|        162|     1039.542813|       2250|00:00:14|+0.00|0.02|0.9737|
|x|         59|         45|        154|     1039.349538|       2285|00:00:14|+0.00|0.02|0.9734|
|x|         35|         45|        162|     1039.562273|       2320|00:00:14|+0.00|0.02|0.9745|
|x|         30|         45|        162|     1039.606866|       2355|00:00:14|+0.00|0.02|0.9749|
|x|         51|         45|        154|     1039.434265|       2390|00:00:15|+0.00|0.02|0.9750|
|x|         42|         45|        154|     1039.388116|       2425|00:00:15|+0.00|0.02|0.9747|
|=|         50|         45|        154|     1039.316286|       2460|00:00:14|+0.00|0.02|0.9750|
|x|         10|         45|        154|     1039.311408|       2495|00:00:15|+0.00|0.02|0.9748|
|x|         72|         45|        154|     1039.311389|       2540|00:00:18|+0.00|0.02|0.9752|
|x|         73|         45|        154|     1039.458493|       2585|00:00:19|+0.00|0.02|0.9747|
|x|         74|         45|        154|     1039.426081|       2630|00:00:19|+0.00|0.02|0.9743|
|x|         75|         45|        154|     1039.450933|       2675|00:00:18|+0.00|0.02|0.9748|
|x|         76|         45|        154|     1039.450658|       2720|00:00:18|+0.00|0.02|0.9740|
|x|         77|         45|        154|     1039.582857|       2765|00:00:17|+0.00|0.02|0.9745|
|x|         78|         45|        154|     1039.547949|       2810|00:00:18|+0.00|0.02|0.9739|
|x|         79|         45|        154|     1039.537595|       2855|00:00:16|+0.00|0.01|0.9742|
|=|         80|         45|        134|     1039.513375|       2900|00:00:18|+0.00|0.01|0.9747|
+-+-----------+-----------+-----------+----------------+-----------+--------+-----+----+------+
Best-so-far configuration:         134    mean value:      1039.513375
Description of the best-so-far configuration:
    .ID. his_len max_attempts .PARENT.
134  134   12717            5       17

# 2025-12-29 16:43:27 GMT: Elite configurations (first number is the configuration ID; listed from best to worst according to the sum of ranks):
    his_len max_attempts
134   12717            5
154   12965            6
158   14230            9
138   12646            5
149   12912            5
123   13052            5
129   14065            6
162   14314            9
146   12759            6
98    15667            5
# 2025-12-29 16:43:27 GMT: Stopped because budget is exhausted
# Iteration: 4
# nbIterations: 3
# experimentsUsed: 6000
# timeUsed: 0
# remainingBudget: 0
# currentBudget: 2900
# number of elites: 10
# nbConfigurations: 45
# Total CPU user time: 30026.97, CPU sys time: 5640.66, Wall-clock time: 2632.748
# Best configurations (first number is the configuration ID; listed from best to worst according to the sum of ranks):
    his_len max_attempts
134   12717            5
154   12965            6
158   14230            9
138   12646            5
149   12912            5
123   13052            5
129   14065            6
162   14314            9
146   12759            6
98    15667            5
# Best configurations as commandlines (first number is the configuration ID; listed from best to worst according to the sum of ranks):
134 -his_len 12717 -max_attempts 5
154 -his_len 12965 -max_attempts 6
158 -his_len 14230 -max_attempts 9
138 -his_len 12646 -max_attempts 5
149 -his_len 12912 -max_attempts 5
123 -his_len 13052 -max_attempts 5
129 -his_len 14065 -max_attempts 6
162 -his_len 14314 -max_attempts 9
146 -his_len 12759 -max_attempts 6
98  -his_len 15667 -max_attempts 5


# Testing of elite configurations: 1 
# Testing iteration configurations: FALSE 
# 2025-12-29 16:43:27 GMT: No test instances, skip testing
