Starting irace...
# 2026-01-04 14:27:15 GMT: Reading parameter file '/gpfs/home/e/exx866/IRACE-b-LAHC/all-instances-fine/X-n759-k98-s10/parameters.txt'.
# 2026-01-04 14:27:15 GMT: Read 1 configuration(s) from file '/gpfs/home/e/exx866/IRACE-b-LAHC/all-instances-fine/X-n759-k98-s10/configurations.txt'
# 2026-01-04 14:27:15 GMT: Initialization
# Elitist race
# Elitist new instances: 1
# Elitist limit: 2
# nbIterations: 3
# minNbSurvival: 10
# nbParameters: 2
# seed: 1059139265
# confidence level: 0.95
# budget: 6000
# mu: 10
# deterministic: FALSE

# 2026-01-04 14:27:15 GMT: Iteration 1 of 3
# experimentsUsed: 0
# remainingBudget: 6000
# currentBudget: 2000
# nbConfigurations: 100
# Markers:
     x No test is performed.
     c Configurations are discarded only due to capping.
     - The test is performed and some configurations are discarded.
     = The test is performed but no configuration is discarded.
     ! The test is performed and configurations could be discarded but elite configurations are preserved.
     . All alive configurations are elite and nothing is discarded.

+-+-----------+-----------+-----------+----------------+-----------+--------+-----+----+------+
| |   Instance|      Alive|       Best|       Mean best| Exp so far|  W time|  rho|KenW|  Qvar|
+-+-----------+-----------+-----------+----------------+-----------+--------+-----+----+------+
|x|          1|        100|         30|     77765.29000|        100|01:22:39|   NA|  NA|    NA|
|x|          2|        100|         96|     77913.95000|        200|01:26:42|-0.14|0.43|1.1373|
|x|          3|        100|         80|     77937.18667|        300|01:28:56|+0.07|0.38|0.8962|
|x|          4|        100|         80|     77944.74250|        400|01:30:14|+0.17|0.38|0.7838|
|x|          5|        100|         97|     77964.19400|        500|01:29:23|+0.13|0.31|0.8309|
|x|          6|        100|         97|     77951.99167|        600|01:23:58|+0.07|0.22|0.9003|
|x|          7|        100|         97|     77952.08857|        700|01:32:15|+0.10|0.23|0.8707|
|x|          8|        100|         80|     77959.78375|        800|01:30:06|+0.13|0.24|0.8285|
|x|          9|        100|         33|     77973.81333|        900|01:29:14|+0.15|0.25|0.8023|
|-|         10|         58|         33|     77973.97900|       1000|01:30:08|-0.05|0.05|1.0386|
|x|         11|         58|         33|     77968.65091|       1058|00:34:42|-0.04|0.05|1.0256|
|x|         12|         58|         93|     77965.54250|       1116|00:36:57|-0.03|0.05|1.0150|
|x|         13|         58|         33|     77976.36538|       1174|00:37:35|-0.03|0.05|1.0078|
|x|         14|         58|         93|     77962.41929|       1232|00:41:31|-0.03|0.05|1.0063|
|x|         15|         58|         33|     77975.03000|       1290|00:37:42|-0.02|0.05|1.0024|
|x|         16|         58|         33|     77972.36750|       1348|00:38:25|-0.01|0.05|0.9972|
|x|         17|         58|         33|     77975.00059|       1406|00:37:16|-0.01|0.05|0.9886|
|x|         18|         58|         33|     77976.88667|       1464|00:39:15|+0.00|0.06|0.9833|
|x|         19|         58|         33|     77980.65895|       1522|00:35:34|+0.00|0.05|0.9825|
|=|         20|         58|         33|     77980.42050|       1580|00:37:52|+0.00|0.05|0.9827|
+-+-----------+-----------+-----------+----------------+-----------+--------+-----+----+------+
Best-so-far configuration:          33    mean value:      77980.42050
Description of the best-so-far configuration:
   .ID. his_len max_attempts .PARENT.
33   33    8199          497       NA

# 2026-01-05 11:27:50 GMT: Elite configurations (first number is the configuration ID; listed from best to worst according to the sum of ranks):
   his_len max_attempts
33    8199          497
93   10718          409
19   10369          412
61   10757          471
97   11338          466
64   10136          377
5    11144          398
20    9129          450
52   11067          443
28   10059          441
# 2026-01-05 11:27:50 GMT: Iteration 2 of 3
# experimentsUsed: 1580
# remainingBudget: 4420
# currentBudget: 2210
# nbConfigurations: 80
# Markers:
     x No test is performed.
     c Configurations are discarded only due to capping.
     - The test is performed and some configurations are discarded.
     = The test is performed but no configuration is discarded.
     ! The test is performed and configurations could be discarded but elite configurations are preserved.
     . All alive configurations are elite and nothing is discarded.

+-+-----------+-----------+-----------+----------------+-----------+--------+-----+----+------+
| |   Instance|      Alive|       Best|       Mean best| Exp so far|  W time|  rho|KenW|  Qvar|
+-+-----------+-----------+-----------+----------------+-----------+--------+-----+----+------+
|x|         21|         80|        161|     77823.62000|         80|01:00:38|   NA|  NA|    NA|
|x|         15|         80|        143|     77898.27000|        150|00:46:48|+0.11|0.55|0.8759|
|x|          1|         80|        143|     77902.48000|        220|00:50:32|+0.15|0.43|0.8680|
|x|         10|         80|        143|     77917.66750|        290|00:52:21|+0.12|0.34|0.8931|
|x|          6|         80|         97|     77924.86400|        360|00:44:54|+0.11|0.29|0.8976|
|x|         14|         80|        126|     77906.03167|        430|00:49:24|+0.10|0.25|0.9037|
|x|         13|         80|         97|     77948.87571|        500|00:49:20|+0.10|0.22|0.9123|
|x|         16|         80|        115|     77938.95375|        570|00:49:29|+0.08|0.20|0.9218|
|x|         17|         80|        115|     77938.98778|        640|00:54:16|+0.08|0.18|0.9189|
|-|         11|         39|        132|     77938.03200|        710|00:44:15|-0.04|0.07|1.0099|
|x|          9|         39|         61|     77941.08818|        739|00:25:50|-0.04|0.06|1.0069|
|x|          5|         39|        115|     77941.25167|        768|00:26:57|-0.02|0.07|0.9896|
|x|          4|         39|        115|     77940.15308|        797|00:26:10|-0.02|0.06|0.9898|
|x|          7|         39|        115|     77945.79214|        826|00:21:57|-0.02|0.05|0.9915|
|x|          3|         39|        115|     77940.13800|        855|00:28:27|-0.02|0.05|0.9910|
|x|         12|         39|        115|     77948.08812|        884|00:18:57|-0.02|0.04|0.9892|
|x|         18|         39|        115|     77957.62294|        913|00:18:21|-0.02|0.04|0.9921|
|x|          2|         39|        115|     77964.12889|        942|00:27:52|-0.02|0.04|0.9904|
|x|          8|         39|        126|     77964.32211|        971|00:19:37|-0.01|0.04|0.9845|
|=|         19|         39|        115|     77971.03200|       1000|00:21:04|-0.01|0.04|0.9853|
|x|         20|         39|        115|     77972.96333|       1029|00:18:10|-0.01|0.03|0.9881|
|x|         22|         39|         33|     77978.70182|       1068|00:33:35|-0.01|0.04|0.9838|
|x|         23|         39|         33|     77980.69522|       1107|00:28:41|-0.01|0.03|0.9838|
|x|         24|         39|        115|     77965.51542|       1146|00:28:08|-0.01|0.03|0.9804|
|x|         25|         39|         61|     77972.98000|       1185|00:28:43|-0.01|0.03|0.9817|
|x|         26|         39|         61|     77968.58769|       1224|00:27:41|-0.01|0.03|0.9772|
|x|         27|         39|         61|     77968.91519|       1263|00:43:01|-0.01|0.03|0.9768|
|x|         28|         39|         61|     77972.79536|       1302|00:30:29|-0.01|0.03|0.9805|
|x|         29|         39|         61|     77972.33241|       1341|00:31:16|-0.01|0.03|0.9775|
|=|         30|         39|         61|     77973.74833|       1380|00:31:31|-0.00|0.03|0.9771|
|x|         31|         39|         61|     77971.85968|       1419|00:29:32|-0.00|0.03|0.9770|
|x|         32|         39|         61|     77973.55344|       1458|00:26:30|-0.00|0.03|0.9764|
|x|         33|         39|         61|     77968.99061|       1497|00:29:59|-0.00|0.03|0.9728|
|x|         34|         39|         61|     77968.64000|       1536|00:26:32|-0.00|0.03|0.9721|
|x|         35|         39|         61|     77971.16457|       1575|00:39:33|-0.00|0.03|0.9722|
|x|         36|         39|         61|     77969.28028|       1614|00:31:25|+0.00|0.03|0.9687|
|x|         37|         39|         61|     77971.34865|       1653|00:28:13|+0.00|0.03|0.9706|
|x|         38|         39|         61|     77969.08158|       1692|00:29:17|-0.00|0.03|0.9712|
|x|         39|         39|         61|     77976.55282|       1731|00:33:58|-0.00|0.02|0.9720|
|=|         40|         39|         61|     77978.38550|       1770|00:27:22|-0.00|0.02|0.9730|
+-+-----------+-----------+-----------+----------------+-----------+--------+-----+----+------+
Best-so-far configuration:          61    mean value:      77978.38550
Description of the best-so-far configuration:
   .ID. his_len max_attempts .PARENT.
61   61   10757          471       NA

# 2026-01-06 09:48:56 GMT: Elite configurations (first number is the configuration ID; listed from best to worst according to the sum of ranks):
    his_len max_attempts
61    10757          471
126   10872          391
64    10136          377
117   11121          419
115   10651          406
169   11305          388
28    10059          441
127    8480          495
52    11067          443
139   10247          408
# 2026-01-06 09:48:56 GMT: Iteration 3 of 3
# experimentsUsed: 3350
# remainingBudget: 2650
# currentBudget: 2650
# nbConfigurations: 61
# Markers:
     x No test is performed.
     c Configurations are discarded only due to capping.
     - The test is performed and some configurations are discarded.
     = The test is performed but no configuration is discarded.
     ! The test is performed and configurations could be discarded but elite configurations are preserved.
     . All alive configurations are elite and nothing is discarded.

+-+-----------+-----------+-----------+----------------+-----------+--------+-----+----+------+
| |   Instance|      Alive|       Best|       Mean best| Exp so far|  W time|  rho|KenW|  Qvar|
+-+-----------+-----------+-----------+----------------+-----------+--------+-----+----+------+
|x|         41|         61|        216|     77815.09000|         61|00:48:52|   NA|  NA|    NA|
|x|         34|         61|        195|     77814.53000|        112|00:38:56|+0.08|0.54|0.8745|
|x|          8|         61|        195|     77859.16333|        163|00:35:12|+0.08|0.39|0.9066|
|x|         29|         61|        172|     77932.28750|        214|00:35:11|+0.00|0.25|0.9870|
|x|         38|         61|        177|     77919.72400|        265|00:38:35|+0.05|0.24|0.9444|
|x|         24|         61|        177|     77937.74000|        316|00:34:23|+0.01|0.17|0.9786|
|x|         20|         61|        177|     77945.08714|        367|00:38:18|+0.01|0.15|0.9762|
slurmstepd: error: *** JOB 1647900 ON node155 CANCELLED AT 2026-01-06T14:27:22 DUE TO TIME LIMIT ***
