Starting irace...
# 2025-12-29 15:16:14 GMT: Reading parameter file '/gpfs/home/e/exx866/IRACE-b-LAHC/all-instances-fine/E-n22-k4-p1/parameters.txt'.
# 2025-12-29 15:16:14 GMT: Read 1 configuration(s) from file '/gpfs/home/e/exx866/IRACE-b-LAHC/all-instances-fine/E-n22-k4-p1/configurations.txt'
# 2025-12-29 15:16:15 GMT: Initialization
# Elitist race
# Elitist new instances: 1
# Elitist limit: 2
# nbIterations: 3
# minNbSurvival: 10
# nbParameters: 2
# seed: 1474895768
# confidence level: 0.95
# budget: 6000
# mu: 10
# deterministic: FALSE

# 2025-12-29 15:16:15 GMT: Iteration 1 of 3
# experimentsUsed: 0
# remainingBudget: 6000
# currentBudget: 2000
# nbConfigurations: 100
# Markers:
     x No test is performed.
     c Configurations are discarded only due to capping.
     - The test is performed and some configurations are discarded.
     = The test is performed but no configuration is discarded.
     ! The test is performed and configurations could be discarded but elite configurations are preserved.
     . All alive configurations are elite and nothing is discarded.

+-+-----------+-----------+-----------+----------------+-----------+--------+-----+----+------+
| |   Instance|      Alive|       Best|       Mean best| Exp so far|  W time|  rho|KenW|  Qvar|
+-+-----------+-----------+-----------+----------------+-----------+--------+-----+----+------+
|x|          1|        100|          4|     384.6800000|        100|00:00:46|   NA|  NA|    NA|
|x|          2|        100|          4|     384.6800000|        200|00:00:42|+0.07|0.53|0.9068|
|x|          3|        100|         54|     384.6800000|        300|00:00:42|+0.02|0.35|0.9900|
|x|          4|        100|         84|     384.6800000|        400|00:00:38|+0.02|0.27|0.9707|
|x|          5|        100|         92|     384.6800000|        500|00:00:43|+0.02|0.21|0.9778|
|x|          6|        100|          9|     384.7983333|        600|00:00:42|+0.03|0.20|0.9358|
|x|          7|        100|          3|     384.8828571|        700|00:00:39|+0.02|0.16|0.9619|
|x|          8|        100|          3|     384.8575000|        800|00:00:42|+0.02|0.14|0.9600|
|x|          9|        100|         63|     384.9166667|        900|00:00:42|+0.00|0.11|0.9801|
|=|         10|        100|          3|     384.8930000|       1000|00:00:43|+0.00|0.10|0.9880|
|x|         11|        100|          3|     384.8736364|       1100|00:00:43|-0.00|0.09|0.9914|
|x|         12|        100|          3|     384.9166667|       1200|00:00:42|+0.01|0.09|0.9776|
|x|         13|        100|          3|     384.8984615|       1300|00:00:42|+0.02|0.09|0.9687|
|x|         14|        100|          3|     384.9335714|       1400|00:00:43|+0.02|0.09|0.9701|
|x|         15|        100|         50|     384.9166667|       1500|00:00:41|+0.03|0.09|0.9580|
|x|         16|        100|         50|     384.9462500|       1600|00:00:43|+0.03|0.09|0.9002|
|x|         17|        100|         50|     384.9723529|       1700|00:00:42|+0.03|0.08|0.8489|
|x|         18|        100|         50|     384.9561111|       1800|00:00:42|+0.02|0.08|0.8598|
|x|         19|        100|         68|     385.0163158|       1900|00:00:43|+0.03|0.08|0.8576|
|-|         20|         55|         37|     384.9995000|       2000|00:00:41|-0.02|0.03|0.8967|
+-+-----------+-----------+-----------+----------------+-----------+--------+-----+----+------+
Best-so-far configuration:          37    mean value:      384.9995000
Description of the best-so-far configuration:
   .ID. his_len max_attempts .PARENT.
37   37    3858           53       NA

# 2025-12-29 15:30:27 GMT: Elite configurations (first number is the configuration ID; listed from best to worst according to the sum of ranks):
   his_len max_attempts
37    3858           53
77    2913           26
3     1098           24
84    1461           18
50    2405           77
68    1558           43
33    1776           81
34    1533          118
89    2623           51
19    1969           33
# 2025-12-29 15:30:27 GMT: Iteration 2 of 3
# experimentsUsed: 2000
# remainingBudget: 4000
# currentBudget: 2000
# nbConfigurations: 73
# Markers:
     x No test is performed.
     c Configurations are discarded only due to capping.
     - The test is performed and some configurations are discarded.
     = The test is performed but no configuration is discarded.
     ! The test is performed and configurations could be discarded but elite configurations are preserved.
     . All alive configurations are elite and nothing is discarded.

+-+-----------+-----------+-----------+----------------+-----------+--------+-----+----+------+
| |   Instance|      Alive|       Best|       Mean best| Exp so far|  W time|  rho|KenW|  Qvar|
+-+-----------+-----------+-----------+----------------+-----------+--------+-----+----+------+
|x|         21|         73|         77|     384.6800000|         73|00:00:28|   NA|  NA|    NA|
|x|          4|         73|         77|     384.6800000|        136|00:00:23|+0.16|0.58|0.9241|
|x|         17|         73|         77|     384.9166667|        199|00:00:24|+0.08|0.39|0.6368|
|x|          8|         73|         77|     384.8575000|        262|00:00:23|+0.07|0.30|0.7016|
|x|          3|         73|        147|     384.8220000|        325|00:00:24|+0.08|0.26|0.7458|
|x|          7|         73|        147|     384.7983333|        388|00:00:24|+0.02|0.18|0.8147|
|x|         16|         73|        147|     384.8828571|        451|00:00:23|+0.02|0.16|0.6994|
|x|         19|         73|        147|     384.8575000|        514|00:00:23|+0.02|0.15|0.7328|
|x|         18|         73|        147|     384.9166667|        577|00:00:23|+0.00|0.11|0.7718|
|=|         10|         73|        147|     384.8930000|        640|00:00:24|-0.00|0.10|0.7928|
|x|          5|         73|        147|     384.8736364|        703|00:00:22|+0.00|0.09|0.8054|
|x|          6|         73|        147|     384.9166667|        766|00:00:23|+0.01|0.10|0.8187|
|x|         13|         73|        147|     384.8984615|        829|00:00:23|+0.01|0.09|0.8355|
|x|          2|         73|        147|     384.9335714|        892|00:00:23|+0.01|0.08|0.8517|
|x|         14|         73|        147|     384.9640000|        955|00:00:23|-0.00|0.07|0.8640|
|x|         11|         73|        147|     384.9462500|       1018|00:00:23|-0.00|0.06|0.8720|
|x|          9|         73|        147|     384.9305882|       1081|00:00:23|-0.00|0.06|0.8801|
|x|          1|         73|        147|     384.9561111|       1144|00:00:23|-0.01|0.05|0.8864|
|x|         20|         73|        147|     384.9415789|       1207|00:00:23|-0.00|0.05|0.8893|
|=|         15|         73|        147|     384.9640000|       1270|00:00:23|-0.00|0.05|0.8887|
|x|         12|         73|        147|     384.9842857|       1333|00:00:23|+0.00|0.05|0.8858|
|x|         22|         73|        147|     385.0027273|       1406|00:00:27|+0.00|0.05|0.8908|
|x|         23|         73|         68|     384.9886957|       1479|00:00:28|+0.00|0.05|0.8960|
|x|         24|         73|        147|     385.0054167|       1552|00:00:27|+0.00|0.04|0.8986|
|x|         25|         73|        147|     384.9924000|       1625|00:00:28|+0.00|0.04|0.9010|
|x|         26|         73|        147|     384.9803846|       1698|00:00:28|+0.00|0.04|0.8989|
|x|         27|         73|        147|     384.9955556|       1771|00:00:28|+0.01|0.04|0.8967|
|x|         28|         73|        147|     384.9842857|       1844|00:00:28|+0.01|0.04|0.8967|
|x|         29|         73|         68|     384.9737931|       1917|00:00:28|+0.01|0.04|0.9005|
|-|         30|         43|         68|     384.9640000|       1990|00:00:28|-0.02|0.02|0.9254|
+-+-----------+-----------+-----------+----------------+-----------+--------+-----+----+------+
Best-so-far configuration:          68    mean value:      384.9640000
Description of the best-so-far configuration:
   .ID. his_len max_attempts .PARENT.
68   68    1558           43       NA

# 2025-12-29 15:43:01 GMT: Elite configurations (first number is the configuration ID; listed from best to worst according to the sum of ranks):
    his_len max_attempts
68     1558           43
121    1035           22
77     2913           26
141    1802           48
37     3858           53
147    3760           40
157    2307           60
3      1098           24
125    1627           18
109    2907           31
# 2025-12-29 15:43:01 GMT: Iteration 3 of 3
# experimentsUsed: 3990
# remainingBudget: 2010
# currentBudget: 2010
# nbConfigurations: 57
# Markers:
     x No test is performed.
     c Configurations are discarded only due to capping.
     - The test is performed and some configurations are discarded.
     = The test is performed but no configuration is discarded.
     ! The test is performed and configurations could be discarded but elite configurations are preserved.
     . All alive configurations are elite and nothing is discarded.

+-+-----------+-----------+-----------+----------------+-----------+--------+-----+----+------+
| |   Instance|      Alive|       Best|       Mean best| Exp so far|  W time|  rho|KenW|  Qvar|
+-+-----------+-----------+-----------+----------------+-----------+--------+-----+----+------+
|x|         31|         57|         68|     384.6800000|         57|00:00:21|   NA|  NA|    NA|
|x|         18|         57|         68|     384.6800000|        104|00:00:17|+0.34|0.67|0.7275|
|x|          2|         57|         68|     384.6800000|        151|00:00:17|+0.23|0.49|0.7734|
|x|          9|         57|         68|     384.6800000|        198|00:00:16|+0.11|0.33|0.8925|
|x|          4|         57|         68|     384.6800000|        245|00:00:16|+0.08|0.26|0.9094|
|x|          5|         57|         68|     384.6800000|        292|00:00:17|+0.08|0.23|0.9033|
|x|         10|         57|         68|     384.6800000|        339|00:00:16|+0.06|0.20|0.9200|
|x|          3|         57|         68|     384.6800000|        386|00:00:17|+0.03|0.15|0.9548|
|x|          6|         57|         68|     384.6800000|        433|00:00:17|+0.04|0.14|0.9672|
|-|         14|         28|         68|     384.7510000|        480|00:00:16|-0.03|0.07|0.9981|
|x|         11|         28|        206|     384.7445455|        498|00:00:06|-0.04|0.05|1.0123|
|x|         24|         28|        206|     384.7391667|        516|00:00:05|-0.03|0.06|0.9968|
|x|         21|         28|        206|     384.7346154|        534|00:00:05|-0.02|0.06|0.9888|
|x|         17|         28|        206|     384.7814286|        552|00:00:06|-0.02|0.05|0.9164|
|x|          1|         28|        206|     384.8220000|        570|00:00:06|-0.03|0.04|0.9267|
|x|         27|         28|        206|     384.8131250|        588|00:00:06|-0.02|0.04|0.9279|
|x|         30|         28|        206|     384.8470588|        606|00:00:06|-0.02|0.04|0.9284|
|x|         12|         28|         68|     384.8772222|        624|00:00:05|-0.01|0.05|0.9240|
|x|         25|         28|         68|     384.8668421|        642|00:00:05|-0.01|0.05|0.9230|
|=|         19|         28|        206|     384.8575000|        660|00:00:06|-0.01|0.04|0.9266|
|x|         26|         28|        206|     384.8828571|        678|00:00:05|-0.01|0.04|0.9318|
|x|         20|         28|        206|     384.9059091|        696|00:00:05|-0.01|0.03|0.9324|
|x|         23|         28|        206|     384.8960870|        714|00:00:05|-0.01|0.03|0.9317|
|x|          7|         28|        206|     384.9166667|        732|00:00:06|-0.01|0.03|0.9361|
|x|          8|         28|        206|     384.9356000|        750|00:00:05|-0.01|0.03|0.9377|
|x|         16|         28|        206|     384.9530769|        768|00:00:06|-0.01|0.03|0.9012|
|x|         22|         28|        206|     384.9429630|        786|00:00:05|-0.01|0.03|0.9007|
|x|         15|         28|        206|     384.9589286|        804|00:00:05|-0.01|0.03|0.9038|
|x|         13|         28|        206|     384.9493103|        822|00:00:06|-0.00|0.03|0.8996|
|=|         29|         28|        206|     384.9403333|        840|00:00:05|+0.00|0.03|0.8988|
|x|         28|         28|        206|     384.9319355|        858|00:00:06|+0.00|0.03|0.9005|
|x|         32|         28|        206|     384.9462500|        886|00:00:09|+0.00|0.03|0.9034|
|x|         33|         28|        169|     384.9596970|        914|00:00:09|-0.00|0.03|0.9077|
|x|         34|         28|        206|     384.9514706|        942|00:00:09|+0.00|0.03|0.9072|
|x|         35|         28|        206|     384.9437143|        970|00:00:09|-0.00|0.03|0.9100|
|x|         36|         28|        206|     384.9363889|        998|00:00:09|+0.00|0.03|0.9078|
|x|         37|         28|        206|     384.9294595|       1026|00:00:09|+0.00|0.03|0.9128|
|x|         38|         28|        206|     384.9415789|       1054|00:00:09|-0.00|0.03|0.9159|
|x|         39|         28|        206|     384.9530769|       1082|00:00:09|-0.00|0.02|0.8924|
|=|         40|         28|        206|     384.9640000|       1110|00:00:10|-0.00|0.02|0.8937|
|x|         41|         28|        206|     384.9743902|       1138|00:00:09|-0.00|0.02|0.8719|
|x|         42|         28|        206|     384.9842857|       1166|00:00:09|-0.00|0.02|0.8731|
|x|         43|         28|        206|     384.9772093|       1194|00:00:09|+0.00|0.03|0.8722|
|x|         44|         28|        206|     384.9865909|       1222|00:00:09|+0.00|0.03|0.8737|
|x|         45|         28|        206|     384.9797778|       1250|00:00:09|+0.00|0.02|0.8771|
|x|         46|         28|        206|     384.9886957|       1278|00:00:09|-0.00|0.02|0.8811|
|x|         47|         28|        206|     384.9972340|       1306|00:00:10|-0.00|0.02|0.8624|
|x|         48|         28|        206|     384.9906250|       1334|00:00:09|-0.00|0.02|0.8641|
|x|         49|         28|        206|     384.9842857|       1362|00:00:09|-0.00|0.02|0.8666|
|=|         50|         28|        206|     384.9924000|       1390|00:00:10|-0.00|0.02|0.8690|
+-+-----------+-----------+-----------+----------------+-----------+--------+-----+----+------+
Best-so-far configuration:         206    mean value:      384.9924000
Description of the best-so-far configuration:
    .ID. his_len max_attempts .PARENT.
206  206    1084           24      121

# 2025-12-29 15:51:05 GMT: Elite configurations (first number is the configuration ID; listed from best to worst according to the sum of ranks):
    his_len max_attempts
206    1084           24
169    1572           48
121    1035           22
3      1098           24
167    1113           25
68     1558           43
184    3784           37
195    1056           19
141    1802           48
176    1532           47
# 2025-12-29 15:51:05 GMT: Iteration 4 of 4
# experimentsUsed: 5380
# remainingBudget: 620
# currentBudget: 620
# nbConfigurations: 18
# Markers:
     x No test is performed.
     c Configurations are discarded only due to capping.
     - The test is performed and some configurations are discarded.
     = The test is performed but no configuration is discarded.
     ! The test is performed and configurations could be discarded but elite configurations are preserved.
     . All alive configurations are elite and nothing is discarded.

+-+-----------+-----------+-----------+----------------+-----------+--------+-----+----+------+
| |   Instance|      Alive|       Best|       Mean best| Exp so far|  W time|  rho|KenW|  Qvar|
+-+-----------+-----------+-----------+----------------+-----------+--------+-----+----+------+
|x|         51|         18|        169|     384.6800000|         18|00:00:06|   NA|  NA|    NA|
|x|          3|         18|        121|     384.6800000|         26|00:00:02|-0.03|0.49|0.9685|
|x|         18|         18|        121|     384.6800000|         34|00:00:02|-0.05|0.30|1.0018|
|x|         46|         18|        218|     384.6800000|         42|00:00:02|-0.07|0.20|0.9992|
|x|         21|         18|        169|     384.8220000|         50|00:00:02|-0.13|0.10|1.0521|
|x|          6|         18|        169|     384.7983333|         58|00:00:02|-0.09|0.09|0.9995|
|x|         34|         18|        195|     384.7814286|         66|00:00:02|-0.08|0.07|1.0026|
|x|          9|         18|        195|     384.7687500|         74|00:00:02|-0.05|0.08|0.9800|
|x|         14|         18|        195|     384.7588889|         82|00:00:02|-0.01|0.10|0.9502|
|=|         15|         18|        195|     384.8220000|         90|00:00:02|-0.02|0.08|0.9583|
|x|         40|         18|        195|     384.8736364|         98|00:00:02|-0.03|0.06|0.9719|
|x|         45|         18|        206|     384.9166667|        106|00:00:02|-0.04|0.05|0.9787|
|x|         27|         18|        206|     384.8984615|        114|00:00:02|-0.03|0.05|0.9645|
|x|         41|         18|        206|     384.9335714|        122|00:00:02|-0.03|0.05|0.8941|
|x|         28|         18|        206|     384.9166667|        130|00:00:02|-0.01|0.05|0.8908|
|x|         44|         18|        195|     384.9018750|        138|00:00:02|-0.02|0.05|0.8953|
|x|         20|         18|        195|     384.8888235|        146|00:00:02|-0.02|0.04|0.9052|
|x|         31|         18|        195|     384.8772222|        154|00:00:02|-0.01|0.04|0.8971|
|x|         16|         18|        195|     384.9042105|        162|00:00:02|-0.01|0.04|0.8496|
|=|         33|         18|        195|     384.8930000|        170|00:00:02|-0.01|0.04|0.8511|
|x|         22|         18|        195|     384.9166667|        178|00:00:02|-0.00|0.05|0.8523|
|x|          2|         18|        169|     384.9381818|        186|00:00:02|-0.00|0.04|0.8609|
|x|         30|         18|        169|     384.9269565|        194|00:00:02|+0.00|0.05|0.8584|
|x|         39|         18|        169|     384.9462500|        202|00:00:02|+0.00|0.05|0.8228|
|x|          1|         18|        169|     384.9640000|        210|00:00:02|+0.01|0.05|0.8255|
|x|         11|         18|        216|     384.9530769|        218|00:00:02|+0.00|0.04|0.8340|
|x|         19|         18|        169|     384.9692593|        226|00:00:02|+0.00|0.04|0.8383|
|x|         29|         18|        206|     384.9842857|        234|00:00:02|+0.00|0.04|0.8393|
|x|         23|         18|        206|     384.9737931|        242|00:00:02|+0.00|0.04|0.8439|
|=|          8|         18|        206|     384.9876667|        250|00:00:02|+0.00|0.04|0.8473|
|x|         26|         18|        141|     384.9777419|        258|00:00:02|+0.00|0.04|0.8501|
|x|         48|         18|        206|     384.9906250|        266|00:00:02|+0.00|0.03|0.8560|
|x|         35|         18|        206|     384.9812121|        274|00:00:02|-0.00|0.03|0.8594|
|x|         43|         18|        206|     384.9723529|        282|00:00:02|+0.00|0.03|0.8584|
|x|         17|         18|        206|     384.9842857|        290|00:00:02|+0.00|0.03|0.8339|
|x|         24|         18|        206|     384.9758333|        298|00:00:02|+0.01|0.04|0.8333|
|x|         49|         18|        206|     384.9678378|        306|00:00:02|+0.01|0.04|0.8352|
|x|         37|         18|        206|     384.9602632|        314|00:00:02|+0.01|0.03|0.8392|
|x|          4|         18|        206|     384.9712821|        322|00:00:02|+0.00|0.03|0.8438|
|=|         36|         18|        206|     384.9640000|        330|00:00:02|+0.01|0.03|0.8438|
|x|          7|         18|        206|     384.9743902|        338|00:00:02|+0.00|0.03|0.8489|
|x|         10|         18|        206|     384.9673810|        346|00:00:02|+0.00|0.03|0.8521|
|x|         12|         18|        206|     384.9772093|        354|00:00:02|+0.00|0.03|0.8530|
|x|         38|         18|        206|     384.9865909|        362|00:00:02|+0.00|0.02|0.8568|
|x|         47|         18|        206|     384.9955556|        370|00:00:02|+0.00|0.02|0.8378|
|x|         50|         18|        206|     385.0041304|        378|00:00:02|+0.00|0.03|0.8385|
|x|         32|         18|        206|     385.0123404|        386|00:00:02|+0.00|0.02|0.8405|
|x|         25|         18|        206|     385.0054167|        394|00:00:02|+0.00|0.03|0.8415|
|x|         42|         18|        206|     385.0132653|        402|00:00:02|+0.00|0.02|0.8447|
|=|         13|         18|        206|     385.0066000|        410|00:00:02|+0.01|0.03|0.8428|
|x|          5|         18|        206|     385.0001961|        418|00:00:02|+0.01|0.03|0.8450|
|x|         52|         18|        206|     385.0076923|        436|00:00:05|+0.01|0.03|0.8289|
|x|         53|         18|        206|     385.0149057|        454|00:00:06|+0.01|0.03|0.8134|
|x|         54|         18|        216|     385.0087037|        472|00:00:05|+0.01|0.03|0.8159|
|x|         55|         18|        216|     385.0156364|        490|00:00:05|+0.01|0.02|0.8012|
|x|         56|         18|        216|     385.0096429|        508|00:00:05|+0.01|0.02|0.8014|
|x|         57|         18|        216|     385.0163158|        526|00:00:05|+0.00|0.02|0.8062|
|x|         58|         18|        169|     385.0227586|        544|00:00:05|+0.00|0.02|0.8103|
|x|         59|         18|        169|     385.0169492|        562|00:00:05|+0.00|0.02|0.8121|
|=|         60|         18|        169|     385.0113333|        580|00:00:05|+0.00|0.02|0.8134|
+-+-----------+-----------+-----------+----------------+-----------+--------+-----+----+------+
Best-so-far configuration:         169    mean value:      385.0113333
Description of the best-so-far configuration:
    .ID. his_len max_attempts .PARENT.
169  169    1572           48       68

# 2025-12-29 15:53:49 GMT: Elite configurations (first number is the configuration ID; listed from best to worst according to the sum of ranks):
    his_len max_attempts
169    1572           48
216    1087           24
3      1098           24
195    1056           19
206    1084           24
184    3784           37
167    1113           25
176    1532           47
121    1035           22
218    1794           47
# 2025-12-29 15:53:49 GMT: Stopped because there is not enough budget left to race more than the minimum (10).
# You may either increase the budget or set 'minNbSurvival' to a lower value.
# Iteration: 5
# nbIterations: 5
# experimentsUsed: 5960
# timeUsed: 0
# remainingBudget: 40
# currentBudget: 40
# number of elites: 10
# nbConfigurations: 10
# Total CPU user time: 1180.844, CPU sys time: 6735.619, Wall-clock time: 2254.626
# 2025-12-29 15:53:49 GMT: Starting post-selection:
# Configurations selected: 169, 216, 3, 195.
# Pending instances: 0, 0, 0, 0.
# 2025-12-29 15:53:49 GMT: seed: 1474895768
# Configurations: 4
# Available experiments: 40
# minSurvival: 1
# Markers:
     x No test is performed.
     c Configurations are discarded only due to capping.
     - The test is performed and some configurations are discarded.
     = The test is performed but no configuration is discarded.
     ! The test is performed and configurations could be discarded but elite configurations are preserved.
     . All alive configurations are elite and nothing is discarded.

+-+-----------+-----------+-----------+----------------+-----------+--------+-----+----+------+
| |   Instance|      Alive|       Best|       Mean best| Exp so far|  W time|  rho|KenW|  Qvar|
+-+-----------+-----------+-----------+----------------+-----------+--------+-----+----+------+
|.|         43|          4|          3|     384.6800000|          0|00:00:00|   NA|  NA|    NA|
|.|         24|          4|          3|     385.0350000|          0|00:00:00|+0.57|0.79|0.3170|
|.|         58|          4|          3|     384.9166667|          0|00:00:00|+0.50|0.67|0.3780|
|.|         38|          4|          3|     384.8575000|          0|00:00:00|+0.36|0.52|0.4918|
|.|         54|          4|          3|     384.9640000|          0|00:00:00|+0.06|0.25|0.7134|
|.|          9|          4|          3|     385.0350000|          0|00:00:00|+0.12|0.27|0.6679|
|.|         52|          4|          3|     385.0857143|          0|00:00:00|+0.10|0.23|0.5842|
|.|         13|          4|          3|     385.0350000|          0|00:00:00|+0.09|0.20|0.5185|
|.|         55|          4|          3|     385.0744444|          0|00:00:00|+0.08|0.18|0.4658|
|.|          5|          4|          3|     385.0350000|          0|00:00:00|-0.02|0.08|0.5335|
|.|         42|          4|          3|     385.0672727|          0|00:00:00|-0.06|0.04|0.5785|
|.|          2|          4|          3|     385.0350000|          0|00:00:00|-0.03|0.06|0.5797|
|.|         48|          4|          3|     385.0076923|          0|00:00:00|-0.02|0.06|0.5859|
|.|          1|          4|          3|     385.0350000|          0|00:00:00|-0.03|0.05|0.6045|
|.|         47|          4|          3|     385.0586667|          0|00:00:00|-0.02|0.04|0.5632|
|.|         30|          4|          3|     385.0350000|          0|00:00:00|-0.02|0.04|0.5272|
|.|         20|          4|          3|     385.0141176|          0|00:00:00|-0.03|0.03|0.5464|
|.|         37|          4|          3|     385.0350000|          0|00:00:00|-0.03|0.03|0.5547|
|.|         11|          4|          3|     385.0163158|          0|00:00:00|-0.00|0.05|0.5542|
|.|         12|          4|          3|     385.0350000|          0|00:00:00|-0.02|0.04|0.5711|
|.|         45|          4|          3|     385.0519048|          0|00:00:00|-0.00|0.05|0.5730|
|.|         17|          4|          3|     385.0672727|          0|00:00:00|-0.00|0.04|0.5469|
|.|         49|          4|          3|     385.0813043|          0|00:00:00|+0.00|0.04|0.5549|
|.|         53|          4|          3|     385.0941667|          0|00:00:00|+0.00|0.04|0.5318|
|.|         19|          4|          3|     385.1060000|          0|00:00:00|+0.01|0.05|0.5374|
|.|         35|          4|          3|     385.0896154|          0|00:00:00|+0.00|0.04|0.5466|
|.|         32|          4|          3|     385.0744444|          0|00:00:00|+0.02|0.06|0.5448|
|.|         51|          4|          3|     385.0603571|          0|00:00:00|+0.03|0.06|0.5471|
|.|         31|          4|          3|     385.0717241|          0|00:00:00|+0.02|0.06|0.5574|
|.|          3|          4|          3|     385.0586667|          0|00:00:00|+0.01|0.04|0.5719|
|.|         15|          4|          3|     385.0693548|          0|00:00:00|+0.01|0.04|0.5536|
|.|         41|          4|          3|     385.0793750|          0|00:00:00|+0.01|0.04|0.5363|
|.|         14|          4|          3|     385.0887879|          0|00:00:00|+0.00|0.03|0.5444|
|.|         56|          4|          3|     385.0767647|          0|00:00:00|+0.01|0.04|0.5484|
|.|         50|          4|          3|     385.0857143|          0|00:00:00|+0.00|0.03|0.5550|
|.|         29|          4|          3|     385.0941667|          0|00:00:00|-0.01|0.02|0.5664|
|.|         34|          4|          3|     385.0829730|          0|00:00:00|-0.01|0.02|0.5739|
|.|         26|          4|          3|     385.0723684|          0|00:00:00|-0.01|0.01|0.5798|
|.|         25|          4|          3|     385.0623077|          0|00:00:00|-0.01|0.01|0.5648|
|.|         59|          4|          3|     385.0527500|          0|00:00:00|-0.02|0.01|0.5721|
|.|         10|          4|          3|     385.0436585|          0|00:00:00|-0.02|0.01|0.5780|
|.|         36|          4|          3|     385.0350000|          0|00:00:00|-0.02|0.01|0.5827|
|.|         39|          4|          3|     385.0432558|          0|00:00:00|-0.02|0.01|0.5689|
|.|         40|          4|          3|     385.0350000|          0|00:00:00|-0.01|0.01|0.5712|
|.|         28|          4|          3|     385.0271111|          0|00:00:00|-0.02|0.01|0.5764|
|.|         57|          4|          3|     385.0350000|          0|00:00:00|-0.02|0.00|0.5817|
|.|         21|          4|          3|     385.0425532|          0|00:00:00|-0.02|0.00|0.5861|
|.|         18|          4|          3|     385.0497917|          0|00:00:00|-0.02|0.00|0.5897|
|.|         44|          4|          3|     385.0422449|          0|00:00:00|-0.02|0.00|0.5775|
|.|         33|          4|          3|     385.0350000|          0|00:00:00|-0.02|0.00|0.5657|
|.|         23|          4|          3|     385.0419608|          0|00:00:00|-0.02|0.00|0.5690|
|.|         27|          4|          3|     385.0486538|          0|00:00:00|-0.02|0.00|0.5731|
|.|         46|          4|          3|     385.0550943|          0|00:00:00|-0.02|0.00|0.5757|
|.|          7|          4|          3|     385.0481481|          0|00:00:00|-0.02|0.00|0.5797|
|.|         22|          4|          3|     385.0414545|          0|00:00:00|-0.02|0.00|0.5829|
|.|         16|          4|          3|     385.0476786|          0|00:00:00|-0.02|0.00|0.5723|
|.|          4|          4|          3|     385.0536842|          0|00:00:00|-0.02|0.00|0.5746|
|.|         60|          4|          3|     385.0472414|          0|00:00:00|-0.02|0.00|0.5646|
|.|          6|          4|          3|     385.0410169|          0|00:00:00|-0.02|0.00|0.5548|
|.|          8|          4|          3|     385.0350000|          0|00:00:00|-0.01|0.00|0.5581|
|x|         61|          4|        169|     385.0059016|          4|00:00:00|-0.01|0.00|0.5607|
|x|         62|          4|        169|     385.0006452|          8|00:00:00|-0.01|0.01|0.5625|
|x|         63|          4|        169|     385.0068254|         12|00:00:00|-0.01|0.01|0.5534|
|x|         64|          4|        169|     385.0017188|         16|00:00:00|-0.01|0.01|0.5555|
|x|         65|          4|        169|     385.0076923|         20|00:00:00|-0.01|0.01|0.5468|
|x|         66|          4|        169|     385.0134848|         24|00:00:00|-0.01|0.01|0.5385|
|x|         67|          4|        169|     385.0191045|         28|00:00:00|-0.01|0.01|0.5304|
|x|         68|          4|        169|     385.0245588|         32|00:00:00|-0.01|0.01|0.5225|
|x|         69|          4|        169|     385.0298551|         36|00:00:00|-0.01|0.00|0.5269|
|=|         70|          4|        169|     385.0248571|         40|00:00:00|-0.01|0.01|0.5298|
+-+-----------+-----------+-----------+----------------+-----------+--------+-----+----+------+
Best-so-far configuration:         169    mean value:      385.0248571
Description of the best-so-far configuration:
    .ID. his_len max_attempts .PARENT.
169  169    1572           48       68

# 2025-12-29 15:53:58 GMT: Elite configurations (first number is the configuration ID; listed from best to worst according to the sum of ranks):
    his_len max_attempts
169    1572           48
216    1087           24
195    1056           19
3      1098           24
# Total CPU user time: 1188.349, CPU sys time: 6763.473, Wall-clock time: 2264.181
# Best configurations (first number is the configuration ID; listed from best to worst according to the sum of ranks):
    his_len max_attempts
169    1572           48
216    1087           24
195    1056           19
3      1098           24
# Best configurations as commandlines (first number is the configuration ID; listed from best to worst according to the sum of ranks):
169 -his_len 1572 -max_attempts 48
216 -his_len 1087 -max_attempts 24
195 -his_len 1056 -max_attempts 19
3   -his_len 1098 -max_attempts 24


# Testing of elite configurations: 1 
# Testing iteration configurations: FALSE 
# 2025-12-29 15:53:58 GMT: No test instances, skip testing
