Starting irace...
# 2025-12-26 13:34:53 GMT: Reading parameter file '/gpfs/home/e/exx866/IRACE-b-LAHC/all-instances-rough/X-n143-k7/parameters.txt'.
# 2025-12-26 13:34:54 GMT: Read 1 configuration(s) from file '/gpfs/home/e/exx866/IRACE-b-LAHC/all-instances-rough/X-n143-k7/configurations.txt'
# 2025-12-26 13:34:54 GMT: Initialization
# Elitist race
# Elitist new instances: 1
# Elitist limit: 2
# nbIterations: 3
# minNbSurvival: 10
# nbParameters: 2
# seed: 1068334825
# confidence level: 0.95
# budget: 3500
# mu: 10
# deterministic: FALSE

# 2025-12-26 13:34:54 GMT: Iteration 1 of 3
# experimentsUsed: 0
# remainingBudget: 3500
# currentBudget: 1166
# nbConfigurations: 58
# Markers:
     x No test is performed.
     c Configurations are discarded only due to capping.
     - The test is performed and some configurations are discarded.
     = The test is performed but no configuration is discarded.
     ! The test is performed and configurations could be discarded but elite configurations are preserved.
     . All alive configurations are elite and nothing is discarded.

+-+-----------+-----------+-----------+----------------+-----------+--------+-----+----+------+
| |   Instance|      Alive|       Best|       Mean best| Exp so far|  W time|  rho|KenW|  Qvar|
+-+-----------+-----------+-----------+----------------+-----------+--------+-----+----+------+
|x|          1|         58|         34|     15936.61000|         58|00:00:52|   NA|  NA|    NA|
|x|          2|         58|         34|     15983.25500|        116|00:00:41|+0.98|0.99|0.0280|
|x|          3|         58|         34|     15967.96333|        174|00:00:41|+0.97|0.98|0.0274|
|x|          4|         58|         34|     15991.10250|        232|00:00:40|+0.96|0.97|0.0346|
|x|          5|         58|         34|     15982.42200|        290|00:00:41|+0.96|0.96|0.0378|
|x|          6|         58|         34|     16000.65000|        348|00:00:41|+0.96|0.96|0.0360|
|x|          7|         58|         34|     15984.96714|        406|00:00:41|+0.93|0.94|0.0656|
|x|          8|         58|         34|     15974.71375|        464|00:00:40|+0.93|0.94|0.0635|
|x|          9|         58|         34|     16002.05222|        522|00:00:40|+0.93|0.94|0.0616|
|-|         10|          8|         34|     16035.56000|        580|00:00:39|-0.06|0.05|0.8988|
+-+-----------+-----------+-----------+----------------+-----------+--------+-----+----+------+
Best-so-far configuration:          34    mean value:      16035.56000
Description of the best-so-far configuration:
   .ID. his_len max_attempts .PARENT.
34   34    4540           67       NA

# 2025-12-26 13:41:57 GMT: Elite configurations (first number is the configuration ID; listed from best to worst according to the sum of ranks):
   his_len max_attempts
34    4540           67
1     5723           60
39    2078          255
4     1154          107
56    2693           21
42     846          224
28    3001           60
32     539          372
# 2025-12-26 13:41:57 GMT: Iteration 2 of 3
# experimentsUsed: 580
# remainingBudget: 2920
# currentBudget: 1460
# nbConfigurations: 51
# Markers:
     x No test is performed.
     c Configurations are discarded only due to capping.
     - The test is performed and some configurations are discarded.
     = The test is performed but no configuration is discarded.
     ! The test is performed and configurations could be discarded but elite configurations are preserved.
     . All alive configurations are elite and nothing is discarded.

+-+-----------+-----------+-----------+----------------+-----------+--------+-----+----+------+
| |   Instance|      Alive|       Best|       Mean best| Exp so far|  W time|  rho|KenW|  Qvar|
+-+-----------+-----------+-----------+----------------+-----------+--------+-----+----+------+
|x|         11|         51|         75|     15902.87000|         51|00:00:34|   NA|  NA|    NA|
|x|          8|         51|         79|     15992.34000|         94|00:00:29|-0.19|0.41|1.2021|
|x|          6|         51|          4|     16019.90667|        137|00:00:28|-0.01|0.33|0.9356|
|x|          7|         51|          4|     16039.42250|        180|00:00:28|+0.11|0.34|0.8701|
|x|          4|         51|          4|     16039.53000|        223|00:00:29|+0.12|0.30|0.8661|
|x|          1|         51|         89|     16043.42500|        266|00:00:28|+0.10|0.25|0.8678|
|x|          5|         51|         34|     15996.65429|        309|00:00:29|+0.10|0.22|0.8600|
|x|          9|         51|         87|     16033.45500|        352|00:00:28|+0.10|0.22|0.8512|
|x|          3|         51|         34|     16014.96889|        395|00:00:28|+0.12|0.21|0.8308|
|-|          2|         27|         34|     16016.46200|        438|00:00:24|-0.04|0.06|0.9979|
|x|         10|         27|         34|     16045.61364|        457|00:00:10|-0.05|0.05|1.0077|
|x|         12|         27|         34|     16051.46417|        484|00:00:18|-0.05|0.04|1.0123|
|x|         13|         27|         77|     16058.25615|        511|00:00:14|-0.04|0.04|0.9967|
|x|         14|         27|         34|     16050.34643|        538|00:00:13|-0.03|0.04|0.9896|
|x|         15|         27|         77|     16056.88600|        565|00:00:17|-0.02|0.04|0.9756|
|x|         16|         27|         77|     16052.55812|        592|00:00:14|-0.02|0.04|0.9733|
|x|         17|         27|         77|     16048.20824|        619|00:00:15|-0.02|0.04|0.9752|
|x|         18|         27|         77|     16050.59667|        646|00:00:32|-0.02|0.04|0.9720|
|x|         19|         27|         77|     16052.34789|        673|00:00:31|-0.01|0.04|0.9625|
|=|         20|         27|         77|     16057.85850|        700|00:00:28|-0.02|0.03|0.9715|
|x|         21|         27|         77|     16060.01714|        727|00:00:28|-0.02|0.03|0.9678|
|x|         22|         27|         77|     16063.67773|        754|00:00:28|-0.02|0.03|0.9685|
|x|         23|         27|         77|     16068.93565|        781|00:00:28|-0.02|0.02|0.9756|
|x|         24|         27|         77|     16069.27917|        808|00:00:26|-0.02|0.02|0.9728|
|x|         25|         27|         77|     16070.29320|        835|00:00:27|-0.02|0.02|0.9707|
|x|         26|         27|         77|     16070.48423|        862|00:00:28|-0.01|0.02|0.9678|
|x|         27|         27|         77|     16067.88259|        889|00:00:27|-0.01|0.03|0.9651|
|x|         28|         27|         77|     16072.47679|        916|00:00:21|-0.01|0.03|0.9644|
|x|         29|         27|         77|     16072.32586|        943|00:00:19|-0.01|0.03|0.9632|
|=|         30|         27|         77|     16072.59367|        970|00:00:19|-0.00|0.03|0.9594|
+-+-----------+-----------+-----------+----------------+-----------+--------+-----+----+------+
Best-so-far configuration:          77    mean value:      16072.59367
Description of the best-so-far configuration:
   .ID. his_len max_attempts .PARENT.
77   77    1914          106        4

# 2025-12-26 13:54:18 GMT: Elite configurations (first number is the configuration ID; listed from best to worst according to the sum of ranks):
   his_len max_attempts
77    1914          106
64    3511           82
63    4216          107
1     5723           60
79    4034          101
56    2693           21
69    5327          106
92    2398          102
88    5999           75
94     932          229
# 2025-12-26 13:54:18 GMT: Iteration 3 of 3
# experimentsUsed: 1550
# remainingBudget: 1950
# currentBudget: 1950
# nbConfigurations: 56
# Markers:
     x No test is performed.
     c Configurations are discarded only due to capping.
     - The test is performed and some configurations are discarded.
     = The test is performed but no configuration is discarded.
     ! The test is performed and configurations could be discarded but elite configurations are preserved.
     . All alive configurations are elite and nothing is discarded.

+-+-----------+-----------+-----------+----------------+-----------+--------+-----+----+------+
| |   Instance|      Alive|       Best|       Mean best| Exp so far|  W time|  rho|KenW|  Qvar|
+-+-----------+-----------+-----------+----------------+-----------+--------+-----+----+------+
|x|         31|         56|        107|     15918.31000|         56|00:00:29|   NA|  NA|    NA|
|x|         11|         56|        120|     15987.93500|        102|00:00:25|-0.09|0.46|1.0227|
|x|         30|         56|        133|     16030.66667|        148|00:00:25|+0.02|0.35|0.9918|
|x|          2|         56|          1|     15995.13250|        194|00:00:25|+0.09|0.32|0.9100|
|x|         29|         56|        102|     16013.52200|        240|00:00:25|+0.04|0.24|0.9437|
|x|          6|         56|        102|     16022.59000|        286|00:00:25|+0.03|0.19|0.9465|
|x|         17|         56|        102|     16038.94714|        332|00:00:31|+0.03|0.17|0.9483|
|x|         19|         56|          1|     16025.51500|        378|00:00:31|+0.03|0.15|0.9519|
|x|         15|         56|          1|     16032.80778|        424|00:00:29|+0.04|0.15|0.9468|
|=|          1|         56|        145|     16061.79100|        470|00:00:28|+0.03|0.13|0.9577|
|x|          8|         56|        145|     16061.66636|        516|00:00:29|+0.03|0.12|0.9601|
|x|         25|         56|        145|     16063.62833|        562|00:00:29|+0.02|0.11|0.9663|
|x|         14|         56|        145|     16060.06154|        608|00:00:29|+0.03|0.10|0.9610|
|x|         16|         56|        145|     16062.92786|        654|00:00:28|+0.04|0.10|0.9520|
|x|         20|         56|         79|     16069.82667|        700|00:00:28|+0.02|0.08|0.9670|
|x|         27|         56|         79|     16072.79313|        746|00:00:28|+0.01|0.07|0.9697|
|x|         13|         56|         79|     16072.35882|        792|00:00:28|+0.01|0.07|0.9691|
|x|         22|         56|        145|     16076.61556|        838|00:00:29|+0.01|0.07|0.9719|
|x|          5|         56|         79|     16074.95263|        884|00:00:28|+0.01|0.06|0.9730|
|=|         21|         56|        145|     16078.20650|        930|00:00:28|+0.01|0.06|0.9712|
|x|         12|         56|        145|     16078.36238|        976|00:00:28|+0.01|0.06|0.9721|
|x|         18|         56|        145|     16077.31364|       1022|00:00:28|+0.01|0.06|0.9718|
|x|          4|         56|        145|     16079.34087|       1068|00:00:29|+0.01|0.06|0.9730|
|x|         10|         56|        145|     16079.58250|       1114|00:00:28|+0.01|0.05|0.9701|
|x|         23|         56|        145|     16079.23320|       1160|00:00:28|+0.01|0.05|0.9767|
|x|          9|         56|        145|     16078.56462|       1206|00:00:25|+0.01|0.05|0.9701|
|x|          7|         56|        145|     16078.65370|       1252|00:00:18|+0.01|0.05|0.9721|
|x|         24|         56|        145|     16080.07929|       1298|00:00:17|+0.01|0.05|0.9710|
|x|         28|         56|        145|     16080.06966|       1344|00:00:18|+0.01|0.05|0.9704|
|-|         26|         28|        145|     16078.26600|       1390|00:00:18|-0.02|0.02|0.9779|
|x|          3|         28|        145|     16082.38774|       1408|00:00:09|-0.02|0.01|0.9780|
|x|         32|         28|        145|     16083.68312|       1436|00:00:14|-0.02|0.02|0.9773|
|x|         33|         28|         77|     16076.94061|       1464|00:00:12|-0.01|0.02|0.9770|
|x|         34|         28|         77|     16075.85882|       1492|00:00:12|-0.01|0.02|0.9731|
|x|         35|         28|         77|     16073.87171|       1520|00:00:12|-0.01|0.02|0.9718|
|x|         36|         28|         77|     16071.58611|       1548|00:00:13|-0.01|0.02|0.9685|
|x|         37|         28|         77|     16072.61270|       1576|00:00:14|-0.01|0.02|0.9676|
|x|         38|         28|         77|     16071.09316|       1604|00:00:12|-0.01|0.02|0.9672|
|x|         39|         28|         77|     16071.08564|       1632|00:00:12|-0.00|0.02|0.9670|
|=|         40|         28|         77|     16071.07450|       1660|00:00:12|-0.00|0.02|0.9665|
|x|         41|         28|         77|     16072.07561|       1688|00:00:14|-0.00|0.02|0.9677|
|x|         42|         28|         77|     16072.42810|       1716|00:00:13|-0.00|0.02|0.9692|
|x|         43|         28|         77|     16073.33395|       1744|00:00:12|-0.00|0.02|0.9678|
|x|         44|         28|         77|     16077.10409|       1772|00:00:10|-0.00|0.02|0.9679|
|x|         45|         28|         77|     16081.87733|       1800|00:00:10|-0.00|0.02|0.9684|
|x|         46|         28|         77|     16081.82217|       1828|00:00:10|-0.00|0.02|0.9681|
|x|         47|         28|         77|     16082.18234|       1856|00:00:10|-0.00|0.02|0.9682|
|x|         48|         28|         77|     16083.16063|       1884|00:00:12|-0.00|0.02|0.9674|
|x|         49|         28|         77|     16086.14531|       1912|00:00:14|-0.00|0.02|0.9680|
|=|         50|         28|         77|     16087.08340|       1940|00:00:12|-0.00|0.02|0.9686|
+-+-----------+-----------+-----------+----------------+-----------+--------+-----+----+------+
Best-so-far configuration:          77    mean value:      16087.08340
Description of the best-so-far configuration:
   .ID. his_len max_attempts .PARENT.
77   77    1914          106        4

# 2025-12-26 14:11:55 GMT: Elite configurations (first number is the configuration ID; listed from best to worst according to the sum of ranks):
    his_len max_attempts
77     1914          106
145    3686           93
63     4216          107
112    3705           80
64     3511           82
1      5723           60
110    5146           95
126    4297          100
79     4034          101
122    3558           88
# 2025-12-26 14:11:55 GMT: Stopped because there is not enough budget left to race more than the minimum (10).
# You may either increase the budget or set 'minNbSurvival' to a lower value.
# Iteration: 4
# nbIterations: 4
# experimentsUsed: 3490
# timeUsed: 0
# remainingBudget: 10
# currentBudget: 10
# number of elites: 10
# nbConfigurations: 10
# Total CPU user time: 14333.78, CPU sys time: 3262.327, Wall-clock time: 2221.695
# Best configurations (first number is the configuration ID; listed from best to worst according to the sum of ranks):
    his_len max_attempts
77     1914          106
145    3686           93
63     4216          107
112    3705           80
64     3511           82
1      5723           60
110    5146           95
126    4297          100
79     4034          101
122    3558           88
# Best configurations as commandlines (first number is the configuration ID; listed from best to worst according to the sum of ranks):
77  -his_len 1914 -max_attempts 106
145 -his_len 3686 -max_attempts 93
63  -his_len 4216 -max_attempts 107
112 -his_len 3705 -max_attempts 80
64  -his_len 3511 -max_attempts 82
1   -his_len 5723 -max_attempts 60
110 -his_len 5146 -max_attempts 95
126 -his_len 4297 -max_attempts 100
79  -his_len 4034 -max_attempts 101
122 -his_len 3558 -max_attempts 88


# Testing of elite configurations: 1 
# Testing iteration configurations: FALSE 
# 2025-12-26 14:11:55 GMT: No test instances, skip testing
