Starting irace...
# 2025-12-26 13:34:56 GMT: Reading parameter file '/gpfs/home/e/exx866/IRACE-b-LAHC/all-instances-rough/E-n112-k8-s11/parameters.txt'.
# 2025-12-26 13:34:57 GMT: Read 1 configuration(s) from file '/gpfs/home/e/exx866/IRACE-b-LAHC/all-instances-rough/E-n112-k8-s11/configurations.txt'
# 2025-12-26 13:34:57 GMT: Initialization
# Elitist race
# Elitist new instances: 1
# Elitist limit: 2
# nbIterations: 3
# minNbSurvival: 10
# nbParameters: 2
# seed: 493606153
# confidence level: 0.95
# budget: 3500
# mu: 10
# deterministic: FALSE

# 2025-12-26 13:34:57 GMT: Iteration 1 of 3
# experimentsUsed: 0
# remainingBudget: 3500
# currentBudget: 1166
# nbConfigurations: 58
# Markers:
     x No test is performed.
     c Configurations are discarded only due to capping.
     - The test is performed and some configurations are discarded.
     = The test is performed but no configuration is discarded.
     ! The test is performed and configurations could be discarded but elite configurations are preserved.
     . All alive configurations are elite and nothing is discarded.

+-+-----------+-----------+-----------+----------------+-----------+--------+-----+----+------+
| |   Instance|      Alive|       Best|       Mean best| Exp so far|  W time|  rho|KenW|  Qvar|
+-+-----------+-----------+-----------+----------------+-----------+--------+-----+----+------+
|x|          1|         58|         37|     831.1100000|         58|00:00:53|   NA|  NA|    NA|
|x|          2|         58|         32|     833.5950000|        116|00:00:41|+0.82|0.91|0.1821|
|x|          3|         58|         32|     832.7666667|        174|00:00:42|+0.84|0.89|0.1487|
|x|          4|         58|         37|     832.2325000|        232|00:00:40|+0.86|0.89|0.1259|
|x|          5|         58|         46|     833.4880000|        290|00:00:41|+0.87|0.90|0.1182|
|x|          6|         58|         46|     833.0916667|        348|00:00:39|+0.86|0.89|0.1234|
|x|          7|         58|         46|     833.6942857|        406|00:00:37|+0.87|0.89|0.1106|
|x|          8|         58|         46|     833.4325000|        464|00:00:40|+0.88|0.89|0.1047|
|x|          9|         58|         55|     833.7266667|        522|00:00:41|+0.87|0.89|0.1091|
|-|         10|         10|         55|     834.1370000|        580|00:00:42|+0.03|0.13|0.8348|
+-+-----------+-----------+-----------+----------------+-----------+--------+-----+----+------+
Best-so-far configuration:          55    mean value:      834.1370000
Description of the best-so-far configuration:
   .ID. his_len max_attempts .PARENT.
55   55   19812            3       NA

# 2025-12-26 13:41:59 GMT: Elite configurations (first number is the configuration ID; listed from best to worst according to the sum of ranks):
   his_len max_attempts
55   19812            3
46     727          300
37    9346           18
1     5723           60
19     419          167
32    4113           11
42    3189          112
9     2266           89
57    5036          128
10    5960           58
# 2025-12-26 13:41:59 GMT: Iteration 2 of 3
# experimentsUsed: 580
# remainingBudget: 2920
# currentBudget: 1460
# nbConfigurations: 52
# Markers:
     x No test is performed.
     c Configurations are discarded only due to capping.
     - The test is performed and some configurations are discarded.
     = The test is performed but no configuration is discarded.
     ! The test is performed and configurations could be discarded but elite configurations are preserved.
     . All alive configurations are elite and nothing is discarded.

+-+-----------+-----------+-----------+----------------+-----------+--------+-----+----+------+
| |   Instance|      Alive|       Best|       Mean best| Exp so far|  W time|  rho|KenW|  Qvar|
+-+-----------+-----------+-----------+----------------+-----------+--------+-----+----+------+
|x|         11|         52|         63|     831.1100000|         52|00:00:27|   NA|  NA|    NA|
|x|          9|         52|         94|     831.1100000|         94|00:00:16|+0.56|0.78|0.2997|
|x|          4|         52|         37|     832.8166667|        136|00:00:16|+0.45|0.64|0.2932|
|x|          5|         52|         42|     834.3025000|        178|00:00:15|+0.45|0.58|0.2832|
|x|         10|         52|         88|     833.6760000|        220|00:00:14|+0.43|0.55|0.3055|
|x|          8|         52|         88|     833.9633333|        262|00:00:14|+0.44|0.53|0.3111|
|x|          7|         52|         88|     834.1071429|        304|00:00:14|+0.46|0.54|0.2789|
|x|          2|         52|         88|     834.1150000|        346|00:00:13|+0.43|0.51|0.3386|
|x|          6|         52|         82|     833.8233333|        388|00:00:14|+0.42|0.48|0.3528|
|-|          1|         21|         88|     834.0970000|        430|00:00:20|+0.03|0.12|0.9184|
|x|          3|         21|         82|     833.8881818|        441|00:00:16|+0.03|0.11|0.9153|
|x|         12|         21|         82|     834.0941667|        462|00:00:15|+0.02|0.10|0.9275|
|x|         13|         21|         82|     834.1223077|        483|00:00:20|+0.01|0.09|0.9343|
|x|         14|         21|         79|     834.6392857|        504|00:00:21|+0.02|0.09|0.9382|
|x|         15|         21|         82|     834.3006667|        525|00:00:17|+0.02|0.09|0.9341|
|x|         16|         21|         82|     834.3300000|        546|00:00:21|+0.01|0.08|0.9408|
|x|         17|         21|         63|     834.6000000|        567|00:00:22|+0.02|0.07|0.9386|
|x|         18|         21|         82|     834.3138889|        588|00:00:16|+0.02|0.08|0.9299|
|x|         19|         21|         63|     834.4473684|        609|00:00:20|+0.04|0.09|0.9157|
|-|         20|         13|         82|     834.2910000|        630|00:00:21|-0.02|0.03|0.9437|
|x|         21|         13|         82|     834.2871429|        643|00:00:15|-0.02|0.03|0.9400|
|x|         22|         13|         82|     834.3304545|        656|00:00:18|-0.01|0.03|0.9349|
|x|         23|         13|         82|     834.3095652|        669|00:00:13|-0.01|0.03|0.9319|
|x|         24|         13|         82|     834.3604167|        682|00:00:10|-0.01|0.04|0.9307|
|x|         25|         13|         82|     834.2500000|        695|00:00:15|-0.01|0.04|0.9270|
|x|         26|         13|         82|     834.2942308|        708|00:00:10|+0.00|0.04|0.9216|
|x|         27|         13|         82|     834.3825926|        721|00:00:16|+0.00|0.04|0.9195|
|x|         28|         13|         82|     834.2832143|        734|00:00:12|+0.00|0.04|0.9186|
|x|         29|         13|         82|     834.3058621|        747|00:00:12|+0.01|0.04|0.9167|
|=|         30|         13|         82|     834.1993333|        760|00:00:13|+0.01|0.04|0.9161|
|x|         31|         13|         82|     834.2383871|        773|00:00:12|+0.01|0.04|0.9125|
|x|         32|         13|         82|     834.1559375|        786|00:00:14|+0.01|0.04|0.9138|
|x|         33|         13|         82|     834.2563636|        799|00:00:09|+0.01|0.04|0.9141|
|x|         34|         13|         82|     834.2417647|        812|00:00:15|+0.01|0.04|0.9125|
|x|         35|         13|         82|     834.3202857|        825|00:00:10|+0.00|0.03|0.9144|
|x|         36|         13|         82|     834.3725000|        838|00:00:16|+0.00|0.03|0.9148|
|x|         37|         13|         82|     834.3981081|        851|00:00:09|+0.00|0.03|0.9145|
|x|         38|         13|         32|     834.6055263|        864|00:00:17|+0.00|0.03|0.9144|
|x|         39|         13|         32|     834.5476923|        877|00:00:15|+0.01|0.03|0.9137|
|=|         40|         13|         62|     834.2595000|        890|00:00:17|+0.01|0.03|0.9097|
+-+-----------+-----------+-----------+----------------+-----------+--------+-----+----+------+
Best-so-far configuration:          62    mean value:      834.2595000
Description of the best-so-far configuration:
   .ID. his_len max_attempts .PARENT.
62   62    1284           68        9

# 2025-12-26 13:52:42 GMT: Elite configurations (first number is the configuration ID; listed from best to worst according to the sum of ranks):
   his_len max_attempts
62    1284           68
32    4113           11
63    7551            8
82    1466           36
79    9311           22
37    9346           18
88     630           99
94     370          163
19     419          167
55   19812            3
# 2025-12-26 13:52:42 GMT: Iteration 3 of 3
# experimentsUsed: 1470
# remainingBudget: 2030
# currentBudget: 2030
# nbConfigurations: 48
# Markers:
     x No test is performed.
     c Configurations are discarded only due to capping.
     - The test is performed and some configurations are discarded.
     = The test is performed but no configuration is discarded.
     ! The test is performed and configurations could be discarded but elite configurations are preserved.
     . All alive configurations are elite and nothing is discarded.

+-+-----------+-----------+-----------+----------------+-----------+--------+-----+----+------+
| |   Instance|      Alive|       Best|       Mean best| Exp so far|  W time|  rho|KenW|  Qvar|
+-+-----------+-----------+-----------+----------------+-----------+--------+-----+----+------+
|x|         41|         48|         32|     831.1100000|         48|00:00:27|   NA|  NA|    NA|
|x|          7|         48|        110|     831.1100000|         86|00:00:24|+0.05|0.52|0.9356|
|x|         38|         48|        110|     831.1100000|        124|00:00:26|+0.10|0.40|0.8732|
|x|         14|         48|        132|     831.8775000|        162|00:00:27|+0.03|0.27|0.8977|
|x|         39|         48|        110|     832.1540000|        200|00:00:27|+0.04|0.23|0.8925|
|x|         27|         48|        128|     832.5566667|        238|00:00:26|+0.01|0.17|0.9253|
|x|         25|         48|        128|     832.3500000|        276|00:00:29|+0.03|0.17|0.9087|
|x|          6|         48|        128|     832.2225000|        314|00:00:26|+0.01|0.14|0.9206|
|x|         32|         48|        128|     832.7355556|        352|00:00:25|+0.03|0.14|0.9111|
|-|         29|         32|        118|     832.9230000|        390|00:00:25|-0.02|0.08|0.9664|
|x|         23|         32|        118|     833.1700000|        412|00:00:19|-0.02|0.07|0.9641|
|x|         31|         32|        118|     833.2850000|        434|00:00:18|-0.00|0.08|0.9505|
|x|         16|         32|        118|     833.2869231|        456|00:00:19|+0.00|0.08|0.9472|
|x|          5|         32|        105|     833.4785714|        478|00:00:16|+0.00|0.07|0.9500|
|x|         28|         32|        105|     833.3206667|        500|00:00:21|+0.00|0.07|0.9518|
|x|         40|         32|        105|     833.4362500|        522|00:00:20|+0.01|0.07|0.9431|
|x|          1|         32|        118|     833.6135294|        544|00:00:15|+0.00|0.06|0.9543|
|x|         21|         32|        108|     833.7422222|        566|00:00:18|+0.01|0.06|0.9495|
|x|          3|         32|         62|     833.7563158|        588|00:00:19|+0.00|0.06|0.9513|
|=|         17|         32|        105|     833.5945000|        610|00:00:19|+0.01|0.06|0.9450|
|x|         19|         32|        105|     833.5947619|        632|00:00:16|+0.01|0.06|0.9495|
|x|         22|         32|        105|     833.6154545|        654|00:00:21|+0.02|0.06|0.9402|
|x|         11|         32|        108|     833.8160870|        676|00:00:20|+0.02|0.06|0.9461|
|x|         30|         32|        110|     833.7616667|        698|00:00:15|+0.01|0.05|0.9480|
|x|         26|         32|        110|     833.7980000|        720|00:00:19|+0.01|0.05|0.9483|
|x|         34|         32|        136|     833.8434615|        742|00:00:18|+0.01|0.05|0.9547|
|x|         24|         32|        136|     833.7422222|        764|00:00:20|+0.01|0.05|0.9490|
|x|         37|         32|        136|     833.7185714|        786|00:00:17|+0.02|0.05|0.9461|
|x|         12|         32|        136|     833.7055172|        808|00:00:17|+0.02|0.06|0.9445|
|-|         10|         26|        136|     833.7180000|        830|00:00:21|+0.01|0.05|0.9489|
|x|         18|         26|        136|     833.7325806|        846|00:00:15|+0.01|0.04|0.9515|
|x|         13|         26|        136|     833.7121875|        862|00:00:12|+0.01|0.04|0.9476|
|x|          4|         26|        136|     833.6930303|        878|00:00:17|+0.02|0.05|0.9453|
|x|         36|         26|        110|     833.5150000|        894|00:00:17|+0.02|0.04|0.9463|
|x|         33|         26|        110|     833.4462857|        910|00:00:12|+0.02|0.05|0.9451|
|x|          8|         26|        110|     833.4361111|        926|00:00:18|+0.02|0.04|0.9460|
|x|          9|         26|        110|     833.3732432|        942|00:00:18|+0.02|0.04|0.9458|
|x|          2|         26|        110|     833.3852632|        958|00:00:14|+0.02|0.04|0.9445|
|x|         35|         26|        110|     833.4151282|        974|00:00:12|+0.02|0.04|0.9459|
|-|         20|         19|        110|     833.4177500|        990|00:00:17|+0.03|0.05|0.9239|
|x|         15|         19|        110|     833.3614634|        999|00:00:09|+0.03|0.06|0.9211|
|x|         42|         19|        110|     833.4097619|       1018|00:00:19|+0.03|0.06|0.9200|
|x|         43|         19|        110|     833.4044186|       1037|00:00:19|+0.03|0.05|0.9208|
|x|         44|         19|        110|     833.3522727|       1056|00:00:16|+0.04|0.06|0.9154|
|x|         45|         19|        110|     833.3682222|       1075|00:00:20|+0.03|0.05|0.9181|
|x|         46|         19|        110|     833.4002174|       1094|00:00:22|+0.03|0.06|0.9175|
|x|         47|         19|        110|     833.3927660|       1113|00:00:15|+0.03|0.05|0.9172|
|x|         48|         19|        110|     833.4475000|       1132|00:00:22|+0.03|0.05|0.9168|
|x|         49|         19|        110|     833.4697959|       1151|00:00:20|+0.04|0.05|0.9152|
|-|         50|          6|        110|     833.4226000|       1170|00:00:14|+0.01|0.03|0.8209|
+-+-----------+-----------+-----------+----------------+-----------+--------+-----+----+------+
Best-so-far configuration:         110    mean value:      833.4226000
Description of the best-so-far configuration:
    .ID. his_len max_attempts .PARENT.
110  110    4025            3       32

# 2025-12-26 14:09:06 GMT: Elite configurations (first number is the configuration ID; listed from best to worst according to the sum of ranks):
    his_len max_attempts
110    4025            3
108    7574            1
136    4365           12
116    3821           10
105    1034           42
130    3814            8
# 2025-12-26 14:09:06 GMT: Iteration 4 of 4
# experimentsUsed: 2640
# remainingBudget: 860
# currentBudget: 860
# nbConfigurations: 19
# Markers:
     x No test is performed.
     c Configurations are discarded only due to capping.
     - The test is performed and some configurations are discarded.
     = The test is performed but no configuration is discarded.
     ! The test is performed and configurations could be discarded but elite configurations are preserved.
     . All alive configurations are elite and nothing is discarded.

+-+-----------+-----------+-----------+----------------+-----------+--------+-----+----+------+
| |   Instance|      Alive|       Best|       Mean best| Exp so far|  W time|  rho|KenW|  Qvar|
+-+-----------+-----------+-----------+----------------+-----------+--------+-----+----+------+
|x|         51|         19|        108|     831.1100000|         19|00:00:20|   NA|  NA|    NA|
|x|         37|         19|        108|     831.1100000|         32|00:00:15|+0.23|0.61|0.7143|
|x|         50|         19|        142|     832.5866667|         45|00:00:19|-0.17|0.22|1.0604|
|x|         43|         19|        144|     832.0975000|         58|00:00:04|+0.04|0.28|0.8947|
|x|         27|         19|        144|     832.4340000|         71|00:00:04|-0.01|0.19|0.9765|
|x|         26|         19|        150|     832.3500000|         84|00:00:04|+0.02|0.18|0.9344|
|x|         17|         19|        150|     832.7514286|         97|00:00:04|+0.00|0.14|0.9473|
|x|         40|         19|        150|     832.9100000|        110|00:00:04|+0.04|0.16|0.9199|
|x|         38|         19|        144|     832.9500000|        123|00:00:04|+0.06|0.16|0.9077|
|=|         31|         19|        150|     832.8990000|        136|00:00:04|+0.06|0.16|0.8994|
|x|          8|         19|        150|     832.9554545|        149|00:00:04|+0.04|0.13|0.9184|
|x|          9|         19|        150|     832.8016667|        162|00:00:04|+0.06|0.14|0.9007|
|x|          2|         19|        144|     832.8061538|        175|00:00:04|+0.08|0.15|0.8873|
|x|         48|         19|        144|     832.6850000|        188|00:00:04|+0.07|0.14|0.8923|
|x|         24|         19|        144|     832.6586667|        201|00:00:04|+0.07|0.13|0.8941|
|x|         32|         19|        144|     832.7643750|        214|00:00:04|+0.06|0.11|0.9037|
|x|         25|         19|        150|     832.8864706|        227|00:00:04|+0.04|0.10|0.9126|
|x|         30|         19|        150|     832.8150000|        240|00:00:04|+0.05|0.10|0.9072|
|x|         11|         19|        150|     832.9805263|        253|00:00:04|+0.06|0.11|0.9026|
|-|         18|         11|        150|     833.0385000|        266|00:00:04|+0.00|0.05|0.9112|
|x|          5|         11|        150|     833.1433333|        271|00:00:02|-0.01|0.04|0.9171|
|x|         44|         11|        150|     833.2722727|        276|00:00:02|-0.01|0.04|0.9171|
|x|         15|         11|        150|     833.1782609|        281|00:00:02|+0.00|0.04|0.9099|
|x|         23|         11|        150|     833.1125000|        286|00:00:02|+0.00|0.04|0.9088|
|x|         28|         11|        150|     833.1420000|        291|00:00:02|-0.00|0.04|0.9130|
|x|         46|         11|        150|     833.2119231|        296|00:00:02|-0.00|0.03|0.9127|
|x|         10|         11|        150|     833.2107407|        301|00:00:02|-0.00|0.04|0.9107|
|x|         21|         11|        108|     833.2650000|        306|00:00:02|-0.00|0.03|0.9126|
|x|          4|         11|        110|     833.2193103|        311|00:00:02|-0.00|0.03|0.9105|
|=|         35|         11|        110|     833.2636667|        316|00:00:02|-0.00|0.03|0.9101|
|x|         39|         11|        110|     833.1941935|        321|00:00:02|+0.00|0.03|0.9072|
|x|         13|         11|        110|     833.1615625|        326|00:00:02|+0.00|0.03|0.9077|
|x|          7|         11|        110|     833.0993939|        331|00:00:02|+0.00|0.03|0.9068|
|x|         49|         11|        110|     833.1417647|        336|00:00:02|+0.01|0.04|0.9052|
|x|         19|         11|        110|     833.1362857|        341|00:00:02|+0.01|0.04|0.9003|
|x|         41|         11|        110|     833.0800000|        346|00:00:02|+0.02|0.04|0.8979|
|x|         33|         11|        110|     833.0267568|        351|00:00:02|+0.02|0.05|0.8962|
|x|         47|         11|        110|     833.0273684|        356|00:00:02|+0.02|0.05|0.8941|
|x|          6|         11|        110|     833.1523077|        361|00:00:02|+0.02|0.05|0.8926|
|=|         16|         11|        110|     833.1902500|        366|00:00:02|+0.02|0.04|0.8960|
|x|          1|         11|        150|     833.3314634|        371|00:00:02|+0.01|0.04|0.8952|
|x|         36|         11|        110|     833.1914286|        376|00:00:02|+0.02|0.04|0.8914|
|x|          3|         11|        110|     833.2230233|        381|00:00:02|+0.02|0.04|0.8910|
|x|         34|         11|        150|     833.3459091|        386|00:00:02|+0.02|0.04|0.8915|
|x|         12|         11|        150|     833.3177778|        391|00:00:02|+0.02|0.04|0.8908|
|x|         42|         11|        150|     833.3906522|        396|00:00:02|+0.01|0.03|0.8947|
|x|         14|         11|        150|     833.3989362|        401|00:00:02|+0.01|0.03|0.8962|
|x|         29|         11|        150|     833.4137500|        406|00:00:02|+0.01|0.03|0.8960|
|x|         45|         11|        110|     833.4206122|        411|00:00:02|+0.01|0.03|0.8978|
|=|         20|         11|        110|     833.4226000|        416|00:00:02|+0.01|0.03|0.8970|
|x|         22|         11|        110|     833.4158824|        421|00:00:02|+0.02|0.04|0.8936|
|x|         52|         11|        110|     833.4055769|        432|00:00:03|+0.02|0.03|0.8963|
|x|         53|         11|        110|     833.3622642|        443|00:00:03|+0.02|0.04|0.8942|
|x|         54|         11|        110|     833.3205556|        454|00:00:03|+0.02|0.04|0.8942|
|x|         55|         11|        110|     833.3509091|        465|00:00:03|+0.02|0.04|0.8934|
|x|         56|         11|        110|     833.4037500|        476|00:00:03|+0.02|0.04|0.8934|
|x|         57|         11|        110|     833.3635088|        487|00:00:03|+0.02|0.03|0.8944|
|x|         58|         11|        110|     833.3246552|        498|00:00:03|+0.01|0.03|0.8966|
|x|         59|         11|        110|     833.3205085|        509|00:00:03|+0.01|0.03|0.8950|
|-|         60|          6|        110|     833.3321667|        520|00:00:03|-0.01|0.01|0.8381|
+-+-----------+-----------+-----------+----------------+-----------+--------+-----+----+------+
Best-so-far configuration:         110    mean value:      833.3321667
Description of the best-so-far configuration:
    .ID. his_len max_attempts .PARENT.
110  110    4025            3       32

# 2025-12-26 14:13:14 GMT: Elite configurations (first number is the configuration ID; listed from best to worst according to the sum of ranks):
    his_len max_attempts
110    4025            3
148    4102            3
150    4124            4
108    7574            1
144    4016            3
151    3899            7
# 2025-12-26 14:13:14 GMT: Iteration 5 of 5
# experimentsUsed: 3160
# remainingBudget: 340
# currentBudget: 340
# nbConfigurations: 11
# Markers:
     x No test is performed.
     c Configurations are discarded only due to capping.
     - The test is performed and some configurations are discarded.
     = The test is performed but no configuration is discarded.
     ! The test is performed and configurations could be discarded but elite configurations are preserved.
     . All alive configurations are elite and nothing is discarded.

+-+-----------+-----------+-----------+----------------+-----------+--------+-----+----+------+
| |   Instance|      Alive|       Best|       Mean best| Exp so far|  W time|  rho|KenW|  Qvar|
+-+-----------+-----------+-----------+----------------+-----------+--------+-----+----+------+
|x|         56|         11|        148|     831.1100000|          5|00:00:02|   NA|  NA|    NA|
|x|         38|         11|        148|     832.2250000|         10|00:00:02|+0.06|0.53|1.0368|
|x|         17|         11|        154|     832.1466667|         15|00:00:02|+0.10|0.40|0.9266|
|x|         59|         11|        155|     832.1125000|         20|00:00:02|-0.01|0.24|0.9542|
|x|         33|         11|        154|     832.3780000|         25|00:00:02|-0.04|0.17|0.9545|
|x|         55|         11|        154|     832.8366667|         30|00:00:02|-0.14|0.05|1.0374|
|x|         26|         11|        148|     832.7471429|         35|00:00:02|-0.11|0.05|1.0138|
|x|         58|         11|        148|     832.9250000|         40|00:00:02|-0.08|0.05|0.9884|
|x|         29|         11|        148|     832.9422222|         45|00:00:02|-0.07|0.04|0.9902|
|=|         54|         11|        148|     832.9560000|         50|00:00:02|-0.05|0.06|0.9653|
|x|         23|         11|        148|     832.9809091|         55|00:00:02|-0.01|0.08|0.9350|
|x|         32|         11|        152|     832.9241667|         60|00:00:02|-0.02|0.07|0.9384|
|x|         30|         11|        148|     833.0684615|         65|00:00:02|+0.00|0.08|0.9292|
|x|         14|         11|        148|     832.9285714|         70|00:00:02|+0.01|0.08|0.9280|
|x|         35|         11|        148|     832.8073333|         75|00:00:02|+0.02|0.09|0.9076|
|x|         34|         11|        148|     832.9175000|         80|00:00:02|+0.03|0.09|0.9085|
|x|          4|         11|        148|     832.9823529|         85|00:00:02|+0.01|0.07|0.9187|
|x|          9|         11|        148|     833.0483333|         90|00:00:02|+0.01|0.07|0.9132|
|x|         13|         11|        148|     832.9721053|         95|00:00:02|-0.00|0.05|0.9238|
|=|         16|         11|        148|     833.0465000|        100|00:00:02|-0.00|0.05|0.9229|
|x|         27|         11|        148|     833.1447619|        105|00:00:02|+0.01|0.06|0.9174|
|x|         39|         11|        148|     833.0522727|        110|00:00:02|+0.00|0.05|0.9206|
|x|         46|         11|        148|     833.0843478|        115|00:00:02|-0.00|0.04|0.9229|
|x|         12|         11|        148|     833.0020833|        120|00:00:02|+0.01|0.05|0.9159|
|x|          1|         11|        148|     832.9736000|        125|00:00:02|+0.02|0.06|0.9084|
|x|         25|         11|        148|     833.0626923|        130|00:00:02|+0.01|0.05|0.9126|
|x|         11|         11|        148|     833.0729630|        135|00:00:02|+0.01|0.05|0.9118|
|x|         43|         11|        148|     833.1007143|        140|00:00:02|+0.00|0.04|0.9181|
|x|          8|         11|        148|     833.2051724|        145|00:00:02|-0.00|0.03|0.9220|
|=|         37|         11|        148|     833.2010000|        150|00:00:02|-0.00|0.03|0.9210|
|x|         60|         11|        152|     833.2548387|        155|00:00:02|-0.01|0.03|0.9231|
|x|         44|         11|        148|     833.2309375|        160|00:00:02|-0.01|0.02|0.9248|
|x|         15|         11|        148|     833.2548485|        165|00:00:02|-0.01|0.02|0.9236|
|x|         10|         11|        152|     833.3770588|        170|00:00:02|-0.01|0.02|0.9215|
|x|          2|         11|        152|     833.3122857|        175|00:00:02|-0.01|0.02|0.9220|
|x|         24|         11|        152|     833.3986111|        180|00:00:02|-0.01|0.02|0.9230|
|x|         28|         11|        155|     833.4354054|        185|00:00:02|-0.01|0.02|0.9207|
|x|         52|         11|        152|     833.4052632|        190|00:00:02|-0.01|0.02|0.9201|
|x|          5|         11|        152|     833.4056410|        195|00:00:02|-0.01|0.02|0.9202|
|=|         19|         11|        152|     833.3482500|        200|00:00:02|-0.01|0.02|0.9172|
|x|          6|         11|        152|     833.3056098|        205|00:00:02|-0.01|0.02|0.9155|
|x|         57|         11|        152|     833.3002381|        210|00:00:02|-0.01|0.02|0.9147|
|x|         41|         11|        152|     833.2493023|        215|00:00:02|-0.01|0.02|0.9143|
|x|         47|         11|        152|     833.2925000|        220|00:00:02|-0.01|0.02|0.9132|
|x|         45|         11|        152|     833.2953333|        225|00:00:02|-0.00|0.02|0.9133|
|x|         49|         11|        152|     833.3206522|        230|00:00:02|-0.00|0.02|0.9128|
|x|         50|         11|        152|     833.3768085|        235|00:00:02|-0.01|0.02|0.9138|
|x|          7|         11|        152|     833.3295833|        240|00:00:02|-0.00|0.02|0.9115|
|x|         51|         11|        152|     833.2942857|        245|00:00:02|-0.00|0.02|0.9108|
|=|         42|         11|        152|     833.2506000|        250|00:00:02|-0.00|0.02|0.9108|
|x|         20|         11|        152|     833.2562745|        255|00:00:02|-0.00|0.02|0.9100|
|x|         18|         11|        152|     833.2848077|        260|00:00:02|-0.00|0.02|0.9085|
|x|         48|         11|        152|     833.2933962|        265|00:00:02|-0.00|0.02|0.9102|
|x|         21|         11|        152|     833.2529630|        270|00:00:02|-0.00|0.02|0.9079|
|x|         31|         11|        152|     833.2140000|        275|00:00:02|+0.00|0.02|0.9067|
|x|         40|         11|        152|     833.2678571|        280|00:00:02|-0.00|0.02|0.9100|
|x|          3|         11|        152|     833.2870175|        285|00:00:02|-0.00|0.02|0.9096|
|x|         36|         11|        152|     833.2851724|        290|00:00:02|-0.00|0.02|0.9086|
|x|         53|         11|        152|     833.3011864|        295|00:00:02|+0.00|0.02|0.9077|
|=|         22|         11|        152|     833.3266667|        300|00:00:02|-0.00|0.02|0.9083|
+-+-----------+-----------+-----------+----------------+-----------+--------+-----+----+------+
Best-so-far configuration:         152    mean value:      833.3266667
Description of the best-so-far configuration:
    .ID. his_len max_attempts .PARENT.
152  152    4087            3      148

# 2025-12-26 14:15:50 GMT: Elite configurations (first number is the configuration ID; listed from best to worst according to the sum of ranks):
    his_len max_attempts
152    4087            3
110    4025            3
155    3963            3
153    4094            3
150    4124            4
148    4102            3
154    3996            2
108    7574            1
144    4016            3
151    3899            7
# 2025-12-26 14:15:50 GMT: Stopped because there is not enough budget left to race more than the minimum (10).
# You may either increase the budget or set 'minNbSurvival' to a lower value.
# Iteration: 6
# nbIterations: 6
# experimentsUsed: 3460
# timeUsed: 0
# remainingBudget: 40
# currentBudget: 40
# number of elites: 10
# nbConfigurations: 10
# Total CPU user time: 6563.413, CPU sys time: 3058.736, Wall-clock time: 2453.096
# Best configurations (first number is the configuration ID; listed from best to worst according to the sum of ranks):
    his_len max_attempts
152    4087            3
110    4025            3
155    3963            3
153    4094            3
150    4124            4
148    4102            3
154    3996            2
108    7574            1
144    4016            3
151    3899            7
# Best configurations as commandlines (first number is the configuration ID; listed from best to worst according to the sum of ranks):
152 -his_len 4087 -max_attempts 3
110 -his_len 4025 -max_attempts 3
155 -his_len 3963 -max_attempts 3
153 -his_len 4094 -max_attempts 3
150 -his_len 4124 -max_attempts 4
148 -his_len 4102 -max_attempts 3
154 -his_len 3996 -max_attempts 2
108 -his_len 7574 -max_attempts 1
144 -his_len 4016 -max_attempts 3
151 -his_len 3899 -max_attempts 7


# Testing of elite configurations: 1 
# Testing iteration configurations: FALSE 
# 2025-12-26 14:15:50 GMT: No test instances, skip testing
