Starting irace...
# 2025-12-26 13:34:54 GMT: Reading parameter file '/gpfs/home/e/exx866/IRACE-b-LAHC/all-instances-rough/E-n76-k7/parameters.txt'.
# 2025-12-26 13:34:55 GMT: Read 1 configuration(s) from file '/gpfs/home/e/exx866/IRACE-b-LAHC/all-instances-rough/E-n76-k7/configurations.txt'
# 2025-12-26 13:34:56 GMT: Initialization
# Elitist race
# Elitist new instances: 1
# Elitist limit: 2
# nbIterations: 3
# minNbSurvival: 10
# nbParameters: 2
# seed: 141667120
# confidence level: 0.95
# budget: 3500
# mu: 10
# deterministic: FALSE

# 2025-12-26 13:34:56 GMT: Iteration 1 of 3
# experimentsUsed: 0
# remainingBudget: 3500
# currentBudget: 1166
# nbConfigurations: 58
# Markers:
     x No test is performed.
     c Configurations are discarded only due to capping.
     - The test is performed and some configurations are discarded.
     = The test is performed but no configuration is discarded.
     ! The test is performed and configurations could be discarded but elite configurations are preserved.
     . All alive configurations are elite and nothing is discarded.

+-+-----------+-----------+-----------+----------------+-----------+--------+-----+----+------+
| |   Instance|      Alive|       Best|       Mean best| Exp so far|  W time|  rho|KenW|  Qvar|
+-+-----------+-----------+-----------+----------------+-----------+--------+-----+----+------+
|x|          1|         58|         43|     692.6400000|         58|00:00:56|   NA|  NA|    NA|
|x|          2|         58|         43|     694.7200000|        116|00:00:46|+0.39|0.69|0.5850|
|x|          3|         58|         43|     695.6900000|        174|00:00:46|+0.55|0.70|0.4509|
|x|          4|         58|         43|     695.8325000|        232|00:00:44|+0.51|0.63|0.4831|
|x|          5|         58|         43|     696.0980000|        290|00:00:45|+0.52|0.61|0.4620|
|x|          6|         58|         43|     696.1266667|        348|00:00:47|+0.50|0.58|0.5012|
|x|          7|         58|         43|     695.6285714|        406|00:00:45|+0.50|0.57|0.4981|
|x|          8|         58|         43|     695.8487500|        464|00:00:47|+0.51|0.57|0.4872|
|x|          9|         58|         43|     695.9355556|        522|00:00:45|+0.52|0.58|0.4859|
|-|         10|          6|         43|     695.6310000|        580|00:00:44|+0.26|0.34|0.6823|
+-+-----------+-----------+-----------+----------------+-----------+--------+-----+----+------+
Best-so-far configuration:          43    mean value:      695.6310000
Description of the best-so-far configuration:
   .ID. his_len max_attempts .PARENT.
43   43    3180            6       NA

# 2025-12-26 13:42:46 GMT: Elite configurations (first number is the configuration ID; listed from best to worst according to the sum of ranks):
   his_len max_attempts
43    3180            6
9     2257           45
1     5723           60
38    1949          162
12   18264           14
32    2872          404
# 2025-12-26 13:42:46 GMT: Iteration 2 of 3
# experimentsUsed: 580
# remainingBudget: 2920
# currentBudget: 1460
# nbConfigurations: 50
# Markers:
     x No test is performed.
     c Configurations are discarded only due to capping.
     - The test is performed and some configurations are discarded.
     = The test is performed but no configuration is discarded.
     ! The test is performed and configurations could be discarded but elite configurations are preserved.
     . All alive configurations are elite and nothing is discarded.

+-+-----------+-----------+-----------+----------------+-----------+--------+-----+----+------+
| |   Instance|      Alive|       Best|       Mean best| Exp so far|  W time|  rho|KenW|  Qvar|
+-+-----------+-----------+-----------+----------------+-----------+--------+-----+----+------+
|x|         11|         50|         91|     692.6400000|         50|00:00:23|   NA|  NA|    NA|
|x|          1|         50|         86|     694.4950000|         94|00:00:20|+0.24|0.62|0.8524|
|x|          6|         50|         65|     694.5833333|        138|00:00:20|+0.29|0.53|0.7414|
|x|          7|         50|         65|     694.0975000|        182|00:00:19|+0.24|0.43|0.7661|
|x|          9|         50|         65|     694.7360000|        226|00:00:19|+0.26|0.41|0.7678|
|x|          3|         50|         65|     694.9916667|        270|00:00:20|+0.21|0.34|0.7969|
|x|          4|         50|         65|     695.2500000|        314|00:00:19|+0.21|0.32|0.7886|
|x|         10|         50|         65|     694.9237500|        358|00:00:20|+0.22|0.32|0.7758|
|x|          2|         50|         65|     695.1322222|        402|00:00:20|+0.22|0.30|0.7937|
|-|          8|         14|         65|     694.8830000|        446|00:00:25|+0.30|0.37|0.6876|
|x|          5|         14|         65|     695.0081818|        454|00:00:17|+0.31|0.37|0.6870|
|x|         12|         14|         97|     694.9091667|        468|00:00:17|+0.29|0.35|0.7052|
|x|         13|         14|         97|     695.0815385|        482|00:00:18|+0.29|0.35|0.6914|
|x|         14|         14|         97|     695.0450000|        496|00:00:19|+0.31|0.36|0.6752|
|x|         15|         14|         97|     695.0366667|        510|00:00:18|+0.31|0.35|0.6579|
|x|         16|         14|         97|     694.8868750|        524|00:00:18|+0.31|0.35|0.6536|
|x|         17|         14|         97|     694.9676471|        538|00:00:19|+0.30|0.34|0.6707|
|x|         18|         14|         97|     694.8383333|        552|00:00:19|+0.31|0.35|0.6643|
|x|         19|         14|         97|     694.9326316|        566|00:00:19|+0.31|0.35|0.6587|
|-|         20|          3|         97|     695.0260000|        580|00:00:18|-0.01|0.04|0.6341|
+-+-----------+-----------+-----------+----------------+-----------+--------+-----+----+------+
Best-so-far configuration:          97    mean value:      695.0260000
Description of the best-so-far configuration:
   .ID. his_len max_attempts .PARENT.
97   97    2126            2        9

# 2025-12-26 13:49:22 GMT: Elite configurations (first number is the configuration ID; listed from best to worst according to the sum of ranks):
   his_len max_attempts
97    2126            2
65    3238            1
78     364           34
# 2025-12-26 13:49:22 GMT: Iteration 3 of 3
# experimentsUsed: 1160
# remainingBudget: 2340
# currentBudget: 2340
# nbConfigurations: 60
# Markers:
     x No test is performed.
     c Configurations are discarded only due to capping.
     - The test is performed and some configurations are discarded.
     = The test is performed but no configuration is discarded.
     ! The test is performed and configurations could be discarded but elite configurations are preserved.
     . All alive configurations are elite and nothing is discarded.

+-+-----------+-----------+-----------+----------------+-----------+--------+-----+----+------+
| |   Instance|      Alive|       Best|       Mean best| Exp so far|  W time|  rho|KenW|  Qvar|
+-+-----------+-----------+-----------+----------------+-----------+--------+-----+----+------+
|x|         21|         60|         65|     692.6400000|         60|00:00:32|   NA|  NA|    NA|
|x|          2|         60|        157|     692.6400000|        117|00:00:31|+0.09|0.55|0.9401|
|x|         20|         60|        149|     692.6700000|        174|00:00:31|+0.14|0.43|0.8839|
|x|         18|         60|        157|     693.6650000|        231|00:00:30|-0.01|0.24|0.9802|
|x|         10|         60|        115|     694.2540000|        288|00:00:30|-0.01|0.19|0.9795|
|x|         19|         60|        115|     694.6016667|        345|00:00:31|+0.03|0.19|0.9561|
|x|          5|         60|        128|     693.6242857|        402|00:00:30|+0.04|0.17|0.9474|
|x|         13|         60|        128|     693.7850000|        459|00:00:30|+0.04|0.16|0.9400|
|x|         14|         60|        128|     693.9100000|        516|00:00:30|+0.03|0.14|0.9551|
|=|          9|         60|        135|     694.5260000|        573|00:00:29|+0.03|0.13|0.9607|
|x|          4|         60|        135|     694.3545455|        630|00:00:26|+0.03|0.11|0.9653|
|x|         15|         60|        135|     694.5200000|        687|00:00:30|+0.02|0.11|0.9668|
|x|          8|         60|        135|     694.3753846|        744|00:00:29|+0.03|0.11|0.9594|
|x|         11|         60|        135|     694.5485714|        801|00:00:29|+0.03|0.10|0.9545|
|x|         12|         60|        135|     694.4213333|        858|00:00:30|+0.04|0.11|0.9528|
|x|         17|         60|        153|     694.1687500|        915|00:00:30|+0.04|0.10|0.9530|
|x|          7|         60|        135|     694.4564706|        972|00:00:30|+0.05|0.10|0.9472|
|x|          3|         60|        135|     694.3555556|       1029|00:00:30|+0.05|0.10|0.9404|
|x|          1|         60|        135|     694.4557895|       1086|00:00:30|+0.05|0.10|0.9422|
|-|          6|         20|        135|     694.5645000|       1143|00:00:28|-0.00|0.05|0.9461|
|x|         16|         20|        106|     694.3361905|       1160|00:00:11|-0.01|0.04|0.9523|
|x|         22|         20|        106|     694.4645455|       1180|00:00:12|-0.01|0.04|0.9514|
|x|         23|         20|        106|     694.5586957|       1200|00:00:12|-0.01|0.03|0.9556|
|x|         24|         20|        106|     694.4787500|       1220|00:00:11|-0.01|0.03|0.9535|
|x|         25|         20|        106|     694.5648000|       1240|00:00:12|-0.01|0.03|0.9586|
|x|         26|         20|        106|     694.6300000|       1260|00:00:12|-0.01|0.03|0.9580|
|x|         27|         20|        106|     694.6651852|       1280|00:00:12|-0.01|0.03|0.9588|
|x|         28|         20|        106|     694.7414286|       1300|00:00:12|-0.01|0.03|0.9568|
|x|         29|         20|        106|     694.7886207|       1320|00:00:12|-0.01|0.03|0.9569|
|=|         30|         20|        135|     694.8660000|       1340|00:00:13|-0.01|0.03|0.9550|
|x|         31|         20|        106|     694.8196774|       1360|00:00:18|-0.01|0.02|0.9555|
|x|         32|         20|        106|     694.9178125|       1380|00:00:15|-0.01|0.02|0.9566|
|x|         33|         20|        106|     695.0675758|       1400|00:00:15|-0.01|0.02|0.9570|
|x|         34|         20|        106|     695.1291176|       1420|00:00:14|-0.01|0.02|0.9567|
|x|         35|         20|        106|     695.0580000|       1440|00:00:15|-0.01|0.02|0.9572|
|x|         36|         20|         65|     695.3500000|       1460|00:00:15|-0.01|0.02|0.9568|
|x|         37|         20|        118|     695.1551351|       1480|00:00:14|-0.01|0.02|0.9545|
|x|         38|         20|        118|     695.0889474|       1500|00:00:15|-0.01|0.02|0.9537|
|x|         39|         20|        118|     695.1328205|       1520|00:00:15|-0.01|0.02|0.9556|
|=|         40|         20|        118|     695.1612500|       1540|00:00:14|-0.01|0.02|0.9556|
+-+-----------+-----------+-----------+----------------+-----------+--------+-----+----+------+
Best-so-far configuration:         118    mean value:      695.1612500
Description of the best-so-far configuration:
    .ID. his_len max_attempts .PARENT.
118  118    3246            1       65

# 2025-12-26 14:04:05 GMT: Elite configurations (first number is the configuration ID; listed from best to worst according to the sum of ranks):
    his_len max_attempts
118    3246            1
65     3238            1
127    3139            2
135    2146            1
121    3368            2
153    3438            2
143    3061            1
106    3120            2
115    1987            2
114    3347            1
# 2025-12-26 14:04:05 GMT: Iteration 4 of 4
# experimentsUsed: 2700
# remainingBudget: 800
# currentBudget: 800
# nbConfigurations: 24
# Markers:
     x No test is performed.
     c Configurations are discarded only due to capping.
     - The test is performed and some configurations are discarded.
     = The test is performed but no configuration is discarded.
     ! The test is performed and configurations could be discarded but elite configurations are preserved.
     . All alive configurations are elite and nothing is discarded.

+-+-----------+-----------+-----------+----------------+-----------+--------+-----+----+------+
| |   Instance|      Alive|       Best|       Mean best| Exp so far|  W time|  rho|KenW|  Qvar|
+-+-----------+-----------+-----------+----------------+-----------+--------+-----+----+------+
|x|         41|         24|        118|     692.6400000|         24|00:00:14|   NA|  NA|    NA|
|x|         26|         24|         65|     692.6400000|         38|00:00:11|-0.33|0.34|1.3324|
|x|         15|         24|         65|     692.7233333|         52|00:00:11|-0.25|0.17|1.1789|
|x|         30|         24|         65|     693.4100000|         66|00:00:10|-0.16|0.13|1.0973|
|x|         12|         24|        121|     694.0900000|         80|00:00:11|-0.08|0.14|1.0286|
|x|         29|         24|         65|     693.5316667|         94|00:00:11|-0.05|0.12|0.9936|
|x|         25|         24|         65|     693.9228571|        108|00:00:11|-0.04|0.11|1.0022|
|x|         19|         24|        162|     693.9262500|        122|00:00:11|+0.01|0.13|0.9589|
|x|         17|         24|         65|     694.3555556|        136|00:00:11|-0.01|0.11|0.9656|
|=|         10|         24|         65|     694.1840000|        150|00:00:10|-0.00|0.10|0.9687|
|x|          1|         24|         65|     694.2436364|        164|00:00:10|-0.00|0.09|0.9706|
|x|          5|         24|         65|     694.4116667|        178|00:00:10|-0.00|0.08|0.9667|
|x|         33|         24|        153|     694.1507692|        192|00:00:10|+0.00|0.08|0.9544|
|x|          6|         24|        153|     694.0428571|        206|00:00:10|+0.00|0.08|0.9506|
|x|         28|         24|        153|     693.9493333|        220|00:00:10|+0.00|0.07|0.9492|
|x|         20|         24|        153|     694.1262500|        234|00:00:10|+0.01|0.07|0.9414|
|x|         16|         24|        163|     694.4435294|        248|00:00:10|+0.01|0.07|0.9370|
|x|         24|         24|        163|     694.3433333|        262|00:00:10|+0.02|0.07|0.9358|
|x|         35|         24|        163|     694.4484211|        276|00:00:10|+0.01|0.06|0.9453|
|=|         14|         24|        163|     694.3580000|        290|00:00:10|+0.01|0.06|0.9452|
|x|          2|         24|        163|     694.2761905|        304|00:00:09|+0.01|0.06|0.9455|
|x|         13|         24|        163|     694.4531818|        318|00:00:09|+0.00|0.05|0.9478|
|x|         18|         24|        163|     694.4400000|        332|00:00:09|+0.01|0.05|0.9474|
|x|         27|         24|        163|     694.6725000|        346|00:00:09|+0.00|0.04|0.9553|
|x|          4|         24|        163|     694.7576000|        360|00:00:09|-0.00|0.04|0.9577|
|x|         32|         24|        163|     694.7850000|        374|00:00:09|-0.00|0.04|0.9611|
|x|         37|         24|        163|     694.7055556|        388|00:00:09|-0.00|0.03|0.9644|
|x|         36|         24|        163|     694.6785714|        402|00:00:09|-0.01|0.03|0.9652|
|x|          9|         24|        163|     694.6082759|        416|00:00:09|-0.01|0.03|0.9648|
|=|         31|         24|        163|     694.6426667|        430|00:00:09|-0.01|0.03|0.9665|
|x|         40|         24|        163|     694.6425806|        444|00:00:10|-0.01|0.03|0.9643|
|x|          8|         24|        163|     694.5878125|        458|00:00:12|-0.01|0.02|0.9657|
|x|         23|         24|        163|     694.6766667|        472|00:00:13|-0.01|0.02|0.9665|
|x|         22|         24|        163|     694.7000000|        486|00:00:13|-0.01|0.02|0.9673|
|x|         11|         24|        163|     694.6411429|        500|00:00:13|-0.01|0.02|0.9650|
|x|          3|         24|        163|     694.5855556|        514|00:00:13|-0.01|0.02|0.9656|
|x|         21|         24|        163|     694.6608108|        528|00:00:13|-0.01|0.02|0.9640|
|x|          7|         24|        163|     694.6076316|        542|00:00:13|-0.01|0.02|0.9639|
|x|         39|         24|        163|     694.5571795|        556|00:00:13|-0.01|0.02|0.9638|
|=|         34|         24|        163|     694.5092500|        570|00:00:13|-0.00|0.02|0.9621|
|x|         38|         24|        163|     694.4636585|        584|00:00:13|-0.00|0.02|0.9607|
|x|         42|         24|        163|     694.4742857|        608|00:00:16|-0.00|0.02|0.9617|
|x|         43|         24|        163|     694.4669767|        632|00:00:16|-0.00|0.02|0.9628|
|x|         44|         24|        163|     694.5136364|        656|00:00:17|-0.00|0.02|0.9639|
|x|         45|         24|        163|     694.5328889|        680|00:00:16|-0.00|0.02|0.9632|
|x|         46|         24|        163|     694.5978261|        704|00:00:16|-0.00|0.02|0.9632|
|x|         47|         24|        163|     694.6410638|        728|00:00:16|-0.00|0.02|0.9629|
|x|         48|         24|        163|     694.6941667|        752|00:00:16|-0.00|0.02|0.9622|
|x|         49|         24|        163|     694.6522449|        776|00:00:16|-0.00|0.02|0.9606|
|=|         50|         24|        163|     694.6686000|        800|00:00:14|-0.00|0.02|0.9601|
+-+-----------+-----------+-----------+----------------+-----------+--------+-----+----+------+
Best-so-far configuration:         163    mean value:      694.6686000
Description of the best-so-far configuration:
    .ID. his_len max_attempts .PARENT.
163  163    2155            2      135

# 2025-12-26 14:14:15 GMT: Elite configurations (first number is the configuration ID; listed from best to worst according to the sum of ranks):
    his_len max_attempts
163    2155            2
65     3238            1
114    3347            1
171    3263            1
153    3438            2
172    3243            1
161    3448            2
118    3246            1
170    3068            2
121    3368            2
# 2025-12-26 14:14:15 GMT: Stopped because budget is exhausted
# Iteration: 5
# nbIterations: 4
# experimentsUsed: 3500
# timeUsed: 0
# remainingBudget: 0
# currentBudget: 800
# number of elites: 10
# nbConfigurations: 24
# Total CPU user time: 4273.038, CPU sys time: 3706.549, Wall-clock time: 2360.108
# Best configurations (first number is the configuration ID; listed from best to worst according to the sum of ranks):
    his_len max_attempts
163    2155            2
65     3238            1
114    3347            1
171    3263            1
153    3438            2
172    3243            1
161    3448            2
118    3246            1
170    3068            2
121    3368            2
# Best configurations as commandlines (first number is the configuration ID; listed from best to worst according to the sum of ranks):
163 -his_len 2155 -max_attempts 2
65  -his_len 3238 -max_attempts 1
114 -his_len 3347 -max_attempts 1
171 -his_len 3263 -max_attempts 1
153 -his_len 3438 -max_attempts 2
172 -his_len 3243 -max_attempts 1
161 -his_len 3448 -max_attempts 2
118 -his_len 3246 -max_attempts 1
170 -his_len 3068 -max_attempts 2
121 -his_len 3368 -max_attempts 2


# Testing of elite configurations: 1 
# Testing iteration configurations: FALSE 
# 2025-12-26 14:14:15 GMT: No test instances, skip testing
