Starting irace...
# 2025-12-26 13:34:45 GMT: Reading parameter file '/gpfs/home/e/exx866/IRACE-b-LAHC/all-instances-rough/E-n23-k3/parameters.txt'.
# 2025-12-26 13:34:46 GMT: Read 1 configuration(s) from file '/gpfs/home/e/exx866/IRACE-b-LAHC/all-instances-rough/E-n23-k3/configurations.txt'
# 2025-12-26 13:34:46 GMT: Initialization
# Elitist race
# Elitist new instances: 1
# Elitist limit: 2
# nbIterations: 3
# minNbSurvival: 10
# nbParameters: 2
# seed: 551123007
# confidence level: 0.95
# budget: 3500
# mu: 10
# deterministic: FALSE

# 2025-12-26 13:34:46 GMT: Iteration 1 of 3
# experimentsUsed: 0
# remainingBudget: 3500
# currentBudget: 1166
# nbConfigurations: 58
# Markers:
     x No test is performed.
     c Configurations are discarded only due to capping.
     - The test is performed and some configurations are discarded.
     = The test is performed but no configuration is discarded.
     ! The test is performed and configurations could be discarded but elite configurations are preserved.
     . All alive configurations are elite and nothing is discarded.

+-+-----------+-----------+-----------+----------------+-----------+--------+-----+----+------+
| |   Instance|      Alive|       Best|       Mean best| Exp so far|  W time|  rho|KenW|  Qvar|
+-+-----------+-----------+-----------+----------------+-----------+--------+-----+----+------+
|x|          1|         58|          1|     571.9500000|         58|00:00:49|   NA|  NA|    NA|
|x|          2|         58|          1|     571.9500000|        116|00:00:45|+1.00|1.00|0.0000|
|x|          3|         58|          1|     571.9500000|        174|00:00:44|+1.00|1.00|0.0000|
|x|          4|         58|          1|     571.9500000|        232|00:00:44|+1.00|1.00|0.0000|
|x|          5|         58|          1|     571.9500000|        290|00:00:43|+1.00|1.00|0.0000|
|x|          6|         58|          1|     571.9500000|        348|00:00:43|+1.00|1.00|0.0000|
|x|          7|         58|          1|     571.9500000|        406|00:00:44|+1.00|1.00|0.0000|
|x|          8|         58|          1|     571.9500000|        464|00:00:43|+1.00|1.00|0.0000|
|x|          9|         58|          1|     571.9500000|        522|00:00:44|+1.00|1.00|0.0000|
|=|         10|         58|          1|     571.9500000|        580|00:00:40|+1.00|1.00|0.0000|
|x|         11|         58|          1|     571.9500000|        638|00:00:35|+1.00|1.00|0.0000|
|x|         12|         58|          1|     571.9500000|        696|00:00:35|+1.00|1.00|0.0000|
|x|         13|         58|          1|     571.9500000|        754|00:00:35|+1.00|1.00|0.0000|
|x|         14|         58|          1|     571.9500000|        812|00:00:36|+1.00|1.00|0.0000|
|x|         15|         58|          1|     571.9500000|        870|00:00:36|+1.00|1.00|0.0000|
|x|         16|         58|          1|     571.9500000|        928|00:00:36|+1.00|1.00|0.0000|
|x|         17|         58|          1|     571.9500000|        986|00:00:35|+1.00|1.00|0.0000|
|x|         18|         58|          1|     571.9500000|       1044|00:00:37|+1.00|1.00|0.0000|
|x|         19|         58|          1|     571.9500000|       1102|00:00:36|+1.00|1.00|0.0000|
|=|         20|         58|          1|     571.9500000|       1160|00:00:39|+1.00|1.00|0.0000|
+-+-----------+-----------+-----------+----------------+-----------+--------+-----+----+------+
Best-so-far configuration:           1    mean value:      571.9500000
Description of the best-so-far configuration:
  .ID. his_len max_attempts .PARENT.
1    1    5723           60       NA

# 2025-12-26 13:48:15 GMT: Elite configurations (first number is the configuration ID; listed from best to worst according to the sum of ranks):
   his_len max_attempts
1     5723           60
2     8412          351
3    18262          101
4    13337          476
5     3487          226
6    15800          288
7     5949           38
8     1024          413
9    10874          163
10   12106          319
# 2025-12-26 13:48:15 GMT: Iteration 2 of 3
# experimentsUsed: 1160
# remainingBudget: 2340
# currentBudget: 1170
# nbConfigurations: 45
# Markers:
     x No test is performed.
     c Configurations are discarded only due to capping.
     - The test is performed and some configurations are discarded.
     = The test is performed but no configuration is discarded.
     ! The test is performed and configurations could be discarded but elite configurations are preserved.
     . All alive configurations are elite and nothing is discarded.

+-+-----------+-----------+-----------+----------------+-----------+--------+-----+----+------+
| |   Instance|      Alive|       Best|       Mean best| Exp so far|  W time|  rho|KenW|  Qvar|
+-+-----------+-----------+-----------+----------------+-----------+--------+-----+----+------+
|x|         21|         45|          1|     571.9500000|         45|00:00:30|   NA|  NA|    NA|
|x|         12|         45|          1|     571.9500000|         80|00:00:25|+1.00|1.00|0.0000|
|x|          3|         45|          1|     571.9500000|        115|00:00:25|+1.00|1.00|0.0000|
|x|         17|         45|          1|     571.9500000|        150|00:00:25|+1.00|1.00|0.0000|
|x|          1|         45|          1|     571.9500000|        185|00:00:25|+1.00|1.00|0.0000|
|x|          9|         45|          1|     571.9500000|        220|00:00:25|+1.00|1.00|0.0000|
|x|          6|         45|          1|     571.9500000|        255|00:00:25|+1.00|1.00|0.0000|
|x|          8|         45|          1|     571.9500000|        290|00:00:26|+1.00|1.00|0.0000|
|x|         10|         45|          1|     571.9500000|        325|00:00:25|+1.00|1.00|0.0000|
|=|         16|         45|          1|     571.9500000|        360|00:00:25|+1.00|1.00|0.0000|
|x|         14|         45|          1|     571.9500000|        395|00:00:25|+1.00|1.00|0.0000|
|x|          5|         45|          1|     571.9500000|        430|00:00:25|+1.00|1.00|0.0000|
|x|          4|         45|          1|     571.9500000|        465|00:00:25|+1.00|1.00|0.0000|
|x|         11|         45|          1|     571.9500000|        500|00:00:25|+1.00|1.00|0.0000|
|x|         18|         45|          1|     571.9500000|        535|00:00:25|+1.00|1.00|0.0000|
|x|         13|         45|          1|     571.9500000|        570|00:00:25|+1.00|1.00|0.0000|
|x|         19|         45|          1|     571.9500000|        605|00:00:25|+1.00|1.00|0.0000|
|x|          2|         45|          1|     571.9500000|        640|00:00:25|+1.00|1.00|0.0000|
|x|         15|         45|          1|     571.9500000|        675|00:00:22|+1.00|1.00|0.0000|
|=|         20|         45|          1|     571.9500000|        710|00:00:23|+1.00|1.00|0.0000|
|x|          7|         45|          1|     571.9500000|        745|00:00:24|+1.00|1.00|0.0000|
|x|         22|         45|          1|     571.9500000|        790|00:00:29|+1.00|1.00|0.0000|
|x|         23|         45|          1|     571.9500000|        835|00:00:28|+1.00|1.00|0.0000|
|x|         24|         45|          1|     571.9500000|        880|00:00:29|+1.00|1.00|0.0000|
|x|         25|         45|          1|     571.9500000|        925|00:00:28|+1.00|1.00|0.0000|
|x|         26|         45|          1|     571.9500000|        970|00:00:27|+1.00|1.00|0.0000|
|x|         27|         45|          1|     571.9500000|       1015|00:00:28|+1.00|1.00|0.0000|
|x|         28|         45|          1|     571.9500000|       1060|00:00:29|+0.00|0.04|0.0349|
|x|         29|         45|          1|     571.9500000|       1105|00:00:30|+0.00|0.03|0.0337|
|=|         30|         45|          1|     571.9500000|       1150|00:00:27|+0.00|0.03|0.0326|
+-+-----------+-----------+-----------+----------------+-----------+--------+-----+----+------+
Best-so-far configuration:           1    mean value:      571.9500000
Description of the best-so-far configuration:
  .ID. his_len max_attempts .PARENT.
1    1    5723           60       NA

# 2025-12-26 14:01:31 GMT: Elite configurations (first number is the configuration ID; listed from best to worst according to the sum of ranks):
   his_len max_attempts
1     5723           60
2     8412          351
3    18262          101
4    13337          476
5     3487          226
7     5949           38
8     1024          413
9    10874          163
10   12106          319
59   19480           70
# 2025-12-26 14:01:31 GMT: Iteration 3 of 3
# experimentsUsed: 2310
# remainingBudget: 1190
# currentBudget: 1190
# nbConfigurations: 37
# Markers:
     x No test is performed.
     c Configurations are discarded only due to capping.
     - The test is performed and some configurations are discarded.
     = The test is performed but no configuration is discarded.
     ! The test is performed and configurations could be discarded but elite configurations are preserved.
     . All alive configurations are elite and nothing is discarded.

+-+-----------+-----------+-----------+----------------+-----------+--------+-----+----+------+
| |   Instance|      Alive|       Best|       Mean best| Exp so far|  W time|  rho|KenW|  Qvar|
+-+-----------+-----------+-----------+----------------+-----------+--------+-----+----+------+
|x|         31|         37|          1|     571.9500000|         37|00:00:24|   NA|  NA|    NA|
|x|         17|         37|          1|     571.9500000|         64|00:00:20|+1.00|1.00|0.0000|
|x|         11|         37|          1|     571.9500000|         91|00:00:20|+1.00|1.00|0.0000|
|x|         27|         37|          1|     571.9500000|        118|00:00:19|+1.00|1.00|0.0000|
|x|         25|         37|          1|     571.9500000|        145|00:00:20|+1.00|1.00|0.0000|
|x|         22|         37|          1|     571.9500000|        172|00:00:19|+1.00|1.00|0.0000|
|x|         14|         37|          1|     571.9500000|        199|00:00:19|+1.00|1.00|0.0000|
|x|         13|         37|          1|     571.9500000|        226|00:00:17|+1.00|1.00|0.0000|
|x|         28|         37|          1|     571.9500000|        253|00:00:14|+0.00|0.11|0.1081|
|=|         23|         37|          1|     571.9500000|        280|00:00:14|+0.00|0.10|0.0973|
|x|          3|         37|          1|     571.9500000|        307|00:00:14|+0.00|0.09|0.0885|
|x|         16|         37|          1|     571.9500000|        334|00:00:14|+0.00|0.08|0.0811|
|x|         15|         37|          1|     571.9500000|        361|00:00:14|+0.00|0.08|0.0748|
|x|         18|         37|          1|     571.9500000|        388|00:00:14|+0.00|0.07|0.0695|
|x|         19|         37|          1|     571.9500000|        415|00:00:14|+0.00|0.07|0.0649|
|x|          9|         37|          1|     571.9500000|        442|00:00:14|+0.00|0.06|0.0608|
|x|          4|         37|          1|     571.9500000|        469|00:00:14|+0.00|0.06|0.0572|
|x|         20|         37|          1|     571.9500000|        496|00:00:14|+0.00|0.06|0.0541|
|x|         24|         37|          1|     571.9500000|        523|00:00:14|+0.00|0.05|0.0512|
|=|         10|         37|          1|     571.9500000|        550|00:00:14|+0.00|0.05|0.0486|
|x|          5|         37|          1|     571.9500000|        577|00:00:14|+0.00|0.05|0.0463|
|x|          7|         37|          1|     571.9500000|        604|00:00:14|+0.00|0.05|0.0442|
|x|         30|         37|          1|     571.9500000|        631|00:00:14|+0.00|0.04|0.0423|
|x|         21|         37|          1|     571.9500000|        658|00:00:14|+0.00|0.04|0.0405|
|x|          8|         37|          1|     571.9500000|        685|00:00:14|+0.00|0.04|0.0389|
|x|         26|         37|          1|     571.9500000|        712|00:00:14|+0.00|0.04|0.0374|
|x|          6|         37|          1|     571.9500000|        739|00:00:14|+0.00|0.04|0.0360|
|x|         29|         37|          1|     571.9500000|        766|00:00:17|+0.00|0.04|0.0347|
|x|         12|         37|          1|     571.9500000|        793|00:00:17|+0.00|0.03|0.0336|
|=|          2|         37|          1|     571.9500000|        820|00:00:17|+0.00|0.03|0.0324|
|x|          1|         37|          1|     571.9500000|        847|00:00:17|+0.00|0.03|0.0314|
|x|         32|         37|          1|     571.9500000|        884|00:00:21|+0.00|0.03|0.0304|
|x|         33|         37|          1|     571.9500000|        921|00:00:21|+0.00|0.03|0.0295|
|x|         34|         37|          1|     571.9500000|        958|00:00:21|-0.00|0.03|0.0574|
|x|         35|         37|          1|     571.9500000|        995|00:00:21|-0.00|0.03|0.0558|
|x|         36|         37|          1|     571.9500000|       1032|00:00:21|-0.00|0.02|0.0542|
|x|         37|         37|          1|     571.9500000|       1069|00:00:22|-0.00|0.02|0.0528|
|x|         38|         37|          1|     571.9500000|       1106|00:00:22|-0.00|0.02|0.0514|
|x|         39|         37|          1|     571.9500000|       1143|00:00:22|-0.00|0.02|0.0500|
|-|         40|         33|          1|     571.9500000|       1180|00:00:22|-0.00|0.02|0.0486|
+-+-----------+-----------+-----------+----------------+-----------+--------+-----+----+------+
Best-so-far configuration:           1    mean value:      571.9500000
Description of the best-so-far configuration:
  .ID. his_len max_attempts .PARENT.
1    1    5723           60       NA

# 2025-12-26 14:13:14 GMT: Elite configurations (first number is the configuration ID; listed from best to worst according to the sum of ranks):
   his_len max_attempts
1     5723           60
2     8412          351
3    18262          101
5     3487          226
7     5949           38
8     1024          413
9    10874          163
10   12106          319
59   19480           70
94    6062           58
# 2025-12-26 14:13:14 GMT: Stopped because there is not enough budget left to race more than the minimum (10).
# You may either increase the budget or set 'minNbSurvival' to a lower value.
# Iteration: 4
# nbIterations: 4
# experimentsUsed: 3490
# timeUsed: 0
# remainingBudget: 10
# currentBudget: 10
# number of elites: 10
# nbConfigurations: 10
# Total CPU user time: 596.492, CPU sys time: 3897.814, Wall-clock time: 2309.146
# Best configurations (first number is the configuration ID; listed from best to worst according to the sum of ranks):
   his_len max_attempts
1     5723           60
2     8412          351
3    18262          101
5     3487          226
7     5949           38
8     1024          413
9    10874          163
10   12106          319
59   19480           70
94    6062           58
# Best configurations as commandlines (first number is the configuration ID; listed from best to worst according to the sum of ranks):
1  -his_len 5723 -max_attempts 60
2  -his_len 8412 -max_attempts 351
3  -his_len 18262 -max_attempts 101
5  -his_len 3487 -max_attempts 226
7  -his_len 5949 -max_attempts 38
8  -his_len 1024 -max_attempts 413
9  -his_len 10874 -max_attempts 163
10 -his_len 12106 -max_attempts 319
59 -his_len 19480 -max_attempts 70
94 -his_len 6062 -max_attempts 58


# Testing of elite configurations: 1 
# Testing iteration configurations: FALSE 
# 2025-12-26 14:13:14 GMT: No test instances, skip testing
