Starting irace...
# 2025-12-26 13:34:53 GMT: Reading parameter file '/gpfs/home/e/exx866/IRACE-b-LAHC/all-instances-rough/X-n819-k171/parameters.txt'.
# 2025-12-26 13:34:53 GMT: Read 1 configuration(s) from file '/gpfs/home/e/exx866/IRACE-b-LAHC/all-instances-rough/X-n819-k171/configurations.txt'
# 2025-12-26 13:34:54 GMT: Initialization
# Elitist race
# Elitist new instances: 1
# Elitist limit: 2
# nbIterations: 3
# minNbSurvival: 10
# nbParameters: 2
# seed: 1072228512
# confidence level: 0.95
# budget: 3500
# mu: 10
# deterministic: FALSE

# 2025-12-26 13:34:54 GMT: Iteration 1 of 3
# experimentsUsed: 0
# remainingBudget: 3500
# currentBudget: 1166
# nbConfigurations: 58
# Markers:
     x No test is performed.
     c Configurations are discarded only due to capping.
     - The test is performed and some configurations are discarded.
     = The test is performed but no configuration is discarded.
     ! The test is performed and configurations could be discarded but elite configurations are preserved.
     . All alive configurations are elite and nothing is discarded.

+-+-----------+-----------+-----------+----------------+-----------+--------+-----+----+------+
| |   Instance|      Alive|       Best|       Mean best| Exp so far|  W time|  rho|KenW|  Qvar|
+-+-----------+-----------+-----------+----------------+-----------+--------+-----+----+------+
|x|          1|         58|         18|     159240.8200|         58|14:30:47|   NA|  NA|    NA|
|x|          2|         58|         18|     159161.6850|        116|14:20:12|+0.64|0.82|0.0796|
|x|          3|         58|         18|     159211.5867|        174|13:44:54|+0.55|0.70|0.1061|
slurmstepd: error: *** JOB 1643898 ON node108 CANCELLED AT 2025-12-28T13:34:49 DUE TO TIME LIMIT ***
