Starting irace...
# 2025-12-29 16:14:10 GMT: Reading parameter file '/gpfs/home/e/exx866/IRACE-b-LAHC/all-instances-fine/F-n140-k5-s5/parameters.txt'.
# 2025-12-29 16:14:11 GMT: Read 1 configuration(s) from file '/gpfs/home/e/exx866/IRACE-b-LAHC/all-instances-fine/F-n140-k5-s5/configurations.txt'
# 2025-12-29 16:14:11 GMT: Initialization
# Elitist race
# Elitist new instances: 1
# Elitist limit: 2
# nbIterations: 3
# minNbSurvival: 10
# nbParameters: 2
# seed: 236005078
# confidence level: 0.95
# budget: 6000
# mu: 10
# deterministic: FALSE

# 2025-12-29 16:14:11 GMT: Iteration 1 of 3
# experimentsUsed: 0
# remainingBudget: 6000
# currentBudget: 2000
# nbConfigurations: 100
# Markers:
     x No test is performed.
     c Configurations are discarded only due to capping.
     - The test is performed and some configurations are discarded.
     = The test is performed but no configuration is discarded.
     ! The test is performed and configurations could be discarded but elite configurations are preserved.
     . All alive configurations are elite and nothing is discarded.

+-+-----------+-----------+-----------+----------------+-----------+--------+-----+----+------+
| |   Instance|      Alive|       Best|       Mean best| Exp so far|  W time|  rho|KenW|  Qvar|
+-+-----------+-----------+-----------+----------------+-----------+--------+-----+----+------+
|x|          1|        100|         13|     1163.330000|        100|00:00:35|   NA|  NA|    NA|
|x|          2|        100|         26|     1165.315000|        200|00:00:32|+0.04|0.52|0.9604|
|x|          3|        100|         26|     1173.393333|        300|00:00:37|+0.08|0.39|0.9583|
|x|          4|        100|         92|     1183.890000|        400|00:00:39|+0.05|0.29|0.9414|
|x|          5|        100|         27|     1182.252000|        500|00:00:34|+0.07|0.25|0.9168|
|x|          6|        100|         27|     1183.468333|        600|00:00:34|+0.04|0.20|0.9311|
|x|          7|        100|         27|     1184.348571|        700|00:00:36|+0.05|0.18|0.9324|
|x|          8|        100|         27|     1181.732500|        800|00:00:34|+0.07|0.19|0.9102|
|x|          9|        100|         27|     1184.562222|        900|00:00:31|+0.06|0.17|0.9191|
|-|         10|         54|         92|     1185.090000|       1000|00:00:37|-0.04|0.06|0.9934|
|x|         11|         54|         64|     1180.990909|       1054|00:00:20|-0.03|0.06|0.9910|
|x|         12|         54|         64|     1179.875833|       1108|00:00:18|-0.01|0.07|0.9763|
|x|         13|         54|         64|     1178.879231|       1162|00:00:20|-0.01|0.07|0.9698|
|x|         14|         54|         81|     1182.929286|       1216|00:00:19|-0.01|0.06|0.9666|
|x|         15|         54|         64|     1178.598667|       1270|00:00:18|+0.00|0.07|0.9580|
|x|         16|         54|         64|     1177.741250|       1324|00:00:18|+0.01|0.08|0.9478|
|x|         17|         54|         64|     1178.435882|       1378|00:00:18|+0.02|0.08|0.9505|
|x|         18|         54|         64|     1177.791667|       1432|00:00:17|+0.02|0.08|0.9473|
|x|         19|         54|         34|     1180.609474|       1486|00:00:19|+0.02|0.07|0.9462|
|-|         20|         36|         34|     1181.056500|       1540|00:00:18|-0.02|0.03|0.9575|
|x|         21|         36|         34|     1180.234762|       1576|00:00:14|-0.01|0.04|0.9518|
|x|         22|         36|         34|     1180.661818|       1612|00:00:11|-0.01|0.03|0.9534|
|x|         23|         36|         34|     1181.046957|       1648|00:00:13|-0.01|0.04|0.9502|
|x|         24|         36|         34|     1181.436667|       1684|00:00:14|-0.01|0.03|0.9560|
|x|         25|         36|         34|     1181.764400|       1720|00:00:13|-0.01|0.03|0.9589|
|x|         26|         36|         34|     1182.074231|       1756|00:00:12|-0.01|0.03|0.9557|
|x|         27|         36|         34|     1181.509630|       1792|00:00:12|-0.01|0.03|0.9558|
|x|         28|         36|         34|     1181.796786|       1828|00:00:12|-0.01|0.03|0.9582|
|x|         29|         36|         34|     1182.076897|       1864|00:00:13|-0.01|0.02|0.9556|
|=|         30|         36|         34|     1182.329000|       1900|00:00:13|-0.01|0.02|0.9589|
+-+-----------+-----------+-----------+----------------+-----------+--------+-----+----+------+
Best-so-far configuration:          34    mean value:      1182.329000
Description of the best-so-far configuration:
   .ID. his_len max_attempts .PARENT.
34   34     344           54       NA

# 2025-12-29 16:25:30 GMT: Elite configurations (first number is the configuration ID; listed from best to worst according to the sum of ranks):
   his_len max_attempts
34     344           54
92     338          107
64     370           91
5      383           67
81     313           65
27     408          132
76     821           53
56     421           63
94     440           51
21     459           58
# 2025-12-29 16:25:30 GMT: Iteration 2 of 3
# experimentsUsed: 1900
# remainingBudget: 4100
# currentBudget: 2050
# nbConfigurations: 58
# Markers:
     x No test is performed.
     c Configurations are discarded only due to capping.
     - The test is performed and some configurations are discarded.
     = The test is performed but no configuration is discarded.
     ! The test is performed and configurations could be discarded but elite configurations are preserved.
     . All alive configurations are elite and nothing is discarded.

+-+-----------+-----------+-----------+----------------+-----------+--------+-----+----+------+
| |   Instance|      Alive|       Best|       Mean best| Exp so far|  W time|  rho|KenW|  Qvar|
+-+-----------+-----------+-----------+----------------+-----------+--------+-----+----+------+
|x|         31|         58|         27|     1163.330000|         58|00:00:19|   NA|  NA|    NA|
|x|          9|         58|        140|     1163.590000|        106|00:00:14|-0.06|0.47|0.7706|
|x|         29|         58|        111|     1165.383333|        154|00:00:16|-0.11|0.26|0.9396|
|x|          6|         58|        111|     1171.445000|        202|00:00:15|-0.06|0.21|0.9544|
|x|         14|         58|        111|     1170.024000|        250|00:00:15|-0.01|0.19|0.9098|
|x|         11|         58|        111|     1170.185000|        298|00:00:17|+0.01|0.18|0.9001|
|x|         21|         58|        111|     1172.990000|        346|00:00:16|+0.04|0.17|0.8927|
|x|         27|         58|        111|     1172.230000|        394|00:00:15|+0.03|0.15|0.8869|
|x|         25|         58|        111|     1171.630000|        442|00:00:16|+0.04|0.15|0.8984|
|=|          8|         58|        132|     1180.571000|        490|00:00:16|+0.04|0.13|0.9111|
|x|          5|         58|        111|     1174.918182|        538|00:00:18|+0.03|0.12|0.9159|
|x|         20|         58|        111|     1176.142500|        586|00:00:16|+0.02|0.10|0.9471|
|x|          7|         58|        111|     1175.170000|        634|00:00:16|+0.02|0.10|0.9456|
|x|         24|         58|        111|     1176.197143|        682|00:00:17|+0.02|0.09|0.9595|
|x|         19|         58|        111|     1175.599333|        730|00:00:16|+0.02|0.09|0.9539|
|x|         30|         58|        111|     1176.491875|        778|00:00:16|+0.02|0.08|0.9609|
|x|         28|         58|        111|     1177.275882|        826|00:00:17|+0.01|0.07|0.9675|
|x|         23|         58|        111|     1177.956667|        874|00:00:19|+0.01|0.06|0.9685|
|x|          4|         58|        111|     1178.585263|        922|00:00:15|+0.01|0.06|0.9702|
|=|         10|         58|        132|     1180.821000|        970|00:00:16|+0.01|0.06|0.9697|
|x|         16|         58|        132|     1179.988095|       1018|00:00:15|+0.01|0.06|0.9675|
|x|          2|         58|        132|     1180.442273|       1066|00:00:18|+0.01|0.06|0.9646|
|x|         13|         58|        132|     1180.838261|       1114|00:00:16|+0.01|0.06|0.9609|
|x|         18|         58|        132|     1180.108750|       1162|00:00:17|+0.02|0.06|0.9561|
|x|         12|         58|        132|     1180.486400|       1210|00:00:17|+0.01|0.05|0.9573|
|x|         26|         58|        132|     1180.835000|       1258|00:00:17|+0.02|0.05|0.9561|
|x|         17|         58|        132|     1181.160741|       1306|00:00:18|+0.01|0.05|0.9594|
|x|         15|         58|        132|     1181.541786|       1354|00:00:16|+0.01|0.05|0.9616|
|x|          1|         58|        132|     1181.037586|       1402|00:00:17|+0.01|0.05|0.9575|
|-|         22|         37|        132|     1182.022333|       1450|00:00:18|-0.02|0.02|0.9833|
|x|          3|         37|        132|     1182.271935|       1477|00:00:10|-0.02|0.02|0.9823|
|x|         32|         37|        132|     1181.688125|       1514|00:00:11|-0.01|0.02|0.9819|
|x|         33|         37|        132|     1181.243030|       1551|00:00:13|-0.01|0.02|0.9805|
|x|         34|         37|        132|     1180.819118|       1588|00:00:13|-0.01|0.02|0.9805|
|x|         35|         37|        132|     1181.140000|       1625|00:00:12|-0.01|0.02|0.9792|
|x|         36|         37|        132|     1180.742500|       1662|00:00:14|-0.01|0.02|0.9798|
|x|         37|         37|        132|     1180.981081|       1699|00:00:13|-0.01|0.02|0.9793|
|x|         38|         37|        132|     1181.208684|       1736|00:00:12|-0.01|0.02|0.9803|
|x|         39|         37|        132|     1180.756923|       1773|00:00:13|-0.01|0.02|0.9788|
|=|         40|         37|        132|     1180.331500|       1810|00:00:13|-0.00|0.02|0.9766|
+-+-----------+-----------+-----------+----------------+-----------+--------+-----+----+------+
Best-so-far configuration:         132    mean value:      1180.331500
Description of the best-so-far configuration:
    .ID. his_len max_attempts .PARENT.
132  132     302           65       81

# 2025-12-29 16:36:07 GMT: Elite configurations (first number is the configuration ID; listed from best to worst according to the sum of ranks):
    his_len max_attempts
132     302           65
147     373           58
34      344           54
5       383           67
94      440           51
81      313           65
111     325           51
131     335           62
146     393           52
133     339          127
# 2025-12-29 16:36:07 GMT: Iteration 3 of 3
# experimentsUsed: 3710
# remainingBudget: 2290
# currentBudget: 2290
# nbConfigurations: 53
# Markers:
     x No test is performed.
     c Configurations are discarded only due to capping.
     - The test is performed and some configurations are discarded.
     = The test is performed but no configuration is discarded.
     ! The test is performed and configurations could be discarded but elite configurations are preserved.
     . All alive configurations are elite and nothing is discarded.

+-+-----------+-----------+-----------+----------------+-----------+--------+-----+----+------+
| |   Instance|      Alive|       Best|       Mean best| Exp so far|  W time|  rho|KenW|  Qvar|
+-+-----------+-----------+-----------+----------------+-----------+--------+-----+----+------+
|x|         41|         53|         94|     1163.330000|         53|00:00:17|   NA|  NA|    NA|
|x|         39|         53|        190|     1165.165000|         96|00:00:16|+0.09|0.55|0.9341|
|x|         32|         53|        181|     1173.530000|        139|00:00:17|-0.03|0.31|1.0629|
|x|          5|         53|        181|     1177.535000|        182|00:00:13|-0.02|0.24|1.0554|
|x|          2|         53|        190|     1169.454000|        225|00:00:16|-0.03|0.18|1.0334|
|x|          6|         53|        150|     1177.265000|        268|00:00:14|-0.03|0.14|1.0428|
|x|         30|         53|        190|     1175.268571|        311|00:00:16|-0.05|0.10|1.0241|
|x|         23|         53|        147|     1180.273750|        354|00:00:16|-0.03|0.10|1.0086|
|x|         24|         53|        147|     1181.313333|        397|00:00:16|-0.03|0.09|1.0214|
|=|         19|         53|        169|     1180.601000|        440|00:00:16|-0.02|0.09|1.0187|
|x|          9|         53|        169|     1179.654545|        483|00:00:15|-0.01|0.08|1.0014|
|x|         27|         53|        169|     1178.294167|        526|00:00:16|-0.00|0.08|0.9877|
|x|         16|         53|        169|     1179.166923|        569|00:00:14|+0.01|0.08|0.9866|
|x|         22|         53|        190|     1174.734286|        612|00:00:15|-0.00|0.07|0.9906|
|x|         10|         53|        161|     1179.160667|        655|00:00:14|+0.01|0.07|0.9923|
|x|         35|         53|        190|     1176.588750|        698|00:00:15|+0.00|0.07|0.9904|
|x|         38|         53|        190|     1175.808824|        741|00:00:16|+0.01|0.06|0.9903|
|x|          7|         53|        190|     1175.331111|        784|00:00:15|+0.01|0.07|0.9879|
|x|         11|         53|        190|     1174.704211|        827|00:00:16|+0.02|0.07|0.9855|
|-|         29|         27|        190|     1175.441000|        870|00:00:14|-0.02|0.03|0.9789|
|x|         36|         27|        190|     1176.115238|        887|00:00:08|-0.02|0.03|0.9780|
|x|         40|         27|        190|     1175.564091|        904|00:00:06|-0.01|0.03|0.9674|
|x|         26|         27|        190|     1176.189130|        921|00:00:07|-0.01|0.03|0.9689|
|x|         34|         27|        190|     1176.744583|        938|00:00:07|-0.00|0.04|0.9625|
|x|         37|         27|        190|     1177.272000|        955|00:00:08|-0.01|0.03|0.9625|
|x|          4|         27|        190|     1177.743846|        972|00:00:08|-0.00|0.04|0.9611|
|x|         14|         27|        161|     1177.928148|        989|00:00:08|-0.00|0.04|0.9604|
|x|         28|         27|        190|     1177.679643|       1006|00:00:07|-0.00|0.03|0.9631|
|x|          3|         27|        190|     1178.114138|       1023|00:00:07|-0.01|0.03|0.9663|
|=|         20|         27|        190|     1178.504333|       1040|00:00:07|-0.01|0.03|0.9647|
|x|         25|         27|        190|     1178.860645|       1057|00:00:07|-0.01|0.03|0.9646|
|x|          8|         27|        190|     1179.197187|       1074|00:00:08|-0.00|0.03|0.9628|
|x|         13|         27|        190|     1178.718788|       1091|00:00:07|-0.00|0.03|0.9631|
|x|         18|         27|        190|     1179.039706|       1108|00:00:08|-0.00|0.03|0.9644|
|x|         21|         27|        190|     1178.690857|       1125|00:00:08|-0.00|0.03|0.9644|
|x|          1|         27|        190|     1178.994722|       1142|00:00:08|+0.00|0.03|0.9651|
|x|         15|         27|        190|     1179.282162|       1159|00:00:08|-0.00|0.03|0.9679|
|x|         31|         27|        190|     1179.552368|       1176|00:00:08|-0.00|0.02|0.9679|
|x|         33|         27|        190|     1179.810769|       1193|00:00:08|-0.00|0.02|0.9678|
|=|         17|         27|        190|     1180.056250|       1210|00:00:07|+0.00|0.03|0.9667|
|x|         12|         27|        190|     1180.287317|       1227|00:00:06|+0.00|0.02|0.9680|
|x|         42|         27|        190|     1180.514762|       1254|00:00:11|+0.00|0.02|0.9678|
|x|         43|         27|        190|     1180.731163|       1281|00:00:12|-0.00|0.02|0.9694|
|x|         44|         27|        132|     1180.579773|       1308|00:00:11|-0.00|0.02|0.9693|
|x|         45|         27|        132|     1180.282667|       1335|00:00:11|-0.00|0.02|0.9669|
|x|         46|         27|        132|     1180.490000|       1362|00:00:09|-0.00|0.02|0.9678|
|x|         47|         27|        132|     1180.689787|       1389|00:00:11|-0.00|0.02|0.9678|
|x|         48|         27|        132|     1180.874375|       1416|00:00:10|-0.00|0.02|0.9672|
|x|         49|         27|        132|     1180.600816|       1443|00:00:08|-0.00|0.02|0.9654|
|=|         50|         27|        132|     1180.327000|       1470|00:00:08|-0.00|0.02|0.9657|
|x|         51|         27|        132|     1180.509412|       1497|00:00:08|-0.00|0.02|0.9650|
|x|         52|         27|        132|     1180.688846|       1524|00:00:09|-0.00|0.02|0.9654|
|x|         53|         27|        190|     1181.163585|       1551|00:00:08|-0.00|0.02|0.9662|
|x|         54|         27|        190|     1180.898333|       1578|00:00:09|+0.00|0.02|0.9647|
|x|         55|         27|        132|     1180.384727|       1605|00:00:09|+0.00|0.02|0.9636|
|x|         56|         27|        147|     1181.058571|       1632|00:00:09|+0.00|0.02|0.9629|
|x|         57|         27|        147|     1180.814386|       1659|00:00:08|+0.00|0.02|0.9628|
|x|         58|         27|        147|     1180.967069|       1686|00:00:08|+0.00|0.02|0.9617|
|x|         59|         27|        147|     1181.118644|       1713|00:00:08|+0.00|0.02|0.9626|
|=|         60|         27|        147|     1181.262167|       1740|00:00:10|+0.00|0.02|0.9632|
+-+-----------+-----------+-----------+----------------+-----------+--------+-----+----+------+
Best-so-far configuration:         147    mean value:      1181.262167
Description of the best-so-far configuration:
    .ID. his_len max_attempts .PARENT.
147  147     373           58       34

# 2025-12-29 16:47:12 GMT: Elite configurations (first number is the configuration ID; listed from best to worst according to the sum of ranks):
    his_len max_attempts
147     373           58
132     302           65
190     424           51
180     374           67
161     324           52
34      344           54
111     325           51
170     441           52
94      440           51
162     347           71
# 2025-12-29 16:47:12 GMT: Iteration 4 of 4
# experimentsUsed: 5450
# remainingBudget: 550
# currentBudget: 550
# nbConfigurations: 16
# Markers:
     x No test is performed.
     c Configurations are discarded only due to capping.
     - The test is performed and some configurations are discarded.
     = The test is performed but no configuration is discarded.
     ! The test is performed and configurations could be discarded but elite configurations are preserved.
     . All alive configurations are elite and nothing is discarded.

+-+-----------+-----------+-----------+----------------+-----------+--------+-----+----+------+
| |   Instance|      Alive|       Best|       Mean best| Exp so far|  W time|  rho|KenW|  Qvar|
+-+-----------+-----------+-----------+----------------+-----------+--------+-----+----+------+
|x|         61|         16|        161|     1163.800000|         16|00:00:07|   NA|  NA|    NA|
|x|         54|         16|        111|     1176.485000|         22|00:00:03|+0.22|0.61|0.8407|
|x|         33|         16|        161|     1173.520000|         28|00:00:03|+0.07|0.38|0.8896|
|x|         23|         16|        161|     1171.205000|         34|00:00:03|+0.04|0.28|0.8308|
|x|         48|         16|        161|     1170.330000|         40|00:00:03|+0.14|0.31|0.7666|
|x|         15|         16|        161|     1173.533333|         46|00:00:03|+0.13|0.28|0.8182|
|x|         11|         16|        161|     1175.832857|         52|00:00:03|+0.13|0.25|0.8106|
|x|         50|         16|        161|     1174.280000|         58|00:00:03|+0.15|0.26|0.7873|
|x|         47|         16|        161|     1176.016667|         64|00:00:03|+0.09|0.19|0.8412|
|=|         28|         16|        161|     1177.390000|         70|00:00:04|+0.07|0.16|0.8279|
|x|         46|         16|        192|     1179.520000|         76|00:00:03|+0.04|0.13|0.8475|
|x|          5|         16|        192|     1180.355833|         82|00:00:03|+0.05|0.13|0.8407|
|x|         26|         16|        192|     1181.063077|         88|00:00:03|+0.03|0.10|0.8454|
|x|         34|         16|        192|     1179.800714|         94|00:00:03|+0.02|0.09|0.8853|
|x|         18|         16|        192|     1180.494000|        100|00:00:03|+0.01|0.08|0.8944|
|x|          2|         16|        192|     1179.460625|        106|00:00:03|+0.02|0.08|0.8894|
|x|          3|         16|        192|     1180.058824|        112|00:00:03|+0.01|0.07|0.8895|
|x|         13|         16|        192|     1180.860000|        118|00:00:03|+0.01|0.06|0.8931|
|x|         10|         16|        190|     1178.372105|        124|00:00:03|-0.00|0.05|0.9007|
|=|         22|         16|        190|     1177.796000|        130|00:00:04|-0.00|0.05|0.9103|
|x|         27|         16|        190|     1177.278095|        136|00:00:03|-0.00|0.04|0.9111|
|x|         12|         16|        190|     1177.835000|        142|00:00:03|-0.01|0.04|0.9228|
|x|         58|         16|        190|     1178.347826|        148|00:00:03|-0.01|0.04|0.9242|
|x|         20|         16|        190|     1178.825833|        154|00:00:03|-0.00|0.04|0.9216|
|x|         40|         16|        190|     1178.232400|        160|00:00:03|-0.01|0.03|0.9212|
|x|         17|         16|        190|     1178.670769|        166|00:00:03|-0.00|0.03|0.9233|
|x|         25|         16|        190|     1179.073704|        172|00:00:03|-0.01|0.03|0.9258|
|x|          7|         16|        190|     1178.650000|        178|00:00:03|+0.00|0.04|0.9157|
|x|         51|         16|        190|     1178.271724|        184|00:00:03|+0.01|0.05|0.9085|
|=|          1|         16|        147|     1178.011667|        190|00:00:03|+0.02|0.05|0.9111|
|x|         56|         16|        147|     1178.383871|        196|00:00:04|+0.01|0.05|0.9143|
|x|         21|         16|        147|     1178.737187|        202|00:00:03|+0.01|0.04|0.9203|
|x|         16|         16|        147|     1179.064848|        208|00:00:03|+0.01|0.04|0.9193|
|x|          9|         16|        190|     1178.103235|        214|00:00:03|+0.02|0.04|0.9172|
|x|          8|         16|        190|     1178.432571|        220|00:00:03|+0.01|0.04|0.9205|
|x|         24|         16|        190|     1178.743611|        226|00:00:03|+0.01|0.03|0.9268|
|x|         35|         16|        190|     1179.036757|        232|00:00:03|+0.01|0.03|0.9275|
|x|         59|         16|        190|     1179.315526|        238|00:00:03|+0.00|0.03|0.9266|
|x|         53|         16|        190|     1179.580256|        244|00:00:03|+0.01|0.03|0.9250|
|=|         52|         16|        190|     1179.857750|        250|00:00:03|+0.00|0.03|0.9242|
|x|         29|         16|        190|     1180.091463|        256|00:00:03|+0.00|0.03|0.9232|
|x|         60|         16|        190|     1179.775714|        262|00:00:04|+0.00|0.03|0.9244|
|x|         44|         16|        190|     1180.016512|        268|00:00:03|+0.00|0.03|0.9267|
|x|         14|         16|        190|     1180.233182|        274|00:00:03|+0.00|0.03|0.9254|
|x|         45|         16|        190|     1180.440222|        280|00:00:03|+0.00|0.02|0.9248|
|x|          4|         16|        190|     1180.638043|        286|00:00:03|+0.00|0.02|0.9244|
|x|         43|         16|        190|     1180.833404|        292|00:00:04|+0.00|0.02|0.9256|
|x|         30|         16|        161|     1180.596458|        298|00:00:03|-0.00|0.02|0.9249|
|x|         41|         16|        190|     1180.661429|        304|00:00:03|-0.00|0.02|0.9255|
|=|         37|         16|        161|     1180.960200|        310|00:00:04|-0.00|0.02|0.9295|
|x|         39|         16|        161|     1180.769608|        316|00:00:03|-0.00|0.02|0.9268|
|x|         32|         16|        161|     1180.940000|        322|00:00:03|-0.00|0.02|0.9272|
|x|         19|         16|        161|     1180.675283|        328|00:00:03|+0.00|0.02|0.9241|
|x|          6|         16|        161|     1180.839630|        334|00:00:03|+0.01|0.02|0.9236|
|x|         31|         16|        161|     1181.002909|        340|00:00:04|+0.01|0.02|0.9247|
|x|         55|         16|        161|     1181.155536|        346|00:00:03|+0.00|0.02|0.9270|
|x|         38|         16|        147|     1181.206842|        352|00:00:03|+0.00|0.02|0.9292|
|x|         36|         16|        161|     1181.065862|        358|00:00:04|+0.00|0.02|0.9302|
|x|         49|         16|        161|     1181.211017|        364|00:00:03|+0.00|0.02|0.9302|
|=|         57|         16|        147|     1181.260500|        370|00:00:03|-0.00|0.02|0.9317|
|x|         42|         16|        147|     1181.399508|        376|00:00:03|-0.00|0.02|0.9329|
|x|         62|         16|        147|     1181.530645|        392|00:00:07|-0.00|0.02|0.9332|
|x|         63|         16|        147|     1181.659206|        408|00:00:07|-0.00|0.01|0.9330|
|x|         64|         16|        161|     1181.164219|        424|00:00:06|-0.00|0.01|0.9343|
|x|         65|         16|        161|     1181.294000|        440|00:00:07|-0.00|0.01|0.9349|
|x|         66|         16|        161|     1181.424394|        456|00:00:06|-0.00|0.01|0.9341|
|x|         67|         16|        196|     1181.122537|        472|00:00:08|-0.00|0.01|0.9354|
|x|         68|         16|        196|     1180.912353|        488|00:00:07|-0.00|0.01|0.9347|
|x|         69|         16|        196|     1181.038841|        504|00:00:07|-0.00|0.01|0.9350|
|=|         70|         16|        180|     1182.120143|        520|00:00:07|-0.00|0.01|0.9337|
+-+-----------+-----------+-----------+----------------+-----------+--------+-----+----+------+
Best-so-far configuration:         180    mean value:      1182.120143
Description of the best-so-far configuration:
    .ID. his_len max_attempts .PARENT.
180  180     374           67        5

# 2025-12-29 16:52:21 GMT: Elite configurations (first number is the configuration ID; listed from best to worst according to the sum of ranks):
    his_len max_attempts
180     374           67
196     325           52
147     373           58
161     324           52
132     302           65
190     424           51
34      344           54
111     325           51
162     347           71
192     379           63
# 2025-12-29 16:52:21 GMT: Stopped because there is not enough budget left to race more than the minimum (10).
# You may either increase the budget or set 'minNbSurvival' to a lower value.
# Iteration: 5
# nbIterations: 5
# experimentsUsed: 5970
# timeUsed: 0
# remainingBudget: 30
# currentBudget: 30
# number of elites: 10
# nbConfigurations: 10
# Total CPU user time: 17857.88, CPU sys time: 5760.773, Wall-clock time: 2290.182
# 2025-12-29 16:52:21 GMT: Starting post-selection:
# Configurations selected: 180, 196, 147.
# Pending instances: 0, 0, 0.
# 2025-12-29 16:52:21 GMT: seed: 236005078
# Configurations: 3
# Available experiments: 30
# minSurvival: 1
# Markers:
     x No test is performed.
     c Configurations are discarded only due to capping.
     - The test is performed and some configurations are discarded.
     = The test is performed but no configuration is discarded.
     ! The test is performed and configurations could be discarded but elite configurations are preserved.
     . All alive configurations are elite and nothing is discarded.

+-+-----------+-----------+-----------+----------------+-----------+--------+-----+----+------+
| |   Instance|      Alive|       Best|       Mean best| Exp so far|  W time|  rho|KenW|  Qvar|
+-+-----------+-----------+-----------+----------------+-----------+--------+-----+----+------+
|.|         50|          3|        196|     1163.410000|          0|00:00:00|   NA|  NA|    NA|
|.|         69|          3|        196|     1176.525000|          0|00:00:00|+0.86|0.93|0.2727|
|.|         32|          3|        196|     1180.866667|          0|00:00:00|+0.75|0.83|0.2033|
|.|         43|          3|        196|     1176.632500|          0|00:00:00|+0.83|0.88|0.1564|
|.|         10|          3|        196|     1179.270000|          0|00:00:00|+0.29|0.43|0.5646|
|.|         18|          3|        196|     1181.028333|          0|00:00:00|-0.03|0.14|0.7046|
|.|         66|          3|        196|     1179.111429|          0|00:00:00|+0.08|0.21|0.6280|
|.|         30|          3|        196|     1177.150000|          0|00:00:00|+0.18|0.28|0.5658|
|.|         26|          3|        196|     1178.572222|          0|00:00:00|+0.10|0.20|0.6597|
|.|          7|          3|        196|     1179.687000|          0|00:00:00|+0.07|0.17|0.7056|
|.|         54|          3|        196|     1180.583636|          0|00:00:00|+0.07|0.16|0.7220|
|.|         19|          3|        196|     1179.167500|          0|00:00:00|+0.10|0.18|0.6993|
|.|         47|          3|        196|     1179.987692|          0|00:00:00|+0.04|0.11|0.7085|
|.|          6|          3|        196|     1178.888571|          0|00:00:00|+0.00|0.08|0.7079|
|.|         15|          3|        196|     1178.520667|          0|00:00:00|+0.04|0.10|0.6927|
|.|         14|          3|        196|     1177.795625|          0|00:00:00|+0.08|0.13|0.6768|
|.|         44|          3|        196|     1178.490588|          0|00:00:00|+0.09|0.14|0.6607|
|.|          1|          3|        196|     1179.122222|          0|00:00:00|+0.03|0.09|0.6797|
|.|         46|          3|        196|     1178.291053|          0|00:00:00|+0.02|0.07|0.6772|
|.|         70|          3|        196|     1178.867000|          0|00:00:00|-0.00|0.05|0.6808|
|.|         13|          3|        196|     1179.379524|          0|00:00:00|+0.01|0.05|0.6705|
|.|         12|          3|        196|     1178.851364|          0|00:00:00|+0.01|0.06|0.6704|
|.|         25|          3|        196|     1179.320000|          0|00:00:00|+0.02|0.06|0.6701|
|.|         42|          3|        196|     1179.749583|          0|00:00:00|+0.04|0.08|0.6601|
|.|          8|          3|        196|     1180.144800|          0|00:00:00|+0.03|0.06|0.6717|
|.|         34|          3|        196|     1180.504231|          0|00:00:00|+0.01|0.05|0.6778|
|.|         59|          3|        196|     1180.842222|          0|00:00:00|+0.03|0.06|0.6702|
|.|         29|          3|        196|     1181.155000|          0|00:00:00|+0.01|0.04|0.6770|
|.|          9|          3|        196|     1181.447241|          0|00:00:00|+0.02|0.05|0.6717|
|.|         64|          3|        196|     1181.720000|          0|00:00:00|+0.02|0.05|0.6748|
|.|         11|          3|        196|     1181.978065|          0|00:00:00|+0.00|0.03|0.6804|
|.|         16|          3|        196|     1182.220937|          0|00:00:00|-0.01|0.02|0.6839|
|.|         56|          3|        196|     1182.445455|          0|00:00:00|-0.01|0.02|0.6816|
|.|         40|          3|        196|     1182.665000|          0|00:00:00|-0.02|0.01|0.6843|
|.|         17|          3|        196|     1182.861714|          0|00:00:00|-0.02|0.01|0.6855|
|.|         37|          3|        196|     1183.053056|          0|00:00:00|-0.02|0.01|0.6855|
|.|         57|          3|        196|     1182.619189|          0|00:00:00|-0.02|0.01|0.6845|
|.|         58|          3|        196|     1182.801316|          0|00:00:00|-0.02|0.01|0.6829|
|.|         21|          3|        196|     1182.304359|          0|00:00:00|-0.01|0.02|0.6803|
|.|         63|          3|        196|     1181.839500|          0|00:00:00|-0.00|0.02|0.6785|
|.|         33|          3|        196|     1181.390244|          0|00:00:00|-0.00|0.02|0.6751|
|.|         28|          3|        196|     1181.592857|          0|00:00:00|+0.00|0.03|0.6757|
|.|          5|          3|        196|     1181.251395|          0|00:00:00|+0.01|0.03|0.6730|
|.|         51|          3|        196|     1181.441818|          0|00:00:00|-0.00|0.02|0.6758|
|.|         39|          3|        196|     1181.118889|          0|00:00:00|+0.00|0.02|0.6728|
|.|          3|          3|        196|     1180.742391|          0|00:00:00|-0.00|0.02|0.6756|
|.|         68|          3|        196|     1180.446383|          0|00:00:00|+0.00|0.02|0.6732|
|.|         52|          3|        196|     1180.175833|          0|00:00:00|+0.01|0.03|0.6705|
|.|         65|          3|        196|     1180.372653|          0|00:00:00|+0.01|0.03|0.6730|
|.|         41|          3|        196|     1180.556200|          0|00:00:00|+0.00|0.02|0.6746|
|.|          2|          3|        196|     1180.751765|          0|00:00:00|-0.01|0.01|0.6766|
|.|         23|          3|        196|     1180.432308|          0|00:00:00|-0.00|0.01|0.6763|
|.|         67|          3|        196|     1180.178868|          0|00:00:00|-0.00|0.02|0.6746|
|.|         62|          3|        196|     1179.941852|          0|00:00:00|-0.00|0.02|0.6733|
|.|         36|          3|        196|     1180.128545|          0|00:00:00|-0.01|0.01|0.6753|
|.|         53|          3|        196|     1180.303571|          0|00:00:00|-0.01|0.01|0.6754|
|.|         31|          3|        196|     1180.465789|          0|00:00:00|-0.01|0.01|0.6765|
|.|         60|          3|        196|     1180.622414|          0|00:00:00|-0.01|0.01|0.6760|
|.|         35|          3|        196|     1180.773729|          0|00:00:00|-0.01|0.01|0.6765|
|.|         24|          3|        196|     1180.923333|          0|00:00:00|-0.01|0.01|0.6760|
|.|         27|          3|        196|     1181.066230|          0|00:00:00|-0.01|0.01|0.6757|
|.|         49|          3|        196|     1181.209194|          0|00:00:00|-0.01|0.00|0.6766|
|.|         61|          3|        196|     1181.346190|          0|00:00:00|-0.01|0.00|0.6766|
|.|         45|          3|        196|     1181.090469|          0|00:00:00|-0.01|0.00|0.6760|
|.|         38|          3|        196|     1181.221846|          0|00:00:00|-0.01|0.00|0.6755|
|.|         55|          3|        196|     1181.358182|          0|00:00:00|-0.01|0.00|0.6756|
|.|         20|          3|        196|     1181.485224|          0|00:00:00|-0.01|0.00|0.6756|
|.|          4|          3|        196|     1181.283382|          0|00:00:00|-0.01|0.00|0.6755|
|.|         22|          3|        196|     1181.410435|          0|00:00:00|-0.01|0.00|0.6760|
|.|         48|          3|        196|     1181.164143|          0|00:00:00|-0.01|0.00|0.6753|
|x|         71|          3|        196|     1181.283380|          3|00:00:03|-0.01|0.00|0.6745|
|x|         72|          3|        196|     1181.402222|          6|00:00:03|-0.01|0.00|0.6751|
|x|         73|          3|        196|     1181.155890|          9|00:00:03|-0.01|0.00|0.6744|
|x|         74|          3|        196|     1180.963378|         12|00:00:03|-0.01|0.00|0.6742|
|x|         75|          3|        196|     1181.082267|         15|00:00:03|-0.01|0.00|0.6748|
|x|         76|          3|        196|     1180.890921|         18|00:00:03|-0.01|0.00|0.6751|
|x|         77|          3|        196|     1180.708312|         21|00:00:03|-0.01|0.00|0.6753|
|x|         78|          3|        196|     1180.822692|         24|00:00:03|-0.01|0.00|0.6748|
|x|         79|          3|        196|     1180.646709|         27|00:00:03|-0.01|0.01|0.6743|
|=|         80|          3|        196|     1180.432375|         30|00:00:03|-0.00|0.01|0.6735|
+-+-----------+-----------+-----------+----------------+-----------+--------+-----+----+------+
Best-so-far configuration:         196    mean value:      1180.432375
Description of the best-so-far configuration:
    .ID. his_len max_attempts .PARENT.
196  196     325           52      161

# 2025-12-29 16:52:55 GMT: Elite configurations (first number is the configuration ID; listed from best to worst according to the sum of ranks):
    his_len max_attempts
196     325           52
147     373           58
180     374           67
# Total CPU user time: 17943.92, CPU sys time: 5777.516, Wall-clock time: 2324.074
# Best configurations (first number is the configuration ID; listed from best to worst according to the sum of ranks):
    his_len max_attempts
196     325           52
147     373           58
180     374           67
# Best configurations as commandlines (first number is the configuration ID; listed from best to worst according to the sum of ranks):
196 -his_len 325 -max_attempts 52
147 -his_len 373 -max_attempts 58
180 -his_len 374 -max_attempts 67


# Testing of elite configurations: 1 
# Testing iteration configurations: FALSE 
# 2025-12-29 16:52:55 GMT: No test instances, skip testing
