Starting irace...
# 2025-12-29 15:16:15 GMT: Reading parameter file '/gpfs/home/e/exx866/IRACE-b-LAHC/all-instances-fine/X-n685-k75/parameters.txt'.
# 2025-12-29 15:16:16 GMT: Read 1 configuration(s) from file '/gpfs/home/e/exx866/IRACE-b-LAHC/all-instances-fine/X-n685-k75/configurations.txt'
# 2025-12-29 15:16:16 GMT: Initialization
# Elitist race
# Elitist new instances: 1
# Elitist limit: 2
# nbIterations: 3
# minNbSurvival: 10
# nbParameters: 2
# seed: 799724671
# confidence level: 0.95
# budget: 6000
# mu: 10
# deterministic: FALSE

# 2025-12-29 15:16:16 GMT: Iteration 1 of 3
# experimentsUsed: 0
# remainingBudget: 6000
# currentBudget: 2000
# nbConfigurations: 100
# Markers:
     x No test is performed.
     c Configurations are discarded only due to capping.
     - The test is performed and some configurations are discarded.
     = The test is performed but no configuration is discarded.
     ! The test is performed and configurations could be discarded but elite configurations are preserved.
     . All alive configurations are elite and nothing is discarded.

+-+-----------+-----------+-----------+----------------+-----------+--------+-----+----+------+
| |   Instance|      Alive|       Best|       Mean best| Exp so far|  W time|  rho|KenW|  Qvar|
+-+-----------+-----------+-----------+----------------+-----------+--------+-----+----+------+
|x|          1|        100|         35|     69038.01000|        100|00:28:46|   NA|  NA|    NA|
|x|          2|        100|         33|     69103.76500|        200|00:27:32|+0.11|0.55|0.8028|
|x|          3|        100|         16|     69189.48333|        300|00:28:12|+0.17|0.45|0.7713|
|x|          4|        100|         16|     69142.81250|        400|00:26:44|+0.18|0.38|0.7870|
|x|          5|        100|         16|     69172.98600|        500|00:29:46|+0.20|0.36|0.7758|
|x|          6|        100|         23|     69224.87500|        600|00:26:27|+0.12|0.27|0.8492|
|x|          7|        100|         23|     69245.76714|        700|00:29:33|+0.12|0.25|0.8473|
|x|          8|        100|         96|     69223.25625|        800|00:31:20|+0.14|0.25|0.8231|
|x|          9|        100|         96|     69227.03556|        900|00:29:10|+0.15|0.25|0.8105|
|-|         10|         48|         96|     69222.46000|       1000|00:26:07|-0.05|0.05|1.0360|
|x|         11|         48|         96|     69230.50091|       1048|00:13:34|-0.05|0.05|1.0277|
|x|         12|         48|         96|     69220.72583|       1096|00:17:12|-0.03|0.05|1.0141|
|x|         13|         48|         96|     69224.99308|       1144|00:15:24|-0.03|0.05|1.0072|
|x|         14|         48|         16|     69223.12857|       1192|00:18:51|-0.01|0.06|0.9944|
|x|         15|         48|         96|     69218.28533|       1240|00:14:39|-0.01|0.06|0.9868|
|x|         16|         48|         96|     69218.76062|       1288|00:17:33|-0.00|0.06|0.9839|
|x|         17|         48|         96|     69216.77824|       1336|00:14:48|-0.01|0.05|0.9866|
|x|         18|         48|         96|     69227.95056|       1384|00:15:07|-0.01|0.05|0.9876|
|x|         19|         48|         96|     69223.61211|       1432|00:15:11|-0.01|0.05|0.9879|
|=|         20|         48|         96|     69233.54950|       1480|00:17:31|-0.00|0.05|0.9868|
|x|         21|         48|         96|     69233.32619|       1528|00:16:40|-0.00|0.05|0.9829|
|x|         22|         48|         96|     69232.33545|       1576|00:14:40|-0.00|0.04|0.9857|
|x|         23|         48|         96|     69233.24609|       1624|00:14:33|-0.00|0.04|0.9848|
|x|         24|         48|         96|     69225.05000|       1672|00:14:24|-0.00|0.04|0.9824|
|x|         25|         48|         96|     69227.59480|       1720|00:16:05|-0.00|0.04|0.9843|
|x|         26|         48|         96|     69228.00192|       1768|00:16:36|-0.00|0.04|0.9827|
|x|         27|         48|         96|     69226.13667|       1816|00:15:49|+0.00|0.04|0.9796|
|x|         28|         48|         96|     69229.97750|       1864|00:15:42|+0.01|0.04|0.9752|
|x|         29|         48|         96|     69236.33379|       1912|00:16:22|+0.01|0.04|0.9741|
|=|         30|         48|         96|     69237.46033|       1960|00:17:43|+0.01|0.04|0.9731|
+-+-----------+-----------+-----------+----------------+-----------+--------+-----+----+------+
Best-so-far configuration:          96    mean value:      69237.46033
Description of the best-so-far configuration:
   .ID. his_len max_attempts .PARENT.
96   96    8654          498       NA

# 2025-12-30 01:18:32 GMT: Elite configurations (first number is the configuration ID; listed from best to worst according to the sum of ranks):
   his_len max_attempts
96    8654          498
57    8907          466
48   11132          355
72    9261          473
43   10323          389
7    10424          453
20   11031          428
32    7390          445
71   10879          404
35   12345          303
# 2025-12-30 01:18:32 GMT: Iteration 2 of 3
# experimentsUsed: 1960
# remainingBudget: 4040
# currentBudget: 2020
# nbConfigurations: 58
# Markers:
     x No test is performed.
     c Configurations are discarded only due to capping.
     - The test is performed and some configurations are discarded.
     = The test is performed but no configuration is discarded.
     ! The test is performed and configurations could be discarded but elite configurations are preserved.
     . All alive configurations are elite and nothing is discarded.

+-+-----------+-----------+-----------+----------------+-----------+--------+-----+----+------+
| |   Instance|      Alive|       Best|       Mean best| Exp so far|  W time|  rho|KenW|  Qvar|
+-+-----------+-----------+-----------+----------------+-----------+--------+-----+----+------+
|x|         31|         58|        114|     69057.92000|         58|00:13:50|   NA|  NA|    NA|
|x|         14|         58|        139|     69097.80500|        106|00:15:01|+0.06|0.53|0.9461|
|x|         11|         58|        139|     69067.03333|        154|00:14:56|-0.02|0.32|0.9635|
|x|          3|         58|        139|     69099.35750|        202|00:13:54|-0.03|0.23|1.0215|
|x|         30|         58|        139|     69090.05600|        250|00:13:36|-0.04|0.17|1.0305|
|x|          5|         58|        139|     69136.20333|        298|00:15:07|-0.04|0.13|1.0221|
|x|          2|         58|        139|     69161.05857|        346|00:13:05|-0.04|0.11|1.0161|
|x|         24|         58|        139|     69141.20500|        394|00:19:50|-0.01|0.12|0.9870|
|x|         12|         58|        139|     69142.74000|        442|00:15:11|+0.01|0.12|0.9654|
|=|         23|         58|        139|     69146.66700|        490|00:14:43|+0.02|0.12|0.9589|
|x|         10|         58|        139|     69170.64455|        538|00:13:20|+0.03|0.12|0.9550|
|x|         20|         58|        139|     69178.36833|        586|00:14:58|+0.02|0.10|0.9627|
|x|         27|         58|        139|     69202.12923|        634|00:15:42|+0.01|0.09|0.9700|
|x|          9|         58|        139|     69205.97429|        682|00:15:01|+0.01|0.08|0.9770|
|x|          1|         58|        139|     69210.91200|        730|00:14:37|+0.01|0.07|0.9764|
|x|         17|         58|        139|     69219.46125|        778|00:13:22|+0.01|0.07|0.9706|
|x|         16|         58|        139|     69219.96235|        826|00:15:40|+0.01|0.07|0.9737|
|x|         28|         58|          7|     69239.90611|        874|00:15:35|+0.01|0.07|0.9722|
|x|          6|         58|          7|     69241.40158|        922|00:12:22|+0.01|0.06|0.9682|
|=|         22|         58|         96|     69236.81400|        970|00:15:24|+0.01|0.06|0.9705|
|x|         29|         58|        102|     69244.11095|       1018|00:13:38|+0.02|0.06|0.9673|
|x|         18|         58|        102|     69235.09545|       1066|00:16:42|+0.02|0.06|0.9674|
|x|         21|         58|        102|     69235.65739|       1114|00:15:26|+0.02|0.06|0.9647|
|x|         13|         58|        102|     69235.71875|       1162|00:15:08|+0.01|0.05|0.9703|
|x|          8|         58|        102|     69231.32480|       1210|00:14:37|+0.01|0.05|0.9703|
|x|         19|         58|        102|     69240.12423|       1258|00:13:44|+0.01|0.05|0.9683|
|x|         15|         58|         96|     69237.38778|       1306|00:15:22|+0.01|0.05|0.9725|
|x|         26|         58|         96|     69237.41607|       1354|00:15:33|+0.01|0.05|0.9715|
|x|          4|         58|        102|     69244.46759|       1402|00:15:49|+0.01|0.04|0.9729|
|=|         25|         58|        102|     69241.35733|       1450|00:14:06|+0.01|0.04|0.9721|
|x|          7|         58|        102|     69239.59935|       1498|00:16:08|+0.01|0.04|0.9733|
|x|         32|         58|        102|     69246.30000|       1556|00:13:44|+0.01|0.04|0.9727|
|x|         33|         58|        102|     69247.94909|       1614|00:16:55|+0.01|0.04|0.9731|
|x|         34|         58|        102|     69247.32088|       1672|00:14:53|+0.01|0.04|0.9714|
|x|         35|         58|        102|     69246.54400|       1730|00:15:14|+0.01|0.04|0.9706|
|x|         36|         58|        102|     69252.79972|       1788|00:15:06|+0.01|0.04|0.9711|
|x|         37|         58|        102|     69254.75838|       1846|00:16:42|+0.01|0.04|0.9724|
|x|         38|         58|        102|     69254.47842|       1904|00:15:24|+0.01|0.04|0.9744|
|x|         39|         58|        102|     69258.43385|       1962|00:17:14|+0.01|0.04|0.9729|
|-|         40|         44|         96|     69258.96925|       2020|00:13:47|-0.01|0.02|0.9823|
+-+-----------+-----------+-----------+----------------+-----------+--------+-----+----+------+
Best configuration for the instances in this race: 96
Best-so-far configuration:          57    mean value:      69261.18500
Description of the best-so-far configuration:
   .ID. his_len max_attempts .PARENT.
57   57    8907          466       NA

# 2025-12-30 11:19:16 GMT: Elite configurations (first number is the configuration ID; listed from best to worst according to the sum of ranks):
    his_len max_attempts
57     8907          466
48    11132          355
102    9520          461
96     8654          498
139    8773          499
122   10902          372
145    9750          497
130    8811          490
111   10148          472
7     10424          453
# 2025-12-30 11:19:16 GMT: Iteration 3 of 3
# experimentsUsed: 3980
# remainingBudget: 2020
# currentBudget: 2020
# nbConfigurations: 48
# Markers:
     x No test is performed.
     c Configurations are discarded only due to capping.
     - The test is performed and some configurations are discarded.
     = The test is performed but no configuration is discarded.
     ! The test is performed and configurations could be discarded but elite configurations are preserved.
     . All alive configurations are elite and nothing is discarded.

+-+-----------+-----------+-----------+----------------+-----------+--------+-----+----+------+
| |   Instance|      Alive|       Best|       Mean best| Exp so far|  W time|  rho|KenW|  Qvar|
+-+-----------+-----------+-----------+----------------+-----------+--------+-----+----+------+
|x|         41|         48|        160|     69040.87000|         48|00:17:17|   NA|  NA|    NA|
|x|         19|         48|        151|     69128.15000|         86|00:14:42|+0.06|0.53|0.9647|
|x|         21|         48|        151|     69142.58333|        124|00:14:09|+0.14|0.43|0.8901|
|x|          6|         48|        155|     69131.70000|        162|00:11:53|+0.11|0.33|0.9232|
|x|         31|         48|        151|     69144.42600|        200|00:12:33|+0.10|0.28|0.9081|
|x|         13|         48|        155|     69169.52000|        238|00:15:54|+0.04|0.20|0.9503|
|x|         35|         48|        165|     69178.31857|        276|00:14:59|+0.02|0.16|0.9667|
|x|         38|         48|        155|     69166.18750|        314|00:14:00|+0.03|0.15|0.9624|
|x|         39|         48|        155|     69169.68778|        352|00:13:20|+0.03|0.14|0.9398|
|-|         23|         35|        155|     69193.40300|        390|00:13:36|-0.05|0.06|1.0135|
|x|          7|         35|        155|     69200.10273|        415|00:11:10|-0.04|0.06|1.0050|
|x|         15|         35|        155|     69202.98750|        440|00:11:42|-0.04|0.05|1.0038|
|x|         14|         35|        155|     69215.02231|        465|00:15:48|-0.04|0.04|1.0066|
|x|          8|         35|        155|     69204.06214|        490|00:12:54|-0.04|0.04|1.0027|
|x|         34|         35|        155|     69207.13067|        515|00:17:39|-0.04|0.03|1.0044|
|x|         12|         35|        155|     69218.85812|        540|00:11:54|-0.03|0.03|1.0009|
|x|          1|         35|        150|     69213.93353|        565|00:11:55|-0.03|0.03|0.9979|
|x|         40|         35|        155|     69211.47389|        590|00:14:59|-0.03|0.03|0.9951|
|x|          9|         35|        150|     69207.29316|        615|00:15:04|-0.02|0.03|0.9903|
|=|         22|         35|        150|     69205.75500|        640|00:11:25|-0.02|0.03|0.9849|
|x|         20|         35|        150|     69206.30667|        665|00:10:53|-0.02|0.03|0.9861|
|x|         17|         35|        150|     69207.72000|        690|00:10:34|-0.02|0.03|0.9874|
|x|         25|         35|        150|     69207.35913|        715|00:10:56|-0.02|0.02|0.9894|
|x|         24|         35|        150|     69213.44375|        740|00:11:43|-0.02|0.02|0.9898|
|x|         26|         35|        150|     69216.23840|        765|00:11:17|-0.02|0.02|0.9866|
|x|         36|         35|        150|     69224.50808|        790|00:11:01|-0.02|0.02|0.9863|
|x|         28|         35|        150|     69230.08963|        815|00:13:53|-0.02|0.02|0.9882|
|x|         10|         35|        150|     69241.20500|        840|00:11:35|-0.02|0.02|0.9882|
|x|          5|         35|          7|     69245.24931|        865|00:11:37|-0.02|0.02|0.9841|
|=|          3|         35|          7|     69244.38000|        890|00:17:45|-0.02|0.02|0.9853|
|x|         27|         35|         96|     69234.79194|        915|00:12:53|-0.02|0.02|0.9832|
|x|         29|         35|         48|     69244.28625|        940|00:11:24|-0.01|0.02|0.9818|
|x|          2|         35|         96|     69236.77152|        965|00:16:14|-0.01|0.02|0.9804|
|x|         11|         35|         96|     69238.95206|        990|00:10:53|-0.01|0.02|0.9788|
|x|         32|         35|         48|     69239.97800|       1015|00:13:28|-0.01|0.02|0.9789|
|x|         18|         35|         48|     69241.00528|       1040|00:11:33|-0.01|0.02|0.9814|
|x|         33|         35|        182|     69251.39595|       1065|00:11:34|-0.01|0.02|0.9807|
|x|         37|         35|        182|     69251.97579|       1090|00:13:28|-0.01|0.01|0.9812|
|x|         16|         35|        182|     69252.43256|       1115|00:11:40|-0.01|0.01|0.9815|
|=|         30|         35|        182|     69254.54200|       1140|00:15:36|-0.01|0.01|0.9803|
|x|          4|         35|        102|     69262.38195|       1165|00:10:34|-0.01|0.01|0.9804|
|x|         42|         35|        102|     69265.23548|       1200|00:13:02|-0.01|0.01|0.9801|
|x|         43|         35|         57|     69259.07558|       1235|00:12:24|-0.01|0.01|0.9796|
|x|         44|         35|        150|     69253.44205|       1270|00:13:30|-0.01|0.01|0.9790|
|x|         45|         35|        145|     69267.71600|       1305|00:13:25|-0.01|0.01|0.9798|
|x|         46|         35|        145|     69262.23565|       1340|00:15:03|-0.01|0.01|0.9782|
|x|         47|         35|         96|     69251.51277|       1375|00:13:23|-0.01|0.01|0.9769|
|x|         48|         35|         96|     69250.92688|       1410|00:12:34|-0.01|0.01|0.9761|
|x|         49|         35|         96|     69250.26837|       1445|00:12:58|-0.01|0.01|0.9759|
|=|         50|         35|         96|     69246.84020|       1480|00:14:09|-0.01|0.01|0.9760|
|x|         51|         35|         96|     69243.68392|       1515|00:14:01|-0.01|0.01|0.9742|
|x|         52|         35|         96|     69246.38231|       1550|00:12:13|-0.01|0.01|0.9750|
|x|         53|         35|        150|     69250.04434|       1585|00:12:29|-0.01|0.01|0.9750|
|x|         54|         35|         96|     69247.00241|       1620|00:13:31|-0.01|0.01|0.9759|
|x|         55|         35|         96|     69244.76364|       1655|00:15:15|-0.00|0.01|0.9744|
|x|         56|         35|         96|     69245.39107|       1690|00:12:29|-0.00|0.01|0.9748|
|x|         57|         35|         96|     69242.45702|       1725|00:12:22|-0.00|0.01|0.9739|
|x|         58|         35|         96|     69245.82259|       1760|00:13:09|-0.00|0.01|0.9747|
|x|         59|         35|         96|     69243.42559|       1795|00:12:55|-0.00|0.01|0.9739|
|=|         60|         35|         96|     69239.63883|       1830|00:16:10|-0.00|0.01|0.9726|
+-+-----------+-----------+-----------+----------------+-----------+--------+-----+----+------+
Best-so-far configuration:          96    mean value:      69239.63883
Description of the best-so-far configuration:
   .ID. his_len max_attempts .PARENT.
96   96    8654          498       NA

# 2025-12-31 00:32:12 GMT: Elite configurations (first number is the configuration ID; listed from best to worst according to the sum of ranks):
    his_len max_attempts
96     8654          498
150    8884          497
57     8907          466
145    9750          497
178   11098          360
176   11114          351
183    8758          494
186    8886          468
149   11081          353
153   10144          474
# 2025-12-31 00:32:12 GMT: Iteration 4 of 4
# experimentsUsed: 5810
# remainingBudget: 190
# currentBudget: 190
# nbConfigurations: 11
# Markers:
     x No test is performed.
     c Configurations are discarded only due to capping.
     - The test is performed and some configurations are discarded.
     = The test is performed but no configuration is discarded.
     ! The test is performed and configurations could be discarded but elite configurations are preserved.
     . All alive configurations are elite and nothing is discarded.

+-+-----------+-----------+-----------+----------------+-----------+--------+-----+----+------+
| |   Instance|      Alive|       Best|       Mean best| Exp so far|  W time|  rho|KenW|  Qvar|
+-+-----------+-----------+-----------+----------------+-----------+--------+-----+----+------+
|x|         61|         11|        145|     69017.09000|         11|00:11:50|   NA|  NA|    NA|
|x|         36|         11|        183|     69092.26500|         12|00:09:31|+0.13|0.56|0.6873|
|x|         31|         11|        145|     69156.52000|         13|00:09:22|-0.03|0.31|0.9349|
|x|         30|         11|        145|     69156.35250|         14|00:09:33|+0.07|0.30|0.7987|
|x|         45|         11|        145|     69156.36800|         15|00:10:35|+0.06|0.25|0.8448|
|x|          8|         11|        186|     69170.48833|         16|00:10:17|+0.03|0.19|0.8710|
|x|         17|         11|        186|     69167.82000|         17|00:09:24|+0.10|0.23|0.8228|
|x|         21|         11|        186|     69176.16250|         18|00:10:21|+0.13|0.24|0.8032|
|x|         60|         11|         96|     69179.71222|         19|00:09:32|+0.11|0.21|0.8379|
|=|         42|         11|         96|     69186.06100|         20|00:10:21|+0.09|0.18|0.8546|
|x|         38|         11|         96|     69183.65455|         21|00:10:11|+0.08|0.17|0.8751|
|x|         13|         11|         96|     69191.36667|         22|00:10:06|+0.06|0.14|0.8874|
|x|         34|         11|         96|     69205.21692|         23|00:10:26|+0.03|0.10|0.9111|
|x|         57|         11|         96|     69196.14071|         24|00:09:09|+0.04|0.11|0.8984|
|x|         18|         11|         96|     69210.92333|         25|00:09:54|+0.02|0.09|0.9148|
|x|         32|         11|         96|     69239.27437|         26|00:09:20|-0.00|0.06|0.9331|
|x|         58|         11|         96|     69250.94412|         27|00:09:48|-0.02|0.04|0.9363|
|x|         35|         11|         96|     69253.15833|         28|00:09:49|-0.02|0.04|0.9324|
|x|          6|         11|         96|     69255.46053|         29|00:09:08|-0.03|0.02|0.9393|
|=|         39|         11|         96|     69247.81800|         30|00:09:59|-0.03|0.02|0.9393|
|x|          4|         11|         96|     69249.70143|         31|00:09:25|-0.03|0.02|0.9378|
|x|         55|         11|         96|     69243.98182|         32|00:11:14|-0.02|0.03|0.9332|
|x|         25|         11|         96|     69245.92478|         33|00:09:42|-0.02|0.03|0.9319|
|x|         48|         11|         96|     69244.98583|         34|00:09:25|-0.02|0.02|0.9359|
|x|          2|         11|         96|     69240.01040|         35|00:09:27|-0.02|0.02|0.9353|
|x|          9|         11|         96|     69240.67423|         36|00:09:57|-0.02|0.02|0.9350|
|x|         27|         11|         96|     69238.33963|         37|00:09:35|-0.01|0.03|0.9281|
|x|         50|         11|         96|     69232.64393|         38|00:09:54|-0.01|0.03|0.9253|
|x|         52|         11|         96|     69237.86310|         39|00:09:03|-0.01|0.02|0.9287|
|=|         46|         11|         96|     69234.73200|         40|00:09:22|-0.01|0.02|0.9267|
|x|          3|         11|         96|     69235.06097|         41|00:09:46|-0.01|0.02|0.9261|
|x|         14|         11|         96|     69236.81875|         42|00:10:09|-0.01|0.02|0.9247|
|x|          7|         11|         96|     69237.48364|         43|00:09:41|-0.01|0.02|0.9245|
|x|         33|         11|         96|     69238.03029|         44|00:10:03|-0.01|0.02|0.9248|
|x|         22|         11|         96|     69237.27314|         45|00:10:14|-0.01|0.02|0.9213|
|x|         54|         11|         96|     69231.88056|         46|00:10:49|-0.00|0.02|0.9177|
|x|         23|         11|         96|     69232.45892|         47|00:09:24|-0.01|0.02|0.9198|
|x|         11|         11|         96|     69234.52342|         48|00:09:48|-0.01|0.02|0.9212|
|x|         51|         11|         96|     69230.71179|         49|00:09:32|-0.01|0.02|0.9167|
|=|          1|         11|         96|     69233.48100|         50|00:10:06|-0.01|0.02|0.9165|
|x|         59|         11|         96|     69230.33268|         51|00:09:41|-0.00|0.02|0.9153|
|x|         53|         11|         96|     69236.35119|         52|00:09:21|-0.01|0.02|0.9176|
|x|         20|         11|         96|     69240.67698|         53|00:09:34|-0.01|0.02|0.9189|
|x|         47|         11|         96|     69238.32068|         54|00:09:10|-0.01|0.02|0.9185|
|x|         49|         11|         96|     69237.88378|         55|00:08:19|-0.00|0.02|0.9171|
|x|         15|         11|         96|     69233.97457|         56|00:09:45|-0.00|0.02|0.9139|
|x|         56|         11|         96|     69234.95170|         57|00:09:20|-0.00|0.02|0.9143|
|x|         19|         11|         96|     69233.08854|         58|00:09:28|-0.00|0.02|0.9134|
|x|         28|         11|         96|     69235.14143|         59|00:11:17|-0.00|0.02|0.9142|
|=|         41|         11|         96|     69237.73300|         60|00:09:38|-0.00|0.02|0.9150|
|x|         37|         11|         96|     69242.42922|         61|00:10:07|-0.01|0.01|0.9169|
|x|          5|         11|         96|     69239.76038|         62|00:10:00|-0.01|0.01|0.9167|
|x|         16|         11|         96|     69239.49868|         63|00:10:49|-0.01|0.01|0.9164|
|x|         12|         11|         96|     69237.15981|         64|00:10:27|-0.00|0.01|0.9144|
|x|         26|         11|         96|     69237.17836|         65|00:09:43|-0.01|0.01|0.9156|
|x|         40|         11|         96|     69238.39661|         66|00:09:17|-0.01|0.01|0.9163|
|x|         24|         11|         96|     69234.85526|         67|00:10:31|-0.01|0.01|0.9149|
|x|         44|         11|         96|     69231.13603|         68|00:09:11|-0.00|0.01|0.9131|
|x|         29|         11|         96|     69234.24068|         69|00:09:55|-0.01|0.01|0.9148|
|=|         10|         11|         96|     69233.35800|         70|00:09:07|-0.01|0.01|0.9151|
|x|         43|         11|         96|     69237.25344|         71|00:09:18|-0.01|0.01|0.9164|
|x|         62|         11|         96|     69235.67177|         82|00:12:45|-0.01|0.01|0.9149|
|x|         63|         11|         96|     69234.17968|         93|00:10:53|-0.00|0.01|0.9135|
|x|         64|         11|         96|     69236.49328|        104|00:12:58|-0.01|0.01|0.9151|
|x|         65|         11|         96|     69238.41662|        115|00:15:22|-0.01|0.01|0.9157|
|x|         66|         11|         96|     69239.13015|        126|00:14:24|-0.01|0.01|0.9165|
|x|         67|         11|         96|     69241.27060|        137|00:13:35|-0.01|0.01|0.9160|
|x|         68|         11|         96|     69242.22176|        148|00:11:29|-0.01|0.01|0.9149|
|x|         69|         11|         96|     69243.42449|        159|00:11:26|-0.01|0.01|0.9150|
|=|         70|         11|         96|     69245.69800|        170|00:11:26|-0.01|0.01|0.9152|
+-+-----------+-----------+-----------+----------------+-----------+--------+-----+----+------+
Best-so-far configuration:          96    mean value:      69245.69800
Description of the best-so-far configuration:
   .ID. his_len max_attempts .PARENT.
96   96    8654          498       NA

# 2025-12-31 12:26:15 GMT: Elite configurations (first number is the configuration ID; listed from best to worst according to the sum of ranks):
    his_len max_attempts
96     8654          498
187    8806          498
150    8884          497
178   11098          360
186    8886          468
57     8907          466
145    9750          497
176   11114          351
149   11081          353
153   10144          474
# 2025-12-31 12:26:15 GMT: Stopped because there is not enough budget left to race more than the minimum (10).
# You may either increase the budget or set 'minNbSurvival' to a lower value.
# Iteration: 5
# nbIterations: 5
# experimentsUsed: 5980
# timeUsed: 0
# remainingBudget: 20
# currentBudget: 20
# number of elites: 10
# nbConfigurations: 10
# Total CPU user time: 4683279, CPU sys time: 3876.964, Wall-clock time: 162599.6
# 2025-12-31 12:26:15 GMT: Starting post-selection:
# Configurations selected: 96, 187.
# Pending instances: 0, 0.
# 2025-12-31 12:26:15 GMT: seed: 799724671
# Configurations: 2
# Available experiments: 20
# minSurvival: 1
# Markers:
     x No test is performed.
     c Configurations are discarded only due to capping.
     - The test is performed and some configurations are discarded.
     = The test is performed but no configuration is discarded.
     ! The test is performed and configurations could be discarded but elite configurations are preserved.
     . All alive configurations are elite and nothing is discarded.

+-+-----------+-----------+-----------+----------------+-----------+--------+-----+----+------+
| |   Instance|      Alive|       Best|       Mean best| Exp so far|  W time|  rho|KenW|  Qvar|
+-+-----------+-----------+-----------+----------------+-----------+--------+-----+----+------+
|.|         66|          2|        187|     69134.07000|          0|00:00:00|   NA|  NA|    NA|
|.|         17|          2|        187|     69133.57000|          0|00:00:00|+1.00|1.00|0.0000|
|.|         19|          2|        187|     69261.59333|          0|00:00:00|-0.33|0.11|0.6667|
|.|          7|          2|        187|     69258.09750|          0|00:00:00|+0.00|0.25|0.5000|
|.|         30|          2|        187|     69228.91200|          0|00:00:00|+0.20|0.36|0.4000|
|.|         56|          2|        187|     69272.99167|          0|00:00:00|-0.07|0.11|0.5333|
|.|         36|          2|        187|     69305.91000|          0|00:00:00|-0.14|0.02|0.5714|
|.|         51|          2|        187|     69282.37500|          0|00:00:00|-0.14|0.00|0.5714|
|.|          3|          2|        187|     69267.08444|          0|00:00:00|-0.11|0.01|0.5556|
|.|         63|          2|        187|     69263.71500|          0|00:00:00|-0.11|0.00|0.5556|
|.|         10|          2|        187|     69258.83182|          0|00:00:00|-0.09|0.01|0.5455|
|.|         42|          2|        187|     69254.17083|          0|00:00:00|-0.09|0.00|0.5455|
|.|         52|          2|        187|     69273.88154|          0|00:00:00|-0.08|0.01|0.5385|
|.|         43|          2|        187|     69286.42143|          0|00:00:00|-0.08|0.00|0.5385|
|.|          6|          2|        187|     69295.78400|          0|00:00:00|-0.07|0.00|0.5333|
|.|         59|          2|        187|     69292.66812|          0|00:00:00|-0.05|0.02|0.5250|
|.|         47|          2|        187|     69280.99471|          0|00:00:00|-0.06|0.00|0.5294|
|.|         34|          2|        187|     69293.34611|          0|00:00:00|-0.05|0.01|0.5229|
|.|         14|          2|        187|     69285.46895|          0|00:00:00|-0.05|0.00|0.5263|
|.|         13|          2|        187|     69277.57200|          0|00:00:00|-0.05|0.00|0.5263|
|.|         67|          2|        187|     69267.23667|          0|00:00:00|-0.05|0.00|0.5238|
|.|         26|          2|        187|     69266.25818|          0|00:00:00|-0.05|0.00|0.5238|
|.|         18|          2|        187|     69270.10739|          0|00:00:00|-0.04|0.00|0.5217|
|.|         41|          2|        187|     69277.18500|          0|00:00:00|-0.04|0.00|0.5217|
|.|         33|          2|        187|     69274.23000|          0|00:00:00|-0.04|0.00|0.5200|
|.|         35|          2|        187|     69264.97846|          0|00:00:00|-0.03|0.01|0.5169|
|.|         22|          2|        187|     69269.14111|          0|00:00:00|-0.04|0.00|0.5185|
|.|         57|          2|        187|     69265.27607|          0|00:00:00|-0.04|0.00|0.5185|
|.|         45|          2|        187|     69264.83172|          0|00:00:00|-0.03|0.00|0.5172|
|.|         28|          2|        187|     69264.82733|          0|00:00:00|-0.03|0.00|0.5172|
|.|         65|          2|        187|     69262.52645|          0|00:00:00|-0.03|0.00|0.5161|
|.|         37|          2|        187|     69259.53625|          0|00:00:00|-0.03|0.00|0.5141|
|.|         62|          2|        187|     69262.53727|          0|00:00:00|-0.03|0.00|0.5152|
|.|         24|          2|        187|     69262.61382|          0|00:00:00|-0.03|0.00|0.5152|
|.|         40|          2|        187|     69265.62086|          0|00:00:00|-0.03|0.00|0.5143|
|.|         49|          2|        187|     69269.34528|          0|00:00:00|-0.03|0.00|0.5127|
|.|         21|          2|        187|     69263.95486|          0|00:00:00|-0.03|0.00|0.5135|
|.|         32|          2|        187|     69263.72921|          0|00:00:00|-0.03|0.00|0.5135|
|.|         54|          2|        187|     69263.70641|          0|00:00:00|-0.03|0.00|0.5128|
|.|         39|          2|        187|     69262.89725|          0|00:00:00|-0.02|0.00|0.5115|
|.|         58|          2|        187|     69264.85317|          0|00:00:00|-0.02|0.00|0.5122|
|.|         68|          2|        187|     69262.67571|          0|00:00:00|-0.02|0.00|0.5122|
|.|         53|          2|        187|     69264.82860|          0|00:00:00|-0.02|0.00|0.5116|
|.|         55|          2|        187|     69264.32909|          0|00:00:00|-0.02|0.00|0.5116|
|.|         38|          2|        187|     69264.91200|          0|00:00:00|-0.02|0.00|0.5111|
|.|          5|          2|        187|     69264.36196|          0|00:00:00|-0.02|0.00|0.5101|
|.|          8|          2|        187|     69262.01170|          0|00:00:00|-0.02|0.00|0.5088|
|.|         64|          2|        187|     69261.31292|          0|00:00:00|-0.02|0.00|0.5098|
|.|         31|          2|        187|     69265.01367|          0|00:00:00|-0.02|0.00|0.5085|
|.|          9|          2|        187|     69268.07280|          0|00:00:00|-0.01|0.01|0.5069|
|.|         16|          2|        187|     69266.23941|          0|00:00:00|-0.02|0.00|0.5082|
|.|         23|          2|        187|     69266.17038|          0|00:00:00|-0.01|0.01|0.5068|
|.|         48|          2|        187|     69267.05887|          0|00:00:00|-0.01|0.01|0.5051|
|.|         25|          2|        187|     69263.78000|          0|00:00:00|-0.01|0.01|0.5066|
|.|         11|          2|        187|     69261.16345|          0|00:00:00|-0.02|0.00|0.5077|
|.|         61|          2|        187|     69259.34768|          0|00:00:00|-0.01|0.01|0.5065|
|.|         46|          2|        187|     69263.26842|          0|00:00:00|-0.01|0.01|0.5050|
|.|         44|          2|        187|     69264.12707|          0|00:00:00|-0.01|0.01|0.5033|
|.|         12|          2|        187|     69265.53034|          0|00:00:00|-0.00|0.01|0.5015|
|.|          4|          2|        187|     69266.23233|          0|00:00:00|+0.00|0.02|0.4994|
|.|         20|          2|        187|     69265.76836|          0|00:00:00|-0.00|0.01|0.5016|
|.|         69|          2|        187|     69265.07742|          0|00:00:00|-0.01|0.01|0.5034|
|.|         60|          2|        187|     69261.21587|          0|00:00:00|-0.00|0.01|0.5018|
|.|          1|          2|        187|     69262.25016|          0|00:00:00|-0.01|0.01|0.5035|
|.|         15|          2|        187|     69262.90200|          0|00:00:00|-0.00|0.01|0.5019|
|.|         27|          2|        187|     69262.90212|          0|00:00:00|-0.00|0.01|0.5002|
|.|          2|          2|        187|     69263.02388|          0|00:00:00|+0.00|0.02|0.4984|
|.|         29|          2|        187|     69264.24368|          0|00:00:00|-0.00|0.01|0.5004|
|.|         50|          2|        187|     69264.25623|          0|00:00:00|+0.00|0.02|0.4987|
|.|         70|          2|        187|     69263.02143|          0|00:00:00|-0.00|0.01|0.5006|
|x|         71|          2|         96|     69245.69451|          2|00:09:13|+0.00|0.02|0.4990|
|x|         72|          2|         96|     69244.51042|          4|00:09:11|+0.01|0.02|0.4973|
|x|         73|          2|         96|     69244.98055|          6|00:10:17|+0.00|0.02|0.4992|
|x|         74|          2|         96|     69245.26878|          8|00:09:58|-0.00|0.01|0.5009|
|x|         75|          2|         96|     69245.12280|         10|00:10:28|+0.00|0.01|0.4995|
|x|         76|          2|         96|     69245.79658|         12|00:09:52|+0.00|0.02|0.4979|
|x|         77|          2|         96|     69246.13455|         14|00:09:36|+0.01|0.02|0.4962|
|x|         78|          2|         96|     69246.73295|         16|00:10:08|+0.01|0.02|0.4945|
|x|         79|          2|         96|     69246.18494|         18|00:10:01|+0.01|0.03|0.4927|
|=|         80|          2|         96|     69248.93750|         20|00:09:22|+0.01|0.02|0.4949|
+-+-----------+-----------+-----------+----------------+-----------+--------+-----+----+------+
Best-so-far configuration:          96    mean value:      69248.93750
Description of the best-so-far configuration:
   .ID. his_len max_attempts .PARENT.
96   96    8654          498       NA

# 2025-12-31 14:04:27 GMT: Elite configurations (first number is the configuration ID; listed from best to worst according to the sum of ranks):
    his_len max_attempts
96     8654          498
187    8806          498
# Total CPU user time: 4694910, CPU sys time: 3885.29, Wall-clock time: 168491.9
# Best configurations (first number is the configuration ID; listed from best to worst according to the sum of ranks):
    his_len max_attempts
96     8654          498
187    8806          498
# Best configurations as commandlines (first number is the configuration ID; listed from best to worst according to the sum of ranks):
96  -his_len 8654 -max_attempts 498
187 -his_len 8806 -max_attempts 498


# Testing of elite configurations: 1 
# Testing iteration configurations: FALSE 
# 2025-12-31 14:04:27 GMT: No test instances, skip testing
