Starting irace...
# 2025-12-29 16:14:10 GMT: Reading parameter file '/gpfs/home/e/exx866/IRACE-b-LAHC/all-instances-fine/X-n360-k40-s9/parameters.txt'.
# 2025-12-29 16:14:10 GMT: Read 1 configuration(s) from file '/gpfs/home/e/exx866/IRACE-b-LAHC/all-instances-fine/X-n360-k40-s9/configurations.txt'
# 2025-12-29 16:14:11 GMT: Initialization
# Elitist race
# Elitist new instances: 1
# Elitist limit: 2
# nbIterations: 3
# minNbSurvival: 10
# nbParameters: 2
# seed: 306233798
# confidence level: 0.95
# budget: 6000
# mu: 10
# deterministic: FALSE

# 2025-12-29 16:14:11 GMT: Iteration 1 of 3
# experimentsUsed: 0
# remainingBudget: 6000
# currentBudget: 2000
# nbConfigurations: 100
# Markers:
     x No test is performed.
     c Configurations are discarded only due to capping.
     - The test is performed and some configurations are discarded.
     = The test is performed but no configuration is discarded.
     ! The test is performed and configurations could be discarded but elite configurations are preserved.
     . All alive configurations are elite and nothing is discarded.

+-+-----------+-----------+-----------+----------------+-----------+--------+-----+----+------+
| |   Instance|      Alive|       Best|       Mean best| Exp so far|  W time|  rho|KenW|  Qvar|
+-+-----------+-----------+-----------+----------------+-----------+--------+-----+----+------+
|x|          1|        100|         84|     26097.97000|        100|00:02:25|   NA|  NA|    NA|
|x|          2|        100|         97|     26119.07500|        200|00:02:22|-0.10|0.45|1.1183|
|x|          3|        100|         80|     26152.37333|        300|00:02:19|-0.09|0.27|1.0944|
|x|          4|        100|         90|     26161.98500|        400|00:02:24|-0.02|0.24|1.0102|
|x|          5|        100|         41|     26167.26200|        500|00:02:29|+0.01|0.21|0.9785|
|x|          6|        100|         90|     26174.06833|        600|00:02:25|+0.01|0.17|0.9811|
|x|          7|        100|         17|     26171.30000|        700|00:02:22|+0.02|0.16|0.9785|
|x|          8|        100|         17|     26176.23250|        800|00:02:21|+0.02|0.14|0.9699|
|x|          9|        100|         17|     26172.90667|        900|00:02:34|+0.04|0.15|0.9429|
|-|         10|         72|         60|     26174.00100|       1000|00:02:23|-0.06|0.05|1.0425|
|x|         11|         72|         17|     26182.57455|       1072|00:02:23|-0.06|0.04|1.0424|
|x|         12|         72|         17|     26181.77333|       1144|00:02:28|-0.04|0.05|1.0272|
|x|         13|         72|         17|     26189.61308|       1216|00:02:12|-0.03|0.05|1.0213|
|x|         14|         72|         17|     26186.48143|       1288|00:02:07|-0.03|0.05|1.0145|
|x|         15|         72|         17|     26185.74600|       1360|00:02:01|-0.02|0.05|1.0078|
|x|         16|         72|         17|     26185.72813|       1432|00:02:10|-0.02|0.05|1.0035|
|x|         17|         72|         17|     26189.14176|       1504|00:02:38|-0.01|0.05|1.0006|
|x|         18|         72|         17|     26189.45500|       1576|00:02:21|-0.01|0.05|0.9963|
|x|         19|         72|         47|     26184.19789|       1648|00:02:10|-0.01|0.04|0.9966|
|=|         20|         72|         47|     26182.75150|       1720|00:02:11|-0.01|0.04|0.9957|
+-+-----------+-----------+-----------+----------------+-----------+--------+-----+----+------+
Best-so-far configuration:          47    mean value:      26182.75150
Description of the best-so-far configuration:
   .ID. his_len max_attempts .PARENT.
47   47    8844          232       NA

# 2025-12-29 17:01:08 GMT: Elite configurations (first number is the configuration ID; listed from best to worst according to the sum of ranks):
   his_len max_attempts
47    8844          232
60    8978          295
37    9112          224
84    9614          327
98    8744          325
17    9313          247
29    8375          351
33    9982          234
85    7471          260
7     8509          238
# 2025-12-29 17:01:08 GMT: Iteration 2 of 3
# experimentsUsed: 1720
# remainingBudget: 4280
# currentBudget: 2140
# nbConfigurations: 78
# Markers:
     x No test is performed.
     c Configurations are discarded only due to capping.
     - The test is performed and some configurations are discarded.
     = The test is performed but no configuration is discarded.
     ! The test is performed and configurations could be discarded but elite configurations are preserved.
     . All alive configurations are elite and nothing is discarded.

+-+-----------+-----------+-----------+----------------+-----------+--------+-----+----+------+
| |   Instance|      Alive|       Best|       Mean best| Exp so far|  W time|  rho|KenW|  Qvar|
+-+-----------+-----------+-----------+----------------+-----------+--------+-----+----+------+
|x|         21|         78|        133|     26072.76000|         78|00:02:13|   NA|  NA|    NA|
|x|          3|         78|        165|     26118.06000|        146|00:02:37|-0.04|0.48|1.0677|
|x|          6|         78|         98|     26135.68000|        214|00:02:10|-0.01|0.33|1.0051|
|x|          7|         78|         98|     26135.32500|        282|00:02:20|+0.04|0.28|0.9637|
|x|         11|         78|        165|     26140.41800|        350|00:02:27|+0.03|0.22|0.9652|
|x|         10|         78|        165|     26127.24333|        418|00:02:17|+0.03|0.19|0.9562|
|x|          8|         78|        141|     26159.28571|        486|00:02:25|-0.02|0.13|1.0053|
|x|         16|         78|        165|     26137.79875|        554|00:02:09|-0.01|0.11|1.0002|
|x|          9|         78|        165|     26151.66111|        622|00:02:19|-0.02|0.10|1.0024|
|=|         15|         78|        165|     26151.16400|        690|00:02:00|-0.01|0.09|0.9968|
|x|         12|         78|         98|     26173.13636|        758|00:02:16|-0.02|0.07|1.0082|
|x|         14|         78|        165|     26168.90417|        826|00:02:18|-0.03|0.06|1.0141|
|x|         13|         78|         47|     26175.06769|        894|00:02:44|-0.02|0.06|1.0042|
|x|         19|         78|         47|     26167.52571|        962|00:03:13|-0.01|0.06|1.0010|
|x|          2|         78|         47|     26173.04733|       1030|00:02:15|-0.02|0.05|1.0083|
|x|         17|         78|         47|     26174.20937|       1098|00:02:27|-0.02|0.05|1.0034|
|x|         18|         78|         47|     26174.21824|       1166|00:02:44|-0.01|0.05|1.0014|
|x|          1|         78|         47|     26177.22556|       1234|00:02:30|-0.01|0.05|0.9967|
|x|          4|         78|         47|     26180.06474|       1302|00:02:30|-0.01|0.05|0.9972|
|=|         20|         78|         47|     26178.82500|       1370|00:02:27|+0.00|0.05|0.9887|
|x|          5|         78|         47|     26181.64000|       1438|00:02:32|+0.00|0.05|0.9874|
|x|         22|         78|        165|     26184.23182|       1516|00:02:19|+0.00|0.05|0.9863|
|x|         23|         78|         47|     26184.86217|       1594|00:02:17|+0.01|0.05|0.9841|
|x|         24|         78|         47|     26184.59875|       1672|00:02:13|+0.01|0.05|0.9838|
|x|         25|         78|         47|     26185.89960|       1750|00:02:10|+0.01|0.05|0.9835|
|x|         26|         78|         47|     26184.87038|       1828|00:02:14|+0.01|0.04|0.9847|
|x|         27|         78|         47|     26185.46630|       1906|00:02:00|+0.01|0.04|0.9848|
|x|         28|         78|         47|     26186.47143|       1984|00:02:27|+0.01|0.05|0.9795|
|x|         29|         78|        141|     26187.18655|       2062|00:02:20|+0.01|0.05|0.9787|
|-|         30|         42|         47|     26184.79933|       2140|00:02:16|-0.02|0.02|0.9917|
+-+-----------+-----------+-----------+----------------+-----------+--------+-----+----+------+
Best configuration for the instances in this race: 47
Best-so-far configuration:         141    mean value:      26186.51967
Description of the best-so-far configuration:
    .ID. his_len max_attempts .PARENT.
141  141    8992          223       37

# 2025-12-29 18:12:33 GMT: Elite configurations (first number is the configuration ID; listed from best to worst according to the sum of ranks):
    his_len max_attempts
141    8992          223
47     8844          232
157    8934          242
165    8598          333
144    9287          238
154    7760          349
37     9112          224
120    9394          247
124    8411          352
118    8849          234
# 2025-12-29 18:12:33 GMT: Iteration 3 of 3
# experimentsUsed: 3860
# remainingBudget: 2140
# currentBudget: 2140
# nbConfigurations: 61
# Markers:
     x No test is performed.
     c Configurations are discarded only due to capping.
     - The test is performed and some configurations are discarded.
     = The test is performed but no configuration is discarded.
     ! The test is performed and configurations could be discarded but elite configurations are preserved.
     . All alive configurations are elite and nothing is discarded.

+-+-----------+-----------+-----------+----------------+-----------+--------+-----+----+------+
| |   Instance|      Alive|       Best|       Mean best| Exp so far|  W time|  rho|KenW|  Qvar|
+-+-----------+-----------+-----------+----------------+-----------+--------+-----+----+------+
|x|         31|         61|        196|     26090.79000|         61|00:02:20|   NA|  NA|    NA|
|x|          8|         61|        183|     26092.75500|        112|00:02:20|-0.10|0.45|1.0705|
|x|         22|         61|        183|     26100.64000|        163|00:02:41|+0.02|0.35|0.9622|
|x|         27|         61|        183|     26122.30750|        214|00:01:45|+0.06|0.29|0.9310|
|x|         21|         61|        188|     26142.58800|        265|00:01:56|+0.03|0.23|0.9516|
|x|         11|         61|        188|     26149.46500|        316|00:02:47|-0.02|0.15|0.9995|
|x|         16|         61|        188|     26153.66143|        367|00:02:13|-0.00|0.14|0.9783|
|x|          6|         61|        188|     26148.14250|        418|00:01:55|-0.00|0.12|0.9739|
|x|          1|         61|        188|     26146.86000|        469|00:01:56|-0.00|0.11|0.9814|
|=|          2|         61|        188|     26149.40000|        520|00:02:13|-0.00|0.10|0.9797|
|x|          4|         61|        188|     26155.91545|        571|00:02:02|-0.01|0.08|0.9868|
|x|          7|         61|        188|     26157.38917|        622|00:02:15|-0.01|0.07|0.9901|
|x|         15|         61|        188|     26156.84154|        673|00:01:51|-0.01|0.07|0.9918|
|x|         10|         61|        188|     26160.21000|        724|00:01:54|-0.01|0.07|0.9837|
|x|         13|         61|        188|     26168.27867|        775|00:02:16|-0.01|0.06|0.9853|
|x|         30|         61|        165|     26163.71812|        826|00:02:33|-0.01|0.05|0.9852|
|x|         19|         61|        188|     26172.70941|        877|00:01:59|-0.01|0.05|0.9833|
|x|         26|         61|        188|     26172.90389|        928|00:01:58|-0.01|0.05|0.9849|
|x|          9|         61|        188|     26169.95368|        979|00:02:08|-0.00|0.05|0.9802|
|=|         20|         61|        188|     26165.06850|       1030|00:01:54|+0.01|0.06|0.9704|
|x|         18|         61|        188|     26166.14048|       1081|00:02:03|+0.00|0.05|0.9734|
|x|         17|         61|        188|     26167.27091|       1132|00:01:58|+0.00|0.05|0.9764|
|x|          5|         61|        188|     26169.23826|       1183|00:02:52|+0.00|0.04|0.9797|
|x|         14|         61|        188|     26170.99458|       1234|00:02:36|+0.00|0.04|0.9791|
|x|          3|         61|        188|     26172.11760|       1285|00:02:23|+0.00|0.04|0.9775|
|x|         24|         61|        188|     26173.44192|       1336|00:02:12|+0.00|0.04|0.9789|
|x|         12|         61|        188|     26170.96185|       1387|00:02:21|+0.00|0.04|0.9782|
|x|         28|         61|        188|     26172.04893|       1438|00:02:52|+0.01|0.04|0.9741|
|x|         25|         61|        188|     26174.21138|       1489|00:01:59|+0.01|0.04|0.9738|
|-|         23|         26|        188|     26173.14833|       1540|00:02:21|-0.02|0.02|0.9762|
|x|         29|         26|        188|     26173.07548|       1556|00:01:52|-0.01|0.02|0.9741|
|x|         32|         26|        188|     26174.75031|       1582|00:02:04|-0.01|0.02|0.9744|
|x|         33|         26|        188|     26177.54636|       1608|00:02:00|-0.01|0.02|0.9727|
|x|         34|         26|        188|     26179.30882|       1634|00:02:21|-0.01|0.02|0.9750|
|x|         35|         26|        141|     26187.00629|       1660|00:02:17|-0.01|0.01|0.9744|
|x|         36|         26|        141|     26186.87111|       1686|00:03:12|-0.01|0.02|0.9721|
|x|         37|         26|        141|     26187.76595|       1712|00:03:20|-0.01|0.02|0.9709|
|x|         38|         26|        141|     26186.45263|       1738|00:02:31|-0.01|0.02|0.9707|
|x|         39|         26|        141|     26187.45436|       1764|00:03:58|-0.01|0.01|0.9733|
|=|         40|         26|        141|     26188.24500|       1790|00:02:45|-0.01|0.01|0.9735|
|x|         41|         26|        141|     26190.13293|       1816|00:02:25|-0.01|0.02|0.9713|
|x|         42|         26|        141|     26190.43238|       1842|00:03:38|-0.01|0.02|0.9692|
|x|         43|         26|        141|     26192.34977|       1868|00:02:14|-0.01|0.02|0.9684|
|x|         44|         26|        141|     26193.08023|       1894|00:02:39|-0.01|0.01|0.9694|
|x|         45|         26|        141|     26193.36933|       1920|00:02:00|-0.01|0.02|0.9671|
|x|         46|         26|        144|     26197.20935|       1946|00:02:13|-0.00|0.02|0.9653|
|x|         47|         26|        144|     26196.94064|       1972|00:02:52|-0.00|0.02|0.9653|
|x|         48|         26|        188|     26186.82292|       1998|00:02:10|-0.00|0.02|0.9656|
|x|         49|         26|        165|     26190.06673|       2024|00:02:32|-0.01|0.02|0.9659|
|=|         50|         26|        165|     26190.87880|       2050|00:02:46|-0.00|0.02|0.9654|
+-+-----------+-----------+-----------+----------------+-----------+--------+-----+----+------+
Best-so-far configuration:         165    mean value:      26190.87880
Description of the best-so-far configuration:
    .ID. his_len max_attempts .PARENT.
165  165    8598          333       98

# 2025-12-29 20:11:18 GMT: Elite configurations (first number is the configuration ID; listed from best to worst according to the sum of ranks):
    his_len max_attempts
165    8598          333
188    8430          345
144    9287          238
120    9394          247
47     8844          232
141    8992          223
124    8411          352
198    9405          247
181    8477          350
177    9412          246
# 2025-12-29 20:11:18 GMT: Iteration 4 of 4
# experimentsUsed: 5910
# remainingBudget: 90
# currentBudget: 90
# nbConfigurations: 11
# Markers:
     x No test is performed.
     c Configurations are discarded only due to capping.
     - The test is performed and some configurations are discarded.
     = The test is performed but no configuration is discarded.
     ! The test is performed and configurations could be discarded but elite configurations are preserved.
     . All alive configurations are elite and nothing is discarded.

+-+-----------+-----------+-----------+----------------+-----------+--------+-----+----+------+
| |   Instance|      Alive|       Best|       Mean best| Exp so far|  W time|  rho|KenW|  Qvar|
+-+-----------+-----------+-----------+----------------+-----------+--------+-----+----+------+
|x|          4|         11|        141|     26081.39000|          1|00:01:34|   NA|  NA|    NA|
|x|         37|         11|        181|     26147.66000|          2|00:01:38|-0.14|0.43|1.1408|
|x|         46|         11|        181|     26149.71333|          3|00:01:37|-0.06|0.29|1.0405|
|x|         15|         11|        181|     26157.56000|          4|00:01:29|+0.00|0.25|0.9294|
|x|         48|         11|        124|     26143.03200|          5|00:01:33|+0.02|0.22|0.8819|
|x|          7|         11|        124|     26136.09667|          6|00:01:39|+0.03|0.19|0.8503|
|x|         44|         11|        124|     26146.33286|          7|00:01:43|-0.05|0.10|0.9279|
|x|         39|         11|        124|     26154.07000|          8|00:01:44|-0.06|0.07|0.9437|
|x|         29|         11|        124|     26159.44111|          9|00:01:43|-0.05|0.07|0.9416|
|=|         27|         11|        124|     26158.91700|         10|00:01:27|-0.04|0.06|0.9298|
|x|         23|         11|        188|     26181.63455|         11|00:01:42|-0.04|0.06|0.9326|
|x|         25|         11|        124|     26166.43583|         12|00:01:32|-0.05|0.04|0.9420|
|x|         36|         11|        188|     26186.10154|         13|00:01:45|-0.05|0.03|0.9480|
|x|         45|         11|        177|     26177.69286|         14|00:01:32|-0.03|0.04|0.9299|
|x|         31|         11|        188|     26183.25667|         15|00:01:43|-0.03|0.04|0.9346|
|x|         42|         11|        188|     26175.86625|         16|00:01:37|-0.03|0.03|0.9380|
|x|         13|         11|        188|     26182.06471|         17|00:01:34|-0.03|0.03|0.9396|
|x|         32|         11|        188|     26184.54278|         18|00:01:43|-0.03|0.02|0.9374|
|x|          9|         11|        188|     26180.98000|         19|00:01:44|-0.02|0.03|0.9244|
|=|         20|         11|        188|     26175.54350|         20|00:01:38|-0.02|0.03|0.9205|
|x|         24|         11|        188|     26177.02000|         21|00:01:39|-0.02|0.03|0.9242|
|x|         47|         11|        188|     26177.17136|         22|00:01:41|-0.02|0.02|0.9225|
|x|         41|         11|        188|     26179.92957|         23|00:01:33|-0.02|0.02|0.9232|
|x|         22|         11|        188|     26179.78292|         24|00:01:43|-0.01|0.03|0.9196|
|x|          1|         11|        188|     26178.05560|         25|00:01:38|-0.01|0.03|0.9195|
|x|         35|         11|        188|     26180.88346|         26|00:01:43|-0.02|0.02|0.9235|
|x|         38|         11|        188|     26183.06889|         27|00:01:37|-0.02|0.02|0.9287|
|x|         30|         11|        188|     26185.36250|         28|00:01:39|-0.02|0.01|0.9321|
|x|         16|         11|        188|     26185.13759|         29|00:01:42|-0.02|0.01|0.9306|
|=|         43|         11|        220|     26188.71967|         30|00:01:41|-0.02|0.01|0.9293|
|x|         10|         11|        220|     26187.48290|         31|00:01:38|-0.02|0.02|0.9270|
|x|         17|         11|        220|     26186.58344|         32|00:01:42|-0.01|0.02|0.9232|
|x|          6|         11|        220|     26184.73424|         33|00:01:40|-0.01|0.02|0.9197|
|x|          3|         11|        220|     26182.40176|         34|00:01:36|-0.00|0.03|0.9154|
|x|         14|         11|        220|     26186.13514|         35|00:01:36|-0.01|0.02|0.9205|
|x|          2|         11|        220|     26185.49222|         36|00:01:38|-0.01|0.02|0.9195|
|x|         26|         11|        220|     26188.01541|         37|00:01:38|-0.01|0.02|0.9222|
|x|         28|         11|        220|     26189.12974|         38|00:01:42|-0.01|0.01|0.9237|
|x|          8|         11|        188|     26183.61974|         39|00:01:34|-0.01|0.01|0.9238|
|=|         33|         11|        220|     26190.34700|         40|00:01:44|-0.01|0.01|0.9242|
|x|          5|         11|        220|     26188.91902|         41|00:01:43|-0.01|0.01|0.9219|
|x|         19|         11|        220|     26189.69143|         42|00:01:36|-0.01|0.01|0.9224|
|x|         49|         11|        220|     26189.17837|         43|00:01:41|-0.01|0.01|0.9225|
|x|         34|         11|        220|     26188.31659|         44|00:01:41|-0.01|0.01|0.9229|
|x|         40|         11|        220|     26187.85111|         45|00:01:42|-0.01|0.01|0.9226|
|x|         11|         11|        220|     26188.32435|         46|00:01:41|-0.01|0.01|0.9221|
|x|         50|         11|        220|     26187.70936|         47|00:01:41|-0.01|0.01|0.9221|
|x|         18|         11|        220|     26188.63667|         48|00:01:41|-0.01|0.01|0.9220|
|x|         21|         11|        220|     26188.22755|         49|00:01:42|-0.01|0.01|0.9221|
|=|         12|         11|        220|     26187.14680|         50|00:01:38|-0.01|0.01|0.9208|
+-+-----------+-----------+-----------+----------------+-----------+--------+-----+----+------+
Best-so-far configuration:         220    mean value:      26187.14680
Description of the best-so-far configuration:
    .ID. his_len max_attempts .PARENT.
220  220    8620          326      165

# 2025-12-29 21:34:12 GMT: Elite configurations (first number is the configuration ID; listed from best to worst according to the sum of ranks):
    his_len max_attempts
220    8620          326
188    8430          345
144    9287          238
165    8598          333
120    9394          247
47     8844          232
177    9412          246
124    8411          352
181    8477          350
198    9405          247
# 2025-12-29 21:34:12 GMT: Stopped because there is not enough budget left to race more than the minimum (10).
# You may either increase the budget or set 'minNbSurvival' to a lower value.
# Iteration: 5
# nbIterations: 5
# experimentsUsed: 5960
# timeUsed: 0
# remainingBudget: 40
# currentBudget: 40
# number of elites: 10
# nbConfigurations: 10
# Total CPU user time: 646405.8, CPU sys time: 4380.655, Wall-clock time: 19201.67
# 2025-12-29 21:34:12 GMT: Starting post-selection:
# Configurations selected: 220, 188, 144, 165.
# Pending instances: 0, 0, 0, 0.
# 2025-12-29 21:34:12 GMT: seed: 306233798
# Configurations: 4
# Available experiments: 40
# minSurvival: 1
# Markers:
     x No test is performed.
     c Configurations are discarded only due to capping.
     - The test is performed and some configurations are discarded.
     = The test is performed but no configuration is discarded.
     ! The test is performed and configurations could be discarded but elite configurations are preserved.
     . All alive configurations are elite and nothing is discarded.

+-+-----------+-----------+-----------+----------------+-----------+--------+-----+----+------+
| |   Instance|      Alive|       Best|       Mean best| Exp so far|  W time|  rho|KenW|  Qvar|
+-+-----------+-----------+-----------+----------------+-----------+--------+-----+----+------+
|.|         31|          4|        144|     26134.18000|          0|00:00:00|   NA|  NA|    NA|
|.|         13|          4|        144|     26214.45000|          0|00:00:00|-1.00|0.00|1.4501|
|.|         38|          4|        144|     26196.31667|          0|00:00:00|-0.33|0.11|0.8948|
|.|          2|          4|        144|     26204.52500|          0|00:00:00|-0.17|0.12|0.8833|
|.|          5|          4|        144|     26211.72000|          0|00:00:00|-0.06|0.15|0.7742|
|.|         39|          4|        144|     26213.43333|          0|00:00:00|+0.08|0.23|0.6618|
|.|          1|          4|        144|     26205.45000|          0|00:00:00|-0.03|0.12|0.7492|
|.|         32|          4|        144|     26215.92000|          0|00:00:00|-0.01|0.11|0.7325|
|.|         46|          4|        144|     26209.55889|          0|00:00:00|+0.04|0.15|0.7129|
|.|         44|          4|        144|     26200.39300|          0|00:00:00|+0.04|0.13|0.7392|
|.|         16|          4|        144|     26201.09000|          0|00:00:00|+0.01|0.10|0.7543|
|.|         11|          4|        144|     26197.66083|          0|00:00:00|-0.03|0.05|0.7689|
|.|         15|          4|        144|     26197.73000|          0|00:00:00|-0.05|0.03|0.7826|
|.|         18|          4|        144|     26195.65429|          0|00:00:00|-0.05|0.03|0.7814|
|.|         12|          4|        144|     26196.83867|          0|00:00:00|-0.05|0.02|0.7910|
|.|         33|          4|        144|     26193.53313|          0|00:00:00|-0.05|0.01|0.7879|
|.|         22|          4|        144|     26196.19941|          0|00:00:00|-0.04|0.02|0.7926|
|.|         27|          4|        144|     26209.28722|          0|00:00:00|-0.04|0.02|0.7870|
|.|         29|          4|        144|     26208.19211|          0|00:00:00|-0.04|0.02|0.7860|
|.|         25|          4|        144|     26205.52750|          0|00:00:00|-0.04|0.01|0.7873|
|.|         37|          4|        144|     26206.64143|          0|00:00:00|-0.03|0.02|0.7804|
|.|         20|          4|        144|     26204.32545|          0|00:00:00|-0.03|0.02|0.7791|
|.|          6|          4|        144|     26203.58826|          0|00:00:00|-0.02|0.03|0.7706|
|.|          9|          4|        144|     26209.90500|          0|00:00:00|+0.00|0.04|0.7634|
|.|         42|          4|        144|     26212.20720|          0|00:00:00|+0.01|0.05|0.7597|
|.|          7|          4|        144|     26214.95308|          0|00:00:00|+0.01|0.05|0.7553|
|.|         35|          4|        144|     26211.81778|          0|00:00:00|-0.00|0.03|0.7626|
|.|         10|          4|        144|     26209.69964|          0|00:00:00|-0.01|0.03|0.7660|
|.|         23|          4|        144|     26208.48552|          0|00:00:00|+0.00|0.03|0.7610|
|.|         47|          4|        144|     26207.68867|          0|00:00:00|+0.00|0.04|0.7599|
|.|         34|          4|        144|     26209.85968|          0|00:00:00|+0.01|0.04|0.7544|
|.|         36|          4|        144|     26210.08187|          0|00:00:00|+0.02|0.05|0.7480|
|.|          3|          4|        144|     26206.81333|          0|00:00:00|+0.01|0.04|0.7512|
|.|         41|          4|        144|     26204.10882|          0|00:00:00|+0.00|0.03|0.7536|
|.|         28|          4|        144|     26200.97286|          0|00:00:00|-0.01|0.02|0.7596|
|.|         49|          4|        144|     26203.22417|          0|00:00:00|-0.00|0.02|0.7565|
|.|         48|          4|        144|     26207.61162|          0|00:00:00|+0.00|0.03|0.7526|
|.|         50|          4|        144|     26204.57053|          0|00:00:00|-0.01|0.02|0.7564|
|.|         40|          4|        144|     26205.99410|          0|00:00:00|-0.00|0.02|0.7525|
|.|         43|          4|        144|     26204.18650|          0|00:00:00|-0.01|0.02|0.7543|
|.|         26|          4|        144|     26204.32585|          0|00:00:00|-0.01|0.01|0.7578|
|.|         24|          4|        144|     26202.42119|          0|00:00:00|-0.01|0.01|0.7582|
|.|          4|          4|        144|     26202.19186|          0|00:00:00|-0.02|0.01|0.7618|
|.|         21|          4|        144|     26201.41205|          0|00:00:00|-0.02|0.01|0.7617|
|.|         45|          4|        144|     26200.83422|          0|00:00:00|-0.02|0.00|0.7626|
|.|         14|          4|        144|     26201.34370|          0|00:00:00|-0.02|0.00|0.7640|
|.|         19|          4|        144|     26201.75979|          0|00:00:00|-0.02|0.00|0.7634|
|.|         17|          4|        144|     26199.97125|          0|00:00:00|-0.02|0.00|0.7636|
|.|          8|          4|        144|     26201.90143|          0|00:00:00|-0.02|0.01|0.7621|
|.|         30|          4|        144|     26199.91680|          0|00:00:00|-0.02|0.00|0.7635|
|x|         51|          4|        188|     26186.36667|          4|00:01:36|-0.02|0.00|0.7630|
|x|         52|          4|        188|     26187.14231|          8|00:01:46|-0.01|0.01|0.7616|
|x|         53|          4|        188|     26186.71774|         12|00:01:45|-0.01|0.00|0.7613|
|x|         54|          4|        188|     26187.69222|         16|00:01:46|-0.02|0.00|0.7626|
|x|         55|          4|        188|     26188.44018|         20|00:01:53|-0.02|0.00|0.7619|
|x|         56|          4|        188|     26188.63821|         24|00:01:42|-0.02|0.00|0.7625|
|x|         57|          4|        188|     26189.59526|         28|00:01:44|-0.02|0.00|0.7618|
|x|         58|          4|        188|     26188.49069|         32|00:02:05|-0.02|0.00|0.7614|
|x|         59|          4|        188|     26189.43017|         36|00:01:57|-0.02|0.00|0.7620|
|=|         60|          4|        188|     26190.93750|         40|00:01:47|-0.02|0.00|0.7624|
+-+-----------+-----------+-----------+----------------+-----------+--------+-----+----+------+
Best-so-far configuration:         188    mean value:      26190.93750
Description of the best-so-far configuration:
    .ID. his_len max_attempts .PARENT.
188  188    8430          345      165

# 2025-12-29 21:52:18 GMT: Elite configurations (first number is the configuration ID; listed from best to worst according to the sum of ranks):
    his_len max_attempts
188    8430          345
220    8620          326
165    8598          333
144    9287          238
# Total CPU user time: 650439.5, CPU sys time: 4400.144, Wall-clock time: 20287.66
# Best configurations (first number is the configuration ID; listed from best to worst according to the sum of ranks):
    his_len max_attempts
188    8430          345
220    8620          326
165    8598          333
144    9287          238
# Best configurations as commandlines (first number is the configuration ID; listed from best to worst according to the sum of ranks):
188 -his_len 8430 -max_attempts 345
220 -his_len 8620 -max_attempts 326
165 -his_len 8598 -max_attempts 333
144 -his_len 9287 -max_attempts 238


# Testing of elite configurations: 1 
# Testing iteration configurations: FALSE 
# 2025-12-29 21:52:18 GMT: No test instances, skip testing
