Starting irace...
# 2025-12-29 15:53:04 GMT: Reading parameter file '/gpfs/home/e/exx866/IRACE-b-LAHC/all-instances-fine/E-n30-k3-s7-p2/parameters.txt'.
# 2025-12-29 15:53:05 GMT: Read 1 configuration(s) from file '/gpfs/home/e/exx866/IRACE-b-LAHC/all-instances-fine/E-n30-k3-s7-p2/configurations.txt'
# 2025-12-29 15:53:05 GMT: Initialization
# Elitist race
# Elitist new instances: 1
# Elitist limit: 2
# nbIterations: 3
# minNbSurvival: 10
# nbParameters: 2
# seed: 2127222379
# confidence level: 0.95
# budget: 6000
# mu: 10
# deterministic: FALSE

# 2025-12-29 15:53:05 GMT: Iteration 1 of 3
# experimentsUsed: 0
# remainingBudget: 6000
# currentBudget: 2000
# nbConfigurations: 100
# Markers:
     x No test is performed.
     c Configurations are discarded only due to capping.
     - The test is performed and some configurations are discarded.
     = The test is performed but no configuration is discarded.
     ! The test is performed and configurations could be discarded but elite configurations are preserved.
     . All alive configurations are elite and nothing is discarded.

+-+-----------+-----------+-----------+----------------+-----------+--------+-----+----+------+
| |   Instance|      Alive|       Best|       Mean best| Exp so far|  W time|  rho|KenW|  Qvar|
+-+-----------+-----------+-----------+----------------+-----------+--------+-----+----+------+
|x|          1|        100|          1|     569.5400000|        100|00:00:40|   NA|  NA|    NA|
|x|          2|        100|          1|     569.5400000|        200|00:00:40|+1.00|1.00|0.0000|
|x|          3|        100|          1|     569.5400000|        300|00:00:39|+0.00|0.33|0.3300|
|x|          4|        100|          1|     569.5400000|        400|00:00:39|+0.00|0.25|0.2475|
|x|          5|        100|          1|     569.5400000|        500|00:00:39|+0.00|0.20|0.1980|
|x|          6|        100|          1|     569.5400000|        600|00:00:40|+0.00|0.17|0.1650|
|x|          7|        100|          1|     569.5400000|        700|00:00:40|+0.00|0.14|0.1414|
|x|          8|        100|          1|     569.5400000|        800|00:00:41|+0.00|0.12|0.1237|
|x|          9|        100|          1|     569.5400000|        900|00:00:40|-0.00|0.11|0.2204|
|=|         10|        100|          1|     569.5400000|       1000|00:00:35|-0.00|0.10|0.2979|
|x|         11|        100|          1|     569.5400000|       1100|00:00:40|-0.00|0.09|0.2707|
|x|         12|        100|          1|     569.5400000|       1200|00:00:40|-0.00|0.08|0.2481|
|x|         13|        100|          1|     569.5400000|       1300|00:00:36|-0.00|0.07|0.2290|
|x|         14|        100|          1|     569.5400000|       1400|00:00:38|-0.00|0.07|0.2126|
|x|         15|        100|          1|     569.5400000|       1500|00:00:40|-0.00|0.06|0.1984|
|x|         16|        100|          1|     569.5400000|       1600|00:00:37|-0.00|0.06|0.1859|
|x|         17|        100|          1|     569.5400000|       1700|00:00:38|-0.00|0.06|0.1750|
|x|         18|        100|          1|     569.5400000|       1800|00:00:40|-0.00|0.05|0.1653|
|x|         19|        100|          1|     569.5400000|       1900|00:00:38|-0.00|0.05|0.1565|
|=|         20|        100|          1|     569.5400000|       2000|00:00:38|-0.00|0.05|0.1487|
+-+-----------+-----------+-----------+----------------+-----------+--------+-----+----+------+
Best-so-far configuration:           1    mean value:      569.5400000
Description of the best-so-far configuration:
  .ID. his_len max_attempts .PARENT.
1    1    9943          192       NA

# 2025-12-29 16:06:13 GMT: Elite configurations (first number is the configuration ID; listed from best to worst according to the sum of ranks):
   his_len max_attempts
1     9943          192
2     7759          147
3    15186          313
4    11473           64
5     4046          230
6     5903          106
8     9616          354
10   16115          209
11    8688           44
12   12401          127
# 2025-12-29 16:06:13 GMT: Iteration 2 of 3
# experimentsUsed: 2000
# remainingBudget: 4000
# currentBudget: 2000
# nbConfigurations: 73
# Markers:
     x No test is performed.
     c Configurations are discarded only due to capping.
     - The test is performed and some configurations are discarded.
     = The test is performed but no configuration is discarded.
     ! The test is performed and configurations could be discarded but elite configurations are preserved.
     . All alive configurations are elite and nothing is discarded.

+-+-----------+-----------+-----------+----------------+-----------+--------+-----+----+------+
| |   Instance|      Alive|       Best|       Mean best| Exp so far|  W time|  rho|KenW|  Qvar|
+-+-----------+-----------+-----------+----------------+-----------+--------+-----+----+------+
|x|         21|         73|          1|     569.5400000|         73|00:00:23|   NA|  NA|    NA|
|x|         17|         73|          1|     569.5400000|        136|00:00:20|+0.00|0.50|0.4932|
|x|         12|         73|          1|     569.5400000|        199|00:00:19|+0.00|0.33|0.3288|
|x|         13|         73|          1|     569.5400000|        262|00:00:20|+0.00|0.25|0.2466|
|x|         19|         73|          1|     569.5400000|        325|00:00:21|-0.00|0.20|0.3959|
|x|          4|         73|          1|     569.5400000|        388|00:00:20|-0.00|0.16|0.3297|
|x|         16|         73|          1|     569.5400000|        451|00:00:19|-0.00|0.14|0.2825|
|x|          5|         73|          1|     569.5400000|        514|00:00:19|-0.00|0.12|0.2471|
|x|         10|         73|          1|     569.5400000|        577|00:00:21|-0.00|0.11|0.2196|
|=|         15|         73|          1|     569.5400000|        640|00:00:20|-0.00|0.10|0.1976|
|x|          2|         73|          1|     569.5400000|        703|00:00:20|-0.00|0.09|0.1796|
|x|         18|         73|          1|     569.5400000|        766|00:00:20|-0.00|0.08|0.1646|
|x|          6|         73|          1|     569.5400000|        829|00:00:21|-0.00|0.08|0.1519|
|x|         11|         73|          1|     569.5400000|        892|00:00:20|-0.00|0.07|0.1411|
|x|          7|         73|          1|     569.5400000|        955|00:00:21|-0.00|0.07|0.1316|
|x|          1|         73|          1|     569.5400000|       1018|00:00:20|-0.00|0.06|0.1234|
|x|         20|         73|          1|     569.5400000|       1081|00:00:20|-0.00|0.06|0.1161|
|x|          8|         73|          1|     569.5400000|       1144|00:00:21|-0.00|0.05|0.1097|
|x|         14|         73|          1|     569.5400000|       1207|00:00:21|-0.00|0.05|0.1039|
|=|          3|         73|          1|     569.5400000|       1270|00:00:19|-0.00|0.05|0.1482|
|x|          9|         73|          1|     569.5400000|       1333|00:00:20|-0.00|0.05|0.1883|
|x|         22|         73|          1|     569.5400000|       1406|00:00:25|-0.00|0.04|0.1798|
|x|         23|         73|          1|     569.5400000|       1479|00:00:25|-0.00|0.04|0.1719|
|x|         24|         73|          1|     569.5400000|       1552|00:00:25|-0.00|0.04|0.1647|
|x|         25|         73|          1|     569.5400000|       1625|00:00:24|-0.00|0.04|0.1581|
|x|         26|         73|          1|     569.5400000|       1698|00:00:24|-0.00|0.04|0.1520|
|x|         27|         73|          1|     569.5400000|       1771|00:00:25|-0.00|0.04|0.1464|
|x|         28|         73|          1|     569.5400000|       1844|00:00:23|-0.00|0.03|0.1412|
|x|         29|         73|          1|     569.5400000|       1917|00:00:23|-0.00|0.03|0.1363|
|=|         30|         73|          1|     569.5400000|       1990|00:00:25|-0.00|0.03|0.1317|
+-+-----------+-----------+-----------+----------------+-----------+--------+-----+----+------+
Best-so-far configuration:           1    mean value:      569.5400000
Description of the best-so-far configuration:
  .ID. his_len max_attempts .PARENT.
1    1    9943          192       NA

# 2025-12-29 16:17:14 GMT: Elite configurations (first number is the configuration ID; listed from best to worst according to the sum of ranks):
   his_len max_attempts
1     9943          192
2     7759          147
3    15186          313
4    11473           64
5     4046          230
6     5903          106
8     9616          354
10   16115          209
11    8688           44
12   12401          127
# 2025-12-29 16:17:14 GMT: Iteration 3 of 3
# experimentsUsed: 3990
# remainingBudget: 2010
# currentBudget: 2010
# nbConfigurations: 57
# Markers:
     x No test is performed.
     c Configurations are discarded only due to capping.
     - The test is performed and some configurations are discarded.
     = The test is performed but no configuration is discarded.
     ! The test is performed and configurations could be discarded but elite configurations are preserved.
     . All alive configurations are elite and nothing is discarded.

+-+-----------+-----------+-----------+----------------+-----------+--------+-----+----+------+
| |   Instance|      Alive|       Best|       Mean best| Exp so far|  W time|  rho|KenW|  Qvar|
+-+-----------+-----------+-----------+----------------+-----------+--------+-----+----+------+
|x|         31|         57|          1|     569.5400000|         57|00:00:18|   NA|  NA|    NA|
|x|         26|         57|          1|     569.5400000|        104|00:00:13|+0.00|0.50|0.4912|
|x|         15|         57|          1|     569.5400000|        151|00:00:15|+0.00|0.33|0.3275|
|x|          2|         57|          1|     569.5400000|        198|00:00:15|+0.00|0.25|0.2456|
|x|         23|         57|          1|     569.5400000|        245|00:00:14|+0.00|0.20|0.1965|
|x|          5|         57|          1|     569.5400000|        292|00:00:14|+0.00|0.17|0.1637|
|x|          7|         57|          1|     569.5400000|        339|00:00:14|+0.00|0.14|0.1404|
|x|         20|         57|          1|     569.5400000|        386|00:00:14|+0.00|0.12|0.1228|
|x|          3|         57|          1|     569.5400000|        433|00:00:15|+0.00|0.11|0.1092|
|=|          1|         57|          1|     569.5400000|        480|00:00:14|+0.00|0.10|0.0982|
|x|         16|         57|          1|     569.5400000|        527|00:00:15|+0.00|0.09|0.0893|
|x|         14|         57|          1|     569.5400000|        574|00:00:14|+0.00|0.08|0.0819|
|x|         18|         57|          1|     569.5400000|        621|00:00:15|+0.00|0.08|0.0756|
|x|         12|         57|          1|     569.5400000|        668|00:00:14|+0.00|0.07|0.0702|
|x|          4|         57|          1|     569.5400000|        715|00:00:14|+0.00|0.07|0.0655|
|x|         24|         57|          1|     569.5400000|        762|00:00:13|+0.00|0.06|0.0614|
|x|         17|         57|          1|     569.5400000|        809|00:00:15|-0.00|0.06|0.1157|
|x|          8|         57|          1|     569.5400000|        856|00:00:13|-0.00|0.05|0.1093|
|x|         30|         57|          1|     569.5400000|        903|00:00:15|-0.00|0.05|0.1035|
|=|         25|         57|          1|     569.5400000|        950|00:00:15|-0.00|0.05|0.0983|
|x|          6|         57|          1|     569.5400000|        997|00:00:14|-0.00|0.05|0.0937|
|x|         10|         57|          1|     569.5400000|       1044|00:00:14|-0.00|0.04|0.1342|
|x|         27|         57|          1|     569.5400000|       1091|00:00:15|-0.00|0.04|0.1284|
|x|         21|         57|          1|     569.5400000|       1138|00:00:14|-0.00|0.04|0.1230|
|x|         28|         57|          1|     569.5400000|       1185|00:00:15|-0.00|0.04|0.1181|
|x|         13|         57|          1|     569.5400000|       1232|00:00:14|-0.00|0.04|0.1135|
|x|          9|         57|          1|     569.5400000|       1279|00:00:14|-0.00|0.04|0.1093|
|x|         11|         57|          1|     569.5400000|       1326|00:00:14|-0.00|0.03|0.1054|
|x|         29|         57|          1|     569.5400000|       1373|00:00:13|-0.00|0.03|0.1018|
|=|         19|         57|          1|     569.5400000|       1420|00:00:15|-0.00|0.03|0.0984|
|x|         22|         57|          1|     569.5400000|       1467|00:00:13|-0.00|0.03|0.0952|
|x|         32|         57|          1|     569.5400000|       1524|00:00:17|-0.00|0.03|0.0922|
|x|         33|         57|          1|     569.5400000|       1581|00:00:18|-0.00|0.03|0.0894|
|x|         34|         57|          1|     569.5400000|       1638|00:00:18|-0.00|0.03|0.0868|
|x|         35|         57|          1|     569.5400000|       1695|00:00:19|-0.00|0.03|0.0843|
|x|         36|         57|          1|     569.5400000|       1752|00:00:19|-0.00|0.03|0.0820|
|x|         37|         57|          1|     569.5400000|       1809|00:00:17|-0.00|0.03|0.0797|
|x|         38|         57|          1|     569.5400000|       1866|00:00:19|-0.00|0.03|0.0776|
|x|         39|         57|          1|     569.5400000|       1923|00:00:18|-0.00|0.02|0.0756|
|=|         40|         57|          1|     569.5400000|       1980|00:00:18|-0.00|0.02|0.0738|
+-+-----------+-----------+-----------+----------------+-----------+--------+-----+----+------+
Best-so-far configuration:           1    mean value:      569.5400000
Description of the best-so-far configuration:
  .ID. his_len max_attempts .PARENT.
1    1    9943          192       NA

# 2025-12-29 16:27:40 GMT: Elite configurations (first number is the configuration ID; listed from best to worst according to the sum of ranks):
   his_len max_attempts
1     9943          192
2     7759          147
3    15186          313
4    11473           64
5     4046          230
6     5903          106
8     9616          354
10   16115          209
11    8688           44
12   12401          127
# 2025-12-29 16:27:40 GMT: Stopped because there is not enough budget left to race more than the minimum (10).
# You may either increase the budget or set 'minNbSurvival' to a lower value.
# Iteration: 4
# nbIterations: 4
# experimentsUsed: 5970
# timeUsed: 0
# remainingBudget: 30
# currentBudget: 30
# number of elites: 10
# nbConfigurations: 10
# Total CPU user time: 929.003, CPU sys time: 6672.541, Wall-clock time: 2075.403
# 2025-12-29 16:27:40 GMT: Starting post-selection:
# Configurations selected: 1, 2, 3.
# Pending instances: 0, 0, 0.
# 2025-12-29 16:27:40 GMT: seed: 2127222379
# Configurations: 3
# Available experiments: 30
# minSurvival: 1
# Markers:
     x No test is performed.
     c Configurations are discarded only due to capping.
     - The test is performed and some configurations are discarded.
     = The test is performed but no configuration is discarded.
     ! The test is performed and configurations could be discarded but elite configurations are preserved.
     . All alive configurations are elite and nothing is discarded.

+-+-----------+-----------+-----------+----------------+-----------+--------+-----+----+------+
| |   Instance|      Alive|       Best|       Mean best| Exp so far|  W time|  rho|KenW|  Qvar|
+-+-----------+-----------+-----------+----------------+-----------+--------+-----+----+------+
|.|          1|          3|          1|     569.5400000|          0|00:00:00|   NA|  NA|    NA|
|.|         11|          3|          1|     569.5400000|          0|00:00:00|+1.00|1.00|0.0000|
|.|         38|          3|          1|     569.5400000|          0|00:00:00|+1.00|1.00|0.0000|
|.|         28|          3|          1|     569.5400000|          0|00:00:00|+1.00|1.00|0.0000|
|.|         23|          3|          1|     569.5400000|          0|00:00:00|+1.00|1.00|0.0000|
|.|          3|          3|          1|     569.5400000|          0|00:00:00|+1.00|1.00|0.0000|
|.|         17|          3|          1|     569.5400000|          0|00:00:00|+1.00|1.00|0.0000|
|.|         35|          3|          1|     569.5400000|          0|00:00:00|+1.00|1.00|0.0000|
|.|          8|          3|          1|     569.5400000|          0|00:00:00|+1.00|1.00|0.0000|
|.|          6|          3|          1|     569.5400000|          0|00:00:00|+1.00|1.00|0.0000|
|.|          4|          3|          1|     569.5400000|          0|00:00:00|+1.00|1.00|0.0000|
|.|         39|          3|          1|     569.5400000|          0|00:00:00|+1.00|1.00|0.0000|
|.|         31|          3|          1|     569.5400000|          0|00:00:00|+1.00|1.00|0.0000|
|.|         19|          3|          1|     569.5400000|          0|00:00:00|+1.00|1.00|0.0000|
|.|          9|          3|          1|     569.5400000|          0|00:00:00|+1.00|1.00|0.0000|
|.|         20|          3|          1|     569.5400000|          0|00:00:00|+1.00|1.00|0.0000|
|.|         24|          3|          1|     569.5400000|          0|00:00:00|+1.00|1.00|0.0000|
|.|          5|          3|          1|     569.5400000|          0|00:00:00|+1.00|1.00|0.0000|
|.|         29|          3|          1|     569.5400000|          0|00:00:00|+1.00|1.00|0.0000|
|.|          2|          3|          1|     569.5400000|          0|00:00:00|+1.00|1.00|0.0000|
|.|         40|          3|          1|     569.5400000|          0|00:00:00|+1.00|1.00|0.0000|
|.|         37|          3|          1|     569.5400000|          0|00:00:00|+1.00|1.00|0.0000|
|.|         33|          3|          1|     569.5400000|          0|00:00:00|+1.00|1.00|0.0000|
|.|         32|          3|          1|     569.5400000|          0|00:00:00|+1.00|1.00|0.0000|
|.|         16|          3|          1|     569.5400000|          0|00:00:00|+1.00|1.00|0.0000|
|.|         13|          3|          1|     569.5400000|          0|00:00:00|+1.00|1.00|0.0000|
|.|         36|          3|          1|     569.5400000|          0|00:00:00|+1.00|1.00|0.0000|
|.|         12|          3|          1|     569.5400000|          0|00:00:00|+1.00|1.00|0.0000|
|.|         22|          3|          1|     569.5400000|          0|00:00:00|+1.00|1.00|0.0000|
|.|         10|          3|          1|     569.5400000|          0|00:00:00|+1.00|1.00|0.0000|
|.|         25|          3|          1|     569.5400000|          0|00:00:00|+1.00|1.00|0.0000|
|.|         21|          3|          1|     569.5400000|          0|00:00:00|+1.00|1.00|0.0000|
|.|         15|          3|          1|     569.5400000|          0|00:00:00|+1.00|1.00|0.0000|
|.|         18|          3|          1|     569.5400000|          0|00:00:00|+1.00|1.00|0.0000|
|.|         26|          3|          1|     569.5400000|          0|00:00:00|+1.00|1.00|0.0000|
|.|         30|          3|          1|     569.5400000|          0|00:00:00|+1.00|1.00|0.0000|
|.|         34|          3|          1|     569.5400000|          0|00:00:00|+1.00|1.00|0.0000|
|.|         27|          3|          1|     569.5400000|          0|00:00:00|+1.00|1.00|0.0000|
|.|          7|          3|          1|     569.5400000|          0|00:00:00|+1.00|1.00|0.0000|
|.|         14|          3|          1|     569.5400000|          0|00:00:00|+1.00|1.00|0.0000|
|x|         41|          3|          1|     569.5400000|          3|00:00:00|+1.00|1.00|0.0000|
|x|         42|          3|          1|     569.5400000|          6|00:00:00|+1.00|1.00|0.0000|
|x|         43|          3|          1|     569.5400000|          9|00:00:00|+1.00|1.00|0.0000|
|x|         44|          3|          1|     569.5400000|         12|00:00:00|+1.00|1.00|0.0000|
|x|         45|          3|          1|     569.5400000|         15|00:00:00|+1.00|1.00|0.0000|
|x|         46|          3|          1|     569.5400000|         18|00:00:00|+1.00|1.00|0.0000|
|x|         47|          3|          1|     569.5400000|         21|00:00:00|+1.00|1.00|0.0000|
|x|         48|          3|          1|     569.5400000|         24|00:00:00|+1.00|1.00|0.0000|
|x|         49|          3|          1|     569.5400000|         27|00:00:00|+1.00|1.00|0.0000|
|=|         50|          3|          1|     569.5400000|         30|00:00:00|+1.00|1.00|0.0000|
+-+-----------+-----------+-----------+----------------+-----------+--------+-----+----+------+
Best-so-far configuration:           1    mean value:      569.5400000
Description of the best-so-far configuration:
  .ID. his_len max_attempts .PARENT.
1    1    9943          192       NA

# 2025-12-29 16:27:47 GMT: Elite configurations (first number is the configuration ID; listed from best to worst according to the sum of ranks):
  his_len max_attempts
1    9943          192
2    7759          147
3   15186          313
# Total CPU user time: 933.25, CPU sys time: 6691.421, Wall-clock time: 2082.461
# Best configurations (first number is the configuration ID; listed from best to worst according to the sum of ranks):
  his_len max_attempts
1    9943          192
2    7759          147
3   15186          313
# Best configurations as commandlines (first number is the configuration ID; listed from best to worst according to the sum of ranks):
1 -his_len 9943 -max_attempts 192
2 -his_len 7759 -max_attempts 147
3 -his_len 15186 -max_attempts 313


# Testing of elite configurations: 1 
# Testing iteration configurations: FALSE 
# 2025-12-29 16:27:47 GMT: No test instances, skip testing
