Starting irace...
# 2025-12-29 16:14:10 GMT: Reading parameter file '/gpfs/home/e/exx866/IRACE-b-LAHC/all-instances-fine/X-n577-k30-s4/parameters.txt'.
# 2025-12-29 16:14:10 GMT: Read 1 configuration(s) from file '/gpfs/home/e/exx866/IRACE-b-LAHC/all-instances-fine/X-n577-k30-s4/configurations.txt'
# 2025-12-29 16:14:11 GMT: Initialization
# Elitist race
# Elitist new instances: 1
# Elitist limit: 2
# nbIterations: 3
# minNbSurvival: 10
# nbParameters: 2
# seed: 1410126038
# confidence level: 0.95
# budget: 6000
# mu: 10
# deterministic: FALSE

# 2025-12-29 16:14:11 GMT: Iteration 1 of 3
# experimentsUsed: 0
# remainingBudget: 6000
# currentBudget: 2000
# nbConfigurations: 100
# Markers:
     x No test is performed.
     c Configurations are discarded only due to capping.
     - The test is performed and some configurations are discarded.
     = The test is performed but no configuration is discarded.
     ! The test is performed and configurations could be discarded but elite configurations are preserved.
     . All alive configurations are elite and nothing is discarded.

+-+-----------+-----------+-----------+----------------+-----------+--------+-----+----+------+
| |   Instance|      Alive|       Best|       Mean best| Exp so far|  W time|  rho|KenW|  Qvar|
+-+-----------+-----------+-----------+----------------+-----------+--------+-----+----+------+
|x|          1|        100|         30|     51082.82000|        100|00:03:39|   NA|  NA|    NA|
|x|          2|        100|         98|     51073.62500|        200|00:03:40|-0.07|0.47|1.0077|
|x|          3|        100|         98|     51101.92333|        300|00:04:19|+0.03|0.36|0.9310|
|x|          4|        100|          2|     51133.29750|        400|00:03:05|+0.01|0.26|0.9741|
|x|          5|        100|         95|     51142.48000|        500|00:03:51|+0.03|0.22|0.9597|
|x|          6|        100|         95|     51142.05500|        600|00:04:34|+0.01|0.17|0.9687|
|x|          7|        100|         95|     51142.18000|        700|00:04:11|+0.01|0.15|0.9733|
|x|          8|        100|         95|     51142.86000|        800|00:04:17|+0.01|0.13|0.9825|
|x|          9|        100|         95|     51153.26000|        900|00:04:52|+0.00|0.11|0.9884|
|=|         10|        100|         78|     51138.94200|       1000|00:04:21|-0.00|0.10|0.9925|
|x|         11|        100|         39|     51145.99545|       1100|00:04:24|+0.00|0.09|0.9862|
|x|         12|        100|         95|     51150.75000|       1200|00:03:38|+0.00|0.08|0.9895|
|x|         13|        100|         95|     51151.81462|       1300|00:04:15|+0.01|0.08|0.9829|
|x|         14|        100|         95|     51155.94071|       1400|00:03:33|+0.01|0.08|0.9809|
|x|         15|        100|         95|     51163.10533|       1500|00:03:56|+0.01|0.07|0.9858|
|x|         16|        100|         19|     51162.32500|       1600|00:04:25|+0.00|0.06|0.9901|
|x|         17|        100|         89|     51167.15059|       1700|00:03:26|+0.00|0.06|0.9928|
|x|         18|        100|         89|     51167.68389|       1800|00:03:49|-0.00|0.05|0.9943|
|x|         19|        100|         89|     51166.84211|       1900|00:03:36|+0.00|0.06|0.9912|
|=|         20|        100|         89|     51166.48400|       2000|00:04:12|+0.00|0.05|0.9897|
+-+-----------+-----------+-----------+----------------+-----------+--------+-----+----+------+
Best-so-far configuration:          89    mean value:      51166.48400
Description of the best-so-far configuration:
   .ID. his_len max_attempts .PARENT.
89   89    4996          206       NA

# 2025-12-29 17:34:25 GMT: Elite configurations (first number is the configuration ID; listed from best to worst according to the sum of ranks):
   his_len max_attempts
89    4996          206
19    5057          162
82    4668          251
39    5262          235
1     5239          220
46    5426          198
48    4770          167
67    4586          195
27    5221          275
90    5487          214
# 2025-12-29 17:34:25 GMT: Iteration 2 of 3
# experimentsUsed: 2000
# remainingBudget: 4000
# currentBudget: 2000
# nbConfigurations: 73
# Markers:
     x No test is performed.
     c Configurations are discarded only due to capping.
     - The test is performed and some configurations are discarded.
     = The test is performed but no configuration is discarded.
     ! The test is performed and configurations could be discarded but elite configurations are preserved.
     . All alive configurations are elite and nothing is discarded.

+-+-----------+-----------+-----------+----------------+-----------+--------+-----+----+------+
| |   Instance|      Alive|       Best|       Mean best| Exp so far|  W time|  rho|KenW|  Qvar|
+-+-----------+-----------+-----------+----------------+-----------+--------+-----+----+------+
|x|         21|         73|        123|     51034.71000|         73|00:03:23|   NA|  NA|    NA|
|x|         13|         73|        125|     51094.21500|        136|00:03:23|-0.02|0.49|1.0250|
|x|          1|         73|         89|     51114.57667|        199|00:02:52|+0.06|0.37|0.9399|
|x|         11|         73|         39|     51106.12000|        262|00:04:44|+0.10|0.33|0.9113|
|x|          2|         73|         39|     51120.37000|        325|00:04:05|+0.06|0.24|0.9351|
|x|         17|         73|         39|     51132.45500|        388|00:02:28|+0.06|0.22|0.9315|
|x|         12|         73|        125|     51150.13571|        451|00:02:53|+0.04|0.18|0.9544|
|x|         19|         73|         46|     51141.79375|        514|00:02:46|+0.05|0.17|0.9504|
|x|         16|         73|        119|     51139.66889|        577|00:03:22|+0.03|0.14|0.9634|
|-|         18|         35|        119|     51135.32000|        640|00:03:02|-0.02|0.08|0.9955|
|x|          9|         35|        119|     51139.18091|        665|00:05:06|-0.03|0.07|0.9953|
|x|         10|         35|        119|     51133.30750|        690|00:03:55|-0.01|0.07|0.9797|
|x|          3|         35|        119|     51143.57615|        715|00:04:36|-0.02|0.06|0.9884|
|x|         15|         35|        119|     51144.97214|        740|00:04:14|-0.03|0.04|0.9986|
|x|          6|         35|        119|     51154.81000|        765|00:06:10|-0.03|0.04|0.9985|
|x|          7|         35|        119|     51157.80437|        790|00:04:06|-0.03|0.04|0.9966|
|x|          5|         35|        119|     51158.04647|        815|00:03:38|-0.03|0.03|0.9986|
|x|         20|         35|        119|     51157.31667|        840|00:04:45|-0.02|0.03|0.9887|
|x|         14|         35|        119|     51161.28368|        865|00:03:17|-0.02|0.03|0.9919|
|=|          8|         35|        119|     51154.11650|        890|00:03:53|-0.02|0.03|0.9866|
|x|          4|         35|        119|     51155.85619|        915|00:02:58|-0.02|0.03|0.9819|
|x|         22|         35|         89|     51163.28455|        950|00:04:23|-0.01|0.03|0.9824|
|x|         23|         35|         89|     51166.38870|        985|00:03:39|-0.01|0.03|0.9816|
|x|         24|         35|         89|     51168.02625|       1020|00:04:07|-0.01|0.03|0.9814|
|x|         25|         35|        122|     51165.55080|       1055|00:04:25|-0.01|0.03|0.9783|
|x|         26|         35|        122|     51167.59769|       1090|00:02:54|-0.01|0.03|0.9780|
|x|         27|         35|        122|     51165.80185|       1125|00:03:44|-0.01|0.03|0.9767|
|x|         28|         35|         19|     51169.22821|       1160|00:04:14|-0.00|0.03|0.9744|
|x|         29|         35|        122|     51165.21552|       1195|00:03:54|-0.00|0.03|0.9740|
|=|         30|         35|        122|     51166.83633|       1230|00:03:22|-0.00|0.03|0.9751|
|x|         31|         35|        122|     51165.27355|       1265|00:05:41|-0.00|0.03|0.9715|
|x|         32|         35|        122|     51165.62750|       1300|00:02:55|-0.00|0.03|0.9721|
|x|         33|         35|        122|     51167.95182|       1335|00:03:40|-0.00|0.03|0.9729|
|x|         34|         35|        122|     51165.89529|       1370|00:03:32|+0.00|0.03|0.9686|
|x|         35|         35|         27|     51168.21429|       1405|00:03:43|+0.00|0.03|0.9696|
|x|         36|         35|         27|     51166.48750|       1440|00:04:03|+0.00|0.03|0.9661|
|x|         37|         35|         27|     51170.06135|       1475|00:03:42|+0.00|0.03|0.9668|
|x|         38|         35|        122|     51170.38289|       1510|00:02:56|+0.01|0.03|0.9661|
|x|         39|         35|         19|     51171.70436|       1545|00:03:45|+0.01|0.03|0.9671|
|=|         40|         35|         19|     51173.49775|       1580|00:04:02|+0.01|0.03|0.9663|
+-+-----------+-----------+-----------+----------------+-----------+--------+-----+----+------+
Best-so-far configuration:          19    mean value:      51173.49775
Description of the best-so-far configuration:
   .ID. his_len max_attempts .PARENT.
19   19    5057          162       NA

# 2025-12-29 20:07:06 GMT: Elite configurations (first number is the configuration ID; listed from best to worst according to the sum of ranks):
    his_len max_attempts
19     5057          162
126    5125          240
122    5215          249
125    5295          213
27     5221          275
119    5182          167
90     5487          214
1      5239          220
46     5426          198
107    5199          221
# 2025-12-29 20:07:06 GMT: Iteration 3 of 3
# experimentsUsed: 3580
# remainingBudget: 2420
# currentBudget: 2420
# nbConfigurations: 56
# Markers:
     x No test is performed.
     c Configurations are discarded only due to capping.
     - The test is performed and some configurations are discarded.
     = The test is performed but no configuration is discarded.
     ! The test is performed and configurations could be discarded but elite configurations are preserved.
     . All alive configurations are elite and nothing is discarded.

+-+-----------+-----------+-----------+----------------+-----------+--------+-----+----+------+
| |   Instance|      Alive|       Best|       Mean best| Exp so far|  W time|  rho|KenW|  Qvar|
+-+-----------+-----------+-----------+----------------+-----------+--------+-----+----+------+
|x|         41|         56|        205|     51029.29000|         56|00:03:55|   NA|  NA|    NA|
|x|          4|         56|        178|     51097.92500|        102|00:02:46|+0.06|0.53|0.9049|
|x|          2|         56|        178|     51131.38667|        148|00:03:50|+0.04|0.36|0.9698|
|x|          5|         56|        171|     51141.01000|        194|00:03:17|+0.03|0.27|0.9694|
|x|         28|         56|        171|     51143.71600|        240|00:03:57|+0.02|0.22|0.9641|
|x|         24|         56|        207|     51142.04833|        286|00:03:38|+0.03|0.19|0.9580|
|x|         11|         56|        181|     51144.44571|        332|00:04:11|+0.04|0.17|0.9611|
|x|          9|         56|        181|     51146.55750|        378|00:03:33|+0.03|0.15|0.9707|
|x|         31|         56|        181|     51141.54889|        424|00:03:28|+0.02|0.13|0.9805|
|=|         25|         56|        181|     51150.12600|        470|00:04:19|+0.02|0.12|0.9779|
|x|          7|         56|        171|     51152.96091|        516|00:04:06|+0.03|0.11|0.9690|
|x|         12|         56|        174|     51160.67833|        562|00:03:06|+0.02|0.10|0.9726|
|x|         14|         56|         27|     51152.99385|        608|00:03:45|+0.01|0.09|0.9800|
|x|         29|         56|         27|     51151.36214|        654|00:04:39|+0.02|0.09|0.9736|
|x|         37|         56|        174|     51162.18800|        700|00:04:18|+0.01|0.07|0.9808|
|x|         19|         56|        174|     51167.26125|        746|00:03:40|+0.01|0.07|0.9801|
|x|         18|         56|         27|     51165.68588|        792|00:03:11|+0.01|0.07|0.9744|
|x|         13|         56|         27|     51160.58000|        838|00:04:15|+0.02|0.07|0.9713|
|x|         32|         56|         27|     51158.74526|        884|00:03:09|+0.02|0.07|0.9666|
|-|         36|         31|         27|     51156.11050|        930|00:03:33|-0.03|0.02|0.9925|
|x|         40|         31|         27|     51155.02762|        951|00:05:46|-0.02|0.03|0.9874|
|x|         23|         31|         27|     51155.80091|        972|00:04:01|-0.02|0.03|0.9833|
|x|         26|         31|         27|     51154.27348|        993|00:03:45|-0.02|0.03|0.9820|
|x|         17|         31|         27|     51160.03250|       1014|00:03:09|-0.02|0.03|0.9793|
|x|         39|         31|        204|     51166.58680|       1035|00:05:33|-0.01|0.03|0.9791|
|x|          1|         31|        204|     51166.04192|       1056|00:03:59|-0.01|0.02|0.9799|
|x|         21|         31|        204|     51165.78074|       1077|00:04:26|-0.01|0.02|0.9799|
|x|         30|         31|        125|     51169.54179|       1098|00:03:52|-0.01|0.02|0.9786|
|x|         34|         31|        204|     51168.20690|       1119|00:05:55|-0.01|0.02|0.9759|
|=|         22|         31|        204|     51171.62700|       1140|00:03:08|-0.01|0.02|0.9769|
|x|         35|         31|        204|     51169.63871|       1161|00:04:19|-0.01|0.02|0.9748|
|x|          6|         31|        125|     51171.16500|       1182|00:06:18|-0.01|0.03|0.9721|
|x|         27|         31|        204|     51167.88182|       1203|00:04:45|-0.00|0.03|0.9696|
|x|         33|         31|        204|     51169.14882|       1224|00:05:46|-0.00|0.03|0.9699|
|x|          3|         31|        204|     51169.81571|       1245|00:03:56|-0.00|0.03|0.9678|
|x|         10|         31|        204|     51169.65222|       1266|00:05:36|-0.00|0.03|0.9686|
|x|          8|         31|         27|     51168.80784|       1287|00:03:40|-0.00|0.03|0.9677|
|x|         20|         31|         27|     51168.72974|       1308|00:04:10|+0.00|0.03|0.9656|
|x|         38|         31|         27|     51171.21692|       1329|00:04:14|+0.00|0.03|0.9645|
|=|         16|         31|        125|     51172.97950|       1350|00:05:47|+0.00|0.03|0.9662|
|x|         15|         31|        204|     51174.00268|       1371|00:04:55|+0.00|0.03|0.9654|
|x|         42|         31|        204|     51171.80952|       1402|00:03:13|-0.00|0.02|0.9672|
|x|         43|         31|        204|     51172.75349|       1433|00:04:14|-0.00|0.02|0.9691|
|x|         44|         31|        204|     51174.33864|       1464|00:02:45|-0.00|0.02|0.9680|
|x|         45|         31|        204|     51174.02822|       1495|00:02:55|-0.00|0.02|0.9695|
|x|         46|         31|        204|     51173.61870|       1526|00:05:18|-0.00|0.02|0.9692|
|x|         47|         31|        204|     51173.66319|       1557|00:03:56|-0.00|0.02|0.9693|
|x|         48|         31|        204|     51174.24313|       1588|00:03:31|-0.00|0.02|0.9696|
|x|         49|         31|        204|     51174.38592|       1619|00:03:19|-0.00|0.02|0.9694|
|=|         50|         31|        204|     51174.94360|       1650|00:03:59|-0.00|0.02|0.9691|
|x|         51|         31|        204|     51173.43863|       1681|00:03:50|-0.00|0.02|0.9681|
|x|         52|         31|        204|     51175.17846|       1712|00:03:47|-0.00|0.02|0.9681|
|x|         53|         31|        204|     51176.36736|       1743|00:04:10|-0.00|0.02|0.9690|
|x|         54|         31|        204|     51174.42593|       1774|00:03:21|+0.00|0.02|0.9670|
|x|         55|         31|        125|     51175.42418|       1805|00:03:32|+0.00|0.02|0.9678|
|x|         56|         31|        204|     51175.44500|       1836|00:03:28|+0.00|0.02|0.9664|
|x|         57|         31|        204|     51175.13912|       1867|00:03:39|+0.00|0.02|0.9668|
|x|         58|         31|        204|     51175.46776|       1898|00:03:42|+0.00|0.02|0.9675|
|x|         59|         31|        204|     51176.05847|       1929|00:03:22|+0.00|0.02|0.9667|
|=|         60|         31|        204|     51176.53750|       1960|00:03:00|+0.00|0.02|0.9660|
+-+-----------+-----------+-----------+----------------+-----------+--------+-----+----+------+
Best-so-far configuration:         204    mean value:      51176.53750
Description of the best-so-far configuration:
    .ID. his_len max_attempts .PARENT.
204  204    5244          248      122

# 2025-12-30 00:08:16 GMT: Elite configurations (first number is the configuration ID; listed from best to worst according to the sum of ranks):
    his_len max_attempts
204    5244          248
125    5295          213
19     5057          162
122    5215          249
126    5125          240
181    5480          213
171    5330          212
90     5487          214
207    5128          238
189    5236          274
# 2025-12-30 00:08:16 GMT: Iteration 4 of 4
# experimentsUsed: 5540
# remainingBudget: 460
# currentBudget: 460
# nbConfigurations: 15
# Markers:
     x No test is performed.
     c Configurations are discarded only due to capping.
     - The test is performed and some configurations are discarded.
     = The test is performed but no configuration is discarded.
     ! The test is performed and configurations could be discarded but elite configurations are preserved.
     . All alive configurations are elite and nothing is discarded.

+-+-----------+-----------+-----------+----------------+-----------+--------+-----+----+------+
| |   Instance|      Alive|       Best|       Mean best| Exp so far|  W time|  rho|KenW|  Qvar|
+-+-----------+-----------+-----------+----------------+-----------+--------+-----+----+------+
|x|         61|         15|        204|     51052.95000|         15|00:03:53|   NA|  NA|    NA|
|x|         40|         15|        204|     51119.67000|         20|00:04:39|+0.16|0.58|0.8049|
|x|         23|         15|        125|     51110.97667|         25|00:04:05|-0.05|0.30|0.9339|
|x|         13|         15|        125|     51097.91500|         30|00:08:08|+0.12|0.34|0.7968|
|x|          1|         15|        204|     51144.52800|         35|00:02:51|-0.00|0.20|0.9067|
|x|         29|         15|        122|     51141.68167|         40|00:02:21|-0.05|0.13|0.9712|
|x|         21|         15|        122|     51142.66857|         45|00:02:33|-0.04|0.11|0.9483|
|x|         45|         15|        122|     51158.45375|         50|00:02:11|-0.04|0.09|0.9553|
|x|         11|         15|        122|     51149.44000|         55|00:04:31|-0.01|0.10|0.9371|
|=|          5|         15|        122|     51156.07300|         60|00:04:52|-0.03|0.07|0.9536|
|x|         35|         15|        204|     51158.15818|         65|00:03:29|-0.04|0.06|0.9627|
|x|         17|         15|        204|     51161.61417|         70|00:01:59|-0.02|0.06|0.9503|
|x|         28|         15|        181|     51158.84846|         75|00:05:45|-0.03|0.05|0.9572|
|x|         18|         15|        181|     51155.59714|         80|00:04:24|-0.01|0.06|0.9411|
|x|          2|         15|        181|     51155.11867|         85|00:03:39|-0.00|0.06|0.9353|
|x|         56|         15|        204|     51166.52250|         90|00:06:01|+0.00|0.07|0.9296|
|x|         32|         15|        204|     51160.98176|         95|00:02:44|-0.00|0.06|0.9297|
|x|         15|         15|        204|     51158.03167|        100|00:03:29|-0.00|0.05|0.9344|
|x|         24|         15|        204|     51158.74105|        105|00:02:37|+0.00|0.05|0.9289|
|=|         47|         15|        204|     51159.58950|        110|00:03:43|-0.00|0.05|0.9342|
|x|         26|         15|        204|     51157.80714|        115|00:05:25|+0.00|0.05|0.9336|
|x|         60|         15|        204|     51159.94318|        120|00:06:20|-0.00|0.05|0.9322|
|x|         42|         15|        204|     51156.54957|        125|00:03:21|+0.00|0.05|0.9304|
|x|         49|         15|        204|     51157.57833|        130|00:04:10|+0.01|0.05|0.9237|
|x|          3|         15|        204|     51158.97480|        135|00:04:08|+0.00|0.04|0.9276|
|x|         37|         15|        204|     51160.35038|        140|00:04:40|+0.01|0.05|0.9233|
|x|         34|         15|        204|     51159.89037|        145|00:05:30|+0.01|0.05|0.9212|
|x|         41|         15|        204|     51157.80607|        150|00:04:54|+0.01|0.05|0.9192|
|x|         48|         15|        204|     51159.31276|        155|00:06:35|+0.02|0.05|0.9160|
|=|          7|         15|        204|     51159.21967|        160|00:08:10|+0.01|0.05|0.9205|
|x|         12|         15|        204|     51160.02419|        165|00:04:39|+0.02|0.05|0.9178|
|x|         52|         15|        204|     51163.27062|        170|00:04:56|+0.01|0.04|0.9199|
|x|         14|         15|        204|     51162.63939|        175|00:02:11|+0.01|0.04|0.9223|
|x|          4|         15|        204|     51164.50706|        180|00:01:57|+0.01|0.03|0.9269|
|x|         36|         15|        204|     51165.51943|        185|00:02:43|+0.00|0.03|0.9282|
|x|         22|         15|        204|     51168.44417|        190|00:06:03|+0.00|0.03|0.9322|
|x|         39|         15|        204|     51167.53973|        195|00:05:46|+0.00|0.03|0.9328|
|x|         50|         15|        204|     51168.45368|        200|00:05:48|+0.00|0.03|0.9342|
|x|         38|         15|        204|     51170.87026|        205|00:02:11|+0.00|0.03|0.9316|
|=|         43|         15|        204|     51171.90850|        210|00:04:43|+0.00|0.03|0.9300|
|x|         10|         15|        204|     51171.71390|        215|00:08:41|+0.01|0.03|0.9293|
|x|         27|         15|        204|     51169.66214|        220|00:02:45|+0.01|0.03|0.9289|
|x|         19|         15|        204|     51171.36791|        225|00:02:07|+0.01|0.03|0.9291|
|x|         16|         15|        204|     51174.24932|        230|00:02:39|+0.01|0.03|0.9279|
|x|         20|         15|        204|     51172.91578|        235|00:07:35|+0.01|0.04|0.9246|
|x|         30|         15|        204|     51174.67826|        240|00:07:47|+0.01|0.03|0.9278|
|x|         53|         15|        204|     51176.02957|        245|00:03:48|+0.01|0.03|0.9286|
|x|          6|         15|        204|     51176.44063|        250|00:07:52|+0.01|0.03|0.9249|
|x|         57|         15|        204|     51176.06449|        255|00:04:53|+0.01|0.03|0.9260|
|=|         33|         15|        204|     51176.76240|        260|00:06:28|+0.01|0.03|0.9262|
|x|         31|         15|        204|     51177.05392|        265|00:04:16|+0.01|0.03|0.9249|
|x|         54|         15|        204|     51175.02462|        270|00:06:53|+0.01|0.03|0.9249|
|x|         46|         15|        204|     51174.65038|        275|00:04:12|+0.01|0.03|0.9250|
|x|         25|         15|        204|     51172.58667|        280|00:04:39|+0.01|0.03|0.9243|
|x|         58|         15|        204|     51172.97964|        285|00:03:49|+0.01|0.03|0.9262|
|x|          9|         15|        204|     51171.08911|        290|00:02:42|+0.01|0.03|0.9243|
|x|         59|         15|        204|     51171.77737|        295|00:02:17|+0.01|0.03|0.9241|
|x|         44|         15|        204|     51172.99672|        300|00:03:44|+0.01|0.03|0.9216|
|x|          8|         15|        204|     51174.19441|        305|00:06:29|+0.01|0.03|0.9217|
|=|         55|         15|        204|     51175.78350|        310|00:07:17|+0.01|0.03|0.9233|
|x|         51|         15|        204|     51174.51148|        315|00:07:27|+0.01|0.03|0.9211|
|x|         62|         15|        204|     51174.27581|        330|00:04:14|+0.01|0.03|0.9215|
|x|         63|         15|        204|     51174.26889|        345|00:02:51|+0.01|0.03|0.9212|
|x|         64|         15|        204|     51173.27203|        360|00:04:19|+0.02|0.03|0.9189|
|x|         65|         15|        204|     51174.69123|        375|00:02:53|+0.01|0.03|0.9202|
|x|         66|         15|        204|     51173.36803|        390|00:03:40|+0.01|0.03|0.9195|
|x|         67|         15|        204|     51172.71940|        405|00:03:42|+0.01|0.03|0.9213|
|x|         68|         15|        204|     51173.69735|        420|00:02:56|+0.01|0.03|0.9211|
|x|         69|         15|        204|     51176.45406|        435|00:05:00|+0.01|0.03|0.9223|
|=|         70|         15|        204|     51178.26243|        450|00:05:48|+0.01|0.02|0.9243|
+-+-----------+-----------+-----------+----------------+-----------+--------+-----+----+------+
Best-so-far configuration:         204    mean value:      51178.26243
Description of the best-so-far configuration:
    .ID. his_len max_attempts .PARENT.
204  204    5244          248      122

# 2025-12-30 05:24:40 GMT: Elite configurations (first number is the configuration ID; listed from best to worst according to the sum of ranks):
    his_len max_attempts
204    5244          248
181    5480          213
125    5295          213
122    5215          249
207    5128          238
90     5487          214
189    5236          274
214    5486          214
19     5057          162
171    5330          212
# 2025-12-30 05:24:40 GMT: Stopped because there is not enough budget left to race more than the minimum (10).
# You may either increase the budget or set 'minNbSurvival' to a lower value.
# Iteration: 5
# nbIterations: 5
# experimentsUsed: 5990
# timeUsed: 0
# remainingBudget: 10
# currentBudget: 10
# number of elites: 10
# nbConfigurations: 10
# Total CPU user time: 1022061, CPU sys time: 3889.227, Wall-clock time: 47430.09
# Best configurations (first number is the configuration ID; listed from best to worst according to the sum of ranks):
    his_len max_attempts
204    5244          248
181    5480          213
125    5295          213
122    5215          249
207    5128          238
90     5487          214
189    5236          274
214    5486          214
19     5057          162
171    5330          212
# Best configurations as commandlines (first number is the configuration ID; listed from best to worst according to the sum of ranks):
204 -his_len 5244 -max_attempts 248
181 -his_len 5480 -max_attempts 213
125 -his_len 5295 -max_attempts 213
122 -his_len 5215 -max_attempts 249
207 -his_len 5128 -max_attempts 238
90  -his_len 5487 -max_attempts 214
189 -his_len 5236 -max_attempts 274
214 -his_len 5486 -max_attempts 214
19  -his_len 5057 -max_attempts 162
171 -his_len 5330 -max_attempts 212


# Testing of elite configurations: 1 
# Testing iteration configurations: FALSE 
# 2025-12-30 05:24:40 GMT: No test instances, skip testing
