Starting irace...
# 2025-12-26 13:34:57 GMT: Reading parameter file '/gpfs/home/e/exx866/IRACE-b-LAHC/all-instances-rough/E-n35-k3-s5/parameters.txt'.
# 2025-12-26 13:34:57 GMT: Read 1 configuration(s) from file '/gpfs/home/e/exx866/IRACE-b-LAHC/all-instances-rough/E-n35-k3-s5/configurations.txt'
# 2025-12-26 13:34:58 GMT: Initialization
# Elitist race
# Elitist new instances: 1
# Elitist limit: 2
# nbIterations: 3
# minNbSurvival: 10
# nbParameters: 2
# seed: 986913236
# confidence level: 0.95
# budget: 3500
# mu: 10
# deterministic: FALSE

# 2025-12-26 13:34:58 GMT: Iteration 1 of 3
# experimentsUsed: 0
# remainingBudget: 3500
# currentBudget: 1166
# nbConfigurations: 58
# Markers:
     x No test is performed.
     c Configurations are discarded only due to capping.
     - The test is performed and some configurations are discarded.
     = The test is performed but no configuration is discarded.
     ! The test is performed and configurations could be discarded but elite configurations are preserved.
     . All alive configurations are elite and nothing is discarded.

+-+-----------+-----------+-----------+----------------+-----------+--------+-----+----+------+
| |   Instance|      Alive|       Best|       Mean best| Exp so far|  W time|  rho|KenW|  Qvar|
+-+-----------+-----------+-----------+----------------+-----------+--------+-----+----+------+
|x|          1|         58|          1|     514.9200000|         58|00:00:54|   NA|  NA|    NA|
|x|          2|         58|          1|     514.9200000|        116|00:00:41|+0.00|0.50|0.4914|
|x|          3|         58|          1|     514.9200000|        174|00:00:39|+0.00|0.33|0.3276|
|x|          4|         58|          1|     514.9200000|        232|00:00:38|+0.15|0.36|0.4983|
|x|          5|         58|          1|     514.9200000|        290|00:00:41|+0.11|0.29|0.3973|
|x|          6|         58|          1|     514.9200000|        348|00:00:42|+0.09|0.24|0.3304|
|x|          7|         58|          1|     514.9200000|        406|00:00:41|+0.07|0.21|0.2828|
|x|          8|         58|          1|     514.9200000|        464|00:00:41|+0.06|0.18|0.2472|
|x|          9|         58|          1|     514.9200000|        522|00:00:40|+0.06|0.16|0.2196|
|-|         10|         34|          1|     514.9200000|        580|00:00:41|+0.08|0.17|0.2939|
|x|         11|         34|          1|     514.9200000|        614|00:00:27|+0.08|0.16|0.3483|
|x|         12|         34|          1|     514.9200000|        648|00:00:16|+0.12|0.20|0.3918|
|x|         13|         34|          1|     514.9200000|        682|00:00:16|+0.17|0.23|0.4185|
|x|         14|         34|          1|     514.9200000|        716|00:00:16|+0.20|0.26|0.4402|
|x|         15|         34|          1|     514.9200000|        750|00:00:16|+0.16|0.22|0.4797|
|x|         16|         34|          1|     514.9200000|        784|00:00:16|+0.19|0.24|0.4909|
|x|         17|         34|          1|     514.9200000|        818|00:00:16|+0.18|0.23|0.4652|
|x|         18|         34|          1|     514.9200000|        852|00:00:16|+0.17|0.22|0.4421|
|x|         19|         34|          1|     514.9200000|        886|00:00:16|+0.16|0.21|0.4775|
|-|         20|         19|          1|     514.9200000|        920|00:00:16|+0.06|0.10|0.5132|
|x|         21|         19|          1|     514.9200000|        939|00:00:17|+0.05|0.10|0.4891|
|x|         22|         19|          1|     514.9200000|        958|00:00:22|+0.05|0.09|0.4672|
|x|         23|         19|          1|     514.9200000|        977|00:00:20|+0.05|0.09|0.4472|
|x|         24|         19|          1|     514.9200000|        996|00:00:20|+0.05|0.09|0.4288|
|x|         25|         19|          1|     514.9200000|       1015|00:00:20|+0.04|0.08|0.4119|
|x|         26|         19|          1|     514.9200000|       1034|00:00:21|+0.04|0.08|0.3962|
|x|         27|         19|          1|     514.9200000|       1053|00:00:20|+0.04|0.08|0.3817|
|x|         28|         19|          1|     514.9200000|       1072|00:00:19|+0.04|0.07|0.3682|
|x|         29|         19|          1|     514.9200000|       1091|00:00:19|+0.04|0.07|0.3557|
|-|         30|         12|          1|     514.9200000|       1110|00:00:21|+0.02|0.05|0.2417|
+-+-----------+-----------+-----------+----------------+-----------+--------+-----+----+------+
Best-so-far configuration:           1    mean value:      514.9200000
Description of the best-so-far configuration:
  .ID. his_len max_attempts .PARENT.
1    1    5723           60       NA

# 2025-12-26 13:48:25 GMT: Elite configurations (first number is the configuration ID; listed from best to worst according to the sum of ranks):
   his_len max_attempts
1     5723           60
3      383            3
21   10850           19
46    1922          120
41    5616           26
26    2230          237
24    3462           81
39     691          401
54    1307          136
20     999          269
# 2025-12-26 13:48:25 GMT: Iteration 2 of 3
# experimentsUsed: 1110
# remainingBudget: 2390
# currentBudget: 1195
# nbConfigurations: 37
# Markers:
     x No test is performed.
     c Configurations are discarded only due to capping.
     - The test is performed and some configurations are discarded.
     = The test is performed but no configuration is discarded.
     ! The test is performed and configurations could be discarded but elite configurations are preserved.
     . All alive configurations are elite and nothing is discarded.

+-+-----------+-----------+-----------+----------------+-----------+--------+-----+----+------+
| |   Instance|      Alive|       Best|       Mean best| Exp so far|  W time|  rho|KenW|  Qvar|
+-+-----------+-----------+-----------+----------------+-----------+--------+-----+----+------+
|x|         31|         37|          1|     514.9200000|         37|00:00:27|   NA|  NA|    NA|
|x|         26|         37|          1|     514.9200000|         64|00:00:22|+1.00|1.00|0.0000|
|x|         24|         37|          1|     514.9200000|         91|00:00:19|+1.00|1.00|0.0000|
|x|         25|         37|          1|     514.9200000|        118|00:00:19|+1.00|1.00|0.0000|
|x|          1|         37|          1|     514.9200000|        145|00:00:19|+1.00|1.00|0.0000|
|x|         21|         37|          1|     514.9200000|        172|00:00:19|+1.00|1.00|0.0000|
|x|         10|         37|          1|     514.9200000|        199|00:00:19|+0.00|0.14|0.1390|
|x|         28|         37|          1|     514.9200000|        226|00:00:19|+0.00|0.12|0.1216|
|x|          6|         37|          1|     514.9200000|        253|00:00:19|+0.00|0.11|0.1081|
|=|         15|         37|          1|     514.9200000|        280|00:00:19|+0.02|0.12|0.1898|
|x|          8|         37|          1|     514.9200000|        307|00:00:19|+0.02|0.11|0.1730|
|x|          2|         37|          1|     514.9200000|        334|00:00:18|+0.05|0.13|0.2352|
|x|         17|         37|          1|     514.9200000|        361|00:00:19|+0.05|0.12|0.2177|
|x|          5|         37|          1|     514.9200000|        388|00:00:23|+0.04|0.11|0.2026|
|x|          4|         37|          1|     514.9200000|        415|00:00:23|+0.06|0.12|0.2495|
|x|         14|         37|          1|     514.9200000|        442|00:00:22|+0.08|0.14|0.2931|
|x|          9|         37|          1|     514.9200000|        469|00:00:21|+0.08|0.13|0.2765|
|x|         22|         37|          1|     514.9200000|        496|00:00:22|+0.07|0.12|0.2617|
|x|         19|         37|          1|     514.9200000|        523|00:00:23|+0.08|0.12|0.3002|
|-|          7|         34|          1|     514.9200000|        550|00:00:22|+0.01|0.06|0.1927|
|x|         30|         34|          1|     514.9200000|        574|00:00:22|+0.01|0.06|0.1836|
|x|         16|         34|          1|     514.9200000|        598|00:00:21|+0.01|0.06|0.2174|
|x|         29|         34|          1|     514.9200000|        622|00:00:22|+0.01|0.06|0.2081|
|x|         11|         34|          1|     514.9200000|        646|00:00:23|+0.02|0.06|0.2361|
|x|         20|         34|          1|     514.9200000|        670|00:00:20|+0.02|0.06|0.2614|
|x|         13|         34|          1|     514.9200000|        694|00:00:20|+0.04|0.08|0.2860|
|x|         23|         34|          1|     514.9200000|        718|00:00:20|+0.04|0.07|0.2759|
|x|         12|         34|          1|     514.9200000|        742|00:00:21|+0.05|0.08|0.2967|
|x|          3|         34|          1|     514.9200000|        766|00:00:21|+0.05|0.08|0.2870|
|-|         27|         30|          1|     514.9200000|        790|00:00:20|+0.01|0.04|0.2543|
|x|         18|         30|          1|     514.9200000|        810|00:00:19|+0.01|0.04|0.2462|
|x|         32|         30|          1|     514.9200000|        840|00:00:21|+0.01|0.04|0.2386|
|x|         33|         30|          1|     514.9200000|        870|00:00:22|+0.01|0.04|0.2315|
|x|         34|         30|          1|     514.9200000|        900|00:00:22|+0.01|0.04|0.2247|
|x|         35|         30|          1|     514.9200000|        930|00:00:22|+0.01|0.04|0.2184|
|x|         36|         30|          1|     514.9200000|        960|00:00:22|+0.01|0.04|0.2124|
|x|         37|         30|          1|     514.9200000|        990|00:00:22|+0.01|0.04|0.2328|
|x|         38|         30|          1|     514.9200000|       1020|00:00:22|+0.01|0.04|0.2267|
|x|         39|         30|          1|     514.9200000|       1050|00:00:23|+0.01|0.03|0.2210|
|=|         40|         30|          1|     514.9200000|       1080|00:00:22|+0.01|0.03|0.2155|
+-+-----------+-----------+-----------+----------------+-----------+--------+-----+----+------+
Best-so-far configuration:           1    mean value:      514.9200000
Description of the best-so-far configuration:
  .ID. his_len max_attempts .PARENT.
1    1    5723           60       NA

# 2025-12-26 14:02:41 GMT: Elite configurations (first number is the configuration ID; listed from best to worst according to the sum of ranks):
   his_len max_attempts
1     5723           60
3      383            3
46    1922          120
59     341          108
60    1204           32
62     896           63
65     710           76
69     910           63
71     535           57
72     791           52
# 2025-12-26 14:02:41 GMT: Iteration 3 of 3
# experimentsUsed: 2190
# remainingBudget: 1310
# currentBudget: 1310
# nbConfigurations: 34
# Markers:
     x No test is performed.
     c Configurations are discarded only due to capping.
     - The test is performed and some configurations are discarded.
     = The test is performed but no configuration is discarded.
     ! The test is performed and configurations could be discarded but elite configurations are preserved.
     . All alive configurations are elite and nothing is discarded.

+-+-----------+-----------+-----------+----------------+-----------+--------+-----+----+------+
| |   Instance|      Alive|       Best|       Mean best| Exp so far|  W time|  rho|KenW|  Qvar|
+-+-----------+-----------+-----------+----------------+-----------+--------+-----+----+------+
|x|         41|         34|          1|     514.9200000|         34|00:00:24|   NA|  NA|    NA|
|x|          9|         34|          1|     514.9200000|         58|00:00:20|+1.00|1.00|0.0000|
|x|         30|         34|          1|     514.9200000|         82|00:00:20|+1.00|1.00|0.0000|
|x|         33|         34|          1|     514.9200000|        106|00:00:19|+1.00|1.00|0.0000|
|x|         39|         34|          1|     514.9200000|        130|00:00:15|+1.00|1.00|0.0000|
|x|          1|         34|          1|     514.9200000|        154|00:00:15|+1.00|1.00|0.0000|
|x|         17|         34|          1|     514.9200000|        178|00:00:16|+1.00|1.00|0.0000|
|x|         40|         34|          1|     514.9200000|        202|00:00:16|+1.00|1.00|0.0000|
|x|         34|         34|          1|     514.9200000|        226|00:00:16|+1.00|1.00|0.0000|
|=|         22|         34|          1|     514.9200000|        250|00:00:17|+1.00|1.00|0.0000|
|x|         20|         34|          1|     514.9200000|        274|00:00:16|+0.00|0.09|0.0882|
|x|         37|         34|          1|     514.9200000|        298|00:00:16|-0.01|0.08|0.1625|
|x|         31|         34|          1|     514.9200000|        322|00:00:16|-0.00|0.07|0.1500|
|x|          6|         34|          1|     514.9200000|        346|00:00:16|-0.00|0.07|0.1392|
|x|         21|         34|          1|     514.9200000|        370|00:00:16|-0.00|0.06|0.1299|
|x|         27|         34|          1|     514.9200000|        394|00:00:19|-0.00|0.06|0.1217|
|x|         26|         34|          1|     514.9200000|        418|00:00:19|-0.00|0.06|0.1146|
|x|         12|         34|          1|     514.9200000|        442|00:00:18|-0.01|0.05|0.1627|
|x|          5|         34|          1|     514.9200000|        466|00:00:19|-0.01|0.05|0.1541|
|=|         15|         34|          1|     514.9200000|        490|00:00:20|+0.01|0.06|0.1882|
|x|         23|         34|          1|     514.9200000|        514|00:00:20|+0.01|0.06|0.1795|
|x|          8|         34|          1|     514.9200000|        538|00:00:19|+0.01|0.06|0.1716|
|x|         16|         34|          1|     514.9200000|        562|00:00:20|+0.01|0.05|0.1644|
|x|         38|         34|          1|     514.9200000|        586|00:00:19|+0.01|0.05|0.1577|
|x|          3|         34|          1|     514.9200000|        610|00:00:18|+0.01|0.05|0.1515|
|x|         10|         34|          1|     514.9200000|        634|00:00:14|+0.01|0.04|0.1837|
|x|         19|         34|          1|     514.9200000|        658|00:00:13|+0.01|0.04|0.1770|
|x|         29|         34|          1|     514.9200000|        682|00:00:14|+0.01|0.04|0.1708|
|x|         24|         34|          1|     514.9200000|        706|00:00:14|+0.01|0.04|0.1650|
|-|         13|         32|          1|     514.9200000|        730|00:00:14|-0.00|0.03|0.0972|
|x|          2|         32|          1|     514.9200000|        752|00:00:13|-0.00|0.03|0.0940|
|x|         35|         32|          1|     514.9200000|        774|00:00:13|-0.00|0.03|0.0911|
|x|         11|         32|          1|     514.9200000|        796|00:00:13|+0.00|0.03|0.1179|
|x|         28|         32|          1|     514.9200000|        818|00:00:13|+0.00|0.03|0.1144|
|x|         18|         32|          1|     514.9200000|        840|00:00:13|+0.00|0.03|0.1111|
|x|         32|         32|          1|     514.9200000|        862|00:00:04|+0.00|0.03|0.1080|
|x|         14|         32|          1|     514.9200000|        884|00:00:04|+0.00|0.03|0.1051|
|x|         25|         32|          1|     514.9200000|        906|00:00:04|+0.00|0.03|0.1023|
|x|          4|         32|          1|     514.9200000|        928|00:00:04|+0.00|0.03|0.0997|
|=|         36|         32|          1|     514.9200000|        950|00:00:04|+0.00|0.03|0.0972|
|x|          7|         32|          1|     514.9200000|        972|00:00:04|+0.00|0.03|0.0948|
|x|         42|         32|          1|     514.9200000|       1004|00:00:06|+0.00|0.03|0.0926|
|x|         43|         32|          1|     514.9200000|       1036|00:00:06|+0.01|0.03|0.1121|
|x|         44|         32|          1|     514.9200000|       1068|00:00:06|+0.01|0.03|0.1316|
|x|         45|         32|          1|     514.9200000|       1100|00:00:06|+0.01|0.03|0.1287|
|x|         46|         32|          1|     514.9200000|       1132|00:00:06|+0.01|0.03|0.1259|
|x|         47|         32|          1|     514.9200000|       1164|00:00:06|+0.01|0.03|0.1441|
|x|         48|         32|          1|     514.9200000|       1196|00:00:06|+0.01|0.03|0.1411|
|x|         49|         32|          1|     514.9200000|       1228|00:00:06|+0.01|0.03|0.1382|
|-|         50|         27|          1|     514.9200000|       1260|00:00:06|-0.00|0.02|0.0772|
+-+-----------+-----------+-----------+----------------+-----------+--------+-----+----+------+
Best-so-far configuration:           1    mean value:      514.9200000
Description of the best-so-far configuration:
  .ID. his_len max_attempts .PARENT.
1    1    5723           60       NA

# 2025-12-26 14:14:10 GMT: Elite configurations (first number is the configuration ID; listed from best to worst according to the sum of ranks):
   his_len max_attempts
1     5723           60
3      383            3
59     341          108
60    1204           32
62     896           63
65     710           76
69     910           63
71     535           57
72     791           52
86    5570           57
# 2025-12-26 14:14:10 GMT: Iteration 4 of 4
# experimentsUsed: 3450
# remainingBudget: 50
# currentBudget: 50
# nbConfigurations: 11
# Markers:
     x No test is performed.
     c Configurations are discarded only due to capping.
     - The test is performed and some configurations are discarded.
     = The test is performed but no configuration is discarded.
     ! The test is performed and configurations could be discarded but elite configurations are preserved.
     . All alive configurations are elite and nothing is discarded.

+-+-----------+-----------+-----------+----------------+-----------+--------+-----+----+------+
| |   Instance|      Alive|       Best|       Mean best| Exp so far|  W time|  rho|KenW|  Qvar|
+-+-----------+-----------+-----------+----------------+-----------+--------+-----+----+------+
|x|         39|         11|          1|     514.9200000|          1|00:00:00|   NA|  NA|    NA|
|x|         23|         11|          1|     514.9200000|          2|00:00:00|+1.00|1.00|0.0000|
|x|         18|         11|          1|     514.9200000|          3|00:00:00|+1.00|1.00|0.0000|
|x|         25|         11|          1|     514.9200000|          4|00:00:00|+1.00|1.00|0.0000|
|x|         20|         11|          1|     514.9200000|          5|00:00:00|+1.00|1.00|0.0000|
|x|         16|         11|          1|     514.9200000|          6|00:00:00|+1.00|1.00|0.0000|
|x|          6|         11|          1|     514.9200000|          7|00:00:00|+1.00|1.00|0.0000|
|x|         36|         11|          1|     514.9200000|          8|00:00:00|+1.00|1.00|0.0000|
|x|          9|         11|          1|     514.9200000|          9|00:00:00|+1.00|1.00|0.0000|
|=|         21|         11|          1|     514.9200000|         10|00:00:00|+1.00|1.00|0.0000|
|x|         50|         11|          1|     514.9200000|         11|00:00:00|+1.00|1.00|0.0000|
|x|         37|         11|          1|     514.9200000|         12|00:00:00|+1.00|1.00|0.0000|
|x|         35|         11|          1|     514.9200000|         13|00:00:00|+1.00|1.00|0.0000|
|x|         22|         11|          1|     514.9200000|         14|00:00:00|+1.00|1.00|0.0000|
|x|          8|         11|          1|     514.9200000|         15|00:00:00|+1.00|1.00|0.0000|
|x|         13|         11|          1|     514.9200000|         16|00:00:00|+1.00|1.00|0.0000|
|x|         34|         11|          1|     514.9200000|         17|00:00:00|+1.00|1.00|0.0000|
|x|         38|         11|          1|     514.9200000|         18|00:00:00|+1.00|1.00|0.0000|
|x|         30|         11|          1|     514.9200000|         19|00:00:00|+1.00|1.00|0.0000|
|=|         28|         11|          1|     514.9200000|         20|00:00:00|+1.00|1.00|0.0000|
|x|         27|         11|          1|     514.9200000|         21|00:00:00|+1.00|1.00|0.0000|
|x|         29|         11|          1|     514.9200000|         22|00:00:00|+1.00|1.00|0.0000|
|x|         15|         11|          1|     514.9200000|         23|00:00:00|+1.00|1.00|0.0000|
|x|         40|         11|          1|     514.9200000|         24|00:00:00|+1.00|1.00|0.0000|
|x|          3|         11|          1|     514.9200000|         25|00:00:00|+1.00|1.00|0.0000|
|x|         43|         11|          1|     514.9200000|         26|00:00:00|+1.00|1.00|0.0000|
|x|          4|         11|          1|     514.9200000|         27|00:00:00|+1.00|1.00|0.0000|
|x|          1|         11|          1|     514.9200000|         28|00:00:00|+1.00|1.00|0.0000|
|x|         42|         11|          1|     514.9200000|         29|00:00:00|+1.00|1.00|0.0000|
|=|         32|         11|          1|     514.9200000|         30|00:00:00|+1.00|1.00|0.0000|
|x|         24|         11|          1|     514.9200000|         31|00:00:00|+1.00|1.00|0.0000|
|x|         41|         11|          1|     514.9200000|         32|00:00:00|+1.00|1.00|0.0000|
|x|         19|         11|          1|     514.9200000|         33|00:00:00|+1.00|1.00|0.0000|
|x|         14|         11|          1|     514.9200000|         34|00:00:00|+1.00|1.00|0.0000|
|x|         48|         11|          1|     514.9200000|         35|00:00:00|+1.00|1.00|0.0000|
|x|         10|         11|          1|     514.9200000|         36|00:00:00|+1.00|1.00|0.0000|
|x|         26|         11|          1|     514.9200000|         37|00:00:00|+1.00|1.00|0.0000|
|x|         12|         11|          1|     514.9200000|         38|00:00:00|+1.00|1.00|0.0000|
|x|         47|         11|          1|     514.9200000|         39|00:00:00|+1.00|1.00|0.0000|
|=|         46|         11|          1|     514.9200000|         40|00:00:00|+1.00|1.00|0.0000|
|x|          2|         11|          1|     514.9200000|         41|00:00:00|+1.00|1.00|0.0000|
|x|         33|         11|          1|     514.9200000|         42|00:00:00|+1.00|1.00|0.0000|
|x|         17|         11|          1|     514.9200000|         43|00:00:00|+1.00|1.00|0.0000|
|x|          5|         11|          1|     514.9200000|         44|00:00:00|+1.00|1.00|0.0000|
|x|         31|         11|          1|     514.9200000|         45|00:00:00|+1.00|1.00|0.0000|
|x|         44|         11|          1|     514.9200000|         46|00:00:00|+1.00|1.00|0.0000|
|x|         49|         11|          1|     514.9200000|         47|00:00:00|+1.00|1.00|0.0000|
|x|         11|         11|          1|     514.9200000|         48|00:00:00|+1.00|1.00|0.0000|
|x|          7|         11|          1|     514.9200000|         49|00:00:00|+1.00|1.00|0.0000|
|=|         45|         11|          1|     514.9200000|         50|00:00:00|+1.00|1.00|0.0000|
+-+-----------+-----------+-----------+----------------+-----------+--------+-----+----+------+
Best-so-far configuration:           1    mean value:      514.9200000
Description of the best-so-far configuration:
  .ID. his_len max_attempts .PARENT.
1    1    5723           60       NA

# 2025-12-26 14:14:33 GMT: Elite configurations (first number is the configuration ID; listed from best to worst according to the sum of ranks):
   his_len max_attempts
1     5723           60
3      383            3
59     341          108
60    1204           32
62     896           63
65     710           76
69     910           63
71     535           57
72     791           52
86    5570           57
# 2025-12-26 14:14:33 GMT: Stopped because budget is exhausted
# Iteration: 5
# nbIterations: 4
# experimentsUsed: 3500
# timeUsed: 0
# remainingBudget: 0
# currentBudget: 50
# number of elites: 10
# nbConfigurations: 11
# Total CPU user time: 749.197, CPU sys time: 3594.771, Wall-clock time: 2375.898
# Best configurations (first number is the configuration ID; listed from best to worst according to the sum of ranks):
   his_len max_attempts
1     5723           60
3      383            3
59     341          108
60    1204           32
62     896           63
65     710           76
69     910           63
71     535           57
72     791           52
86    5570           57
# Best configurations as commandlines (first number is the configuration ID; listed from best to worst according to the sum of ranks):
1  -his_len 5723 -max_attempts 60
3  -his_len 383 -max_attempts 3
59 -his_len 341 -max_attempts 108
60 -his_len 1204 -max_attempts 32
62 -his_len 896 -max_attempts 63
65 -his_len 710 -max_attempts 76
69 -his_len 910 -max_attempts 63
71 -his_len 535 -max_attempts 57
72 -his_len 791 -max_attempts 52
86 -his_len 5570 -max_attempts 57


# Testing of elite configurations: 1 
# Testing iteration configurations: FALSE 
# 2025-12-26 14:14:33 GMT: No test instances, skip testing
