Starting irace...
# 2025-12-26 13:34:53 GMT: Reading parameter file '/gpfs/home/e/exx866/IRACE-b-LAHC/all-instances-rough/E-n101-k8/parameters.txt'.
# 2025-12-26 13:34:54 GMT: Read 1 configuration(s) from file '/gpfs/home/e/exx866/IRACE-b-LAHC/all-instances-rough/E-n101-k8/configurations.txt'
# 2025-12-26 13:34:54 GMT: Initialization
# Elitist race
# Elitist new instances: 1
# Elitist limit: 2
# nbIterations: 3
# minNbSurvival: 10
# nbParameters: 2
# seed: 6000037
# confidence level: 0.95
# budget: 3500
# mu: 10
# deterministic: FALSE

# 2025-12-26 13:34:54 GMT: Iteration 1 of 3
# experimentsUsed: 0
# remainingBudget: 3500
# currentBudget: 1166
# nbConfigurations: 58
# Markers:
     x No test is performed.
     c Configurations are discarded only due to capping.
     - The test is performed and some configurations are discarded.
     = The test is performed but no configuration is discarded.
     ! The test is performed and configurations could be discarded but elite configurations are preserved.
     . All alive configurations are elite and nothing is discarded.

+-+-----------+-----------+-----------+----------------+-----------+--------+-----+----+------+
| |   Instance|      Alive|       Best|       Mean best| Exp so far|  W time|  rho|KenW|  Qvar|
+-+-----------+-----------+-----------+----------------+-----------+--------+-----+----+------+
|x|          1|         58|          7|     839.3000000|         58|00:00:43|   NA|  NA|    NA|
|x|          2|         58|         39|     839.4500000|        116|00:00:38|+0.76|0.88|0.2388|
|x|          3|         58|         55|     840.0933333|        174|00:00:40|+0.72|0.82|0.2830|
|x|          4|         58|         32|     840.2475000|        232|00:00:40|+0.64|0.73|0.3976|
|x|          5|         58|         32|     840.0580000|        290|00:00:40|+0.68|0.75|0.3421|
|x|          6|         58|         32|     839.9316667|        348|00:00:41|+0.71|0.76|0.3057|
|x|          7|         58|         32|     839.8414286|        406|00:00:40|+0.74|0.78|0.2716|
|x|          8|         58|         32|     839.8462500|        464|00:00:41|+0.76|0.79|0.2503|
|x|          9|         58|         32|     840.1233333|        522|00:00:41|+0.77|0.79|0.2459|
|-|         10|          6|         32|     840.0410000|        580|00:00:39|+0.25|0.32|0.6679|
+-+-----------+-----------+-----------+----------------+-----------+--------+-----+----+------+
Best-so-far configuration:          32    mean value:      840.0410000
Description of the best-so-far configuration:
   .ID. his_len max_attempts .PARENT.
32   32     389           28       NA

# 2025-12-26 13:41:45 GMT: Elite configurations (first number is the configuration ID; listed from best to worst according to the sum of ranks):
   his_len max_attempts
32     389           28
55    1312          145
35    5622            4
39    3159          192
29    2851          340
7     3467           75
# 2025-12-26 13:41:45 GMT: Iteration 2 of 3
# experimentsUsed: 580
# remainingBudget: 2920
# currentBudget: 1460
# nbConfigurations: 50
# Markers:
     x No test is performed.
     c Configurations are discarded only due to capping.
     - The test is performed and some configurations are discarded.
     = The test is performed but no configuration is discarded.
     ! The test is performed and configurations could be discarded but elite configurations are preserved.
     . All alive configurations are elite and nothing is discarded.

+-+-----------+-----------+-----------+----------------+-----------+--------+-----+----+------+
| |   Instance|      Alive|       Best|       Mean best| Exp so far|  W time|  rho|KenW|  Qvar|
+-+-----------+-----------+-----------+----------------+-----------+--------+-----+----+------+
|x|         11|         50|         69|     839.3000000|         50|00:00:34|   NA|  NA|    NA|
|x|          3|         50|         93|     839.3000000|         94|00:00:30|+0.22|0.61|0.7921|
|x|          5|         50|         99|     839.3000000|        138|00:00:28|+0.36|0.58|0.6350|
|x|         10|         50|        102|     839.8475000|        182|00:00:28|+0.27|0.46|0.6979|
|x|          6|         50|        102|     839.7380000|        226|00:00:28|+0.30|0.44|0.6967|
|x|          9|         50|        102|     839.8733333|        270|00:00:29|+0.26|0.38|0.7356|
|x|          7|         50|         89|     840.0500000|        314|00:00:29|+0.27|0.38|0.7108|
|x|          2|         50|         32|     839.9737500|        358|00:00:28|+0.24|0.33|0.7203|
|x|          1|         50|         64|     839.8277778|        402|00:00:28|+0.25|0.34|0.7128|
|-|          4|         18|         32|     840.2180000|        446|00:00:29|+0.05|0.15|0.8895|
|x|          8|         18|         32|     840.1872727|        458|00:00:10|+0.08|0.16|0.8806|
|x|         12|         18|         32|     840.2175000|        476|00:00:10|+0.10|0.17|0.8636|
|x|         13|         18|         32|     840.1469231|        494|00:00:12|+0.12|0.19|0.8360|
|x|         14|         18|         32|     840.3014286|        512|00:00:09|+0.14|0.20|0.8256|
|x|         15|         18|         32|     840.3180000|        530|00:00:12|+0.15|0.20|0.8074|
|x|         16|         18|         32|     840.3325000|        548|00:00:11|+0.15|0.20|0.8004|
|x|         17|         18|         32|     840.4194118|        566|00:00:10|+0.14|0.19|0.8054|
|x|         18|         18|         32|     840.3572222|        584|00:00:10|+0.14|0.19|0.8010|
|x|         19|         18|         32|     840.4300000|        602|00:00:12|+0.15|0.19|0.7881|
|-|         20|          7|         32|     840.3735000|        620|00:00:09|-0.02|0.03|0.8774|
+-+-----------+-----------+-----------+----------------+-----------+--------+-----+----+------+
Best-so-far configuration:          32    mean value:      840.3735000
Description of the best-so-far configuration:
   .ID. his_len max_attempts .PARENT.
32   32     389           28       NA

# 2025-12-26 13:48:32 GMT: Elite configurations (first number is the configuration ID; listed from best to worst according to the sum of ranks):
    his_len max_attempts
32      389           28
102    1805            4
63      544           23
99      534           31
89      653           13
98      966           49
64     1642           32
# 2025-12-26 13:48:32 GMT: Iteration 3 of 3
# experimentsUsed: 1200
# remainingBudget: 2300
# currentBudget: 2300
# nbConfigurations: 61
# Markers:
     x No test is performed.
     c Configurations are discarded only due to capping.
     - The test is performed and some configurations are discarded.
     = The test is performed but no configuration is discarded.
     ! The test is performed and configurations could be discarded but elite configurations are preserved.
     . All alive configurations are elite and nothing is discarded.

+-+-----------+-----------+-----------+----------------+-----------+--------+-----+----+------+
| |   Instance|      Alive|       Best|       Mean best| Exp so far|  W time|  rho|KenW|  Qvar|
+-+-----------+-----------+-----------+----------------+-----------+--------+-----+----+------+
|x|         21|         61|         32|     839.3000000|         61|00:00:31|   NA|  NA|    NA|
|x|         15|         61|        128|     839.3000000|        115|00:00:28|-0.11|0.45|1.1153|
|x|         11|         61|        124|     839.6200000|        169|00:00:27|-0.08|0.28|1.0410|
|x|         17|         61|        124|     839.5400000|        223|00:00:28|+0.05|0.29|0.9058|
|x|          4|         61|        124|     839.7420000|        277|00:00:28|+0.06|0.25|0.8797|
|x|         16|         61|        112|     839.7816667|        331|00:00:27|+0.06|0.22|0.8495|
|x|         10|         61|        111|     839.9157143|        385|00:00:27|+0.06|0.20|0.8647|
|x|          3|         61|        111|     839.8387500|        439|00:00:27|+0.07|0.18|0.8762|
|x|         13|         61|        111|     840.0800000|        493|00:00:28|+0.06|0.16|0.8810|
|-|          9|         41|        125|     840.1480000|        547|00:00:28|-0.06|0.05|1.0378|
|x|          8|         41|        125|     840.2309091|        581|00:00:17|-0.05|0.04|1.0282|
|x|          1|         41|        125|     840.3041667|        615|00:00:18|-0.04|0.04|1.0165|
|x|         14|         41|        125|     840.3230769|        649|00:00:19|-0.04|0.04|1.0135|
|x|         20|         41|        125|     840.2500000|        683|00:00:24|-0.04|0.04|1.0109|
|x|          7|         41|        125|     840.1866667|        717|00:00:27|-0.03|0.03|1.0091|
|x|          5|         41|        125|     840.1312500|        751|00:00:23|-0.03|0.04|1.0088|
|x|         18|         41|        125|     840.0823529|        785|00:00:25|-0.03|0.04|1.0037|
|x|          6|         41|        125|     840.1977778|        819|00:00:24|-0.02|0.03|1.0002|
|x|          2|         41|        125|     840.2494737|        853|00:00:25|-0.02|0.04|0.9966|
|=|         12|         41|        125|     840.2645000|        887|00:00:24|-0.01|0.04|0.9936|
|x|         19|         41|        125|     840.2185714|        921|00:00:21|-0.01|0.04|0.9876|
|x|         22|         41|        125|     840.2377273|        962|00:00:27|-0.01|0.04|0.9840|
|x|         23|         41|        145|     840.0500000|       1003|00:00:24|-0.00|0.04|0.9798|
|x|         24|         41|        145|     840.0187500|       1044|00:00:26|-0.00|0.04|0.9782|
|x|         25|         41|        145|     839.9900000|       1085|00:00:29|-0.00|0.04|0.9774|
|x|         26|         41|        145|     840.0000000|       1126|00:00:28|-0.00|0.04|0.9801|
|x|         27|         41|        145|     840.0855556|       1167|00:00:29|-0.01|0.03|0.9849|
|x|         28|         41|        145|     840.1021429|       1208|00:00:29|-0.00|0.03|0.9789|
|x|         29|         41|         32|     840.2341379|       1249|00:00:27|-0.00|0.03|0.9802|
|=|         30|         41|         32|     840.2703333|       1290|00:00:29|-0.00|0.03|0.9799|
|x|         31|         41|        145|     840.1425806|       1331|00:00:28|-0.00|0.03|0.9779|
|x|         32|         41|        145|     840.1778125|       1372|00:00:28|-0.00|0.03|0.9760|
|x|         33|         41|         32|     840.3003030|       1413|00:00:28|-0.00|0.03|0.9764|
|x|         34|         41|         32|     840.2708824|       1454|00:00:28|-0.00|0.03|0.9740|
|x|         35|         41|         32|     840.2860000|       1495|00:00:28|+0.00|0.03|0.9710|
|x|         36|         41|         32|     840.2933333|       1536|00:00:28|+0.00|0.03|0.9711|
|x|         37|         41|         32|     840.3075676|       1577|00:00:29|+0.00|0.03|0.9686|
|x|         38|         41|         32|     840.2810526|       1618|00:00:28|+0.00|0.03|0.9679|
|x|         39|         41|         32|     840.2558974|       1659|00:00:28|+0.00|0.03|0.9678|
|=|         40|         41|         32|     840.2947500|       1700|00:00:28|+0.00|0.03|0.9685|
+-+-----------+-----------+-----------+----------------+-----------+--------+-----+----+------+
Best-so-far configuration:          32    mean value:      840.2947500
Description of the best-so-far configuration:
   .ID. his_len max_attempts .PARENT.
32   32     389           28       NA

# 2025-12-26 14:06:25 GMT: Elite configurations (first number is the configuration ID; listed from best to worst according to the sum of ranks):
    his_len max_attempts
32      389           28
145     742           21
142     714           22
146     664            8
125     710           21
107     571           22
112     594           33
153     753           16
106     312           28
147    2283            8
# 2025-12-26 14:06:25 GMT: Iteration 4 of 4
# experimentsUsed: 2900
# remainingBudget: 600
# currentBudget: 600
# nbConfigurations: 20
# Markers:
     x No test is performed.
     c Configurations are discarded only due to capping.
     - The test is performed and some configurations are discarded.
     = The test is performed but no configuration is discarded.
     ! The test is performed and configurations could be discarded but elite configurations are preserved.
     . All alive configurations are elite and nothing is discarded.

+-+-----------+-----------+-----------+----------------+-----------+--------+-----+----+------+
| |   Instance|      Alive|       Best|       Mean best| Exp so far|  W time|  rho|KenW|  Qvar|
+-+-----------+-----------+-----------+----------------+-----------+--------+-----+----+------+
|x|         41|         20|        160|     837.6800000|         20|00:00:16|   NA|  NA|    NA|
|x|         13|         20|         32|     839.3000000|         30|00:00:11|-0.09|0.45|1.0386|
|x|          1|         20|        142|     839.8566667|         40|00:00:07|-0.14|0.24|1.1381|
|x|          3|         20|         32|     840.2475000|         50|00:00:14|-0.07|0.20|1.0368|
|x|         37|         20|        142|     840.0500000|         60|00:00:06|-0.07|0.14|1.0436|
|x|         30|         20|        142|     840.1333333|         70|00:00:11|-0.02|0.15|0.9658|
|x|         22|         20|        142|     840.0142857|         80|00:00:10|-0.00|0.14|0.9493|
|x|          4|         20|        142|     839.9250000|         90|00:00:06|+0.01|0.14|0.9471|
|x|          8|         20|        107|     840.1155556|        100|00:00:06|+0.01|0.12|0.9496|
|=|         17|         20|        107|     840.0340000|        110|00:00:05|+0.02|0.12|0.9409|
|x|         33|         20|        107|     840.0136364|        120|00:00:09|+0.02|0.11|0.9388|
|x|         40|         20|        107|     840.1475000|        130|00:00:07|+0.02|0.10|0.9335|
|x|         38|         20|        142|     840.3346154|        140|00:00:06|+0.03|0.10|0.9268|
|x|         31|         20|        107|     840.2564286|        150|00:00:07|+0.02|0.09|0.9391|
|x|          2|         20|        107|     840.1926667|        160|00:00:07|+0.02|0.09|0.9303|
|x|         36|         20|        107|     840.1368750|        170|00:00:08|+0.03|0.09|0.9227|
|x|         19|         20|        107|     840.0800000|        180|00:00:05|+0.03|0.09|0.9289|
|x|         21|         20|        107|     840.1483333|        190|00:00:10|+0.02|0.08|0.9300|
|x|         25|         20|        107|     840.1036842|        200|00:00:05|+0.02|0.07|0.9328|
|=|         18|         20|        107|     840.0290000|        210|00:00:08|+0.03|0.08|0.9276|
|x|         34|         20|        107|     840.1023810|        220|00:00:08|+0.03|0.08|0.9215|
|x|          6|         20|        107|     840.1459091|        230|00:00:06|+0.04|0.08|0.9144|
|x|         23|         20|        107|     840.1417391|        240|00:00:07|+0.05|0.09|0.9096|
|x|         35|         20|        107|     840.1887500|        250|00:00:06|+0.04|0.08|0.9076|
|x|         32|         20|        107|     840.1924000|        260|00:00:08|+0.05|0.08|0.9023|
|x|         15|         20|        107|     840.2453846|        270|00:00:05|+0.04|0.07|0.9105|
|x|         28|         20|        107|     840.2103704|        280|00:00:09|+0.04|0.08|0.9048|
|x|         20|         20|         32|     840.1757143|        290|00:00:07|+0.04|0.08|0.9073|
|x|         24|         20|         32|     840.1455172|        300|00:00:06|+0.04|0.08|0.9052|
|-|          7|         13|         32|     840.1173333|        310|00:00:07|-0.01|0.02|0.9391|
|x|         12|         13|         32|     840.1312903|        313|00:00:04|-0.01|0.02|0.9359|
|x|         26|         13|         32|     840.1612500|        316|00:00:05|-0.02|0.02|0.9385|
|x|         10|         13|         32|     840.1351515|        319|00:00:04|-0.01|0.02|0.9357|
|x|          5|         13|         32|     840.1105882|        322|00:00:02|-0.01|0.02|0.9367|
|x|         11|         13|         32|     840.1545714|        325|00:00:04|-0.01|0.02|0.9356|
|x|         39|         13|         32|     840.1308333|        328|00:00:04|-0.01|0.02|0.9309|
|x|         16|         13|         32|     840.1421622|        331|00:00:05|-0.01|0.02|0.9314|
|x|          9|         13|         32|     840.2000000|        334|00:00:04|-0.01|0.02|0.9311|
|x|         29|         13|         32|     840.1769231|        337|00:00:02|-0.01|0.02|0.9309|
|=|         14|         13|         32|     840.2302500|        340|00:00:04|-0.01|0.01|0.9308|
|x|         27|         13|         32|     840.2704878|        343|00:00:04|-0.01|0.01|0.9300|
|x|         42|         13|         32|     840.2473810|        356|00:00:08|-0.01|0.02|0.9287|
|x|         43|         13|         32|     840.2253488|        369|00:00:08|-0.01|0.01|0.9303|
|x|         44|         13|         32|     840.2043182|        382|00:00:10|-0.01|0.01|0.9301|
|x|         45|         13|         32|     840.2255556|        395|00:00:07|-0.01|0.01|0.9325|
|x|         46|         13|         32|     840.2326087|        408|00:00:05|-0.01|0.01|0.9330|
|x|         47|         13|         32|     840.2300000|        421|00:00:05|-0.01|0.01|0.9336|
|x|         48|         13|         32|     840.2583333|        434|00:00:05|-0.01|0.01|0.9337|
|x|         49|         13|         32|     840.2387755|        447|00:00:04|-0.01|0.01|0.9328|
|=|         50|         13|         32|     840.2200000|        460|00:00:05|-0.01|0.01|0.9301|
|x|         51|         13|         32|     840.2019608|        473|00:00:05|-0.01|0.01|0.9291|
|x|         52|         13|         32|     840.1846154|        486|00:00:05|-0.01|0.01|0.9280|
|x|         53|         13|         32|     840.1679245|        499|00:00:05|-0.00|0.02|0.9266|
|x|         54|         13|         32|     840.1750000|        512|00:00:05|-0.00|0.02|0.9258|
|x|         55|         13|         32|     840.1590909|        525|00:00:05|-0.00|0.02|0.9255|
|x|         56|         13|         32|     840.2253571|        538|00:00:05|-0.00|0.02|0.9265|
|x|         57|         13|         32|     840.2310526|        551|00:00:05|-0.00|0.01|0.9269|
|x|         58|         13|         32|     840.2365517|        564|00:00:04|-0.00|0.01|0.9269|
|x|         59|         13|         32|     840.2938983|        577|00:00:05|-0.00|0.01|0.9268|
|=|         60|         13|         32|     840.3326667|        590|00:00:05|-0.00|0.01|0.9265|
+-+-----------+-----------+-----------+----------------+-----------+--------+-----+----+------+
Best-so-far configuration:          32    mean value:      840.3326667
Description of the best-so-far configuration:
   .ID. his_len max_attempts .PARENT.
32   32     389           28       NA

# 2025-12-26 14:13:13 GMT: Elite configurations (first number is the configuration ID; listed from best to worst according to the sum of ranks):
    his_len max_attempts
32      389           28
153     753           16
107     571           22
147    2283            8
145     742           21
142     714           22
125     710           21
160     568           19
146     664            8
166     552           17
# 2025-12-26 14:13:13 GMT: Stopped because there is not enough budget left to race more than the minimum (10).
# You may either increase the budget or set 'minNbSurvival' to a lower value.
# Iteration: 5
# nbIterations: 5
# experimentsUsed: 3490
# timeUsed: 0
# remainingBudget: 10
# currentBudget: 10
# number of elites: 10
# nbConfigurations: 10
# Total CPU user time: 6572.873, CPU sys time: 3605.889, Wall-clock time: 2300.088
# Best configurations (first number is the configuration ID; listed from best to worst according to the sum of ranks):
    his_len max_attempts
32      389           28
153     753           16
107     571           22
147    2283            8
145     742           21
142     714           22
125     710           21
160     568           19
146     664            8
166     552           17
# Best configurations as commandlines (first number is the configuration ID; listed from best to worst according to the sum of ranks):
32  -his_len 389 -max_attempts 28
153 -his_len 753 -max_attempts 16
107 -his_len 571 -max_attempts 22
147 -his_len 2283 -max_attempts 8
145 -his_len 742 -max_attempts 21
142 -his_len 714 -max_attempts 22
125 -his_len 710 -max_attempts 21
160 -his_len 568 -max_attempts 19
146 -his_len 664 -max_attempts 8
166 -his_len 552 -max_attempts 17


# Testing of elite configurations: 1 
# Testing iteration configurations: FALSE 
# 2025-12-26 14:13:13 GMT: No test instances, skip testing
