Starting irace...
# 2025-12-29 15:55:05 GMT: Reading parameter file '/gpfs/home/e/exx866/IRACE-b-LAHC/all-instances-fine/M-n110-k10-s9-p2/parameters.txt'.
# 2025-12-29 15:55:05 GMT: Read 1 configuration(s) from file '/gpfs/home/e/exx866/IRACE-b-LAHC/all-instances-fine/M-n110-k10-s9-p2/configurations.txt'
# 2025-12-29 15:55:05 GMT: Initialization
# Elitist race
# Elitist new instances: 1
# Elitist limit: 2
# nbIterations: 3
# minNbSurvival: 10
# nbParameters: 2
# seed: 412042065
# confidence level: 0.95
# budget: 6000
# mu: 10
# deterministic: FALSE

# 2025-12-29 15:55:05 GMT: Iteration 1 of 3
# experimentsUsed: 0
# remainingBudget: 6000
# currentBudget: 2000
# nbConfigurations: 100
# Markers:
     x No test is performed.
     c Configurations are discarded only due to capping.
     - The test is performed and some configurations are discarded.
     = The test is performed but no configuration is discarded.
     ! The test is performed and configurations could be discarded but elite configurations are preserved.
     . All alive configurations are elite and nothing is discarded.

+-+-----------+-----------+-----------+----------------+-----------+--------+-----+----+------+
| |   Instance|      Alive|       Best|       Mean best| Exp so far|  W time|  rho|KenW|  Qvar|
+-+-----------+-----------+-----------+----------------+-----------+--------+-----+----+------+
|x|          1|        100|          1|     828.5600000|        100|00:00:38|   NA|  NA|    NA|
|x|          2|        100|          8|     828.5600000|        200|00:00:36|+0.65|0.83|0.4692|
|x|          3|        100|          8|     828.5600000|        300|00:00:36|+0.77|0.85|0.3267|
|x|          4|        100|          8|     828.5600000|        400|00:00:35|+0.83|0.87|0.2537|
|x|          5|        100|          8|     828.5600000|        500|00:00:38|+0.86|0.89|0.2174|
|x|          6|        100|          8|     828.5600000|        600|00:00:38|+0.88|0.90|0.1857|
|x|          7|        100|          8|     828.5600000|        700|00:00:35|+0.89|0.91|0.1624|
|x|          8|        100|          8|     828.5600000|        800|00:00:36|+0.89|0.91|0.1578|
|x|          9|        100|          8|     828.5600000|        900|00:00:39|+0.89|0.90|0.1602|
|-|         10|         17|          8|     828.5600000|       1000|00:00:37|+0.28|0.35|0.5491|
|x|         11|         17|          8|     828.5600000|       1017|00:00:06|+0.34|0.40|0.5365|
|x|         12|         17|          8|     828.5600000|       1034|00:00:07|+0.31|0.37|0.5041|
|x|         13|         17|          8|     828.5600000|       1051|00:00:07|+0.35|0.40|0.4964|
|x|         14|         17|          8|     828.5600000|       1068|00:00:07|+0.39|0.43|0.4878|
|x|         15|         17|          8|     828.5600000|       1085|00:00:06|+0.43|0.47|0.4751|
|x|         16|         17|          8|     828.5600000|       1102|00:00:07|+0.40|0.44|0.4588|
|x|         17|         17|          8|     828.5600000|       1119|00:00:07|+0.41|0.45|0.4524|
|x|         18|         17|          8|     828.5600000|       1136|00:00:07|+0.44|0.47|0.4472|
|x|         19|         17|          8|     828.5600000|       1153|00:00:07|+0.46|0.49|0.4384|
|-|         20|          8|          8|     828.5600000|       1170|00:00:07|+0.10|0.15|0.3708|
+-+-----------+-----------+-----------+----------------+-----------+--------+-----+----+------+
Best-so-far configuration:           8    mean value:      828.5600000
Description of the best-so-far configuration:
  .ID. his_len max_attempts .PARENT.
8    8    6505           34       NA

# 2025-12-29 16:02:30 GMT: Elite configurations (first number is the configuration ID; listed from best to worst according to the sum of ranks):
   his_len max_attempts
8     6505           34
72    7903           22
97    5939           43
15    9829           20
42    5976           24
24    7261           27
79    8205           36
63    8545           31
# 2025-12-29 16:02:30 GMT: Iteration 2 of 3
# experimentsUsed: 1170
# remainingBudget: 4830
# currentBudget: 2415
# nbConfigurations: 85
# Markers:
     x No test is performed.
     c Configurations are discarded only due to capping.
     - The test is performed and some configurations are discarded.
     = The test is performed but no configuration is discarded.
     ! The test is performed and configurations could be discarded but elite configurations are preserved.
     . All alive configurations are elite and nothing is discarded.

+-+-----------+-----------+-----------+----------------+-----------+--------+-----+----+------+
| |   Instance|      Alive|       Best|       Mean best| Exp so far|  W time|  rho|KenW|  Qvar|
+-+-----------+-----------+-----------+----------------+-----------+--------+-----+----+------+
|x|         21|         85|          8|     828.5600000|         85|00:00:31|   NA|  NA|    NA|
|x|          4|         85|          8|     828.5600000|        162|00:00:28|+0.47|0.73|0.3194|
|x|          3|         85|          8|     828.5600000|        239|00:00:28|+0.42|0.61|0.3886|
|x|         19|         85|          8|     828.5600000|        316|00:00:28|+0.36|0.52|0.3478|
|x|          1|         85|          8|     828.5600000|        393|00:00:28|+0.24|0.39|0.6189|
|x|         11|         85|          8|     828.5600000|        470|00:00:27|+0.28|0.40|0.5585|
|x|         18|         85|          8|     828.5600000|        547|00:00:28|+0.33|0.42|0.4946|
|x|         10|         85|          8|     828.5600000|        624|00:00:28|+0.35|0.43|0.4614|
|x|         16|         85|          8|     828.5600000|        701|00:00:28|+0.31|0.39|0.5847|
|-|         12|         68|          8|     828.5600000|        778|00:00:29|+0.02|0.11|0.7996|
|x|         15|         68|          8|     828.5600000|        838|00:00:22|+0.05|0.14|0.8010|
|x|         13|         68|          8|     828.5600000|        898|00:00:21|+0.05|0.13|0.8133|
|x|         14|         68|          8|     828.5600000|        958|00:00:22|+0.08|0.15|0.8239|
|x|         17|         68|          8|     828.5600000|       1018|00:00:23|+0.08|0.14|0.7657|
|x|          2|         68|          8|     828.5600000|       1078|00:00:22|+0.08|0.14|0.7783|
|x|          6|         68|          8|     828.5600000|       1138|00:00:22|+0.07|0.13|0.7964|
|x|          5|         68|          8|     828.5600000|       1198|00:00:22|+0.10|0.15|0.7985|
|x|          9|         68|          8|     828.5600000|       1258|00:00:22|+0.09|0.14|0.8136|
|x|          7|         68|          8|     828.5600000|       1318|00:00:23|+0.08|0.13|0.8256|
|-|         20|         57|          8|     828.5600000|       1378|00:00:22|+0.02|0.07|0.7415|
|x|          8|         57|          8|     828.5600000|       1427|00:00:18|+0.02|0.07|0.7494|
|x|         22|         57|          8|     828.5600000|       1484|00:00:21|+0.02|0.07|0.7153|
|x|         23|         57|          8|     828.5600000|       1541|00:00:21|+0.02|0.06|0.6841|
|x|         24|         57|          8|     828.5600000|       1598|00:00:20|+0.02|0.06|0.6962|
|x|         25|         57|          8|     828.5600000|       1655|00:00:21|+0.02|0.06|0.7071|
|x|         26|         57|          8|     828.5600000|       1712|00:00:21|+0.02|0.06|0.7160|
|x|         27|         57|          8|     828.5600000|       1769|00:00:21|+0.02|0.05|0.7249|
|x|         28|         57|          8|     828.5600000|       1826|00:00:21|+0.02|0.05|0.7350|
|x|         29|         57|          8|     828.5600000|       1883|00:00:21|+0.02|0.05|0.7434|
|-|         30|         54|          8|     828.5600000|       1940|00:00:20|+0.00|0.03|0.7201|
+-+-----------+-----------+-----------+----------------+-----------+--------+-----+----+------+
Best-so-far configuration:           8    mean value:      828.5600000
Description of the best-so-far configuration:
  .ID. his_len max_attempts .PARENT.
8    8    6505           34       NA

# 2025-12-29 16:14:35 GMT: Elite configurations (first number is the configuration ID; listed from best to worst according to the sum of ranks):
    his_len max_attempts
8      6505           34
72     7903           22
97     5939           43
101    5972           21
104    6140           39
106    5771           34
110    5881           19
128    5849           33
132    6138           34
136    6359           32
# 2025-12-29 16:14:35 GMT: Iteration 3 of 3
# experimentsUsed: 3110
# remainingBudget: 2890
# currentBudget: 2890
# nbConfigurations: 79
# Markers:
     x No test is performed.
     c Configurations are discarded only due to capping.
     - The test is performed and some configurations are discarded.
     = The test is performed but no configuration is discarded.
     ! The test is performed and configurations could be discarded but elite configurations are preserved.
     . All alive configurations are elite and nothing is discarded.

+-+-----------+-----------+-----------+----------------+-----------+--------+-----+----+------+
| |   Instance|      Alive|       Best|       Mean best| Exp so far|  W time|  rho|KenW|  Qvar|
+-+-----------+-----------+-----------+----------------+-----------+--------+-----+----+------+
|x|         31|         79|          8|     828.5600000|         79|00:00:29|   NA|  NA|    NA|
|x|          6|         79|          8|     828.5600000|        148|00:00:26|+0.00|0.50|0.4937|
|x|          1|         79|          8|     828.5600000|        217|00:00:25|-0.01|0.32|0.6643|
|x|         12|         79|          8|     828.5600000|        286|00:00:25|+0.08|0.31|0.7216|
|x|         19|         79|          8|     828.5600000|        355|00:00:25|+0.03|0.23|0.7859|
|x|         18|         79|          8|     828.5600000|        424|00:00:25|+0.01|0.18|0.8251|
|x|         24|         79|          8|     828.5600000|        493|00:00:26|+0.00|0.14|0.8533|
|x|          8|         79|          8|     828.5600000|        562|00:00:25|+0.03|0.15|0.8718|
|x|         15|         79|          8|     828.5600000|        631|00:00:25|+0.02|0.13|0.8880|
|=|         28|         79|          8|     828.5600000|        700|00:00:26|+0.02|0.12|0.8978|
|x|         14|         79|          8|     828.5600000|        769|00:00:25|+0.03|0.12|0.9022|
|x|         16|         79|          8|     828.5600000|        838|00:00:25|+0.02|0.10|0.9114|
|x|         13|         79|          8|     828.5600000|        907|00:00:25|+0.02|0.10|0.8408|
|x|         20|         79|          8|     828.5600000|        976|00:00:25|+0.02|0.09|0.8520|
|x|         30|         79|          8|     828.5600000|       1045|00:00:25|+0.02|0.09|0.8581|
|x|          4|         79|          8|     828.5600000|       1114|00:00:25|+0.02|0.08|0.8633|
|x|         17|         79|          8|     828.5600000|       1183|00:00:26|+0.03|0.09|0.8683|
|x|         27|         79|          8|     828.5600000|       1252|00:00:26|+0.03|0.08|0.8753|
|x|         11|         79|          8|     828.5600000|       1321|00:00:25|+0.02|0.07|0.8807|
|-|         25|         71|          8|     828.5600000|       1390|00:00:25|-0.01|0.04|0.5993|
|x|          3|         71|          8|     828.5600000|       1451|00:00:22|-0.01|0.04|0.5704|
|x|         21|         71|          8|     828.5600000|       1512|00:00:22|-0.01|0.04|0.5875|
|x|          2|         71|          8|     828.5600000|       1573|00:00:22|-0.01|0.04|0.6035|
|x|          7|         71|          8|     828.5600000|       1634|00:00:23|-0.01|0.03|0.6205|
|x|          9|         71|          8|     828.5600000|       1695|00:00:23|-0.01|0.03|0.6351|
|x|         23|         71|          8|     828.5600000|       1756|00:00:23|-0.01|0.03|0.6493|
|x|         29|         71|          8|     828.5600000|       1817|00:00:23|-0.01|0.03|0.6625|
|x|         10|         71|          8|     828.5600000|       1878|00:00:23|-0.01|0.03|0.6756|
|x|         26|         71|          8|     828.5600000|       1939|00:00:22|-0.01|0.03|0.6855|
|=|         22|         71|          8|     828.5600000|       2000|00:00:23|-0.00|0.03|0.6946|
|x|          5|         71|          8|     828.5600000|       2061|00:00:22|-0.00|0.03|0.7036|
|x|         32|         71|          8|     828.5600000|       2132|00:00:26|-0.00|0.03|0.7120|
|x|         33|         71|          8|     828.5600000|       2203|00:00:26|-0.01|0.03|0.7201|
|x|         34|         71|          8|     828.5600000|       2274|00:00:25|-0.00|0.02|0.7287|
|x|         35|         71|          8|     828.5600000|       2345|00:00:26|-0.01|0.02|0.7366|
|x|         36|         71|          8|     828.5600000|       2416|00:00:27|-0.00|0.02|0.7430|
|x|         37|         71|          8|     828.5600000|       2487|00:00:26|-0.00|0.02|0.7229|
|x|         38|         71|          8|     828.5600000|       2558|00:00:25|-0.00|0.02|0.7305|
|x|         39|         71|          8|     828.5600000|       2629|00:00:25|-0.00|0.02|0.7377|
|=|         40|         71|          8|     828.5600000|       2700|00:00:26|-0.00|0.02|0.7436|
+-+-----------+-----------+-----------+----------------+-----------+--------+-----+----+------+
Best-so-far configuration:           8    mean value:      828.5600000
Description of the best-so-far configuration:
  .ID. his_len max_attempts .PARENT.
8    8    6505           34       NA

# 2025-12-29 16:31:23 GMT: Elite configurations (first number is the configuration ID; listed from best to worst according to the sum of ranks):
    his_len max_attempts
8      6505           34
72     7903           22
101    5972           21
104    6140           39
106    5771           34
110    5881           19
128    5849           33
132    6138           34
136    6359           32
181    5971           21
# 2025-12-29 16:31:23 GMT: Iteration 4 of 4
# experimentsUsed: 5810
# remainingBudget: 190
# currentBudget: 190
# nbConfigurations: 11
# Markers:
     x No test is performed.
     c Configurations are discarded only due to capping.
     - The test is performed and some configurations are discarded.
     = The test is performed but no configuration is discarded.
     ! The test is performed and configurations could be discarded but elite configurations are preserved.
     . All alive configurations are elite and nothing is discarded.

+-+-----------+-----------+-----------+----------------+-----------+--------+-----+----+------+
| |   Instance|      Alive|       Best|       Mean best| Exp so far|  W time|  rho|KenW|  Qvar|
+-+-----------+-----------+-----------+----------------+-----------+--------+-----+----+------+
|x|         41|         11|          8|     828.5600000|         11|00:00:05|   NA|  NA|    NA|
|x|         26|         11|          8|     828.5600000|         12|00:00:02|+1.00|1.00|0.0000|
|x|         24|         11|          8|     828.5600000|         13|00:00:02|+1.00|1.00|0.0000|
|x|          8|         11|          8|     828.5600000|         14|00:00:02|+1.00|1.00|0.0000|
|x|         17|         11|          8|     828.5600000|         15|00:00:02|+1.00|1.00|0.0000|
|x|         11|         11|          8|     828.5600000|         16|00:00:02|+1.00|1.00|0.0000|
|x|         16|         11|          8|     828.5600000|         17|00:00:02|+1.00|1.00|0.0000|
|x|         19|         11|          8|     828.5600000|         18|00:00:02|+1.00|1.00|0.0000|
|x|         23|         11|          8|     828.5600000|         19|00:00:02|+1.00|1.00|0.0000|
|=|         32|         11|          8|     828.5600000|         20|00:00:02|+1.00|1.00|0.0000|
|x|         12|         11|          8|     828.5600000|         21|00:00:02|+1.00|1.00|0.0000|
|x|         36|         11|          8|     828.5600000|         22|00:00:02|+1.00|1.00|0.0000|
|x|          6|         11|          8|     828.5600000|         23|00:00:02|+1.00|1.00|0.0000|
|x|         21|         11|          8|     828.5600000|         24|00:00:02|+1.00|1.00|0.0000|
|x|         35|         11|          8|     828.5600000|         25|00:00:02|+1.00|1.00|0.0000|
|x|         34|         11|          8|     828.5600000|         26|00:00:02|+1.00|1.00|0.0000|
|x|         30|         11|          8|     828.5600000|         27|00:00:02|+1.00|1.00|0.0000|
|x|         18|         11|          8|     828.5600000|         28|00:00:02|+1.00|1.00|0.0000|
|x|         25|         11|          8|     828.5600000|         29|00:00:02|+1.00|1.00|0.0000|
|=|         15|         11|          8|     828.5600000|         30|00:00:02|+1.00|1.00|0.0000|
|x|         39|         11|          8|     828.5600000|         31|00:00:02|+1.00|1.00|0.0000|
|x|         29|         11|          8|     828.5600000|         32|00:00:02|+1.00|1.00|0.0000|
|x|         40|         11|          8|     828.5600000|         33|00:00:02|+1.00|1.00|0.0000|
|x|         27|         11|          8|     828.5600000|         34|00:00:02|+1.00|1.00|0.0000|
|x|         31|         11|          8|     828.5600000|         35|00:00:02|+1.00|1.00|0.0000|
|x|         38|         11|          8|     828.5600000|         36|00:00:02|+1.00|1.00|0.0000|
|x|          5|         11|          8|     828.5600000|         37|00:00:02|+1.00|1.00|0.0000|
|x|          7|         11|          8|     828.5600000|         38|00:00:02|+1.00|1.00|0.0000|
|x|         33|         11|          8|     828.5600000|         39|00:00:02|+1.00|1.00|0.0000|
|=|          2|         11|          8|     828.5600000|         40|00:00:02|+1.00|1.00|0.0000|
|x|          1|         11|          8|     828.5600000|         41|00:00:02|+1.00|1.00|0.0000|
|x|          4|         11|          8|     828.5600000|         42|00:00:02|+1.00|1.00|0.0000|
|x|         20|         11|          8|     828.5600000|         43|00:00:02|+1.00|1.00|0.0000|
|x|         22|         11|          8|     828.5600000|         44|00:00:02|+1.00|1.00|0.0000|
|x|         37|         11|          8|     828.5600000|         45|00:00:02|+1.00|1.00|0.0000|
|x|          9|         11|          8|     828.5600000|         46|00:00:02|+0.00|0.03|0.0253|
|x|         28|         11|          8|     828.5600000|         47|00:00:02|+0.00|0.03|0.0246|
|x|         13|         11|          8|     828.5600000|         48|00:00:02|+0.00|0.03|0.0239|
|x|         10|         11|          8|     828.5600000|         49|00:00:02|+0.00|0.03|0.0233|
|=|         14|         11|          8|     828.5600000|         50|00:00:02|+0.00|0.03|0.0227|
|x|          3|         11|          8|     828.5600000|         51|00:00:02|+0.00|0.02|0.0222|
|x|         42|         11|          8|     828.5600000|         62|00:00:04|+0.00|0.02|0.0216|
|x|         43|         11|          8|     828.5600000|         73|00:00:04|+0.00|0.02|0.0211|
|x|         44|         11|        101|     828.5600000|         84|00:00:04|-0.00|0.02|0.0414|
|x|         45|         11|        101|     828.5600000|         95|00:00:04|+0.01|0.03|0.0599|
|x|         46|         11|        101|     828.5600000|        106|00:00:04|+0.00|0.02|0.0787|
|x|         47|         11|        101|     828.5600000|        117|00:00:05|-0.00|0.02|0.0967|
|x|         48|         11|        101|     828.5600000|        128|00:00:04|-0.00|0.02|0.0947|
|x|         49|         11|        101|     828.5600000|        139|00:00:04|-0.00|0.02|0.0928|
|=|         50|         11|        101|     828.5600000|        150|00:00:04|+0.00|0.02|0.1087|
+-+-----------+-----------+-----------+----------------+-----------+--------+-----+----+------+
Best-so-far configuration:         101    mean value:      828.5600000
Description of the best-so-far configuration:
    .ID. his_len max_attempts .PARENT.
101  101    5972           21       42

# 2025-12-29 16:33:38 GMT: Elite configurations (first number is the configuration ID; listed from best to worst according to the sum of ranks):
    his_len max_attempts
101    5972           21
104    6140           39
106    5771           34
110    5881           19
132    6138           34
181    5971           21
8      6505           34
128    5849           33
136    6359           32
247    5783           35
# 2025-12-29 16:33:38 GMT: Stopped because there is not enough budget left to race more than the minimum (10).
# You may either increase the budget or set 'minNbSurvival' to a lower value.
# Iteration: 5
# nbIterations: 5
# experimentsUsed: 5960
# timeUsed: 0
# remainingBudget: 40
# currentBudget: 40
# number of elites: 10
# nbConfigurations: 10
# Total CPU user time: 12252.54, CPU sys time: 6053.592, Wall-clock time: 2312.729
# 2025-12-29 16:33:38 GMT: Starting post-selection:
# Configurations selected: 101, 104, 106, 110.
# Pending instances: 0, 0, 0, 0.
# 2025-12-29 16:33:38 GMT: seed: 412042065
# Configurations: 4
# Available experiments: 40
# minSurvival: 1
# Markers:
     x No test is performed.
     c Configurations are discarded only due to capping.
     - The test is performed and some configurations are discarded.
     = The test is performed but no configuration is discarded.
     ! The test is performed and configurations could be discarded but elite configurations are preserved.
     . All alive configurations are elite and nothing is discarded.

+-+-----------+-----------+-----------+----------------+-----------+--------+-----+----+------+
| |   Instance|      Alive|       Best|       Mean best| Exp so far|  W time|  rho|KenW|  Qvar|
+-+-----------+-----------+-----------+----------------+-----------+--------+-----+----+------+
|.|         41|          4|        101|     828.5600000|          0|00:00:00|   NA|  NA|    NA|
|.|         37|          4|        101|     828.5600000|          0|00:00:00|+1.00|1.00|0.0000|
|.|         29|          4|        101|     828.5600000|          0|00:00:00|+1.00|1.00|0.0000|
|.|         19|          4|        101|     828.5600000|          0|00:00:00|+1.00|1.00|0.0000|
|.|         13|          4|        101|     828.5600000|          0|00:00:00|+1.00|1.00|0.0000|
|.|         22|          4|        101|     828.5600000|          0|00:00:00|+1.00|1.00|0.0000|
|.|         17|          4|        101|     828.5600000|          0|00:00:00|+1.00|1.00|0.0000|
|.|         36|          4|        101|     828.5600000|          0|00:00:00|+1.00|1.00|0.0000|
|.|         48|          4|        101|     828.5600000|          0|00:00:00|+1.00|1.00|0.0000|
|.|          3|          4|        101|     828.5600000|          0|00:00:00|+1.00|1.00|0.0000|
|.|         10|          4|        101|     828.5600000|          0|00:00:00|+1.00|1.00|0.0000|
|.|         11|          4|        101|     828.5600000|          0|00:00:00|+1.00|1.00|0.0000|
|.|         35|          4|        101|     828.5600000|          0|00:00:00|+1.00|1.00|0.0000|
|.|         42|          4|        101|     828.5600000|          0|00:00:00|+1.00|1.00|0.0000|
|.|         38|          4|        101|     828.5600000|          0|00:00:00|+1.00|1.00|0.0000|
|.|          7|          4|        101|     828.5600000|          0|00:00:00|+1.00|1.00|0.0000|
|.|         23|          4|        101|     828.5600000|          0|00:00:00|+1.00|1.00|0.0000|
|.|         49|          4|        101|     828.5600000|          0|00:00:00|+1.00|1.00|0.0000|
|.|          9|          4|        101|     828.5600000|          0|00:00:00|+1.00|1.00|0.0000|
|.|         43|          4|        101|     828.5600000|          0|00:00:00|+1.00|1.00|0.0000|
|.|         34|          4|        101|     828.5600000|          0|00:00:00|+1.00|1.00|0.0000|
|.|          2|          4|        101|     828.5600000|          0|00:00:00|+1.00|1.00|0.0000|
|.|         50|          4|        101|     828.5600000|          0|00:00:00|+1.00|1.00|0.0000|
|.|         25|          4|        101|     828.5600000|          0|00:00:00|+1.00|1.00|0.0000|
|.|         26|          4|        101|     828.5600000|          0|00:00:00|+1.00|1.00|0.0000|
|.|         28|          4|        101|     828.5600000|          0|00:00:00|+1.00|1.00|0.0000|
|.|         18|          4|        101|     828.5600000|          0|00:00:00|+1.00|1.00|0.0000|
|.|         30|          4|        101|     828.5600000|          0|00:00:00|+1.00|1.00|0.0000|
|.|          4|          4|        101|     828.5600000|          0|00:00:00|+1.00|1.00|0.0000|
|.|          1|          4|        101|     828.5600000|          0|00:00:00|+1.00|1.00|0.0000|
|.|         15|          4|        101|     828.5600000|          0|00:00:00|+1.00|1.00|0.0000|
|.|         12|          4|        101|     828.5600000|          0|00:00:00|+1.00|1.00|0.0000|
|.|         24|          4|        101|     828.5600000|          0|00:00:00|+1.00|1.00|0.0000|
|.|          8|          4|        101|     828.5600000|          0|00:00:00|+1.00|1.00|0.0000|
|.|          6|          4|        101|     828.5600000|          0|00:00:00|+1.00|1.00|0.0000|
|.|         21|          4|        101|     828.5600000|          0|00:00:00|+1.00|1.00|0.0000|
|.|         31|          4|        101|     828.5600000|          0|00:00:00|+1.00|1.00|0.0000|
|.|         40|          4|        101|     828.5600000|          0|00:00:00|+1.00|1.00|0.0000|
|.|          5|          4|        101|     828.5600000|          0|00:00:00|+1.00|1.00|0.0000|
|.|         33|          4|        101|     828.5600000|          0|00:00:00|+1.00|1.00|0.0000|
|.|         32|          4|        101|     828.5600000|          0|00:00:00|+1.00|1.00|0.0000|
|.|         47|          4|        101|     828.5600000|          0|00:00:00|+1.00|1.00|0.0000|
|.|         14|          4|        101|     828.5600000|          0|00:00:00|+1.00|1.00|0.0000|
|.|         27|          4|        101|     828.5600000|          0|00:00:00|+1.00|1.00|0.0000|
|.|         16|          4|        101|     828.5600000|          0|00:00:00|+1.00|1.00|0.0000|
|.|         45|          4|        101|     828.5600000|          0|00:00:00|+1.00|1.00|0.0000|
|.|         20|          4|        101|     828.5600000|          0|00:00:00|+1.00|1.00|0.0000|
|.|         39|          4|        101|     828.5600000|          0|00:00:00|+1.00|1.00|0.0000|
|.|         46|          4|        101|     828.5600000|          0|00:00:00|+1.00|1.00|0.0000|
|.|         44|          4|        101|     828.5600000|          0|00:00:00|+1.00|1.00|0.0000|
|x|         51|          4|        101|     828.5600000|          4|00:00:02|+1.00|1.00|0.0000|
|x|         52|          4|        101|     828.5600000|          8|00:00:02|+1.00|1.00|0.0000|
|x|         53|          4|        101|     828.5600000|         12|00:00:02|+0.00|0.02|0.0142|
|x|         54|          4|        101|     828.5600000|         16|00:00:02|+0.00|0.02|0.0139|
|x|         55|          4|        101|     828.5600000|         20|00:00:02|+0.00|0.02|0.0136|
|x|         56|          4|        101|     828.5600000|         24|00:00:02|+0.00|0.02|0.0134|
|x|         57|          4|        101|     828.5600000|         28|00:00:02|+0.00|0.02|0.0132|
|x|         58|          4|        101|     828.5600000|         32|00:00:02|+0.00|0.02|0.0129|
|x|         59|          4|        101|     828.5600000|         36|00:00:02|+0.00|0.02|0.0127|
|=|         60|          4|        101|     828.5600000|         40|00:00:02|+0.00|0.02|0.0125|
+-+-----------+-----------+-----------+----------------+-----------+--------+-----+----+------+
Best-so-far configuration:         101    mean value:      828.5600000
Description of the best-so-far configuration:
    .ID. his_len max_attempts .PARENT.
101  101    5972           21       42

# 2025-12-29 16:34:03 GMT: Elite configurations (first number is the configuration ID; listed from best to worst according to the sum of ranks):
    his_len max_attempts
101    5972           21
104    6140           39
110    5881           19
106    5771           34
# Total CPU user time: 12329, CPU sys time: 6079.532, Wall-clock time: 2338.363
# Best configurations (first number is the configuration ID; listed from best to worst according to the sum of ranks):
    his_len max_attempts
101    5972           21
104    6140           39
110    5881           19
106    5771           34
# Best configurations as commandlines (first number is the configuration ID; listed from best to worst according to the sum of ranks):
101 -his_len 5972 -max_attempts 21
104 -his_len 6140 -max_attempts 39
110 -his_len 5881 -max_attempts 19
106 -his_len 5771 -max_attempts 34


# Testing of elite configurations: 1 
# Testing iteration configurations: FALSE 
# 2025-12-29 16:34:03 GMT: No test instances, skip testing
