Starting irace...
# 2025-12-29 15:54:39 GMT: Reading parameter file '/gpfs/home/e/exx866/IRACE-b-LAHC/all-instances-fine/E-n112-k8-s11/parameters.txt'.
# 2025-12-29 15:54:39 GMT: Read 1 configuration(s) from file '/gpfs/home/e/exx866/IRACE-b-LAHC/all-instances-fine/E-n112-k8-s11/configurations.txt'
# 2025-12-29 15:54:40 GMT: Initialization
# Elitist race
# Elitist new instances: 1
# Elitist limit: 2
# nbIterations: 3
# minNbSurvival: 10
# nbParameters: 2
# seed: 1214213411
# confidence level: 0.95
# budget: 6000
# mu: 10
# deterministic: FALSE

# 2025-12-29 15:54:40 GMT: Iteration 1 of 3
# experimentsUsed: 0
# remainingBudget: 6000
# currentBudget: 2000
# nbConfigurations: 100
# Markers:
     x No test is performed.
     c Configurations are discarded only due to capping.
     - The test is performed and some configurations are discarded.
     = The test is performed but no configuration is discarded.
     ! The test is performed and configurations could be discarded but elite configurations are preserved.
     . All alive configurations are elite and nothing is discarded.

+-+-----------+-----------+-----------+----------------+-----------+--------+-----+----+------+
| |   Instance|      Alive|       Best|       Mean best| Exp so far|  W time|  rho|KenW|  Qvar|
+-+-----------+-----------+-----------+----------------+-----------+--------+-----+----+------+
|x|          1|        100|          6|     831.1100000|        100|00:00:37|   NA|  NA|    NA|
|x|          2|        100|         19|     831.1100000|        200|00:00:37|-0.09|0.46|1.0534|
|x|          3|        100|         19|     831.1100000|        300|00:00:37|-0.07|0.29|1.0531|
|x|          4|        100|         17|     831.2325000|        400|00:00:37|-0.03|0.23|1.0133|
|x|          5|        100|         92|     831.4800000|        500|00:00:37|+0.00|0.20|0.9810|
|x|          6|        100|         86|     831.5666667|        600|00:00:35|-0.00|0.17|0.9815|
|x|          7|        100|         19|     831.5514286|        700|00:00:37|-0.00|0.14|0.9852|
|x|          8|        100|         86|     832.2500000|        800|00:00:37|-0.00|0.12|0.9835|
|x|          9|        100|         86|     832.4277778|        900|00:00:35|-0.00|0.11|0.9909|
|=|         10|        100|        100|     832.2110000|       1000|00:00:37|-0.01|0.09|0.9959|
|x|         11|        100|        100|     832.1172727|       1100|00:00:37|-0.01|0.09|0.9946|
|x|         12|        100|        100|     832.2308333|       1200|00:00:37|-0.00|0.08|0.9897|
|x|         13|        100|        100|     832.3800000|       1300|00:00:36|-0.00|0.07|0.9899|
|x|         14|        100|        100|     832.2892857|       1400|00:00:38|-0.01|0.07|0.9932|
|x|         15|        100|        100|     832.4700000|       1500|00:00:36|-0.00|0.06|0.9909|
|x|         16|        100|        100|     832.6306250|       1600|00:00:36|-0.00|0.06|0.9921|
|x|         17|        100|         17|     832.5876471|       1700|00:00:37|-0.00|0.06|0.9914|
|x|         18|        100|         17|     832.5327778|       1800|00:00:36|-0.00|0.05|0.9890|
|x|         19|        100|         17|     832.6494737|       1900|00:00:37|+0.00|0.05|0.9863|
|=|         20|        100|         17|     832.6615000|       2000|00:00:37|+0.00|0.05|0.9863|
+-+-----------+-----------+-----------+----------------+-----------+--------+-----+----+------+
Best-so-far configuration:          17    mean value:      832.6615000
Description of the best-so-far configuration:
   .ID. his_len max_attempts .PARENT.
17   17    5024            1       NA

# 2025-12-29 16:06:59 GMT: Elite configurations (first number is the configuration ID; listed from best to worst according to the sum of ranks):
    his_len max_attempts
17     5024            1
37     3890            5
27     3581            3
81     3667            2
78     4217            4
100    4457            1
86     4698            2
90     5110            3
2      3787            3
96     3736            3
# 2025-12-29 16:06:59 GMT: Iteration 2 of 3
# experimentsUsed: 2000
# remainingBudget: 4000
# currentBudget: 2000
# nbConfigurations: 73
# Markers:
     x No test is performed.
     c Configurations are discarded only due to capping.
     - The test is performed and some configurations are discarded.
     = The test is performed but no configuration is discarded.
     ! The test is performed and configurations could be discarded but elite configurations are preserved.
     . All alive configurations are elite and nothing is discarded.

+-+-----------+-----------+-----------+----------------+-----------+--------+-----+----+------+
| |   Instance|      Alive|       Best|       Mean best| Exp so far|  W time|  rho|KenW|  Qvar|
+-+-----------+-----------+-----------+----------------+-----------+--------+-----+----+------+
|x|         21|         73|         17|     831.1100000|         73|00:00:26|   NA|  NA|    NA|
|x|         16|         73|        111|     831.1100000|        136|00:00:23|-0.00|0.50|1.0502|
|x|          1|         73|        111|     831.1100000|        199|00:00:23|+0.02|0.35|0.9695|
|x|         10|         73|        119|     831.5675000|        262|00:00:22|-0.01|0.24|0.9793|
|x|         20|         73|        119|     831.4760000|        325|00:00:22|+0.02|0.21|0.9581|
|x|          3|         73|         17|     832.1250000|        388|00:00:22|+0.00|0.17|0.9757|
|x|          5|         73|        151|     832.1257143|        451|00:00:23|+0.00|0.14|0.9797|
|x|          7|         73|        119|     832.0387500|        514|00:00:23|-0.00|0.12|0.9808|
|x|         17|         73|        119|     832.2511111|        577|00:00:24|+0.01|0.12|0.9768|
|=|          6|         73|        119|     832.2820000|        640|00:00:23|+0.01|0.11|0.9671|
|x|         12|         73|          2|     832.2218182|        703|00:00:22|+0.03|0.11|0.9571|
|x|          4|         73|          2|     832.1291667|        766|00:00:22|+0.03|0.11|0.9481|
|x|         19|         73|          2|     832.2746154|        829|00:00:22|+0.02|0.10|0.9581|
|x|         15|         73|        119|     832.3850000|        892|00:00:23|+0.02|0.09|0.9655|
|x|         13|         73|         81|     832.4033333|        955|00:00:23|+0.01|0.08|0.9689|
|x|         14|         73|         81|     832.5025000|       1018|00:00:22|+0.01|0.07|0.9755|
|x|          9|         73|        119|     832.6752941|       1081|00:00:23|+0.00|0.06|0.9804|
|x|         18|         73|         81|     832.5933333|       1144|00:00:22|+0.01|0.06|0.9763|
|x|          2|         73|         17|     832.7431579|       1207|00:00:22|+0.01|0.06|0.9761|
|=|          8|         73|         17|     832.6615000|       1270|00:00:23|+0.01|0.06|0.9742|
|x|         11|         73|         17|     832.5876190|       1333|00:00:23|+0.01|0.06|0.9751|
|x|         22|         73|         17|     832.5204545|       1406|00:00:26|+0.01|0.05|0.9752|
|x|         23|         73|         17|     832.5639130|       1479|00:00:26|+0.01|0.05|0.9761|
|x|         24|         73|         17|     832.6512500|       1552|00:00:27|+0.01|0.05|0.9737|
|x|         25|         73|         17|     832.6684000|       1625|00:00:26|+0.01|0.05|0.9728|
|x|         26|         73|         17|     832.7515385|       1698|00:00:26|+0.01|0.04|0.9771|
|x|         27|         73|         17|     832.7600000|       1771|00:00:26|+0.01|0.05|0.9742|
|x|         28|         73|         17|     832.7010714|       1844|00:00:27|+0.01|0.05|0.9722|
|x|         29|         73|         17|     832.7641379|       1917|00:00:26|+0.01|0.04|0.9773|
|=|         30|         73|         17|     832.7090000|       1990|00:00:25|+0.01|0.04|0.9772|
+-+-----------+-----------+-----------+----------------+-----------+--------+-----+----+------+
Best-so-far configuration:          17    mean value:      832.7090000
Description of the best-so-far configuration:
   .ID. his_len max_attempts .PARENT.
17   17    5024            1       NA

# 2025-12-29 16:19:07 GMT: Elite configurations (first number is the configuration ID; listed from best to worst according to the sum of ranks):
    his_len max_attempts
17     5024            1
128    4917            3
119    3644            3
132    3527            3
135    3471            3
114    3565            2
27     3581            3
78     4217            4
86     4698            2
2      3787            3
# 2025-12-29 16:19:07 GMT: Iteration 3 of 3
# experimentsUsed: 3990
# remainingBudget: 2010
# currentBudget: 2010
# nbConfigurations: 57
# Markers:
     x No test is performed.
     c Configurations are discarded only due to capping.
     - The test is performed and some configurations are discarded.
     = The test is performed but no configuration is discarded.
     ! The test is performed and configurations could be discarded but elite configurations are preserved.
     . All alive configurations are elite and nothing is discarded.

+-+-----------+-----------+-----------+----------------+-----------+--------+-----+----+------+
| |   Instance|      Alive|       Best|       Mean best| Exp so far|  W time|  rho|KenW|  Qvar|
+-+-----------+-----------+-----------+----------------+-----------+--------+-----+----+------+
|x|         31|         57|        119|     831.1100000|         57|00:00:21|   NA|  NA|    NA|
|x|         29|         57|        173|     831.1100000|        104|00:00:17|-0.18|0.41|1.1530|
|x|         16|         57|        194|     831.2733333|        151|00:00:17|-0.15|0.23|1.1274|
|x|         25|         57|        166|     832.0825000|        198|00:00:16|-0.10|0.18|1.0937|
|x|          4|         57|        188|     832.2960000|        245|00:00:17|-0.07|0.14|1.0481|
|x|          3|         57|         78|     832.2533333|        292|00:00:17|-0.02|0.15|1.0060|
|x|         18|         57|         78|     832.0900000|        339|00:00:17|-0.03|0.12|1.0139|
|x|          8|         57|         78|     832.0287500|        386|00:00:17|-0.01|0.11|0.9950|
|x|         11|         57|         17|     832.0211111|        433|00:00:17|+0.01|0.12|0.9780|
|=|         19|         57|         78|     832.1600000|        480|00:00:17|-0.00|0.10|0.9850|
|x|          9|         57|         78|     832.2672727|        527|00:00:17|-0.01|0.09|0.9898|
|x|         26|         57|         78|     832.5058333|        574|00:00:16|-0.01|0.07|0.9903|
|x|         10|         57|         78|     832.6184615|        621|00:00:17|-0.01|0.06|0.9944|
|x|          7|         57|         78|     832.6992857|        668|00:00:16|-0.00|0.07|0.9873|
|x|         21|         57|         78|     832.5933333|        715|00:00:16|-0.00|0.06|0.9856|
|x|         28|         57|         78|     832.6487500|        762|00:00:18|+0.00|0.06|0.9800|
|x|         15|         57|         78|     832.5582353|        809|00:00:18|+0.01|0.07|0.9739|
|x|         27|         57|         78|     832.4777778|        856|00:00:16|+0.01|0.06|0.9700|
|x|         22|         57|         78|     832.6078947|        903|00:00:17|+0.01|0.06|0.9718|
|=|         17|         57|         78|     832.6830000|        950|00:00:16|+0.01|0.06|0.9715|
|x|          2|         57|         78|     832.6985714|        997|00:00:17|+0.01|0.06|0.9693|
|x|          1|         57|         17|     832.5745455|       1044|00:00:17|+0.01|0.06|0.9672|
|x|         12|         57|         17|     832.5560870|       1091|00:00:16|+0.01|0.06|0.9639|
|x|          5|         57|         78|     832.6554167|       1138|00:00:17|+0.01|0.06|0.9633|
|x|         23|         57|         78|     832.6712000|       1185|00:00:17|+0.02|0.06|0.9607|
|x|         13|         57|         78|     832.7407692|       1232|00:00:17|+0.02|0.06|0.9604|
|x|         24|         57|         78|     832.8237037|       1279|00:00:17|+0.02|0.05|0.9599|
|x|          6|         57|         17|     832.7546429|       1326|00:00:16|+0.02|0.05|0.9585|
|x|         30|         57|         17|     832.6979310|       1373|00:00:17|+0.02|0.05|0.9582|
|-|         20|         29|         17|     832.7043333|       1420|00:00:17|-0.01|0.02|0.9784|
|x|         14|         29|         17|     832.7164516|       1439|00:00:07|-0.02|0.02|0.9805|
|x|         32|         29|         17|     832.7700000|       1468|00:00:10|-0.02|0.02|0.9793|
|x|         33|         29|         17|     832.7196970|       1497|00:00:10|-0.01|0.02|0.9774|
|x|         34|         29|         17|     832.6723529|       1526|00:00:11|-0.01|0.02|0.9747|
|x|         35|         29|         17|     832.7297143|       1555|00:00:11|-0.01|0.02|0.9748|
|x|         36|         29|         17|     832.6847222|       1584|00:00:11|-0.01|0.02|0.9750|
|x|         37|         29|         17|     832.6421622|       1613|00:00:11|-0.01|0.02|0.9738|
|x|         38|         29|         17|     832.6997368|       1642|00:00:11|-0.01|0.02|0.9741|
|x|         39|         29|         17|     832.6846154|       1671|00:00:11|-0.01|0.02|0.9742|
|=|         40|         29|         17|     832.6452500|       1700|00:00:10|-0.01|0.02|0.9725|
|x|         41|         29|         17|     832.6824390|       1729|00:00:10|-0.01|0.02|0.9726|
|x|         42|         29|         17|     832.7057143|       1758|00:00:10|-0.01|0.02|0.9724|
|x|         43|         29|         17|     832.7653488|       1787|00:00:11|-0.01|0.02|0.9727|
|x|         44|         29|         17|     832.7277273|       1816|00:00:11|-0.01|0.02|0.9721|
|x|         45|         29|         17|     832.7444444|       1845|00:00:11|-0.01|0.02|0.9720|
|x|         46|         29|         17|     832.7763043|       1874|00:00:11|-0.01|0.02|0.9713|
|x|         47|         29|         17|     832.7408511|       1903|00:00:10|-0.01|0.02|0.9706|
|x|         48|         29|         17|     832.7479167|       1932|00:00:11|-0.01|0.01|0.9719|
|x|         49|         29|         17|     832.7144898|       1961|00:00:10|-0.01|0.01|0.9713|
|=|         50|         29|         17|     832.6824000|       1990|00:00:11|-0.00|0.02|0.9698|
+-+-----------+-----------+-----------+----------------+-----------+--------+-----+----+------+
Best-so-far configuration:          17    mean value:      832.6824000
Description of the best-so-far configuration:
   .ID. his_len max_attempts .PARENT.
17   17    5024            1       NA

# 2025-12-29 16:31:26 GMT: Elite configurations (first number is the configuration ID; listed from best to worst according to the sum of ranks):
    his_len max_attempts
17     5024            1
78     4217            4
189    4708            2
2      3787            3
128    4917            3
119    3644            3
201    3547            2
27     3581            3
132    3527            3
114    3565            2
# 2025-12-29 16:31:26 GMT: Stopped because there is not enough budget left to race more than the minimum (10).
# You may either increase the budget or set 'minNbSurvival' to a lower value.
# Iteration: 4
# nbIterations: 4
# experimentsUsed: 5980
# timeUsed: 0
# remainingBudget: 20
# currentBudget: 20
# number of elites: 10
# nbConfigurations: 10
# Total CPU user time: 12965.76, CPU sys time: 6062.006, Wall-clock time: 2206.267
# 2025-12-29 16:31:26 GMT: Starting post-selection:
# Configurations selected: 17, 78.
# Pending instances: 0, 0.
# 2025-12-29 16:31:26 GMT: seed: 1214213411
# Configurations: 2
# Available experiments: 20
# minSurvival: 1
# Markers:
     x No test is performed.
     c Configurations are discarded only due to capping.
     - The test is performed and some configurations are discarded.
     = The test is performed but no configuration is discarded.
     ! The test is performed and configurations could be discarded but elite configurations are preserved.
     . All alive configurations are elite and nothing is discarded.

+-+-----------+-----------+-----------+----------------+-----------+--------+-----+----+------+
| |   Instance|      Alive|       Best|       Mean best| Exp so far|  W time|  rho|KenW|  Qvar|
+-+-----------+-----------+-----------+----------------+-----------+--------+-----+----+------+
|.|         50|          2|         17|     831.1100000|          0|00:00:00|   NA|  NA|    NA|
|.|         29|          2|         17|     832.8200000|          0|00:00:00|+0.00|0.50|0.2500|
|.|         49|          2|         17|     832.2500000|          0|00:00:00|-0.50|0.00|0.5000|
|.|         22|          2|         17|     831.9650000|          0|00:00:00|-0.22|0.08|0.4583|
|.|         20|          2|         17|     832.1500000|          0|00:00:00|+0.00|0.20|0.4000|
|.|         12|          2|         17|     832.1500000|          0|00:00:00|-0.16|0.03|0.4833|
|.|         28|          2|         17|     832.0014286|          0|00:00:00|-0.06|0.10|0.4524|
|.|          5|          2|         17|     832.3162500|          0|00:00:00|-0.12|0.02|0.4911|
|.|         43|          2|         17|     832.6444444|          0|00:00:00|-0.12|0.00|0.5000|
|.|         48|          2|         17|     832.6880000|          0|00:00:00|-0.10|0.01|0.4944|
|.|         33|          2|         17|     832.5445455|          0|00:00:00|-0.09|0.01|0.4455|
|.|         21|          2|         17|     832.4250000|          0|00:00:00|-0.08|0.01|0.4053|
|.|         13|          2|         17|     832.5869231|          0|00:00:00|-0.08|0.00|0.4167|
|.|         24|          2|         17|     832.7350000|          0|00:00:00|-0.07|0.01|0.4203|
|.|         45|          2|         17|     832.7846667|          0|00:00:00|-0.05|0.02|0.4190|
|.|         46|          2|         17|     832.8737500|          0|00:00:00|-0.02|0.04|0.4146|
|.|          7|          2|         17|     833.0229412|          0|00:00:00|-0.04|0.02|0.4301|
|.|          9|          2|         17|     833.1027778|          0|00:00:00|-0.05|0.00|0.4395|
|.|         41|          2|         17|     833.1589474|          0|00:00:00|-0.06|0.00|0.4444|
|.|         37|          2|         17|     833.0565000|          0|00:00:00|-0.05|0.00|0.4461|
|.|         16|          2|         17|     832.9871429|          0|00:00:00|-0.04|0.01|0.4452|
|.|         19|          2|         17|     833.0672727|          0|00:00:00|-0.05|0.00|0.4513|
|.|         32|          2|         17|     833.1265217|          0|00:00:00|-0.05|0.00|0.4545|
|.|         34|          2|         17|     833.0425000|          0|00:00:00|-0.04|0.00|0.4348|
|.|          1|          2|         17|     832.9848000|          0|00:00:00|-0.04|0.00|0.4367|
|.|         36|          2|         17|     832.9126923|          0|00:00:00|-0.03|0.01|0.4369|
|.|         40|          2|         17|     832.8459259|          0|00:00:00|-0.02|0.01|0.4359|
|.|         42|          2|         17|     832.8750000|          0|00:00:00|-0.01|0.02|0.4339|
|.|          8|          2|         17|     832.8141379|          0|00:00:00|+0.00|0.03|0.4310|
|.|         31|          2|         17|     832.8183333|          0|00:00:00|-0.01|0.02|0.4391|
|.|         27|          2|         17|     832.8235484|          0|00:00:00|-0.02|0.01|0.4452|
|.|         18|          2|         17|     832.7853125|          0|00:00:00|-0.03|0.00|0.4496|
|.|         26|          2|         17|     832.8472727|          0|00:00:00|-0.02|0.01|0.4489|
|.|         44|          2|         17|     832.7961765|          0|00:00:00|-0.01|0.02|0.4474|
|.|          2|          2|         17|     832.7480000|          0|00:00:00|-0.01|0.02|0.4454|
|.|         39|          2|         17|     832.7302778|          0|00:00:00|-0.01|0.01|0.4508|
|.|         10|          2|         17|     832.7764865|          0|00:00:00|-0.02|0.01|0.4550|
|.|         35|          2|         17|     832.8265789|          0|00:00:00|-0.02|0.00|0.4580|
|.|          6|          2|         17|     832.7825641|          0|00:00:00|-0.02|0.01|0.4575|
|.|         38|          2|         17|     832.8337500|          0|00:00:00|-0.02|0.00|0.4603|
|.|         17|          2|         17|     832.7917073|          0|00:00:00|-0.02|0.01|0.4598|
|.|         11|          2|         17|     832.7516667|          0|00:00:00|-0.01|0.01|0.4588|
|.|         14|          2|         17|     832.7593023|          0|00:00:00|-0.01|0.01|0.4574|
|.|         30|          2|         17|     832.7218182|          0|00:00:00|-0.00|0.02|0.4556|
|.|         25|          2|         17|     832.7297778|          0|00:00:00|-0.01|0.01|0.4596|
|.|          4|          2|         17|     832.6945652|          0|00:00:00|-0.01|0.01|0.4495|
|.|         47|          2|         17|     832.6608511|          0|00:00:00|-0.00|0.02|0.4482|
|.|         23|          2|         17|     832.6787500|          0|00:00:00|-0.01|0.01|0.4519|
|.|         15|          2|         17|     832.7144898|          0|00:00:00|-0.01|0.01|0.4549|
|.|          3|          2|         17|     832.6824000|          0|00:00:00|-0.01|0.01|0.4457|
|x|         51|          2|         17|     832.7449020|          2|00:00:02|-0.02|0.00|0.4482|
|x|         52|          2|         17|     832.7861538|          4|00:00:02|-0.02|0.00|0.4502|
|x|         53|          2|         17|     832.7545283|          6|00:00:02|-0.02|0.00|0.4503|
|x|         54|          2|         17|     832.7331481|          8|00:00:02|-0.02|0.00|0.4521|
|x|         55|          2|         17|     832.7576364|         10|00:00:02|-0.02|0.00|0.4535|
|x|         56|          2|         17|     832.7955357|         12|00:00:02|-0.02|0.00|0.4545|
|x|         57|          2|         17|     832.8022807|         14|00:00:02|-0.02|0.00|0.4552|
|x|         58|          2|         17|     832.8158621|         16|00:00:02|-0.02|0.00|0.4561|
|x|         59|          2|         17|     832.8203390|         18|00:00:02|-0.02|0.00|0.4568|
|=|         60|          2|         17|     832.8491667|         20|00:00:02|-0.02|0.00|0.4576|
+-+-----------+-----------+-----------+----------------+-----------+--------+-----+----+------+
Best-so-far configuration:          17    mean value:      832.8491667
Description of the best-so-far configuration:
   .ID. his_len max_attempts .PARENT.
17   17    5024            1       NA

# 2025-12-29 16:31:51 GMT: Elite configurations (first number is the configuration ID; listed from best to worst according to the sum of ranks):
   his_len max_attempts
17    5024            1
78    4217            4
# Total CPU user time: 13007.87, CPU sys time: 6070.263, Wall-clock time: 2232.004
# Best configurations (first number is the configuration ID; listed from best to worst according to the sum of ranks):
   his_len max_attempts
17    5024            1
78    4217            4
# Best configurations as commandlines (first number is the configuration ID; listed from best to worst according to the sum of ranks):
17 -his_len 5024 -max_attempts 1
78 -his_len 4217 -max_attempts 4


# Testing of elite configurations: 1 
# Testing iteration configurations: FALSE 
# 2025-12-29 16:31:51 GMT: No test instances, skip testing
