Starting irace...
# 2025-12-29 16:14:08 GMT: Reading parameter file '/gpfs/home/e/exx866/IRACE-b-LAHC/all-instances-fine/X-n147-k7-s4/parameters.txt'.
# 2025-12-29 16:14:09 GMT: Read 1 configuration(s) from file '/gpfs/home/e/exx866/IRACE-b-LAHC/all-instances-fine/X-n147-k7-s4/configurations.txt'
# 2025-12-29 16:14:09 GMT: Initialization
# Elitist race
# Elitist new instances: 1
# Elitist limit: 2
# nbIterations: 3
# minNbSurvival: 10
# nbParameters: 2
# seed: 732983381
# confidence level: 0.95
# budget: 6000
# mu: 10
# deterministic: FALSE

# 2025-12-29 16:14:09 GMT: Iteration 1 of 3
# experimentsUsed: 0
# remainingBudget: 6000
# currentBudget: 2000
# nbConfigurations: 100
# Markers:
     x No test is performed.
     c Configurations are discarded only due to capping.
     - The test is performed and some configurations are discarded.
     = The test is performed but no configuration is discarded.
     ! The test is performed and configurations could be discarded but elite configurations are preserved.
     . All alive configurations are elite and nothing is discarded.

+-+-----------+-----------+-----------+----------------+-----------+--------+-----+----+------+
| |   Instance|      Alive|       Best|       Mean best| Exp so far|  W time|  rho|KenW|  Qvar|
+-+-----------+-----------+-----------+----------------+-----------+--------+-----+----+------+
|x|          1|        100|         82|     15806.77000|        100|00:00:40|   NA|  NA|    NA|
|x|          2|        100|         45|     15903.23000|        200|00:00:38|+0.31|0.66|0.7062|
|x|          3|        100|         17|     15911.20000|        300|00:00:40|+0.14|0.43|0.8903|
|x|          4|        100|         16|     15879.29500|        400|00:00:39|+0.12|0.34|0.9060|
|x|          5|        100|         17|     15907.67400|        500|00:00:40|+0.13|0.31|0.8896|
|x|          6|        100|         74|     15914.72833|        600|00:00:40|+0.11|0.26|0.9068|
|x|          7|        100|         17|     15917.11429|        700|00:00:38|+0.10|0.23|0.9169|
|x|          8|        100|         16|     15905.35750|        800|00:00:40|+0.10|0.21|0.9159|
|x|          9|        100|         74|     15913.92889|        900|00:00:39|+0.13|0.22|0.8849|
|-|         10|         25|         74|     15910.65600|       1000|00:00:40|-0.04|0.06|0.9902|
|x|         11|         25|         17|     15905.81818|       1025|00:00:11|-0.03|0.06|0.9828|
|x|         12|         25|         17|     15893.26833|       1050|00:00:11|-0.01|0.07|0.9639|
|x|         13|         25|         17|     15893.66769|       1075|00:00:11|-0.01|0.07|0.9626|
|x|         14|         25|         17|     15905.58143|       1100|00:00:11|-0.00|0.07|0.9579|
|x|         15|         25|         17|     15900.10733|       1125|00:00:11|-0.00|0.06|0.9682|
|x|         16|         25|         17|     15893.55625|       1150|00:00:11|+0.01|0.07|0.9558|
|x|         17|         25|         17|     15907.73059|       1175|00:00:10|+0.01|0.07|0.9563|
|x|         18|         25|         17|     15910.80111|       1200|00:00:11|+0.01|0.06|0.9551|
|x|         19|         25|         17|     15910.63632|       1225|00:00:11|+0.01|0.06|0.9590|
|=|         20|         25|         17|     15919.06500|       1250|00:00:11|+0.01|0.06|0.9593|
|x|         21|         25|         17|     15920.00381|       1275|00:00:12|+0.01|0.05|0.9583|
|x|         22|         25|         17|     15919.13864|       1300|00:00:10|+0.01|0.05|0.9588|
|x|         23|         25|         17|     15918.63522|       1325|00:00:12|+0.01|0.05|0.9579|
|x|         24|         25|         17|     15917.66417|       1350|00:00:11|+0.01|0.05|0.9531|
|x|         25|         25|         17|     15926.93240|       1375|00:00:11|+0.01|0.05|0.9576|
|x|         26|         25|         17|     15929.31692|       1400|00:00:11|+0.00|0.04|0.9602|
|x|         27|         25|         17|     15929.59778|       1425|00:00:11|+0.00|0.04|0.9624|
|x|         28|         25|         17|     15931.98607|       1450|00:00:12|-0.00|0.04|0.9661|
|x|         29|         25|         17|     15934.82931|       1475|00:00:12|+0.00|0.04|0.9665|
|=|         30|         25|         17|     15932.05100|       1500|00:00:10|+0.01|0.04|0.9617|
+-+-----------+-----------+-----------+----------------+-----------+--------+-----+----+------+
Best-so-far configuration:          17    mean value:      15932.05100
Description of the best-so-far configuration:
   .ID. his_len max_attempts .PARENT.
17   17    3189          174       NA

# 2025-12-29 16:24:38 GMT: Elite configurations (first number is the configuration ID; listed from best to worst according to the sum of ranks):
    his_len max_attempts
17     3189          174
74     3741          114
95     4786           81
45     4757           95
20     3305          119
48     3363          110
56     5803           62
100    3915           79
16     5048          115
79     3276          159
# 2025-12-29 16:24:38 GMT: Iteration 2 of 3
# experimentsUsed: 1500
# remainingBudget: 4500
# currentBudget: 2250
# nbConfigurations: 63
# Markers:
     x No test is performed.
     c Configurations are discarded only due to capping.
     - The test is performed and some configurations are discarded.
     = The test is performed but no configuration is discarded.
     ! The test is performed and configurations could be discarded but elite configurations are preserved.
     . All alive configurations are elite and nothing is discarded.

+-+-----------+-----------+-----------+----------------+-----------+--------+-----+----+------+
| |   Instance|      Alive|       Best|       Mean best| Exp so far|  W time|  rho|KenW|  Qvar|
+-+-----------+-----------+-----------+----------------+-----------+--------+-----+----+------+
|x|         31|         63|        150|     15776.91000|         63|00:00:25|   NA|  NA|    NA|
|x|         25|         63|        113|     15848.14500|        116|00:00:21|+0.23|0.62|0.9533|
|x|         30|         63|        113|     15880.55000|        169|00:00:22|-0.01|0.33|1.0204|
|x|          8|         63|        141|     15914.11500|        222|00:00:21|-0.02|0.23|1.0249|
|x|          5|         63|        141|     15916.75800|        275|00:00:21|+0.00|0.20|1.0220|
|x|         27|         63|        138|     15893.99333|        328|00:00:20|-0.02|0.15|1.0305|
|x|         22|         63|        138|     15896.15143|        381|00:00:21|-0.02|0.12|1.0209|
|x|         13|         63|        130|     15920.13250|        434|00:00:21|-0.02|0.11|1.0099|
|x|         23|         63|         17|     15938.30333|        487|00:00:22|-0.01|0.10|1.0036|
|=|         14|         63|        118|     15930.72400|        540|00:00:22|-0.00|0.10|0.9942|
|x|          1|         63|         17|     15946.54818|        593|00:00:22|-0.00|0.09|0.9976|
|x|         10|         63|         17|     15930.32083|        646|00:00:22|+0.00|0.09|0.9942|
|x|          4|         63|         17|     15925.11769|        699|00:00:20|+0.01|0.08|0.9890|
|x|         20|         63|         74|     15921.26786|        752|00:00:20|+0.01|0.08|0.9858|
|x|         11|         63|         17|     15928.73600|        805|00:00:21|+0.01|0.07|0.9884|
|x|          2|         63|         17|     15927.00125|        858|00:00:21|+0.01|0.07|0.9867|
|x|          7|         63|         17|     15925.69294|        911|00:00:20|+0.01|0.07|0.9892|
|x|         17|         63|         17|     15937.29444|        964|00:00:20|+0.01|0.06|0.9893|
|x|         26|         63|         17|     15940.01211|       1017|00:00:21|+0.01|0.06|0.9827|
|=|         15|         63|         17|     15934.18500|       1070|00:00:21|+0.01|0.06|0.9798|
|x|         28|         63|         17|     15937.15095|       1123|00:00:21|+0.01|0.06|0.9854|
|x|         16|         63|         17|     15930.70273|       1176|00:00:21|+0.02|0.06|0.9788|
|x|         29|         63|         17|     15934.34348|       1229|00:00:22|+0.02|0.06|0.9802|
|x|         18|         63|         17|     15935.53750|       1282|00:00:22|+0.01|0.05|0.9829|
|x|         21|         63|         17|     15935.66720|       1335|00:00:21|+0.02|0.06|0.9776|
|x|         24|         63|         17|     15934.11577|       1388|00:00:22|+0.02|0.05|0.9794|
|x|         19|         63|         17|     15933.13630|       1441|00:00:21|+0.02|0.05|0.9768|
|x|          6|         63|         17|     15934.69107|       1494|00:00:21|+0.01|0.05|0.9791|
|x|         12|         63|         17|     15928.50241|       1547|00:00:22|+0.01|0.05|0.9785|
|-|          9|         27|         17|     15931.75733|       1600|00:00:21|-0.02|0.02|0.9792|
|x|          3|         27|         17|     15931.56452|       1617|00:00:08|-0.02|0.02|0.9792|
|x|         32|         27|         17|     15933.09687|       1644|00:00:11|-0.02|0.02|0.9793|
|x|         33|         27|         17|     15940.10909|       1671|00:00:13|-0.02|0.01|0.9792|
|x|         34|         27|         17|     15936.44735|       1698|00:00:13|-0.01|0.02|0.9755|
|x|         35|         27|         17|     15936.76543|       1725|00:00:12|-0.01|0.01|0.9768|
|x|         36|         27|         17|     15939.65667|       1752|00:00:12|-0.02|0.01|0.9766|
|x|         37|         27|         17|     15941.45000|       1779|00:00:12|-0.02|0.01|0.9750|
|x|         38|         27|         17|     15943.22474|       1806|00:00:12|-0.02|0.01|0.9752|
|x|         39|         27|         17|     15942.27872|       1833|00:00:11|-0.02|0.01|0.9750|
|=|         40|         27|         17|     15942.31375|       1860|00:00:12|-0.01|0.01|0.9746|
|x|         41|         27|         17|     15945.34537|       1887|00:00:11|-0.01|0.01|0.9749|
|x|         42|         27|         17|     15951.73667|       1914|00:00:12|-0.02|0.01|0.9757|
|x|         43|         27|         17|     15950.15698|       1941|00:00:11|-0.01|0.01|0.9741|
|x|         44|         27|         17|     15949.19045|       1968|00:00:12|-0.01|0.01|0.9747|
|x|         45|         27|         17|     15949.99778|       1995|00:00:12|-0.01|0.01|0.9734|
|x|         46|         27|         17|     15949.90717|       2022|00:00:12|-0.01|0.01|0.9737|
|x|         47|         27|         17|     15950.66915|       2049|00:00:12|-0.01|0.01|0.9727|
|x|         48|         27|         17|     15949.58729|       2076|00:00:11|-0.01|0.01|0.9733|
|x|         49|         27|         17|     15952.10694|       2103|00:00:11|-0.01|0.01|0.9732|
|=|         50|         27|         17|     15951.62540|       2130|00:00:11|-0.01|0.01|0.9733|
+-+-----------+-----------+-----------+----------------+-----------+--------+-----+----+------+
Best-so-far configuration:          17    mean value:      15951.62540
Description of the best-so-far configuration:
   .ID. his_len max_attempts .PARENT.
17   17    3189          174       NA

# 2025-12-29 16:39:32 GMT: Elite configurations (first number is the configuration ID; listed from best to worst according to the sum of ranks):
    his_len max_attempts
17     3189          174
148    4982           77
113    4077          100
124    4167           77
74     3741          114
95     4786           81
140    4672          107
45     4757           95
106    4739           86
105    3635          119
# 2025-12-29 16:39:32 GMT: Iteration 3 of 3
# experimentsUsed: 3630
# remainingBudget: 2370
# currentBudget: 2370
# nbConfigurations: 47
# Markers:
     x No test is performed.
     c Configurations are discarded only due to capping.
     - The test is performed and some configurations are discarded.
     = The test is performed but no configuration is discarded.
     ! The test is performed and configurations could be discarded but elite configurations are preserved.
     . All alive configurations are elite and nothing is discarded.

+-+-----------+-----------+-----------+----------------+-----------+--------+-----+----+------+
| |   Instance|      Alive|       Best|       Mean best| Exp so far|  W time|  rho|KenW|  Qvar|
+-+-----------+-----------+-----------+----------------+-----------+--------+-----+----+------+
|x|         51|         47|        170|     15739.20000|         47|00:00:19|   NA|  NA|    NA|
|x|          5|         47|        186|     15882.54000|         84|00:00:16|+0.01|0.50|0.8408|
|x|          7|         47|        175|     15908.64000|        121|00:00:15|+0.07|0.38|0.8643|
|x|         33|         47|        124|     15868.58750|        158|00:00:15|+0.08|0.31|0.8559|
|x|         25|         47|        184|     15879.02800|        195|00:00:15|+0.04|0.23|0.9110|
|x|         20|         47|        124|     15890.76833|        232|00:00:16|+0.04|0.20|0.9298|
|x|         31|         47|        163|     15885.81714|        269|00:00:15|+0.01|0.16|0.9696|
|x|         42|         47|        157|     15931.24000|        306|00:00:14|+0.03|0.15|0.9601|
|x|         28|         47|        124|     15897.85111|        343|00:00:15|+0.04|0.14|0.9566|
|=|         48|         47|        124|     15900.11800|        380|00:00:16|+0.04|0.13|0.9554|
|x|         41|         47|        124|     15912.26909|        417|00:00:15|+0.04|0.13|0.9575|
|x|         32|         47|        124|     15917.52917|        454|00:00:16|+0.03|0.11|0.9610|
|x|          3|         47|        124|     15923.59769|        491|00:00:15|+0.01|0.09|0.9806|
|x|         24|         47|        124|     15916.01071|        528|00:00:16|+0.01|0.08|0.9805|
|x|         50|         47|        124|     15919.00867|        565|00:00:16|+0.00|0.07|0.9811|
|x|          1|         47|        124|     15919.92375|        602|00:00:16|+0.00|0.07|0.9837|
|x|         19|         47|        124|     15926.85941|        639|00:00:16|+0.01|0.07|0.9766|
|x|         18|         47|        184|     15944.47111|        676|00:00:16|+0.01|0.06|0.9821|
|x|          2|         47|        184|     15946.26053|        713|00:00:16|+0.01|0.06|0.9877|
|=|         38|         47|        176|     15952.86350|        750|00:00:16|+0.00|0.05|0.9879|
|x|          9|         47|        124|     15938.94238|        787|00:00:16|+0.00|0.05|0.9878|
|x|         27|         47|        124|     15939.84727|        824|00:00:16|+0.00|0.05|0.9900|
|x|         26|         47|        163|     15945.73261|        861|00:00:16|+0.00|0.05|0.9890|
|x|         43|         47|        163|     15945.78542|        898|00:00:15|+0.01|0.05|0.9886|
|x|         12|         47|        163|     15943.97040|        935|00:00:16|+0.01|0.05|0.9862|
|x|         36|         47|        184|     15950.41269|        972|00:00:16|+0.01|0.04|0.9837|
|x|         34|         47|        184|     15950.00926|       1009|00:00:16|+0.01|0.05|0.9836|
|x|         46|         47|        184|     15947.70071|       1046|00:00:16|+0.01|0.05|0.9821|
|x|         21|         47|        184|     15956.71276|       1083|00:00:15|+0.01|0.04|0.9819|
|=|         22|         47|        184|     15956.30133|       1120|00:00:16|+0.01|0.04|0.9808|
|x|         16|         47|        124|     15938.92968|       1157|00:00:15|+0.01|0.05|0.9788|
|x|         13|         47|        184|     15955.14437|       1194|00:00:15|+0.01|0.04|0.9784|
|x|         15|         47|        184|     15953.89848|       1231|00:00:16|+0.01|0.04|0.9782|
|x|         30|         47|        155|     15948.75235|       1268|00:00:16|+0.01|0.04|0.9777|
|x|         44|         47|        124|     15938.20371|       1305|00:00:16|+0.02|0.04|0.9760|
|x|         14|         47|        155|     15949.66083|       1342|00:00:16|+0.01|0.04|0.9776|
|x|         39|         47|        184|     15952.21216|       1379|00:00:16|+0.01|0.04|0.9762|
|x|          8|         47|        155|     15945.17947|       1416|00:00:16|+0.01|0.04|0.9756|
|x|         17|         47|        184|     15954.97077|       1453|00:00:15|+0.01|0.04|0.9760|
|-|         35|         32|        155|     15945.70200|       1490|00:00:15|-0.01|0.01|0.9814|
|x|          4|         32|        155|     15944.64780|       1512|00:00:11|-0.01|0.01|0.9805|
|x|         45|         32|        155|     15946.39905|       1534|00:00:10|-0.01|0.01|0.9791|
|x|         23|         32|        155|     15946.74860|       1556|00:00:10|-0.01|0.01|0.9786|
|x|         49|         32|        155|     15948.08318|       1578|00:00:10|-0.01|0.02|0.9764|
|x|         40|         32|        184|     15955.14444|       1600|00:00:10|-0.01|0.01|0.9793|
|x|         47|         32|        184|     15955.27457|       1622|00:00:11|-0.01|0.01|0.9794|
|x|         10|         32|        184|     15953.94787|       1644|00:00:11|-0.01|0.01|0.9776|
|x|         11|         32|        184|     15952.60542|       1666|00:00:11|-0.01|0.01|0.9782|
|x|         37|         32|        184|     15955.59143|       1688|00:00:10|-0.01|0.01|0.9783|
|=|         29|         32|        184|     15954.80240|       1710|00:00:10|-0.01|0.01|0.9779|
|x|          6|         32|        184|     15955.16471|       1732|00:00:10|-0.01|0.01|0.9769|
|x|         52|         32|        184|     15955.54481|       1764|00:00:13|-0.01|0.01|0.9758|
|x|         53|         32|        184|     15954.96057|       1796|00:00:14|-0.01|0.01|0.9759|
|x|         54|         32|        184|     15957.66574|       1828|00:00:14|-0.01|0.01|0.9758|
|x|         55|         32|        184|     15956.53236|       1860|00:00:14|-0.01|0.01|0.9750|
|x|         56|         32|        184|     15957.96214|       1892|00:00:14|-0.01|0.01|0.9750|
|x|         57|         32|        184|     15957.82702|       1924|00:00:14|-0.01|0.01|0.9747|
|x|         58|         32|        184|     15958.09259|       1956|00:00:14|-0.01|0.01|0.9747|
|x|         59|         32|        184|     15960.13915|       1988|00:00:14|-0.01|0.01|0.9751|
|=|         60|         32|        184|     15961.23100|       2020|00:00:14|-0.01|0.01|0.9751|
|x|         61|         32|        184|     15960.84754|       2052|00:00:13|-0.01|0.01|0.9751|
|x|         62|         32|        148|     15951.25016|       2084|00:00:13|-0.01|0.01|0.9747|
|x|         63|         32|        148|     15950.50524|       2116|00:00:13|-0.00|0.01|0.9740|
|x|         64|         32|        148|     15953.85266|       2148|00:00:13|-0.00|0.01|0.9733|
|x|         65|         32|        148|     15953.78477|       2180|00:00:14|-0.00|0.01|0.9727|
|x|         66|         32|        140|     15951.31591|       2212|00:00:13|-0.00|0.01|0.9732|
|x|         67|         32|        148|     15954.74776|       2244|00:00:13|-0.00|0.01|0.9739|
|x|         68|         32|        148|     15954.97250|       2276|00:00:14|-0.00|0.01|0.9743|
|x|         69|         32|        148|     15955.74971|       2308|00:00:14|-0.00|0.01|0.9735|
|=|         70|         32|        148|     15955.21643|       2340|00:00:13|-0.00|0.01|0.9736|
+-+-----------+-----------+-----------+----------------+-----------+--------+-----+----+------+
Best-so-far configuration:         148    mean value:      15955.21643
Description of the best-so-far configuration:
    .ID. his_len max_attempts .PARENT.
148  148    4982           77       95

# 2025-12-29 16:56:48 GMT: Elite configurations (first number is the configuration ID; listed from best to worst according to the sum of ranks):
    his_len max_attempts
148    4982           77
17     3189          174
140    4672          107
184    4090          102
106    4739           86
174    4744           82
74     3741          114
113    4077          100
124    4167           77
95     4786           81
# 2025-12-29 16:56:48 GMT: Stopped because there is not enough budget left to race more than the minimum (10).
# You may either increase the budget or set 'minNbSurvival' to a lower value.
# Iteration: 4
# nbIterations: 4
# experimentsUsed: 5970
# timeUsed: 0
# remainingBudget: 30
# currentBudget: 30
# number of elites: 10
# nbConfigurations: 10
# Total CPU user time: 23925.46, CPU sys time: 5929.866, Wall-clock time: 2559.531
# 2025-12-29 16:56:48 GMT: Starting post-selection:
# Configurations selected: 148, 17, 140.
# Pending instances: 0, 0, 0.
# 2025-12-29 16:56:48 GMT: seed: 732983381
# Configurations: 3
# Available experiments: 30
# minSurvival: 1
# Markers:
     x No test is performed.
     c Configurations are discarded only due to capping.
     - The test is performed and some configurations are discarded.
     = The test is performed but no configuration is discarded.
     ! The test is performed and configurations could be discarded but elite configurations are preserved.
     . All alive configurations are elite and nothing is discarded.

+-+-----------+-----------+-----------+----------------+-----------+--------+-----+----+------+
| |   Instance|      Alive|       Best|       Mean best| Exp so far|  W time|  rho|KenW|  Qvar|
+-+-----------+-----------+-----------+----------------+-----------+--------+-----+----+------+
|.|         10|          3|         17|     15751.82000|          0|00:00:00|   NA|  NA|    NA|
|.|         68|          3|         17|     15865.20000|          0|00:00:00|-0.50|0.25|0.4891|
|.|         37|          3|         17|     15912.13667|          0|00:00:00|-0.33|0.11|0.8947|
|.|         58|          3|         17|     15925.89000|          0|00:00:00|+0.00|0.25|0.6951|
|.|         36|          3|         17|     15948.88200|          0|00:00:00|-0.10|0.12|0.7478|
|.|         23|          3|         17|     15941.99500|          0|00:00:00|+0.03|0.19|0.6500|
|.|         40|          3|         17|     15942.23571|          0|00:00:00|-0.07|0.08|0.7091|
|.|         25|          3|         17|     15968.12750|          0|00:00:00|-0.09|0.05|0.7342|
|.|          9|          3|         17|     15974.57444|          0|00:00:00|-0.03|0.09|0.7003|
|.|         69|          3|         17|     15970.18200|          0|00:00:00|-0.07|0.04|0.7256|
|.|         47|          3|         17|     15971.59455|          0|00:00:00|-0.07|0.02|0.7151|
|.|          2|          3|         17|     15965.71000|          0|00:00:00|-0.06|0.03|0.7036|
|.|         26|          3|         17|     15967.49615|          0|00:00:00|-0.03|0.05|0.6800|
|.|         70|          3|         17|     15955.96929|          0|00:00:00|-0.04|0.04|0.6880|
|.|         62|          3|         17|     15946.76467|          0|00:00:00|-0.01|0.05|0.6727|
|.|         19|          3|         17|     15944.32125|          0|00:00:00|-0.04|0.03|0.6914|
|.|         38|          3|         17|     15948.11941|          0|00:00:00|-0.01|0.04|0.6772|
|.|         50|          3|         17|     15947.00333|          0|00:00:00|+0.00|0.06|0.6686|
|.|          6|          3|         17|     15948.56474|          0|00:00:00|+0.02|0.07|0.6531|
|.|         15|          3|         17|     15942.31000|          0|00:00:00|+0.02|0.07|0.6657|
|.|         48|          3|         17|     15940.23524|          0|00:00:00|+0.02|0.07|0.6616|
|.|         64|          3|         17|     15941.34591|          0|00:00:00|-0.00|0.04|0.6762|
|.|         43|          3|         17|     15938.84435|          0|00:00:00|-0.01|0.03|0.6813|
|.|          7|          3|         17|     15937.42417|          0|00:00:00|-0.01|0.04|0.6739|
|.|          3|          3|         17|     15936.95840|          0|00:00:00|+0.00|0.04|0.6656|
|.|         12|          3|         17|     15929.96846|          0|00:00:00|+0.01|0.05|0.6598|
|.|         55|          3|         17|     15932.11259|          0|00:00:00|+0.01|0.05|0.6515|
|.|         29|          3|         17|     15935.05286|          0|00:00:00|+0.03|0.06|0.6411|
|.|         67|          3|         17|     15943.31207|          0|00:00:00|+0.03|0.07|0.6416|
|.|         13|          3|         17|     15941.81700|          0|00:00:00|+0.01|0.05|0.6551|
|.|         14|          3|         17|     15945.64419|          0|00:00:00|+0.02|0.05|0.6500|
|.|         39|          3|         17|     15944.41562|          0|00:00:00|+0.01|0.04|0.6586|
|.|          4|          3|         17|     15941.93879|          0|00:00:00|+0.01|0.04|0.6551|
|.|         34|          3|         17|     15938.22324|          0|00:00:00|+0.00|0.03|0.6628|
|.|         51|          3|         17|     15939.62086|          0|00:00:00|-0.01|0.02|0.6700|
|.|         57|          3|         17|     15938.80833|          0|00:00:00|-0.00|0.02|0.6645|
|.|         60|          3|         17|     15940.86919|          0|00:00:00|-0.01|0.02|0.6695|
|.|         46|          3|         17|     15940.99974|          0|00:00:00|-0.01|0.02|0.6653|
|.|         27|          3|         17|     15940.89462|          0|00:00:00|+0.00|0.03|0.6613|
|.|         54|          3|         17|     15942.35550|          0|00:00:00|+0.00|0.03|0.6583|
|.|         31|          3|         17|     15941.73634|          0|00:00:00|-0.00|0.02|0.6643|
|.|         44|          3|         17|     15940.92429|          0|00:00:00|+0.00|0.03|0.6593|
|.|         61|          3|         17|     15940.70884|          0|00:00:00|+0.01|0.03|0.6551|
|.|         66|          3|         17|     15940.97864|          0|00:00:00|+0.00|0.03|0.6614|
|.|         42|          3|         17|     15947.04089|          0|00:00:00|-0.00|0.02|0.6623|
|.|         63|          3|         17|     15949.82022|          0|00:00:00|-0.00|0.02|0.6616|
|.|         32|          3|         17|     15950.47511|          0|00:00:00|-0.00|0.02|0.6591|
|.|         11|          3|         17|     15947.86729|          0|00:00:00|-0.01|0.02|0.6611|
|.|         45|          3|         17|     15948.63571|          0|00:00:00|-0.01|0.01|0.6648|
|.|         28|          3|         17|     15949.59240|          0|00:00:00|-0.01|0.01|0.6656|
|.|         18|          3|         17|     15949.85529|          0|00:00:00|-0.00|0.01|0.6619|
|.|         56|          3|         17|     15952.67692|          0|00:00:00|-0.01|0.01|0.6611|
|.|         24|          3|         17|     15951.59491|          0|00:00:00|-0.01|0.01|0.6653|
|.|          1|          3|         17|     15950.76611|          0|00:00:00|-0.01|0.01|0.6673|
|.|         20|          3|         17|     15953.10145|          0|00:00:00|-0.01|0.01|0.6668|
|.|         30|          3|         17|     15951.28679|          0|00:00:00|-0.01|0.00|0.6700|
|.|         16|          3|         17|     15948.55000|          0|00:00:00|-0.02|0.00|0.6725|
|.|         52|          3|         17|     15948.64879|          0|00:00:00|-0.02|0.00|0.6744|
|.|         59|          3|         17|     15950.76949|          0|00:00:00|-0.02|0.00|0.6725|
|.|         65|          3|         17|     15948.53800|          0|00:00:00|-0.02|0.00|0.6743|
|.|         53|          3|         17|     15947.58344|          0|00:00:00|-0.02|0.00|0.6757|
|.|         49|          3|         17|     15949.60710|          0|00:00:00|-0.02|0.00|0.6742|
|.|          5|          3|         17|     15949.48778|          0|00:00:00|-0.02|0.00|0.6755|
|.|         33|          3|         17|     15952.84734|          0|00:00:00|-0.01|0.00|0.6755|
|.|          8|          3|         17|     15952.66400|          0|00:00:00|-0.01|0.00|0.6761|
|.|         21|          3|         17|     15952.45364|          0|00:00:00|-0.01|0.00|0.6751|
|.|         22|          3|         17|     15951.68522|          0|00:00:00|-0.01|0.00|0.6745|
|.|         41|          3|         17|     15953.37529|          0|00:00:00|-0.01|0.00|0.6733|
|.|         17|          3|         17|     15956.00058|          0|00:00:00|-0.01|0.00|0.6743|
|.|         35|          3|         17|     15955.88029|          0|00:00:00|-0.01|0.00|0.6751|
|x|         71|          3|        140|     15956.85606|          3|00:00:04|-0.01|0.00|0.6753|
|x|         72|          3|        140|     15954.22458|          6|00:00:04|-0.01|0.00|0.6747|
|x|         73|          3|        140|     15955.05712|          9|00:00:04|-0.01|0.00|0.6740|
|x|         74|          3|        140|     15954.90797|         12|00:00:04|-0.01|0.00|0.6729|
|x|         75|          3|        140|     15954.32813|         15|00:00:04|-0.01|0.01|0.6718|
|x|         76|          3|        140|     15954.58632|         18|00:00:04|-0.01|0.00|0.6726|
|x|         77|          3|        140|     15955.63597|         21|00:00:04|-0.01|0.00|0.6731|
|x|         78|          3|        140|     15958.30923|         24|00:00:04|-0.01|0.00|0.6738|
|x|         79|          3|        140|     15955.90494|         27|00:00:04|-0.01|0.00|0.6737|
|=|         80|          3|        140|     15955.85775|         30|00:00:04|-0.01|0.00|0.6735|
+-+-----------+-----------+-----------+----------------+-----------+--------+-----+----+------+
Best-so-far configuration:         140    mean value:      15955.85775
Description of the best-so-far configuration:
    .ID. his_len max_attempts .PARENT.
140  140    4672          107       45

# 2025-12-29 16:57:33 GMT: Elite configurations (first number is the configuration ID; listed from best to worst according to the sum of ranks):
    his_len max_attempts
140    4672          107
148    4982           77
17     3189          174
# Total CPU user time: 24044.9, CPU sys time: 5944.581, Wall-clock time: 2604.324
# Best configurations (first number is the configuration ID; listed from best to worst according to the sum of ranks):
    his_len max_attempts
140    4672          107
148    4982           77
17     3189          174
# Best configurations as commandlines (first number is the configuration ID; listed from best to worst according to the sum of ranks):
140 -his_len 4672 -max_attempts 107
148 -his_len 4982 -max_attempts 77
17  -his_len 3189 -max_attempts 174


# Testing of elite configurations: 1 
# Testing iteration configurations: FALSE 
# 2025-12-29 16:57:33 GMT: No test instances, skip testing
