Starting irace...
# 2025-12-26 13:34:45 GMT: Reading parameter file '/gpfs/home/e/exx866/IRACE-b-LAHC/all-instances-rough/E-n22-k4/parameters.txt'.
# 2025-12-26 13:34:46 GMT: Read 1 configuration(s) from file '/gpfs/home/e/exx866/IRACE-b-LAHC/all-instances-rough/E-n22-k4/configurations.txt'
# 2025-12-26 13:34:46 GMT: Initialization
# Elitist race
# Elitist new instances: 1
# Elitist limit: 2
# nbIterations: 3
# minNbSurvival: 10
# nbParameters: 2
# seed: 1054643334
# confidence level: 0.95
# budget: 3500
# mu: 10
# deterministic: FALSE

# 2025-12-26 13:34:46 GMT: Iteration 1 of 3
# experimentsUsed: 0
# remainingBudget: 3500
# currentBudget: 1166
# nbConfigurations: 58
# Markers:
     x No test is performed.
     c Configurations are discarded only due to capping.
     - The test is performed and some configurations are discarded.
     = The test is performed but no configuration is discarded.
     ! The test is performed and configurations could be discarded but elite configurations are preserved.
     . All alive configurations are elite and nothing is discarded.

+-+-----------+-----------+-----------+----------------+-----------+--------+-----+----+------+
| |   Instance|      Alive|       Best|       Mean best| Exp so far|  W time|  rho|KenW|  Qvar|
+-+-----------+-----------+-----------+----------------+-----------+--------+-----+----+------+
|x|          1|         58|          1|     385.3900000|         58|00:00:48|   NA|  NA|    NA|
|x|          2|         58|          2|     385.0350000|        116|00:00:43|+0.00|0.50|0.4914|
|x|          3|         58|          2|     385.1533333|        174|00:00:43|+0.00|0.33|0.3276|
|x|          4|         58|         18|     385.0350000|        232|00:00:40|+0.01|0.26|0.4556|
|x|          5|         58|         18|     384.9640000|        290|00:00:39|+0.02|0.22|0.5695|
|x|          6|         58|         18|     384.9166667|        348|00:00:40|+0.02|0.19|0.6349|
|x|          7|         58|         18|     384.8828571|        406|00:00:42|+0.03|0.17|0.6815|
|x|          8|         58|         18|     384.9462500|        464|00:00:42|+0.03|0.15|0.5989|
|x|          9|         58|         18|     384.9166667|        522|00:00:42|+0.04|0.15|0.6322|
|-|         10|         36|         18|     384.8930000|        580|00:00:42|-0.04|0.06|0.7026|
|x|         11|         36|         18|     384.8736364|        616|00:00:34|-0.03|0.06|0.7236|
|x|         12|         36|         18|     384.9166667|        652|00:00:33|-0.03|0.06|0.6619|
|x|         13|         36|         18|     384.9530769|        688|00:00:33|-0.02|0.06|0.6839|
|x|         14|         36|         18|     384.9335714|        724|00:00:33|-0.01|0.07|0.6960|
|x|         15|         36|         49|     384.9640000|        760|00:00:33|-0.01|0.06|0.7165|
|x|         16|         36|         49|     384.9906250|        796|00:00:34|-0.01|0.06|0.6715|
|x|         17|         36|         49|     385.0141176|        832|00:00:32|-0.01|0.05|0.6318|
|x|         18|         36|         18|     384.9955556|        868|00:00:33|-0.00|0.05|0.6497|
|x|         19|         36|         18|     385.0163158|        904|00:00:36|-0.00|0.05|0.6154|
|=|         20|         36|         18|     385.0350000|        940|00:00:34|-0.00|0.05|0.6341|
+-+-----------+-----------+-----------+----------------+-----------+--------+-----+----+------+
Best-so-far configuration:          18    mean value:      385.0350000
Description of the best-so-far configuration:
   .ID. his_len max_attempts .PARENT.
18   18    7094          381       NA

# 2025-12-26 13:47:33 GMT: Elite configurations (first number is the configuration ID; listed from best to worst according to the sum of ranks):
   his_len max_attempts
18    7094          381
38   17868          170
58    1246          124
49    1861          139
12    6479          147
20   12020          256
29   10788          225
10   11404           22
40    3093           45
24   14482           69
# 2025-12-26 13:47:33 GMT: Iteration 2 of 3
# experimentsUsed: 940
# remainingBudget: 2560
# currentBudget: 1280
# nbConfigurations: 49
# Markers:
     x No test is performed.
     c Configurations are discarded only due to capping.
     - The test is performed and some configurations are discarded.
     = The test is performed but no configuration is discarded.
     ! The test is performed and configurations could be discarded but elite configurations are preserved.
     . All alive configurations are elite and nothing is discarded.

+-+-----------+-----------+-----------+----------------+-----------+--------+-----+----+------+
| |   Instance|      Alive|       Best|       Mean best| Exp so far|  W time|  rho|KenW|  Qvar|
+-+-----------+-----------+-----------+----------------+-----------+--------+-----+----+------+
|x|         21|         49|         58|     384.6800000|         49|00:00:37|   NA|  NA|    NA|
|x|          1|         49|         58|     385.0350000|         88|00:00:27|+0.00|0.50|0.4898|
|x|          7|         49|         20|     384.9166667|        127|00:00:25|+0.05|0.36|0.6759|
|x|         12|         49|         20|     385.0350000|        166|00:00:24|+0.03|0.27|0.5012|
|x|         16|         49|         20|     385.1060000|        205|00:00:25|+0.02|0.22|0.3987|
|x|          8|         49|         20|     385.1533333|        244|00:00:25|+0.02|0.18|0.3311|
|x|          2|         49|         20|     385.0857143|        283|00:00:24|+0.03|0.17|0.4103|
|x|         13|         49|         20|     385.1237500|        322|00:00:24|+0.01|0.14|0.4852|
|x|         17|         49|         20|     385.1533333|        361|00:00:25|+0.01|0.12|0.4318|
|=|          6|         49|         20|     385.1060000|        400|00:00:25|+0.01|0.11|0.4861|
|x|          4|         49|         95|     385.5136364|        439|00:00:25|-0.00|0.09|0.5336|
|x|          9|         49|         38|     385.0941667|        478|00:00:24|-0.01|0.08|0.5720|
|x|         20|         49|         38|     385.0623077|        517|00:00:24|+0.00|0.08|0.5996|
|x|         19|         49|         38|     385.0857143|        556|00:00:25|+0.00|0.07|0.5570|
|x|         11|         49|         38|     385.0586667|        595|00:00:24|+0.00|0.07|0.5850|
|x|          5|         49|         38|     385.0350000|        634|00:00:24|+0.01|0.07|0.6070|
|x|          3|         49|         38|     385.0558824|        673|00:00:24|+0.01|0.06|0.5716|
|x|         10|         49|         38|     385.0744444|        712|00:00:24|+0.01|0.07|0.5905|
|x|         15|         49|         38|     385.0910526|        751|00:00:24|+0.02|0.07|0.6074|
|-|         18|         34|         38|     385.0705000|        790|00:00:24|-0.01|0.04|0.6419|
|x|         14|         34|         18|     385.0519048|        814|00:00:19|+0.00|0.05|0.6522|
|x|         22|         34|         38|     385.0350000|        848|00:00:23|+0.01|0.06|0.6609|
|x|         23|         34|         38|     385.0195652|        882|00:00:24|+0.01|0.06|0.6718|
|x|         24|         34|         58|     385.0350000|        916|00:00:27|+0.02|0.06|0.6817|
|x|         25|         34|         38|     385.0208000|        950|00:00:27|+0.02|0.06|0.6923|
|x|         26|         34|         38|     385.0076923|        984|00:00:27|+0.02|0.06|0.7014|
|x|         27|         34|         38|     384.9955556|       1018|00:00:26|+0.02|0.06|0.7097|
|x|         28|         34|         38|     384.9842857|       1052|00:00:25|+0.02|0.05|0.7193|
|x|         29|         34|         38|     384.9982759|       1086|00:00:27|+0.01|0.05|0.7299|
|=|         30|         34|         38|     385.0113333|       1120|00:00:26|+0.01|0.05|0.7058|
+-+-----------+-----------+-----------+----------------+-----------+--------+-----+----+------+
Best-so-far configuration:          38    mean value:      385.0113333
Description of the best-so-far configuration:
   .ID. his_len max_attempts .PARENT.
38   38   17868          170       NA

# 2025-12-26 14:00:23 GMT: Elite configurations (first number is the configuration ID; listed from best to worst according to the sum of ranks):
   his_len max_attempts
38   17868          170
73     827           87
29   10788          225
70    1480          107
66   11894          247
65    3188           18
58    1246          124
24   14482           69
40    3093           45
20   12020          256
# 2025-12-26 14:00:23 GMT: Iteration 3 of 3
# experimentsUsed: 2060
# remainingBudget: 1440
# currentBudget: 1440
# nbConfigurations: 43
# Markers:
     x No test is performed.
     c Configurations are discarded only due to capping.
     - The test is performed and some configurations are discarded.
     = The test is performed but no configuration is discarded.
     ! The test is performed and configurations could be discarded but elite configurations are preserved.
     . All alive configurations are elite and nothing is discarded.

+-+-----------+-----------+-----------+----------------+-----------+--------+-----+----+------+
| |   Instance|      Alive|       Best|       Mean best| Exp so far|  W time|  rho|KenW|  Qvar|
+-+-----------+-----------+-----------+----------------+-----------+--------+-----+----+------+
|x|         31|         43|         38|     384.6800000|         43|00:00:30|   NA|  NA|    NA|
|x|          6|         43|         38|     384.6800000|         76|00:00:26|-0.06|0.47|1.0323|
|x|         18|         43|         38|     384.6800000|        109|00:00:24|+0.12|0.41|0.8592|
|x|         30|         43|         38|     384.8575000|        142|00:00:21|+0.08|0.31|0.6738|
|x|          5|         43|         38|     384.8220000|        175|00:00:19|+0.09|0.27|0.7156|
|x|          2|         43|         73|     384.7983333|        208|00:00:19|+0.10|0.25|0.7136|
|x|         11|         43|         73|     384.7814286|        241|00:00:19|+0.11|0.24|0.7350|
|x|         14|         43|         73|     384.7687500|        274|00:00:19|+0.09|0.20|0.7717|
|x|          3|         43|         73|     384.8377778|        307|00:00:19|+0.08|0.18|0.6951|
|-|         25|         25|         38|     384.8930000|        340|00:00:19|-0.05|0.05|0.8040|
|x|         17|         25|         73|     384.9381818|        355|00:00:13|-0.05|0.05|0.7276|
|x|         13|         25|         38|     384.9166667|        370|00:00:13|-0.04|0.04|0.7493|
|x|         19|         25|         38|     384.9530769|        385|00:00:13|-0.04|0.04|0.6894|
|x|         21|         25|         38|     384.9842857|        400|00:00:13|-0.04|0.04|0.7114|
|x|         24|         25|         73|     385.0113333|        415|00:00:13|-0.04|0.03|0.7277|
|x|         22|         25|         73|     384.9906250|        430|00:00:13|-0.03|0.03|0.7386|
|x|         26|         25|         73|     384.9723529|        445|00:00:13|-0.01|0.05|0.7410|
|x|          9|         25|         73|     384.9561111|        460|00:00:13|-0.01|0.05|0.7506|
|x|          7|         25|         73|     384.9415789|        475|00:00:13|+0.00|0.06|0.7519|
|=|          4|         25|         38|     384.9285000|        490|00:00:12|+0.00|0.05|0.7653|
|x|          8|         25|         38|     384.9504762|        505|00:00:13|+0.00|0.05|0.7290|
|x|         10|         25|         73|     384.9704545|        520|00:00:13|-0.00|0.04|0.7415|
|x|         23|         25|         73|     384.9578261|        535|00:00:13|+0.01|0.05|0.7443|
|x|         29|         25|         73|     384.9758333|        550|00:00:13|+0.01|0.05|0.7466|
|x|         27|         25|         38|     384.9640000|        565|00:00:13|+0.00|0.04|0.7592|
|x|         12|         25|         38|     384.9803846|        580|00:00:13|+0.00|0.04|0.7303|
|x|          1|         25|         38|     384.9955556|        595|00:00:13|+0.00|0.04|0.7036|
|x|         16|         25|         38|     385.0096429|        610|00:00:13|+0.00|0.04|0.6787|
|x|         20|         25|         38|     384.9982759|        625|00:00:13|+0.01|0.04|0.6885|
|=|         15|         25|         38|     385.0113333|        640|00:00:13|+0.01|0.04|0.6985|
|x|         28|         25|         38|     385.0006452|        655|00:00:13|+0.01|0.04|0.7051|
|x|         32|         25|         38|     384.9906250|        680|00:00:17|+0.01|0.04|0.7138|
|x|         33|         25|         38|     384.9812121|        705|00:00:17|+0.01|0.04|0.7212|
|x|         34|         25|         38|     384.9723529|        730|00:00:17|+0.01|0.04|0.7254|
|x|         35|         25|         38|     384.9842857|        755|00:00:17|+0.01|0.04|0.7049|
|x|         36|         25|         38|     384.9758333|        780|00:00:21|+0.01|0.04|0.7111|
|x|         37|         25|         38|     384.9870270|        805|00:00:20|+0.01|0.04|0.7199|
|x|         38|         25|         38|     384.9976316|        830|00:00:18|+0.01|0.04|0.7263|
|x|         39|         25|         38|     385.0076923|        855|00:00:19|+0.00|0.03|0.7378|
|=|         40|         25|         38|     385.0172500|        880|00:00:21|-0.00|0.02|0.7455|
|x|         41|         25|         38|     385.0263415|        905|00:00:21|-0.00|0.02|0.7514|
|x|         42|         25|         38|     385.0350000|        930|00:00:21|-0.01|0.02|0.7589|
|x|         43|         25|         38|     385.0267442|        955|00:00:21|-0.01|0.02|0.7624|
|x|         44|         25|         38|     385.0350000|        980|00:00:21|-0.01|0.02|0.7684|
|x|         45|         25|        100|     385.0271111|       1005|00:00:15|-0.01|0.02|0.7720|
|x|         46|         25|        100|     385.0195652|       1030|00:00:04|-0.00|0.02|0.7744|
|x|         47|         25|        100|     385.0123404|       1055|00:00:04|-0.00|0.02|0.7766|
|x|         48|         25|        100|     385.0202083|       1080|00:00:04|-0.00|0.02|0.7812|
|x|         49|         25|        100|     385.0132653|       1105|00:00:04|-0.00|0.02|0.7844|
|=|         50|         25|        100|     385.0208000|       1130|00:00:05|-0.00|0.02|0.7906|
+-+-----------+-----------+-----------+----------------+-----------+--------+-----+----+------+
Best-so-far configuration:         100    mean value:      385.0208000
Description of the best-so-far configuration:
    .ID. his_len max_attempts .PARENT.
100  100    3258           19       65

# 2025-12-26 14:13:42 GMT: Elite configurations (first number is the configuration ID; listed from best to worst according to the sum of ranks):
    his_len max_attempts
100    3258           19
38    17868          170
73      827           87
24    14482           69
125    1191           77
99    18065          186
70     1480          107
29    10788          225
65     3188           18
20    12020          256
# 2025-12-26 14:13:42 GMT: Iteration 4 of 4
# experimentsUsed: 3190
# remainingBudget: 310
# currentBudget: 310
# nbConfigurations: 13
# Markers:
     x No test is performed.
     c Configurations are discarded only due to capping.
     - The test is performed and some configurations are discarded.
     = The test is performed but no configuration is discarded.
     ! The test is performed and configurations could be discarded but elite configurations are preserved.
     . All alive configurations are elite and nothing is discarded.

+-+-----------+-----------+-----------+----------------+-----------+--------+-----+----+------+
| |   Instance|      Alive|       Best|       Mean best| Exp so far|  W time|  rho|KenW|  Qvar|
+-+-----------+-----------+-----------+----------------+-----------+--------+-----+----+------+
|x|         51|         13|        100|     385.3900000|         13|00:00:02|   NA|  NA|    NA|
|x|         30|         13|        100|     385.3900000|         16|00:00:00|+1.00|1.00|0.0000|
|x|         49|         13|        100|     385.1533333|         19|00:00:00|+0.00|0.33|0.3077|
|x|         48|         13|         24|     385.0350000|         22|00:00:00|-0.12|0.16|0.5223|
|x|         11|         13|         24|     384.9640000|         25|00:00:00|-0.06|0.15|0.5788|
|x|         33|         13|         24|     384.9166667|         28|00:00:00|-0.04|0.14|0.6263|
|x|         12|         13|         24|     384.9842857|         31|00:00:00|-0.03|0.12|0.5353|
|x|         25|         13|         38|     385.0350000|         34|00:00:00|+0.00|0.13|0.5684|
|x|         41|         13|         38|     385.0744444|         37|00:00:00|+0.00|0.11|0.5062|
|=|         37|         13|        125|     385.0350000|         40|00:00:00|-0.01|0.09|0.5546|
|x|         35|         13|        125|     385.0672727|         43|00:00:00|-0.01|0.08|0.5041|
|x|         39|         13|         24|     385.0941667|         46|00:00:00|-0.01|0.07|0.5425|
|x|         17|         13|         24|     385.1169231|         49|00:00:00|-0.01|0.07|0.5005|
|x|         42|         13|         73|     385.1364286|         52|00:00:00|-0.03|0.04|0.5432|
|x|         44|         13|         73|     385.1060000|         55|00:00:00|-0.03|0.04|0.5694|
|x|         28|         13|         73|     385.0793750|         58|00:00:00|-0.01|0.05|0.5837|
|x|         18|         13|         73|     385.0558824|         61|00:00:00|+0.01|0.06|0.5917|
|x|         29|         13|         73|     385.0744444|         64|00:00:00|-0.00|0.05|0.6157|
|x|         47|         13|         73|     385.0536842|         67|00:00:00|-0.00|0.05|0.6326|
|=|         46|         13|         73|     385.0350000|         70|00:00:00|+0.01|0.06|0.6424|
|x|         40|         13|         24|     385.0180952|         73|00:00:00|+0.01|0.06|0.6484|
|x|         16|         13|         24|     385.0350000|         76|00:00:00|+0.01|0.06|0.6194|
|x|         32|         13|         24|     385.0504348|         79|00:00:00|+0.00|0.04|0.6399|
|x|         20|         13|         24|     385.0645833|         82|00:00:00|-0.01|0.04|0.6523|
|x|          3|         13|         24|     385.0776000|         85|00:00:00|-0.01|0.03|0.6263|
|x|         26|         13|         24|     385.0623077|         88|00:00:00|-0.00|0.03|0.6371|
|x|         19|         13|         24|     385.0744444|         91|00:00:00|-0.00|0.03|0.6135|
|x|         13|         13|         38|     385.0857143|         94|00:00:00|+0.00|0.04|0.6212|
|x|         21|         13|         38|     385.0962069|         97|00:00:00|-0.01|0.03|0.6360|
|=|         22|         13|         38|     385.0823333|        100|00:00:00|-0.00|0.03|0.6431|
|x|         34|         13|         38|     385.0693548|        103|00:00:00|-0.00|0.03|0.6521|
|x|         50|         13|         38|     385.0793750|        106|00:00:00|-0.01|0.02|0.6658|
|x|         24|         13|        100|     385.0887879|        109|00:00:00|-0.01|0.02|0.6725|
|x|          1|         13|        100|     385.0976471|        112|00:00:00|-0.01|0.02|0.6527|
|x|         14|         13|         38|     385.0857143|        115|00:00:00|-0.01|0.02|0.6618|
|x|         15|         13|         38|     385.0941667|        118|00:00:00|-0.01|0.02|0.6727|
|x|          7|         13|         38|     385.0829730|        121|00:00:00|-0.01|0.02|0.6777|
|x|          2|         13|         70|     385.0723684|        124|00:00:00|-0.01|0.02|0.6843|
|x|         10|         13|         70|     385.0623077|        127|00:00:00|-0.01|0.02|0.6892|
|=|         23|         13|         70|     385.0527500|        130|00:00:00|-0.00|0.02|0.6936|
|x|         43|         13|         73|     385.0609756|        133|00:00:00|-0.00|0.02|0.6981|
|x|         31|         13|         73|     385.0519048|        136|00:00:00|-0.00|0.02|0.7032|
|x|          4|         13|         38|     385.0597674|        139|00:00:00|-0.00|0.02|0.7090|
|x|         38|         13|        100|     385.0511364|        142|00:00:00|-0.00|0.02|0.7147|
|x|         27|         13|        100|     385.0428889|        145|00:00:00|-0.00|0.02|0.7181|
|x|          8|         13|        100|     385.0504348|        148|00:00:00|-0.00|0.02|0.7025|
|x|          9|         13|         38|     385.0576596|        151|00:00:00|-0.00|0.02|0.7060|
|x|          5|         13|         38|     385.0497917|        154|00:00:00|-0.00|0.02|0.7099|
|x|          6|         13|         38|     385.0422449|        157|00:00:00|+0.00|0.02|0.7110|
|=|         36|         13|         38|     385.0350000|        160|00:00:00|+0.00|0.02|0.7160|
|x|         45|         13|        100|     385.0280392|        163|00:00:00|+0.00|0.02|0.7194|
|x|         52|         13|         38|     385.0350000|        176|00:00:02|+0.00|0.02|0.7235|
|x|         53|         13|         38|     385.0416981|        189|00:00:02|+0.00|0.02|0.7296|
|x|         54|         13|        100|     385.0350000|        202|00:00:02|+0.00|0.02|0.7318|
|x|         55|         13|        100|     385.0285455|        215|00:00:02|+0.01|0.02|0.7321|
|x|         56|         13|        100|     385.0223214|        228|00:00:02|+0.01|0.02|0.7369|
|x|         57|         13|        100|     385.0287719|        241|00:00:02|+0.01|0.02|0.7240|
|x|         58|         13|        100|     385.0227586|        254|00:00:02|+0.01|0.02|0.7277|
|x|         59|         13|        100|     385.0169492|        267|00:00:02|+0.01|0.02|0.7297|
|=|         60|         13|        100|     385.0231667|        280|00:00:02|+0.01|0.02|0.7337|
+-+-----------+-----------+-----------+----------------+-----------+--------+-----+----+------+
Best-so-far configuration:         100    mean value:      385.0231667
Description of the best-so-far configuration:
    .ID. his_len max_attempts .PARENT.
100  100    3258           19       65

# 2025-12-26 14:14:41 GMT: Elite configurations (first number is the configuration ID; listed from best to worst according to the sum of ranks):
    his_len max_attempts
100    3258           19
38    17868          170
73      827           87
125    1191           77
99    18065          186
24    14482           69
70     1480          107
29    10788          225
20    12020          256
65     3188           18
# 2025-12-26 14:14:41 GMT: Stopped because there is not enough budget left to race more than the minimum (10).
# You may either increase the budget or set 'minNbSurvival' to a lower value.
# Iteration: 5
# nbIterations: 5
# experimentsUsed: 3470
# timeUsed: 0
# remainingBudget: 30
# currentBudget: 30
# number of elites: 10
# nbConfigurations: 10
# Total CPU user time: 653.218, CPU sys time: 3572.706, Wall-clock time: 2396.004
# Best configurations (first number is the configuration ID; listed from best to worst according to the sum of ranks):
    his_len max_attempts
100    3258           19
38    17868          170
73      827           87
125    1191           77
99    18065          186
24    14482           69
70     1480          107
29    10788          225
20    12020          256
65     3188           18
# Best configurations as commandlines (first number is the configuration ID; listed from best to worst according to the sum of ranks):
100 -his_len 3258 -max_attempts 19
38  -his_len 17868 -max_attempts 170
73  -his_len 827 -max_attempts 87
125 -his_len 1191 -max_attempts 77
99  -his_len 18065 -max_attempts 186
24  -his_len 14482 -max_attempts 69
70  -his_len 1480 -max_attempts 107
29  -his_len 10788 -max_attempts 225
20  -his_len 12020 -max_attempts 256
65  -his_len 3188 -max_attempts 18


# Testing of elite configurations: 1 
# Testing iteration configurations: FALSE 
# 2025-12-26 14:14:41 GMT: No test instances, skip testing
