Starting irace...
# 2025-12-29 15:51:04 GMT: Reading parameter file '/gpfs/home/e/exx866/IRACE-b-LAHC/all-instances-fine/E-n29-k4-s7-p2/parameters.txt'.
# 2025-12-29 15:51:04 GMT: Read 1 configuration(s) from file '/gpfs/home/e/exx866/IRACE-b-LAHC/all-instances-fine/E-n29-k4-s7-p2/configurations.txt'
# 2025-12-29 15:51:04 GMT: Initialization
# Elitist race
# Elitist new instances: 1
# Elitist limit: 2
# nbIterations: 3
# minNbSurvival: 10
# nbParameters: 2
# seed: 1754663253
# confidence level: 0.95
# budget: 6000
# mu: 10
# deterministic: FALSE

# 2025-12-29 15:51:04 GMT: Iteration 1 of 3
# experimentsUsed: 0
# remainingBudget: 6000
# currentBudget: 2000
# nbConfigurations: 100
# Markers:
     x No test is performed.
     c Configurations are discarded only due to capping.
     - The test is performed and some configurations are discarded.
     = The test is performed but no configuration is discarded.
     ! The test is performed and configurations could be discarded but elite configurations are preserved.
     . All alive configurations are elite and nothing is discarded.

+-+-----------+-----------+-----------+----------------+-----------+--------+-----+----+------+
| |   Instance|      Alive|       Best|       Mean best| Exp so far|  W time|  rho|KenW|  Qvar|
+-+-----------+-----------+-----------+----------------+-----------+--------+-----+----+------+
|x|          1|        100|          1|     378.4400000|        100|00:00:38|   NA|  NA|    NA|
|x|          2|        100|          1|     378.4400000|        200|00:00:35|+1.00|1.00|0.0000|
|x|          3|        100|          1|     378.4400000|        300|00:00:40|+0.00|0.33|0.3300|
|x|          4|        100|          1|     378.4400000|        400|00:00:40|+0.00|0.25|0.2475|
|x|          5|        100|          1|     378.4400000|        500|00:00:40|+0.00|0.20|0.1980|
|x|          6|        100|          1|     378.4400000|        600|00:00:40|+0.00|0.17|0.1650|
|x|          7|        100|          1|     378.4400000|        700|00:00:38|+0.05|0.18|0.2691|
|x|          8|        100|          1|     378.4400000|        800|00:00:40|+0.04|0.16|0.2372|
|x|          9|        100|          1|     378.4400000|        900|00:00:40|+0.04|0.14|0.2120|
|-|         10|         93|          1|     378.4400000|       1000|00:00:37|-0.01|0.09|0.2005|
|x|         11|         93|          1|     378.4400000|       1093|00:00:35|-0.01|0.08|0.1820|
|x|         12|         93|          1|     378.4400000|       1186|00:00:36|-0.01|0.07|0.1667|
|x|         13|         93|          1|     378.4400000|       1279|00:00:34|-0.01|0.07|0.1537|
|x|         14|         93|          1|     378.4400000|       1372|00:00:30|-0.01|0.06|0.2145|
|x|         15|         93|          1|     378.4400000|       1465|00:00:36|-0.01|0.06|0.2001|
|x|         16|         93|          1|     378.4400000|       1558|00:00:33|-0.01|0.05|0.1874|
|x|         17|         93|          1|     378.4400000|       1651|00:00:35|-0.01|0.05|0.2329|
|x|         18|         93|          1|     378.4400000|       1744|00:00:33|-0.01|0.05|0.2199|
|x|         19|         93|          1|     378.4400000|       1837|00:00:34|-0.01|0.05|0.2084|
|=|         20|         93|          1|     378.4400000|       1930|00:00:36|-0.01|0.04|0.1979|
+-+-----------+-----------+-----------+----------------+-----------+--------+-----+----+------+
Best-so-far configuration:           1    mean value:      378.4400000
Description of the best-so-far configuration:
  .ID. his_len max_attempts .PARENT.
1    1   14135           47       NA

# 2025-12-29 16:03:24 GMT: Elite configurations (first number is the configuration ID; listed from best to worst according to the sum of ranks):
   his_len max_attempts
1    14135           47
2    15646           51
3     9925           10
4    12786           71
5    18506           30
8    14216           20
9     8495           61
10   19221           66
14   14931           76
16   17791           15
# 2025-12-29 16:03:24 GMT: Iteration 2 of 3
# experimentsUsed: 1930
# remainingBudget: 4070
# currentBudget: 2035
# nbConfigurations: 74
# Markers:
     x No test is performed.
     c Configurations are discarded only due to capping.
     - The test is performed and some configurations are discarded.
     = The test is performed but no configuration is discarded.
     ! The test is performed and configurations could be discarded but elite configurations are preserved.
     . All alive configurations are elite and nothing is discarded.

+-+-----------+-----------+-----------+----------------+-----------+--------+-----+----+------+
| |   Instance|      Alive|       Best|       Mean best| Exp so far|  W time|  rho|KenW|  Qvar|
+-+-----------+-----------+-----------+----------------+-----------+--------+-----+----+------+
|x|         21|         74|          1|     378.4400000|         74|00:00:25|   NA|  NA|    NA|
|x|         12|         74|          1|     378.4400000|        138|00:00:22|+1.00|1.00|0.0000|
|x|         11|         74|          1|     378.4400000|        202|00:00:17|+1.00|1.00|0.0000|
|x|          2|         74|          1|     378.4400000|        266|00:00:20|+1.00|1.00|0.0000|
|x|         20|         74|          1|     378.4400000|        330|00:00:20|+1.00|1.00|0.0000|
|x|         15|         74|          1|     378.4400000|        394|00:00:20|+1.00|1.00|0.0000|
|x|          3|         74|          1|     378.4400000|        458|00:00:19|+0.00|0.14|0.1409|
|x|          7|         74|          1|     378.4400000|        522|00:00:21|+0.02|0.15|0.2406|
|x|          6|         74|          1|     378.4400000|        586|00:00:21|+0.02|0.13|0.2146|
|=|          4|         74|          1|     378.4400000|        650|00:00:18|+0.02|0.12|0.1936|
|x|         19|         74|          1|     378.4400000|        714|00:00:20|+0.02|0.11|0.1763|
|x|         18|         74|          1|     378.4400000|        778|00:00:21|+0.02|0.10|0.1619|
|x|         10|         74|          1|     378.4400000|        842|00:00:22|+0.01|0.09|0.1496|
|x|          9|         74|          1|     378.4400000|        906|00:00:22|+0.01|0.08|0.1391|
|x|          8|         74|          1|     378.4400000|        970|00:00:21|+0.01|0.08|0.1299|
|x|         17|         74|          1|     378.4400000|       1034|00:00:20|+0.01|0.07|0.1219|
|x|         16|         74|          1|     378.4400000|       1098|00:00:22|+0.01|0.07|0.1148|
|x|          1|         74|          1|     378.4400000|       1162|00:00:22|+0.01|0.06|0.1641|
|x|         14|         74|          1|     378.4400000|       1226|00:00:20|+0.01|0.06|0.2068|
|=|         13|         74|          1|     378.4400000|       1290|00:00:22|+0.01|0.06|0.1965|
|x|          5|         74|          1|     378.4400000|       1354|00:00:22|+0.01|0.06|0.1872|
|x|         22|         74|          1|     378.4400000|       1428|00:00:22|+0.01|0.05|0.1787|
|x|         23|         74|          1|     378.4400000|       1502|00:00:25|+0.01|0.05|0.1710|
|x|         24|         74|          2|     378.4400000|       1576|00:00:24|+0.01|0.05|0.2043|
|x|         25|         74|          2|     378.4400000|       1650|00:00:26|+0.01|0.05|0.1962|
|x|         26|         74|          2|     378.4400000|       1724|00:00:23|+0.01|0.05|0.1887|
|x|         27|         74|          2|     378.4400000|       1798|00:00:23|+0.01|0.05|0.1817|
|x|         28|         74|          2|     378.4400000|       1872|00:00:24|+0.01|0.04|0.1753|
|x|         29|         74|          2|     378.4400000|       1946|00:00:25|+0.01|0.04|0.1692|
|=|         30|         74|          2|     378.4400000|       2020|00:00:24|+0.01|0.04|0.1636|
+-+-----------+-----------+-----------+----------------+-----------+--------+-----+----+------+
Best-so-far configuration:           2    mean value:      378.4400000
Description of the best-so-far configuration:
  .ID. his_len max_attempts .PARENT.
2    2   15646           51       NA

# 2025-12-29 16:14:31 GMT: Elite configurations (first number is the configuration ID; listed from best to worst according to the sum of ranks):
    his_len max_attempts
2     15646           51
3      9925           10
4     12786           71
5     18506           30
8     14216           20
9      8495           61
10    19221           66
14    14931           76
16    17791           15
103   19698           74
# 2025-12-29 16:14:31 GMT: Iteration 3 of 3
# experimentsUsed: 3950
# remainingBudget: 2050
# currentBudget: 2050
# nbConfigurations: 58
# Markers:
     x No test is performed.
     c Configurations are discarded only due to capping.
     - The test is performed and some configurations are discarded.
     = The test is performed but no configuration is discarded.
     ! The test is performed and configurations could be discarded but elite configurations are preserved.
     . All alive configurations are elite and nothing is discarded.

+-+-----------+-----------+-----------+----------------+-----------+--------+-----+----+------+
| |   Instance|      Alive|       Best|       Mean best| Exp so far|  W time|  rho|KenW|  Qvar|
+-+-----------+-----------+-----------+----------------+-----------+--------+-----+----+------+
|x|         31|         58|          2|     378.4400000|         58|00:00:19|   NA|  NA|    NA|
|x|          9|         58|          2|     378.4400000|        106|00:00:14|+1.00|1.00|0.0000|
|x|         14|         58|          2|     378.4400000|        154|00:00:16|+0.00|0.33|0.3276|
|x|          7|         58|          2|     378.4400000|        202|00:00:13|+0.08|0.31|0.4516|
|x|         20|         58|          2|     378.4400000|        250|00:00:14|+0.06|0.25|0.3692|
|x|          1|         58|          2|     378.4400000|        298|00:00:11|+0.05|0.21|0.3117|
|x|         29|         58|          2|     378.4400000|        346|00:00:15|+0.04|0.18|0.2694|
|x|         11|         58|          2|     378.4400000|        394|00:00:14|+0.03|0.16|0.2372|
|x|         16|         58|          2|     378.4400000|        442|00:00:15|+0.03|0.14|0.2118|
|=|         25|         58|          2|     378.4400000|        490|00:00:13|+0.03|0.12|0.1912|
|x|         18|         58|          2|     378.4400000|        538|00:00:14|+0.02|0.11|0.1743|
|x|          2|         58|          2|     378.4400000|        586|00:00:15|+0.02|0.10|0.1602|
|x|          4|         58|          2|     378.4400000|        634|00:00:15|+0.02|0.10|0.1481|
|x|         21|         58|          2|     378.4400000|        682|00:00:16|+0.02|0.09|0.1378|
|x|         22|         58|          2|     378.4400000|        730|00:00:14|+0.02|0.08|0.1288|
|x|          8|         58|          2|     378.4400000|        778|00:00:15|+0.02|0.08|0.1209|
|x|         15|         58|          2|     378.4400000|        826|00:00:12|+0.02|0.07|0.1139|
|x|         23|         58|          2|     378.4400000|        874|00:00:15|+0.01|0.07|0.1076|
|x|         12|         58|          2|     378.4400000|        922|00:00:13|+0.01|0.07|0.1021|
|=|          5|         58|          2|     378.4400000|        970|00:00:15|+0.01|0.06|0.0970|
|x|          6|         58|          2|     378.4400000|       1018|00:00:16|+0.01|0.06|0.0925|
|x|         19|         58|          2|     378.4400000|       1066|00:00:15|+0.01|0.06|0.0883|
|x|         28|         58|          2|     378.4400000|       1114|00:00:14|+0.01|0.05|0.0845|
|x|         13|         58|          2|     378.4400000|       1162|00:00:14|+0.01|0.05|0.0810|
|x|         24|         58|          2|     378.4400000|       1210|00:00:14|+0.01|0.05|0.1174|
|x|         10|         58|          2|     378.4400000|       1258|00:00:14|+0.01|0.04|0.1129|
|x|          3|         58|          2|     378.4400000|       1306|00:00:15|+0.01|0.05|0.1436|
|x|         26|         58|          2|     378.4400000|       1354|00:00:14|+0.01|0.05|0.1385|
|x|         17|         58|          2|     378.4400000|       1402|00:00:13|+0.01|0.05|0.1673|
|-|         30|         50|          2|     378.4400000|       1450|00:00:14|-0.01|0.03|0.1317|
|x|         27|         50|          2|     378.4400000|       1490|00:00:11|-0.01|0.03|0.1274|
|x|         32|         50|          2|     378.4400000|       1540|00:00:14|-0.00|0.03|0.1539|
|x|         33|         50|          2|     378.4400000|       1590|00:00:14|-0.00|0.03|0.1492|
|x|         34|         50|          2|     378.4400000|       1640|00:00:17|-0.00|0.03|0.1448|
|x|         35|         50|          2|     378.4400000|       1690|00:00:14|-0.00|0.03|0.1406|
|x|         36|         50|          2|     378.4400000|       1740|00:00:15|-0.00|0.03|0.1367|
|x|         37|         50|          2|     378.4400000|       1790|00:00:14|-0.00|0.02|0.1330|
|x|         38|         50|          2|     378.4400000|       1840|00:00:13|-0.00|0.02|0.1295|
|x|         39|         50|          2|     378.4400000|       1890|00:00:15|-0.00|0.02|0.1262|
|=|         40|         50|          2|     378.4400000|       1940|00:00:16|+0.00|0.03|0.1472|
+-+-----------+-----------+-----------+----------------+-----------+--------+-----+----+------+
Best-so-far configuration:           2    mean value:      378.4400000
Description of the best-so-far configuration:
  .ID. his_len max_attempts .PARENT.
2    2   15646           51       NA

# 2025-12-29 16:24:25 GMT: Elite configurations (first number is the configuration ID; listed from best to worst according to the sum of ranks):
    his_len max_attempts
2     15646           51
3      9925           10
9      8495           61
10    19221           66
14    14931           76
103   19698           74
165    9886           10
167    9866            9
170    9942           10
171    9988           10
# 2025-12-29 16:24:25 GMT: Iteration 4 of 4
# experimentsUsed: 5890
# remainingBudget: 110
# currentBudget: 110
# nbConfigurations: 12
# Markers:
     x No test is performed.
     c Configurations are discarded only due to capping.
     - The test is performed and some configurations are discarded.
     = The test is performed but no configuration is discarded.
     ! The test is performed and configurations could be discarded but elite configurations are preserved.
     . All alive configurations are elite and nothing is discarded.

+-+-----------+-----------+-----------+----------------+-----------+--------+-----+----+------+
| |   Instance|      Alive|       Best|       Mean best| Exp so far|  W time|  rho|KenW|  Qvar|
+-+-----------+-----------+-----------+----------------+-----------+--------+-----+----+------+
|x|         24|         12|          2|     378.4400000|          2|00:00:00|   NA|  NA|    NA|
|x|         16|         12|          2|     378.4400000|          4|00:00:00|+1.00|1.00|0.0000|
|x|          7|         12|          2|     378.4400000|          6|00:00:00|+1.00|1.00|0.0000|
|x|         29|         12|          2|     378.4400000|          8|00:00:00|+1.00|1.00|0.0000|
|x|         32|         12|          2|     378.4400000|         10|00:00:00|+1.00|1.00|0.0000|
|x|          2|         12|          2|     378.4400000|         12|00:00:00|+1.00|1.00|0.0000|
|x|         11|         12|          2|     378.4400000|         14|00:00:00|+1.00|1.00|0.0000|
|x|         39|         12|          2|     378.4400000|         16|00:00:00|+1.00|1.00|0.0000|
|x|         20|         12|          2|     378.4400000|         18|00:00:00|+1.00|1.00|0.0000|
|=|          9|         12|          2|     378.4400000|         20|00:00:00|+1.00|1.00|0.0000|
|x|          5|         12|          2|     378.4400000|         22|00:00:00|+1.00|1.00|0.0000|
|x|         15|         12|          2|     378.4400000|         24|00:00:00|+1.00|1.00|0.0000|
|x|         40|         12|          2|     378.4400000|         26|00:00:00|+1.00|1.00|0.0000|
|x|          1|         12|          2|     378.4400000|         28|00:00:00|+1.00|1.00|0.0000|
|x|         30|         12|          2|     378.4400000|         30|00:00:00|+1.00|1.00|0.0000|
|x|         23|         12|          2|     378.4400000|         32|00:00:00|+1.00|1.00|0.0000|
|x|         14|         12|          2|     378.4400000|         34|00:00:00|+0.00|0.06|0.0539|
|x|          8|         12|          2|     378.4400000|         36|00:00:00|+0.00|0.06|0.0509|
|x|         31|         12|          2|     378.4400000|         38|00:00:00|+0.00|0.05|0.0482|
|=|         17|         12|          2|     378.4400000|         40|00:00:00|+0.00|0.05|0.0458|
|x|          3|         12|          2|     378.4400000|         42|00:00:00|+0.00|0.05|0.0437|
|x|         10|         12|          2|     378.4400000|         44|00:00:00|+0.00|0.05|0.0417|
|x|         35|         12|          2|     378.4400000|         46|00:00:00|+0.00|0.04|0.0399|
|x|         13|         12|          2|     378.4400000|         48|00:00:00|+0.00|0.04|0.0382|
|x|         28|         12|          2|     378.4400000|         50|00:00:00|+0.00|0.04|0.0367|
|x|         38|         12|          2|     378.4400000|         52|00:00:00|+0.00|0.04|0.0353|
|x|         18|         12|          2|     378.4400000|         54|00:00:00|+0.00|0.04|0.0340|
|x|         22|         12|          2|     378.4400000|         56|00:00:00|+0.00|0.04|0.0327|
|x|          6|         12|          2|     378.4400000|         58|00:00:00|+0.00|0.03|0.0316|
|=|          4|         12|          2|     378.4400000|         60|00:00:00|+0.00|0.03|0.0306|
|x|         12|         12|          2|     378.4400000|         62|00:00:00|+0.00|0.03|0.0296|
|x|         21|         12|          2|     378.4400000|         64|00:00:00|+0.00|0.03|0.0286|
|x|         37|         12|          2|     378.4400000|         66|00:00:00|+0.00|0.03|0.0278|
|x|         36|         12|          2|     378.4400000|         68|00:00:00|+0.00|0.03|0.0270|
|x|         33|         12|          2|     378.4400000|         70|00:00:00|+0.00|0.03|0.0262|
|x|         26|         12|          2|     378.4400000|         72|00:00:00|+0.00|0.03|0.0255|
|x|         34|         12|          2|     378.4400000|         74|00:00:00|+0.00|0.03|0.0248|
|x|         19|         12|          2|     378.4400000|         76|00:00:00|+0.00|0.03|0.0241|
|x|         25|         12|          2|     378.4400000|         78|00:00:00|+0.00|0.03|0.0235|
|=|         27|         12|          2|     378.4400000|         80|00:00:00|+0.00|0.03|0.0229|
+-+-----------+-----------+-----------+----------------+-----------+--------+-----+----+------+
Best-so-far configuration:           2    mean value:      378.4400000
Description of the best-so-far configuration:
  .ID. his_len max_attempts .PARENT.
2    2   15646           51       NA

# 2025-12-29 16:24:48 GMT: Elite configurations (first number is the configuration ID; listed from best to worst according to the sum of ranks):
    his_len max_attempts
2     15646           51
3      9925           10
9      8495           61
10    19221           66
14    14931           76
103   19698           74
165    9886           10
167    9866            9
170    9942           10
171    9988           10
# 2025-12-29 16:24:48 GMT: Stopped because there is not enough budget left to race more than the minimum (10).
# You may either increase the budget or set 'minNbSurvival' to a lower value.
# Iteration: 5
# nbIterations: 5
# experimentsUsed: 5970
# timeUsed: 0
# remainingBudget: 30
# currentBudget: 30
# number of elites: 10
# nbConfigurations: 10
# Total CPU user time: 1168.057, CPU sys time: 6494.593, Wall-clock time: 2024.261
# 2025-12-29 16:24:48 GMT: Starting post-selection:
# Configurations selected: 2, 3, 9.
# Pending instances: 0, 0, 0.
# 2025-12-29 16:24:48 GMT: seed: 1754663253
# Configurations: 3
# Available experiments: 30
# minSurvival: 1
# Markers:
     x No test is performed.
     c Configurations are discarded only due to capping.
     - The test is performed and some configurations are discarded.
     = The test is performed but no configuration is discarded.
     ! The test is performed and configurations could be discarded but elite configurations are preserved.
     . All alive configurations are elite and nothing is discarded.

+-+-----------+-----------+-----------+----------------+-----------+--------+-----+----+------+
| |   Instance|      Alive|       Best|       Mean best| Exp so far|  W time|  rho|KenW|  Qvar|
+-+-----------+-----------+-----------+----------------+-----------+--------+-----+----+------+
|.|         19|          3|          2|     378.4400000|          0|00:00:00|   NA|  NA|    NA|
|.|         27|          3|          2|     378.4400000|          0|00:00:00|+1.00|1.00|0.0000|
|.|         11|          3|          2|     378.4400000|          0|00:00:00|+1.00|1.00|0.0000|
|.|         37|          3|          2|     378.4400000|          0|00:00:00|+1.00|1.00|0.0000|
|.|          7|          3|          2|     378.4400000|          0|00:00:00|+1.00|1.00|0.0000|
|.|          2|          3|          2|     378.4400000|          0|00:00:00|+1.00|1.00|0.0000|
|.|          5|          3|          2|     378.4400000|          0|00:00:00|+1.00|1.00|0.0000|
|.|          8|          3|          2|     378.4400000|          0|00:00:00|+1.00|1.00|0.0000|
|.|         14|          3|          2|     378.4400000|          0|00:00:00|+1.00|1.00|0.0000|
|.|         10|          3|          2|     378.4400000|          0|00:00:00|+1.00|1.00|0.0000|
|.|         32|          3|          2|     378.4400000|          0|00:00:00|+1.00|1.00|0.0000|
|.|         22|          3|          2|     378.4400000|          0|00:00:00|+1.00|1.00|0.0000|
|.|          6|          3|          2|     378.4400000|          0|00:00:00|+1.00|1.00|0.0000|
|.|         21|          3|          2|     378.4400000|          0|00:00:00|+1.00|1.00|0.0000|
|.|         26|          3|          2|     378.4400000|          0|00:00:00|+1.00|1.00|0.0000|
|.|         33|          3|          2|     378.4400000|          0|00:00:00|+1.00|1.00|0.0000|
|.|         16|          3|          2|     378.4400000|          0|00:00:00|+1.00|1.00|0.0000|
|.|         34|          3|          2|     378.4400000|          0|00:00:00|+1.00|1.00|0.0000|
|.|         38|          3|          2|     378.4400000|          0|00:00:00|+1.00|1.00|0.0000|
|.|         20|          3|          2|     378.4400000|          0|00:00:00|+1.00|1.00|0.0000|
|.|         25|          3|          2|     378.4400000|          0|00:00:00|+1.00|1.00|0.0000|
|.|          4|          3|          2|     378.4400000|          0|00:00:00|+1.00|1.00|0.0000|
|.|         23|          3|          2|     378.4400000|          0|00:00:00|+1.00|1.00|0.0000|
|.|          9|          3|          2|     378.4400000|          0|00:00:00|+1.00|1.00|0.0000|
|.|          3|          3|          2|     378.4400000|          0|00:00:00|+1.00|1.00|0.0000|
|.|         30|          3|          2|     378.4400000|          0|00:00:00|+1.00|1.00|0.0000|
|.|         15|          3|          2|     378.4400000|          0|00:00:00|+1.00|1.00|0.0000|
|.|         24|          3|          2|     378.4400000|          0|00:00:00|+1.00|1.00|0.0000|
|.|         40|          3|          2|     378.4400000|          0|00:00:00|+1.00|1.00|0.0000|
|.|         17|          3|          2|     378.4400000|          0|00:00:00|+1.00|1.00|0.0000|
|.|         31|          3|          2|     378.4400000|          0|00:00:00|+1.00|1.00|0.0000|
|.|         28|          3|          2|     378.4400000|          0|00:00:00|+1.00|1.00|0.0000|
|.|         39|          3|          2|     378.4400000|          0|00:00:00|+1.00|1.00|0.0000|
|.|         13|          3|          2|     378.4400000|          0|00:00:00|+1.00|1.00|0.0000|
|.|         36|          3|          2|     378.4400000|          0|00:00:00|+1.00|1.00|0.0000|
|.|         18|          3|          2|     378.4400000|          0|00:00:00|+1.00|1.00|0.0000|
|.|         12|          3|          2|     378.4400000|          0|00:00:00|+1.00|1.00|0.0000|
|.|          1|          3|          2|     378.4400000|          0|00:00:00|+1.00|1.00|0.0000|
|.|         29|          3|          2|     378.4400000|          0|00:00:00|+1.00|1.00|0.0000|
|.|         35|          3|          2|     378.4400000|          0|00:00:00|+1.00|1.00|0.0000|
|x|         41|          3|          2|     378.4400000|          3|00:00:00|+1.00|1.00|0.0000|
|x|         42|          3|          2|     378.4400000|          6|00:00:00|+1.00|1.00|0.0000|
|x|         43|          3|          2|     378.4400000|          9|00:00:00|+1.00|1.00|0.0000|
|x|         44|          3|          2|     378.4400000|         12|00:00:00|+1.00|1.00|0.0000|
|x|         45|          3|          2|     378.4400000|         15|00:00:00|+1.00|1.00|0.0000|
|x|         46|          3|          2|     378.4400000|         18|00:00:00|+1.00|1.00|0.0000|
|x|         47|          3|          2|     378.4400000|         21|00:00:00|+1.00|1.00|0.0000|
|x|         48|          3|          2|     378.4400000|         24|00:00:00|+1.00|1.00|0.0000|
|x|         49|          3|          2|     378.4400000|         27|00:00:00|+1.00|1.00|0.0000|
|=|         50|          3|          2|     378.4400000|         30|00:00:00|+1.00|1.00|0.0000|
+-+-----------+-----------+-----------+----------------+-----------+--------+-----+----+------+
Best-so-far configuration:           2    mean value:      378.4400000
Description of the best-so-far configuration:
  .ID. his_len max_attempts .PARENT.
2    2   15646           51       NA

# 2025-12-29 16:24:55 GMT: Elite configurations (first number is the configuration ID; listed from best to worst according to the sum of ranks):
  his_len max_attempts
2   15646           51
3    9925           10
9    8495           61
# Total CPU user time: 1173.463, CPU sys time: 6512.05, Wall-clock time: 2031.381
# Best configurations (first number is the configuration ID; listed from best to worst according to the sum of ranks):
  his_len max_attempts
2   15646           51
3    9925           10
9    8495           61
# Best configurations as commandlines (first number is the configuration ID; listed from best to worst according to the sum of ranks):
2 -his_len 15646 -max_attempts 51
3 -his_len 9925 -max_attempts 10
9 -his_len 8495 -max_attempts 61


# Testing of elite configurations: 1 
# Testing iteration configurations: FALSE 
# 2025-12-29 16:24:55 GMT: No test instances, skip testing
