Starting irace...
# 2025-12-29 15:16:15 GMT: Reading parameter file '/gpfs/home/e/exx866/IRACE-b-LAHC/all-instances-fine/E-n30-k3-p1/parameters.txt'.
# 2025-12-29 15:16:15 GMT: Read 1 configuration(s) from file '/gpfs/home/e/exx866/IRACE-b-LAHC/all-instances-fine/E-n30-k3-p1/configurations.txt'
# 2025-12-29 15:16:15 GMT: Initialization
# Elitist race
# Elitist new instances: 1
# Elitist limit: 2
# nbIterations: 3
# minNbSurvival: 10
# nbParameters: 2
# seed: 715040946
# confidence level: 0.95
# budget: 6000
# mu: 10
# deterministic: FALSE

# 2025-12-29 15:16:15 GMT: Iteration 1 of 3
# experimentsUsed: 0
# remainingBudget: 6000
# currentBudget: 2000
# nbConfigurations: 100
# Markers:
     x No test is performed.
     c Configurations are discarded only due to capping.
     - The test is performed and some configurations are discarded.
     = The test is performed but no configuration is discarded.
     ! The test is performed and configurations could be discarded but elite configurations are preserved.
     . All alive configurations are elite and nothing is discarded.

+-+-----------+-----------+-----------+----------------+-----------+--------+-----+----+------+
| |   Instance|      Alive|       Best|       Mean best| Exp so far|  W time|  rho|KenW|  Qvar|
+-+-----------+-----------+-----------+----------------+-----------+--------+-----+----+------+
|x|          1|        100|          1|     509.4700000|        100|00:00:43|   NA|  NA|    NA|
|x|          2|        100|          1|     509.4700000|        200|00:00:42|+0.00|0.50|0.4950|
|x|          3|        100|          1|     509.4700000|        300|00:00:42|+0.00|0.33|0.3300|
|x|          4|        100|          1|     509.4700000|        400|00:00:42|+0.00|0.25|0.2475|
|x|          5|        100|          1|     509.4700000|        500|00:00:42|+0.00|0.20|0.1980|
|x|          6|        100|          1|     509.4700000|        600|00:00:40|+0.00|0.17|0.1650|
|x|          7|        100|          1|     509.4700000|        700|00:00:42|+0.00|0.14|0.1414|
|x|          8|        100|          1|     509.4700000|        800|00:00:42|+0.00|0.12|0.1238|
|x|          9|        100|          1|     509.4700000|        900|00:00:42|+0.00|0.11|0.1100|
|-|         10|         97|          1|     509.4700000|       1000|00:00:42|+0.00|0.10|0.0990|
|x|         11|         97|          1|     509.4700000|       1097|00:00:40|+0.00|0.09|0.0900|
|x|         12|         97|          1|     509.4700000|       1194|00:00:39|+0.00|0.08|0.0825|
|x|         13|         97|          1|     509.4700000|       1291|00:00:39|+0.00|0.08|0.0761|
|x|         14|         97|          1|     509.4700000|       1388|00:00:39|+0.00|0.07|0.0707|
|x|         15|         97|          1|     509.4700000|       1485|00:00:39|+0.00|0.07|0.0660|
|x|         16|         97|          1|     509.4700000|       1582|00:00:40|+0.00|0.06|0.0619|
|x|         17|         97|          1|     509.4700000|       1679|00:00:40|+0.00|0.06|0.0582|
|x|         18|         97|          1|     509.4700000|       1776|00:00:40|+0.00|0.06|0.0550|
|x|         19|         97|          3|     509.4700000|       1873|00:00:40|+0.01|0.06|0.1034|
|=|         20|         97|          3|     509.4700000|       1970|00:00:39|+0.01|0.06|0.1468|
+-+-----------+-----------+-----------+----------------+-----------+--------+-----+----+------+
Best-so-far configuration:           3    mean value:      509.4700000
Description of the best-so-far configuration:
  .ID. his_len max_attempts .PARENT.
3    3     855          124       NA

# 2025-12-29 15:30:00 GMT: Elite configurations (first number is the configuration ID; listed from best to worst according to the sum of ranks):
   his_len max_attempts
3      855          124
4     1105           61
5      605          187
6     1231           93
9      480           30
10    1043          108
12    1293          171
13     793           45
14     918          140
15    1418           14
# 2025-12-29 15:30:00 GMT: Iteration 2 of 3
# experimentsUsed: 1970
# remainingBudget: 4030
# currentBudget: 2015
# nbConfigurations: 73
# Markers:
     x No test is performed.
     c Configurations are discarded only due to capping.
     - The test is performed and some configurations are discarded.
     = The test is performed but no configuration is discarded.
     ! The test is performed and configurations could be discarded but elite configurations are preserved.
     . All alive configurations are elite and nothing is discarded.

+-+-----------+-----------+-----------+----------------+-----------+--------+-----+----+------+
| |   Instance|      Alive|       Best|       Mean best| Exp so far|  W time|  rho|KenW|  Qvar|
+-+-----------+-----------+-----------+----------------+-----------+--------+-----+----+------+
|x|         21|         73|          3|     509.4700000|         73|00:00:27|   NA|  NA|    NA|
|x|          7|         73|          3|     509.4700000|        136|00:00:23|+1.00|1.00|0.0000|
|x|          6|         73|          3|     509.4700000|        199|00:00:22|+1.00|1.00|0.0000|
|x|          2|         73|          3|     509.4700000|        262|00:00:23|+0.00|0.25|0.2466|
|x|          4|         73|          3|     509.4700000|        325|00:00:23|+0.00|0.20|0.1973|
|x|          3|         73|          3|     509.4700000|        388|00:00:23|+0.00|0.17|0.1644|
|x|         11|         73|          3|     509.4700000|        451|00:00:23|+0.00|0.14|0.1409|
|x|         14|         73|          3|     509.4700000|        514|00:00:23|+0.00|0.12|0.1233|
|x|         10|         73|          3|     509.4700000|        577|00:00:23|-0.01|0.10|0.2207|
|=|          8|         73|          3|     509.4700000|        640|00:00:23|-0.01|0.09|0.1985|
|x|          9|         73|          3|     509.4700000|        703|00:00:23|-0.01|0.09|0.1803|
|x|         19|         73|          3|     509.4700000|        766|00:00:23|+0.01|0.10|0.2435|
|x|          5|         73|          3|     509.4700000|        829|00:00:23|+0.01|0.09|0.2250|
|x|         12|         73|          3|     509.4700000|        892|00:00:23|+0.01|0.08|0.2091|
|x|         16|         73|          3|     509.4700000|        955|00:00:23|+0.01|0.08|0.1953|
|x|         20|         73|          3|     509.4700000|       1018|00:00:23|+0.02|0.08|0.2456|
|x|         18|         73|          3|     509.4700000|       1081|00:00:23|+0.02|0.08|0.2312|
|x|          1|         73|          3|     509.4700000|       1144|00:00:23|+0.02|0.07|0.2184|
|x|         15|         73|          3|     509.4700000|       1207|00:00:23|+0.02|0.07|0.2069|
|=|         17|         73|          3|     509.4700000|       1270|00:00:23|+0.02|0.06|0.1966|
|x|         13|         73|          3|     509.4700000|       1333|00:00:23|+0.01|0.06|0.1873|
|x|         22|         73|          3|     509.4700000|       1406|00:00:27|+0.01|0.06|0.1788|
|x|         23|         73|          3|     509.4700000|       1479|00:00:27|+0.01|0.06|0.1711|
|x|         24|         73|          3|     509.4700000|       1552|00:00:27|+0.01|0.05|0.1639|
|x|         25|         73|          3|     509.4700000|       1625|00:00:27|+0.01|0.05|0.1964|
|x|         26|         73|          3|     509.4700000|       1698|00:00:27|+0.01|0.05|0.2270|
|x|         27|         73|          3|     509.4700000|       1771|00:00:27|+0.01|0.05|0.2186|
|x|         28|         73|          3|     509.4700000|       1844|00:00:27|+0.01|0.05|0.2108|
|x|         29|         73|          3|     509.4700000|       1917|00:00:27|+0.01|0.04|0.2380|
|-|         30|         69|          3|     509.4700000|       1990|00:00:26|-0.01|0.03|0.1982|
+-+-----------+-----------+-----------+----------------+-----------+--------+-----+----+------+
Best-so-far configuration:           3    mean value:      509.4700000
Description of the best-so-far configuration:
  .ID. his_len max_attempts .PARENT.
3    3     855          124       NA

# 2025-12-29 15:42:29 GMT: Elite configurations (first number is the configuration ID; listed from best to worst according to the sum of ranks):
   his_len max_attempts
3      855          124
4     1105           61
5      605          187
6     1231           93
9      480           30
10    1043          108
12    1293          171
13     793           45
14     918          140
15    1418           14
# 2025-12-29 15:42:29 GMT: Iteration 3 of 3
# experimentsUsed: 3960
# remainingBudget: 2040
# currentBudget: 2040
# nbConfigurations: 58
# Markers:
     x No test is performed.
     c Configurations are discarded only due to capping.
     - The test is performed and some configurations are discarded.
     = The test is performed but no configuration is discarded.
     ! The test is performed and configurations could be discarded but elite configurations are preserved.
     . All alive configurations are elite and nothing is discarded.

+-+-----------+-----------+-----------+----------------+-----------+--------+-----+----+------+
| |   Instance|      Alive|       Best|       Mean best| Exp so far|  W time|  rho|KenW|  Qvar|
+-+-----------+-----------+-----------+----------------+-----------+--------+-----+----+------+
|x|         31|         58|          3|     509.4700000|         58|00:00:20|   NA|  NA|    NA|
|x|         13|         58|          3|     509.4700000|        106|00:00:17|+1.00|1.00|0.0000|
|x|         25|         58|          3|     509.4700000|        154|00:00:16|+0.00|0.33|0.3276|
|x|          7|         58|          3|     509.4700000|        202|00:00:17|+0.00|0.25|0.2457|
|x|         28|         58|          3|     509.4700000|        250|00:00:17|+0.00|0.20|0.1966|
|x|         26|         58|          3|     509.4700000|        298|00:00:17|+0.00|0.17|0.1638|
|x|         20|         58|          3|     509.4700000|        346|00:00:17|-0.01|0.13|0.2831|
|x|         11|         58|          3|     509.4700000|        394|00:00:17|-0.01|0.12|0.2474|
|x|         29|         58|          3|     509.4700000|        442|00:00:17|+0.02|0.13|0.3117|
|=|         15|         58|          3|     509.4700000|        490|00:00:17|+0.02|0.11|0.2821|
|x|          1|         58|          3|     509.4700000|        538|00:00:17|+0.01|0.10|0.2576|
|x|         18|         58|          3|     509.4700000|        586|00:00:17|+0.01|0.10|0.2370|
|x|         12|         58|          3|     509.4700000|        634|00:00:17|+0.01|0.09|0.2194|
|x|          6|         58|          3|     509.4700000|        682|00:00:17|+0.01|0.08|0.2043|
|x|          5|         58|          3|     509.4700000|        730|00:00:17|+0.01|0.08|0.1911|
|x|          8|         58|          3|     509.4700000|        778|00:00:17|+0.01|0.07|0.1795|
|x|         16|         58|          3|     509.4700000|        826|00:00:17|+0.01|0.07|0.1692|
|x|          9|         58|          3|     509.4700000|        874|00:00:17|+0.01|0.06|0.1600|
|x|         24|         58|          3|     509.4700000|        922|00:00:17|+0.01|0.06|0.1518|
|=|         21|         58|          3|     509.4700000|        970|00:00:17|+0.01|0.06|0.1444|
|x|         10|         58|          3|     509.4700000|       1018|00:00:17|+0.01|0.05|0.1377|
|x|          3|         58|          3|     509.4700000|       1066|00:00:17|+0.01|0.05|0.1315|
|x|          2|         58|          3|     509.4700000|       1114|00:00:17|+0.01|0.05|0.1685|
|x|         14|         58|          3|     509.4700000|       1162|00:00:17|+0.01|0.05|0.1616|
|x|         22|         58|          3|     509.4700000|       1210|00:00:17|+0.01|0.05|0.1552|
|x|         30|         58|          3|     509.4700000|       1258|00:00:17|+0.01|0.05|0.1867|
|x|         17|         58|          3|     509.4700000|       1306|00:00:17|+0.01|0.05|0.1798|
|x|         23|         58|          3|     509.4700000|       1354|00:00:17|+0.01|0.05|0.1735|
|x|         27|         58|          3|     509.4700000|       1402|00:00:17|+0.01|0.04|0.2018|
|-|         19|         53|          3|     509.4700000|       1450|00:00:17|-0.01|0.03|0.1643|
|x|          4|         53|          3|     509.4700000|       1493|00:00:15|-0.01|0.03|0.1590|
|x|         32|         53|          3|     509.4700000|       1546|00:00:19|-0.01|0.03|0.1540|
|x|         33|         53|          3|     509.4700000|       1599|00:00:19|-0.00|0.03|0.1493|
|x|         34|         53|          3|     509.4700000|       1652|00:00:19|-0.00|0.02|0.1449|
|x|         35|         53|          3|     509.4700000|       1705|00:00:18|-0.00|0.03|0.1689|
|x|         36|         53|          3|     509.4700000|       1758|00:00:19|-0.00|0.03|0.1642|
|x|         37|         53|          3|     509.4700000|       1811|00:00:19|-0.00|0.03|0.1857|
|x|         38|         53|          3|     509.4700000|       1864|00:00:19|+0.00|0.03|0.2059|
|x|         39|         53|          3|     509.4700000|       1917|00:00:19|+0.00|0.03|0.2006|
|=|         40|         53|          4|     509.4700000|       1970|00:00:19|+0.00|0.03|0.2204|
+-+-----------+-----------+-----------+----------------+-----------+--------+-----+----+------+
Best-so-far configuration:           4    mean value:      509.4700000
Description of the best-so-far configuration:
  .ID. his_len max_attempts .PARENT.
4    4    1105           61       NA

# 2025-12-29 15:54:29 GMT: Elite configurations (first number is the configuration ID; listed from best to worst according to the sum of ranks):
    his_len max_attempts
4      1105           61
5       605          187
6      1231           93
9       480           30
10     1043          108
13      793           45
14      918          140
15     1418           14
164     862          124
165     784           42
# 2025-12-29 15:54:29 GMT: Iteration 4 of 4
# experimentsUsed: 5930
# remainingBudget: 70
# currentBudget: 70
# nbConfigurations: 11
# Markers:
     x No test is performed.
     c Configurations are discarded only due to capping.
     - The test is performed and some configurations are discarded.
     = The test is performed but no configuration is discarded.
     ! The test is performed and configurations could be discarded but elite configurations are preserved.
     . All alive configurations are elite and nothing is discarded.

+-+-----------+-----------+-----------+----------------+-----------+--------+-----+----+------+
| |   Instance|      Alive|       Best|       Mean best| Exp so far|  W time|  rho|KenW|  Qvar|
+-+-----------+-----------+-----------+----------------+-----------+--------+-----+----+------+
|x|          5|         11|          4|     509.4700000|          1|00:00:00|   NA|  NA|    NA|
|x|         23|         11|          4|     509.4700000|          2|00:00:00|+1.00|1.00|0.0000|
|x|         32|         11|          4|     509.4700000|          3|00:00:00|+1.00|1.00|0.0000|
|x|          7|         11|          4|     509.4700000|          4|00:00:00|+1.00|1.00|0.0000|
|x|         30|         11|          4|     509.4700000|          5|00:00:00|+1.00|1.00|0.0000|
|x|         36|         11|          4|     509.4700000|          6|00:00:00|+1.00|1.00|0.0000|
|x|          1|         11|          4|     509.4700000|          7|00:00:00|+1.00|1.00|0.0000|
|x|         17|         11|          4|     509.4700000|          8|00:00:00|+1.00|1.00|0.0000|
|x|         27|         11|          4|     509.4700000|          9|00:00:00|+1.00|1.00|0.0000|
|=|          6|         11|          4|     509.4700000|         10|00:00:00|+1.00|1.00|0.0000|
|x|         31|         11|          4|     509.4700000|         11|00:00:00|+1.00|1.00|0.0000|
|x|         16|         11|          4|     509.4700000|         12|00:00:00|+1.00|1.00|0.0000|
|x|         18|         11|          4|     509.4700000|         13|00:00:00|+1.00|1.00|0.0000|
|x|         21|         11|          4|     509.4700000|         14|00:00:00|+1.00|1.00|0.0000|
|x|         40|         11|          4|     509.4700000|         15|00:00:00|+1.00|1.00|0.0000|
|x|         35|         11|          4|     509.4700000|         16|00:00:00|+1.00|1.00|0.0000|
|x|         25|         11|          4|     509.4700000|         17|00:00:00|+1.00|1.00|0.0000|
|x|         19|         11|          4|     509.4700000|         18|00:00:00|+1.00|1.00|0.0000|
|x|         34|         11|          4|     509.4700000|         19|00:00:00|+1.00|1.00|0.0000|
|=|         28|         11|          4|     509.4700000|         20|00:00:00|+1.00|1.00|0.0000|
|x|         12|         11|          4|     509.4700000|         21|00:00:00|+1.00|1.00|0.0000|
|x|         20|         11|          4|     509.4700000|         22|00:00:00|+1.00|1.00|0.0000|
|x|         37|         11|          4|     509.4700000|         23|00:00:00|+1.00|1.00|0.0000|
|x|         15|         11|          4|     509.4700000|         24|00:00:00|+1.00|1.00|0.0000|
|x|         24|         11|          4|     509.4700000|         25|00:00:00|+1.00|1.00|0.0000|
|x|          8|         11|          4|     509.4700000|         26|00:00:00|+1.00|1.00|0.0000|
|x|         10|         11|          4|     509.4700000|         27|00:00:00|+1.00|1.00|0.0000|
|x|         26|         11|          4|     509.4700000|         28|00:00:00|+1.00|1.00|0.0000|
|x|         14|         11|          4|     509.4700000|         29|00:00:00|+1.00|1.00|0.0000|
|=|         39|         11|          4|     509.4700000|         30|00:00:00|+1.00|1.00|0.0000|
|x|         29|         11|          4|     509.4700000|         31|00:00:00|+1.00|1.00|0.0000|
|x|          3|         11|          4|     509.4700000|         32|00:00:00|+1.00|1.00|0.0000|
|x|         13|         11|          4|     509.4700000|         33|00:00:00|+1.00|1.00|0.0000|
|x|          9|         11|          4|     509.4700000|         34|00:00:00|+1.00|1.00|0.0000|
|x|         11|         11|          4|     509.4700000|         35|00:00:00|+1.00|1.00|0.0000|
|x|         22|         11|          4|     509.4700000|         36|00:00:00|+1.00|1.00|0.0000|
|x|          4|         11|          4|     509.4700000|         37|00:00:00|+1.00|1.00|0.0000|
|x|         33|         11|          4|     509.4700000|         38|00:00:00|+1.00|1.00|0.0000|
|x|         38|         11|          4|     509.4700000|         39|00:00:00|+1.00|1.00|0.0000|
|=|          2|         11|          4|     509.4700000|         40|00:00:00|+1.00|1.00|0.0000|
+-+-----------+-----------+-----------+----------------+-----------+--------+-----+----+------+
Best-so-far configuration:           4    mean value:      509.4700000
Description of the best-so-far configuration:
  .ID. his_len max_attempts .PARENT.
4    4    1105           61       NA

# 2025-12-29 15:54:47 GMT: Elite configurations (first number is the configuration ID; listed from best to worst according to the sum of ranks):
    his_len max_attempts
4      1105           61
5       605          187
6      1231           93
9       480           30
10     1043          108
13      793           45
14      918          140
15     1418           14
164     862          124
165     784           42
# 2025-12-29 15:54:47 GMT: Stopped because there is not enough budget left to race more than the minimum (10).
# You may either increase the budget or set 'minNbSurvival' to a lower value.
# Iteration: 5
# nbIterations: 5
# experimentsUsed: 5970
# timeUsed: 0
# remainingBudget: 30
# currentBudget: 30
# number of elites: 10
# nbConfigurations: 10
# Total CPU user time: 1346.322, CPU sys time: 6776.852, Wall-clock time: 2312.624
# 2025-12-29 15:54:47 GMT: Starting post-selection:
# Configurations selected: 4, 5, 6.
# Pending instances: 0, 0, 0.
# 2025-12-29 15:54:47 GMT: seed: 715040946
# Configurations: 3
# Available experiments: 30
# minSurvival: 1
# Markers:
     x No test is performed.
     c Configurations are discarded only due to capping.
     - The test is performed and some configurations are discarded.
     = The test is performed but no configuration is discarded.
     ! The test is performed and configurations could be discarded but elite configurations are preserved.
     . All alive configurations are elite and nothing is discarded.

+-+-----------+-----------+-----------+----------------+-----------+--------+-----+----+------+
| |   Instance|      Alive|       Best|       Mean best| Exp so far|  W time|  rho|KenW|  Qvar|
+-+-----------+-----------+-----------+----------------+-----------+--------+-----+----+------+
|.|         29|          3|          4|     509.4700000|          0|00:00:00|   NA|  NA|    NA|
|.|          8|          3|          4|     509.4700000|          0|00:00:00|+1.00|1.00|0.0000|
|.|         39|          3|          4|     509.4700000|          0|00:00:00|+1.00|1.00|0.0000|
|.|         23|          3|          4|     509.4700000|          0|00:00:00|+1.00|1.00|0.0000|
|.|         24|          3|          4|     509.4700000|          0|00:00:00|+1.00|1.00|0.0000|
|.|         17|          3|          4|     509.4700000|          0|00:00:00|+1.00|1.00|0.0000|
|.|         19|          3|          4|     509.4700000|          0|00:00:00|+1.00|1.00|0.0000|
|.|          7|          3|          4|     509.4700000|          0|00:00:00|+1.00|1.00|0.0000|
|.|          4|          3|          4|     509.4700000|          0|00:00:00|+1.00|1.00|0.0000|
|.|         26|          3|          4|     509.4700000|          0|00:00:00|+1.00|1.00|0.0000|
|.|         21|          3|          4|     509.4700000|          0|00:00:00|+1.00|1.00|0.0000|
|.|          5|          3|          4|     509.4700000|          0|00:00:00|+1.00|1.00|0.0000|
|.|         37|          3|          4|     509.4700000|          0|00:00:00|+1.00|1.00|0.0000|
|.|         40|          3|          4|     509.4700000|          0|00:00:00|+1.00|1.00|0.0000|
|.|          9|          3|          4|     509.4700000|          0|00:00:00|+1.00|1.00|0.0000|
|.|         15|          3|          4|     509.4700000|          0|00:00:00|+1.00|1.00|0.0000|
|.|         38|          3|          4|     509.4700000|          0|00:00:00|+1.00|1.00|0.0000|
|.|         30|          3|          4|     509.4700000|          0|00:00:00|+1.00|1.00|0.0000|
|.|         33|          3|          4|     509.4700000|          0|00:00:00|+1.00|1.00|0.0000|
|.|          6|          3|          4|     509.4700000|          0|00:00:00|+1.00|1.00|0.0000|
|.|         32|          3|          4|     509.4700000|          0|00:00:00|+1.00|1.00|0.0000|
|.|         12|          3|          4|     509.4700000|          0|00:00:00|+1.00|1.00|0.0000|
|.|          1|          3|          4|     509.4700000|          0|00:00:00|+1.00|1.00|0.0000|
|.|         27|          3|          4|     509.4700000|          0|00:00:00|+1.00|1.00|0.0000|
|.|         10|          3|          4|     509.4700000|          0|00:00:00|+1.00|1.00|0.0000|
|.|         14|          3|          4|     509.4700000|          0|00:00:00|+1.00|1.00|0.0000|
|.|         34|          3|          4|     509.4700000|          0|00:00:00|+1.00|1.00|0.0000|
|.|         13|          3|          4|     509.4700000|          0|00:00:00|+1.00|1.00|0.0000|
|.|          2|          3|          4|     509.4700000|          0|00:00:00|+1.00|1.00|0.0000|
|.|         16|          3|          4|     509.4700000|          0|00:00:00|+1.00|1.00|0.0000|
|.|         31|          3|          4|     509.4700000|          0|00:00:00|+1.00|1.00|0.0000|
|.|         35|          3|          4|     509.4700000|          0|00:00:00|+1.00|1.00|0.0000|
|.|         22|          3|          4|     509.4700000|          0|00:00:00|+1.00|1.00|0.0000|
|.|          3|          3|          4|     509.4700000|          0|00:00:00|+1.00|1.00|0.0000|
|.|         36|          3|          4|     509.4700000|          0|00:00:00|+1.00|1.00|0.0000|
|.|         11|          3|          4|     509.4700000|          0|00:00:00|+1.00|1.00|0.0000|
|.|         25|          3|          4|     509.4700000|          0|00:00:00|+1.00|1.00|0.0000|
|.|         18|          3|          4|     509.4700000|          0|00:00:00|+1.00|1.00|0.0000|
|.|         28|          3|          4|     509.4700000|          0|00:00:00|+1.00|1.00|0.0000|
|.|         20|          3|          4|     509.4700000|          0|00:00:00|+1.00|1.00|0.0000|
|x|         41|          3|          4|     509.4700000|          3|00:00:00|+1.00|1.00|0.0000|
|x|         42|          3|          4|     509.4700000|          6|00:00:00|+1.00|1.00|0.0000|
|x|         43|          3|          4|     509.4700000|          9|00:00:00|+1.00|1.00|0.0000|
|x|         44|          3|          4|     509.4700000|         12|00:00:00|+1.00|1.00|0.0000|
|x|         45|          3|          4|     509.4700000|         15|00:00:00|+1.00|1.00|0.0000|
|x|         46|          3|          4|     509.4700000|         18|00:00:00|+1.00|1.00|0.0000|
|x|         47|          3|          4|     509.4700000|         21|00:00:00|+1.00|1.00|0.0000|
|x|         48|          3|          4|     509.4700000|         24|00:00:00|+1.00|1.00|0.0000|
|x|         49|          3|          4|     509.4700000|         27|00:00:00|+1.00|1.00|0.0000|
|=|         50|          3|          4|     509.4700000|         30|00:00:00|+1.00|1.00|0.0000|
+-+-----------+-----------+-----------+----------------+-----------+--------+-----+----+------+
Best-so-far configuration:           4    mean value:      509.4700000
Description of the best-so-far configuration:
  .ID. his_len max_attempts .PARENT.
4    4    1105           61       NA

# 2025-12-29 15:54:55 GMT: Elite configurations (first number is the configuration ID; listed from best to worst according to the sum of ranks):
  his_len max_attempts
4    1105           61
5     605          187
6    1231           93
# Total CPU user time: 1352.67, CPU sys time: 6795.498, Wall-clock time: 2320.453
# Best configurations (first number is the configuration ID; listed from best to worst according to the sum of ranks):
  his_len max_attempts
4    1105           61
5     605          187
6    1231           93
# Best configurations as commandlines (first number is the configuration ID; listed from best to worst according to the sum of ranks):
4 -his_len 1105 -max_attempts 61
5 -his_len 605 -max_attempts 187
6 -his_len 1231 -max_attempts 93


# Testing of elite configurations: 1 
# Testing iteration configurations: FALSE 
# 2025-12-29 15:54:55 GMT: No test instances, skip testing
