Starting irace...
# 2025-12-26 13:34:53 GMT: Reading parameter file '/gpfs/home/e/exx866/IRACE-b-LAHC/all-instances-rough/E-n89-k7-s13/parameters.txt'.
# 2025-12-26 13:34:54 GMT: Read 1 configuration(s) from file '/gpfs/home/e/exx866/IRACE-b-LAHC/all-instances-rough/E-n89-k7-s13/configurations.txt'
# 2025-12-26 13:34:55 GMT: Initialization
# Elitist race
# Elitist new instances: 1
# Elitist limit: 2
# nbIterations: 3
# minNbSurvival: 10
# nbParameters: 2
# seed: 1311829231
# confidence level: 0.95
# budget: 3500
# mu: 10
# deterministic: FALSE

# 2025-12-26 13:34:55 GMT: Iteration 1 of 3
# experimentsUsed: 0
# remainingBudget: 3500
# currentBudget: 1166
# nbConfigurations: 58
# Markers:
     x No test is performed.
     c Configurations are discarded only due to capping.
     - The test is performed and some configurations are discarded.
     = The test is performed but no configuration is discarded.
     ! The test is performed and configurations could be discarded but elite configurations are preserved.
     . All alive configurations are elite and nothing is discarded.

+-+-----------+-----------+-----------+----------------+-----------+--------+-----+----+------+
| |   Instance|      Alive|       Best|       Mean best| Exp so far|  W time|  rho|KenW|  Qvar|
+-+-----------+-----------+-----------+----------------+-----------+--------+-----+----+------+
|x|          1|         58|          4|     692.2800000|         58|00:00:52|   NA|  NA|    NA|
|x|          2|         58|         42|     692.8400000|        116|00:00:44|+0.88|0.94|0.1630|
|x|          3|         58|         42|     696.0300000|        174|00:00:46|+0.83|0.89|0.2333|
|x|          4|         58|         42|     694.9475000|        232|00:00:46|+0.77|0.82|0.2734|
|x|          5|         58|         42|     696.8800000|        290|00:00:49|+0.59|0.67|0.4708|
|x|          6|         58|         22|     698.9883333|        348|00:00:49|+0.63|0.69|0.4248|
|x|          7|         58|         22|     698.0300000|        406|00:00:45|+0.65|0.70|0.3999|
|x|          8|         58|         42|     696.9900000|        464|00:00:45|+0.68|0.72|0.3673|
|x|          9|         58|         42|     697.3300000|        522|00:00:37|+0.69|0.72|0.3569|
|-|         10|         13|         42|     697.1020000|        580|00:00:24|+0.12|0.21|0.7993|
|x|         11|         13|         42|     697.3154545|        593|00:00:08|+0.07|0.16|0.8325|
|x|         12|         13|         42|     697.6675000|        606|00:00:07|+0.08|0.16|0.8381|
|x|         13|         13|         42|     697.7107692|        619|00:00:07|+0.10|0.17|0.8297|
|x|         14|         13|         42|     698.1100000|        632|00:00:08|+0.09|0.15|0.8368|
|x|         15|         13|         42|     697.7466667|        645|00:00:08|+0.10|0.16|0.8342|
|x|         16|         13|         42|     697.4050000|        658|00:00:07|+0.10|0.16|0.8209|
|x|         17|         13|         42|     697.2105882|        671|00:00:13|+0.10|0.15|0.8054|
|x|         18|         13|         42|     696.9116667|        684|00:00:19|+0.11|0.15|0.7993|
|x|         19|         13|         42|     697.0763158|        697|00:00:20|+0.12|0.17|0.7946|
|-|         20|          3|         42|     697.2000000|        710|00:00:19|-0.03|0.02|0.6539|
+-+-----------+-----------+-----------+----------------+-----------+--------+-----+----+------+
Best-so-far configuration:          42    mean value:      697.2000000
Description of the best-so-far configuration:
   .ID. his_len max_attempts .PARENT.
42   42    3348            5       NA

# 2025-12-26 13:44:17 GMT: Elite configurations (first number is the configuration ID; listed from best to worst according to the sum of ranks):
   his_len max_attempts
42    3348            5
20     577          216
4     2424           44
# 2025-12-26 13:44:17 GMT: Iteration 2 of 3
# experimentsUsed: 710
# remainingBudget: 2790
# currentBudget: 1395
# nbConfigurations: 48
# Markers:
     x No test is performed.
     c Configurations are discarded only due to capping.
     - The test is performed and some configurations are discarded.
     = The test is performed but no configuration is discarded.
     ! The test is performed and configurations could be discarded but elite configurations are preserved.
     . All alive configurations are elite and nothing is discarded.

+-+-----------+-----------+-----------+----------------+-----------+--------+-----+----+------+
| |   Instance|      Alive|       Best|       Mean best| Exp so far|  W time|  rho|KenW|  Qvar|
+-+-----------+-----------+-----------+----------------+-----------+--------+-----+----+------+
|x|         21|         48|         86|     691.7000000|         48|00:00:35|   NA|  NA|    NA|
|x|          8|         48|         88|     692.7250000|         93|00:00:33|+0.17|0.59|0.8496|
|x|         12|         48|         67|     694.1266667|        138|00:00:32|+0.20|0.46|0.8295|
|x|          4|         48|         88|     695.2075000|        183|00:00:36|+0.25|0.43|0.7910|
|x|         19|         48|         88|     694.9440000|        228|00:00:33|+0.20|0.36|0.7931|
|x|         11|         48|         74|     695.9633333|        273|00:00:27|+0.23|0.36|0.7418|
|x|          2|         48|         74|     695.7771429|        318|00:00:26|+0.20|0.31|0.7701|
|x|         15|         48|         88|     695.0637500|        363|00:00:27|+0.21|0.31|0.7544|
|x|         14|         48|         88|     695.4044444|        408|00:00:29|+0.22|0.30|0.7501|
|-|          9|         12|         74|     695.3980000|        453|00:00:28|+0.07|0.17|0.8091|
|x|         17|         12|         74|     695.7181818|        462|00:00:10|+0.10|0.18|0.7938|
|x|          1|         12|         74|     695.7333333|        471|00:00:10|+0.09|0.17|0.7948|
|x|          7|         12|         74|     695.9092308|        480|00:00:10|+0.11|0.17|0.7791|
|x|         16|         12|         74|     695.6500000|        489|00:00:09|+0.10|0.16|0.7841|
|x|          6|         12|         74|     695.3866667|        498|00:00:07|+0.12|0.17|0.7631|
|x|         18|         12|         74|     695.3931250|        507|00:00:08|+0.13|0.19|0.7467|
|x|         20|         12|         74|     695.5258824|        516|00:00:08|+0.14|0.19|0.7466|
|x|         10|         12|         74|     695.8350000|        525|00:00:08|+0.13|0.17|0.7588|
|x|          5|         12|         74|     695.8778947|        534|00:00:08|+0.14|0.18|0.7533|
|-|          3|          8|         78|     695.6515000|        543|00:00:08|+0.13|0.17|0.7069|
|x|         13|          8|         78|     695.7490476|        548|00:00:07|+0.14|0.18|0.7043|
|x|         22|          8|         78|     695.5822727|        556|00:00:08|+0.13|0.16|0.7176|
|x|         23|          8|         78|     695.6973913|        564|00:00:08|+0.13|0.17|0.7085|
|x|         24|          8|         78|     695.7433333|        572|00:00:08|+0.14|0.17|0.7085|
|x|         25|          8|         74|     696.1244000|        580|00:00:05|+0.15|0.18|0.6950|
|x|         26|          8|         78|     695.6030769|        588|00:00:05|+0.16|0.19|0.6865|
|x|         27|          8|         78|     695.7185185|        596|00:00:05|+0.15|0.19|0.6976|
|x|         28|          8|         74|     696.2021429|        604|00:00:05|+0.16|0.19|0.6874|
|x|         29|          8|         78|     695.5289655|        612|00:00:05|+0.18|0.20|0.6754|
|-|         30|          6|         78|     695.5686667|        620|00:00:05|-0.00|0.03|0.8310|
+-+-----------+-----------+-----------+----------------+-----------+--------+-----+----+------+
Best-so-far configuration:          78    mean value:      695.5686667
Description of the best-so-far configuration:
   .ID. his_len max_attempts .PARENT.
78   78    2331            1       42

# 2025-12-26 13:52:05 GMT: Elite configurations (first number is the configuration ID; listed from best to worst according to the sum of ranks):
   his_len max_attempts
78    2331            1
74    4983            2
70     311           33
94    2196            2
42    3348            5
88    1291           14
# 2025-12-26 13:52:05 GMT: Iteration 3 of 3
# experimentsUsed: 1330
# remainingBudget: 2170
# currentBudget: 2170
# nbConfigurations: 58
# Markers:
     x No test is performed.
     c Configurations are discarded only due to capping.
     - The test is performed and some configurations are discarded.
     = The test is performed but no configuration is discarded.
     ! The test is performed and configurations could be discarded but elite configurations are preserved.
     . All alive configurations are elite and nothing is discarded.

+-+-----------+-----------+-----------+----------------+-----------+--------+-----+----+------+
| |   Instance|      Alive|       Best|       Mean best| Exp so far|  W time|  rho|KenW|  Qvar|
+-+-----------+-----------+-----------+----------------+-----------+--------+-----+----+------+
|x|         31|         58|        147|     691.4500000|         58|00:00:25|   NA|  NA|    NA|
|x|         13|         58|        114|     693.1550000|        110|00:00:24|-0.10|0.45|1.0742|
|x|          8|         58|         74|     694.9300000|        162|00:00:22|-0.02|0.32|0.9871|
|x|          9|         58|         74|     694.2675000|        214|00:00:22|+0.08|0.31|0.8920|
|x|          4|         58|         74|     694.2840000|        266|00:00:23|+0.10|0.28|0.8862|
|x|         14|         58|         74|     693.8533333|        318|00:00:21|+0.11|0.26|0.8752|
|x|         16|         58|         74|     693.6285714|        370|00:00:23|+0.11|0.24|0.8600|
|x|         24|         58|         74|     693.3875000|        422|00:00:21|+0.12|0.23|0.8484|
|x|          1|         58|         74|     693.6666667|        474|00:00:21|+0.12|0.21|0.8597|
|-|         29|         20|         74|     693.9490000|        526|00:00:23|-0.03|0.07|0.9776|
|x|          5|         20|         74|     694.1945455|        540|00:00:07|-0.03|0.07|0.9734|
|x|         15|         20|         74|     694.6416667|        554|00:00:07|-0.04|0.05|0.9845|
|x|          2|         20|         74|     694.6430769|        568|00:00:08|-0.04|0.04|0.9854|
|x|         30|         20|         74|     694.8314286|        582|00:00:07|-0.04|0.04|0.9774|
|x|         12|         20|         74|     695.0980000|        596|00:00:07|-0.03|0.04|0.9687|
|x|         11|         20|         74|     695.2756250|        610|00:00:07|-0.02|0.05|0.9612|
|x|          3|         20|         74|     695.2747059|        624|00:00:07|-0.01|0.05|0.9490|
|x|         21|         20|         74|     695.6072222|        638|00:00:09|-0.01|0.05|0.9534|
|x|         23|         20|         74|     695.6900000|        652|00:00:11|-0.00|0.05|0.9480|
|=|         26|         20|         78|     695.6515000|        666|00:00:09|+0.01|0.06|0.9394|
|x|         17|         20|        123|     695.4109524|        680|00:00:09|+0.01|0.05|0.9385|
|x|         19|         20|        123|     695.7336364|        694|00:00:09|+0.00|0.05|0.9432|
|x|          6|         20|        123|     695.5582609|        708|00:00:09|+0.01|0.05|0.9357|
|x|         27|         20|        123|     695.4375000|        722|00:00:09|+0.01|0.06|0.9326|
|x|         18|         20|         74|     695.7524000|        736|00:00:09|+0.01|0.05|0.9336|
|x|         28|         20|         74|     695.6334615|        750|00:00:09|+0.01|0.05|0.9383|
|x|         10|         20|        123|     695.6959259|        764|00:00:11|+0.01|0.05|0.9357|
|x|         25|         20|         74|     695.7735714|        778|00:00:10|+0.01|0.05|0.9350|
|x|         20|         20|        123|     695.7455172|        792|00:00:09|+0.02|0.05|0.9344|
|=|         22|         20|        123|     695.6300000|        806|00:00:09|+0.02|0.05|0.9330|
|x|          7|         20|         78|     695.6777419|        820|00:00:09|+0.01|0.04|0.9363|
|x|         32|         20|        123|     695.6090625|        840|00:00:11|+0.01|0.04|0.9364|
|x|         33|         20|        123|     695.4978788|        860|00:00:12|+0.02|0.05|0.9332|
|x|         34|         20|        123|     695.5097059|        880|00:00:14|+0.02|0.05|0.9326|
|x|         35|         20|        123|     695.5408571|        900|00:00:12|+0.01|0.04|0.9357|
|x|         36|         20|        123|     695.5866667|        920|00:00:11|+0.01|0.04|0.9387|
|x|         37|         20|        123|     695.7362162|        940|00:00:11|+0.00|0.03|0.9445|
|x|         38|         20|        123|     695.6931579|        960|00:00:13|+0.01|0.03|0.9450|
|x|         39|         20|        123|     695.8897436|        980|00:00:11|+0.00|0.03|0.9485|
|=|         40|         20|        123|     695.9665000|       1000|00:00:11|+0.00|0.03|0.9468|
|x|         41|         20|        123|     696.0307317|       1020|00:00:12|+0.00|0.03|0.9480|
|x|         42|         20|         74|     696.4004762|       1040|00:00:13|+0.00|0.03|0.9477|
|x|         43|         20|         74|     696.3793023|       1060|00:00:11|+0.00|0.02|0.9503|
|x|         44|         20|         74|     696.4061364|       1080|00:00:11|+0.00|0.03|0.9468|
|x|         45|         20|        112|     696.3637778|       1100|00:00:12|+0.00|0.03|0.9480|
|x|         46|         20|         78|     696.1380435|       1120|00:00:13|+0.00|0.02|0.9488|
|x|         47|         20|        123|     696.0834043|       1140|00:00:11|+0.00|0.02|0.9485|
|x|         48|         20|        123|     696.0093750|       1160|00:00:10|+0.00|0.02|0.9477|
|x|         49|         20|        123|     695.9410204|       1180|00:00:12|+0.00|0.02|0.9458|
|=|         50|         20|        123|     695.9660000|       1200|00:00:13|+0.01|0.03|0.9435|
+-+-----------+-----------+-----------+----------------+-----------+--------+-----+----+------+
Best-so-far configuration:         123    mean value:      695.9660000
Description of the best-so-far configuration:
    .ID. his_len max_attempts .PARENT.
123  123    5290            2       74

# 2025-12-26 14:02:58 GMT: Elite configurations (first number is the configuration ID; listed from best to worst according to the sum of ranks):
    his_len max_attempts
123    5290            2
78     2331            1
112    2965            3
116    1792            4
125    3198            3
74     4983            2
94     2196            2
119    5181            3
124    1430            8
70      311           33
# 2025-12-26 14:02:58 GMT: Iteration 4 of 4
# experimentsUsed: 2530
# remainingBudget: 970
# currentBudget: 970
# nbConfigurations: 24
# Markers:
     x No test is performed.
     c Configurations are discarded only due to capping.
     - The test is performed and some configurations are discarded.
     = The test is performed but no configuration is discarded.
     ! The test is performed and configurations could be discarded but elite configurations are preserved.
     . All alive configurations are elite and nothing is discarded.

+-+-----------+-----------+-----------+----------------+-----------+--------+-----+----+------+
| |   Instance|      Alive|       Best|       Mean best| Exp so far|  W time|  rho|KenW|  Qvar|
+-+-----------+-----------+-----------+----------------+-----------+--------+-----+----+------+
|x|         51|         24|        168|     691.7000000|         24|00:00:12|   NA|  NA|    NA|
|x|         42|         24|        159|     693.5900000|         38|00:00:08|+0.02|0.51|1.0351|
|x|         33|         24|        165|     694.3300000|         52|00:00:08|+0.13|0.42|0.9137|
|x|         23|         24|        165|     693.6725000|         66|00:00:08|+0.26|0.44|0.7723|
|x|         43|         24|        167|     694.7260000|         80|00:00:09|+0.22|0.38|0.7616|
|x|         20|         24|        164|     694.5550000|         94|00:00:11|+0.23|0.36|0.7345|
|x|         31|         24|        165|     694.4714286|        108|00:00:09|+0.22|0.33|0.7482|
|x|          9|         24|        165|     694.3687500|        122|00:00:08|+0.16|0.27|0.7810|
|x|         29|         24|        165|     694.0722222|        136|00:00:08|+0.18|0.27|0.7530|
|-|         49|         19|        165|     694.4880000|        150|00:00:10|-0.02|0.08|0.9661|
|x|          8|         19|        165|     694.7363636|        159|00:00:09|-0.01|0.08|0.9530|
|x|         19|         19|        165|     694.9408333|        168|00:00:07|-0.02|0.07|0.9640|
|x|         14|         19|        165|     694.7361538|        177|00:00:06|-0.00|0.07|0.9528|
|x|         21|         19|        165|     694.9507143|        186|00:00:06|-0.01|0.06|0.9608|
|x|         41|         19|        165|     695.0140000|        195|00:00:06|-0.00|0.06|0.9545|
|x|         22|         19|        165|     695.2818750|        204|00:00:06|-0.01|0.05|0.9567|
|x|         48|         19|        165|     695.2935294|        213|00:00:06|-0.02|0.04|0.9636|
|x|         36|         19|        165|     695.2716667|        222|00:00:06|-0.01|0.05|0.9540|
|x|         35|         19|        165|     695.4273684|        231|00:00:06|-0.01|0.04|0.9556|
|=|          1|         19|        159|     695.2685000|        240|00:00:06|-0.01|0.04|0.9539|
|x|         15|         19|        159|     695.3595238|        249|00:00:06|-0.00|0.04|0.9535|
|x|         40|         19|        159|     695.2309091|        258|00:00:07|-0.00|0.04|0.9487|
|x|         44|         19|        159|     695.1817391|        267|00:00:08|-0.00|0.04|0.9460|
|x|          2|         19|        159|     695.2654167|        276|00:00:08|-0.00|0.04|0.9448|
|x|         18|         19|        159|     695.1612000|        285|00:00:08|-0.01|0.03|0.9483|
|x|         46|         19|        159|     695.1203846|        294|00:00:08|-0.01|0.03|0.9472|
|x|         13|         19|        159|     695.2948148|        303|00:00:08|-0.01|0.03|0.9494|
|x|          5|         19|        159|     695.3807143|        312|00:00:08|-0.01|0.02|0.9497|
|x|         25|         19|        159|     695.3986207|        321|00:00:08|-0.01|0.02|0.9518|
|=|         34|         19|        164|     695.3166667|        330|00:00:07|-0.01|0.02|0.9537|
|x|         32|         19|        164|     695.4345161|        339|00:00:03|-0.02|0.02|0.9541|
|x|         39|         19|        159|     695.6634375|        348|00:00:03|-0.02|0.01|0.9578|
|x|         30|         19|        159|     695.7251515|        357|00:00:03|-0.02|0.01|0.9594|
|x|          4|         19|        159|     695.7852941|        366|00:00:03|-0.02|0.01|0.9625|
|x|          6|         19|        159|     695.6685714|        375|00:00:03|-0.02|0.01|0.9606|
|x|         37|         19|        159|     695.5744444|        384|00:00:03|-0.01|0.01|0.9563|
|x|         26|         19|        159|     695.4956757|        393|00:00:03|-0.01|0.01|0.9574|
|x|         16|         19|        159|     695.5663158|        402|00:00:03|-0.02|0.01|0.9587|
|x|         24|         19|        159|     695.5292308|        411|00:00:03|-0.01|0.01|0.9570|
|=|         10|         19|        159|     695.5075000|        420|00:00:03|-0.01|0.01|0.9549|
|x|         11|         19|        159|     695.5665854|        429|00:00:03|-0.01|0.01|0.9541|
|x|          7|         19|        159|     695.6416667|        438|00:00:03|-0.01|0.01|0.9531|
|x|         47|         19|        159|     695.6613953|        447|00:00:03|-0.01|0.01|0.9528|
|x|         50|         19|        159|     695.6945455|        456|00:00:03|-0.01|0.01|0.9519|
|x|         38|         19|        159|     695.7266667|        465|00:00:03|-0.01|0.01|0.9525|
|x|          3|         19|        159|     695.6443478|        474|00:00:03|-0.01|0.01|0.9508|
|x|         27|         19|        159|     695.6825532|        483|00:00:03|-0.01|0.01|0.9514|
|x|         17|         19|        159|     695.8227083|        492|00:00:03|-0.01|0.01|0.9518|
|x|         45|         19|        159|     695.7875510|        501|00:00:03|-0.01|0.01|0.9507|
|=|         12|         19|        159|     695.7174000|        510|00:00:03|-0.01|0.01|0.9493|
|x|         28|         19|        159|     695.7209804|        519|00:00:03|-0.01|0.01|0.9479|
|x|         52|         19|        159|     695.7009615|        538|00:00:06|-0.01|0.01|0.9473|
|x|         53|         19|        159|     695.7307547|        557|00:00:06|-0.01|0.01|0.9486|
|x|         54|         19|        159|     695.6742593|        576|00:00:06|-0.00|0.01|0.9469|
|x|         55|         19|        159|     695.7207273|        595|00:00:06|-0.00|0.01|0.9478|
|x|         56|         19|        159|     695.7239286|        614|00:00:06|-0.00|0.01|0.9467|
|x|         57|         19|        159|     695.7540351|        633|00:00:06|-0.00|0.01|0.9463|
|x|         58|         19|        159|     695.6941379|        652|00:00:06|-0.00|0.01|0.9477|
|x|         59|         19|        159|     695.7506780|        671|00:00:06|-0.00|0.01|0.9477|
|=|         60|         19|        159|     695.7325000|        690|00:00:06|-0.00|0.01|0.9462|
|x|         61|         19|        159|     695.7973770|        709|00:00:06|-0.00|0.01|0.9456|
|x|         62|         19|        159|     695.7614516|        728|00:00:06|-0.00|0.01|0.9467|
|x|         63|         19|        159|     695.7763492|        747|00:00:06|-0.00|0.01|0.9466|
|x|         64|         19|        159|     695.7185937|        766|00:00:06|-0.00|0.01|0.9462|
|x|         65|         19|        159|     695.7572308|        785|00:00:06|-0.00|0.01|0.9466|
|x|         66|         19|        159|     695.8677273|        804|00:00:06|-0.00|0.01|0.9477|
|x|         67|         19|        159|     695.8055224|        823|00:00:06|-0.00|0.01|0.9469|
|x|         68|         19|        159|     695.8272059|        842|00:00:06|-0.00|0.01|0.9483|
|x|         69|         19|        159|     695.8610145|        861|00:00:06|-0.00|0.01|0.9480|
|=|         70|         19|        159|     695.8152857|        880|00:00:06|-0.00|0.01|0.9485|
+-+-----------+-----------+-----------+----------------+-----------+--------+-----+----+------+
Best-so-far configuration:         159    mean value:      695.8152857
Description of the best-so-far configuration:
    .ID. his_len max_attempts .PARENT.
159  159    2903            1      112

# 2025-12-26 14:10:25 GMT: Elite configurations (first number is the configuration ID; listed from best to worst according to the sum of ranks):
    his_len max_attempts
159    2903            1
164    5296            1
78     2331            1
157    5007            1
125    3198            3
123    5290            2
112    2965            3
167    3207            1
161    2832            2
165    1764            5
# 2025-12-26 14:10:25 GMT: Iteration 5 of 5
# experimentsUsed: 3410
# remainingBudget: 90
# currentBudget: 90
# nbConfigurations: 11
# Markers:
     x No test is performed.
     c Configurations are discarded only due to capping.
     - The test is performed and some configurations are discarded.
     = The test is performed but no configuration is discarded.
     ! The test is performed and configurations could be discarded but elite configurations are preserved.
     . All alive configurations are elite and nothing is discarded.

+-+-----------+-----------+-----------+----------------+-----------+--------+-----+----+------+
| |   Instance|      Alive|       Best|       Mean best| Exp so far|  W time|  rho|KenW|  Qvar|
+-+-----------+-----------+-----------+----------------+-----------+--------+-----+----+------+
|x|         63|         11|         78|     692.6600000|          1|00:00:01|   NA|  NA|    NA|
|x|         65|         11|        157|     693.8700000|          2|00:00:01|+0.00|0.50|1.0470|
|x|         59|         11|        157|     693.4666667|          3|00:00:01|+0.35|0.57|0.6561|
|x|         64|         11|        157|     693.3275000|          4|00:00:01|+0.02|0.26|0.8153|
|x|         68|         11|        167|     694.4800000|          5|00:00:01|+0.10|0.28|0.7639|
|x|          5|         11|        161|     694.0100000|          6|00:00:01|+0.07|0.22|0.7921|
|x|         35|         11|         78|     694.3328571|          7|00:00:01|+0.04|0.18|0.8000|
|x|         28|         11|         78|     694.2175000|          8|00:00:01|+0.06|0.18|0.8181|
|x|         44|         11|         78|     694.0300000|          9|00:00:01|+0.07|0.17|0.8114|
|=|         13|         11|         78|     694.3970000|         10|00:00:01|+0.03|0.13|0.8610|
|x|         54|         11|         78|     694.6100000|         11|00:00:01|+0.01|0.10|0.8810|
|x|         51|         11|        164|     695.4216667|         12|00:00:01|+0.01|0.09|0.8862|
|x|         58|         11|         78|     694.7953846|         13|00:00:01|+0.01|0.08|0.8804|
|x|         66|         11|         78|     695.0028571|         14|00:00:01|-0.00|0.07|0.8896|
|x|         33|         11|         78|     695.1513333|         15|00:00:01|-0.02|0.05|0.9066|
|x|         32|         11|         78|     695.6831250|         16|00:00:01|-0.03|0.04|0.9211|
|x|         20|         11|         78|     695.7935294|         17|00:00:01|-0.04|0.03|0.9307|
|x|         47|         11|         78|     695.6700000|         18|00:00:01|-0.03|0.03|0.9206|
|x|         31|         11|        157|     695.2705263|         19|00:00:01|-0.04|0.02|0.9318|
|=|          1|         11|        157|     695.1210000|         20|00:00:01|-0.03|0.02|0.9281|
|x|         34|         11|        157|     695.2880952|         21|00:00:01|-0.03|0.02|0.9266|
|x|          9|         11|        157|     695.4809091|         22|00:00:01|-0.04|0.01|0.9342|
|x|         49|         11|        157|     695.5552174|         23|00:00:01|-0.03|0.01|0.9337|
|x|         50|         11|        157|     695.4187500|         24|00:00:01|-0.03|0.02|0.9262|
|x|         25|         11|        157|     695.5864000|         25|00:00:01|-0.03|0.01|0.9298|
|x|         29|         11|        157|     695.4369231|         26|00:00:01|-0.02|0.01|0.9238|
|x|         19|         11|        157|     695.6318519|         27|00:00:01|-0.03|0.01|0.9300|
|x|         36|         11|        157|     695.6414286|         28|00:00:01|-0.03|0.01|0.9296|
|x|         48|         11|        157|     695.7075862|         29|00:00:01|-0.03|0.01|0.9299|
|=|         10|         11|        157|     695.5740000|         30|00:00:01|-0.02|0.01|0.9232|
|x|         27|         11|        123|     696.0374194|         31|00:00:01|-0.02|0.01|0.9224|
|x|         18|         11|        157|     695.7596875|         32|00:00:01|-0.02|0.01|0.9225|
|x|         53|         11|        161|     695.9303030|         33|00:00:01|-0.02|0.01|0.9214|
|x|         39|         11|        161|     695.9979412|         34|00:00:01|-0.02|0.01|0.9250|
|x|         60|         11|        157|     695.9594286|         35|00:00:01|-0.02|0.01|0.9215|
|x|         46|         11|        123|     696.2547222|         36|00:00:01|-0.02|0.01|0.9200|
|x|         70|         11|        161|     695.9800000|         37|00:00:01|-0.02|0.01|0.9190|
|x|         30|         11|        161|     695.9134211|         38|00:00:01|-0.02|0.01|0.9176|
|x|         24|         11|        123|     696.2435897|         39|00:00:01|-0.01|0.01|0.9149|
|=|          8|         11|        159|     695.8945000|         40|00:00:01|-0.02|0.01|0.9160|
|x|         41|         11|        159|     695.9373171|         41|00:00:01|-0.02|0.01|0.9153|
|x|          4|         11|        159|     695.9809524|         42|00:00:01|-0.02|0.01|0.9161|
|x|          7|         11|        159|     696.0446512|         43|00:00:01|-0.02|0.01|0.9159|
|x|         43|         11|        164|     696.1763636|         44|00:00:01|-0.02|0.01|0.9149|
|x|         22|         11|        164|     696.0897778|         45|00:00:01|-0.01|0.01|0.9112|
|x|         37|         11|        164|     696.0152174|         46|00:00:01|-0.01|0.01|0.9102|
|x|         16|         11|        164|     696.0906383|         47|00:00:01|-0.01|0.01|0.9106|
|x|         21|         11|        157|     695.8654167|         48|00:00:01|-0.01|0.01|0.9091|
|x|         11|         11|        157|     695.8344898|         49|00:00:01|-0.01|0.01|0.9095|
|=|         67|         11|        157|     695.7594000|         50|00:00:01|-0.01|0.01|0.9095|
|x|         52|         11|        157|     695.8068627|         51|00:00:01|-0.01|0.01|0.9094|
|x|         61|         11|        157|     695.8423077|         52|00:00:01|-0.01|0.01|0.9119|
|x|         12|         11|        157|     695.9133962|         53|00:00:01|-0.01|0.01|0.9127|
|x|         55|         11|        157|     695.9177778|         54|00:00:01|-0.01|0.01|0.9132|
|x|          6|         11|        157|     695.8992727|         55|00:00:01|-0.01|0.01|0.9109|
|x|         38|         11|        157|     695.8346429|         56|00:00:01|-0.01|0.01|0.9133|
|x|          3|         11|        157|     695.8817544|         57|00:00:01|-0.01|0.01|0.9137|
|x|         15|         11|        157|     695.8510345|         58|00:00:01|-0.01|0.01|0.9126|
|x|         42|         11|        164|     695.9132203|         59|00:00:01|-0.01|0.01|0.9135|
|=|         23|         11|        164|     695.8526667|         60|00:00:01|-0.01|0.01|0.9130|
|x|         14|         11|        159|     695.7886885|         61|00:00:01|-0.01|0.01|0.9140|
|x|         17|         11|        159|     695.8954839|         62|00:00:01|-0.01|0.01|0.9151|
|x|         26|         11|        159|     695.8441270|         63|00:00:01|-0.01|0.00|0.9158|
|x|          2|         11|        159|     695.8651563|         64|00:00:01|-0.01|0.01|0.9150|
|x|         56|         11|        159|     695.8656923|         65|00:00:01|-0.01|0.01|0.9141|
|x|         40|         11|        159|     695.8151515|         66|00:00:01|-0.01|0.01|0.9119|
|x|         69|         11|        159|     695.8501493|         67|00:00:01|-0.01|0.01|0.9118|
|x|         45|         11|        159|     695.8244118|         68|00:00:01|-0.01|0.01|0.9109|
|x|         62|         11|        159|     695.7917391|         69|00:00:01|-0.01|0.01|0.9102|
|=|         57|         11|        159|     695.8152857|         70|00:00:01|-0.01|0.01|0.9105|
+-+-----------+-----------+-----------+----------------+-----------+--------+-----+----+------+
Best-so-far configuration:         159    mean value:      695.8152857
Description of the best-so-far configuration:
    .ID. his_len max_attempts .PARENT.
159  159    2903            1      112

# 2025-12-26 14:12:26 GMT: Elite configurations (first number is the configuration ID; listed from best to worst according to the sum of ranks):
    his_len max_attempts
159    2903            1
164    5296            1
78     2331            1
157    5007            1
125    3198            3
112    2965            3
123    5290            2
167    3207            1
161    2832            2
165    1764            5
# 2025-12-26 14:12:26 GMT: Stopped because there is not enough budget left to race more than the minimum (10).
# You may either increase the budget or set 'minNbSurvival' to a lower value.
# Iteration: 6
# nbIterations: 6
# experimentsUsed: 3480
# timeUsed: 0
# remainingBudget: 20
# currentBudget: 20
# number of elites: 10
# nbConfigurations: 10
# Total CPU user time: 4409.59, CPU sys time: 3303.985, Wall-clock time: 2251.909
# Best configurations (first number is the configuration ID; listed from best to worst according to the sum of ranks):
    his_len max_attempts
159    2903            1
164    5296            1
78     2331            1
157    5007            1
125    3198            3
112    2965            3
123    5290            2
167    3207            1
161    2832            2
165    1764            5
# Best configurations as commandlines (first number is the configuration ID; listed from best to worst according to the sum of ranks):
159 -his_len 2903 -max_attempts 1
164 -his_len 5296 -max_attempts 1
78  -his_len 2331 -max_attempts 1
157 -his_len 5007 -max_attempts 1
125 -his_len 3198 -max_attempts 3
112 -his_len 2965 -max_attempts 3
123 -his_len 5290 -max_attempts 2
167 -his_len 3207 -max_attempts 1
161 -his_len 2832 -max_attempts 2
165 -his_len 1764 -max_attempts 5


# Testing of elite configurations: 1 
# Testing iteration configurations: FALSE 
# 2025-12-26 14:12:26 GMT: No test instances, skip testing
