Starting irace...
# 2025-12-29 15:54:09 GMT: Reading parameter file '/gpfs/home/e/exx866/IRACE-b-LAHC/all-instances-fine/E-n37-k4-s4/parameters.txt'.
# 2025-12-29 15:54:10 GMT: Read 1 configuration(s) from file '/gpfs/home/e/exx866/IRACE-b-LAHC/all-instances-fine/E-n37-k4-s4/configurations.txt'
# 2025-12-29 15:54:10 GMT: Initialization
# Elitist race
# Elitist new instances: 1
# Elitist limit: 2
# nbIterations: 3
# minNbSurvival: 10
# nbParameters: 2
# seed: 632724337
# confidence level: 0.95
# budget: 6000
# mu: 10
# deterministic: FALSE

# 2025-12-29 15:54:10 GMT: Iteration 1 of 3
# experimentsUsed: 0
# remainingBudget: 6000
# currentBudget: 2000
# nbConfigurations: 100
# Markers:
     x No test is performed.
     c Configurations are discarded only due to capping.
     - The test is performed and some configurations are discarded.
     = The test is performed but no configuration is discarded.
     ! The test is performed and configurations could be discarded but elite configurations are preserved.
     . All alive configurations are elite and nothing is discarded.

+-+-----------+-----------+-----------+----------------+-----------+--------+-----+----+------+
| |   Instance|      Alive|       Best|       Mean best| Exp so far|  W time|  rho|KenW|  Qvar|
+-+-----------+-----------+-----------+----------------+-----------+--------+-----+----+------+
|x|          1|        100|          1|     845.7200000|        100|00:00:41|   NA|  NA|    NA|
|x|          2|        100|          3|     845.7200000|        200|00:00:39|-0.13|0.43|1.0325|
|x|          3|        100|          3|     845.7200000|        300|00:00:40|-0.04|0.31|1.0225|
|x|          4|        100|          5|     845.7200000|        400|00:00:40|-0.01|0.24|1.0149|
|x|          5|        100|          5|     845.7200000|        500|00:00:40|+0.01|0.21|1.0171|
|x|          6|        100|          5|     845.7200000|        600|00:00:39|+0.00|0.17|1.0057|
|x|          7|        100|          5|     845.7200000|        700|00:00:39|-0.01|0.14|1.0091|
|x|          8|        100|          5|     845.7200000|        800|00:00:40|+0.00|0.13|1.0067|
|x|          9|        100|          5|     845.7200000|        900|00:00:41|-0.01|0.11|1.0078|
|=|         10|        100|          5|     845.7200000|       1000|00:00:41|-0.00|0.10|1.0013|
|x|         11|        100|          5|     845.7200000|       1100|00:00:41|+0.00|0.09|0.9955|
|x|         12|        100|          5|     845.7200000|       1200|00:00:40|-0.01|0.08|0.9973|
|x|         13|        100|          5|     845.7200000|       1300|00:00:39|-0.00|0.08|0.9899|
|x|         14|        100|          5|     845.7200000|       1400|00:00:41|+0.00|0.07|0.9933|
|x|         15|        100|          5|     845.7200000|       1500|00:00:39|+0.00|0.07|0.9928|
|x|         16|        100|          5|     845.7200000|       1600|00:00:40|+0.01|0.07|0.9890|
|x|         17|        100|          5|     845.7200000|       1700|00:00:41|+0.01|0.07|0.9910|
|x|         18|        100|          5|     845.7200000|       1800|00:00:40|+0.01|0.06|0.9875|
|x|         19|        100|          5|     845.7200000|       1900|00:00:40|+0.01|0.06|0.9906|
|=|         20|        100|          5|     845.7200000|       2000|00:00:40|+0.00|0.05|0.9922|
+-+-----------+-----------+-----------+----------------+-----------+--------+-----+----+------+
Best-so-far configuration:           5    mean value:      845.7200000
Description of the best-so-far configuration:
  .ID. his_len max_attempts .PARENT.
5    5    7736           13       NA

# 2025-12-29 16:07:42 GMT: Elite configurations (first number is the configuration ID; listed from best to worst according to the sum of ranks):
   his_len max_attempts
5     7736           13
51    9524           37
58    8094            3
78    9226           31
88   10894           29
81   11133           18
49    7855           30
55   10477           44
35   10239           20
59   11907           28
# 2025-12-29 16:07:42 GMT: Iteration 2 of 3
# experimentsUsed: 2000
# remainingBudget: 4000
# currentBudget: 2000
# nbConfigurations: 73
# Markers:
     x No test is performed.
     c Configurations are discarded only due to capping.
     - The test is performed and some configurations are discarded.
     = The test is performed but no configuration is discarded.
     ! The test is performed and configurations could be discarded but elite configurations are preserved.
     . All alive configurations are elite and nothing is discarded.

+-+-----------+-----------+-----------+----------------+-----------+--------+-----+----+------+
| |   Instance|      Alive|       Best|       Mean best| Exp so far|  W time|  rho|KenW|  Qvar|
+-+-----------+-----------+-----------+----------------+-----------+--------+-----+----+------+
|x|         21|         73|          5|     845.7200000|         73|00:00:25|   NA|  NA|    NA|
|x|         17|         73|          5|     845.7200000|        136|00:00:21|+0.01|0.51|1.0169|
|x|         13|         73|          5|     845.7200000|        199|00:00:21|+0.06|0.37|1.0150|
|x|          2|         73|          5|     845.7200000|        262|00:00:23|-0.02|0.23|1.0464|
|x|          7|         73|          5|     845.7200000|        325|00:00:22|+0.02|0.21|1.0253|
|x|          6|         73|          5|     845.7200000|        388|00:00:22|+0.06|0.21|1.0182|
|x|          9|         73|          5|     845.7200000|        451|00:00:23|+0.06|0.19|1.0121|
|x|          1|         73|          5|     845.7200000|        514|00:00:22|+0.06|0.18|1.0148|
|x|          5|         73|          5|     845.7200000|        577|00:00:22|+0.08|0.18|1.0050|
|-|         19|         64|          5|     845.7200000|        640|00:00:23|-0.01|0.09|1.0165|
|x|         10|         64|          5|     845.7200000|        694|00:00:19|-0.02|0.07|1.0196|
|x|         11|         64|          5|     845.7200000|        748|00:00:19|-0.03|0.06|1.0197|
|x|         14|         64|          5|     845.7200000|        802|00:00:18|-0.02|0.05|1.0108|
|x|          4|         64|          5|     845.7200000|        856|00:00:17|-0.02|0.06|1.0024|
|x|         20|         64|          5|     845.7200000|        910|00:00:17|-0.01|0.06|1.0026|
|x|         15|         64|          5|     845.7200000|        964|00:00:17|-0.01|0.05|0.9991|
|x|         18|         64|          5|     845.7200000|       1018|00:00:17|-0.00|0.05|0.9997|
|x|          3|         64|          5|     845.7200000|       1072|00:00:18|+0.00|0.06|0.9978|
|x|         16|         64|          5|     845.7200000|       1126|00:00:19|+0.00|0.06|0.9938|
|=|         12|         64|          5|     845.7200000|       1180|00:00:18|+0.00|0.05|0.9956|
|x|          8|         64|          5|     845.7200000|       1234|00:00:19|+0.01|0.05|0.9935|
|x|         22|         64|          5|     845.7200000|       1298|00:00:21|+0.00|0.05|0.9936|
|x|         23|         64|          5|     845.7200000|       1362|00:00:22|+0.00|0.05|0.9908|
|x|         24|         64|        120|     845.7212500|       1426|00:00:23|+0.00|0.05|0.9927|
|x|         25|         64|        120|     845.7212000|       1490|00:00:23|+0.00|0.04|0.9939|
|x|         26|         64|        120|     845.7211538|       1554|00:00:23|+0.00|0.04|0.9902|
|x|         27|         64|        120|     845.7211111|       1618|00:00:23|+0.01|0.05|0.9889|
|x|         28|         64|        120|     845.7210714|       1682|00:00:23|+0.01|0.04|0.9899|
|x|         29|         64|        120|     845.7210345|       1746|00:00:22|+0.01|0.04|0.9909|
|-|         30|         50|        120|     845.7210000|       1810|00:00:23|-0.01|0.02|0.9534|
+-+-----------+-----------+-----------+----------------+-----------+--------+-----+----+------+
Best-so-far configuration:         120    mean value:      845.7210000
Description of the best-so-far configuration:
    .ID. his_len max_attempts .PARENT.
120  120    9213           40       78

# 2025-12-29 16:18:22 GMT: Elite configurations (first number is the configuration ID; listed from best to worst according to the sum of ranks):
    his_len max_attempts
120    9213           40
78     9226           31
158    9393           34
81    11133           18
108    8676            4
51     9524           37
115   11124           28
49     7855           30
148    8702            9
5      7736           13
# 2025-12-29 16:18:22 GMT: Iteration 3 of 3
# experimentsUsed: 3810
# remainingBudget: 2190
# currentBudget: 2190
# nbConfigurations: 62
# Markers:
     x No test is performed.
     c Configurations are discarded only due to capping.
     - The test is performed and some configurations are discarded.
     = The test is performed but no configuration is discarded.
     ! The test is performed and configurations could be discarded but elite configurations are preserved.
     . All alive configurations are elite and nothing is discarded.

+-+-----------+-----------+-----------+----------------+-----------+--------+-----+----+------+
| |   Instance|      Alive|       Best|       Mean best| Exp so far|  W time|  rho|KenW|  Qvar|
+-+-----------+-----------+-----------+----------------+-----------+--------+-----+----+------+
|x|         31|         62|        120|     845.7200000|         62|00:00:22|   NA|  NA|    NA|
|x|         17|         62|        120|     845.7200000|        114|00:00:18|+0.01|0.51|0.9271|
|x|         21|         62|        120|     845.7200000|        166|00:00:18|-0.03|0.31|0.9905|
|x|         16|         62|        120|     845.7200000|        218|00:00:18|-0.03|0.23|1.0035|
|x|          6|         62|        120|     845.7200000|        270|00:00:17|+0.01|0.20|0.9790|
|x|          2|         62|        120|     845.7200000|        322|00:00:18|+0.04|0.20|0.9430|
|x|          4|         62|        120|     845.7200000|        374|00:00:18|+0.05|0.19|0.9341|
|x|         24|         62|        120|     845.7200000|        426|00:00:18|+0.05|0.17|0.9585|
|x|         28|         62|        120|     845.7200000|        478|00:00:18|+0.04|0.14|0.9641|
|-|         30|         52|        120|     845.7200000|        530|00:00:17|-0.02|0.08|0.9998|
|x|          9|         52|        120|     845.7200000|        572|00:00:14|-0.01|0.08|0.9989|
|x|         12|         52|        120|     845.7200000|        614|00:00:14|-0.02|0.07|0.9958|
|x|          8|         52|        120|     845.7200000|        656|00:00:15|-0.02|0.06|0.9951|
|x|          1|         52|        120|     845.7200000|        698|00:00:13|-0.01|0.07|0.9920|
|x|         13|         52|        120|     845.7200000|        740|00:00:14|+0.01|0.07|0.9882|
|x|         11|         52|        120|     845.7200000|        782|00:00:14|+0.02|0.08|0.9819|
|x|         14|         52|        120|     845.7200000|        824|00:00:14|+0.01|0.07|0.9241|
|x|         18|         52|        120|     845.7200000|        866|00:00:14|+0.01|0.07|0.8727|
|x|         10|         52|        120|     845.7200000|        908|00:00:14|+0.01|0.06|0.8817|
|=|         29|         52|        120|     845.7200000|        950|00:00:14|+0.00|0.05|0.8905|
|x|         20|         52|        120|     845.7200000|        992|00:00:14|+0.00|0.05|0.8944|
|x|         19|         52|        120|     845.7200000|       1034|00:00:14|+0.00|0.05|0.8990|
|x|         22|         52|        158|     845.7200000|       1076|00:00:13|+0.00|0.05|0.9027|
|x|         15|         52|        158|     845.7200000|       1118|00:00:13|+0.01|0.05|0.9062|
|x|         23|         52|        158|     845.7200000|       1160|00:00:14|+0.01|0.05|0.9074|
|x|          7|         52|        158|     845.7200000|       1202|00:00:13|+0.00|0.04|0.9123|
|x|         25|         52|        158|     845.7200000|       1244|00:00:14|+0.01|0.04|0.9124|
|x|          5|         52|        175|     845.7200000|       1286|00:00:13|+0.00|0.04|0.9145|
|x|          3|         52|        175|     845.7200000|       1328|00:00:14|+0.01|0.04|0.9153|
|=|         27|         52|        175|     845.7200000|       1370|00:00:15|+0.01|0.04|0.9170|
|x|         26|         52|        175|     845.7200000|       1412|00:00:14|+0.01|0.04|0.9202|
|x|         32|         52|        175|     845.7200000|       1464|00:00:18|+0.01|0.04|0.9202|
|x|         33|         52|        120|     845.7209091|       1516|00:00:18|+0.00|0.03|0.9235|
|x|         34|         52|        120|     845.7208824|       1568|00:00:18|+0.01|0.04|0.9244|
|x|         35|         52|        120|     845.7208571|       1620|00:00:18|+0.01|0.03|0.9258|
|x|         36|         52|        120|     845.7208333|       1672|00:00:19|+0.01|0.03|0.9285|
|x|         37|         52|        120|     845.7208108|       1724|00:00:18|+0.00|0.03|0.9312|
|x|         38|         52|        120|     845.7207895|       1776|00:00:17|+0.00|0.03|0.9311|
|x|         39|         52|        120|     845.7207692|       1828|00:00:19|+0.00|0.03|0.9306|
|=|         40|         52|        120|     845.7207500|       1880|00:00:18|+0.00|0.03|0.9317|
+-+-----------+-----------+-----------+----------------+-----------+--------+-----+----+------+
Best-so-far configuration:         120    mean value:      845.7207500
Description of the best-so-far configuration:
    .ID. his_len max_attempts .PARENT.
120  120    9213           40       78

# 2025-12-29 16:29:17 GMT: Elite configurations (first number is the configuration ID; listed from best to worst according to the sum of ranks):
    his_len max_attempts
120    9213           40
158    9393           34
108    8676            4
175   11115           19
210    8603           10
78     9226           31
51     9524           37
115   11124           28
169    9337           34
173    9453           38
# 2025-12-29 16:29:17 GMT: Iteration 4 of 4
# experimentsUsed: 5690
# remainingBudget: 310
# currentBudget: 310
# nbConfigurations: 14
# Markers:
     x No test is performed.
     c Configurations are discarded only due to capping.
     - The test is performed and some configurations are discarded.
     = The test is performed but no configuration is discarded.
     ! The test is performed and configurations could be discarded but elite configurations are preserved.
     . All alive configurations are elite and nothing is discarded.

+-+-----------+-----------+-----------+----------------+-----------+--------+-----+----+------+
| |   Instance|      Alive|       Best|       Mean best| Exp so far|  W time|  rho|KenW|  Qvar|
+-+-----------+-----------+-----------+----------------+-----------+--------+-----+----+------+
|x|         41|         14|        120|     845.7200000|         14|00:00:04|   NA|  NA|    NA|
|x|         11|         14|        120|     845.7200000|         18|00:00:00|-0.25|0.38|1.0954|
|x|         36|         14|        120|     845.7200000|         22|00:00:00|-0.12|0.25|0.6747|
|x|         34|         14|        120|     845.7200000|         26|00:00:01|-0.12|0.16|0.7636|
|x|          7|         14|        120|     845.7200000|         30|00:00:01|-0.09|0.13|0.5974|
|x|         28|         14|        120|     845.7200000|         34|00:00:01|-0.09|0.09|0.6664|
|x|          3|         14|        120|     845.7200000|         38|00:00:01|-0.08|0.08|0.5644|
|x|         29|         14|        120|     845.7200000|         42|00:00:01|-0.08|0.05|0.6193|
|x|          2|         14|        120|     845.7200000|         46|00:00:00|-0.05|0.07|0.6340|
|=|          6|         14|        120|     845.7200000|         50|00:00:01|-0.05|0.06|0.6627|
|x|         35|         14|        120|     845.7200000|         54|00:00:01|-0.05|0.05|0.6891|
|x|         17|         14|        120|     845.7200000|         58|00:00:01|-0.04|0.04|0.6305|
|x|         33|         14|        120|     845.7200000|         62|00:00:01|-0.05|0.03|0.6594|
|x|         40|         14|        120|     845.7200000|         66|00:00:00|-0.02|0.05|0.6682|
|x|         12|         14|        120|     845.7200000|         70|00:00:01|-0.02|0.05|0.6938|
|x|         24|         14|        120|     845.7200000|         74|00:00:01|-0.02|0.04|0.6496|
|x|         39|         14|        120|     845.7200000|         78|00:00:01|-0.02|0.04|0.6685|
|x|         25|         14|        120|     845.7200000|         82|00:00:01|-0.02|0.04|0.6307|
|x|         20|         14|        120|     845.7200000|         86|00:00:01|-0.01|0.04|0.6402|
|=|         19|         14|        120|     845.7200000|         90|00:00:01|-0.01|0.04|0.6079|
|x|          1|         14|        120|     845.7200000|         94|00:00:01|-0.01|0.04|0.5788|
|x|         31|         14|        120|     845.7200000|         98|00:00:01|-0.01|0.04|0.5523|
|x|          9|         14|        120|     845.7200000|        102|00:00:00|-0.01|0.04|0.5281|
|x|         14|         14|        120|     845.7200000|        106|00:00:00|+0.00|0.05|0.5400|
|x|          8|         14|        120|     845.7200000|        110|00:00:01|+0.00|0.04|0.5184|
|x|         16|         14|        120|     845.7200000|        114|00:00:00|+0.00|0.04|0.5333|
|x|          4|         14|        120|     845.7200000|        118|00:00:00|+0.00|0.04|0.5136|
|x|         26|         14|        120|     845.7200000|        122|00:00:00|+0.00|0.04|0.4954|
|x|         10|         14|        120|     845.7200000|        126|00:00:01|+0.01|0.04|0.5095|
|=|         15|         14|        120|     845.7200000|        130|00:00:00|+0.01|0.04|0.4926|
|x|         21|         14|        120|     845.7200000|        134|00:00:01|+0.01|0.05|0.5027|
|x|         37|         14|        120|     845.7200000|        138|00:00:01|+0.01|0.04|0.5184|
|x|         23|         14|        120|     845.7200000|        142|00:00:01|+0.01|0.04|0.5028|
|x|         13|         14|        120|     845.7200000|        146|00:00:01|+0.01|0.04|0.5169|
|x|         22|         14|        158|     845.7200000|        150|00:00:01|+0.00|0.03|0.5294|
|x|         32|         14|        158|     845.7200000|        154|00:00:00|+0.01|0.04|0.5366|
|x|         30|         14|        158|     845.7200000|        158|00:00:00|+0.01|0.04|0.5223|
|x|         38|         14|        158|     845.7200000|        162|00:00:01|+0.01|0.03|0.5087|
|x|          5|         14|        120|     845.7207692|        166|00:00:00|+0.01|0.03|0.5195|
|=|         18|         14|        120|     845.7207500|        170|00:00:01|+0.01|0.04|0.5257|
|x|         27|         14|        120|     845.7207317|        174|00:00:01|+0.01|0.04|0.5131|
|x|         42|         14|        120|     845.7207143|        188|00:00:05|+0.02|0.04|0.5194|
|x|         43|         14|        120|     845.7206977|        202|00:00:04|+0.02|0.04|0.5076|
|x|         44|         14|        120|     845.7206818|        216|00:00:04|+0.02|0.04|0.5179|
|x|         45|         14|        120|     845.7206667|        230|00:00:05|+0.02|0.04|0.5279|
|x|         46|         14|        120|     845.7206522|        244|00:00:04|+0.02|0.04|0.5355|
|x|         47|         14|        120|     845.7206383|        258|00:00:04|+0.02|0.04|0.5450|
|x|         48|         14|        120|     845.7206250|        272|00:00:04|+0.02|0.04|0.5338|
|x|         49|         14|        120|     845.7206122|        286|00:00:05|+0.02|0.04|0.5403|
|-|         50|         10|        120|     845.7206000|        300|00:00:04|-0.01|0.01|0.3090|
+-+-----------+-----------+-----------+----------------+-----------+--------+-----+----+------+
Best-so-far configuration:         120    mean value:      845.7206000
Description of the best-so-far configuration:
    .ID. his_len max_attempts .PARENT.
120  120    9213           40       78

# 2025-12-29 16:30:44 GMT: Elite configurations (first number is the configuration ID; listed from best to worst according to the sum of ranks):
    his_len max_attempts
120    9213           40
158    9393           34
108    8676            4
210    8603           10
78     9226           31
175   11115           19
115   11124           28
51     9524           37
169    9337           34
173    9453           38
# 2025-12-29 16:30:44 GMT: Stopped because there is not enough budget left to race more than the minimum (10).
# You may either increase the budget or set 'minNbSurvival' to a lower value.
# Iteration: 5
# nbIterations: 5
# experimentsUsed: 5990
# timeUsed: 0
# remainingBudget: 10
# currentBudget: 10
# number of elites: 10
# nbConfigurations: 10
# Total CPU user time: 1780.698, CPU sys time: 6569.931, Wall-clock time: 2194.903
# Best configurations (first number is the configuration ID; listed from best to worst according to the sum of ranks):
    his_len max_attempts
120    9213           40
158    9393           34
108    8676            4
210    8603           10
78     9226           31
175   11115           19
115   11124           28
51     9524           37
169    9337           34
173    9453           38
# Best configurations as commandlines (first number is the configuration ID; listed from best to worst according to the sum of ranks):
120 -his_len 9213 -max_attempts 40
158 -his_len 9393 -max_attempts 34
108 -his_len 8676 -max_attempts 4
210 -his_len 8603 -max_attempts 10
78  -his_len 9226 -max_attempts 31
175 -his_len 11115 -max_attempts 19
115 -his_len 11124 -max_attempts 28
51  -his_len 9524 -max_attempts 37
169 -his_len 9337 -max_attempts 34
173 -his_len 9453 -max_attempts 38


# Testing of elite configurations: 1 
# Testing iteration configurations: FALSE 
# 2025-12-29 16:30:44 GMT: No test instances, skip testing
