Starting irace...
# 2025-12-29 16:14:10 GMT: Reading parameter file '/gpfs/home/e/exx866/IRACE-b-LAHC/all-instances-fine/X-n1006-k43-s5/parameters.txt'.
# 2025-12-29 16:14:10 GMT: Read 1 configuration(s) from file '/gpfs/home/e/exx866/IRACE-b-LAHC/all-instances-fine/X-n1006-k43-s5/configurations.txt'
# 2025-12-29 16:14:10 GMT: Initialization
# Elitist race
# Elitist new instances: 1
# Elitist limit: 2
# nbIterations: 3
# minNbSurvival: 10
# nbParameters: 2
# seed: 1886185197
# confidence level: 0.95
# budget: 6000
# mu: 10
# deterministic: FALSE

# 2025-12-29 16:14:11 GMT: Iteration 1 of 3
# experimentsUsed: 0
# remainingBudget: 6000
# currentBudget: 2000
# nbConfigurations: 100
# Markers:
     x No test is performed.
     c Configurations are discarded only due to capping.
     - The test is performed and some configurations are discarded.
     = The test is performed but no configuration is discarded.
     ! The test is performed and configurations could be discarded but elite configurations are preserved.
     . All alive configurations are elite and nothing is discarded.

+-+-----------+-----------+-----------+----------------+-----------+--------+-----+----+------+
| |   Instance|      Alive|       Best|       Mean best| Exp so far|  W time|  rho|KenW|  Qvar|
+-+-----------+-----------+-----------+----------------+-----------+--------+-----+----+------+
|x|          1|        100|         35|     73706.18000|        100|00:26:28|   NA|  NA|    NA|
|x|          2|        100|         90|     73721.42500|        200|00:25:18|+0.27|0.63|0.7425|
|x|          3|        100|         90|     73755.87333|        300|00:28:17|+0.22|0.48|0.8213|
|x|          4|        100|         90|     73779.48750|        400|00:26:56|+0.19|0.39|0.8246|
|x|          5|        100|         32|     73792.55800|        500|00:25:36|+0.15|0.32|0.8479|
|x|          6|        100|         32|     73782.96833|        600|00:24:19|+0.12|0.27|0.8705|
|x|          7|        100|         32|     73794.99143|        700|00:26:27|+0.11|0.24|0.8712|
|x|          8|        100|         32|     73819.28000|        800|00:25:54|+0.11|0.22|0.8741|
|x|          9|        100|         32|     73829.95778|        900|00:26:33|+0.10|0.20|0.8780|
|-|         10|         27|         32|     73847.66400|       1000|00:27:51|-0.05|0.05|1.0148|
|x|         11|         27|         90|     73840.17000|       1027|00:13:47|-0.03|0.06|1.0012|
|x|         12|         27|         32|     73863.49500|       1054|00:22:44|-0.03|0.05|1.0009|
|x|         13|         27|         90|     73868.54769|       1081|00:20:08|-0.03|0.05|0.9958|
|x|         14|         27|         90|     73886.11071|       1108|00:19:11|-0.03|0.04|0.9945|
|x|         15|         27|         90|     73892.18200|       1135|00:18:30|-0.03|0.04|0.9903|
|x|         16|         27|         90|     73904.55625|       1162|00:21:45|-0.02|0.05|0.9779|
|x|         17|         27|         45|     73904.20000|       1189|00:12:52|-0.02|0.04|0.9775|
|x|         18|         27|         45|     73909.19333|       1216|00:15:46|-0.01|0.05|0.9680|
|x|         19|         27|         45|     73908.90368|       1243|00:29:14|-0.01|0.05|0.9658|
|=|         20|         27|         71|     73906.04850|       1270|00:15:04|-0.00|0.05|0.9628|
|x|         21|         27|         35|     73899.95667|       1297|00:19:10|-0.01|0.04|0.9612|
|x|         22|         27|         35|     73903.18136|       1324|00:18:32|-0.00|0.04|0.9602|
|x|         23|         27|         35|     73898.45217|       1351|00:15:00|-0.00|0.04|0.9609|
|x|         24|         27|         35|     73906.13542|       1378|00:18:02|+0.00|0.04|0.9570|
|x|         25|         27|         45|     73912.55440|       1405|00:15:52|+0.00|0.04|0.9553|
|x|         26|         27|         45|     73916.77962|       1432|00:15:18|+0.00|0.04|0.9573|
|x|         27|         27|         45|     73917.60556|       1459|00:15:05|+0.00|0.04|0.9552|
|x|         28|         27|         90|     73928.23750|       1486|00:18:23|+0.01|0.04|0.9548|
|x|         29|         27|         45|     73920.51103|       1513|00:16:34|+0.01|0.04|0.9502|
|=|         30|         27|         45|     73917.48700|       1540|00:12:21|+0.01|0.04|0.9474|
+-+-----------+-----------+-----------+----------------+-----------+--------+-----+----+------+
Best-so-far configuration:          45    mean value:      73917.48700
Description of the best-so-far configuration:
   .ID. his_len max_attempts .PARENT.
45   45    5758          488       NA

# 2025-12-30 02:31:24 GMT: Elite configurations (first number is the configuration ID; listed from best to worst according to the sum of ranks):
   his_len max_attempts
45    5758          488
35    6838          476
7     7108          367
41    7270          401
42    6622          438
90    6595          468
60    6514          457
47    6190          363
32    6352          410
71    6271          449
# 2025-12-30 02:31:24 GMT: Iteration 2 of 3
# experimentsUsed: 1540
# remainingBudget: 4460
# currentBudget: 2230
# nbConfigurations: 63
# Markers:
     x No test is performed.
     c Configurations are discarded only due to capping.
     - The test is performed and some configurations are discarded.
     = The test is performed but no configuration is discarded.
     ! The test is performed and configurations could be discarded but elite configurations are preserved.
     . All alive configurations are elite and nothing is discarded.

+-+-----------+-----------+-----------+----------------+-----------+--------+-----+----+------+
| |   Instance|      Alive|       Best|       Mean best| Exp so far|  W time|  rho|KenW|  Qvar|
+-+-----------+-----------+-----------+----------------+-----------+--------+-----+----+------+
|x|         31|         63|        141|     73571.88000|         63|00:17:52|   NA|  NA|    NA|
|x|         24|         63|        141|     73640.48000|        116|00:18:45|+0.01|0.50|0.9318|
|x|         10|         63|        152|     73770.40667|        169|00:18:10|+0.04|0.36|0.9391|
|x|         16|         63|        113|     73789.45500|        222|00:17:10|+0.07|0.30|0.9124|
|x|         20|         63|        148|     73804.70200|        275|00:17:52|+0.04|0.23|0.9310|
|x|          8|         63|        148|     73814.53000|        328|00:16:10|+0.05|0.21|0.9179|
|x|          9|         63|        133|     73830.91714|        381|00:18:24|+0.07|0.20|0.8982|
|x|         25|         63|        104|     73846.42125|        434|00:21:51|+0.05|0.17|0.9203|
|x|         22|         63|        104|     73849.13222|        487|00:18:02|+0.04|0.14|0.9372|
|=|          4|         63|        118|     73853.63300|        540|00:18:28|+0.03|0.13|0.9426|
|x|         29|         63|        118|     73856.60091|        593|00:17:14|+0.04|0.12|0.9432|
|x|         19|         63|        141|     73842.67833|        646|00:18:29|+0.03|0.11|0.9425|
|x|         17|         63|        118|     73850.02846|        699|00:19:10|+0.04|0.11|0.9398|
|x|         23|         63|        118|     73854.99786|        752|00:17:52|+0.04|0.11|0.9325|
|x|         15|         63|          7|     73855.88533|        805|00:16:27|+0.05|0.11|0.9302|
|x|          2|         63|        133|     73862.52063|        858|00:17:29|+0.03|0.09|0.9488|
|x|         18|         63|        118|     73866.86647|        911|00:15:51|+0.03|0.08|0.9516|
|x|         27|         63|        133|     73869.39500|        964|00:17:39|+0.02|0.08|0.9571|
|x|          1|         63|        133|     73867.54053|       1017|00:20:10|+0.03|0.08|0.9557|
|-|         11|         33|        118|     73869.42550|       1070|00:18:01|-0.01|0.04|0.9828|
|x|          6|         33|         35|     73879.12952|       1093|00:21:01|-0.02|0.03|0.9856|
|x|         14|         33|         35|     73880.99955|       1116|00:13:09|-0.01|0.03|0.9832|
|x|          5|         33|         35|     73884.67391|       1139|00:16:42|-0.01|0.03|0.9832|
|x|         12|         33|        118|     73882.74333|       1162|00:14:17|-0.02|0.03|0.9866|
|x|          7|         33|        118|     73887.59040|       1185|00:13:34|-0.02|0.02|0.9870|
|x|         13|         33|        118|     73888.06346|       1208|00:20:46|-0.01|0.03|0.9833|
|x|         30|         33|        118|     73892.47556|       1231|00:15:44|-0.01|0.02|0.9827|
|x|         21|         33|        118|     73891.93036|       1254|00:13:19|-0.01|0.02|0.9824|
|x|         26|         33|        118|     73898.90690|       1277|00:14:52|-0.01|0.02|0.9823|
|=|         28|         33|        118|     73895.15900|       1300|00:13:33|-0.01|0.02|0.9815|
|x|          3|         33|        118|     73898.58935|       1323|00:16:44|-0.01|0.02|0.9818|
|x|         32|         33|        118|     73908.18156|       1356|00:17:11|-0.01|0.02|0.9783|
|x|         33|         33|         45|     73915.14394|       1389|00:18:11|-0.01|0.02|0.9757|
|x|         34|         33|         45|     73917.77265|       1422|00:19:57|-0.00|0.02|0.9747|
|x|         35|         33|        150|     73913.73829|       1455|00:21:01|-0.00|0.03|0.9729|
|x|         36|         33|        118|     73909.79500|       1488|00:20:57|-0.00|0.03|0.9706|
|x|         37|         33|         60|     73898.45541|       1521|00:22:07|+0.00|0.03|0.9684|
|x|         38|         33|         60|     73904.06579|       1554|00:18:46|-0.00|0.02|0.9715|
|x|         39|         33|         90|     73919.43974|       1587|00:16:57|+0.00|0.03|0.9683|
|=|         40|         33|         60|     73903.24375|       1620|00:22:01|-0.00|0.02|0.9708|
|x|         41|         33|         60|     73903.71488|       1653|00:19:38|-0.00|0.02|0.9733|
|x|         42|         33|         60|     73900.25071|       1686|00:21:42|-0.00|0.02|0.9728|
|x|         43|         33|         90|     73921.67372|       1719|00:17:40|-0.01|0.02|0.9736|
|x|         44|         33|         90|     73922.10727|       1752|00:17:39|-0.00|0.02|0.9714|
|x|         45|         33|         90|     73919.30156|       1785|00:18:51|-0.00|0.02|0.9688|
|x|         46|         33|         90|     73916.23761|       1818|00:16:23|+0.00|0.02|0.9669|
|x|         47|         33|         90|     73908.77255|       1851|00:14:49|+0.00|0.02|0.9661|
|x|         48|         33|         90|     73907.10187|       1884|00:19:56|+0.00|0.02|0.9644|
|x|         49|         33|         90|     73906.12694|       1917|00:17:35|+0.00|0.02|0.9650|
|=|         50|         33|         90|     73910.91100|       1950|00:21:50|+0.00|0.02|0.9665|
+-+-----------+-----------+-----------+----------------+-----------+--------+-----+----+------+
Best-so-far configuration:          90    mean value:      73910.91100
Description of the best-so-far configuration:
   .ID. his_len max_attempts .PARENT.
90   90    6595          468       NA

# 2025-12-30 17:29:47 GMT: Elite configurations (first number is the configuration ID; listed from best to worst according to the sum of ranks):
    his_len max_attempts
90     6595          468
60     6514          457
150    6476          484
42     6622          438
118    6720          465
45     5758          488
103    7152          471
7      7108          367
35     6838          476
106    6882          487
# 2025-12-30 17:29:47 GMT: Iteration 3 of 3
# experimentsUsed: 3490
# remainingBudget: 2510
# currentBudget: 2510
# nbConfigurations: 50
# Markers:
     x No test is performed.
     c Configurations are discarded only due to capping.
     - The test is performed and some configurations are discarded.
     = The test is performed but no configuration is discarded.
     ! The test is performed and configurations could be discarded but elite configurations are preserved.
     . All alive configurations are elite and nothing is discarded.

+-+-----------+-----------+-----------+----------------+-----------+--------+-----+----+------+
| |   Instance|      Alive|       Best|       Mean best| Exp so far|  W time|  rho|KenW|  Qvar|
+-+-----------+-----------+-----------+----------------+-----------+--------+-----+----+------+
|x|         51|         50|        155|     73616.20000|         50|00:18:57|   NA|  NA|    NA|
|x|         28|         50|        178|     73719.42000|         90|00:20:54|-0.08|0.46|1.0479|
|x|         34|         50|         42|     73752.22667|        130|00:16:14|-0.17|0.22|1.1424|
|x|         42|         50|         42|     73799.94250|        170|00:16:47|-0.07|0.20|1.0545|
|x|         10|         50|         42|     73765.34600|        210|00:18:37|-0.06|0.15|1.0424|
|x|          4|         50|         42|     73794.26333|        250|00:17:22|-0.03|0.14|1.0234|
|x|         25|         50|        118|     73832.31571|        290|00:17:04|-0.04|0.11|1.0340|
|x|         17|         50|        118|     73806.50250|        330|00:16:00|-0.01|0.12|1.0000|
|x|         39|         50|        118|     73826.23333|        370|00:16:37|-0.01|0.10|0.9999|
|=|         24|         50|        118|     73827.63000|        410|00:16:09|-0.01|0.09|0.9945|
|x|         23|         50|        118|     73835.99091|        450|00:17:00|-0.01|0.08|0.9911|
|x|         15|         50|        118|     73846.70333|        490|00:15:37|-0.01|0.08|0.9871|
|x|         50|         50|        118|     73849.95077|        530|00:19:56|-0.00|0.07|0.9826|
|x|         20|         50|        118|     73858.63714|        570|00:16:58|-0.00|0.07|0.9848|
|x|         29|         50|        118|     73860.48000|        610|00:15:07|-0.00|0.07|0.9859|
|x|          9|         50|        118|     73858.43062|        650|00:19:07|-0.00|0.06|0.9839|
|x|         40|         50|        118|     73873.74588|        690|00:17:46|-0.00|0.06|0.9845|
|x|         27|         50|        118|     73879.36556|        730|00:16:23|-0.00|0.05|0.9834|
|x|         16|         50|        118|     73874.50579|        770|00:16:05|+0.00|0.05|0.9794|
|=|         31|         50|        182|     73894.75350|        810|00:17:40|+0.00|0.05|0.9785|
|x|          6|         50|        167|     73888.31952|        850|00:17:48|+0.00|0.05|0.9781|
|x|         18|         50|        167|     73881.83955|        890|00:16:18|+0.00|0.05|0.9770|
|x|         14|         50|        167|     73899.18000|        930|00:16:09|+0.00|0.04|0.9779|
|x|          5|         50|        167|     73895.79792|        970|00:15:37|-0.00|0.04|0.9801|
|x|         22|         50|        167|     73900.22160|       1010|00:17:16|-0.00|0.04|0.9811|
|x|         26|         50|        167|     73896.97731|       1050|00:18:36|-0.00|0.04|0.9831|
|x|          2|         50|        167|     73905.26889|       1090|00:16:52|-0.00|0.03|0.9834|
|x|         38|         50|        154|     73912.77643|       1130|00:17:07|-0.01|0.03|0.9849|
|x|         36|         50|        154|     73911.38552|       1170|00:16:33|-0.00|0.03|0.9835|
|=|         13|         50|        154|     73901.51067|       1210|00:15:43|+0.00|0.03|0.9804|
|x|         47|         50|        154|     73899.26613|       1250|00:31:06|+0.00|0.03|0.9792|
|x|         30|         50|        154|     73897.30594|       1290|00:16:03|+0.00|0.03|0.9797|
|x|         44|         50|        154|     73895.47030|       1330|00:18:09|+0.00|0.03|0.9811|
|x|         45|         50|        154|     73900.61382|       1370|00:17:54|+0.00|0.03|0.9809|
|x|         33|         50|        154|     73913.00229|       1410|00:20:16|+0.00|0.03|0.9816|
|x|          7|         50|        106|     73906.90167|       1450|00:17:34|+0.00|0.03|0.9821|
|x|         32|         50|         60|     73908.22568|       1490|00:21:21|+0.00|0.03|0.9817|
|x|         11|         50|         60|     73910.61237|       1530|00:16:54|+0.00|0.03|0.9794|
|x|         35|         50|         60|     73905.92769|       1570|00:20:12|+0.00|0.03|0.9778|
|=|         19|         50|         60|     73900.28350|       1610|00:18:11|+0.01|0.03|0.9769|
|x|         49|         50|         60|     73898.39122|       1650|00:16:10|+0.00|0.03|0.9784|
|x|         41|         50|         60|     73898.96667|       1690|00:17:36|+0.01|0.03|0.9775|
|x|          8|         50|         60|     73901.64674|       1730|00:24:34|+0.01|0.03|0.9765|
|x|          3|         50|         60|     73906.40932|       1770|00:18:02|+0.01|0.03|0.9760|
|x|         48|         50|         60|     73910.13000|       1810|00:17:15|+0.01|0.03|0.9770|
|x|         43|         50|        154|     73921.07109|       1850|00:16:42|+0.01|0.03|0.9768|
|x|         12|         50|        154|     73919.48511|       1890|00:21:01|+0.00|0.03|0.9786|
|x|         46|         50|         60|     73916.82792|       1930|00:15:46|+0.00|0.02|0.9795|
|x|         37|         50|         60|     73910.80959|       1970|00:20:34|+0.00|0.02|0.9784|
|=|         21|         50|         60|     73912.54240|       2010|00:34:26|+0.00|0.02|0.9803|
|x|          1|         50|         60|     73913.67098|       2050|00:21:23|+0.00|0.02|0.9808|
|x|         52|         50|         60|     73915.60808|       2100|00:17:05|+0.00|0.02|0.9816|
|x|         53|         50|         60|     73918.03943|       2150|00:17:19|-0.00|0.02|0.9821|
|x|         54|         50|         60|     73916.12685|       2200|00:18:09|-0.00|0.02|0.9821|
|x|         55|         50|         60|     73916.08655|       2250|00:17:10|-0.00|0.02|0.9819|
|x|         56|         50|        150|     73919.53482|       2300|00:18:48|-0.00|0.02|0.9821|
|x|         57|         50|         60|     73918.87632|       2350|00:18:08|+0.00|0.02|0.9807|
|x|         58|         50|         60|     73919.20690|       2400|00:17:23|+0.00|0.02|0.9814|
|x|         59|         50|        182|     73917.02102|       2450|00:20:42|-0.00|0.02|0.9822|
|=|         60|         50|        182|     73913.92233|       2500|00:19:11|-0.00|0.02|0.9819|
+-+-----------+-----------+-----------+----------------+-----------+--------+-----+----+------+
Best-so-far configuration:         182    mean value:      73913.92233
Description of the best-so-far configuration:
    .ID. his_len max_attempts .PARENT.
182  182    6688          440       42

# 2025-12-31 11:49:41 GMT: Elite configurations (first number is the configuration ID; listed from best to worst according to the sum of ranks):
    his_len max_attempts
182    6688          440
90     6595          468
60     6514          457
150    6476          484
42     6622          438
45     5758          488
154    6453          481
178    6527          457
7      7108          367
156    6598          469
# 2025-12-31 11:49:41 GMT: Stopped because there is not enough budget left to race more than the minimum (10).
# You may either increase the budget or set 'minNbSurvival' to a lower value.
# Iteration: 4
# nbIterations: 4
# experimentsUsed: 5990
# timeUsed: 0
# remainingBudget: 10
# currentBudget: 10
# number of elites: 10
# nbConfigurations: 10
# Total CPU user time: 5364890, CPU sys time: 3861.796, Wall-clock time: 156931
# Best configurations (first number is the configuration ID; listed from best to worst according to the sum of ranks):
    his_len max_attempts
182    6688          440
90     6595          468
60     6514          457
150    6476          484
42     6622          438
45     5758          488
154    6453          481
178    6527          457
7      7108          367
156    6598          469
# Best configurations as commandlines (first number is the configuration ID; listed from best to worst according to the sum of ranks):
182 -his_len 6688 -max_attempts 440
90  -his_len 6595 -max_attempts 468
60  -his_len 6514 -max_attempts 457
150 -his_len 6476 -max_attempts 484
42  -his_len 6622 -max_attempts 438
45  -his_len 5758 -max_attempts 488
154 -his_len 6453 -max_attempts 481
178 -his_len 6527 -max_attempts 457
7   -his_len 7108 -max_attempts 367
156 -his_len 6598 -max_attempts 469


# Testing of elite configurations: 1 
# Testing iteration configurations: FALSE 
# 2025-12-31 11:49:41 GMT: No test instances, skip testing
