Starting irace...
# 2025-12-29 15:53:04 GMT: Reading parameter file '/gpfs/home/e/exx866/IRACE-b-LAHC/all-instances-fine/E-n35-k3-s5-p1/parameters.txt'.
# 2025-12-29 15:53:05 GMT: Read 1 configuration(s) from file '/gpfs/home/e/exx866/IRACE-b-LAHC/all-instances-fine/E-n35-k3-s5-p1/configurations.txt'
# 2025-12-29 15:53:05 GMT: Initialization
# Elitist race
# Elitist new instances: 1
# Elitist limit: 2
# nbIterations: 3
# minNbSurvival: 10
# nbParameters: 2
# seed: 832060424
# confidence level: 0.95
# budget: 6000
# mu: 10
# deterministic: FALSE

# 2025-12-29 15:53:05 GMT: Iteration 1 of 3
# experimentsUsed: 0
# remainingBudget: 6000
# currentBudget: 2000
# nbConfigurations: 100
# Markers:
     x No test is performed.
     c Configurations are discarded only due to capping.
     - The test is performed and some configurations are discarded.
     = The test is performed but no configuration is discarded.
     ! The test is performed and configurations could be discarded but elite configurations are preserved.
     . All alive configurations are elite and nothing is discarded.

+-+-----------+-----------+-----------+----------------+-----------+--------+-----+----+------+
| |   Instance|      Alive|       Best|       Mean best| Exp so far|  W time|  rho|KenW|  Qvar|
+-+-----------+-----------+-----------+----------------+-----------+--------+-----+----+------+
|x|          1|        100|          1|     514.9200000|        100|00:00:39|   NA|  NA|    NA|
|x|          2|        100|          1|     514.9200000|        200|00:00:41|+0.00|0.50|0.4950|
|x|          3|        100|          1|     514.9200000|        300|00:00:40|+0.00|0.33|0.3300|
|x|          4|        100|          1|     514.9200000|        400|00:00:40|-0.00|0.25|0.4967|
|x|          5|        100|          1|     514.9200000|        500|00:00:40|-0.00|0.20|0.3970|
|x|          6|        100|          1|     514.9200000|        600|00:00:40|-0.00|0.16|0.3307|
|x|          7|        100|          1|     514.9200000|        700|00:00:40|-0.00|0.14|0.2833|
|x|          8|        100|          1|     514.9200000|        800|00:00:40|-0.00|0.12|0.2479|
|x|          9|        100|          1|     514.9200000|        900|00:00:38|+0.06|0.17|0.3031|
|-|         10|         97|          1|     514.9200000|       1000|00:00:40|+1.00|1.00|0.0000|
|x|         11|         97|          1|     514.9200000|       1097|00:00:38|+1.00|1.00|0.0000|
|x|         12|         97|          1|     514.9200000|       1194|00:00:39|+0.00|0.08|0.0825|
|x|         13|         97|          1|     514.9200000|       1291|00:00:38|+0.00|0.08|0.0761|
|x|         14|         97|          1|     514.9200000|       1388|00:00:39|+0.00|0.07|0.0707|
|x|         15|         97|          1|     514.9200000|       1485|00:00:38|+0.00|0.07|0.0660|
|x|         16|         97|          1|     514.9200000|       1582|00:00:38|+0.00|0.06|0.0619|
|x|         17|         97|          1|     514.9200000|       1679|00:00:34|+0.00|0.06|0.0582|
|x|         18|         97|          1|     514.9200000|       1776|00:00:38|-0.00|0.05|0.1100|
|x|         19|         97|          1|     514.9200000|       1873|00:00:38|-0.00|0.05|0.1564|
|=|         20|         97|          1|     514.9200000|       1970|00:00:38|-0.00|0.05|0.1983|
+-+-----------+-----------+-----------+----------------+-----------+--------+-----+----+------+
Best-so-far configuration:           1    mean value:      514.9200000
Description of the best-so-far configuration:
  .ID. his_len max_attempts .PARENT.
1    1     749           59       NA

# 2025-12-29 16:06:12 GMT: Elite configurations (first number is the configuration ID; listed from best to worst according to the sum of ranks):
   his_len max_attempts
1      749           59
3      604           93
4      379           37
5      829           74
6      492           65
7      941           28
8      717           46
9     1166           83
10     773           42
11     323           79
# 2025-12-29 16:06:12 GMT: Iteration 2 of 3
# experimentsUsed: 1970
# remainingBudget: 4030
# currentBudget: 2015
# nbConfigurations: 73
# Markers:
     x No test is performed.
     c Configurations are discarded only due to capping.
     - The test is performed and some configurations are discarded.
     = The test is performed but no configuration is discarded.
     ! The test is performed and configurations could be discarded but elite configurations are preserved.
     . All alive configurations are elite and nothing is discarded.

+-+-----------+-----------+-----------+----------------+-----------+--------+-----+----+------+
| |   Instance|      Alive|       Best|       Mean best| Exp so far|  W time|  rho|KenW|  Qvar|
+-+-----------+-----------+-----------+----------------+-----------+--------+-----+----+------+
|x|         21|         73|          1|     514.9200000|         73|00:00:24|   NA|  NA|    NA|
|x|         12|         73|          1|     514.9200000|        136|00:00:21|+0.00|0.50|0.4932|
|x|         20|         73|          1|     514.9200000|        199|00:00:22|-0.01|0.33|0.6656|
|x|          9|         73|          1|     514.9200000|        262|00:00:22|-0.02|0.24|0.7519|
|x|          8|         73|          1|     514.9200000|        325|00:00:22|-0.01|0.19|0.5991|
|x|          5|         73|          1|     514.9200000|        388|00:00:22|-0.01|0.16|0.4980|
|x|         18|         73|          1|     514.9200000|        451|00:00:21|-0.01|0.14|0.4262|
|x|         19|         73|          1|     514.9200000|        514|00:00:22|-0.01|0.12|0.4977|
|x|          2|         73|          1|     514.9200000|        577|00:00:21|-0.01|0.10|0.4419|
|=|         14|         73|          1|     514.9200000|        640|00:00:22|-0.01|0.09|0.3974|
|x|         10|         73|          1|     514.9200000|        703|00:00:22|-0.01|0.08|0.3610|
|x|          3|         73|          1|     514.9200000|        766|00:00:22|-0.01|0.08|0.3307|
|x|          4|         73|          1|     514.9200000|        829|00:00:22|-0.01|0.07|0.3051|
|x|         11|         73|          1|     514.9200000|        892|00:00:22|-0.01|0.07|0.2832|
|x|         15|         73|          1|     514.9200000|        955|00:00:22|-0.00|0.06|0.2642|
|x|         16|         73|          1|     514.9200000|       1018|00:00:22|-0.00|0.06|0.2476|
|x|         13|         73|          1|     514.9200000|       1081|00:00:21|-0.00|0.05|0.2330|
|x|          7|         73|          1|     514.9200000|       1144|00:00:22|-0.00|0.05|0.2200|
|x|          6|         73|          1|     514.9200000|       1207|00:00:22|-0.00|0.05|0.2084|
|=|          1|         73|          1|     514.9200000|       1270|00:00:22|-0.00|0.05|0.1979|
|x|         17|         73|          1|     514.9200000|       1333|00:00:22|-0.00|0.04|0.1885|
|x|         22|         73|          1|     514.9200000|       1406|00:00:25|-0.00|0.04|0.1799|
|x|         23|         73|          1|     514.9200000|       1479|00:00:25|+0.00|0.05|0.2115|
|x|         24|         73|          1|     514.9200000|       1552|00:00:24|+0.00|0.05|0.2028|
|x|         25|         73|          1|     514.9200000|       1625|00:00:25|+0.00|0.04|0.2345|
|x|         26|         73|          1|     514.9200000|       1698|00:00:26|+0.00|0.04|0.2256|
|x|         27|         73|          1|     514.9200000|       1771|00:00:25|+0.00|0.04|0.2173|
|x|         28|         73|          1|     514.9200000|       1844|00:00:26|+0.00|0.04|0.2096|
|x|         29|         73|          1|     514.9200000|       1917|00:00:25|+0.00|0.04|0.2025|
|=|         30|         73|          1|     514.9200000|       1990|00:00:25|+0.00|0.04|0.1958|
+-+-----------+-----------+-----------+----------------+-----------+--------+-----+----+------+
Best-so-far configuration:           1    mean value:      514.9200000
Description of the best-so-far configuration:
  .ID. his_len max_attempts .PARENT.
1    1     749           59       NA

# 2025-12-29 16:17:49 GMT: Elite configurations (first number is the configuration ID; listed from best to worst according to the sum of ranks):
   his_len max_attempts
1      749           59
3      604           93
4      379           37
5      829           74
6      492           65
7      941           28
8      717           46
9     1166           83
10     773           42
11     323           79
# 2025-12-29 16:17:49 GMT: Iteration 3 of 3
# experimentsUsed: 3960
# remainingBudget: 2040
# currentBudget: 2040
# nbConfigurations: 58
# Markers:
     x No test is performed.
     c Configurations are discarded only due to capping.
     - The test is performed and some configurations are discarded.
     = The test is performed but no configuration is discarded.
     ! The test is performed and configurations could be discarded but elite configurations are preserved.
     . All alive configurations are elite and nothing is discarded.

+-+-----------+-----------+-----------+----------------+-----------+--------+-----+----+------+
| |   Instance|      Alive|       Best|       Mean best| Exp so far|  W time|  rho|KenW|  Qvar|
+-+-----------+-----------+-----------+----------------+-----------+--------+-----+----+------+
|x|         31|         58|          1|     514.9200000|         58|00:00:20|   NA|  NA|    NA|
|x|         14|         58|          1|     514.9200000|        106|00:00:15|+1.00|1.00|0.0000|
|x|         18|         58|          1|     514.9200000|        154|00:00:16|+1.00|1.00|0.0000|
|x|          5|         58|          1|     514.9200000|        202|00:00:16|+1.00|1.00|0.0000|
|x|         19|         58|          1|     514.9200000|        250|00:00:16|+1.00|1.00|0.0000|
|x|          2|         58|          1|     514.9200000|        298|00:00:16|+1.00|1.00|0.0000|
|x|         25|         58|          1|     514.9200000|        346|00:00:16|+0.00|0.14|0.1404|
|x|         11|         58|          1|     514.9200000|        394|00:00:16|+0.00|0.12|0.1228|
|x|         27|         58|          1|     514.9200000|        442|00:00:16|+0.00|0.11|0.1092|
|=|         26|         58|          1|     514.9200000|        490|00:00:16|+0.00|0.10|0.0983|
|x|          8|         58|          1|     514.9200000|        538|00:00:16|+0.00|0.09|0.0893|
|x|          4|         58|          1|     514.9200000|        586|00:00:16|+0.00|0.08|0.0819|
|x|         13|         58|          1|     514.9200000|        634|00:00:16|+0.00|0.08|0.0756|
|x|          3|         58|          1|     514.9200000|        682|00:00:16|+0.00|0.07|0.0702|
|x|         30|         58|          1|     514.9200000|        730|00:00:16|+0.00|0.07|0.0655|
|x|         15|         58|          1|     514.9200000|        778|00:00:16|+0.00|0.06|0.0614|
|x|          1|         58|          1|     514.9200000|        826|00:00:16|-0.00|0.06|0.1157|
|x|          7|         58|          1|     514.9200000|        874|00:00:15|-0.00|0.05|0.1093|
|x|         20|         58|          1|     514.9200000|        922|00:00:16|-0.00|0.05|0.1035|
|=|         10|         58|          1|     514.9200000|        970|00:00:16|-0.00|0.05|0.0984|
|x|         23|         58|          1|     514.9200000|       1018|00:00:16|-0.00|0.05|0.1406|
|x|         16|         58|          1|     514.9200000|       1066|00:00:16|-0.00|0.04|0.1342|
|x|         17|         58|          1|     514.9200000|       1114|00:00:16|-0.00|0.04|0.1284|
|x|         21|         58|          1|     514.9200000|       1162|00:00:16|-0.00|0.04|0.1230|
|x|         12|         58|          1|     514.9200000|       1210|00:00:15|+0.02|0.06|0.1543|
|x|         22|         58|          1|     514.9200000|       1258|00:00:16|+0.01|0.05|0.1865|
|x|         28|         58|          1|     514.9200000|       1306|00:00:15|+0.01|0.05|0.1797|
|x|         29|         58|          1|     514.9200000|       1354|00:00:16|+0.01|0.04|0.2087|
|x|         24|         58|          1|     514.9200000|       1402|00:00:16|+0.01|0.04|0.2016|
|=|          6|         58|          1|     514.9200000|       1450|00:00:16|+0.01|0.04|0.1949|
|x|          9|         58|          1|     514.9200000|       1498|00:00:16|+0.01|0.04|0.1887|
|x|         32|         58|          1|     514.9200000|       1556|00:00:20|+0.01|0.04|0.1828|
|x|         33|         58|          1|     514.9200000|       1614|00:00:20|+0.01|0.04|0.1773|
|x|         34|         58|          1|     514.9200000|       1672|00:00:19|+0.01|0.04|0.1722|
|x|         35|         58|          1|     514.9200000|       1730|00:00:19|+0.01|0.03|0.1673|
|x|         36|         58|          1|     514.9200000|       1788|00:00:20|+0.01|0.03|0.1627|
|x|         37|         58|          1|     514.9200000|       1846|00:00:20|+0.01|0.03|0.1583|
|x|         38|         58|          1|     514.9200000|       1904|00:00:19|+0.01|0.03|0.1542|
|x|         39|         58|          1|     514.9200000|       1962|00:00:20|+0.01|0.03|0.1502|
|=|         40|         58|          1|     514.9200000|       2020|00:00:20|+0.00|0.03|0.1712|
+-+-----------+-----------+-----------+----------------+-----------+--------+-----+----+------+
Best-so-far configuration:           1    mean value:      514.9200000
Description of the best-so-far configuration:
  .ID. his_len max_attempts .PARENT.
1    1     749           59       NA

# 2025-12-29 16:29:22 GMT: Elite configurations (first number is the configuration ID; listed from best to worst according to the sum of ranks):
   his_len max_attempts
1      749           59
3      604           93
4      379           37
5      829           74
6      492           65
7      941           28
8      717           46
9     1166           83
10     773           42
11     323           79
# 2025-12-29 16:29:22 GMT: Stopped because there is not enough budget left to race more than the minimum (10).
# You may either increase the budget or set 'minNbSurvival' to a lower value.
# Iteration: 4
# nbIterations: 4
# experimentsUsed: 5980
# timeUsed: 0
# remainingBudget: 20
# currentBudget: 20
# number of elites: 10
# nbConfigurations: 10
# Total CPU user time: 1281.405, CPU sys time: 6626.891, Wall-clock time: 2177.605
# 2025-12-29 16:29:22 GMT: Starting post-selection:
# Configurations selected: 1, 3.
# Pending instances: 0, 0.
# 2025-12-29 16:29:22 GMT: seed: 832060424
# Configurations: 2
# Available experiments: 20
# minSurvival: 1
# Markers:
     x No test is performed.
     c Configurations are discarded only due to capping.
     - The test is performed and some configurations are discarded.
     = The test is performed but no configuration is discarded.
     ! The test is performed and configurations could be discarded but elite configurations are preserved.
     . All alive configurations are elite and nothing is discarded.

+-+-----------+-----------+-----------+----------------+-----------+--------+-----+----+------+
| |   Instance|      Alive|       Best|       Mean best| Exp so far|  W time|  rho|KenW|  Qvar|
+-+-----------+-----------+-----------+----------------+-----------+--------+-----+----+------+
|.|         14|          2|          1|     514.9200000|          0|00:00:00|   NA|  NA|    NA|
|.|         21|          2|          1|     514.9200000|          0|00:00:00|+1.00|1.00|0.0000|
|.|          6|          2|          1|     514.9200000|          0|00:00:00|+1.00|1.00|0.0000|
|.|         20|          2|          1|     514.9200000|          0|00:00:00|+1.00|1.00|0.0000|
|.|         10|          2|          1|     514.9200000|          0|00:00:00|+1.00|1.00|0.0000|
|.|         17|          2|          1|     514.9200000|          0|00:00:00|+1.00|1.00|0.0000|
|.|         12|          2|          1|     514.9200000|          0|00:00:00|+1.00|1.00|0.0000|
|.|          7|          2|          1|     514.9200000|          0|00:00:00|+1.00|1.00|0.0000|
|.|         39|          2|          1|     514.9200000|          0|00:00:00|+1.00|1.00|0.0000|
|.|         37|          2|          1|     514.9200000|          0|00:00:00|+1.00|1.00|0.0000|
|.|          9|          2|          1|     514.9200000|          0|00:00:00|+1.00|1.00|0.0000|
|.|         32|          2|          1|     514.9200000|          0|00:00:00|+1.00|1.00|0.0000|
|.|         26|          2|          1|     514.9200000|          0|00:00:00|+1.00|1.00|0.0000|
|.|         18|          2|          1|     514.9200000|          0|00:00:00|+1.00|1.00|0.0000|
|.|          1|          2|          1|     514.9200000|          0|00:00:00|+1.00|1.00|0.0000|
|.|         25|          2|          1|     514.9200000|          0|00:00:00|+1.00|1.00|0.0000|
|.|          4|          2|          1|     514.9200000|          0|00:00:00|+1.00|1.00|0.0000|
|.|         13|          2|          1|     514.9200000|          0|00:00:00|+1.00|1.00|0.0000|
|.|          2|          2|          1|     514.9200000|          0|00:00:00|+1.00|1.00|0.0000|
|.|         30|          2|          1|     514.9200000|          0|00:00:00|+1.00|1.00|0.0000|
|.|         34|          2|          1|     514.9200000|          0|00:00:00|+1.00|1.00|0.0000|
|.|          3|          2|          1|     514.9200000|          0|00:00:00|+1.00|1.00|0.0000|
|.|         24|          2|          1|     514.9200000|          0|00:00:00|+1.00|1.00|0.0000|
|.|         22|          2|          1|     514.9200000|          0|00:00:00|+1.00|1.00|0.0000|
|.|          8|          2|          1|     514.9200000|          0|00:00:00|+1.00|1.00|0.0000|
|.|         38|          2|          1|     514.9200000|          0|00:00:00|+1.00|1.00|0.0000|
|.|         11|          2|          1|     514.9200000|          0|00:00:00|+1.00|1.00|0.0000|
|.|         29|          2|          1|     514.9200000|          0|00:00:00|+1.00|1.00|0.0000|
|.|         36|          2|          1|     514.9200000|          0|00:00:00|+1.00|1.00|0.0000|
|.|         23|          2|          1|     514.9200000|          0|00:00:00|+1.00|1.00|0.0000|
|.|         16|          2|          1|     514.9200000|          0|00:00:00|+1.00|1.00|0.0000|
|.|         35|          2|          1|     514.9200000|          0|00:00:00|+1.00|1.00|0.0000|
|.|          5|          2|          1|     514.9200000|          0|00:00:00|+1.00|1.00|0.0000|
|.|         33|          2|          1|     514.9200000|          0|00:00:00|+1.00|1.00|0.0000|
|.|         27|          2|          1|     514.9200000|          0|00:00:00|+1.00|1.00|0.0000|
|.|         31|          2|          1|     514.9200000|          0|00:00:00|+1.00|1.00|0.0000|
|.|         28|          2|          1|     514.9200000|          0|00:00:00|+1.00|1.00|0.0000|
|.|         19|          2|          1|     514.9200000|          0|00:00:00|+1.00|1.00|0.0000|
|.|         40|          2|          1|     514.9200000|          0|00:00:00|+1.00|1.00|0.0000|
|.|         15|          2|          1|     514.9200000|          0|00:00:00|+1.00|1.00|0.0000|
|x|         41|          2|          1|     514.9200000|          2|00:00:00|+1.00|1.00|0.0000|
|x|         42|          2|          1|     514.9200000|          4|00:00:00|+1.00|1.00|0.0000|
|x|         43|          2|          1|     514.9200000|          6|00:00:00|+1.00|1.00|0.0000|
|x|         44|          2|          1|     514.9200000|          8|00:00:00|+1.00|1.00|0.0000|
|x|         45|          2|          1|     514.9200000|         10|00:00:00|+1.00|1.00|0.0000|
|x|         46|          2|          1|     514.9200000|         12|00:00:00|+1.00|1.00|0.0000|
|x|         47|          2|          1|     514.9200000|         14|00:00:00|+1.00|1.00|0.0000|
|x|         48|          2|          1|     514.9200000|         16|00:00:00|+1.00|1.00|0.0000|
|x|         49|          2|          1|     514.9200000|         18|00:00:00|+1.00|1.00|0.0000|
|-|         50|          1|          1|     514.9200000|         20|00:00:00|   NA|  NA|    NA|
+-+-----------+-----------+-----------+----------------+-----------+--------+-----+----+------+
Best-so-far configuration:           1    mean value:      514.9200000
Description of the best-so-far configuration:
  .ID. his_len max_attempts .PARENT.
1    1     749           59       NA

# 2025-12-29 16:29:28 GMT: Elite configurations (first number is the configuration ID; listed from best to worst according to the sum of ranks):
  his_len max_attempts
1     749           59
# Total CPU user time: 1285.418, CPU sys time: 6637.077, Wall-clock time: 2183.586
# Best configurations (first number is the configuration ID; listed from best to worst according to the sum of ranks):
  his_len max_attempts
1     749           59
# Best configurations as commandlines (first number is the configuration ID; listed from best to worst according to the sum of ranks):
1 -his_len 749 -max_attempts 59


# Testing of elite configurations: 1 
# Testing iteration configurations: FALSE 
# 2025-12-29 16:29:28 GMT: No test instances, skip testing
