Starting irace...
# 2025-12-26 13:34:53 GMT: Reading parameter file '/gpfs/home/e/exx866/IRACE-b-LAHC/all-instances-rough/F-n80-k4-s8/parameters.txt'.
# 2025-12-26 13:34:54 GMT: Read 1 configuration(s) from file '/gpfs/home/e/exx866/IRACE-b-LAHC/all-instances-rough/F-n80-k4-s8/configurations.txt'
# 2025-12-26 13:34:54 GMT: Initialization
# Elitist race
# Elitist new instances: 1
# Elitist limit: 2
# nbIterations: 3
# minNbSurvival: 10
# nbParameters: 2
# seed: 1190480022
# confidence level: 0.95
# budget: 3500
# mu: 10
# deterministic: FALSE

# 2025-12-26 13:34:54 GMT: Iteration 1 of 3
# experimentsUsed: 0
# remainingBudget: 3500
# currentBudget: 1166
# nbConfigurations: 58
# Markers:
     x No test is performed.
     c Configurations are discarded only due to capping.
     - The test is performed and some configurations are discarded.
     = The test is performed but no configuration is discarded.
     ! The test is performed and configurations could be discarded but elite configurations are preserved.
     . All alive configurations are elite and nothing is discarded.

+-+-----------+-----------+-----------+----------------+-----------+--------+-----+----+------+
| |   Instance|      Alive|       Best|       Mean best| Exp so far|  W time|  rho|KenW|  Qvar|
+-+-----------+-----------+-----------+----------------+-----------+--------+-----+----+------+
|x|          1|         58|          1|     242.7400000|         58|00:00:40|   NA|  NA|    NA|
|x|          2|         58|          2|     242.7400000|        116|00:00:19|+0.37|0.69|0.5925|
|x|          3|         58|          2|     242.7400000|        174|00:00:20|+0.49|0.66|0.5218|
|x|          4|         58|          2|     242.7400000|        232|00:00:19|+0.57|0.68|0.4430|
|x|          5|         58|          2|     242.7400000|        290|00:00:20|+0.51|0.61|0.6463|
|x|          6|         58|         55|     242.7400000|        348|00:00:20|+0.40|0.50|0.7436|
|x|          7|         58|         55|     242.7400000|        406|00:00:21|+0.41|0.49|0.7070|
|x|          8|         58|         55|     242.7400000|        464|00:00:20|+0.40|0.47|0.7110|
|x|          9|         58|         55|     242.7400000|        522|00:00:20|+0.38|0.45|0.7320|
|-|         10|          9|         55|     242.7400000|        580|00:00:20|+0.13|0.21|0.6726|
+-+-----------+-----------+-----------+----------------+-----------+--------+-----+----+------+
Best-so-far configuration:          55    mean value:      242.7400000
Description of the best-so-far configuration:
   .ID. his_len max_attempts .PARENT.
55   55    1458           13       NA

# 2025-12-26 13:38:37 GMT: Elite configurations (first number is the configuration ID; listed from best to worst according to the sum of ranks):
   his_len max_attempts
55    1458           13
2    15310            5
4      534          130
11    4228           36
1     5723           60
38   10692           28
19    1150          396
20    6075           21
9     7922           67
# 2025-12-26 13:38:37 GMT: Iteration 2 of 3
# experimentsUsed: 580
# remainingBudget: 2920
# currentBudget: 1460
# nbConfigurations: 51
# Markers:
     x No test is performed.
     c Configurations are discarded only due to capping.
     - The test is performed and some configurations are discarded.
     = The test is performed but no configuration is discarded.
     ! The test is performed and configurations could be discarded but elite configurations are preserved.
     . All alive configurations are elite and nothing is discarded.

+-+-----------+-----------+-----------+----------------+-----------+--------+-----+----+------+
| |   Instance|      Alive|       Best|       Mean best| Exp so far|  W time|  rho|KenW|  Qvar|
+-+-----------+-----------+-----------+----------------+-----------+--------+-----+----+------+
|x|         11|         51|         55|     242.7400000|         51|00:00:17|   NA|  NA|    NA|
|x|          9|         51|         55|     242.7400000|         93|00:00:14|+0.10|0.55|0.9467|
|x|          8|         51|         55|     242.7400000|        135|00:00:14|+0.15|0.43|0.8419|
|x|          4|         51|         55|     242.7400000|        177|00:00:14|+0.14|0.35|0.8979|
|x|          6|         51|         55|     242.7400000|        219|00:00:14|+0.08|0.26|0.9611|
|x|          5|         51|         55|     242.7400000|        261|00:00:14|+0.08|0.23|0.9607|
|x|          2|         51|         55|     242.7400000|        303|00:00:14|+0.09|0.22|0.9558|
|x|          1|         51|         55|     242.7400000|        345|00:00:14|+0.11|0.22|0.9514|
|x|          7|         51|         55|     242.7400000|        387|00:00:14|+0.13|0.23|0.9432|
|-|          3|         31|         55|     242.7400000|        429|00:00:14|+0.05|0.15|0.9541|
|x|         10|         31|         55|     242.7400000|        451|00:00:07|+0.05|0.13|0.8686|
|x|         12|         31|         55|     242.7400000|        482|00:00:10|+0.07|0.14|0.8709|
|x|         13|         31|         55|     242.7400000|        513|00:00:10|+0.08|0.15|0.8582|
|x|         14|         31|         55|     242.7400000|        544|00:00:10|+0.11|0.17|0.8493|
|x|         15|         31|         55|     242.7400000|        575|00:00:10|+0.11|0.17|0.8517|
|x|         16|         31|         55|     242.7400000|        606|00:00:10|+0.12|0.18|0.8498|
|x|         17|         31|         55|     242.7400000|        637|00:00:10|+0.13|0.18|0.8441|
|x|         18|         31|         55|     242.7400000|        668|00:00:10|+0.12|0.17|0.8550|
|x|         19|         31|         55|     242.7400000|        699|00:00:10|+0.11|0.16|0.8131|
|-|         20|         13|         55|     242.7400000|        730|00:00:10|+0.04|0.09|0.6740|
|x|         21|         13|         55|     242.7400000|        743|00:00:04|+0.04|0.08|0.6876|
|x|         22|         13|         55|     242.7400000|        756|00:00:04|+0.04|0.08|0.6570|
|x|         23|         13|         55|     242.7400000|        769|00:00:04|+0.05|0.09|0.6626|
|x|         24|         13|         55|     242.7400000|        782|00:00:04|+0.06|0.10|0.6686|
|x|         25|         13|         55|     242.7400000|        795|00:00:04|+0.05|0.09|0.6852|
|x|         26|         13|         55|     242.7400000|        808|00:00:04|+0.06|0.10|0.6862|
|x|         27|         13|         55|     242.7400000|        821|00:00:04|+0.06|0.09|0.6957|
|x|         28|         13|         55|     242.7400000|        834|00:00:04|+0.05|0.09|0.7084|
|x|         29|         13|         55|     242.7400000|        847|00:00:04|+0.05|0.09|0.6845|
|-|         30|          9|         55|     242.7400000|        860|00:00:04|+0.03|0.06|0.4893|
+-+-----------+-----------+-----------+----------------+-----------+--------+-----+----+------+
Best-so-far configuration:          55    mean value:      242.7400000
Description of the best-so-far configuration:
   .ID. his_len max_attempts .PARENT.
55   55    1458           13       NA

# 2025-12-26 13:43:30 GMT: Elite configurations (first number is the configuration ID; listed from best to worst according to the sum of ranks):
   his_len max_attempts
55    1458           13
98    2037            8
69    1557           21
74    1396           14
73     853           45
76    2678           16
91    4289           15
4      534          130
83    4652           18
# 2025-12-26 13:43:30 GMT: Iteration 3 of 3
# experimentsUsed: 1440
# remainingBudget: 2060
# currentBudget: 2060
# nbConfigurations: 58
# Markers:
     x No test is performed.
     c Configurations are discarded only due to capping.
     - The test is performed and some configurations are discarded.
     = The test is performed but no configuration is discarded.
     ! The test is performed and configurations could be discarded but elite configurations are preserved.
     . All alive configurations are elite and nothing is discarded.

+-+-----------+-----------+-----------+----------------+-----------+--------+-----+----+------+
| |   Instance|      Alive|       Best|       Mean best| Exp so far|  W time|  rho|KenW|  Qvar|
+-+-----------+-----------+-----------+----------------+-----------+--------+-----+----+------+
|x|         31|         58|         55|     242.7400000|         58|00:00:20|   NA|  NA|    NA|
|x|          1|         58|         55|     242.7400000|        107|00:00:16|+0.24|0.62|1.0251|
|x|         29|         58|         55|     242.7400000|        156|00:00:16|+0.09|0.39|1.0205|
|x|         12|         58|         55|     242.7400000|        205|00:00:17|+0.08|0.31|0.9696|
|x|         24|         58|         55|     242.7400000|        254|00:00:17|+0.11|0.29|0.9181|
|x|         10|         58|         55|     242.7400000|        303|00:00:17|+0.09|0.24|0.7759|
|x|         19|         58|         55|     242.7400000|        352|00:00:16|+0.08|0.21|0.6712|
|x|         14|         58|         55|     242.7400000|        401|00:00:16|+0.09|0.20|0.6918|
|x|         25|         58|         55|     242.7400000|        450|00:00:17|+0.07|0.17|0.7319|
|-|         18|         52|         55|     242.7400000|        499|00:00:16|-0.02|0.08|0.6000|
|x|          4|         52|         55|     242.7400000|        542|00:00:14|-0.01|0.08|0.6313|
|x|          5|         52|         55|     242.7400000|        585|00:00:14|-0.00|0.08|0.6606|
|x|          6|         52|         55|     242.7400000|        628|00:00:14|+0.01|0.09|0.6813|
|x|         15|         52|         55|     242.7400000|        671|00:00:14|+0.01|0.08|0.7051|
|x|         28|         52|         55|     242.7400000|        714|00:00:14|+0.00|0.07|0.7255|
|x|         22|         52|         55|     242.7400000|        757|00:00:15|+0.00|0.07|0.6798|
|x|         20|         52|         55|     242.7400000|        800|00:00:14|-0.00|0.06|0.6991|
|x|         26|         52|         55|     242.7400000|        843|00:00:14|-0.00|0.05|0.7164|
|x|          3|         52|         55|     242.7400000|        886|00:00:14|+0.01|0.06|0.7291|
|-|          7|         51|         55|     242.7400000|        929|00:00:14|-0.00|0.05|0.7421|
|x|         23|         51|         55|     242.7400000|        971|00:00:14|+0.01|0.05|0.7524|
|x|         11|         51|         55|     242.7400000|       1013|00:00:13|+0.01|0.06|0.7577|
|x|         27|         51|         55|     242.7400000|       1055|00:00:14|+0.02|0.06|0.7634|
|x|         17|         51|         55|     242.7400000|       1097|00:00:14|+0.02|0.06|0.7729|
|x|          8|         51|         55|     242.7400000|       1139|00:00:14|+0.02|0.06|0.7808|
|x|         21|         51|         55|     242.7400000|       1181|00:00:14|+0.02|0.06|0.7872|
|x|         13|         51|         55|     242.7400000|       1223|00:00:14|+0.02|0.06|0.7920|
|x|         16|         51|         55|     242.7400000|       1265|00:00:13|+0.02|0.05|0.7989|
|x|         30|         51|         55|     242.7400000|       1307|00:00:14|+0.02|0.05|0.8046|
|-|          2|         47|         55|     242.7400000|       1349|00:00:14|+0.02|0.05|0.7115|
|x|          9|         47|         55|     242.7400000|       1387|00:00:13|+0.01|0.05|0.7222|
|x|         32|         47|         55|     242.7400000|       1434|00:00:16|+0.02|0.05|0.7252|
|x|         33|         47|         55|     242.7400000|       1481|00:00:16|+0.03|0.06|0.7320|
|x|         34|         47|         55|     242.7400000|       1528|00:00:15|+0.03|0.06|0.7385|
|x|         35|         47|         55|     242.7400000|       1575|00:00:16|+0.03|0.05|0.7440|
|x|         36|         47|         55|     242.7400000|       1622|00:00:15|+0.03|0.05|0.7494|
|x|         37|         47|         55|     242.7400000|       1669|00:00:15|+0.03|0.05|0.7295|
|x|         38|         47|         55|     242.7400000|       1716|00:00:16|+0.03|0.05|0.7339|
|x|         39|         47|         55|     242.7400000|       1763|00:00:16|+0.03|0.06|0.7368|
|-|         40|         42|         55|     242.7400000|       1810|00:00:15|-0.00|0.02|0.6087|
+-+-----------+-----------+-----------+----------------+-----------+--------+-----+----+------+
Best-so-far configuration:          55    mean value:      242.7400000
Description of the best-so-far configuration:
   .ID. his_len max_attempts .PARENT.
55   55    1458           13       NA

# 2025-12-26 13:53:48 GMT: Elite configurations (first number is the configuration ID; listed from best to worst according to the sum of ranks):
    his_len max_attempts
55     1458           13
98     2037            8
101    1642            8
107    2118           12
110    2132            2
112    1735            9
122    1417           15
124    1622            4
126    1573            7
127    1914            1
# 2025-12-26 13:53:48 GMT: Iteration 4 of 4
# experimentsUsed: 3250
# remainingBudget: 250
# currentBudget: 250
# nbConfigurations: 13
# Markers:
     x No test is performed.
     c Configurations are discarded only due to capping.
     - The test is performed and some configurations are discarded.
     = The test is performed but no configuration is discarded.
     ! The test is performed and configurations could be discarded but elite configurations are preserved.
     . All alive configurations are elite and nothing is discarded.

+-+-----------+-----------+-----------+----------------+-----------+--------+-----+----+------+
| |   Instance|      Alive|       Best|       Mean best| Exp so far|  W time|  rho|KenW|  Qvar|
+-+-----------+-----------+-----------+----------------+-----------+--------+-----+----+------+
|x|         41|         13|         55|     242.7400000|         13|00:00:04|   NA|  NA|    NA|
|x|         27|         13|         55|     242.7400000|         16|00:00:01|+1.00|1.00|0.0000|
|x|         40|         13|         55|     242.7400000|         19|00:00:01|+1.00|1.00|0.0000|
|x|         32|         13|         55|     242.7400000|         22|00:00:01|+1.00|1.00|0.0000|
|x|         36|         13|         55|     242.7400000|         25|00:00:01|+1.00|1.00|0.0000|
|x|         35|         13|         55|     242.7400000|         28|00:00:01|+1.00|1.00|0.0000|
|x|         12|         13|         55|     242.7400000|         31|00:00:01|+1.00|1.00|0.0000|
|x|         19|         13|         55|     242.7400000|         34|00:00:01|+1.00|1.00|0.0000|
|x|         39|         13|         55|     242.7400000|         37|00:00:01|+0.00|0.11|0.1026|
|=|         31|         13|         55|     242.7400000|         40|00:00:01|+0.00|0.10|0.0923|
|x|         33|         13|         55|     242.7400000|         43|00:00:01|+0.00|0.09|0.0839|
|x|         34|         13|         55|     242.7400000|         46|00:00:01|+0.00|0.08|0.0769|
|x|          4|         13|         55|     242.7400000|         49|00:00:01|+0.00|0.08|0.0710|
|x|         18|         13|         55|     242.7400000|         52|00:00:01|+0.00|0.07|0.0659|
|x|         22|         13|         55|     242.7400000|         55|00:00:01|+0.00|0.07|0.0615|
|x|         20|         13|         55|     242.7400000|         58|00:00:01|+0.00|0.06|0.0577|
|x|         26|         13|         55|     242.7400000|         61|00:00:01|+0.00|0.06|0.0543|
|x|          5|         13|         55|     242.7400000|         64|00:00:01|+0.00|0.06|0.0513|
|x|         16|         13|         55|     242.7400000|         67|00:00:01|+0.00|0.05|0.0486|
|=|         29|         13|         55|     242.7400000|         70|00:00:01|+0.00|0.05|0.0462|
|x|         21|         13|         55|     242.7400000|         73|00:00:01|+0.00|0.05|0.0440|
|x|          3|         13|         55|     242.7400000|         76|00:00:01|+0.00|0.05|0.0420|
|x|         28|         13|         55|     242.7400000|         79|00:00:01|+0.00|0.04|0.0401|
|x|         38|         13|         55|     242.7400000|         82|00:00:01|+0.00|0.04|0.0385|
|x|         14|         13|         55|     242.7400000|         85|00:00:01|+0.00|0.04|0.0369|
|x|         11|         13|         55|     242.7400000|         88|00:00:01|+0.00|0.04|0.0355|
|x|         24|         13|         55|     242.7400000|         91|00:00:01|+0.00|0.04|0.0342|
|x|         13|         13|         55|     242.7400000|         94|00:00:01|+0.00|0.04|0.0330|
|x|         23|         13|         55|     242.7400000|         97|00:00:01|+0.00|0.03|0.0318|
|=|          7|         13|         55|     242.7400000|        100|00:00:01|+0.00|0.03|0.0308|
|x|         15|         13|         55|     242.7400000|        103|00:00:01|+0.00|0.03|0.0298|
|x|          6|         13|         55|     242.7400000|        106|00:00:01|+0.00|0.03|0.0288|
|x|         30|         13|         55|     242.7400000|        109|00:00:01|+0.00|0.03|0.0280|
|x|          1|         13|         55|     242.7400000|        112|00:00:01|+0.00|0.03|0.0271|
|x|         17|         13|         55|     242.7400000|        115|00:00:01|+0.00|0.03|0.0264|
|x|          2|         13|         55|     242.7400000|        118|00:00:01|+0.00|0.03|0.0256|
|x|          8|         13|         55|     242.7400000|        121|00:00:01|+0.00|0.03|0.0249|
|x|         25|         13|         55|     242.7400000|        124|00:00:01|+0.00|0.03|0.0243|
|x|          9|         13|         55|     242.7400000|        127|00:00:01|+0.00|0.03|0.0237|
|=|         37|         13|         55|     242.7400000|        130|00:00:01|+0.00|0.03|0.0231|
|x|         10|         13|         55|     242.7400000|        133|00:00:01|+0.00|0.02|0.0225|
|x|         42|         13|         55|     242.7400000|        146|00:00:04|+0.00|0.02|0.0220|
|x|         43|         13|         55|     242.7400000|        159|00:00:04|-0.00|0.02|0.0430|
|x|         44|         13|         55|     242.7400000|        172|00:00:04|-0.00|0.02|0.0632|
|x|         45|         13|         55|     242.7400000|        185|00:00:04|-0.00|0.02|0.0618|
|x|         46|         13|         55|     242.7400000|        198|00:00:04|-0.00|0.02|0.0604|
|x|         47|         13|         55|     242.7400000|        211|00:00:04|-0.00|0.02|0.0591|
|x|         48|         13|         55|     242.7400000|        224|00:00:04|-0.00|0.02|0.0579|
|x|         49|         13|         55|     242.7400000|        237|00:00:04|-0.00|0.02|0.0567|
|=|         50|         13|         55|     242.7400000|        250|00:00:04|-0.00|0.02|0.0556|
+-+-----------+-----------+-----------+----------------+-----------+--------+-----+----+------+
Best-so-far configuration:          55    mean value:      242.7400000
Description of the best-so-far configuration:
   .ID. his_len max_attempts .PARENT.
55   55    1458           13       NA

# 2025-12-26 13:55:32 GMT: Elite configurations (first number is the configuration ID; listed from best to worst according to the sum of ranks):
    his_len max_attempts
55     1458           13
101    1642            8
107    2118           12
110    2132            2
112    1735            9
122    1417           15
124    1622            4
126    1573            7
127    1914            1
152    1579            4
# 2025-12-26 13:55:32 GMT: Stopped because budget is exhausted
# Iteration: 5
# nbIterations: 4
# experimentsUsed: 3500
# timeUsed: 0
# remainingBudget: 0
# currentBudget: 250
# number of elites: 10
# nbConfigurations: 13
# Total CPU user time: 3587.054, CPU sys time: 3472.271, Wall-clock time: 1239.04
# Best configurations (first number is the configuration ID; listed from best to worst according to the sum of ranks):
    his_len max_attempts
55     1458           13
101    1642            8
107    2118           12
110    2132            2
112    1735            9
122    1417           15
124    1622            4
126    1573            7
127    1914            1
152    1579            4
# Best configurations as commandlines (first number is the configuration ID; listed from best to worst according to the sum of ranks):
55  -his_len 1458 -max_attempts 13
101 -his_len 1642 -max_attempts 8
107 -his_len 2118 -max_attempts 12
110 -his_len 2132 -max_attempts 2
112 -his_len 1735 -max_attempts 9
122 -his_len 1417 -max_attempts 15
124 -his_len 1622 -max_attempts 4
126 -his_len 1573 -max_attempts 7
127 -his_len 1914 -max_attempts 1
152 -his_len 1579 -max_attempts 4


# Testing of elite configurations: 1 
# Testing iteration configurations: FALSE 
# 2025-12-26 13:55:32 GMT: No test instances, skip testing
