Starting irace...
# 2025-12-29 15:16:15 GMT: Reading parameter file '/gpfs/home/e/exx866/IRACE-b-LAHC/all-instances-fine/E-n51-k5-p1/parameters.txt'.
# 2025-12-29 15:16:15 GMT: Read 1 configuration(s) from file '/gpfs/home/e/exx866/IRACE-b-LAHC/all-instances-fine/E-n51-k5-p1/configurations.txt'
# 2025-12-29 15:16:16 GMT: Initialization
# Elitist race
# Elitist new instances: 1
# Elitist limit: 2
# nbIterations: 3
# minNbSurvival: 10
# nbParameters: 2
# seed: 362954390
# confidence level: 0.95
# budget: 6000
# mu: 10
# deterministic: FALSE

# 2025-12-29 15:16:16 GMT: Iteration 1 of 3
# experimentsUsed: 0
# remainingBudget: 6000
# currentBudget: 2000
# nbConfigurations: 100
# Markers:
     x No test is performed.
     c Configurations are discarded only due to capping.
     - The test is performed and some configurations are discarded.
     = The test is performed but no configuration is discarded.
     ! The test is performed and configurations could be discarded but elite configurations are preserved.
     . All alive configurations are elite and nothing is discarded.

+-+-----------+-----------+-----------+----------------+-----------+--------+-----+----+------+
| |   Instance|      Alive|       Best|       Mean best| Exp so far|  W time|  rho|KenW|  Qvar|
+-+-----------+-----------+-----------+----------------+-----------+--------+-----+----+------+
|x|          1|        100|          1|     529.9000000|        100|00:00:42|   NA|  NA|    NA|
|x|          2|        100|          1|     529.9000000|        200|00:00:37|-0.03|0.48|1.0179|
|x|          3|        100|          1|     529.9000000|        300|00:00:39|+0.07|0.38|0.9754|
|x|          4|        100|          1|     529.9000000|        400|00:00:39|+0.10|0.32|0.9206|
|x|          5|        100|          1|     529.9000000|        500|00:00:38|+0.06|0.25|0.9556|
|x|          6|        100|          1|     529.9000000|        600|00:00:39|+0.03|0.19|0.9793|
|x|          7|        100|          1|     529.9000000|        700|00:00:39|+0.02|0.16|0.9712|
|x|          8|        100|          1|     529.9000000|        800|00:00:38|+0.00|0.13|0.9847|
|x|          9|        100|          1|     529.9000000|        900|00:00:37|+0.00|0.11|0.9881|
|=|         10|        100|          1|     529.9000000|       1000|00:00:39|+0.02|0.12|0.9745|
|x|         11|        100|          1|     529.9000000|       1100|00:00:39|+0.02|0.11|0.9765|
|x|         12|        100|          1|     529.9000000|       1200|00:00:38|+0.03|0.11|0.9761|
|x|         13|        100|          1|     529.9000000|       1300|00:00:40|+0.02|0.10|0.9743|
|x|         14|        100|          1|     529.9000000|       1400|00:00:41|+0.02|0.09|0.9701|
|x|         15|        100|          1|     529.9000000|       1500|00:00:39|+0.02|0.09|0.9068|
|x|         16|        100|          1|     529.9000000|       1600|00:00:39|+0.03|0.09|0.9076|
|x|         17|        100|          1|     529.9000000|       1700|00:00:40|+0.02|0.08|0.9155|
|x|         18|        100|          1|     529.9000000|       1800|00:00:39|+0.03|0.08|0.9176|
|x|         19|        100|          1|     529.9000000|       1900|00:00:38|+0.02|0.07|0.9206|
|-|         20|         89|          1|     529.9000000|       2000|00:00:39|-0.00|0.05|0.8897|
+-+-----------+-----------+-----------+----------------+-----------+--------+-----+----+------+
Best-so-far configuration:           1    mean value:      529.9000000
Description of the best-so-far configuration:
  .ID. his_len max_attempts .PARENT.
1    1    3762           11       NA

# 2025-12-29 15:29:26 GMT: Elite configurations (first number is the configuration ID; listed from best to worst according to the sum of ranks):
   his_len max_attempts
1     3762           11
3     3192            8
5     4038            2
8     2769            5
10    2980           15
11    4672            4
13    2134            9
14    3403            1
17    2557           17
21    3720           11
# 2025-12-29 15:29:26 GMT: Iteration 2 of 3
# experimentsUsed: 2000
# remainingBudget: 4000
# currentBudget: 2000
# nbConfigurations: 73
# Markers:
     x No test is performed.
     c Configurations are discarded only due to capping.
     - The test is performed and some configurations are discarded.
     = The test is performed but no configuration is discarded.
     ! The test is performed and configurations could be discarded but elite configurations are preserved.
     . All alive configurations are elite and nothing is discarded.

+-+-----------+-----------+-----------+----------------+-----------+--------+-----+----+------+
| |   Instance|      Alive|       Best|       Mean best| Exp so far|  W time|  rho|KenW|  Qvar|
+-+-----------+-----------+-----------+----------------+-----------+--------+-----+----+------+
|x|         21|         73|          1|     529.9000000|         73|00:00:27|   NA|  NA|    NA|
|x|          2|         73|          1|     529.9000000|        136|00:00:23|+0.00|0.50|0.4932|
|x|          6|         73|          1|     529.9000000|        199|00:00:22|-0.01|0.32|0.6658|
|x|         20|         73|          1|     529.9000000|        262|00:00:22|+0.12|0.34|0.6313|
|x|          8|         73|          1|     529.9000000|        325|00:00:21|+0.06|0.24|0.7294|
|x|         14|         73|          1|     529.9000000|        388|00:00:23|+0.14|0.28|0.6723|
|x|         11|         73|          1|     529.9000000|        451|00:00:23|+0.10|0.23|0.7423|
|x|         12|         73|          1|     529.9000000|        514|00:00:22|+0.08|0.20|0.6624|
|x|          5|         73|          1|     529.9000000|        577|00:00:23|+0.06|0.17|0.7096|
|-|         16|         67|          1|     529.9000000|        640|00:00:23|-0.00|0.10|0.1973|
|x|          1|         67|          1|     529.9000000|        697|00:00:20|-0.00|0.09|0.2695|
|x|         15|         67|          1|     529.9000000|        754|00:00:19|-0.00|0.08|0.2469|
|x|         13|         67|          1|     529.9000000|        811|00:00:20|-0.00|0.07|0.2279|
|x|         18|         67|          1|     529.9000000|        868|00:00:20|-0.00|0.07|0.2116|
|x|         19|         67|          1|     529.9000000|        925|00:00:20|-0.00|0.06|0.1974|
|x|          7|         67|          1|     529.9000000|        982|00:00:20|-0.00|0.06|0.2472|
|x|          3|         67|          1|     529.9000000|       1039|00:00:21|-0.00|0.05|0.2911|
|x|          9|         67|          1|     529.9000000|       1096|00:00:20|-0.01|0.05|0.3301|
|x|         10|         67|          1|     529.9000000|       1153|00:00:20|-0.01|0.05|0.3126|
|=|          4|         67|          1|     529.9000000|       1210|00:00:20|-0.01|0.05|0.2969|
|x|         17|         67|          1|     529.9000000|       1267|00:00:20|-0.00|0.04|0.2827|
|x|         22|         67|          1|     529.9000000|       1334|00:00:24|-0.01|0.04|0.3152|
|x|         23|         67|          1|     529.9000000|       1401|00:00:25|+0.00|0.05|0.3419|
|x|         24|         67|          1|     529.9000000|       1468|00:00:24|+0.00|0.04|0.3692|
|x|         25|         67|          1|     529.9000000|       1535|00:00:24|-0.00|0.04|0.3944|
|x|         26|         67|          1|     529.9000000|       1602|00:00:24|+0.00|0.04|0.4162|
|x|         27|         67|          1|     529.9000000|       1669|00:00:24|+0.01|0.05|0.4333|
|x|         28|         67|          1|     529.9000000|       1736|00:00:24|+0.01|0.05|0.4179|
|x|         29|         67|          1|     529.9000000|       1803|00:00:24|+0.01|0.05|0.4037|
|-|         30|         64|          1|     529.9000000|       1870|00:00:23|-0.01|0.03|0.2968|
+-+-----------+-----------+-----------+----------------+-----------+--------+-----+----+------+
Best-so-far configuration:           1    mean value:      529.9000000
Description of the best-so-far configuration:
  .ID. his_len max_attempts .PARENT.
1    1    3762           11       NA

# 2025-12-29 15:40:47 GMT: Elite configurations (first number is the configuration ID; listed from best to worst according to the sum of ranks):
   his_len max_attempts
1     3762           11
3     3192            8
5     4038            2
8     2769            5
10    2980           15
11    4672            4
13    2134            9
14    3403            1
17    2557           17
21    3720           11
# 2025-12-29 15:40:47 GMT: Iteration 3 of 3
# experimentsUsed: 3870
# remainingBudget: 2130
# currentBudget: 2130
# nbConfigurations: 60
# Markers:
     x No test is performed.
     c Configurations are discarded only due to capping.
     - The test is performed and some configurations are discarded.
     = The test is performed but no configuration is discarded.
     ! The test is performed and configurations could be discarded but elite configurations are preserved.
     . All alive configurations are elite and nothing is discarded.

+-+-----------+-----------+-----------+----------------+-----------+--------+-----+----+------+
| |   Instance|      Alive|       Best|       Mean best| Exp so far|  W time|  rho|KenW|  Qvar|
+-+-----------+-----------+-----------+----------------+-----------+--------+-----+----+------+
|x|         31|         60|          1|     529.9000000|         60|00:00:22|   NA|  NA|    NA|
|x|         21|         60|          1|     529.9000000|        110|00:00:16|+1.00|1.00|0.0000|
|x|         28|         60|          1|     529.9000000|        160|00:00:17|+1.00|1.00|0.0000|
|x|         11|         60|          1|     529.9000000|        210|00:00:17|+1.00|1.00|0.0000|
|x|         29|         60|          1|     529.9000000|        260|00:00:17|+0.00|0.20|0.1967|
|x|          1|         60|          1|     529.9000000|        310|00:00:17|-0.00|0.16|0.3289|
|x|          6|         60|          1|     529.9000000|        360|00:00:17|-0.01|0.14|0.4238|
|x|         26|         60|          1|     529.9000000|        410|00:00:17|-0.00|0.12|0.3705|
|x|         13|         60|          1|     529.9000000|        460|00:00:17|-0.00|0.11|0.3292|
|=|         14|         60|          1|     529.9000000|        510|00:00:17|-0.00|0.10|0.2961|
|x|         24|         60|          1|     529.9000000|        560|00:00:18|-0.00|0.09|0.2691|
|x|          8|         60|          1|     529.9000000|        610|00:00:17|-0.01|0.08|0.3298|
|x|         25|         60|          1|     529.9000000|        660|00:00:17|-0.01|0.07|0.3043|
|x|          5|         60|          1|     529.9000000|        710|00:00:18|-0.01|0.07|0.2824|
|x|         16|         60|          1|     529.9000000|        760|00:00:18|-0.01|0.06|0.2635|
|x|         23|         60|          1|     529.9000000|        810|00:00:17|-0.01|0.06|0.3091|
|x|         20|         60|          1|     529.9000000|        860|00:00:17|-0.01|0.05|0.2908|
|x|         10|         60|          1|     529.9000000|        910|00:00:17|-0.01|0.05|0.3300|
|x|         30|         60|          1|     529.9000000|        960|00:00:17|-0.01|0.04|0.3650|
|=|          3|         60|          1|     529.9000000|       1010|00:00:17|-0.01|0.04|0.3466|
|x|          4|         60|          1|     529.9000000|       1060|00:00:17|-0.01|0.04|0.3300|
|x|          9|         60|          1|     529.9000000|       1110|00:00:17|-0.01|0.04|0.3149|
|x|         12|         60|          1|     529.9000000|       1160|00:00:16|-0.01|0.04|0.3444|
|x|          7|         60|          1|     529.9000000|       1210|00:00:18|+0.00|0.05|0.3684|
|x|         15|         60|          1|     529.9000000|       1260|00:00:17|+0.00|0.04|0.3537|
|x|         22|         60|          1|     529.9000000|       1310|00:00:18|+0.00|0.04|0.3401|
|x|         17|         60|          1|     529.9000000|       1360|00:00:17|+0.00|0.04|0.3644|
|x|         27|         60|          1|     529.9000000|       1410|00:00:16|+0.00|0.04|0.3514|
|x|         19|         60|          1|     529.9000000|       1460|00:00:18|+0.00|0.04|0.3393|
|=|         18|         60|          1|     529.9000000|       1510|00:00:17|+0.01|0.04|0.3587|
|x|          2|         60|          1|     529.9000000|       1560|00:00:17|+0.01|0.04|0.3472|
|x|         32|         60|          1|     529.9000000|       1620|00:00:21|+0.01|0.04|0.3674|
|x|         33|         60|          1|     529.9000000|       1680|00:00:21|+0.01|0.04|0.3563|
|x|         34|         60|          1|     529.9000000|       1740|00:00:20|+0.01|0.04|0.3459|
|x|         35|         60|          1|     529.9000000|       1800|00:00:20|+0.01|0.04|0.3360|
|x|         36|         60|          1|     529.9000000|       1860|00:00:21|+0.01|0.04|0.3544|
|x|         37|         60|          1|     529.9000000|       1920|00:00:22|+0.01|0.04|0.3449|
|x|         38|         60|          1|     529.9000000|       1980|00:00:22|+0.01|0.03|0.3620|
|x|         39|         60|          1|     529.9000000|       2040|00:00:22|+0.01|0.03|0.3528|
|=|         40|         60|          3|     529.9000000|       2100|00:00:22|+0.01|0.03|0.3684|
+-+-----------+-----------+-----------+----------------+-----------+--------+-----+----+------+
Best-so-far configuration:           3    mean value:      529.9000000
Description of the best-so-far configuration:
  .ID. his_len max_attempts .PARENT.
3    3    3192            8       NA

# 2025-12-29 15:53:13 GMT: Elite configurations (first number is the configuration ID; listed from best to worst according to the sum of ranks):
    his_len max_attempts
3      3192            8
5      4038            2
8      2769            5
10     2980           15
11     4672            4
13     2134            9
14     3403            1
21     3720           11
164    4622            5
165    2173            9
# 2025-12-29 15:53:13 GMT: Stopped because there is not enough budget left to race more than the minimum (10).
# You may either increase the budget or set 'minNbSurvival' to a lower value.
# Iteration: 4
# nbIterations: 4
# experimentsUsed: 5970
# timeUsed: 0
# remainingBudget: 30
# currentBudget: 30
# number of elites: 10
# nbConfigurations: 10
# Total CPU user time: 4055.29, CPU sys time: 6541.089, Wall-clock time: 2217.679
# 2025-12-29 15:53:13 GMT: Starting post-selection:
# Configurations selected: 3, 5, 8.
# Pending instances: 0, 0, 0.
# 2025-12-29 15:53:13 GMT: seed: 362954390
# Configurations: 3
# Available experiments: 30
# minSurvival: 1
# Markers:
     x No test is performed.
     c Configurations are discarded only due to capping.
     - The test is performed and some configurations are discarded.
     = The test is performed but no configuration is discarded.
     ! The test is performed and configurations could be discarded but elite configurations are preserved.
     . All alive configurations are elite and nothing is discarded.

+-+-----------+-----------+-----------+----------------+-----------+--------+-----+----+------+
| |   Instance|      Alive|       Best|       Mean best| Exp so far|  W time|  rho|KenW|  Qvar|
+-+-----------+-----------+-----------+----------------+-----------+--------+-----+----+------+
|.|         24|          3|          3|     529.9000000|          0|00:00:00|   NA|  NA|    NA|
|.|         40|          3|          3|     529.9000000|          0|00:00:00|+1.00|1.00|0.0000|
|.|         36|          3|          3|     529.9000000|          0|00:00:00|+1.00|1.00|0.0000|
|.|          5|          3|          3|     529.9000000|          0|00:00:00|+1.00|1.00|0.0000|
|.|         38|          3|          3|     529.9000000|          0|00:00:00|+1.00|1.00|0.0000|
|.|          4|          3|          3|     529.9000000|          0|00:00:00|+1.00|1.00|0.0000|
|.|         23|          3|          3|     529.9000000|          0|00:00:00|+1.00|1.00|0.0000|
|.|         37|          3|          3|     529.9000000|          0|00:00:00|+1.00|1.00|0.0000|
|.|         16|          3|          3|     529.9000000|          0|00:00:00|+1.00|1.00|0.0000|
|.|         25|          3|          3|     529.9000000|          0|00:00:00|+1.00|1.00|0.0000|
|.|         18|          3|          3|     529.9000000|          0|00:00:00|+1.00|1.00|0.0000|
|.|          1|          3|          3|     529.9000000|          0|00:00:00|+1.00|1.00|0.0000|
|.|          3|          3|          3|     529.9000000|          0|00:00:00|+1.00|1.00|0.0000|
|.|         33|          3|          3|     529.9000000|          0|00:00:00|+1.00|1.00|0.0000|
|.|         35|          3|          3|     529.9000000|          0|00:00:00|+1.00|1.00|0.0000|
|.|         34|          3|          3|     529.9000000|          0|00:00:00|+1.00|1.00|0.0000|
|.|         11|          3|          3|     529.9000000|          0|00:00:00|+1.00|1.00|0.0000|
|.|          2|          3|          3|     529.9000000|          0|00:00:00|+1.00|1.00|0.0000|
|.|         29|          3|          3|     529.9000000|          0|00:00:00|+1.00|1.00|0.0000|
|.|         19|          3|          3|     529.9000000|          0|00:00:00|+1.00|1.00|0.0000|
|.|          6|          3|          3|     529.9000000|          0|00:00:00|+1.00|1.00|0.0000|
|.|         21|          3|          3|     529.9000000|          0|00:00:00|+1.00|1.00|0.0000|
|.|          8|          3|          3|     529.9000000|          0|00:00:00|+1.00|1.00|0.0000|
|.|         22|          3|          3|     529.9000000|          0|00:00:00|+1.00|1.00|0.0000|
|.|         39|          3|          3|     529.9000000|          0|00:00:00|+1.00|1.00|0.0000|
|.|         20|          3|          3|     529.9000000|          0|00:00:00|+1.00|1.00|0.0000|
|.|         13|          3|          3|     529.9000000|          0|00:00:00|+1.00|1.00|0.0000|
|.|          9|          3|          3|     529.9000000|          0|00:00:00|+1.00|1.00|0.0000|
|.|         30|          3|          3|     529.9000000|          0|00:00:00|+1.00|1.00|0.0000|
|.|         28|          3|          3|     529.9000000|          0|00:00:00|+1.00|1.00|0.0000|
|.|          7|          3|          3|     529.9000000|          0|00:00:00|+1.00|1.00|0.0000|
|.|         27|          3|          3|     529.9000000|          0|00:00:00|+1.00|1.00|0.0000|
|.|         26|          3|          3|     529.9000000|          0|00:00:00|+1.00|1.00|0.0000|
|.|         17|          3|          3|     529.9000000|          0|00:00:00|+1.00|1.00|0.0000|
|.|         32|          3|          3|     529.9000000|          0|00:00:00|+1.00|1.00|0.0000|
|.|         15|          3|          3|     529.9000000|          0|00:00:00|+1.00|1.00|0.0000|
|.|         14|          3|          3|     529.9000000|          0|00:00:00|+1.00|1.00|0.0000|
|.|         31|          3|          3|     529.9000000|          0|00:00:00|+1.00|1.00|0.0000|
|.|         10|          3|          3|     529.9000000|          0|00:00:00|+1.00|1.00|0.0000|
|.|         12|          3|          3|     529.9000000|          0|00:00:00|+1.00|1.00|0.0000|
|x|         41|          3|          3|     529.9000000|          3|00:00:01|+1.00|1.00|0.0000|
|x|         42|          3|          3|     529.9000000|          6|00:00:01|+1.00|1.00|0.0000|
|x|         43|          3|          3|     529.9000000|          9|00:00:01|+1.00|1.00|0.0000|
|x|         44|          3|          3|     529.9000000|         12|00:00:01|+1.00|1.00|0.0000|
|x|         45|          3|          3|     529.9000000|         15|00:00:01|+1.00|1.00|0.0000|
|x|         46|          3|          3|     529.9000000|         18|00:00:01|+1.00|1.00|0.0000|
|x|         47|          3|          3|     529.9000000|         21|00:00:01|+1.00|1.00|0.0000|
|x|         48|          3|          3|     529.9000000|         24|00:00:01|+1.00|1.00|0.0000|
|x|         49|          3|          3|     529.9000000|         27|00:00:01|+1.00|1.00|0.0000|
|=|         50|          3|          3|     529.9000000|         30|00:00:01|+1.00|1.00|0.0000|
+-+-----------+-----------+-----------+----------------+-----------+--------+-----+----+------+
Best-so-far configuration:           3    mean value:      529.9000000
Description of the best-so-far configuration:
  .ID. his_len max_attempts .PARENT.
3    3    3192            8       NA

# 2025-12-29 15:53:25 GMT: Elite configurations (first number is the configuration ID; listed from best to worst according to the sum of ranks):
  his_len max_attempts
3    3192            8
5    4038            2
8    2769            5
# Total CPU user time: 4074.993, CPU sys time: 6557.507, Wall-clock time: 2229.432
# Best configurations (first number is the configuration ID; listed from best to worst according to the sum of ranks):
  his_len max_attempts
3    3192            8
5    4038            2
8    2769            5
# Best configurations as commandlines (first number is the configuration ID; listed from best to worst according to the sum of ranks):
3 -his_len 3192 -max_attempts 8
5 -his_len 4038 -max_attempts 2
8 -his_len 2769 -max_attempts 5


# Testing of elite configurations: 1 
# Testing iteration configurations: FALSE 
# 2025-12-29 15:53:25 GMT: No test instances, skip testing
