Starting irace...
# 2025-12-26 13:34:54 GMT: Reading parameter file '/gpfs/home/e/exx866/IRACE-b-LAHC/all-instances-rough/E-n51-k5/parameters.txt'.
# 2025-12-26 13:34:55 GMT: Read 1 configuration(s) from file '/gpfs/home/e/exx866/IRACE-b-LAHC/all-instances-rough/E-n51-k5/configurations.txt'
# 2025-12-26 13:34:56 GMT: Initialization
# Elitist race
# Elitist new instances: 1
# Elitist limit: 2
# nbIterations: 3
# minNbSurvival: 10
# nbParameters: 2
# seed: 695025191
# confidence level: 0.95
# budget: 3500
# mu: 10
# deterministic: FALSE

# 2025-12-26 13:34:56 GMT: Iteration 1 of 3
# experimentsUsed: 0
# remainingBudget: 3500
# currentBudget: 1166
# nbConfigurations: 58
# Markers:
     x No test is performed.
     c Configurations are discarded only due to capping.
     - The test is performed and some configurations are discarded.
     = The test is performed but no configuration is discarded.
     ! The test is performed and configurations could be discarded but elite configurations are preserved.
     . All alive configurations are elite and nothing is discarded.

+-+-----------+-----------+-----------+----------------+-----------+--------+-----+----+------+
| |   Instance|      Alive|       Best|       Mean best| Exp so far|  W time|  rho|KenW|  Qvar|
+-+-----------+-----------+-----------+----------------+-----------+--------+-----+----+------+
|x|          1|         58|          3|     529.9000000|         58|00:00:56|   NA|  NA|    NA|
|x|          2|         58|          3|     529.9000000|        116|00:00:46|+0.75|0.88|0.2173|
|x|          3|         58|          3|     529.9000000|        174|00:00:46|+0.33|0.55|0.8228|
|x|          4|         58|          3|     529.9000000|        232|00:00:44|+0.34|0.51|0.8185|
|x|          5|         58|          3|     529.9000000|        290|00:00:45|+0.29|0.43|0.8602|
|x|          6|         58|          3|     529.9000000|        348|00:00:46|+0.31|0.43|0.8114|
|x|          7|         58|          3|     529.9000000|        406|00:00:45|+0.38|0.47|0.7561|
|x|          8|         58|         10|     529.9000000|        464|00:00:46|+0.42|0.50|0.7058|
|x|          9|         58|         10|     529.9000000|        522|00:00:45|+0.45|0.51|0.6873|
|-|         10|         21|         10|     529.9000000|        580|00:00:45|+0.06|0.16|0.9419|
|x|         11|         21|         10|     529.9000000|        601|00:00:21|+0.08|0.16|0.9566|
|x|         12|         21|         10|     529.9000000|        622|00:00:19|+0.12|0.19|0.9460|
|x|         13|         21|         10|     529.9000000|        643|00:00:16|+0.11|0.18|0.9428|
|x|         14|         21|         10|     529.9000000|        664|00:00:19|+0.12|0.18|0.9338|
|x|         15|         21|         10|     529.9000000|        685|00:00:19|+0.13|0.18|0.9178|
|x|         16|         21|         17|     529.9000000|        706|00:00:19|+0.13|0.18|0.9141|
|x|         17|         21|         17|     529.9000000|        727|00:00:19|+0.12|0.17|0.9182|
|x|         18|         21|         17|     529.9000000|        748|00:00:20|+0.12|0.17|0.9253|
|x|         19|         21|         17|     529.9000000|        769|00:00:20|+0.12|0.16|0.9227|
|-|         20|         10|         17|     529.9000000|        790|00:00:19|+0.02|0.07|0.7164|
+-+-----------+-----------+-----------+----------------+-----------+--------+-----+----+------+
Best-so-far configuration:          17    mean value:      529.9000000
Description of the best-so-far configuration:
   .ID. his_len max_attempts .PARENT.
17   17     904           83       NA

# 2025-12-26 13:46:03 GMT: Elite configurations (first number is the configuration ID; listed from best to worst according to the sum of ranks):
   his_len max_attempts
17     904           83
18    3983            5
42    1828           44
10   13217           21
55    4906          122
3     7061           52
36    5522           75
35     596          450
41   17835           13
11    3367          271
# 2025-12-26 13:46:03 GMT: Iteration 2 of 3
# experimentsUsed: 790
# remainingBudget: 2710
# currentBudget: 1355
# nbConfigurations: 51
# Markers:
     x No test is performed.
     c Configurations are discarded only due to capping.
     - The test is performed and some configurations are discarded.
     = The test is performed but no configuration is discarded.
     ! The test is performed and configurations could be discarded but elite configurations are preserved.
     . All alive configurations are elite and nothing is discarded.

+-+-----------+-----------+-----------+----------------+-----------+--------+-----+----+------+
| |   Instance|      Alive|       Best|       Mean best| Exp so far|  W time|  rho|KenW|  Qvar|
+-+-----------+-----------+-----------+----------------+-----------+--------+-----+----+------+
|x|         21|         51|         17|     529.9000000|         51|00:00:27|   NA|  NA|    NA|
|x|         14|         51|         17|     529.9000000|         92|00:00:19|+0.24|0.62|0.7883|
|x|         19|         51|         17|     529.9000000|        133|00:00:18|+0.20|0.46|0.7988|
|x|         18|         51|         17|     529.9000000|        174|00:00:18|+0.15|0.36|0.8964|
|x|         15|         51|         17|     529.9000000|        215|00:00:18|+0.15|0.32|0.9350|
|x|          9|         51|         17|     529.9000000|        256|00:00:18|+0.16|0.30|0.9469|
|x|          4|         51|         17|     529.9000000|        297|00:00:19|+0.16|0.28|0.9461|
|x|          8|         51|         17|     529.9000000|        338|00:00:19|+0.18|0.28|0.9201|
|x|          5|         51|         17|     529.9000000|        379|00:00:19|+0.14|0.23|0.9482|
|-|         10|         43|         17|     529.9000000|        420|00:00:18|-0.01|0.09|0.9730|
|x|         16|         43|         17|     529.9000000|        453|00:00:30|-0.02|0.08|0.9849|
|x|          3|         43|         17|     529.9000000|        486|00:00:28|-0.01|0.07|0.9695|
|x|         13|         43|         17|     529.9000000|        519|00:00:28|-0.00|0.07|0.9700|
|x|          1|         43|         17|     529.9000000|        552|00:00:28|+0.01|0.08|0.9587|
|x|          7|         43|         17|     529.9000000|        585|00:00:30|+0.02|0.09|0.9581|
|x|          6|         43|         17|     529.9000000|        618|00:00:30|+0.03|0.09|0.9554|
|x|         20|         43|         17|     529.9000000|        651|00:00:29|+0.04|0.10|0.9479|
|x|         17|         43|         17|     529.9000000|        684|00:00:30|+0.04|0.09|0.9491|
|x|         11|         43|         17|     529.9000000|        717|00:00:31|+0.04|0.09|0.9518|
|-|         12|         32|         17|     529.9000000|        750|00:00:30|+0.02|0.07|0.9041|
|x|          2|         32|         17|     529.9000000|        772|00:00:25|+0.02|0.06|0.9090|
|x|         22|         32|         17|     529.9000000|        804|00:00:30|+0.03|0.07|0.9062|
|x|         23|         32|         17|     529.9000000|        836|00:00:30|+0.03|0.07|0.9023|
|x|         24|         32|         17|     529.9000000|        868|00:00:30|+0.03|0.07|0.8982|
|x|         25|         32|         17|     529.9000000|        900|00:00:29|+0.03|0.07|0.9040|
|x|         26|         32|         17|     529.9000000|        932|00:00:29|+0.03|0.07|0.9013|
|x|         27|         32|         17|     529.9000000|        964|00:00:29|+0.04|0.08|0.8980|
|x|         28|         32|         17|     529.9000000|        996|00:00:30|+0.05|0.08|0.9004|
|x|         29|         32|         17|     529.9000000|       1028|00:00:30|+0.05|0.08|0.9048|
|-|         30|         20|         17|     529.9000000|       1060|00:00:29|+0.03|0.06|0.7745|
|x|         31|         20|         17|     529.9000000|       1080|00:00:17|+0.03|0.06|0.7774|
|x|         32|         20|         18|     529.9000000|       1100|00:00:11|+0.02|0.05|0.7833|
|x|         33|         20|         18|     529.9000000|       1120|00:00:12|+0.03|0.06|0.7859|
|x|         34|         20|         18|     529.9000000|       1140|00:00:12|+0.03|0.06|0.7863|
|x|         35|         20|         18|     529.9000000|       1160|00:00:12|+0.04|0.07|0.7853|
|x|         36|         20|         18|     529.9000000|       1180|00:00:12|+0.04|0.07|0.7877|
|x|         37|         20|         18|     529.9000000|       1200|00:00:12|+0.05|0.07|0.7885|
|x|         38|         20|         18|     529.9000000|       1220|00:00:12|+0.05|0.08|0.7913|
|x|         39|         20|         18|     529.9000000|       1240|00:00:12|+0.05|0.08|0.7920|
|-|         40|         12|         18|     529.9000000|       1260|00:00:11|+0.00|0.03|0.3900|
+-+-----------+-----------+-----------+----------------+-----------+--------+-----+----+------+
Best-so-far configuration:          18    mean value:      529.9000000
Description of the best-so-far configuration:
   .ID. his_len max_attempts .PARENT.
18   18    3983            5       NA

# 2025-12-26 14:01:25 GMT: Elite configurations (first number is the configuration ID; listed from best to worst according to the sum of ranks):
   his_len max_attempts
18    3983            5
59    4398            1
89    2171           26
84   16586            4
64   11715            5
17     904           83
63    1362           52
70    4658           11
82    5757            9
42    1828           44
# 2025-12-26 14:01:25 GMT: Iteration 3 of 3
# experimentsUsed: 2050
# remainingBudget: 1450
# currentBudget: 1450
# nbConfigurations: 37
# Markers:
     x No test is performed.
     c Configurations are discarded only due to capping.
     - The test is performed and some configurations are discarded.
     = The test is performed but no configuration is discarded.
     ! The test is performed and configurations could be discarded but elite configurations are preserved.
     . All alive configurations are elite and nothing is discarded.

+-+-----------+-----------+-----------+----------------+-----------+--------+-----+----+------+
| |   Instance|      Alive|       Best|       Mean best| Exp so far|  W time|  rho|KenW|  Qvar|
+-+-----------+-----------+-----------+----------------+-----------+--------+-----+----+------+
|x|         41|         37|         18|     529.9000000|         37|00:00:20|   NA|  NA|    NA|
|x|         31|         37|         18|     529.9000000|         64|00:00:15|+0.00|0.50|0.4865|
|x|         24|         37|         18|     529.9000000|         91|00:00:15|-0.04|0.30|0.6716|
|x|         13|         37|         18|     529.9000000|        118|00:00:15|+0.09|0.32|0.6091|
|x|         27|         37|         18|     529.9000000|        145|00:00:15|+0.10|0.28|0.6862|
|x|         11|         37|         18|     529.9000000|        172|00:00:15|+0.14|0.28|0.7094|
|x|         25|         37|         18|     529.9000000|        199|00:00:15|+0.12|0.25|0.7584|
|x|          4|         37|         18|     529.9000000|        226|00:00:14|+0.11|0.22|0.7830|
|x|         16|         37|         18|     529.9000000|        253|00:00:15|+0.08|0.18|0.8070|
|-|         37|         32|         18|     529.9000000|        280|00:00:15|+0.02|0.11|0.6569|
|x|         35|         32|         18|     529.9000000|        302|00:00:13|+0.01|0.10|0.5991|
|x|         18|         32|         18|     529.9000000|        324|00:00:13|+0.01|0.10|0.6313|
|x|         38|         32|         18|     529.9000000|        346|00:00:11|+0.01|0.09|0.5839|
|x|          6|         32|         18|     529.9000000|        368|00:00:11|+0.01|0.08|0.5431|
|x|         17|         32|         18|     529.9000000|        390|00:00:11|+0.01|0.08|0.5076|
|x|         34|         32|         18|     529.9000000|        412|00:00:11|+0.01|0.07|0.4764|
|x|         32|         32|         18|     529.9000000|        434|00:00:11|+0.00|0.06|0.5083|
|x|         20|         32|         18|     529.9000000|        456|00:00:11|+0.02|0.08|0.5318|
|x|          8|         32|         18|     529.9000000|        478|00:00:11|+0.02|0.07|0.5575|
|-|         10|         30|         18|     529.9000000|        500|00:00:11|+0.00|0.05|0.5790|
|x|         40|         30|         18|     529.9000000|        520|00:00:10|+0.01|0.05|0.5984|
|x|         15|         30|         18|     529.9000000|        540|00:00:10|+0.02|0.06|0.6087|
|x|          3|         30|         18|     529.9000000|        560|00:00:09|+0.02|0.06|0.5825|
|x|         30|         30|         18|     529.9000000|        580|00:00:10|+0.01|0.05|0.5987|
|x|         22|         30|         18|     529.9000000|        600|00:00:10|+0.02|0.06|0.6079|
|x|         36|         30|         18|     529.9000000|        620|00:00:10|+0.02|0.06|0.5849|
|x|          1|         30|         18|     529.9000000|        640|00:00:10|+0.02|0.06|0.5960|
|x|         19|         30|         18|     529.9000000|        660|00:00:10|+0.02|0.06|0.5751|
|x|         39|         30|         18|     529.9000000|        680|00:00:10|+0.03|0.06|0.5863|
|-|         29|         27|         18|     529.9000000|        700|00:00:10|-0.00|0.03|0.5119|
|x|         33|         27|         18|     529.9000000|        717|00:00:09|-0.00|0.03|0.5272|
|x|         28|         27|         18|     529.9000000|        734|00:00:09|-0.00|0.03|0.5108|
|x|         26|         27|         18|     529.9000000|        751|00:00:09|-0.00|0.03|0.5258|
|x|          2|         27|         18|     529.9000000|        768|00:00:09|-0.00|0.03|0.5364|
|x|          9|         27|         18|     529.9000000|        785|00:00:09|-0.00|0.03|0.5211|
|x|         14|         27|         18|     529.9000000|        802|00:00:09|+0.00|0.03|0.5330|
|x|          5|         27|         18|     529.9000000|        819|00:00:09|+0.00|0.03|0.5187|
|x|          7|         27|         18|     529.9000000|        836|00:00:09|+0.00|0.03|0.5287|
|x|         21|         27|         18|     529.9000000|        853|00:00:09|+0.00|0.03|0.5404|
|=|         23|         27|         18|     529.9000000|        870|00:00:09|+0.00|0.03|0.5509|
|x|         12|         27|         18|     529.9000000|        887|00:00:09|+0.00|0.03|0.5375|
|x|         42|         27|         18|     529.9000000|        914|00:00:14|+0.00|0.03|0.5248|
|x|         43|         27|         18|     529.9000000|        941|00:00:13|+0.00|0.03|0.5126|
|x|         44|         27|         18|     529.9000000|        968|00:00:13|+0.00|0.03|0.5207|
|x|         45|         27|         18|     529.9000000|        995|00:00:13|+0.00|0.03|0.5092|
|x|         46|         27|         18|     529.9000000|       1022|00:00:13|+0.00|0.03|0.4983|
|x|         47|         27|         18|     529.9000000|       1049|00:00:13|+0.01|0.03|0.5063|
|x|         48|         27|         18|     529.9000000|       1076|00:00:13|+0.01|0.03|0.5160|
|x|         49|         27|         18|     529.9000000|       1103|00:00:13|+0.01|0.03|0.5056|
|=|         50|         27|         18|     529.9000000|       1130|00:00:13|+0.01|0.03|0.4956|
|x|         51|         27|         18|     529.9000000|       1157|00:00:13|+0.01|0.03|0.4859|
|x|         52|         27|         18|     529.9000000|       1184|00:00:15|+0.01|0.03|0.4950|
|x|         53|         27|         18|     529.9000000|       1211|00:00:16|+0.01|0.03|0.5018|
|x|         54|         27|         18|     529.9000000|       1238|00:00:16|+0.01|0.03|0.5098|
|x|         55|         27|         18|     529.9000000|       1265|00:00:15|+0.01|0.03|0.5006|
|x|         56|         27|         18|     529.9000000|       1292|00:00:15|+0.01|0.03|0.4918|
|x|         57|         27|         18|     529.9000000|       1319|00:00:16|+0.01|0.03|0.5002|
|x|         58|         27|         18|     529.9000000|       1346|00:00:16|+0.01|0.03|0.4917|
|x|         59|         27|         18|     529.9000000|       1373|00:00:16|+0.01|0.03|0.4994|
|-|         60|         25|         18|     529.9000000|       1400|00:00:16|+0.00|0.02|0.3504|
+-+-----------+-----------+-----------+----------------+-----------+--------+-----+----+------+
Best-so-far configuration:          18    mean value:      529.9000000
Description of the best-so-far configuration:
   .ID. his_len max_attempts .PARENT.
18   18    3983            5       NA

# 2025-12-26 14:14:13 GMT: Elite configurations (first number is the configuration ID; listed from best to worst according to the sum of ranks):
    his_len max_attempts
18     3983            5
59     4398            1
89     2171           26
102    4470            8
103    4165            2
109   11814            2
112    3967            2
115    4844            5
118    2694           17
120    4470            2
# 2025-12-26 14:14:13 GMT: Stopped because there is not enough budget left to race more than the minimum (10).
# You may either increase the budget or set 'minNbSurvival' to a lower value.
# Iteration: 4
# nbIterations: 4
# experimentsUsed: 3450
# timeUsed: 0
# remainingBudget: 50
# currentBudget: 50
# number of elites: 10
# nbConfigurations: 10
# Total CPU user time: 2280.361, CPU sys time: 3525.148, Wall-clock time: 2358.575
# Best configurations (first number is the configuration ID; listed from best to worst according to the sum of ranks):
    his_len max_attempts
18     3983            5
59     4398            1
89     2171           26
102    4470            8
103    4165            2
109   11814            2
112    3967            2
115    4844            5
118    2694           17
120    4470            2
# Best configurations as commandlines (first number is the configuration ID; listed from best to worst according to the sum of ranks):
18  -his_len 3983 -max_attempts 5
59  -his_len 4398 -max_attempts 1
89  -his_len 2171 -max_attempts 26
102 -his_len 4470 -max_attempts 8
103 -his_len 4165 -max_attempts 2
109 -his_len 11814 -max_attempts 2
112 -his_len 3967 -max_attempts 2
115 -his_len 4844 -max_attempts 5
118 -his_len 2694 -max_attempts 17
120 -his_len 4470 -max_attempts 2


# Testing of elite configurations: 1 
# Testing iteration configurations: FALSE 
# 2025-12-26 14:14:13 GMT: No test instances, skip testing
