Starting irace...
# 2025-12-29 15:16:13 GMT: Reading parameter file '/gpfs/home/e/exx866/IRACE-b-LAHC/all-instances-fine/X-n1001-k43/parameters.txt'.
# 2025-12-29 15:16:13 GMT: Read 1 configuration(s) from file '/gpfs/home/e/exx866/IRACE-b-LAHC/all-instances-fine/X-n1001-k43/configurations.txt'
# 2025-12-29 15:16:14 GMT: Initialization
# Elitist race
# Elitist new instances: 1
# Elitist limit: 2
# nbIterations: 3
# minNbSurvival: 10
# nbParameters: 2
# seed: 1736845107
# confidence level: 0.95
# budget: 6000
# mu: 10
# deterministic: FALSE

# 2025-12-29 15:16:14 GMT: Iteration 1 of 3
# experimentsUsed: 0
# remainingBudget: 6000
# currentBudget: 2000
# nbConfigurations: 100
# Markers:
     x No test is performed.
     c Configurations are discarded only due to capping.
     - The test is performed and some configurations are discarded.
     = The test is performed but no configuration is discarded.
     ! The test is performed and configurations could be discarded but elite configurations are preserved.
     . All alive configurations are elite and nothing is discarded.

+-+-----------+-----------+-----------+----------------+-----------+--------+-----+----+------+
| |   Instance|      Alive|       Best|       Mean best| Exp so far|  W time|  rho|KenW|  Qvar|
+-+-----------+-----------+-----------+----------------+-----------+--------+-----+----+------+
|x|          1|        100|         75|     74195.01000|        100|00:30:12|   NA|  NA|    NA|
|x|          2|        100|         75|     74197.00000|        200|00:28:50|-0.09|0.45|1.0336|
|x|          3|        100|         84|     74315.43000|        300|00:44:29|+0.00|0.33|0.9766|
|x|          4|        100|          1|     74380.10000|        400|00:30:44|+0.00|0.25|0.9660|
|x|          5|        100|          1|     74387.15600|        500|00:34:36|-0.00|0.20|0.9739|
|x|          6|        100|          1|     74403.72000|        600|00:32:38|+0.01|0.18|0.9592|
|x|          7|        100|         60|     74445.66286|        700|00:34:38|+0.01|0.15|0.9676|
|x|          8|        100|         90|     74448.31500|        800|00:29:32|+0.00|0.13|0.9723|
|x|          9|        100|          1|     74414.06889|        900|00:34:54|+0.02|0.12|0.9624|
|=|         10|        100|          1|     74428.97500|       1000|00:33:16|+0.02|0.12|0.9595|
|x|         11|        100|          1|     74416.92727|       1100|00:35:57|+0.02|0.11|0.9590|
|x|         12|        100|          1|     74414.70750|       1200|00:32:53|+0.03|0.11|0.9581|
|x|         13|        100|          1|     74431.71692|       1300|00:35:52|+0.04|0.11|0.9497|
|x|         14|        100|          1|     74429.41786|       1400|00:29:21|+0.04|0.11|0.9470|
|x|         15|        100|          1|     74442.97600|       1500|00:30:30|+0.03|0.10|0.9499|
|x|         16|        100|         60|     74465.90375|       1600|00:32:05|+0.03|0.09|0.9499|
|x|         17|        100|         60|     74469.12647|       1700|00:30:33|+0.04|0.09|0.9461|
|x|         18|        100|         60|     74476.08722|       1800|00:31:45|+0.03|0.09|0.9509|
|x|         19|        100|          1|     74462.94684|       1900|00:32:17|+0.03|0.08|0.9541|
|-|         20|         34|         60|     74467.88000|       2000|00:34:13|-0.02|0.03|0.9917|
+-+-----------+-----------+-----------+----------------+-----------+--------+-----+----+------+
Best-so-far configuration:          60    mean value:      74467.88000
Description of the best-so-far configuration:
   .ID. his_len max_attempts .PARENT.
60   60    6296          472       NA

# 2025-12-30 02:15:42 GMT: Elite configurations (first number is the configuration ID; listed from best to worst according to the sum of ranks):
   his_len max_attempts
60    6296          472
31    5982          443
1     6120          427
96    5109          471
69    6632          467
38    6206          395
80    6094          421
59    7013          363
93    6184          490
3     6251          356
# 2025-12-30 02:15:42 GMT: Iteration 2 of 3
# experimentsUsed: 2000
# remainingBudget: 4000
# currentBudget: 2000
# nbConfigurations: 73
# Markers:
     x No test is performed.
     c Configurations are discarded only due to capping.
     - The test is performed and some configurations are discarded.
     = The test is performed but no configuration is discarded.
     ! The test is performed and configurations could be discarded but elite configurations are preserved.
     . All alive configurations are elite and nothing is discarded.

+-+-----------+-----------+-----------+----------------+-----------+--------+-----+----+------+
| |   Instance|      Alive|       Best|       Mean best| Exp so far|  W time|  rho|KenW|  Qvar|
+-+-----------+-----------+-----------+----------------+-----------+--------+-----+----+------+
|x|         21|         73|        106|     74110.74000|         73|00:22:20|   NA|  NA|    NA|
|x|         14|         73|         93|     74328.50000|        136|00:20:16|-0.01|0.49|1.0292|
|x|          4|         73|         80|     74312.14333|        199|00:20:46|+0.02|0.35|1.0102|
|x|          7|         73|         80|     74366.50250|        262|00:20:20|+0.01|0.26|0.9868|
|x|         10|         73|         80|     74401.30800|        325|00:20:17|-0.00|0.20|0.9945|
|x|         18|         73|         80|     74412.42833|        388|00:22:08|+0.01|0.18|0.9858|
|x|          5|         73|         80|     74407.52571|        451|00:19:30|+0.02|0.16|0.9658|
|x|          8|         73|         80|     74397.74500|        514|00:21:17|+0.01|0.13|0.9727|
|x|         17|         73|         80|     74423.75111|        577|00:20:10|-0.00|0.11|0.9817|
|=|         13|         73|         80|     74434.01900|        640|00:20:28|-0.00|0.10|0.9842|
|x|          6|         73|         93|     74442.13455|        703|00:20:13|-0.01|0.08|0.9924|
|x|          3|         73|         93|     74451.67083|        766|00:19:08|-0.01|0.08|0.9890|
|x|         16|         73|        144|     74465.72154|        829|00:18:51|-0.00|0.08|0.9839|
|x|         15|         73|        144|     74468.67643|        892|00:19:10|+0.00|0.07|0.9851|
|x|          9|         73|        144|     74457.07600|        955|00:19:46|+0.01|0.07|0.9796|
|x|          2|         73|        144|     74468.37813|       1018|00:19:07|+0.01|0.07|0.9783|
|x|         12|         73|         31|     74471.47353|       1081|00:19:44|+0.01|0.07|0.9810|
|x|         20|         73|         31|     74464.82667|       1144|00:19:36|+0.01|0.06|0.9810|
|x|         11|         73|        127|     74448.20368|       1207|00:21:57|+0.01|0.06|0.9796|
|=|          1|         73|        127|     74443.55450|       1270|00:20:35|+0.01|0.06|0.9768|
|x|         19|         73|        127|     74439.59048|       1333|00:19:50|+0.01|0.06|0.9737|
|x|         22|         73|        127|     74441.01364|       1406|00:25:39|+0.02|0.06|0.9703|
|x|         23|         73|        127|     74452.97087|       1479|00:23:42|+0.02|0.06|0.9693|
|x|         24|         73|        127|     74454.60833|       1552|00:23:49|+0.02|0.06|0.9679|
|x|         25|         73|        127|     74449.50520|       1625|00:23:15|+0.02|0.06|0.9637|
|x|         26|         73|        127|     74461.16923|       1698|00:22:55|+0.02|0.06|0.9624|
|x|         27|         73|        127|     74460.58407|       1771|00:23:31|+0.03|0.06|0.9622|
|x|         28|         73|        127|     74466.32679|       1844|00:23:29|+0.02|0.06|0.9660|
|x|         29|         73|        127|     74478.76034|       1917|00:22:09|+0.02|0.06|0.9657|
|-|         30|         50|        137|     74484.07000|       1990|00:28:13|-0.01|0.02|0.9916|
+-+-----------+-----------+-----------+----------------+-----------+--------+-----+----+------+
Best configuration for the instances in this race: 137
Best-so-far configuration:         127    mean value:      74480.39067
Description of the best-so-far configuration:
    .ID. his_len max_attempts .PARENT.
127  127    6030          444        1

# 2025-12-30 12:58:09 GMT: Elite configurations (first number is the configuration ID; listed from best to worst according to the sum of ranks):
    his_len max_attempts
127    6030          444
137    5708          440
154    6117          474
115    6025          485
144    6020          420
60     6296          472
128    5892          419
109    6472          436
124    6263          415
1      6120          427
# 2025-12-30 12:58:09 GMT: Iteration 3 of 3
# experimentsUsed: 3990
# remainingBudget: 2010
# currentBudget: 2010
# nbConfigurations: 57
# Markers:
     x No test is performed.
     c Configurations are discarded only due to capping.
     - The test is performed and some configurations are discarded.
     = The test is performed but no configuration is discarded.
     ! The test is performed and configurations could be discarded but elite configurations are preserved.
     . All alive configurations are elite and nothing is discarded.

+-+-----------+-----------+-----------+----------------+-----------+--------+-----+----+------+
| |   Instance|      Alive|       Best|       Mean best| Exp so far|  W time|  rho|KenW|  Qvar|
+-+-----------+-----------+-----------+----------------+-----------+--------+-----+----+------+
|x|         31|         57|        137|     74072.26000|         57|00:18:41|   NA|  NA|    NA|
|x|         10|         57|        137|     74159.63500|        104|00:19:02|+0.29|0.64|0.6588|
|x|          9|         57|        137|     74235.72333|        151|00:18:30|+0.13|0.42|0.8407|
|x|          5|         57|        209|     74375.50750|        198|00:17:18|+0.05|0.29|0.9344|
|x|         29|         57|        137|     74305.71000|        245|00:19:20|+0.05|0.24|0.9417|
|x|         22|         57|        137|     74310.21667|        292|00:21:07|+0.06|0.22|0.9292|
|x|         23|         57|        137|     74293.79571|        339|00:18:43|+0.06|0.19|0.9274|
|x|         16|         57|        137|     74321.87625|        386|00:18:32|+0.07|0.18|0.9251|
|x|         24|         57|        137|     74346.86667|        433|00:17:14|+0.04|0.15|0.9419|
|=|          1|         57|        115|     74423.56800|        480|00:19:22|+0.03|0.13|0.9547|
|x|          4|         57|        115|     74433.03455|        527|00:19:39|+0.02|0.11|0.9697|
|x|          7|         57|        115|     74439.25833|        574|00:19:13|+0.02|0.10|0.9721|
|x|         26|         57|        115|     74425.45538|        621|00:18:20|+0.02|0.09|0.9708|
|x|         15|         57|        115|     74423.86786|        668|00:16:52|+0.02|0.09|0.9712|
|x|         21|         57|        115|     74436.69333|        715|00:25:11|+0.01|0.08|0.9706|
|x|         27|         57|        115|     74456.97750|        762|00:18:18|+0.02|0.08|0.9639|
|x|          6|         57|        115|     74455.08824|        809|00:19:12|+0.02|0.07|0.9665|
|x|         18|         57|        115|     74469.33000|        856|00:18:20|+0.01|0.06|0.9725|
|x|         20|         57|        144|     74456.04053|        903|00:18:28|+0.01|0.06|0.9715|
|=|          2|         57|        144|     74465.13400|        950|00:18:29|+0.01|0.06|0.9719|
|x|         17|         57|        137|     74445.99190|        997|00:17:10|+0.01|0.05|0.9752|
|x|         25|         57|        144|     74471.31773|       1044|00:18:15|+0.00|0.05|0.9771|
|x|          8|         57|        144|     74468.41826|       1091|00:18:11|+0.00|0.05|0.9777|
|x|         13|         57|        144|     74470.96292|       1138|00:18:47|+0.01|0.05|0.9756|
|x|         30|         57|        137|     74458.08520|       1185|00:18:24|+0.01|0.05|0.9735|
|x|         19|         57|        137|     74457.36769|       1232|00:16:26|+0.00|0.04|0.9767|
|x|         28|         57|        137|     74458.26519|       1279|00:16:43|+0.00|0.04|0.9763|
|x|         14|         57|        137|     74464.56714|       1326|00:17:50|+0.00|0.04|0.9771|
|x|         11|         57|        137|     74457.57207|       1373|00:18:16|+0.01|0.04|0.9763|
|=|          3|         57|        137|     74459.83200|       1420|00:18:09|+0.01|0.04|0.9742|
|x|         12|         57|        127|     74478.52387|       1467|00:19:36|+0.01|0.04|0.9732|
|x|         32|         57|        127|     74474.59781|       1524|00:20:40|+0.01|0.04|0.9744|
|x|         33|         57|        189|     74473.24061|       1581|00:19:57|+0.01|0.04|0.9757|
|x|         34|         57|        189|     74468.46235|       1638|00:18:27|+0.01|0.04|0.9765|
|x|         35|         57|        189|     74463.88714|       1695|00:19:04|+0.01|0.04|0.9756|
|x|         36|         57|        189|     74470.62861|       1752|00:19:59|+0.01|0.03|0.9758|
|x|         37|         57|        189|     74470.19973|       1809|00:19:08|+0.01|0.03|0.9756|
|x|         38|         57|        189|     74482.25000|       1866|00:20:04|+0.00|0.03|0.9796|
|x|         39|         57|        189|     74480.31256|       1923|00:20:06|+0.00|0.03|0.9781|
|=|         40|         57|        189|     74486.16925|       1980|00:20:06|+0.00|0.03|0.9792|
+-+-----------+-----------+-----------+----------------+-----------+--------+-----+----+------+
Best-so-far configuration:         189    mean value:      74486.16925
Description of the best-so-far configuration:
    .ID. his_len max_attempts .PARENT.
189  189    6027          492      115

# 2025-12-31 01:33:37 GMT: Elite configurations (first number is the configuration ID; listed from best to worst according to the sum of ranks):
    his_len max_attempts
189    6027          492
144    6020          420
127    6030          444
115    6025          485
197    6132          473
181    6284          470
200    6290          471
128    5892          419
188    5968          491
109    6472          436
# 2025-12-31 01:33:37 GMT: Stopped because there is not enough budget left to race more than the minimum (10).
# You may either increase the budget or set 'minNbSurvival' to a lower value.
# Iteration: 4
# nbIterations: 4
# experimentsUsed: 5970
# timeUsed: 0
# remainingBudget: 30
# currentBudget: 30
# number of elites: 10
# nbConfigurations: 10
# Total CPU user time: 6934735, CPU sys time: 3914.097, Wall-clock time: 123444.2
# 2025-12-31 01:33:37 GMT: Starting post-selection:
# Configurations selected: 189, 144, 127.
# Pending instances: 0, 0, 0.
# 2025-12-31 01:33:37 GMT: seed: 1736845107
# Configurations: 3
# Available experiments: 30
# minSurvival: 1
# Markers:
     x No test is performed.
     c Configurations are discarded only due to capping.
     - The test is performed and some configurations are discarded.
     = The test is performed but no configuration is discarded.
     ! The test is performed and configurations could be discarded but elite configurations are preserved.
     . All alive configurations are elite and nothing is discarded.

+-+-----------+-----------+-----------+----------------+-----------+--------+-----+----+------+
| |   Instance|      Alive|       Best|       Mean best| Exp so far|  W time|  rho|KenW|  Qvar|
+-+-----------+-----------+-----------+----------------+-----------+--------+-----+----+------+
|.|         10|          3|        127|     74395.87000|          0|00:00:00|   NA|  NA|    NA|
|.|         11|          3|        127|     74351.94500|          0|00:00:00|+0.50|0.75|0.2888|
|.|         26|          3|        127|     74485.55333|          0|00:00:00|-0.33|0.11|0.9336|
|.|         35|          3|        127|     74549.40500|          0|00:00:00|-0.33|0.00|0.8713|
|.|         18|          3|        127|     74488.89200|          0|00:00:00|-0.20|0.04|0.8125|
|.|         12|          3|        127|     74455.46667|          0|00:00:00|-0.10|0.08|0.7308|
|.|          5|          3|        127|     74476.12143|          0|00:00:00|-0.07|0.08|0.7376|
|.|         25|          3|        127|     74457.48500|          0|00:00:00|-0.09|0.05|0.7139|
|.|         37|          3|        127|     74467.67000|          0|00:00:00|-0.11|0.01|0.7296|
|.|         32|          3|        127|     74456.19200|          0|00:00:00|-0.08|0.03|0.7000|
|.|         28|          3|        127|     74471.20909|          0|00:00:00|-0.04|0.06|0.6700|
|.|         38|          3|        127|     74489.69917|          0|00:00:00|-0.04|0.05|0.6669|
|.|         29|          3|        127|     74515.63769|          0|00:00:00|-0.04|0.04|0.6662|
|.|         24|          3|        127|     74513.96857|          0|00:00:00|-0.01|0.06|0.6530|
|.|         40|          3|        127|     74514.09533|          0|00:00:00|-0.01|0.06|0.6598|
|.|          2|          3|        127|     74513.78812|          0|00:00:00|+0.02|0.08|0.6436|
|.|         39|          3|        127|     74510.05353|          0|00:00:00|-0.01|0.04|0.6704|
|.|          1|          3|        127|     74501.45167|          0|00:00:00|-0.03|0.03|0.6798|
|.|         27|          3|        127|     74498.50000|          0|00:00:00|-0.02|0.04|0.6704|
|.|         16|          3|        127|     74496.83900|          0|00:00:00|-0.03|0.02|0.6817|
|.|         22|          3|        127|     74495.60381|          0|00:00:00|-0.02|0.03|0.6711|
|.|         14|          3|        127|     74499.50227|          0|00:00:00|-0.02|0.02|0.6745|
|.|         36|          3|        127|     74498.47609|          0|00:00:00|-0.02|0.02|0.6744|
|.|         33|          3|        127|     74505.38000|          0|00:00:00|-0.03|0.01|0.6833|
|.|          4|          3|        127|     74503.68480|          0|00:00:00|-0.03|0.01|0.6867|
|.|         13|          3|        127|     74494.26154|          0|00:00:00|-0.03|0.01|0.6828|
|.|          6|          3|        127|     74497.05630|          0|00:00:00|-0.03|0.01|0.6847|
|.|         31|          3|        127|     74494.39429|          0|00:00:00|-0.03|0.01|0.6870|
|.|         20|          3|        127|     74493.44379|          0|00:00:00|-0.03|0.01|0.6837|
|.|         34|          3|        127|     74494.82033|          0|00:00:00|-0.03|0.01|0.6848|
|.|         30|          3|        127|     74495.88000|          0|00:00:00|-0.03|0.00|0.6856|
|.|          7|          3|        127|     74499.03094|          0|00:00:00|-0.03|0.00|0.6861|
|.|          8|          3|        127|     74497.32061|          0|00:00:00|-0.03|0.00|0.6842|
|.|         19|          3|        127|     74493.29088|          0|00:00:00|-0.03|0.00|0.6816|
|.|         17|          3|        127|     74497.50229|          0|00:00:00|-0.03|0.00|0.6836|
|.|         15|          3|        127|     74499.43361|          0|00:00:00|-0.03|0.00|0.6829|
|.|          9|          3|        127|     74498.31919|          0|00:00:00|-0.03|0.00|0.6843|
|.|         21|          3|        127|     74495.79974|          0|00:00:00|-0.02|0.00|0.6823|
|.|          3|          3|        127|     74489.62256|          0|00:00:00|-0.02|0.00|0.6815|
|.|         23|          3|        127|     74495.28275|          0|00:00:00|-0.02|0.00|0.6829|
|x|         41|          3|        127|     74492.69634|          3|00:12:59|-0.02|0.00|0.6817|
|x|         42|          3|        127|     74496.14238|          6|00:13:36|-0.02|0.00|0.6810|
|x|         43|          3|        127|     74506.74628|          9|00:13:30|-0.02|0.00|0.6820|
|x|         44|          3|        127|     74511.75432|         12|00:20:16|-0.02|0.00|0.6812|
|x|         45|          3|        127|     74503.22111|         15|00:14:45|-0.02|0.00|0.6800|
|x|         46|          3|        127|     74507.31696|         18|00:13:11|-0.02|0.00|0.6803|
|x|         47|          3|        127|     74513.63447|         21|00:12:37|-0.02|0.00|0.6798|
|x|         48|          3|        127|     74515.34208|         24|00:14:02|-0.02|0.00|0.6802|
|x|         49|          3|        127|     74515.01163|         27|00:12:33|-0.02|0.00|0.6795|
|=|         50|          3|        127|     74514.17340|         30|00:23:30|-0.02|0.00|0.6779|
+-+-----------+-----------+-----------+----------------+-----------+--------+-----+----+------+
Best-so-far configuration:         127    mean value:      74514.17340
Description of the best-so-far configuration:
    .ID. his_len max_attempts .PARENT.
127  127    6030          444        1

# 2025-12-31 04:04:41 GMT: Elite configurations (first number is the configuration ID; listed from best to worst according to the sum of ranks):
    his_len max_attempts
127    6030          444
189    6027          492
144    6020          420
# Total CPU user time: 6959267, CPU sys time: 3927.587, Wall-clock time: 132508.2
# Best configurations (first number is the configuration ID; listed from best to worst according to the sum of ranks):
    his_len max_attempts
127    6030          444
189    6027          492
144    6020          420
# Best configurations as commandlines (first number is the configuration ID; listed from best to worst according to the sum of ranks):
127 -his_len 6030 -max_attempts 444
189 -his_len 6027 -max_attempts 492
144 -his_len 6020 -max_attempts 420


# Testing of elite configurations: 1 
# Testing iteration configurations: FALSE 
# 2025-12-31 04:04:41 GMT: No test instances, skip testing
