Starting irace...
# 2026-01-04 14:04:45 GMT: Reading parameter file '/gpfs/home/e/exx866/IRACE-b-LAHC/all-instances-fine/X-n749-k98/parameters.txt'.
# 2026-01-04 14:04:45 GMT: Read 10 configuration(s) from file '/gpfs/home/e/exx866/IRACE-b-LAHC/all-instances-fine/X-n749-k98/configurations.txt'
# 2026-01-04 14:04:45 GMT: Initialization
# Elitist race
# Elitist new instances: 1
# Elitist limit: 2
# nbIterations: 3
# minNbSurvival: 10
# nbParameters: 2
# seed: 1833974051
# confidence level: 0.95
# budget: 1600
# mu: 10
# deterministic: FALSE

# 2026-01-04 14:04:45 GMT: Iteration 1 of 3
# experimentsUsed: 0
# remainingBudget: 1600
# currentBudget: 533
# nbConfigurations: 26
# Markers:
     x No test is performed.
     c Configurations are discarded only due to capping.
     - The test is performed and some configurations are discarded.
     = The test is performed but no configuration is discarded.
     ! The test is performed and configurations could be discarded but elite configurations are preserved.
     . All alive configurations are elite and nothing is discarded.

+-+-----------+-----------+-----------+----------------+-----------+--------+-----+----+------+
| |   Instance|      Alive|       Best|       Mean best| Exp so far|  W time|  rho|KenW|  Qvar|
+-+-----------+-----------+-----------+----------------+-----------+--------+-----+----+------+
|x|          1|         26|         11|     78332.49000|         26|00:19:16|   NA|  NA|    NA|
|x|          2|         26|          2|     78431.88500|         52|00:28:37|+0.30|0.65|0.6974|
|x|          3|         26|          2|     78483.18333|         78|00:25:37|-0.01|0.33|0.9795|
|x|          4|         26|          2|     78512.78750|        104|00:19:57|+0.04|0.28|0.8983|
|x|          5|         26|         10|     78529.88000|        130|00:20:14|+0.06|0.24|0.9008|
|x|          6|         26|         10|     78546.50167|        156|00:22:33|-0.03|0.14|0.9744|
|x|          7|         26|          6|     78556.79571|        182|00:28:44|-0.03|0.12|0.9850|
|x|          8|         26|          6|     78594.41000|        208|00:30:19|-0.05|0.08|1.0145|
|x|          9|         26|          6|     78585.33667|        234|00:26:23|-0.03|0.08|0.9915|
|=|         10|         26|         10|     78555.84000|        260|00:18:43|-0.02|0.08|0.9882|
|x|         11|         26|          6|     78581.00909|        286|00:25:33|-0.03|0.07|0.9845|
|x|         12|         26|         10|     78554.46667|        312|00:21:42|-0.02|0.07|0.9810|
|x|         13|         26|         10|     78552.39385|        338|00:19:31|-0.00|0.08|0.9659|
|x|         14|         26|          6|     78575.90714|        364|00:25:24|-0.00|0.07|0.9675|
|x|         15|         26|         10|     78556.87200|        390|00:26:54|-0.00|0.06|0.9686|
|x|         16|         26|         10|     78571.77687|        416|00:24:26|-0.01|0.05|0.9729|
|x|         17|         26|         10|     78570.42588|        442|00:28:25|-0.01|0.05|0.9692|
|x|         18|         26|         10|     78574.14667|        468|00:19:57|-0.01|0.05|0.9709|
|x|         19|         26|         10|     78585.52263|        494|00:23:20|-0.01|0.04|0.9746|
|=|         20|         26|         10|     78585.28450|        520|00:21:27|-0.01|0.04|0.9737|
+-+-----------+-----------+-----------+----------------+-----------+--------+-----+----+------+
Best-so-far configuration:          10    mean value:      78585.28450
Description of the best-so-far configuration:
   .ID. his_len max_attempts .PARENT.
10   10    8188          498       NA

# 2026-01-04 22:01:57 GMT: Elite configurations (first number is the configuration ID; listed from best to worst according to the sum of ranks):
   his_len max_attempts
10    8188          498
24    8741          462
3     8911          490
7     8887          428
20    8254          448
26    9067          434
9     9163          434
17    8985          455
25    8416          489
6     8879          461
# 2026-01-04 22:01:57 GMT: Iteration 2 of 3
# experimentsUsed: 520
# remainingBudget: 1080
# currentBudget: 540
# nbConfigurations: 24
# Markers:
     x No test is performed.
     c Configurations are discarded only due to capping.
     - The test is performed and some configurations are discarded.
     = The test is performed but no configuration is discarded.
     ! The test is performed and configurations could be discarded but elite configurations are preserved.
     . All alive configurations are elite and nothing is discarded.

+-+-----------+-----------+-----------+----------------+-----------+--------+-----+----+------+
| |   Instance|      Alive|       Best|       Mean best| Exp so far|  W time|  rho|KenW|  Qvar|
+-+-----------+-----------+-----------+----------------+-----------+--------+-----+----+------+
|x|         21|         24|          6|     78449.96000|         24|00:19:30|   NA|  NA|    NA|
|x|         16|         24|         33|     78586.83500|         38|00:20:36|+0.02|0.51|1.0156|
|x|          4|         24|         35|     78619.12000|         52|00:18:37|-0.07|0.28|0.9961|
|x|         13|         24|         24|     78593.03500|         66|00:19:26|+0.06|0.29|0.8839|
|x|          3|         24|          6|     78597.57600|         80|00:19:04|+0.07|0.26|0.9180|
|x|         17|         24|         10|     78600.92000|         94|00:19:00|+0.02|0.19|0.9527|
|x|         14|         24|          6|     78595.29000|        108|00:18:21|-0.00|0.14|0.9708|
|x|          9|         24|          6|     78584.97250|        122|00:17:51|-0.00|0.12|0.9656|
|x|         10|         24|         10|     78581.62889|        136|00:17:59|-0.01|0.11|0.9746|
|=|          8|         24|         10|     78586.85600|        150|00:18:48|-0.01|0.09|0.9810|
|x|         12|         24|         10|     78576.71273|        164|00:18:49|+0.01|0.10|0.9575|
|x|         15|         24|         10|     78569.89417|        178|00:18:23|+0.01|0.09|0.9484|
|x|          2|         24|         10|     78560.45538|        192|00:21:37|+0.04|0.11|0.9224|
|x|         19|         24|         10|     78576.87214|        206|00:16:23|+0.03|0.10|0.9289|
|x|         18|         24|         10|     78580.90733|        220|00:20:04|+0.03|0.09|0.9294|
|x|         11|         24|         10|     78583.34563|        234|00:19:26|+0.02|0.08|0.9330|
|x|          6|         24|         10|     78586.06706|        248|00:20:19|+0.02|0.08|0.9377|
|x|         20|         24|         10|     78585.77222|        262|00:18:34|+0.02|0.07|0.9376|
|x|          5|         24|         10|     78582.63474|        276|00:19:14|+0.01|0.06|0.9478|
|=|          1|         24|         10|     78584.72050|        290|00:18:25|+0.01|0.06|0.9491|
|x|          7|         24|         10|     78589.89667|        304|00:19:19|-0.00|0.05|0.9530|
|x|         22|         24|         10|     78588.67091|        328|00:25:28|+0.01|0.05|0.9436|
|x|         23|         24|         10|     78592.99739|        352|00:17:58|+0.01|0.05|0.9473|
|x|         24|         24|         27|     78585.93375|        376|00:29:04|+0.00|0.04|0.9480|
|x|         25|         24|         27|     78585.72520|        400|00:22:05|-0.00|0.04|0.9542|
|x|         26|         24|         27|     78582.95269|        424|00:20:32|-0.00|0.04|0.9537|
|x|         27|         24|         27|     78585.84444|        448|00:27:40|-0.00|0.04|0.9524|
|x|         28|         24|         27|     78584.12071|        472|00:27:19|+0.00|0.04|0.9495|
|x|         29|         24|         27|     78587.31207|        496|00:21:49|-0.00|0.03|0.9553|
|=|         30|         24|         27|     78586.74633|        520|00:20:29|-0.00|0.03|0.9576|
+-+-----------+-----------+-----------+----------------+-----------+--------+-----+----+------+
Best-so-far configuration:          27    mean value:      78586.74633
Description of the best-so-far configuration:
   .ID. his_len max_attempts .PARENT.
27   27    8546          461       24

# 2026-01-05 08:14:21 GMT: Elite configurations (first number is the configuration ID; listed from best to worst according to the sum of ranks):
   his_len max_attempts
27    8546          461
10    8188          498
7     8887          428
39    8467          462
26    9067          434
31    9157          441
25    8416          489
24    8741          462
9     9163          434
6     8879          461
# 2026-01-05 08:14:21 GMT: Iteration 3 of 3
# experimentsUsed: 1040
# remainingBudget: 560
# currentBudget: 560
# nbConfigurations: 21
# Markers:
     x No test is performed.
     c Configurations are discarded only due to capping.
     - The test is performed and some configurations are discarded.
     = The test is performed but no configuration is discarded.
     ! The test is performed and configurations could be discarded but elite configurations are preserved.
     . All alive configurations are elite and nothing is discarded.

+-+-----------+-----------+-----------+----------------+-----------+--------+-----+----+------+
| |   Instance|      Alive|       Best|       Mean best| Exp so far|  W time|  rho|KenW|  Qvar|
+-+-----------+-----------+-----------+----------------+-----------+--------+-----+----+------+
|x|         31|         21|         25|     78436.95000|         21|00:28:35|   NA|  NA|    NA|
|x|          6|         21|         26|     78496.11000|         32|00:20:06|-0.07|0.47|1.0924|
|x|         29|         21|         49|     78506.23667|         43|00:18:40|+0.01|0.34|1.0368|
|x|          8|         21|         44|     78533.66750|         54|00:19:15|-0.01|0.24|1.0027|
|x|         28|         21|         41|     78579.80600|         65|00:20:02|-0.09|0.12|1.0735|
|x|         14|         21|         41|     78567.14667|         76|00:18:48|-0.05|0.13|1.0107|
|x|          3|         21|         41|     78554.19714|         87|00:19:56|-0.06|0.09|1.0279|
|x|          1|         21|         41|     78585.04875|         98|00:19:30|-0.06|0.07|1.0143|
|x|         13|         21|         47|     78560.07444|        109|00:19:50|-0.07|0.05|1.0218|
|=|          2|         21|         47|     78557.55200|        120|00:19:18|-0.05|0.05|1.0097|
|x|          5|         21|         47|     78553.31091|        131|00:19:03|-0.04|0.06|0.9905|
|x|         21|         21|         47|     78535.22667|        142|00:18:34|-0.02|0.07|0.9696|
|x|         17|         21|         49|     78553.98077|        153|00:20:30|-0.03|0.05|0.9768|
|x|         25|         21|         49|     78550.78500|        164|00:18:48|-0.03|0.04|0.9793|
|x|         15|         21|         49|     78551.48000|        175|00:17:56|-0.03|0.04|0.9767|
|x|         22|         21|         49|     78560.17563|        186|00:17:33|-0.02|0.05|0.9664|
|x|         23|         21|         47|     78555.22765|        197|00:17:50|-0.02|0.04|0.9717|
|x|         19|         21|         24|     78564.74000|        208|00:16:40|-0.02|0.04|0.9657|
|x|         11|         21|         24|     78564.09158|        219|00:19:01|-0.01|0.04|0.9608|
|=|          7|         21|         24|     78566.80450|        230|00:20:21|-0.01|0.04|0.9557|
|x|         10|         21|         47|     78551.15381|        241|00:19:33|-0.00|0.05|0.9513|
|x|         12|         21|         47|     78554.15455|        252|00:19:13|+0.00|0.05|0.9468|
|x|          4|         21|         47|     78554.95870|        263|00:18:28|+0.00|0.04|0.9473|
|x|         30|         21|         47|     78566.11542|        274|00:22:23|-0.01|0.03|0.9572|
|x|         24|         21|         47|     78566.97120|        285|00:18:14|-0.01|0.03|0.9562|
|x|         16|         21|         47|     78582.11808|        296|00:20:26|-0.01|0.03|0.9548|
|x|          9|         21|         47|     78584.49333|        307|00:17:29|-0.00|0.03|0.9527|
|x|         18|         21|         47|     78583.99036|        318|00:23:04|-0.00|0.04|0.9494|
|x|         20|         21|         47|     78587.76655|        329|00:19:19|-0.00|0.03|0.9527|
|=|         26|         21|         27|     78586.64333|        340|00:19:05|-0.00|0.03|0.9506|
|x|         27|         21|         27|     78589.04290|        351|00:18:31|-0.01|0.03|0.9548|
|x|         32|         21|         41|     78593.23719|        372|00:24:33|-0.01|0.03|0.9555|
|x|         33|         21|         41|     78590.13091|        393|00:23:47|-0.00|0.03|0.9526|
|x|         34|         21|         41|     78589.27912|        414|00:17:34|-0.00|0.03|0.9527|
|x|         35|         21|         41|     78588.74400|        435|00:23:06|-0.00|0.03|0.9521|
|x|         36|         21|         41|     78591.94611|        456|00:27:49|-0.00|0.03|0.9512|
|x|         37|         21|         41|     78591.84324|        477|00:19:26|-0.00|0.02|0.9535|
|x|         38|         21|         47|     78589.88000|        498|00:20:19|-0.00|0.02|0.9554|
|x|         39|         21|         27|     78587.72974|        519|00:28:13|-0.00|0.02|0.9544|
|=|         40|         21|         27|     78589.07000|        540|00:20:44|-0.00|0.02|0.9540|
+-+-----------+-----------+-----------+----------------+-----------+--------+-----+----+------+
Best-so-far configuration:          27    mean value:      78589.07000
Description of the best-so-far configuration:
   .ID. his_len max_attempts .PARENT.
27   27    8546          461       24

# 2026-01-05 21:46:12 GMT: Elite configurations (first number is the configuration ID; listed from best to worst according to the sum of ranks):
   his_len max_attempts
27    8546          461
47    8484          495
41    8533          465
31    9157          441
10    8188          498
24    8741          462
50    9019          439
25    8416          489
49    8237          498
7     8887          428
# 2026-01-05 21:46:12 GMT: Stopped because there is not enough budget left to race more than the minimum (10).
# You may either increase the budget or set 'minNbSurvival' to a lower value.
# Iteration: 4
# nbIterations: 4
# experimentsUsed: 1580
# timeUsed: 0
# remainingBudget: 20
# currentBudget: 20
# number of elites: 10
# nbConfigurations: 10
# Total CPU user time: 1685807, CPU sys time: 971.678, Wall-clock time: 114087.4
# 2026-01-05 21:46:12 GMT: Starting post-selection:
# Configurations selected: 27, 47.
# Pending instances: 0, 0.
# 2026-01-05 21:46:12 GMT: seed: 1833974051
# Configurations: 2
# Available experiments: 20
# minSurvival: 1
# Markers:
     x No test is performed.
     c Configurations are discarded only due to capping.
     - The test is performed and some configurations are discarded.
     = The test is performed but no configuration is discarded.
     ! The test is performed and configurations could be discarded but elite configurations are preserved.
     . All alive configurations are elite and nothing is discarded.

+-+-----------+-----------+-----------+----------------+-----------+--------+-----+----+------+
| |   Instance|      Alive|       Best|       Mean best| Exp so far|  W time|  rho|KenW|  Qvar|
+-+-----------+-----------+-----------+----------------+-----------+--------+-----+----+------+
|.|         36|          2|         47|     78548.21000|          0|00:00:00|   NA|  NA|    NA|
|.|          8|          2|         47|     78581.87000|          0|00:00:00|+1.00|1.00|0.0000|
|.|         39|          2|         47|     78616.16000|          0|00:00:00|-0.33|0.11|0.6667|
|.|          7|          2|         47|     78607.07000|          0|00:00:00|-0.33|0.00|0.6667|
|.|         18|          2|         47|     78599.73800|          0|00:00:00|-0.20|0.04|0.6000|
|.|         35|          2|         47|     78595.37000|          0|00:00:00|-0.07|0.11|0.5333|
|.|         23|          2|         47|     78586.75000|          0|00:00:00|-0.14|0.02|0.5714|
|.|          1|          2|         47|     78562.52875|          0|00:00:00|-0.14|0.00|0.5714|
|.|          6|          2|         47|     78572.29000|          0|00:00:00|-0.11|0.01|0.5556|
|.|         31|          2|         47|     78587.59200|          0|00:00:00|-0.07|0.04|0.5333|
|.|         38|          2|         47|     78600.42000|          0|00:00:00|-0.02|0.07|0.5091|
|.|          4|          2|         47|     78598.10583|          0|00:00:00|+0.03|0.11|0.4848|
|.|         12|          2|         47|     78599.57231|          0|00:00:00|+0.08|0.15|0.4615|
|.|          5|          2|         47|     78593.23857|          0|00:00:00|+0.01|0.08|0.4945|
|.|         28|          2|         47|     78584.80600|          0|00:00:00|-0.03|0.04|0.5143|
|.|         32|          2|         47|     78584.76125|          0|00:00:00|-0.05|0.02|0.5250|
|.|          9|          2|         47|     78588.37824|          0|00:00:00|-0.03|0.03|0.5147|
|.|          2|          2|         47|     78585.40444|          0|00:00:00|-0.05|0.01|0.5229|
|.|         20|          2|         47|     78591.09368|          0|00:00:00|-0.03|0.02|0.5146|
|.|         17|          2|         47|     78596.01450|          0|00:00:00|-0.01|0.04|0.5053|
|.|         24|          2|         47|     78595.60952|          0|00:00:00|+0.01|0.06|0.4952|
|.|         15|          2|         47|     78589.21136|          0|00:00:00|+0.03|0.07|0.4848|
|.|         21|          2|         47|     78578.21522|          0|00:00:00|+0.00|0.05|0.4980|
|.|         33|          2|         47|     78576.60125|          0|00:00:00|+0.02|0.06|0.4891|
|.|         10|          2|         47|     78568.51800|          0|00:00:00|+0.00|0.04|0.5000|
|.|         34|          2|         47|     78562.89538|          0|00:00:00|-0.02|0.02|0.5077|
|.|         14|          2|         47|     78561.68333|          0|00:00:00|-0.03|0.01|0.5128|
|.|         13|          2|         47|     78557.58500|          0|00:00:00|-0.02|0.02|0.5079|
|.|         26|          2|         47|     78557.15966|          0|00:00:00|-0.00|0.03|0.5025|
|.|         37|          2|         47|     78558.66333|          0|00:00:00|-0.02|0.02|0.5080|
|.|         30|          2|         47|     78567.18129|          0|00:00:00|-0.01|0.03|0.5032|
|.|         22|          2|         47|     78564.85844|          0|00:00:00|-0.02|0.02|0.5081|
|.|         11|          2|         47|     78563.28697|          0|00:00:00|-0.01|0.02|0.5038|
|.|         19|          2|         47|     78566.36794|          0|00:00:00|-0.02|0.01|0.5080|
|.|         25|          2|         47|     78574.29771|          0|00:00:00|-0.01|0.02|0.5042|
|.|         40|          2|         47|     78574.99500|          0|00:00:00|-0.02|0.01|0.5079|
|.|         16|          2|         47|     78585.42189|          0|00:00:00|-0.02|0.01|0.5105|
|.|         29|          2|         47|     78585.66921|          0|00:00:00|-0.02|0.00|0.5121|
|.|          3|          2|         47|     78586.49308|          0|00:00:00|-0.03|0.00|0.5128|
|.|         27|          2|         47|     78592.48950|          0|00:00:00|-0.02|0.00|0.5115|
|x|         41|          2|         27|     78592.13049|          2|00:18:09|-0.02|0.00|0.5122|
|x|         42|          2|         27|     78595.83286|          4|00:18:12|-0.02|0.00|0.5122|
|x|         43|          2|         27|     78591.97884|          6|00:19:50|-0.02|0.00|0.5116|
|x|         44|          2|         27|     78592.03636|          8|00:16:59|-0.02|0.00|0.5116|
|x|         45|          2|         27|     78588.89844|         10|00:18:36|-0.02|0.00|0.5111|
|x|         46|          2|         27|     78590.88065|         12|00:16:32|-0.02|0.00|0.5101|
|x|         47|          2|         27|     78590.72511|         14|00:17:29|-0.02|0.00|0.5106|
|x|         48|          2|         27|     78590.88063|         16|00:18:07|-0.02|0.00|0.5106|
|x|         49|          2|         47|     78592.83265|         18|00:20:08|-0.02|0.00|0.5102|
|=|         50|          2|         47|     78592.13080|         20|00:18:45|-0.02|0.00|0.5094|
+-+-----------+-----------+-----------+----------------+-----------+--------+-----+----+------+
Best-so-far configuration:          47    mean value:      78592.13080
Description of the best-so-far configuration:
   .ID. his_len max_attempts .PARENT.
47   47    8484          495       25

# 2026-01-06 00:49:06 GMT: Elite configurations (first number is the configuration ID; listed from best to worst according to the sum of ranks):
   his_len max_attempts
47    8484          495
27    8546          461
# Total CPU user time: 1707051, CPU sys time: 980.052, Wall-clock time: 125060.6
# Best configurations (first number is the configuration ID; listed from best to worst according to the sum of ranks):
   his_len max_attempts
47    8484          495
27    8546          461
# Best configurations as commandlines (first number is the configuration ID; listed from best to worst according to the sum of ranks):
47 -his_len 8484 -max_attempts 495
27 -his_len 8546 -max_attempts 461


# Testing of elite configurations: 1 
# Testing iteration configurations: FALSE 
# 2026-01-06 00:49:06 GMT: No test instances, skip testing
