Starting irace...
# 2025-12-29 15:16:12 GMT: Reading parameter file '/gpfs/home/e/exx866/IRACE-b-LAHC/all-instances-fine/E-n33-k4-p2/parameters.txt'.
# 2025-12-29 15:16:12 GMT: Read 1 configuration(s) from file '/gpfs/home/e/exx866/IRACE-b-LAHC/all-instances-fine/E-n33-k4-p2/configurations.txt'
# 2025-12-29 15:16:12 GMT: Initialization
# Elitist race
# Elitist new instances: 1
# Elitist limit: 2
# nbIterations: 3
# minNbSurvival: 10
# nbParameters: 2
# seed: 248466653
# confidence level: 0.95
# budget: 6000
# mu: 10
# deterministic: FALSE

# 2025-12-29 15:16:12 GMT: Iteration 1 of 3
# experimentsUsed: 0
# remainingBudget: 6000
# currentBudget: 2000
# nbConfigurations: 100
# Markers:
     x No test is performed.
     c Configurations are discarded only due to capping.
     - The test is performed and some configurations are discarded.
     = The test is performed but no configuration is discarded.
     ! The test is performed and configurations could be discarded but elite configurations are preserved.
     . All alive configurations are elite and nothing is discarded.

+-+-----------+-----------+-----------+----------------+-----------+--------+-----+----+------+
| |   Instance|      Alive|       Best|       Mean best| Exp so far|  W time|  rho|KenW|  Qvar|
+-+-----------+-----------+-----------+----------------+-----------+--------+-----+----+------+
|x|          1|        100|          1|     840.1500000|        100|00:00:42|   NA|  NA|    NA|
|x|          2|        100|          1|     840.1500000|        200|00:00:41|-0.02|0.49|1.0037|
|x|          3|        100|          1|     840.1500000|        300|00:00:42|-0.02|0.32|1.0058|
|x|          4|        100|          1|     840.1500000|        400|00:00:41|+0.03|0.27|0.9616|
|x|          5|        100|          1|     840.1500000|        500|00:00:42|+0.00|0.20|0.9835|
|x|          6|        100|          1|     840.1500000|        600|00:00:42|-0.01|0.16|0.9910|
|x|          7|        100|          1|     840.1500000|        700|00:00:40|-0.01|0.14|0.9617|
|x|          8|        100|          1|     840.1500000|        800|00:00:42|+0.00|0.13|0.9706|
|x|          9|        100|          1|     840.1500000|        900|00:00:41|+0.00|0.11|0.9685|
|=|         10|        100|          1|     840.1500000|       1000|00:00:41|+0.00|0.10|0.9736|
|x|         11|        100|          1|     840.1500000|       1100|00:00:42|+0.01|0.10|0.9569|
|x|         12|        100|          1|     840.1500000|       1200|00:00:41|+0.01|0.09|0.9654|
|x|         13|        100|          1|     840.1500000|       1300|00:00:41|+0.01|0.09|0.9668|
|x|         14|        100|          1|     840.1500000|       1400|00:00:41|+0.01|0.08|0.9717|
|x|         15|        100|          1|     840.1500000|       1500|00:00:42|+0.01|0.07|0.9756|
|x|         16|        100|          1|     840.1500000|       1600|00:00:41|+0.01|0.07|0.9787|
|x|         17|        100|          1|     840.1500000|       1700|00:00:40|+0.01|0.07|0.9828|
|x|         18|        100|          1|     840.1500000|       1800|00:00:41|+0.01|0.07|0.9851|
|x|         19|        100|          2|     840.1500000|       1900|00:00:41|+0.01|0.06|0.9873|
|-|         20|         92|          2|     840.1500000|       2000|00:00:41|-0.00|0.05|0.9932|
+-+-----------+-----------+-----------+----------------+-----------+--------+-----+----+------+
Best-so-far configuration:           2    mean value:      840.1500000
Description of the best-so-far configuration:
  .ID. his_len max_attempts .PARENT.
2    2   10764           28       NA

# 2025-12-29 15:30:06 GMT: Elite configurations (first number is the configuration ID; listed from best to worst according to the sum of ranks):
   his_len max_attempts
2    10764           28
5     7134            7
7     8949           11
8     5319           18
12    4411           12
13   11672           26
14   13487            9
17    9857            2
18   10311           15
19   17572            1
# 2025-12-29 15:30:06 GMT: Iteration 2 of 3
# experimentsUsed: 2000
# remainingBudget: 4000
# currentBudget: 2000
# nbConfigurations: 73
# Markers:
     x No test is performed.
     c Configurations are discarded only due to capping.
     - The test is performed and some configurations are discarded.
     = The test is performed but no configuration is discarded.
     ! The test is performed and configurations could be discarded but elite configurations are preserved.
     . All alive configurations are elite and nothing is discarded.

+-+-----------+-----------+-----------+----------------+-----------+--------+-----+----+------+
| |   Instance|      Alive|       Best|       Mean best| Exp so far|  W time|  rho|KenW|  Qvar|
+-+-----------+-----------+-----------+----------------+-----------+--------+-----+----+------+
|x|         21|         73|          2|     840.1500000|         73|00:00:27|   NA|  NA|    NA|
|x|         18|         73|          2|     840.1500000|        136|00:00:23|+0.49|0.74|0.9320|
|x|         20|         73|          2|     840.1500000|        199|00:00:23|+0.09|0.40|0.9875|
|x|          5|         73|          2|     840.1500000|        262|00:00:23|+0.04|0.28|0.9994|
|x|         16|         73|          2|     840.1500000|        325|00:00:23|+0.07|0.25|0.9306|
|x|         11|         73|          2|     840.1500000|        388|00:00:23|+0.05|0.21|0.7848|
|x|          7|         73|          2|     840.1500000|        451|00:00:22|+0.03|0.17|0.8249|
|x|         17|         73|          2|     840.1500000|        514|00:00:23|+0.03|0.15|0.7243|
|x|         14|         73|          2|     840.1500000|        577|00:00:23|+0.03|0.13|0.7564|
|=|         12|         73|          2|     840.1500000|        640|00:00:23|+0.02|0.12|0.7832|
|x|         15|         73|          2|     840.1500000|        703|00:00:23|+0.02|0.11|0.7125|
|x|         13|         73|          2|     840.1500000|        766|00:00:23|+0.01|0.10|0.6536|
|x|          4|         73|          2|     840.1500000|        829|00:00:23|+0.01|0.09|0.6812|
|x|          3|         73|          2|     840.1500000|        892|00:00:23|+0.01|0.08|0.6327|
|x|          1|         73|          2|     840.1500000|        955|00:00:23|+0.01|0.08|0.6561|
|x|          6|         73|          2|     840.1500000|       1018|00:00:23|+0.01|0.07|0.6764|
|x|         19|         73|          2|     840.1500000|       1081|00:00:23|+0.02|0.08|0.6867|
|x|          8|         73|          2|     840.1500000|       1144|00:00:23|+0.01|0.07|0.7055|
|x|         10|         73|          2|     840.1500000|       1207|00:00:23|+0.01|0.07|0.7218|
|=|          9|         73|          2|     840.1500000|       1270|00:00:23|+0.01|0.06|0.7376|
|x|          2|         73|          2|     840.1500000|       1333|00:00:23|+0.01|0.05|0.7509|
|x|         22|         73|          2|     840.1500000|       1406|00:00:27|+0.01|0.05|0.7624|
|x|         23|         73|          2|     840.1500000|       1479|00:00:27|+0.01|0.05|0.7736|
|x|         24|         73|          2|     840.1500000|       1552|00:00:27|+0.00|0.05|0.7841|
|x|         25|         73|          2|     840.1500000|       1625|00:00:27|+0.01|0.04|0.7933|
|x|         26|         73|          2|     840.1500000|       1698|00:00:27|+0.00|0.04|0.8000|
|x|         27|         73|          2|     840.1500000|       1771|00:00:27|+0.01|0.04|0.8032|
|x|         28|         73|          2|     840.1500000|       1844|00:00:27|+0.01|0.05|0.8069|
|x|         29|         73|          2|     840.1500000|       1917|00:00:27|+0.01|0.04|0.8143|
|-|         30|         67|          2|     840.1500000|       1990|00:00:28|-0.01|0.03|0.7589|
+-+-----------+-----------+-----------+----------------+-----------+--------+-----+----+------+
Best-so-far configuration:           2    mean value:      840.1500000
Description of the best-so-far configuration:
  .ID. his_len max_attempts .PARENT.
2    2   10764           28       NA

# 2025-12-29 15:42:34 GMT: Elite configurations (first number is the configuration ID; listed from best to worst according to the sum of ranks):
    his_len max_attempts
2     10764           28
5      7134            7
7      8949           11
8      5319           18
12     4411           12
13    11672           26
17     9857            2
18    10311           15
101   10979            1
102    7925           11
# 2025-12-29 15:42:34 GMT: Iteration 3 of 3
# experimentsUsed: 3990
# remainingBudget: 2010
# currentBudget: 2010
# nbConfigurations: 57
# Markers:
     x No test is performed.
     c Configurations are discarded only due to capping.
     - The test is performed and some configurations are discarded.
     = The test is performed but no configuration is discarded.
     ! The test is performed and configurations could be discarded but elite configurations are preserved.
     . All alive configurations are elite and nothing is discarded.

+-+-----------+-----------+-----------+----------------+-----------+--------+-----+----+------+
| |   Instance|      Alive|       Best|       Mean best| Exp so far|  W time|  rho|KenW|  Qvar|
+-+-----------+-----------+-----------+----------------+-----------+--------+-----+----+------+
|x|         31|         57|          2|     840.1500000|         57|00:00:20|   NA|  NA|    NA|
|x|         23|         57|          2|     840.1500000|        104|00:00:17|-0.02|0.49|1.0000|
|x|         15|         57|          2|     840.1500000|        151|00:00:16|-0.02|0.32|1.0000|
|x|          7|         57|          2|     840.1500000|        198|00:00:17|-0.02|0.24|1.0000|
|x|         22|         57|          2|     840.1500000|        245|00:00:17|-0.02|0.19|1.0000|
|x|         24|         57|          2|     840.1500000|        292|00:00:17|-0.02|0.15|1.0000|
|x|         28|         57|          2|     840.1500000|        339|00:00:17|-0.02|0.13|1.0000|
|x|          1|         57|          2|     840.1500000|        386|00:00:17|+0.04|0.16|0.9509|
|x|         10|         57|          2|     840.1500000|        433|00:00:17|+0.02|0.13|0.9636|
|=|         14|         57|          2|     840.1500000|        480|00:00:16|+0.02|0.12|0.8692|
|x|         18|         57|          2|     840.1500000|        527|00:00:17|+0.02|0.11|0.8742|
|x|          6|         57|          2|     840.1500000|        574|00:00:17|+0.02|0.10|0.8878|
|x|         17|         57|          2|     840.1500000|        621|00:00:17|+0.01|0.09|0.8205|
|x|         12|         57|          2|     840.1500000|        668|00:00:17|+0.03|0.10|0.8253|
|x|         30|         57|          2|     840.1500000|        715|00:00:17|+0.03|0.09|0.7714|
|x|          9|         57|          2|     840.1500000|        762|00:00:17|+0.02|0.08|0.7884|
|x|         13|         57|          2|     840.1500000|        809|00:00:17|+0.02|0.08|0.7426|
|x|          4|         57|          2|     840.1500000|        856|00:00:17|+0.01|0.07|0.7582|
|x|         21|         57|          2|     840.1500000|        903|00:00:17|+0.01|0.07|0.7186|
|=|         20|         57|          2|     840.1500000|        950|00:00:17|+0.01|0.06|0.7291|
|x|         29|         57|          2|     840.1500000|        997|00:00:17|+0.01|0.06|0.7430|
|x|         25|         57|          2|     840.1500000|       1044|00:00:17|+0.01|0.05|0.7533|
|x|         26|         57|          2|     840.1500000|       1091|00:00:17|+0.01|0.05|0.7208|
|x|         19|         57|          2|     840.1500000|       1138|00:00:16|+0.01|0.05|0.6910|
|x|          3|         57|          2|     840.1500000|       1185|00:00:16|+0.01|0.05|0.6636|
|x|          2|         57|          2|     840.1500000|       1232|00:00:17|+0.01|0.05|0.6739|
|x|         27|         57|          2|     840.1500000|       1279|00:00:17|+0.01|0.05|0.6852|
|x|         16|         57|          2|     840.1500000|       1326|00:00:16|+0.01|0.04|0.6971|
|x|          8|         57|          2|     840.1500000|       1373|00:00:17|+0.01|0.04|0.7068|
|=|         11|         57|          2|     840.1500000|       1420|00:00:17|+0.01|0.04|0.7117|
|x|          5|         57|          2|     840.1500000|       1467|00:00:17|+0.02|0.05|0.7145|
|x|         32|         57|          2|     840.1500000|       1524|00:00:20|+0.02|0.05|0.7241|
|x|         33|         57|          2|     840.1500000|       1581|00:00:20|+0.02|0.05|0.7311|
|x|         34|         57|          2|     840.1500000|       1638|00:00:20|+0.02|0.04|0.7100|
|x|         35|         57|          2|     840.1500000|       1695|00:00:21|+0.02|0.04|0.6901|
|x|         36|         57|          2|     840.1500000|       1752|00:00:20|+0.01|0.04|0.6981|
|x|         37|         57|          2|     840.1500000|       1809|00:00:21|+0.01|0.04|0.7052|
|x|         38|         57|          2|     840.1500000|       1866|00:00:21|+0.02|0.04|0.7109|
|x|         39|         57|          2|     840.1500000|       1923|00:00:21|+0.02|0.04|0.7166|
|-|         40|         50|          2|     840.1500000|       1980|00:00:20|+0.00|0.03|0.4906|
+-+-----------+-----------+-----------+----------------+-----------+--------+-----+----+------+
Best-so-far configuration:           2    mean value:      840.1500000
Description of the best-so-far configuration:
  .ID. his_len max_attempts .PARENT.
2    2   10764           28       NA

# 2025-12-29 15:54:40 GMT: Elite configurations (first number is the configuration ID; listed from best to worst according to the sum of ranks):
    his_len max_attempts
2     10764           28
5      7134            7
7      8949           11
8      5319           18
12     4411           12
13    11672           26
17     9857            2
18    10311           15
101   10979            1
102    7925           11
# 2025-12-29 15:54:40 GMT: Stopped because there is not enough budget left to race more than the minimum (10).
# You may either increase the budget or set 'minNbSurvival' to a lower value.
# Iteration: 4
# nbIterations: 4
# experimentsUsed: 5970
# timeUsed: 0
# remainingBudget: 30
# currentBudget: 30
# number of elites: 10
# nbConfigurations: 10
# Total CPU user time: 2014.687, CPU sys time: 6644.812, Wall-clock time: 2308.179
# 2025-12-29 15:54:40 GMT: Starting post-selection:
# Configurations selected: 2, 5, 7.
# Pending instances: 0, 0, 0.
# 2025-12-29 15:54:40 GMT: seed: 248466653
# Configurations: 3
# Available experiments: 30
# minSurvival: 1
# Markers:
     x No test is performed.
     c Configurations are discarded only due to capping.
     - The test is performed and some configurations are discarded.
     = The test is performed but no configuration is discarded.
     ! The test is performed and configurations could be discarded but elite configurations are preserved.
     . All alive configurations are elite and nothing is discarded.

+-+-----------+-----------+-----------+----------------+-----------+--------+-----+----+------+
| |   Instance|      Alive|       Best|       Mean best| Exp so far|  W time|  rho|KenW|  Qvar|
+-+-----------+-----------+-----------+----------------+-----------+--------+-----+----+------+
|.|         30|          3|          2|     840.1500000|          0|00:00:00|   NA|  NA|    NA|
|.|         40|          3|          2|     840.1500000|          0|00:00:00|+1.00|1.00|0.0000|
|.|         23|          3|          2|     840.1500000|          0|00:00:00|+1.00|1.00|0.0000|
|.|         25|          3|          2|     840.1500000|          0|00:00:00|+1.00|1.00|0.0000|
|.|         31|          3|          2|     840.1500000|          0|00:00:00|+1.00|1.00|0.0000|
|.|         12|          3|          2|     840.1500000|          0|00:00:00|+1.00|1.00|0.0000|
|.|         27|          3|          2|     840.1500000|          0|00:00:00|+1.00|1.00|0.0000|
|.|          8|          3|          2|     840.1500000|          0|00:00:00|+1.00|1.00|0.0000|
|.|          1|          3|          2|     840.1500000|          0|00:00:00|+1.00|1.00|0.0000|
|.|         39|          3|          2|     840.1500000|          0|00:00:00|+1.00|1.00|0.0000|
|.|         33|          3|          2|     840.1500000|          0|00:00:00|+1.00|1.00|0.0000|
|.|         10|          3|          2|     840.1500000|          0|00:00:00|+1.00|1.00|0.0000|
|.|         29|          3|          2|     840.1500000|          0|00:00:00|+1.00|1.00|0.0000|
|.|         11|          3|          2|     840.1500000|          0|00:00:00|+1.00|1.00|0.0000|
|.|          4|          3|          2|     840.1500000|          0|00:00:00|+1.00|1.00|0.0000|
|.|         18|          3|          2|     840.1500000|          0|00:00:00|+1.00|1.00|0.0000|
|.|         36|          3|          2|     840.1500000|          0|00:00:00|+1.00|1.00|0.0000|
|.|          9|          3|          2|     840.1500000|          0|00:00:00|+1.00|1.00|0.0000|
|.|          3|          3|          2|     840.1500000|          0|00:00:00|+1.00|1.00|0.0000|
|.|         24|          3|          2|     840.1500000|          0|00:00:00|+1.00|1.00|0.0000|
|.|         19|          3|          2|     840.1500000|          0|00:00:00|+1.00|1.00|0.0000|
|.|         16|          3|          2|     840.1500000|          0|00:00:00|+1.00|1.00|0.0000|
|.|         37|          3|          2|     840.1500000|          0|00:00:00|+1.00|1.00|0.0000|
|.|         34|          3|          2|     840.1500000|          0|00:00:00|+1.00|1.00|0.0000|
|.|         13|          3|          2|     840.1500000|          0|00:00:00|+1.00|1.00|0.0000|
|.|         32|          3|          2|     840.1500000|          0|00:00:00|+1.00|1.00|0.0000|
|.|         14|          3|          2|     840.1500000|          0|00:00:00|+1.00|1.00|0.0000|
|.|         21|          3|          2|     840.1500000|          0|00:00:00|+1.00|1.00|0.0000|
|.|         38|          3|          2|     840.1500000|          0|00:00:00|+1.00|1.00|0.0000|
|.|          6|          3|          2|     840.1500000|          0|00:00:00|+1.00|1.00|0.0000|
|.|         26|          3|          2|     840.1500000|          0|00:00:00|+1.00|1.00|0.0000|
|.|          5|          3|          2|     840.1500000|          0|00:00:00|+1.00|1.00|0.0000|
|.|         17|          3|          2|     840.1500000|          0|00:00:00|+1.00|1.00|0.0000|
|.|         28|          3|          2|     840.1500000|          0|00:00:00|+1.00|1.00|0.0000|
|.|         15|          3|          2|     840.1500000|          0|00:00:00|+1.00|1.00|0.0000|
|.|         22|          3|          2|     840.1500000|          0|00:00:00|+1.00|1.00|0.0000|
|.|         20|          3|          2|     840.1500000|          0|00:00:00|+1.00|1.00|0.0000|
|.|         35|          3|          2|     840.1500000|          0|00:00:00|+1.00|1.00|0.0000|
|.|          7|          3|          2|     840.1500000|          0|00:00:00|+1.00|1.00|0.0000|
|.|          2|          3|          2|     840.1500000|          0|00:00:00|+1.00|1.00|0.0000|
|x|         41|          3|          2|     840.1500000|          3|00:00:00|+1.00|1.00|0.0000|
|x|         42|          3|          2|     840.1500000|          6|00:00:00|+1.00|1.00|0.0000|
|x|         43|          3|          2|     840.1500000|          9|00:00:00|+1.00|1.00|0.0000|
|x|         44|          3|          2|     840.1500000|         12|00:00:00|+1.00|1.00|0.0000|
|x|         45|          3|          2|     840.1500000|         15|00:00:00|+1.00|1.00|0.0000|
|x|         46|          3|          2|     840.1500000|         18|00:00:00|+1.00|1.00|0.0000|
|x|         47|          3|          2|     840.1500000|         21|00:00:00|+1.00|1.00|0.0000|
|x|         48|          3|          2|     840.1500000|         24|00:00:00|+1.00|1.00|0.0000|
|x|         49|          3|          2|     840.1500000|         27|00:00:00|+1.00|1.00|0.0000|
|=|         50|          3|          2|     840.1500000|         30|00:00:00|+1.00|1.00|0.0000|
+-+-----------+-----------+-----------+----------------+-----------+--------+-----+----+------+
Best-so-far configuration:           2    mean value:      840.1500000
Description of the best-so-far configuration:
  .ID. his_len max_attempts .PARENT.
2    2   10764           28       NA

# 2025-12-29 15:54:49 GMT: Elite configurations (first number is the configuration ID; listed from best to worst according to the sum of ranks):
  his_len max_attempts
2   10764           28
5    7134            7
7    8949           11
# Total CPU user time: 2023.93, CPU sys time: 6663.325, Wall-clock time: 2316.908
# Best configurations (first number is the configuration ID; listed from best to worst according to the sum of ranks):
  his_len max_attempts
2   10764           28
5    7134            7
7    8949           11
# Best configurations as commandlines (first number is the configuration ID; listed from best to worst according to the sum of ranks):
2 -his_len 10764 -max_attempts 28
5 -his_len 7134 -max_attempts 7
7 -his_len 8949 -max_attempts 11


# Testing of elite configurations: 1 
# Testing iteration configurations: FALSE 
# 2025-12-29 15:54:49 GMT: No test instances, skip testing
