Starting irace...
# 2025-12-26 13:34:57 GMT: Reading parameter file '/gpfs/home/e/exx866/IRACE-b-LAHC/all-instances-rough/X-n1001-k43/parameters.txt'.
# 2025-12-26 13:34:57 GMT: Read 1 configuration(s) from file '/gpfs/home/e/exx866/IRACE-b-LAHC/all-instances-rough/X-n1001-k43/configurations.txt'
# 2025-12-26 13:34:58 GMT: Initialization
# Elitist race
# Elitist new instances: 1
# Elitist limit: 2
# nbIterations: 3
# minNbSurvival: 10
# nbParameters: 2
# seed: 1110976438
# confidence level: 0.95
# budget: 3500
# mu: 10
# deterministic: FALSE

# 2025-12-26 13:34:58 GMT: Iteration 1 of 3
# experimentsUsed: 0
# remainingBudget: 3500
# currentBudget: 1166
# nbConfigurations: 58
# Markers:
     x No test is performed.
     c Configurations are discarded only due to capping.
     - The test is performed and some configurations are discarded.
     = The test is performed but no configuration is discarded.
     ! The test is performed and configurations could be discarded but elite configurations are preserved.
     . All alive configurations are elite and nothing is discarded.

+-+-----------+-----------+-----------+----------------+-----------+--------+-----+----+------+
| |   Instance|      Alive|       Best|       Mean best| Exp so far|  W time|  rho|KenW|  Qvar|
+-+-----------+-----------+-----------+----------------+-----------+--------+-----+----+------+
|x|          1|         58|         37|     74390.19000|         58|00:38:44|   NA|  NA|    NA|
|x|          2|         58|         15|     74453.22500|        116|00:37:29|+0.96|0.98|0.0210|
|x|          3|         58|         28|     74516.84667|        174|00:34:32|+0.90|0.93|0.0625|
|x|          4|         58|         33|     74499.39750|        232|00:33:54|+0.90|0.93|0.0554|
|x|          5|         58|         46|     74552.46000|        290|00:36:34|+0.90|0.92|0.0605|
|x|          6|         58|         46|     74561.02167|        348|00:35:41|+0.91|0.92|0.0536|
|x|          7|         58|         46|     74585.65000|        406|00:39:40|+0.92|0.93|0.0493|
|x|          8|         58|         46|     74592.39125|        464|00:37:50|+0.92|0.93|0.0473|
|x|          9|         58|         33|     74559.35333|        522|00:37:04|+0.92|0.93|0.0459|
|-|         10|         11|         12|     74600.49200|        580|00:38:26|-0.05|0.06|0.9518|
|x|         11|         11|         33|     74556.16545|        591|00:14:47|-0.00|0.09|0.9123|
|x|         12|         11|         33|     74541.37500|        602|00:14:43|+0.00|0.09|0.8942|
|x|         13|         11|         33|     74533.00615|        613|00:17:49|+0.03|0.10|0.8732|
|x|         14|         11|         33|     74513.31571|        624|00:15:24|+0.05|0.12|0.8492|
|x|         15|         11|         33|     74502.34067|        635|00:15:13|+0.08|0.14|0.8260|
|x|         16|         11|         33|     74504.49125|        646|00:14:36|+0.11|0.17|0.7999|
|x|         17|         11|         33|     74505.98941|        657|00:15:56|+0.11|0.16|0.8029|
|x|         18|         11|         33|     74507.33444|        668|00:15:13|+0.11|0.16|0.8027|
|x|         19|         11|         33|     74520.03211|        679|00:15:13|+0.12|0.16|0.8071|
|-|         20|          5|         33|     74530.46650|        690|00:14:50|-0.00|0.05|0.7864|
+-+-----------+-----------+-----------+----------------+-----------+--------+-----+----+------+
Best-so-far configuration:          33    mean value:      74530.46650
Description of the best-so-far configuration:
   .ID. his_len max_attempts .PARENT.
33   33    6167          453       NA

# 2025-12-26 22:18:44 GMT: Elite configurations (first number is the configuration ID; listed from best to worst according to the sum of ranks):
   his_len max_attempts
33    6167          453
46    7090          429
12    6782          312
16    4320          499
15    9245          124
# 2025-12-26 22:18:44 GMT: Iteration 2 of 3
# experimentsUsed: 690
# remainingBudget: 2810
# currentBudget: 1405
# nbConfigurations: 50
# Markers:
     x No test is performed.
     c Configurations are discarded only due to capping.
     - The test is performed and some configurations are discarded.
     = The test is performed but no configuration is discarded.
     ! The test is performed and configurations could be discarded but elite configurations are preserved.
     . All alive configurations are elite and nothing is discarded.

+-+-----------+-----------+-----------+----------------+-----------+--------+-----+----+------+
| |   Instance|      Alive|       Best|       Mean best| Exp so far|  W time|  rho|KenW|  Qvar|
+-+-----------+-----------+-----------+----------------+-----------+--------+-----+----+------+
|x|         21|         50|         99|     74318.68000|         50|00:30:55|   NA|  NA|    NA|
|x|         14|         50|         87|     74364.77500|         95|00:32:51|+0.31|0.66|0.5790|
|x|         10|         50|         87|     74384.10667|        140|00:33:29|+0.40|0.60|0.4701|
|x|          8|         50|         65|     74469.04250|        185|00:31:07|+0.40|0.55|0.4437|
|x|          1|         50|         65|     74466.48600|        230|00:33:03|+0.41|0.53|0.4161|
|x|         11|         50|         72|     74433.08667|        275|00:31:11|+0.40|0.50|0.4233|
|x|         20|         50|         82|     74467.94000|        320|00:30:05|+0.41|0.49|0.4377|
|x|          7|         50|         82|     74469.80375|        365|00:29:56|+0.42|0.50|0.4227|
|x|          3|         50|         82|     74469.21222|        410|00:23:56|+0.37|0.44|0.4719|
|-|          5|         20|         82|     74486.82500|        455|00:26:52|+0.02|0.12|0.9430|
|x|         16|         20|         82|     74477.81182|        470|00:15:31|+0.03|0.11|0.9361|
|x|          9|         20|         82|     74456.04917|        485|00:14:16|+0.03|0.11|0.9332|
|x|         13|         20|         82|     74464.67385|        500|00:15:26|+0.03|0.11|0.9262|
|x|         12|         20|         63|     74439.67857|        515|00:15:59|+0.05|0.12|0.9096|
|x|          4|         20|         63|     74433.23867|        530|00:14:01|+0.06|0.12|0.8992|
|x|         17|         20|         63|     74422.27625|        545|00:16:47|+0.06|0.12|0.8972|
|x|         18|         20|         63|     74429.41294|        560|00:14:22|+0.05|0.10|0.9078|
|x|          6|         20|         63|     74445.11167|        575|00:14:54|+0.05|0.10|0.9048|
|x|         19|         20|         63|     74453.91526|        590|00:16:38|+0.04|0.09|0.9149|
|=|          2|         20|         63|     74466.39700|        605|00:15:22|+0.02|0.07|0.9264|
|x|         15|         20|         82|     74486.95952|        620|00:16:50|+0.03|0.07|0.9266|
|x|         22|         20|         87|     74492.75227|        640|00:18:11|+0.03|0.07|0.9240|
|x|         23|         20|         92|     74490.55565|        660|00:17:02|+0.03|0.07|0.9228|
|x|         24|         20|         92|     74488.27500|        680|00:16:40|+0.04|0.08|0.9136|
|x|         25|         20|         87|     74504.42920|        700|00:17:57|+0.04|0.08|0.9079|
|x|         26|         20|         63|     74482.04346|        720|00:17:41|+0.04|0.07|0.9143|
|x|         27|         20|         87|     74504.06259|        740|00:17:36|+0.04|0.07|0.9126|
|x|         28|         20|         87|     74496.77393|        760|00:17:36|+0.03|0.06|0.9203|
|x|         29|         20|         87|     74496.36172|        780|00:16:45|+0.03|0.07|0.9174|
|-|         30|         12|         87|     74490.21633|        800|00:16:41|-0.01|0.02|0.9235|
|x|         31|         12|         87|     74495.04613|        812|00:20:33|-0.01|0.02|0.9248|
|x|         32|         12|         87|     74501.76281|        824|00:14:51|-0.01|0.02|0.9270|
|x|         33|         12|         87|     74504.98212|        836|00:14:40|-0.01|0.02|0.9232|
|x|         34|         12|         87|     74505.40412|        848|00:14:56|-0.00|0.03|0.9207|
|x|         35|         12|         87|     74502.29114|        860|00:14:42|-0.00|0.03|0.9200|
|x|         36|         12|         87|     74501.59917|        872|00:14:23|-0.00|0.02|0.9206|
|x|         37|         12|         87|     74503.69757|        884|00:14:39|-0.01|0.02|0.9185|
|x|         38|         12|         87|     74506.01526|        896|00:14:57|-0.01|0.02|0.9189|
|x|         39|         12|         87|     74502.48179|        908|00:15:28|-0.00|0.02|0.9173|
|=|         40|         12|         87|     74497.43425|        920|00:14:28|-0.00|0.02|0.9157|
|x|         41|         12|         87|     74497.27317|        932|00:15:23|+0.00|0.02|0.9150|
|x|         42|         12|         87|     74498.04143|        944|00:15:22|-0.00|0.02|0.9130|
|x|         43|         12|         87|     74501.68744|        956|00:13:27|-0.00|0.02|0.9112|
|x|         44|         12|         87|     74503.37159|        968|00:13:58|+0.00|0.02|0.9090|
|x|         45|         12|         87|     74514.26022|        980|00:14:09|-0.00|0.02|0.9110|
|x|         46|         12|         87|     74515.48717|        992|00:14:46|+0.00|0.02|0.9075|
|x|         47|         12|         87|     74520.36106|       1004|00:14:08|+0.00|0.02|0.9058|
|x|         48|         12|         82|     74508.42896|       1016|00:23:55|+0.00|0.02|0.9087|
|x|         49|         12|         82|     74508.11061|       1028|00:14:59|+0.00|0.02|0.9091|
|=|         50|         12|         82|     74506.94340|       1040|00:13:37|+0.00|0.02|0.9092|
+-+-----------+-----------+-----------+----------------+-----------+--------+-----+----+------+
Best-so-far configuration:          82    mean value:      74506.94340
Description of the best-so-far configuration:
   .ID. his_len max_attempts .PARENT.
82   82    6579          496       33

# 2025-12-27 13:56:14 GMT: Elite configurations (first number is the configuration ID; listed from best to worst according to the sum of ranks):
    his_len max_attempts
82     6579          496
87     6161          467
33     6167          453
63     5772          439
83     5364          439
92     6218          462
65     6901          357
81     7093          402
78     6767          410
102    6703          344
# 2025-12-27 13:56:14 GMT: Iteration 3 of 3
# experimentsUsed: 1730
# remainingBudget: 1770
# currentBudget: 1770
# nbConfigurations: 37
# Markers:
     x No test is performed.
     c Configurations are discarded only due to capping.
     - The test is performed and some configurations are discarded.
     = The test is performed but no configuration is discarded.
     ! The test is performed and configurations could be discarded but elite configurations are preserved.
     . All alive configurations are elite and nothing is discarded.

+-+-----------+-----------+-----------+----------------+-----------+--------+-----+----+------+
| |   Instance|      Alive|       Best|       Mean best| Exp so far|  W time|  rho|KenW|  Qvar|
+-+-----------+-----------+-----------+----------------+-----------+--------+-----+----+------+
|x|         51|         37|         78|     74218.96000|         37|00:23:19|   NA|  NA|    NA|
|x|          4|         37|         92|     74300.68500|         64|00:16:52|+0.21|0.60|0.7774|
|x|         44|         37|         81|     74417.46000|         91|00:17:16|+0.14|0.43|0.8683|
|x|         43|         37|        118|     74428.85250|        118|00:16:55|+0.08|0.31|0.8996|
|x|         22|         37|        118|     74424.54600|        145|00:20:09|+0.01|0.21|0.9560|
|x|         32|         37|        118|     74432.77500|        172|00:21:05|+0.02|0.18|0.9565|
|x|         18|         37|        118|     74406.17429|        199|00:20:00|+0.01|0.15|0.9606|
|x|          2|         37|        118|     74425.67750|        226|00:20:58|+0.02|0.14|0.9553|
|x|         48|         37|        118|     74478.78556|        253|00:19:38|-0.02|0.10|0.9896|
|=|          7|         37|        118|     74477.71900|        280|00:18:50|-0.02|0.08|0.9888|
|x|         46|         37|         92|     74444.74364|        307|00:20:58|-0.01|0.08|0.9764|
|x|          8|         37|         92|     74446.05417|        334|00:21:54|+0.00|0.08|0.9620|
|x|         39|         37|        104|     74463.22769|        361|00:20:13|-0.00|0.08|0.9586|
|x|         26|         37|        104|     74475.29786|        388|00:18:27|+0.00|0.07|0.9613|
|x|         27|         37|        120|     74482.45133|        415|00:20:17|-0.00|0.06|0.9676|
|x|         25|         37|        120|     74482.70438|        442|00:21:20|-0.01|0.05|0.9747|
|x|          1|         37|        120|     74484.87529|        469|00:20:15|-0.01|0.05|0.9748|
|x|         47|         37|        120|     74482.39167|        496|00:19:48|-0.01|0.05|0.9731|
|x|         11|         37|        120|     74480.41842|        523|00:26:07|-0.00|0.05|0.9715|
|=|         34|         37|        120|     74470.03800|        550|00:21:07|+0.00|0.05|0.9675|
|x|         20|         37|        120|     74471.31524|        577|00:19:55|+0.00|0.05|0.9673|
|x|         41|         37|        120|     74469.77864|        604|00:20:15|+0.00|0.05|0.9655|
|x|         30|         37|        120|     74474.09609|        631|00:18:03|+0.00|0.05|0.9666|
|x|         33|         37|        120|     74471.52250|        658|00:18:32|+0.01|0.05|0.9611|
|x|         12|         37|        120|     74471.09640|        685|00:20:25|+0.01|0.05|0.9598|
|x|         16|         37|        120|     74489.47269|        712|00:20:06|+0.01|0.05|0.9630|
|x|         49|         37|        120|     74482.93630|        739|00:18:38|+0.01|0.05|0.9618|
|x|         24|         37|        120|     74483.49429|        766|00:18:11|+0.01|0.05|0.9605|
|x|         36|         37|        120|     74491.33069|        793|00:19:21|+0.01|0.05|0.9625|
|-|          6|         26|        120|     74484.29833|        820|00:20:03|-0.01|0.02|0.9739|
|x|         40|         26|        120|     74492.60871|        836|00:15:45|-0.01|0.02|0.9722|
|x|         35|         26|        120|     74486.78313|        852|00:15:11|-0.00|0.03|0.9685|
|x|         13|         26|        120|     74482.94879|        868|00:16:53|-0.00|0.03|0.9647|
|x|         28|         26|        129|     74473.33206|        884|00:15:36|+0.00|0.03|0.9625|
|x|         14|         26|        129|     74481.85971|        900|00:16:37|+0.00|0.03|0.9620|
|x|         21|         26|        129|     74475.94444|        916|00:15:51|+0.00|0.03|0.9605|
|x|         42|         26|        129|     74473.95730|        932|00:15:54|+0.00|0.03|0.9622|
|x|         50|         26|        129|     74477.91789|        948|00:14:40|+0.00|0.03|0.9624|
|x|         31|         26|        129|     74487.92487|        964|00:14:49|+0.00|0.03|0.9615|
|=|         45|         26|        129|     74488.11150|        980|00:14:49|+0.00|0.03|0.9614|
|x|          5|         26|        129|     74490.49732|        996|00:20:33|+0.00|0.03|0.9634|
|x|         19|         26|        129|     74495.51333|       1012|00:15:43|-0.00|0.02|0.9649|
|x|         15|         26|        129|     74497.12907|       1028|00:16:28|-0.00|0.02|0.9659|
|x|         10|         26|        129|     74501.21705|       1044|00:15:42|-0.01|0.02|0.9680|
|x|         37|         26|        129|     74501.73289|       1060|00:15:56|-0.00|0.02|0.9675|
|x|         23|         26|        129|     74498.97304|       1076|00:15:39|-0.00|0.02|0.9671|
|x|         29|         26|        129|     74495.81277|       1092|00:16:20|-0.00|0.02|0.9662|
|x|          3|         26|        129|     74498.62042|       1108|00:14:49|-0.00|0.02|0.9650|
|x|         38|         26|        129|     74492.27857|       1124|00:16:29|-0.00|0.02|0.9636|
|=|          9|         26|        129|     74493.64700|       1140|00:23:46|-0.00|0.02|0.9626|
|x|         17|         26|        129|     74490.42216|       1156|00:16:58|-0.00|0.02|0.9613|
|x|         52|         26|        129|     74491.44712|       1182|00:18:15|-0.00|0.02|0.9613|
|x|         53|         26|        129|     74489.78302|       1208|00:18:31|-0.00|0.02|0.9622|
|x|         54|         26|        129|     74489.84148|       1234|00:17:41|-0.00|0.02|0.9614|
|x|         55|         26|        129|     74490.13945|       1260|00:17:35|-0.00|0.02|0.9613|
|x|         56|         26|        129|     74492.15714|       1286|00:17:12|+0.00|0.02|0.9606|
|x|         57|         26|        129|     74489.35088|       1312|00:17:36|+0.00|0.02|0.9590|
|x|         58|         26|        129|     74493.02655|       1338|00:18:09|+0.00|0.02|0.9586|
|x|         59|         26|        129|     74497.70576|       1364|00:17:25|+0.00|0.02|0.9589|
|=|         60|         26|        129|     74501.19533|       1390|00:18:09|+0.00|0.02|0.9592|
|x|         61|         26|        109|     74512.69623|       1416|00:20:00|+0.00|0.02|0.9595|
|x|         62|         26|        109|     74511.50855|       1442|00:18:41|+0.00|0.02|0.9587|
|x|         63|         26|        129|     74501.68143|       1468|00:19:15|+0.00|0.02|0.9586|
|x|         64|         26|        109|     74514.32750|       1494|00:18:34|+0.00|0.02|0.9587|
|x|         65|         26|        109|     74515.54908|       1520|00:22:08|+0.00|0.02|0.9572|
|x|         66|         26|        109|     74514.78470|       1546|00:17:07|+0.00|0.02|0.9566|
|x|         67|         26|        109|     74510.98254|       1572|00:24:50|+0.00|0.02|0.9568|
|x|         68|         26|        109|     74509.36353|       1598|00:27:30|+0.01|0.02|0.9558|
|x|         69|         26|        109|     74510.55913|       1624|00:17:57|+0.00|0.02|0.9557|
|=|         70|         26|        109|     74504.08943|       1650|00:18:05|+0.00|0.02|0.9561|
+-+-----------+-----------+-----------+----------------+-----------+--------+-----+----+------+
Best-so-far configuration:         109    mean value:      74504.08943
Description of the best-so-far configuration:
    .ID. his_len max_attempts .PARENT.
109  109    5888          455       63

# 2025-12-28 11:44:59 GMT: Elite configurations (first number is the configuration ID; listed from best to worst according to the sum of ranks):
    his_len max_attempts
109    5888          455
129    6220          446
33     6167          453
106    6253          454
126    6262          494
120    5787          444
113    5867          445
108    5954          466
105    6199          464
82     6579          496
# 2025-12-28 11:44:59 GMT: Iteration 4 of 4
# experimentsUsed: 3380
# remainingBudget: 120
# currentBudget: 120
# nbConfigurations: 11
# Markers:
     x No test is performed.
     c Configurations are discarded only due to capping.
     - The test is performed and some configurations are discarded.
     = The test is performed but no configuration is discarded.
     ! The test is performed and configurations could be discarded but elite configurations are preserved.
     . All alive configurations are elite and nothing is discarded.

+-+-----------+-----------+-----------+----------------+-----------+--------+-----+----+------+
| |   Instance|      Alive|       Best|       Mean best| Exp so far|  W time|  rho|KenW|  Qvar|
+-+-----------+-----------+-----------+----------------+-----------+--------+-----+----+------+
|x|         60|         11|        105|     74155.50000|          1|00:14:03|   NA|  NA|    NA|
|x|          3|         11|        105|     74149.59500|          2|00:11:52|-0.01|0.50|0.6527|
|x|         55|         11|        105|     74243.50000|          3|00:13:54|+0.07|0.38|0.7610|
|x|         22|         11|        105|     74278.77250|          4|00:14:07|+0.25|0.44|0.6537|
|x|         46|         11|        105|     74341.48200|          5|00:13:57|+0.11|0.29|0.7773|
|x|         65|         11|        105|     74347.75167|          6|00:15:03|+0.13|0.28|0.7663|
|x|         35|         11|        105|     74336.14143|          7|00:13:47|+0.12|0.24|0.7757|
slurmstepd: error: *** JOB 1643900 ON node131 CANCELLED AT 2025-12-28T13:34:49 DUE TO TIME LIMIT ***
