Starting irace...
# 2025-12-29 15:53:05 GMT: Reading parameter file '/gpfs/home/e/exx866/IRACE-b-LAHC/all-instances-fine/E-n35-k3-s5-p2/parameters.txt'.
# 2025-12-29 15:53:05 GMT: Read 1 configuration(s) from file '/gpfs/home/e/exx866/IRACE-b-LAHC/all-instances-fine/E-n35-k3-s5-p2/configurations.txt'
# 2025-12-29 15:53:05 GMT: Initialization
# Elitist race
# Elitist new instances: 1
# Elitist limit: 2
# nbIterations: 3
# minNbSurvival: 10
# nbParameters: 2
# seed: 1941718591
# confidence level: 0.95
# budget: 6000
# mu: 10
# deterministic: FALSE

# 2025-12-29 15:53:05 GMT: Iteration 1 of 3
# experimentsUsed: 0
# remainingBudget: 6000
# currentBudget: 2000
# nbConfigurations: 100
# Markers:
     x No test is performed.
     c Configurations are discarded only due to capping.
     - The test is performed and some configurations are discarded.
     = The test is performed but no configuration is discarded.
     ! The test is performed and configurations could be discarded but elite configurations are preserved.
     . All alive configurations are elite and nothing is discarded.

+-+-----------+-----------+-----------+----------------+-----------+--------+-----+----+------+
| |   Instance|      Alive|       Best|       Mean best| Exp so far|  W time|  rho|KenW|  Qvar|
+-+-----------+-----------+-----------+----------------+-----------+--------+-----+----+------+
|x|          1|        100|          1|     514.9200000|        100|00:00:41|   NA|  NA|    NA|
|x|          2|        100|          1|     514.9200000|        200|00:00:41|+0.00|0.50|0.4950|
|x|          3|        100|          1|     514.9200000|        300|00:00:42|-0.02|0.32|0.6665|
|x|          4|        100|          1|     514.9200000|        400|00:00:41|-0.01|0.24|0.4983|
|x|          5|        100|          1|     514.9200000|        500|00:00:41|-0.01|0.19|0.5988|
|x|          6|        100|          1|     514.9200000|        600|00:00:40|-0.02|0.15|0.6663|
|x|          7|        100|          1|     514.9200000|        700|00:00:41|-0.01|0.13|0.5702|
|x|          8|        100|          1|     514.9200000|        800|00:00:42|-0.01|0.11|0.4984|
|x|          9|        100|          1|     514.9200000|        900|00:00:40|-0.01|0.10|0.4426|
|=|         10|        100|          1|     514.9200000|       1000|00:00:41|-0.01|0.09|0.3981|
|x|         11|        100|          1|     514.9200000|       1100|00:00:39|-0.01|0.08|0.4527|
|x|         12|        100|          1|     514.9200000|       1200|00:00:41|-0.01|0.07|0.4147|
|x|         13|        100|          1|     514.9200000|       1300|00:00:38|-0.01|0.07|0.3827|
|x|         14|        100|          1|     514.9200000|       1400|00:00:41|-0.01|0.06|0.3552|
|x|         15|        100|          1|     514.9200000|       1500|00:00:40|-0.01|0.06|0.3314|
|x|         16|        100|          1|     514.9200000|       1600|00:00:40|-0.01|0.06|0.3106|
|x|         17|        100|          1|     514.9200000|       1700|00:00:41|-0.00|0.05|0.3511|
|x|         18|        100|          1|     514.9200000|       1800|00:00:41|-0.00|0.05|0.3873|
|x|         19|        100|          1|     514.9200000|       1900|00:00:41|-0.00|0.05|0.3668|
|=|         20|        100|          1|     514.9200000|       2000|00:00:41|+0.00|0.05|0.3984|
+-+-----------+-----------+-----------+----------------+-----------+--------+-----+----+------+
Best-so-far configuration:           1    mean value:      514.9200000
Description of the best-so-far configuration:
  .ID. his_len max_attempts .PARENT.
1    1    5665           59       NA

# 2025-12-29 16:06:50 GMT: Elite configurations (first number is the configuration ID; listed from best to worst according to the sum of ranks):
   his_len max_attempts
1     5665           59
5     5866           24
6     6305           70
7     4549           33
8     5427           89
10    4329           56
11    6086           93
12    5207           75
15    5647           29
16    4768           84
# 2025-12-29 16:06:50 GMT: Iteration 2 of 3
# experimentsUsed: 2000
# remainingBudget: 4000
# currentBudget: 2000
# nbConfigurations: 73
# Markers:
     x No test is performed.
     c Configurations are discarded only due to capping.
     - The test is performed and some configurations are discarded.
     = The test is performed but no configuration is discarded.
     ! The test is performed and configurations could be discarded but elite configurations are preserved.
     . All alive configurations are elite and nothing is discarded.

+-+-----------+-----------+-----------+----------------+-----------+--------+-----+----+------+
| |   Instance|      Alive|       Best|       Mean best| Exp so far|  W time|  rho|KenW|  Qvar|
+-+-----------+-----------+-----------+----------------+-----------+--------+-----+----+------+
|x|         21|         73|          1|     514.9200000|         73|00:00:27|   NA|  NA|    NA|
|x|         20|         73|          1|     514.9200000|        136|00:00:22|+0.18|0.59|0.9694|
|x|         10|         73|          1|     514.9200000|        199|00:00:23|+0.09|0.39|0.6519|
|x|         15|         73|          1|     514.9200000|        262|00:00:22|+0.03|0.27|0.7480|
|x|         11|         73|          1|     514.9200000|        325|00:00:22|+0.03|0.23|0.8018|
|x|          4|         73|          1|     514.9200000|        388|00:00:22|+0.03|0.19|0.6661|
|x|         19|         73|          1|     514.9200000|        451|00:00:22|+0.02|0.16|0.5697|
|x|         14|         73|          1|     514.9200000|        514|00:00:22|+0.02|0.14|0.4977|
|x|          7|         73|          1|     514.9200000|        577|00:00:22|+0.02|0.13|0.4419|
|=|          9|         73|          1|     514.9200000|        640|00:00:22|+0.01|0.11|0.3974|
|x|          3|         73|          1|     514.9200000|        703|00:00:22|+0.01|0.10|0.4527|
|x|          8|         73|          1|     514.9200000|        766|00:00:22|+0.01|0.09|0.4146|
|x|          5|         73|          1|     514.9200000|        829|00:00:22|+0.00|0.08|0.4597|
|x|          2|         73|          1|     514.9200000|        892|00:00:23|+0.00|0.07|0.4983|
|x|         12|         73|          1|     514.9200000|        955|00:00:22|+0.00|0.07|0.4647|
|x|         18|         73|          1|     514.9200000|       1018|00:00:22|+0.00|0.06|0.4354|
|x|         17|         73|          1|     514.9200000|       1081|00:00:23|+0.01|0.07|0.4681|
|x|          1|         73|          1|     514.9200000|       1144|00:00:22|+0.01|0.07|0.4419|
|x|         13|         73|          1|     514.9200000|       1207|00:00:22|+0.01|0.06|0.4185|
|=|         16|         73|          1|     514.9200000|       1270|00:00:22|+0.01|0.06|0.3974|
|x|          6|         73|          1|     514.9200000|       1333|00:00:22|+0.02|0.07|0.4252|
|x|         22|         73|          1|     514.9200000|       1406|00:00:27|+0.02|0.06|0.4058|
|x|         23|         73|          1|     514.9200000|       1479|00:00:27|+0.02|0.06|0.3880|
|x|         24|         73|          1|     514.9200000|       1552|00:00:26|+0.02|0.06|0.3718|
|x|         25|         73|          1|     514.9200000|       1625|00:00:27|+0.02|0.06|0.3568|
|x|         26|         73|          1|     514.9200000|       1698|00:00:26|+0.02|0.05|0.3430|
|x|         27|         73|          1|     514.9200000|       1771|00:00:26|+0.02|0.05|0.3303|
|x|         28|         73|          1|     514.9200000|       1844|00:00:26|+0.01|0.05|0.3541|
|x|         29|         73|          1|     514.9200000|       1917|00:00:27|+0.01|0.05|0.3762|
|-|         30|         68|          1|     514.9200000|       1990|00:00:26|-0.01|0.03|0.3306|
+-+-----------+-----------+-----------+----------------+-----------+--------+-----+----+------+
Best-so-far configuration:           1    mean value:      514.9200000
Description of the best-so-far configuration:
  .ID. his_len max_attempts .PARENT.
1    1    5665           59       NA

# 2025-12-29 16:18:57 GMT: Elite configurations (first number is the configuration ID; listed from best to worst according to the sum of ranks):
    his_len max_attempts
1      5665           59
5      5866           24
6      6305           70
7      4549           33
10     4329           56
12     5207           75
15     5647           29
16     4768           84
101    5722           29
102    5746           58
# 2025-12-29 16:18:57 GMT: Iteration 3 of 3
# experimentsUsed: 3990
# remainingBudget: 2010
# currentBudget: 2010
# nbConfigurations: 57
# Markers:
     x No test is performed.
     c Configurations are discarded only due to capping.
     - The test is performed and some configurations are discarded.
     = The test is performed but no configuration is discarded.
     ! The test is performed and configurations could be discarded but elite configurations are preserved.
     . All alive configurations are elite and nothing is discarded.

+-+-----------+-----------+-----------+----------------+-----------+--------+-----+----+------+
| |   Instance|      Alive|       Best|       Mean best| Exp so far|  W time|  rho|KenW|  Qvar|
+-+-----------+-----------+-----------+----------------+-----------+--------+-----+----+------+
|x|         31|         57|          1|     514.9200000|         57|00:00:20|   NA|  NA|    NA|
|x|          1|         57|          1|     514.9200000|        104|00:00:16|+0.00|0.50|0.4912|
|x|          7|         57|          1|     514.9200000|        151|00:00:16|+0.00|0.33|0.3275|
|x|         19|         57|          1|     514.9200000|        198|00:00:16|+0.00|0.25|0.2456|
|x|         11|         57|          1|     514.9200000|        245|00:00:16|-0.02|0.18|0.3994|
|x|         28|         57|          1|     514.9200000|        292|00:00:16|-0.02|0.15|0.5002|
|x|         14|         57|          1|     514.9200000|        339|00:00:16|-0.02|0.13|0.4275|
|x|         24|         57|          1|     514.9200000|        386|00:00:16|-0.02|0.11|0.3732|
|x|         10|         57|          1|     514.9200000|        433|00:00:16|-0.02|0.10|0.3312|
|=|         18|         57|          1|     514.9200000|        480|00:00:16|-0.00|0.10|0.3956|
|x|          5|         57|          1|     514.9200000|        527|00:00:16|-0.01|0.08|0.4506|
|x|          9|         57|          1|     514.9200000|        574|00:00:16|-0.01|0.08|0.4127|
|x|         27|         57|          1|     514.9200000|        621|00:00:16|-0.01|0.07|0.3807|
|x|          8|         57|          1|     514.9200000|        668|00:00:16|-0.01|0.07|0.3533|
|x|         21|         57|          1|     514.9200000|        715|00:00:16|-0.00|0.06|0.3965|
|x|         13|         57|          1|     514.9200000|        762|00:00:15|-0.00|0.06|0.3715|
|x|         17|         57|          1|     514.9200000|        809|00:00:16|-0.01|0.05|0.4084|
|x|         30|         57|          1|     514.9200000|        856|00:00:16|-0.00|0.05|0.4404|
|x|         23|         57|          1|     514.9200000|        903|00:00:16|-0.00|0.05|0.4170|
|=|         25|         57|          1|     514.9200000|        950|00:00:16|-0.00|0.05|0.3960|
|x|         16|         57|          1|     514.9200000|        997|00:00:16|-0.00|0.04|0.3770|
|x|         12|         57|          1|     514.9200000|       1044|00:00:16|-0.00|0.04|0.3598|
|x|         15|         57|          1|     514.9200000|       1091|00:00:16|-0.00|0.04|0.3875|
|x|          6|         57|          1|     514.9200000|       1138|00:00:16|-0.00|0.04|0.3712|
|x|          4|         57|          1|     514.9200000|       1185|00:00:16|-0.00|0.04|0.3562|
|x|         26|         57|          1|     514.9200000|       1232|00:00:16|-0.00|0.03|0.3424|
|x|         29|         57|          1|     514.9200000|       1279|00:00:16|-0.00|0.03|0.3297|
|x|          2|         57|          1|     514.9200000|       1326|00:00:16|-0.00|0.03|0.3533|
|x|         20|         57|          1|     514.9200000|       1373|00:00:16|-0.00|0.03|0.3754|
|=|         22|         57|          1|     514.9200000|       1420|00:00:16|-0.00|0.03|0.3628|
|x|          3|         57|          1|     514.9200000|       1467|00:00:16|-0.00|0.03|0.3510|
|x|         32|         57|          1|     514.9200000|       1524|00:00:20|-0.00|0.03|0.3400|
|x|         33|         57|          1|     514.9200000|       1581|00:00:20|-0.00|0.03|0.3296|
|x|         34|         57|          1|     514.9200000|       1638|00:00:19|-0.00|0.03|0.3199|
|x|         35|         57|          1|     514.9200000|       1695|00:00:20|-0.00|0.03|0.3107|
|x|         36|         57|          1|     514.9200000|       1752|00:00:20|-0.00|0.03|0.3020|
|x|         37|         57|          1|     514.9200000|       1809|00:00:20|-0.00|0.03|0.2938|
|x|         38|         57|          1|     514.9200000|       1866|00:00:20|-0.00|0.02|0.3118|
|x|         39|         57|          1|     514.9200000|       1923|00:00:20|-0.00|0.02|0.3038|
|=|         40|         57|          1|     514.9200000|       1980|00:00:20|-0.00|0.02|0.3201|
+-+-----------+-----------+-----------+----------------+-----------+--------+-----+----+------+
Best-so-far configuration:           1    mean value:      514.9200000
Description of the best-so-far configuration:
  .ID. his_len max_attempts .PARENT.
1    1    5665           59       NA

# 2025-12-29 16:30:37 GMT: Elite configurations (first number is the configuration ID; listed from best to worst according to the sum of ranks):
    his_len max_attempts
1      5665           59
7      4549           33
10     4329           56
15     5647           29
16     4768           84
165    5680           29
168    5708           59
170    5673           59
171    4518           33
173    5572           59
# 2025-12-29 16:30:37 GMT: Stopped because there is not enough budget left to race more than the minimum (10).
# You may either increase the budget or set 'minNbSurvival' to a lower value.
# Iteration: 4
# nbIterations: 4
# experimentsUsed: 5970
# timeUsed: 0
# remainingBudget: 30
# currentBudget: 30
# number of elites: 10
# nbConfigurations: 10
# Total CPU user time: 1317.863, CPU sys time: 6774.398, Wall-clock time: 2252.461
# 2025-12-29 16:30:37 GMT: Starting post-selection:
# Configurations selected: 1, 7, 10.
# Pending instances: 0, 0, 0.
# 2025-12-29 16:30:37 GMT: seed: 1941718591
# Configurations: 3
# Available experiments: 30
# minSurvival: 1
# Markers:
     x No test is performed.
     c Configurations are discarded only due to capping.
     - The test is performed and some configurations are discarded.
     = The test is performed but no configuration is discarded.
     ! The test is performed and configurations could be discarded but elite configurations are preserved.
     . All alive configurations are elite and nothing is discarded.

+-+-----------+-----------+-----------+----------------+-----------+--------+-----+----+------+
| |   Instance|      Alive|       Best|       Mean best| Exp so far|  W time|  rho|KenW|  Qvar|
+-+-----------+-----------+-----------+----------------+-----------+--------+-----+----+------+
|.|         32|          3|          1|     514.9200000|          0|00:00:00|   NA|  NA|    NA|
|.|          7|          3|          1|     514.9200000|          0|00:00:00|+1.00|1.00|0.0000|
|.|         15|          3|          1|     514.9200000|          0|00:00:00|+1.00|1.00|0.0000|
|.|         38|          3|          1|     514.9200000|          0|00:00:00|+1.00|1.00|0.0000|
|.|         25|          3|          1|     514.9200000|          0|00:00:00|+1.00|1.00|0.0000|
|.|          1|          3|          1|     514.9200000|          0|00:00:00|+1.00|1.00|0.0000|
|.|         40|          3|          1|     514.9200000|          0|00:00:00|+1.00|1.00|0.0000|
|.|         17|          3|          1|     514.9200000|          0|00:00:00|+1.00|1.00|0.0000|
|.|         34|          3|          1|     514.9200000|          0|00:00:00|+1.00|1.00|0.0000|
|.|         21|          3|          1|     514.9200000|          0|00:00:00|+1.00|1.00|0.0000|
|.|         28|          3|          1|     514.9200000|          0|00:00:00|+1.00|1.00|0.0000|
|.|         39|          3|          1|     514.9200000|          0|00:00:00|+1.00|1.00|0.0000|
|.|         19|          3|          1|     514.9200000|          0|00:00:00|+1.00|1.00|0.0000|
|.|          3|          3|          1|     514.9200000|          0|00:00:00|+1.00|1.00|0.0000|
|.|         29|          3|          1|     514.9200000|          0|00:00:00|+1.00|1.00|0.0000|
|.|         14|          3|          1|     514.9200000|          0|00:00:00|+1.00|1.00|0.0000|
|.|         11|          3|          1|     514.9200000|          0|00:00:00|+1.00|1.00|0.0000|
|.|         27|          3|          1|     514.9200000|          0|00:00:00|+1.00|1.00|0.0000|
|.|         30|          3|          1|     514.9200000|          0|00:00:00|+1.00|1.00|0.0000|
|.|         35|          3|          1|     514.9200000|          0|00:00:00|+1.00|1.00|0.0000|
|.|          2|          3|          1|     514.9200000|          0|00:00:00|+1.00|1.00|0.0000|
|.|         36|          3|          1|     514.9200000|          0|00:00:00|+1.00|1.00|0.0000|
|.|         10|          3|          1|     514.9200000|          0|00:00:00|+1.00|1.00|0.0000|
|.|         12|          3|          1|     514.9200000|          0|00:00:00|+1.00|1.00|0.0000|
|.|         22|          3|          1|     514.9200000|          0|00:00:00|+1.00|1.00|0.0000|
|.|         33|          3|          1|     514.9200000|          0|00:00:00|+1.00|1.00|0.0000|
|.|         18|          3|          1|     514.9200000|          0|00:00:00|+1.00|1.00|0.0000|
|.|         37|          3|          1|     514.9200000|          0|00:00:00|+1.00|1.00|0.0000|
|.|         26|          3|          1|     514.9200000|          0|00:00:00|+1.00|1.00|0.0000|
|.|          8|          3|          1|     514.9200000|          0|00:00:00|+1.00|1.00|0.0000|
|.|         13|          3|          1|     514.9200000|          0|00:00:00|+1.00|1.00|0.0000|
|.|          6|          3|          1|     514.9200000|          0|00:00:00|+1.00|1.00|0.0000|
|.|         16|          3|          1|     514.9200000|          0|00:00:00|+1.00|1.00|0.0000|
|.|         24|          3|          1|     514.9200000|          0|00:00:00|+1.00|1.00|0.0000|
|.|         23|          3|          1|     514.9200000|          0|00:00:00|+1.00|1.00|0.0000|
|.|         20|          3|          1|     514.9200000|          0|00:00:00|+1.00|1.00|0.0000|
|.|          5|          3|          1|     514.9200000|          0|00:00:00|+1.00|1.00|0.0000|
|.|          4|          3|          1|     514.9200000|          0|00:00:00|+1.00|1.00|0.0000|
|.|         31|          3|          1|     514.9200000|          0|00:00:00|+1.00|1.00|0.0000|
|.|          9|          3|          1|     514.9200000|          0|00:00:00|+1.00|1.00|0.0000|
|x|         41|          3|          1|     514.9200000|          3|00:00:00|+1.00|1.00|0.0000|
|x|         42|          3|          1|     514.9200000|          6|00:00:00|+1.00|1.00|0.0000|
|x|         43|          3|          1|     514.9200000|          9|00:00:00|+1.00|1.00|0.0000|
|x|         44|          3|          1|     514.9200000|         12|00:00:00|+1.00|1.00|0.0000|
|x|         45|          3|          1|     514.9200000|         15|00:00:00|+1.00|1.00|0.0000|
|x|         46|          3|          1|     514.9200000|         18|00:00:00|+1.00|1.00|0.0000|
|x|         47|          3|          1|     514.9200000|         21|00:00:00|+1.00|1.00|0.0000|
|x|         48|          3|          1|     514.9200000|         24|00:00:00|+1.00|1.00|0.0000|
|x|         49|          3|          1|     514.9200000|         27|00:00:00|+1.00|1.00|0.0000|
|=|         50|          3|          1|     514.9200000|         30|00:00:00|+1.00|1.00|0.0000|
+-+-----------+-----------+-----------+----------------+-----------+--------+-----+----+------+
Best-so-far configuration:           1    mean value:      514.9200000
Description of the best-so-far configuration:
  .ID. his_len max_attempts .PARENT.
1    1    5665           59       NA

# 2025-12-29 16:30:45 GMT: Elite configurations (first number is the configuration ID; listed from best to worst according to the sum of ranks):
   his_len max_attempts
1     5665           59
7     4549           33
10    4329           56
# Total CPU user time: 1324.002, CPU sys time: 6792.902, Wall-clock time: 2260.405
# Best configurations (first number is the configuration ID; listed from best to worst according to the sum of ranks):
   his_len max_attempts
1     5665           59
7     4549           33
10    4329           56
# Best configurations as commandlines (first number is the configuration ID; listed from best to worst according to the sum of ranks):
1  -his_len 5665 -max_attempts 59
7  -his_len 4549 -max_attempts 33
10 -his_len 4329 -max_attempts 56


# Testing of elite configurations: 1 
# Testing iteration configurations: FALSE 
# 2025-12-29 16:30:45 GMT: No test instances, skip testing
