Starting irace...
# 2026-01-09 14:09:35 GMT: Reading parameter file '/gpfs/home/e/exx866/IRACE-b-LAHC/all-instances-fine/X-n143-k7/parameters.txt'.
# 2026-01-09 14:09:36 GMT: Read 1 configuration(s) from file '/gpfs/home/e/exx866/IRACE-b-LAHC/all-instances-fine/X-n143-k7/configurations.txt'
# 2026-01-09 14:09:36 GMT: Initialization
# Elitist race
# Elitist new instances: 1
# Elitist limit: 2
# nbIterations: 3
# minNbSurvival: 10
# nbParameters: 2
# seed: 1791743172
# confidence level: 0.95
# budget: 8000
# mu: 10
# deterministic: FALSE

# 2026-01-09 14:09:36 GMT: Iteration 1 of 3
# experimentsUsed: 0
# remainingBudget: 8000
# currentBudget: 2666
# nbConfigurations: 133
# Markers:
     x No test is performed.
     c Configurations are discarded only due to capping.
     - The test is performed and some configurations are discarded.
     = The test is performed but no configuration is discarded.
     ! The test is performed and configurations could be discarded but elite configurations are preserved.
     . All alive configurations are elite and nothing is discarded.

+-+-----------+-----------+-----------+----------------+-----------+--------+-----+----+------+
| |   Instance|      Alive|       Best|       Mean best| Exp so far|  W time|  rho|KenW|  Qvar|
+-+-----------+-----------+-----------+----------------+-----------+--------+-----+----+------+
|x|          1|        133|         37|     15915.71000|        133|00:00:35|   NA|  NA|    NA|
|x|          2|        133|         33|     15983.91000|        266|00:00:34|+0.52|0.76|0.4188|
|x|          3|        133|         44|     15991.23000|        399|00:00:35|+0.53|0.69|0.3936|
|x|          4|        133|        127|     16033.83500|        532|00:00:34|+0.52|0.64|0.4084|
|x|          5|        133|        127|     16042.88800|        665|00:00:34|+0.48|0.59|0.4451|
|x|          6|        133|        127|     16049.78833|        798|00:00:34|+0.51|0.59|0.4042|
|x|          7|        133|         85|     16063.57714|        931|00:00:34|+0.48|0.56|0.4331|
|x|          8|        133|         44|     16057.86500|       1064|00:00:34|+0.48|0.54|0.4307|
|x|          9|        133|         85|     16068.90556|       1197|00:00:34|+0.49|0.54|0.4264|
|-|         10|         44|         85|     16057.80200|       1330|00:00:35|-0.05|0.06|1.0258|
|x|         11|         44|         44|     16063.59091|       1374|00:00:25|-0.04|0.06|1.0187|
|x|         12|         44|         85|     16066.97750|       1418|00:00:44|-0.03|0.06|1.0074|
|x|         13|         44|         85|     16068.78615|       1462|00:00:34|-0.02|0.06|1.0019|
|x|         14|         44|         85|     16073.21429|       1506|00:00:37|-0.01|0.06|0.9978|
|x|         15|         44|         85|     16065.68667|       1550|00:00:35|-0.01|0.06|0.9956|
|x|         16|         44|         85|     16067.64875|       1594|00:00:40|-0.01|0.06|0.9927|
|x|         17|         44|         85|     16067.83412|       1638|00:00:37|-0.01|0.05|0.9902|
|x|         18|         44|         85|     16068.63167|       1682|00:00:38|-0.00|0.05|0.9870|
|x|         19|         44|         85|     16067.18474|       1726|00:00:42|-0.00|0.05|0.9839|
|=|         20|         44|         85|     16067.60900|       1770|00:00:28|+0.01|0.06|0.9750|
|x|         21|         44|         85|     16075.67524|       1814|00:00:45|+0.00|0.05|0.9809|
|x|         22|         44|         85|     16078.76045|       1858|00:00:33|+0.00|0.05|0.9818|
|x|         23|         44|         85|     16073.48304|       1902|00:00:44|+0.01|0.05|0.9769|
|x|         24|         44|         85|     16068.22792|       1946|00:00:33|+0.01|0.05|0.9717|
|x|         25|         44|         85|     16070.92760|       1990|00:00:43|+0.01|0.05|0.9716|
|x|         26|         44|         85|     16080.25154|       2034|00:00:35|+0.01|0.04|0.9752|
|x|         27|         44|         85|     16080.97667|       2078|00:00:43|+0.01|0.04|0.9740|
|x|         28|         44|         85|     16088.26143|       2122|00:00:36|+0.01|0.04|0.9740|
|x|         29|         44|         85|     16089.60552|       2166|00:00:43|+0.01|0.05|0.9708|
|-|         30|         34|         73|     16084.51000|       2210|00:00:33|-0.01|0.02|0.9813|
|x|         31|         34|         73|     16085.07032|       2244|00:00:30|-0.01|0.02|0.9811|
|x|         32|         34|         73|     16087.54563|       2278|00:00:32|-0.01|0.02|0.9800|
|x|         33|         34|         75|     16091.11303|       2312|00:00:30|-0.01|0.02|0.9790|
|x|         34|         34|          1|     16083.50441|       2346|00:00:32|-0.01|0.02|0.9793|
|x|         35|         34|          1|     16083.24714|       2380|00:00:26|-0.00|0.02|0.9779|
|x|         36|         34|          1|     16084.47167|       2414|00:00:25|-0.00|0.02|0.9769|
|x|         37|         34|          1|     16088.19514|       2448|00:00:25|-0.00|0.02|0.9750|
|x|         38|         34|         73|     16097.05026|       2482|00:00:29|-0.00|0.02|0.9747|
|x|         39|         34|         75|     16095.24538|       2516|00:00:29|-0.00|0.02|0.9752|
|=|         40|         34|         47|     16099.09550|       2550|00:00:25|-0.00|0.02|0.9755|
+-+-----------+-----------+-----------+----------------+-----------+--------+-----+----+------+
Best-so-far configuration:          47    mean value:      16099.09550
Description of the best-so-far configuration:
   .ID. his_len max_attempts .PARENT.
47   47    8719           20       NA

# 2026-01-09 14:32:50 GMT: Elite configurations (first number is the configuration ID; listed from best to worst according to the sum of ranks):
    his_len max_attempts
47     8719           20
76     3531          114
75     5531           65
57     3969          100
73     9032           27
1      5723           60
83     4281          108
85     2281           58
34     4219           82
113    7157           37
# 2026-01-09 14:32:50 GMT: Iteration 2 of 3
# experimentsUsed: 2550
# remainingBudget: 5450
# currentBudget: 2725
# nbConfigurations: 62
# Markers:
     x No test is performed.
     c Configurations are discarded only due to capping.
     - The test is performed and some configurations are discarded.
     = The test is performed but no configuration is discarded.
     ! The test is performed and configurations could be discarded but elite configurations are preserved.
     . All alive configurations are elite and nothing is discarded.

+-+-----------+-----------+-----------+----------------+-----------+--------+-----+----+------+
| |   Instance|      Alive|       Best|       Mean best| Exp so far|  W time|  rho|KenW|  Qvar|
+-+-----------+-----------+-----------+----------------+-----------+--------+-----+----+------+
|x|         41|         62|         76|     15985.78000|         62|00:00:35|   NA|  NA|    NA|
|x|         35|         62|        138|     15975.68000|        114|00:00:37|-0.11|0.45|1.0027|
|x|         38|         62|        138|     15982.60333|        166|00:00:41|+0.01|0.34|0.9511|
|x|         18|         62|        185|     16040.68000|        218|00:00:41|-0.01|0.24|1.0072|
|x|         13|         62|        138|     16065.69800|        270|00:00:38|-0.00|0.20|1.0069|
|x|         10|         62|        138|     16066.44000|        322|00:00:38|+0.00|0.17|0.9902|
|x|         29|         62|        138|     16075.32714|        374|00:00:38|+0.03|0.17|0.9525|
|x|         20|         62|        138|     16079.92625|        426|00:00:37|+0.05|0.17|0.9374|
|x|          5|         62|        138|     16062.24778|        478|00:00:37|+0.04|0.15|0.9371|
|-|          8|         35|        138|     16054.56200|        530|00:00:36|-0.05|0.06|1.0141|
|x|          6|         35|        138|     16055.28727|        555|00:00:19|-0.03|0.06|1.0086|
|x|         31|         35|        138|     16056.62750|        580|00:00:22|-0.02|0.06|1.0017|
|x|         24|         35|        138|     16066.99538|        605|00:00:22|-0.03|0.05|1.0031|
|x|         16|         35|        138|     16065.64429|        630|00:00:24|-0.03|0.05|1.0053|
|x|          1|         35|        138|     16073.89333|        655|00:00:27|-0.03|0.04|1.0034|
|x|         32|         35|        183|     16066.91500|        680|00:00:19|-0.02|0.05|0.9982|
|x|         17|         35|        183|     16065.73353|        705|00:00:33|-0.02|0.04|1.0012|
|x|         30|         35|        185|     16064.31167|        730|00:00:23|-0.01|0.04|0.9941|
|x|         25|         35|        183|     16070.04105|        755|00:00:21|-0.01|0.04|0.9924|
|=|         27|         35|        183|     16071.21550|        780|00:00:19|-0.02|0.03|0.9959|
|x|         21|         35|        172|     16068.38857|        805|00:00:21|-0.01|0.04|0.9902|
|x|         12|         35|        172|     16071.29773|        830|00:00:19|-0.01|0.03|0.9922|
|x|         26|         35|        172|     16078.41000|        855|00:00:21|-0.02|0.03|0.9949|
|x|         37|         35|        183|     16082.01750|        880|00:00:18|-0.01|0.03|0.9881|
|x|         14|         35|        172|     16072.28240|        905|00:00:21|-0.01|0.03|0.9819|
|x|         33|         35|        172|     16077.29885|        930|00:00:17|-0.00|0.03|0.9802|
|x|         11|         35|        183|     16084.19000|        955|00:00:32|-0.01|0.03|0.9816|
|x|          7|         35|        183|     16083.55786|        980|00:00:23|-0.01|0.03|0.9812|
|x|         40|         35|        183|     16082.48621|       1005|00:00:19|-0.00|0.03|0.9817|
|=|         23|         35|        183|     16085.74033|       1030|00:00:21|-0.00|0.03|0.9788|
|x|          3|         35|        183|     16081.09516|       1055|00:00:19|-0.00|0.03|0.9790|
|x|         28|         35|        183|     16082.33219|       1080|00:00:21|-0.00|0.03|0.9768|
|x|         22|         35|        183|     16087.63364|       1105|00:00:18|-0.00|0.03|0.9787|
|x|          4|         35|        183|     16092.82735|       1130|00:00:22|-0.01|0.02|0.9809|
|x|         19|         35|        172|     16088.76800|       1155|00:00:35|-0.00|0.02|0.9800|
|x|          2|         35|        172|     16086.75944|       1180|00:00:21|-0.00|0.03|0.9781|
|x|         15|         35|        172|     16083.91811|       1205|00:00:20|-0.00|0.03|0.9776|
|x|         39|         35|        172|     16084.97895|       1230|00:00:18|+0.00|0.03|0.9747|
|x|          9|         35|        172|     16085.25128|       1255|00:00:21|-0.00|0.02|0.9776|
|=|         34|         35|        172|     16087.05575|       1280|00:00:20|-0.00|0.02|0.9762|
|x|         36|         35|        172|     16086.86341|       1305|00:00:22|-0.00|0.02|0.9766|
|x|         42|         35|        138|     16095.99000|       1340|00:00:38|-0.00|0.02|0.9768|
|x|         43|         35|        138|     16094.83535|       1375|00:00:25|-0.00|0.02|0.9767|
|x|         44|         35|        138|     16094.35705|       1410|00:00:23|-0.00|0.02|0.9762|
|x|         45|         35|        138|     16094.05222|       1445|00:00:25|-0.00|0.02|0.9750|
|x|         46|         35|        183|     16093.32543|       1480|00:00:35|-0.00|0.02|0.9766|
|x|         47|         35|        183|     16089.50617|       1515|00:00:35|-0.00|0.02|0.9755|
|x|         48|         35|        183|     16088.59417|       1550|00:00:28|-0.00|0.02|0.9753|
|x|         49|         35|        183|     16087.36061|       1585|00:00:14|-0.00|0.02|0.9765|
|=|         50|         35|        183|     16090.71960|       1620|00:00:22|-0.00|0.02|0.9762|
|x|         51|         35|        183|     16090.20569|       1655|00:00:23|-0.00|0.02|0.9765|
|x|         52|         35|        183|     16087.03308|       1690|00:00:22|-0.00|0.02|0.9758|
|x|         53|         35|        183|     16087.82698|       1725|00:00:22|-0.00|0.02|0.9756|
|x|         54|         35|        183|     16089.19759|       1760|00:00:22|-0.00|0.02|0.9750|
|x|         55|         35|        183|     16088.47655|       1795|00:00:21|-0.00|0.02|0.9747|
|x|         56|         35|        183|     16090.90750|       1830|00:00:21|-0.00|0.02|0.9753|
|x|         57|         35|        183|     16088.95123|       1865|00:00:23|-0.00|0.02|0.9754|
|x|         58|         35|        183|     16088.84414|       1900|00:00:22|+0.00|0.02|0.9747|
|x|         59|         35|        183|     16088.12136|       1935|00:00:22|+0.00|0.02|0.9740|
|=|         60|         35|        183|     16088.43017|       1970|00:00:24|+0.00|0.02|0.9740|
+-+-----------+-----------+-----------+----------------+-----------+--------+-----+----+------+
Best-so-far configuration:         183    mean value:      16088.43017
Description of the best-so-far configuration:
    .ID. his_len max_attempts .PARENT.
183  183    6969           38      113

# 2026-01-09 14:58:41 GMT: Elite configurations (first number is the configuration ID; listed from best to worst according to the sum of ranks):
    his_len max_attempts
183    6969           38
138    3356          132
1      5723           60
154    5018           74
34     4219           82
134    3986          123
47     8719           20
172    3789          108
85     2281           58
57     3969          100
# 2026-01-09 14:58:41 GMT: Iteration 3 of 3
# experimentsUsed: 4520
# remainingBudget: 3480
# currentBudget: 3480
# nbConfigurations: 58
# Markers:
     x No test is performed.
     c Configurations are discarded only due to capping.
     - The test is performed and some configurations are discarded.
     = The test is performed but no configuration is discarded.
     ! The test is performed and configurations could be discarded but elite configurations are preserved.
     . All alive configurations are elite and nothing is discarded.

+-+-----------+-----------+-----------+----------------+-----------+--------+-----+----+------+
| |   Instance|      Alive|       Best|       Mean best| Exp so far|  W time|  rho|KenW|  Qvar|
+-+-----------+-----------+-----------+----------------+-----------+--------+-----+----+------+
|x|         61|         58|        138|     15901.42000|         58|00:00:36|   NA|  NA|    NA|
|x|         57|         58|        138|     15906.65000|        106|00:00:31|+0.09|0.55|0.8597|
|x|         16|         58|        138|     15953.79333|        154|00:00:31|+0.05|0.37|0.9214|
|x|         48|         58|        215|     15992.43500|        202|00:00:31|+0.10|0.33|0.8819|
|x|         46|         58|        215|     16002.69600|        250|00:00:31|+0.10|0.28|0.8988|
|x|         30|         58|        215|     16015.36667|        298|00:00:31|+0.06|0.22|0.9205|
|x|          3|         58|        215|     16023.05714|        346|00:00:30|+0.06|0.19|0.9137|
|x|         27|         58|        215|     16030.96000|        394|00:00:31|+0.06|0.17|0.9269|
|x|         28|         58|        215|     16031.06333|        442|00:00:31|+0.06|0.16|0.9211|
|-|          7|         24|        215|     16022.12600|        490|00:00:31|-0.00|0.10|0.9421|
|x|         32|         24|        215|     16026.54091|        504|00:00:17|-0.00|0.09|0.9497|
|x|         58|         24|        194|     16029.31917|        518|00:00:15|-0.01|0.08|0.9454|
|x|         14|         24|        194|     16027.97923|        532|00:00:22|+0.00|0.08|0.9512|
|x|          9|         24|        194|     16035.45714|        546|00:00:12|-0.02|0.06|0.9711|
|x|          8|         24|        194|     16043.91333|        560|00:00:20|-0.02|0.04|0.9786|
|x|         50|         24|        194|     16052.79188|        574|00:00:14|-0.03|0.03|0.9864|
|x|         31|         24|        187|     16068.42412|        588|00:00:22|-0.03|0.03|0.9908|
|x|         53|         24|        187|     16068.11667|        602|00:00:16|-0.03|0.02|0.9949|
|x|         60|         24|        187|     16065.50158|        616|00:00:15|-0.03|0.03|0.9912|
|=|         51|         24|        187|     16065.88700|        630|00:00:14|-0.03|0.03|0.9883|
|x|         56|         24|        187|     16068.75952|        644|00:00:23|-0.03|0.02|0.9881|
|x|         42|         24|        187|     16069.43227|        658|00:00:14|-0.02|0.02|0.9850|
|x|         49|         24|        187|     16074.13391|        672|00:00:24|-0.02|0.02|0.9874|
|x|         24|         24|          1|     16090.61667|        686|00:00:14|-0.02|0.02|0.9884|
|x|         34|         24|          1|     16087.45280|        700|00:00:25|-0.02|0.02|0.9860|
|x|          5|         24|          1|     16085.28385|        714|00:00:17|-0.01|0.03|0.9813|
|x|         37|         24|        187|     16074.38815|        728|00:00:17|-0.01|0.02|0.9809|
|x|         55|         24|          1|     16089.71464|        742|00:00:15|-0.02|0.02|0.9826|
|x|         23|         24|        187|     16083.21310|        756|00:00:23|-0.02|0.02|0.9812|
|=|         40|         24|        187|     16082.73167|        770|00:00:14|-0.02|0.02|0.9774|
|x|         41|         24|        187|     16083.64484|        784|00:00:19|-0.01|0.02|0.9765|
|x|          4|         24|        187|     16082.45062|        798|00:00:16|-0.01|0.02|0.9780|
|x|          2|         24|        187|     16086.75545|        812|00:00:25|-0.02|0.02|0.9780|
|x|         29|         24|          1|     16093.32441|        826|00:00:13|-0.01|0.02|0.9764|
|x|         18|         24|          1|     16091.63057|        840|00:00:22|-0.01|0.02|0.9748|
|x|         10|         24|          1|     16094.54833|        854|00:00:14|-0.01|0.02|0.9764|
|x|         43|         24|        191|     16079.83784|        868|00:00:24|-0.01|0.02|0.9751|
|x|         12|         24|        183|     16092.67395|        882|00:00:24|-0.01|0.02|0.9737|
|x|         11|         24|        183|     16091.51103|        896|00:00:13|-0.01|0.01|0.9755|
|=|         20|         24|        183|     16091.86500|        910|00:00:22|-0.01|0.01|0.9754|
|x|          1|         24|        183|     16092.10390|        924|00:00:15|-0.01|0.01|0.9751|
|x|         36|         24|        183|     16092.65595|        938|00:00:23|-0.01|0.01|0.9745|
|x|          6|         24|        183|     16089.93116|        952|00:00:17|-0.01|0.01|0.9743|
|x|         39|         24|        183|     16089.26477|        966|00:00:17|-0.01|0.01|0.9731|
|x|         54|         24|        183|     16090.87756|        980|00:00:16|-0.01|0.01|0.9739|
|x|         21|         24|        193|     16090.53978|        994|00:00:24|-0.01|0.01|0.9735|
|x|         45|         24|        183|     16093.50745|       1008|00:00:13|-0.01|0.01|0.9726|
|x|         13|         24|        183|     16092.92542|       1022|00:00:21|-0.01|0.01|0.9719|
|x|         47|         24|        183|     16089.27020|       1036|00:00:14|-0.01|0.01|0.9701|
|=|         19|         24|        183|     16089.72660|       1050|00:00:25|-0.01|0.01|0.9701|
|x|         33|         24|        183|     16090.79765|       1064|00:00:19|-0.01|0.01|0.9698|
|x|         44|         24|        183|     16088.24231|       1078|00:00:15|-0.01|0.01|0.9690|
|x|         17|         24|        183|     16087.46094|       1092|00:00:16|-0.01|0.01|0.9689|
|x|         35|         24|        183|     16088.43389|       1106|00:00:24|-0.01|0.01|0.9685|
|x|         52|         24|        183|     16085.46655|       1120|00:00:15|-0.01|0.01|0.9679|
|x|         59|         24|        183|     16084.76536|       1134|00:00:19|-0.01|0.01|0.9671|
|x|         22|         24|        183|     16087.79193|       1148|00:00:16|-0.00|0.01|0.9660|
|x|         26|         24|        183|     16090.50810|       1162|00:00:23|-0.00|0.01|0.9664|
|x|         38|         24|        183|     16090.39492|       1176|00:00:16|-0.01|0.01|0.9661|
|=|         15|         24|        183|     16090.86500|       1190|00:00:19|-0.00|0.01|0.9657|
|x|         25|         24|        183|     16090.42885|       1204|00:00:15|-0.00|0.01|0.9657|
|x|         62|         24|        138|     16095.64387|       1228|00:00:27|-0.00|0.01|0.9659|
|x|         63|         24|        138|     16093.27365|       1252|00:00:26|-0.00|0.01|0.9659|
|x|         64|         24|        183|     16090.44672|       1276|00:00:18|-0.00|0.01|0.9652|
|x|         65|         24|        138|     16094.21831|       1300|00:00:22|-0.00|0.01|0.9658|
|x|         66|         24|        231|     16088.19303|       1324|00:00:21|-0.00|0.01|0.9654|
|x|         67|         24|        138|     16093.47507|       1348|00:00:22|-0.00|0.01|0.9644|
|x|         68|         24|        138|     16090.99559|       1372|00:00:28|-0.00|0.01|0.9639|
|x|         69|         24|        138|     16090.32333|       1396|00:00:25|-0.00|0.01|0.9627|
|=|         70|         24|        138|     16090.81257|       1420|00:00:16|-0.00|0.01|0.9627|
|x|         71|         24|        138|     16089.51239|       1444|00:00:25|-0.00|0.01|0.9625|
|x|         72|         24|        138|     16090.32750|       1468|00:00:21|-0.00|0.01|0.9627|
|x|         73|         24|        138|     16091.16904|       1492|00:00:24|-0.00|0.01|0.9627|
|x|         74|         24|        138|     16090.68176|       1516|00:00:28|-0.00|0.01|0.9629|
|x|         75|         24|        138|     16091.42853|       1540|00:00:23|-0.00|0.01|0.9623|
|x|         76|         24|        138|     16092.82553|       1564|00:00:17|-0.00|0.01|0.9614|
|x|         77|         24|        138|     16090.53610|       1588|00:00:25|-0.00|0.01|0.9611|
|x|         78|         24|        138|     16090.23077|       1612|00:00:19|+0.00|0.01|0.9599|
|x|         79|         24|        138|     16090.38608|       1636|00:00:28|+0.00|0.01|0.9590|
|=|         80|         24|        138|     16089.55100|       1660|00:00:26|+0.00|0.01|0.9589|
+-+-----------+-----------+-----------+----------------+-----------+--------+-----+----+------+
Best-so-far configuration:         138    mean value:      16089.55100
Description of the best-so-far configuration:
    .ID. his_len max_attempts .PARENT.
138  138    3356          132       76

# 2026-01-09 15:27:27 GMT: Elite configurations (first number is the configuration ID; listed from best to worst according to the sum of ranks):
    his_len max_attempts
138    3356          132
231    4151           84
183    6969           38
193    4315           83
1      5723           60
34     4219           82
191    4205           83
47     8719           20
172    3789          108
215    5735           61
# 2026-01-09 15:27:27 GMT: Iteration 4 of 4
# experimentsUsed: 6180
# remainingBudget: 1820
# currentBudget: 1820
# nbConfigurations: 29
# Markers:
     x No test is performed.
     c Configurations are discarded only due to capping.
     - The test is performed and some configurations are discarded.
     = The test is performed but no configuration is discarded.
     ! The test is performed and configurations could be discarded but elite configurations are preserved.
     . All alive configurations are elite and nothing is discarded.

+-+-----------+-----------+-----------+----------------+-----------+--------+-----+----+------+
| |   Instance|      Alive|       Best|       Mean best| Exp so far|  W time|  rho|KenW|  Qvar|
+-+-----------+-----------+-----------+----------------+-----------+--------+-----+----+------+
|x|         81|         29|        193|     15963.50000|         29|00:00:18|   NA|  NA|    NA|
|x|         23|         29|        193|     16015.38500|         48|00:00:21|-0.26|0.37|1.2278|
|x|         62|         29|        234|     15993.91333|         67|00:00:17|-0.11|0.26|1.1209|
|x|         34|         29|        234|     16023.91750|         86|00:00:26|-0.05|0.21|1.0250|
|x|         48|         29|        234|     16041.57400|        105|00:00:25|-0.10|0.12|1.0572|
|x|         11|         29|        234|     16053.61833|        124|00:00:14|-0.07|0.10|1.0304|
|x|         75|         29|        234|     16041.79571|        143|00:00:26|-0.04|0.11|0.9850|
|x|         24|         29|        234|     16029.80250|        162|00:00:18|-0.02|0.11|0.9643|
|x|         19|         29|        234|     16048.92667|        181|00:00:31|-0.02|0.10|0.9586|
|=|          7|         29|        234|     16048.36300|        200|00:00:21|-0.01|0.09|0.9551|
|x|         50|         29|        234|     16054.01636|        219|00:00:22|+0.00|0.09|0.9433|
|x|         29|         29|        234|     16044.97500|        238|00:00:22|+0.02|0.10|0.9306|
|x|         76|         29|        234|     16066.70846|        257|00:00:26|+0.02|0.09|0.9404|
|x|         30|         29|        242|     16058.10000|        276|00:00:21|+0.01|0.08|0.9489|
|x|          5|         29|        238|     16081.17467|        295|00:00:22|+0.01|0.08|0.9533|
|x|         35|         29|        215|     16069.95000|        314|00:00:20|+0.01|0.07|0.9534|
|x|         69|         29|        246|     16082.51294|        333|00:00:28|+0.02|0.08|0.9505|
|x|         40|         29|        191|     16071.41000|        352|00:00:17|+0.01|0.07|0.9544|
|x|         79|         29|        238|     16077.34211|        371|00:00:20|+0.01|0.06|0.9629|
|=|         28|         29|        191|     16081.47000|        390|00:00:08|-0.00|0.05|0.9674|
|x|         27|         29|        191|     16073.57571|        409|00:00:07|+0.00|0.05|0.9700|
|x|         68|         29|        191|     16082.26455|        428|00:00:07|-0.00|0.04|0.9733|
|x|          8|         29|        238|     16082.38913|        447|00:00:08|-0.00|0.04|0.9719|
|x|         57|         29|         47|     16091.84417|        466|00:00:08|-0.01|0.04|0.9721|
|x|         73|         29|        191|     16085.05200|        485|00:00:07|-0.01|0.03|0.9728|
|x|         56|         29|        191|     16082.43923|        504|00:00:07|-0.01|0.03|0.9731|
|x|          9|         29|        191|     16077.74259|        523|00:00:07|-0.01|0.03|0.9768|
|x|         67|         29|        191|     16078.91536|        542|00:00:07|-0.01|0.02|0.9789|
|x|          1|         29|        191|     16083.58552|        561|00:00:07|-0.01|0.02|0.9787|
|=|         33|         29|        191|     16083.24867|        580|00:00:07|-0.01|0.02|0.9775|
|x|         59|         29|        238|     16082.05065|        599|00:00:07|-0.01|0.02|0.9762|
|x|         14|         29|        238|     16081.68438|        618|00:00:07|-0.01|0.02|0.9752|
|x|         32|         29|        238|     16082.60061|        637|00:00:07|-0.01|0.02|0.9770|
|x|         54|         29|        238|     16077.57941|        656|00:00:07|-0.01|0.02|0.9769|
|x|         52|         29|        238|     16079.94114|        675|00:00:07|-0.01|0.02|0.9774|
|x|         65|         29|        238|     16079.35417|        694|00:00:07|-0.01|0.02|0.9749|
|x|         77|         29|        138|     16078.96216|        713|00:00:07|-0.00|0.02|0.9730|
|x|         18|         29|        238|     16082.10500|        732|00:00:07|-0.01|0.02|0.9749|
|x|         13|         29|        138|     16084.67385|        751|00:00:07|-0.00|0.02|0.9737|
|=|         26|         29|        231|     16082.73500|        770|00:00:07|-0.00|0.02|0.9724|
|x|         46|         29|        238|     16083.42561|        789|00:00:06|-0.00|0.02|0.9743|
|x|          3|         29|          1|     16081.16643|        808|00:00:07|-0.00|0.02|0.9730|
|x|         61|         29|          1|     16081.15442|        827|00:00:07|-0.00|0.02|0.9726|
|x|         21|         29|          1|     16080.95136|        846|00:00:07|-0.00|0.02|0.9721|
|x|         51|         29|          1|     16080.07667|        865|00:00:07|-0.00|0.02|0.9713|
|x|         41|         29|          1|     16084.04152|        884|00:00:06|-0.00|0.02|0.9704|
|x|         17|         29|          1|     16087.40213|        903|00:00:07|-0.00|0.02|0.9712|
|x|         10|         29|        138|     16090.77833|        922|00:00:07|-0.00|0.02|0.9715|
|x|         22|         29|          1|     16090.04286|        941|00:00:07|-0.00|0.02|0.9703|
|=|         66|         29|        231|     16091.80860|        960|00:00:06|-0.00|0.02|0.9697|
|x|          6|         29|        231|     16088.32412|        979|00:00:07|-0.00|0.02|0.9701|
|x|         38|         29|        231|     16088.22885|        998|00:00:07|-0.00|0.02|0.9712|
|x|         53|         29|        231|     16090.31434|       1017|00:00:07|-0.00|0.02|0.9702|
|x|         74|         29|        231|     16086.81630|       1036|00:00:07|-0.00|0.02|0.9695|
|x|         49|         29|        231|     16088.67982|       1055|00:00:07|-0.00|0.01|0.9711|
|x|         37|         29|        231|     16088.71000|       1074|00:00:07|-0.00|0.01|0.9705|
|x|         64|         29|        231|     16088.19404|       1093|00:00:07|-0.00|0.01|0.9701|
|x|         12|         29|        231|     16090.60552|       1112|00:00:07|-0.00|0.01|0.9703|
|x|         60|         29|        231|     16091.04610|       1131|00:00:07|-0.00|0.01|0.9694|
|=|         39|         29|        138|     16094.27483|       1150|00:00:07|-0.00|0.02|0.9681|
|x|         43|         29|        138|     16093.48902|       1169|00:00:07|-0.00|0.02|0.9680|
|x|         45|         29|        138|     16093.28177|       1188|00:00:07|-0.00|0.02|0.9679|
|x|         63|         29|        138|     16090.94905|       1207|00:00:07|-0.00|0.02|0.9678|
|x|         72|         29|        138|     16091.84359|       1226|00:00:07|-0.00|0.01|0.9681|
|x|         20|         29|        138|     16092.15554|       1245|00:00:07|-0.00|0.01|0.9689|
|x|         58|         29|        138|     16092.04742|       1264|00:00:07|-0.00|0.01|0.9681|
|x|          4|         29|        231|     16094.12045|       1283|00:00:07|-0.00|0.01|0.9683|
|x|         15|         29|        231|     16091.34265|       1302|00:00:07|-0.00|0.01|0.9682|
|x|         16|         29|        231|     16090.87609|       1321|00:00:07|-0.00|0.01|0.9683|
|=|         80|         29|        138|     16090.67343|       1340|00:00:07|-0.00|0.01|0.9685|
|x|         25|         29|        138|     16090.51493|       1359|00:00:07|-0.00|0.01|0.9684|
|x|         78|         29|        138|     16090.18444|       1378|00:00:07|+0.00|0.01|0.9680|
|x|         44|         29|        138|     16089.95986|       1397|00:00:07|+0.00|0.01|0.9673|
|x|         42|         29|        138|     16090.39176|       1416|00:00:07|+0.00|0.02|0.9670|
|x|         47|         29|        183|     16091.12973|       1435|00:00:07|+0.00|0.02|0.9660|
|x|         55|         29|        183|     16090.58250|       1454|00:00:07|+0.00|0.02|0.9656|
|x|          2|         29|        183|     16092.59831|       1473|00:00:07|+0.00|0.02|0.9660|
|x|         71|         29|        138|     16091.23038|       1492|00:00:07|+0.00|0.02|0.9652|
|x|         36|         29|        138|     16090.66785|       1511|00:00:07|+0.00|0.02|0.9644|
|=|         31|         29|        138|     16090.42663|       1530|00:00:07|+0.00|0.02|0.9646|
|x|         70|         29|        231|     16089.36136|       1549|00:00:07|+0.00|0.01|0.9648|
|x|         82|         29|        231|     16089.12280|       1578|00:00:09|+0.00|0.01|0.9649|
|x|         83|         29|        231|     16089.36096|       1607|00:00:09|+0.00|0.01|0.9653|
|x|         84|         29|        231|     16089.69155|       1636|00:00:09|+0.00|0.01|0.9655|
|x|         85|         29|        231|     16089.65212|       1665|00:00:09|+0.00|0.01|0.9656|
|x|         86|         29|        231|     16092.31477|       1694|00:00:09|+0.00|0.01|0.9658|
|x|         87|         29|        231|     16092.06966|       1723|00:00:09|+0.00|0.01|0.9653|
|x|         88|         29|        231|     16092.21295|       1752|00:00:09|+0.00|0.01|0.9655|
|x|         89|         29|        231|     16093.50034|       1781|00:00:09|+0.00|0.01|0.9655|
|=|         90|         29|        138|     16093.28111|       1810|00:00:09|+0.00|0.01|0.9656|
+-+-----------+-----------+-----------+----------------+-----------+--------+-----+----+------+
Best-so-far configuration:         138    mean value:      16093.28111
Description of the best-so-far configuration:
    .ID. his_len max_attempts .PARENT.
138  138    3356          132       76

# 2026-01-09 15:43:33 GMT: Elite configurations (first number is the configuration ID; listed from best to worst according to the sum of ranks):
    his_len max_attempts
138    3356          132
193    4315           83
231    4151           84
248    3393          132
183    6969           38
1      5723           60
234    5750           60
247    3353          132
191    4205           83
245    6970           38
# 2026-01-09 15:43:33 GMT: Stopped because there is not enough budget left to race more than the minimum (10).
# You may either increase the budget or set 'minNbSurvival' to a lower value.
# Iteration: 5
# nbIterations: 5
# experimentsUsed: 7990
# timeUsed: 0
# remainingBudget: 10
# currentBudget: 10
# number of elites: 10
# nbConfigurations: 10
# Total CPU user time: 33280.43, CPU sys time: 7266.118, Wall-clock time: 5637.886
# Best configurations (first number is the configuration ID; listed from best to worst according to the sum of ranks):
    his_len max_attempts
138    3356          132
193    4315           83
231    4151           84
248    3393          132
183    6969           38
1      5723           60
234    5750           60
247    3353          132
191    4205           83
245    6970           38
# Best configurations as commandlines (first number is the configuration ID; listed from best to worst according to the sum of ranks):
138 -his_len 3356 -max_attempts 132
193 -his_len 4315 -max_attempts 83
231 -his_len 4151 -max_attempts 84
248 -his_len 3393 -max_attempts 132
183 -his_len 6969 -max_attempts 38
1   -his_len 5723 -max_attempts 60
234 -his_len 5750 -max_attempts 60
247 -his_len 3353 -max_attempts 132
191 -his_len 4205 -max_attempts 83
245 -his_len 6970 -max_attempts 38


# Testing of elite configurations: 1 
# Testing iteration configurations: FALSE 
# 2026-01-09 15:43:33 GMT: No test instances, skip testing
