Starting irace...
# 2025-12-26 13:34:56 GMT: Reading parameter file '/gpfs/home/e/exx866/IRACE-b-LAHC/all-instances-rough/X-n577-k30-s4/parameters.txt'.
# 2025-12-26 13:34:56 GMT: Read 1 configuration(s) from file '/gpfs/home/e/exx866/IRACE-b-LAHC/all-instances-rough/X-n577-k30-s4/configurations.txt'
# 2025-12-26 13:34:57 GMT: Initialization
# Elitist race
# Elitist new instances: 1
# Elitist limit: 2
# nbIterations: 3
# minNbSurvival: 10
# nbParameters: 2
# seed: 2123416573
# confidence level: 0.95
# budget: 3500
# mu: 10
# deterministic: FALSE

# 2025-12-26 13:34:57 GMT: Iteration 1 of 3
# experimentsUsed: 0
# remainingBudget: 3500
# currentBudget: 1166
# nbConfigurations: 58
# Markers:
     x No test is performed.
     c Configurations are discarded only due to capping.
     - The test is performed and some configurations are discarded.
     = The test is performed but no configuration is discarded.
     ! The test is performed and configurations could be discarded but elite configurations are preserved.
     . All alive configurations are elite and nothing is discarded.

+-+-----------+-----------+-----------+----------------+-----------+--------+-----+----+------+
| |   Instance|      Alive|       Best|       Mean best| Exp so far|  W time|  rho|KenW|  Qvar|
+-+-----------+-----------+-----------+----------------+-----------+--------+-----+----+------+
|x|          1|         58|          9|     51096.44000|         58|00:04:50|   NA|  NA|    NA|
|x|          2|         58|          9|     51140.79500|        116|00:04:29|+0.93|0.96|0.0264|
|x|          3|         58|         17|     51145.61000|        174|00:04:27|+0.94|0.96|0.0222|
|x|          4|         58|          9|     51157.12500|        232|00:04:43|+0.93|0.95|0.0238|
|x|          5|         58|         18|     51146.82200|        290|00:04:49|+0.94|0.95|0.0233|
|x|          6|         58|         18|     51143.81167|        348|00:04:52|+0.94|0.95|0.0241|
|x|          7|         58|         18|     51157.41857|        406|00:04:48|+0.93|0.94|0.0262|
|x|          8|         58|         18|     51162.69875|        464|00:04:10|+0.92|0.93|0.0284|
|x|          9|         58|         18|     51163.39556|        522|00:04:05|+0.91|0.92|0.0387|
|-|         10|          5|         18|     51157.13100|        580|00:04:44|-0.03|0.08|0.7902|
+-+-----------+-----------+-----------+----------------+-----------+--------+-----+----+------+
Best-so-far configuration:          18    mean value:      51157.13100
Description of the best-so-far configuration:
   .ID. his_len max_attempts .PARENT.
18   18    4878          229       NA

# 2025-12-26 14:20:59 GMT: Elite configurations (first number is the configuration ID; listed from best to worst according to the sum of ranks):
   his_len max_attempts
18    4878          229
9     5494          213
17    4262          494
56    6417           80
44    5801          315
# 2025-12-26 14:20:59 GMT: Iteration 2 of 3
# experimentsUsed: 580
# remainingBudget: 2920
# currentBudget: 1460
# nbConfigurations: 50
# Markers:
     x No test is performed.
     c Configurations are discarded only due to capping.
     - The test is performed and some configurations are discarded.
     = The test is performed but no configuration is discarded.
     ! The test is performed and configurations could be discarded but elite configurations are preserved.
     . All alive configurations are elite and nothing is discarded.

+-+-----------+-----------+-----------+----------------+-----------+--------+-----+----+------+
| |   Instance|      Alive|       Best|       Mean best| Exp so far|  W time|  rho|KenW|  Qvar|
+-+-----------+-----------+-----------+----------------+-----------+--------+-----+----+------+
|x|         11|         50|         88|     51015.67000|         50|00:04:13|   NA|  NA|    NA|
|x|          6|         50|         88|     51052.79500|         95|00:04:01|+0.39|0.70|0.4461|
|x|          7|         50|         81|     51089.60333|        140|00:04:08|+0.40|0.60|0.4812|
|x|          5|         50|         96|     51129.94750|        185|00:04:16|+0.35|0.51|0.5442|
|x|         10|         50|         96|     51150.20600|        230|00:04:37|+0.30|0.44|0.5938|
|x|          1|         50|         18|     51137.84167|        275|00:03:59|+0.31|0.42|0.6022|
|x|          8|         50|         89|     51141.05143|        320|00:03:33|+0.28|0.38|0.6445|
|x|          4|         50|         89|     51148.59000|        365|00:03:48|+0.27|0.36|0.6640|
|x|          9|         50|         18|     51151.17889|        410|00:03:12|+0.26|0.35|0.6655|
|-|          2|         27|         18|     51158.72900|        455|00:03:47|-0.06|0.05|1.0085|
|x|          3|         27|         18|     51158.28455|        477|00:03:14|-0.04|0.05|0.9959|
|x|         12|         27|         89|     51159.72500|        504|00:03:32|-0.03|0.06|0.9896|
|x|         13|         27|         89|     51161.23923|        531|00:03:25|-0.02|0.06|0.9897|
|x|         14|         27|         89|     51159.59571|        558|00:03:50|-0.02|0.06|0.9813|
|x|         15|         27|         89|     51158.69400|        585|00:03:22|-0.01|0.06|0.9736|
|x|         16|         27|         89|     51157.62688|        612|00:04:19|+0.00|0.06|0.9630|
|x|         17|         27|         89|     51156.83235|        639|00:04:32|+0.01|0.07|0.9527|
|x|         18|         27|         89|     51159.10000|        666|00:02:32|+0.01|0.07|0.9526|
|x|         19|         27|         89|     51157.20000|        693|00:04:18|+0.02|0.07|0.9428|
|=|         20|         27|         89|     51156.81950|        720|00:03:22|+0.01|0.06|0.9490|
|x|         21|         27|         89|     51149.91238|        747|00:03:26|+0.02|0.06|0.9449|
|x|         22|         27|         89|     51152.71591|        774|00:04:52|+0.02|0.07|0.9361|
|x|         23|         27|         89|     51154.20217|        801|00:02:50|+0.03|0.07|0.9326|
|x|         24|         27|         18|     51154.47417|        828|00:02:41|+0.03|0.07|0.9387|
|x|         25|         27|         18|     51158.22720|        855|00:02:54|+0.02|0.06|0.9452|
|x|         26|         27|         18|     51155.49615|        882|00:03:18|+0.02|0.06|0.9399|
|x|         27|         27|         18|     51161.02259|        909|00:02:36|+0.02|0.05|0.9441|
|x|         28|         27|         18|     51162.31214|        936|00:03:52|+0.01|0.05|0.9500|
|x|         29|         27|         18|     51165.47207|        963|00:02:57|+0.02|0.05|0.9464|
|=|         30|         27|         89|     51167.60033|        990|00:03:03|+0.02|0.05|0.9456|
+-+-----------+-----------+-----------+----------------+-----------+--------+-----+----+------+
Best-so-far configuration:          89    mean value:      51167.60033
Description of the best-so-far configuration:
   .ID. his_len max_attempts .PARENT.
89   89    5514          201       18

# 2025-12-26 16:09:41 GMT: Elite configurations (first number is the configuration ID; listed from best to worst according to the sum of ranks):
    his_len max_attempts
89     5514          201
18     4878          229
81     4933          206
75     5838          240
76     5444          223
96     5208          224
70     6566          233
9      5494          213
85     5736          236
102    5859          208
# 2025-12-26 16:09:41 GMT: Iteration 3 of 3
# experimentsUsed: 1570
# remainingBudget: 1930
# currentBudget: 1930
# nbConfigurations: 55
# Markers:
     x No test is performed.
     c Configurations are discarded only due to capping.
     - The test is performed and some configurations are discarded.
     = The test is performed but no configuration is discarded.
     ! The test is performed and configurations could be discarded but elite configurations are preserved.
     . All alive configurations are elite and nothing is discarded.

+-+-----------+-----------+-----------+----------------+-----------+--------+-----+----+------+
| |   Instance|      Alive|       Best|       Mean best| Exp so far|  W time|  rho|KenW|  Qvar|
+-+-----------+-----------+-----------+----------------+-----------+--------+-----+----+------+
|x|         31|         55|        125|     51053.87000|         55|00:04:21|   NA|  NA|    NA|
|x|          3|         55|        119|     51118.80500|        100|00:03:32|+0.13|0.57|0.8501|
|x|          7|         55|        135|     51141.24000|        145|00:03:42|+0.12|0.41|0.8755|
|x|          1|         55|        135|     51137.08750|        190|00:03:31|+0.08|0.31|0.9100|
|x|         15|         55|        135|     51125.82000|        235|00:04:01|+0.09|0.27|0.9010|
|x|         30|         55|        135|     51146.25000|        280|00:03:38|+0.09|0.24|0.9013|
|x|         12|         55|        144|     51142.38000|        325|00:03:24|+0.05|0.18|0.9523|
|x|         19|         55|         75|     51153.75750|        370|00:03:53|+0.03|0.15|0.9635|
|x|          2|         55|        135|     51154.17111|        415|00:03:33|+0.02|0.13|0.9692|
|=|         29|         55|        144|     51161.59100|        460|00:02:50|+0.01|0.11|0.9847|
|x|         18|         55|        144|     51165.84727|        505|00:02:57|+0.01|0.10|0.9786|
|x|         21|         55|        120|     51165.46333|        550|00:03:27|+0.01|0.10|0.9801|
|x|         13|         55|        120|     51163.61154|        595|00:03:55|+0.02|0.09|0.9759|
|x|         10|         55|        120|     51159.98286|        640|00:03:47|+0.02|0.09|0.9655|
|x|          6|         55|         89|     51151.83200|        685|00:03:49|+0.03|0.10|0.9610|
|x|          4|         55|         89|     51154.92750|        730|00:03:37|+0.03|0.09|0.9651|
|x|         11|         55|         89|     51156.01118|        775|00:03:48|+0.03|0.09|0.9601|
|x|         24|         55|         89|     51163.21444|        820|00:03:11|+0.02|0.08|0.9690|
|x|         17|         55|        114|     51167.11842|        865|00:03:55|+0.02|0.08|0.9645|
|=|         27|         55|        114|     51165.79950|        910|00:03:00|+0.02|0.07|0.9697|
|x|         20|         55|        120|     51163.46048|        955|00:03:30|+0.02|0.07|0.9638|
|x|         16|         55|         89|     51165.72000|       1000|00:03:47|+0.03|0.07|0.9598|
|x|         26|         55|        107|     51166.76783|       1045|00:03:36|+0.03|0.07|0.9590|
|x|         25|         55|        107|     51169.25958|       1090|00:03:01|+0.03|0.07|0.9592|
|x|         14|         55|        107|     51169.81800|       1135|00:03:51|+0.02|0.06|0.9617|
|x|          5|         55|         89|     51166.65346|       1180|00:03:48|+0.02|0.06|0.9603|
|x|         23|         55|         18|     51169.87074|       1225|00:03:23|+0.03|0.06|0.9553|
|x|          9|         55|         18|     51169.83857|       1270|00:03:17|+0.03|0.06|0.9566|
|x|         22|         55|         18|     51163.35690|       1315|00:03:45|+0.03|0.06|0.9530|
|-|          8|         30|         18|     51164.56700|       1360|00:03:13|-0.01|0.02|0.9753|
|x|         28|         30|         18|     51165.61742|       1380|00:03:27|-0.01|0.02|0.9746|
|x|         32|         30|         18|     51166.89812|       1410|00:03:24|-0.01|0.02|0.9726|
|x|         33|         30|        143|     51168.21485|       1440|00:03:14|-0.01|0.02|0.9723|
|x|         34|         30|        143|     51165.64412|       1470|00:03:18|-0.01|0.02|0.9741|
|x|         35|         30|        143|     51167.51171|       1500|00:03:10|-0.01|0.02|0.9750|
|x|         36|         30|        143|     51167.65278|       1530|00:03:41|-0.01|0.02|0.9743|
|x|         37|         30|         89|     51166.56135|       1560|00:03:20|-0.01|0.02|0.9725|
|x|         38|         30|         89|     51165.58842|       1590|00:03:49|-0.01|0.02|0.9716|
|x|         39|         30|         89|     51167.59513|       1620|00:03:12|-0.00|0.02|0.9690|
|=|         40|         30|         89|     51166.47375|       1650|00:04:47|-0.00|0.02|0.9690|
+-+-----------+-----------+-----------+----------------+-----------+--------+-----+----+------+
Best-so-far configuration:          89    mean value:      51166.47375
Description of the best-so-far configuration:
   .ID. his_len max_attempts .PARENT.
89   89    5514          201       18

# 2025-12-26 18:32:24 GMT: Elite configurations (first number is the configuration ID; listed from best to worst according to the sum of ranks):
    his_len max_attempts
89     5514          201
75     5838          240
143    5451          233
107    5111          222
125    4915          230
18     4878          229
120    5212          221
138    5293          220
113    4926          200
81     4933          206
# 2025-12-26 18:32:24 GMT: Iteration 4 of 4
# experimentsUsed: 3220
# remainingBudget: 280
# currentBudget: 280
# nbConfigurations: 13
# Markers:
     x No test is performed.
     c Configurations are discarded only due to capping.
     - The test is performed and some configurations are discarded.
     = The test is performed but no configuration is discarded.
     ! The test is performed and configurations could be discarded but elite configurations are preserved.
     . All alive configurations are elite and nothing is discarded.

+-+-----------+-----------+-----------+----------------+-----------+--------+-----+----+------+
| |   Instance|      Alive|       Best|       Mean best| Exp so far|  W time|  rho|KenW|  Qvar|
+-+-----------+-----------+-----------+----------------+-----------+--------+-----+----+------+
|x|         41|         13|        120|     51048.49000|         13|00:03:06|   NA|  NA|    NA|
|x|         14|         13|        151|     51119.83500|         16|00:02:46|+0.06|0.53|1.0509|
|x|         25|         13|        120|     51142.95333|         19|00:05:04|-0.04|0.31|1.0506|
|x|         40|         13|        120|     51133.94500|         22|00:06:17|+0.07|0.30|0.9129|
|x|          5|         13|        120|     51127.29400|         25|00:03:18|+0.13|0.31|0.8382|
|x|         16|         13|        151|     51147.44833|         28|00:02:48|+0.05|0.21|0.9098|
|x|         23|         13|        151|     51152.36143|         31|00:04:27|-0.01|0.14|0.9340|
|x|         15|         13|        151|     51145.82125|         34|00:05:21|+0.03|0.15|0.9091|
|x|          6|         13|         18|     51147.88667|         37|00:03:20|+0.02|0.13|0.9243|
|=|         32|         13|         89|     51146.83300|         40|00:03:42|+0.00|0.10|0.9261|
|x|         33|         13|         89|     51142.35636|         43|00:05:49|+0.01|0.10|0.9171|
|x|          7|         13|         89|     51151.83333|         46|00:06:35|-0.01|0.08|0.9372|
|x|         35|         13|         89|     51152.68462|         49|00:05:59|-0.01|0.07|0.9295|
|x|         31|         13|         18|     51167.94500|         52|00:06:24|-0.03|0.04|0.9446|
|x|         26|         13|         18|     51162.56333|         55|00:04:50|-0.01|0.06|0.9279|
|x|          8|         13|        125|     51148.72312|         58|00:02:24|-0.00|0.06|0.9184|
|x|         38|         13|         18|     51164.23529|         61|00:04:58|-0.00|0.06|0.9194|
|x|          9|         13|         18|     51164.49833|         64|00:02:17|-0.01|0.05|0.9250|
|x|         11|         13|         18|     51164.77842|         67|00:04:39|+0.00|0.05|0.9185|
|=|          2|         13|        125|     51154.46900|         70|00:05:18|+0.00|0.05|0.9199|
|x|         27|         13|        125|     51156.74952|         73|00:04:47|+0.00|0.05|0.9190|
|x|         21|         13|        125|     51159.65909|         76|00:05:24|+0.00|0.05|0.9169|
|x|         24|         13|        125|     51160.09609|         79|00:02:15|+0.00|0.05|0.9178|
|x|         13|         13|        125|     51159.73500|         82|00:06:13|+0.01|0.05|0.9107|
|x|         39|         13|        125|     51159.03040|         85|00:05:57|+0.01|0.05|0.9142|
|x|         12|         13|        125|     51163.12038|         88|00:05:07|+0.01|0.05|0.9165|
|x|         34|         13|        143|     51175.17444|         91|00:06:13|+0.00|0.04|0.9191|
|x|         17|         13|        125|     51168.25857|         94|00:02:49|+0.01|0.04|0.9154|
|x|         18|         13|        125|     51163.59897|         97|00:03:56|+0.01|0.05|0.9087|
|=|          3|         13|        150|     51163.97067|        100|00:05:23|+0.01|0.05|0.9065|
|x|         20|         13|        125|     51164.41419|        103|00:06:13|+0.02|0.05|0.9039|
|x|         36|         13|        125|     51164.84719|        106|00:06:36|+0.02|0.05|0.9011|
|x|          1|         13|        150|     51163.73515|        109|00:03:12|+0.02|0.05|0.9036|
|x|         19|         13|        150|     51162.77206|        112|00:02:47|+0.01|0.04|0.9085|
|x|         29|         13|        150|     51164.86914|        115|00:03:48|+0.01|0.04|0.9124|
|x|         22|         13|        150|     51165.66361|        118|00:05:48|+0.00|0.03|0.9167|
|x|         37|         13|        150|     51165.48919|        121|00:05:33|+0.00|0.03|0.9167|
|x|         30|         13|         89|     51164.43368|        124|00:04:37|+0.01|0.03|0.9135|
|x|         10|         13|         89|     51162.16795|        127|00:02:47|+0.01|0.04|0.9113|
|=|          4|         13|         89|     51163.14775|        130|00:04:43|+0.01|0.04|0.9099|
|x|         28|         13|         89|     51165.69122|        133|00:02:50|+0.01|0.03|0.9154|
|x|         42|         13|         89|     51164.66476|        146|00:04:52|+0.01|0.03|0.9165|
|x|         43|         13|         89|     51164.08302|        159|00:03:50|+0.01|0.03|0.9161|
|x|         44|         13|         89|     51160.90682|        172|00:03:25|+0.01|0.03|0.9120|
|x|         45|         13|         89|     51160.76933|        185|00:05:16|+0.01|0.03|0.9117|
|x|         46|         13|         89|     51160.57348|        198|00:03:21|+0.01|0.03|0.9121|
|x|         47|         13|         89|     51159.31106|        211|00:05:34|+0.01|0.03|0.9142|
|x|         48|         13|         89|     51161.11750|        224|00:06:09|+0.01|0.03|0.9130|
|x|         49|         13|         89|     51161.24837|        237|00:03:42|+0.01|0.03|0.9115|
|=|         50|         13|         89|     51163.98960|        250|00:03:05|+0.01|0.03|0.9140|
+-+-----------+-----------+-----------+----------------+-----------+--------+-----+----+------+
Best-so-far configuration:          89    mean value:      51163.98960
Description of the best-so-far configuration:
   .ID. his_len max_attempts .PARENT.
89   89    5514          201       18

# 2025-12-26 22:18:21 GMT: Elite configurations (first number is the configuration ID; listed from best to worst according to the sum of ranks):
    his_len max_attempts
89     5514          201
120    5212          221
138    5293          220
150    5079          234
125    4915          230
143    5451          233
107    5111          222
81     4933          206
18     4878          229
113    4926          200
# 2025-12-26 22:18:21 GMT: Stopped because there is not enough budget left to race more than the minimum (10).
# You may either increase the budget or set 'minNbSurvival' to a lower value.
# Iteration: 5
# nbIterations: 5
# experimentsUsed: 3470
# timeUsed: 0
# remainingBudget: 30
# currentBudget: 30
# number of elites: 10
# nbConfigurations: 10
# Total CPU user time: 655319.8, CPU sys time: 2111.307, Wall-clock time: 31405.31
# Best configurations (first number is the configuration ID; listed from best to worst according to the sum of ranks):
    his_len max_attempts
89     5514          201
120    5212          221
138    5293          220
150    5079          234
125    4915          230
143    5451          233
107    5111          222
81     4933          206
18     4878          229
113    4926          200
# Best configurations as commandlines (first number is the configuration ID; listed from best to worst according to the sum of ranks):
89  -his_len 5514 -max_attempts 201
120 -his_len 5212 -max_attempts 221
138 -his_len 5293 -max_attempts 220
150 -his_len 5079 -max_attempts 234
125 -his_len 4915 -max_attempts 230
143 -his_len 5451 -max_attempts 233
107 -his_len 5111 -max_attempts 222
81  -his_len 4933 -max_attempts 206
18  -his_len 4878 -max_attempts 229
113 -his_len 4926 -max_attempts 200


# Testing of elite configurations: 1 
# Testing iteration configurations: FALSE 
# 2025-12-26 22:18:21 GMT: No test instances, skip testing
