Starting irace...
# 2025-12-29 15:16:14 GMT: Reading parameter file '/gpfs/home/e/exx866/IRACE-b-LAHC/all-instances-fine/E-n23-k3-p1/parameters.txt'.
# 2025-12-29 15:16:14 GMT: Read 1 configuration(s) from file '/gpfs/home/e/exx866/IRACE-b-LAHC/all-instances-fine/E-n23-k3-p1/configurations.txt'
# 2025-12-29 15:16:14 GMT: Initialization
# Elitist race
# Elitist new instances: 1
# Elitist limit: 2
# nbIterations: 3
# minNbSurvival: 10
# nbParameters: 2
# seed: 1410762390
# confidence level: 0.95
# budget: 6000
# mu: 10
# deterministic: FALSE

# 2025-12-29 15:16:14 GMT: Iteration 1 of 3
# experimentsUsed: 0
# remainingBudget: 6000
# currentBudget: 2000
# nbConfigurations: 100
# Markers:
     x No test is performed.
     c Configurations are discarded only due to capping.
     - The test is performed and some configurations are discarded.
     = The test is performed but no configuration is discarded.
     ! The test is performed and configurations could be discarded but elite configurations are preserved.
     . All alive configurations are elite and nothing is discarded.

+-+-----------+-----------+-----------+----------------+-----------+--------+-----+----+------+
| |   Instance|      Alive|       Best|       Mean best| Exp so far|  W time|  rho|KenW|  Qvar|
+-+-----------+-----------+-----------+----------------+-----------+--------+-----+----+------+
|x|          1|        100|          1|     571.9500000|        100|00:00:44|   NA|  NA|    NA|
|x|          2|        100|          1|     571.9500000|        200|00:00:41|+1.00|1.00|0.0000|
|x|          3|        100|          1|     571.9500000|        300|00:00:42|+1.00|1.00|0.0000|
|x|          4|        100|          1|     571.9500000|        400|00:00:41|+1.00|1.00|0.0000|
|x|          5|        100|          1|     571.9500000|        500|00:00:42|+1.00|1.00|0.0000|
|x|          6|        100|          1|     571.9500000|        600|00:00:41|+1.00|1.00|0.0000|
|x|          7|        100|          1|     571.9500000|        700|00:00:41|+1.00|1.00|0.0000|
|x|          8|        100|          1|     571.9500000|        800|00:00:41|+1.00|1.00|0.0000|
|x|          9|        100|          1|     571.9500000|        900|00:00:41|+1.00|1.00|0.0000|
|=|         10|        100|          1|     571.9500000|       1000|00:00:40|+1.00|1.00|0.0000|
|x|         11|        100|          1|     571.9500000|       1100|00:00:41|+1.00|1.00|0.0000|
|x|         12|        100|          1|     571.9500000|       1200|00:00:42|+1.00|1.00|0.0000|
|x|         13|        100|          1|     571.9500000|       1300|00:00:40|+1.00|1.00|0.0000|
|x|         14|        100|          1|     571.9500000|       1400|00:00:42|+1.00|1.00|0.0000|
|x|         15|        100|          1|     571.9500000|       1500|00:00:41|+1.00|1.00|0.0000|
|x|         16|        100|          1|     571.9500000|       1600|00:00:41|+1.00|1.00|0.0000|
|x|         17|        100|          1|     571.9500000|       1700|00:00:39|+1.00|1.00|0.0000|
|x|         18|        100|          1|     571.9500000|       1800|00:00:41|+1.00|1.00|0.0000|
|x|         19|        100|          1|     571.9500000|       1900|00:00:42|+1.00|1.00|0.0000|
|=|         20|        100|          1|     571.9500000|       2000|00:00:42|+1.00|1.00|0.0000|
+-+-----------+-----------+-----------+----------------+-----------+--------+-----+----+------+
Best-so-far configuration:           1    mean value:      571.9500000
Description of the best-so-far configuration:
  .ID. his_len max_attempts .PARENT.
1    1    1024          236       NA

# 2025-12-29 15:30:11 GMT: Elite configurations (first number is the configuration ID; listed from best to worst according to the sum of ranks):
   his_len max_attempts
1     1024          236
2      888          157
3     1196          350
4      733          254
5     1042           61
6      810          109
7     1119          302
8     1273          206
9      965          399
10    1080          423
# 2025-12-29 15:30:11 GMT: Iteration 2 of 3
# experimentsUsed: 2000
# remainingBudget: 4000
# currentBudget: 2000
# nbConfigurations: 73
# Markers:
     x No test is performed.
     c Configurations are discarded only due to capping.
     - The test is performed and some configurations are discarded.
     = The test is performed but no configuration is discarded.
     ! The test is performed and configurations could be discarded but elite configurations are preserved.
     . All alive configurations are elite and nothing is discarded.

+-+-----------+-----------+-----------+----------------+-----------+--------+-----+----+------+
| |   Instance|      Alive|       Best|       Mean best| Exp so far|  W time|  rho|KenW|  Qvar|
+-+-----------+-----------+-----------+----------------+-----------+--------+-----+----+------+
|x|         21|         73|          1|     571.9500000|         73|00:00:26|   NA|  NA|    NA|
|x|         17|         73|          1|     571.9500000|        136|00:00:22|+1.00|1.00|0.0000|
|x|          7|         73|          1|     571.9500000|        199|00:00:23|+1.00|1.00|0.0000|
|x|         12|         73|          1|     571.9500000|        262|00:00:23|+1.00|1.00|0.0000|
|x|          9|         73|          1|     571.9500000|        325|00:00:21|+1.00|1.00|0.0000|
|x|         19|         73|          1|     571.9500000|        388|00:00:23|+1.00|1.00|0.0000|
|x|          2|         73|          1|     571.9500000|        451|00:00:22|+1.00|1.00|0.0000|
|x|         14|         73|          1|     571.9500000|        514|00:00:22|+1.00|1.00|0.0000|
|x|          5|         73|          1|     571.9500000|        577|00:00:23|+1.00|1.00|0.0000|
|=|         11|         73|          1|     571.9500000|        640|00:00:22|+1.00|1.00|0.0000|
|x|         15|         73|          1|     571.9500000|        703|00:00:23|+1.00|1.00|0.0000|
|x|          6|         73|          1|     571.9500000|        766|00:00:23|+1.00|1.00|0.0000|
|x|         13|         73|          1|     571.9500000|        829|00:00:22|+1.00|1.00|0.0000|
|x|          8|         73|          1|     571.9500000|        892|00:00:22|+1.00|1.00|0.0000|
|x|         18|         73|          1|     571.9500000|        955|00:00:22|+1.00|1.00|0.0000|
|x|          1|         73|          1|     571.9500000|       1018|00:00:22|+1.00|1.00|0.0000|
|x|         10|         73|          1|     571.9500000|       1081|00:00:23|+1.00|1.00|0.0000|
|x|          4|         73|          1|     571.9500000|       1144|00:00:22|+1.00|1.00|0.0000|
|x|          3|         73|          1|     571.9500000|       1207|00:00:23|+1.00|1.00|0.0000|
|=|         20|         73|          1|     571.9500000|       1270|00:00:22|+1.00|1.00|0.0000|
|x|         16|         73|          1|     571.9500000|       1333|00:00:23|+1.00|1.00|0.0000|
|x|         22|         73|          1|     571.9500000|       1406|00:00:26|+1.00|1.00|0.0000|
|x|         23|         73|          1|     571.9500000|       1479|00:00:26|+1.00|1.00|0.0000|
|x|         24|         73|          1|     571.9500000|       1552|00:00:27|+1.00|1.00|0.0000|
|x|         25|         73|          1|     571.9500000|       1625|00:00:26|+1.00|1.00|0.0000|
|x|         26|         73|          1|     571.9500000|       1698|00:00:27|+1.00|1.00|0.0000|
|x|         27|         73|          1|     571.9500000|       1771|00:00:27|+1.00|1.00|0.0000|
|x|         28|         73|          1|     571.9500000|       1844|00:00:26|+1.00|1.00|0.0000|
|x|         29|         73|          1|     571.9500000|       1917|00:00:26|+1.00|1.00|0.0000|
|=|         30|         73|          1|     571.9500000|       1990|00:00:27|+1.00|1.00|0.0000|
+-+-----------+-----------+-----------+----------------+-----------+--------+-----+----+------+
Best-so-far configuration:           1    mean value:      571.9500000
Description of the best-so-far configuration:
  .ID. his_len max_attempts .PARENT.
1    1    1024          236       NA

# 2025-12-29 15:42:15 GMT: Elite configurations (first number is the configuration ID; listed from best to worst according to the sum of ranks):
   his_len max_attempts
1     1024          236
2      888          157
3     1196          350
4      733          254
5     1042           61
6      810          109
7     1119          302
8     1273          206
9      965          399
10    1080          423
# 2025-12-29 15:42:15 GMT: Iteration 3 of 3
# experimentsUsed: 3990
# remainingBudget: 2010
# currentBudget: 2010
# nbConfigurations: 57
# Markers:
     x No test is performed.
     c Configurations are discarded only due to capping.
     - The test is performed and some configurations are discarded.
     = The test is performed but no configuration is discarded.
     ! The test is performed and configurations could be discarded but elite configurations are preserved.
     . All alive configurations are elite and nothing is discarded.

+-+-----------+-----------+-----------+----------------+-----------+--------+-----+----+------+
| |   Instance|      Alive|       Best|       Mean best| Exp so far|  W time|  rho|KenW|  Qvar|
+-+-----------+-----------+-----------+----------------+-----------+--------+-----+----+------+
|x|         31|         57|          1|     571.9500000|         57|00:00:19|   NA|  NA|    NA|
|x|         24|         57|          1|     571.9500000|        104|00:00:17|+1.00|1.00|0.0000|
|x|          5|         57|          1|     571.9500000|        151|00:00:16|+1.00|1.00|0.0000|
|x|         16|         57|          1|     571.9500000|        198|00:00:16|+1.00|1.00|0.0000|
|x|         15|         57|          1|     571.9500000|        245|00:00:16|+1.00|1.00|0.0000|
|x|         20|         57|          1|     571.9500000|        292|00:00:17|+1.00|1.00|0.0000|
|x|         13|         57|          1|     571.9500000|        339|00:00:17|+1.00|1.00|0.0000|
|x|         30|         57|          1|     571.9500000|        386|00:00:17|+1.00|1.00|0.0000|
|x|          8|         57|          1|     571.9500000|        433|00:00:15|+1.00|1.00|0.0000|
|=|          1|         57|          1|     571.9500000|        480|00:00:16|+1.00|1.00|0.0000|
|x|         25|         57|          1|     571.9500000|        527|00:00:16|+1.00|1.00|0.0000|
|x|         10|         57|          1|     571.9500000|        574|00:00:17|+1.00|1.00|0.0000|
|x|         18|         57|          1|     571.9500000|        621|00:00:16|+1.00|1.00|0.0000|
|x|         22|         57|          1|     571.9500000|        668|00:00:17|+1.00|1.00|0.0000|
|x|         12|         57|          1|     571.9500000|        715|00:00:17|+1.00|1.00|0.0000|
|x|         14|         57|          1|     571.9500000|        762|00:00:17|+1.00|1.00|0.0000|
|x|         17|         57|          1|     571.9500000|        809|00:00:17|+1.00|1.00|0.0000|
|x|         21|         57|          1|     571.9500000|        856|00:00:17|+1.00|1.00|0.0000|
|x|         29|         57|          1|     571.9500000|        903|00:00:16|+1.00|1.00|0.0000|
|=|         28|         57|          1|     571.9500000|        950|00:00:17|+1.00|1.00|0.0000|
|x|         19|         57|          1|     571.9500000|        997|00:00:17|+1.00|1.00|0.0000|
|x|         27|         57|          1|     571.9500000|       1044|00:00:17|+1.00|1.00|0.0000|
|x|         26|         57|          1|     571.9500000|       1091|00:00:16|+1.00|1.00|0.0000|
|x|          9|         57|          1|     571.9500000|       1138|00:00:16|+1.00|1.00|0.0000|
|x|          2|         57|          1|     571.9500000|       1185|00:00:17|+1.00|1.00|0.0000|
|x|         11|         57|          1|     571.9500000|       1232|00:00:17|+1.00|1.00|0.0000|
|x|          7|         57|          1|     571.9500000|       1279|00:00:16|+1.00|1.00|0.0000|
|x|          6|         57|          1|     571.9500000|       1326|00:00:17|+1.00|1.00|0.0000|
|x|          4|         57|          1|     571.9500000|       1373|00:00:16|+1.00|1.00|0.0000|
|=|         23|         57|          1|     571.9500000|       1420|00:00:17|+1.00|1.00|0.0000|
|x|          3|         57|          1|     571.9500000|       1467|00:00:17|+1.00|1.00|0.0000|
|x|         32|         57|          1|     571.9500000|       1524|00:00:20|+1.00|1.00|0.0000|
|x|         33|         57|          1|     571.9500000|       1581|00:00:21|+1.00|1.00|0.0000|
|x|         34|         57|          1|     571.9500000|       1638|00:00:20|+1.00|1.00|0.0000|
|x|         35|         57|          1|     571.9500000|       1695|00:00:20|+1.00|1.00|0.0000|
|x|         36|         57|          1|     571.9500000|       1752|00:00:20|+1.00|1.00|0.0000|
|x|         37|         57|          1|     571.9500000|       1809|00:00:19|+1.00|1.00|0.0000|
|x|         38|         57|          1|     571.9500000|       1866|00:00:20|+1.00|1.00|0.0000|
|x|         39|         57|          1|     571.9500000|       1923|00:00:21|+1.00|1.00|0.0000|
|=|         40|         57|          1|     571.9500000|       1980|00:00:21|+1.00|1.00|0.0000|
+-+-----------+-----------+-----------+----------------+-----------+--------+-----+----+------+
Best-so-far configuration:           1    mean value:      571.9500000
Description of the best-so-far configuration:
  .ID. his_len max_attempts .PARENT.
1    1    1024          236       NA

# 2025-12-29 15:54:10 GMT: Elite configurations (first number is the configuration ID; listed from best to worst according to the sum of ranks):
   his_len max_attempts
1     1024          236
2      888          157
3     1196          350
4      733          254
5     1042           61
6      810          109
7     1119          302
8     1273          206
9      965          399
10    1080          423
# 2025-12-29 15:54:10 GMT: Stopped because there is not enough budget left to race more than the minimum (10).
# You may either increase the budget or set 'minNbSurvival' to a lower value.
# Iteration: 4
# nbIterations: 4
# experimentsUsed: 5970
# timeUsed: 0
# remainingBudget: 30
# currentBudget: 30
# number of elites: 10
# nbConfigurations: 10
# Total CPU user time: 994.916, CPU sys time: 6770.09, Wall-clock time: 2275.68
# 2025-12-29 15:54:10 GMT: Starting post-selection:
# Configurations selected: 1, 2, 3.
# Pending instances: 0, 0, 0.
# 2025-12-29 15:54:10 GMT: seed: 1410762390
# Configurations: 3
# Available experiments: 30
# minSurvival: 1
# Markers:
     x No test is performed.
     c Configurations are discarded only due to capping.
     - The test is performed and some configurations are discarded.
     = The test is performed but no configuration is discarded.
     ! The test is performed and configurations could be discarded but elite configurations are preserved.
     . All alive configurations are elite and nothing is discarded.

+-+-----------+-----------+-----------+----------------+-----------+--------+-----+----+------+
| |   Instance|      Alive|       Best|       Mean best| Exp so far|  W time|  rho|KenW|  Qvar|
+-+-----------+-----------+-----------+----------------+-----------+--------+-----+----+------+
|.|         40|          3|          1|     571.9500000|          0|00:00:00|   NA|  NA|    NA|
|.|         22|          3|          1|     571.9500000|          0|00:00:00|+1.00|1.00|0.0000|
|.|         38|          3|          1|     571.9500000|          0|00:00:00|+1.00|1.00|0.0000|
|.|          6|          3|          1|     571.9500000|          0|00:00:00|+1.00|1.00|0.0000|
|.|          7|          3|          1|     571.9500000|          0|00:00:00|+1.00|1.00|0.0000|
|.|         37|          3|          1|     571.9500000|          0|00:00:00|+1.00|1.00|0.0000|
|.|          5|          3|          1|     571.9500000|          0|00:00:00|+1.00|1.00|0.0000|
|.|         21|          3|          1|     571.9500000|          0|00:00:00|+1.00|1.00|0.0000|
|.|         14|          3|          1|     571.9500000|          0|00:00:00|+1.00|1.00|0.0000|
|.|         13|          3|          1|     571.9500000|          0|00:00:00|+1.00|1.00|0.0000|
|.|          2|          3|          1|     571.9500000|          0|00:00:00|+1.00|1.00|0.0000|
|.|         29|          3|          1|     571.9500000|          0|00:00:00|+1.00|1.00|0.0000|
|.|         27|          3|          1|     571.9500000|          0|00:00:00|+1.00|1.00|0.0000|
|.|         10|          3|          1|     571.9500000|          0|00:00:00|+1.00|1.00|0.0000|
|.|          3|          3|          1|     571.9500000|          0|00:00:00|+1.00|1.00|0.0000|
|.|         34|          3|          1|     571.9500000|          0|00:00:00|+1.00|1.00|0.0000|
|.|         25|          3|          1|     571.9500000|          0|00:00:00|+1.00|1.00|0.0000|
|.|         24|          3|          1|     571.9500000|          0|00:00:00|+1.00|1.00|0.0000|
|.|         28|          3|          1|     571.9500000|          0|00:00:00|+1.00|1.00|0.0000|
|.|          1|          3|          1|     571.9500000|          0|00:00:00|+1.00|1.00|0.0000|
|.|         12|          3|          1|     571.9500000|          0|00:00:00|+1.00|1.00|0.0000|
|.|         17|          3|          1|     571.9500000|          0|00:00:00|+1.00|1.00|0.0000|
|.|         15|          3|          1|     571.9500000|          0|00:00:00|+1.00|1.00|0.0000|
|.|         33|          3|          1|     571.9500000|          0|00:00:00|+1.00|1.00|0.0000|
|.|         20|          3|          1|     571.9500000|          0|00:00:00|+1.00|1.00|0.0000|
|.|         36|          3|          1|     571.9500000|          0|00:00:00|+1.00|1.00|0.0000|
|.|         23|          3|          1|     571.9500000|          0|00:00:00|+1.00|1.00|0.0000|
|.|         39|          3|          1|     571.9500000|          0|00:00:00|+1.00|1.00|0.0000|
|.|         32|          3|          1|     571.9500000|          0|00:00:00|+1.00|1.00|0.0000|
|.|         31|          3|          1|     571.9500000|          0|00:00:00|+1.00|1.00|0.0000|
|.|         35|          3|          1|     571.9500000|          0|00:00:00|+1.00|1.00|0.0000|
|.|          4|          3|          1|     571.9500000|          0|00:00:00|+1.00|1.00|0.0000|
|.|         19|          3|          1|     571.9500000|          0|00:00:00|+1.00|1.00|0.0000|
|.|         26|          3|          1|     571.9500000|          0|00:00:00|+1.00|1.00|0.0000|
|.|          8|          3|          1|     571.9500000|          0|00:00:00|+1.00|1.00|0.0000|
|.|         11|          3|          1|     571.9500000|          0|00:00:00|+1.00|1.00|0.0000|
|.|         18|          3|          1|     571.9500000|          0|00:00:00|+1.00|1.00|0.0000|
|.|         30|          3|          1|     571.9500000|          0|00:00:00|+1.00|1.00|0.0000|
|.|          9|          3|          1|     571.9500000|          0|00:00:00|+1.00|1.00|0.0000|
|.|         16|          3|          1|     571.9500000|          0|00:00:00|+1.00|1.00|0.0000|
|x|         41|          3|          1|     571.9500000|          3|00:00:00|+1.00|1.00|0.0000|
|x|         42|          3|          1|     571.9500000|          6|00:00:00|+1.00|1.00|0.0000|
|x|         43|          3|          1|     571.9500000|          9|00:00:00|+1.00|1.00|0.0000|
|x|         44|          3|          1|     571.9500000|         12|00:00:00|+1.00|1.00|0.0000|
|x|         45|          3|          1|     571.9500000|         15|00:00:00|+1.00|1.00|0.0000|
|x|         46|          3|          1|     571.9500000|         18|00:00:00|+1.00|1.00|0.0000|
|x|         47|          3|          1|     571.9500000|         21|00:00:00|+1.00|1.00|0.0000|
|x|         48|          3|          1|     571.9500000|         24|00:00:00|+1.00|1.00|0.0000|
|x|         49|          3|          1|     571.9500000|         27|00:00:00|+1.00|1.00|0.0000|
|=|         50|          3|          1|     571.9500000|         30|00:00:00|+1.00|1.00|0.0000|
+-+-----------+-----------+-----------+----------------+-----------+--------+-----+----+------+
Best-so-far configuration:           1    mean value:      571.9500000
Description of the best-so-far configuration:
  .ID. his_len max_attempts .PARENT.
1    1    1024          236       NA

# 2025-12-29 15:54:17 GMT: Elite configurations (first number is the configuration ID; listed from best to worst according to the sum of ranks):
  his_len max_attempts
1    1024          236
2     888          157
3    1196          350
# Total CPU user time: 999.503, CPU sys time: 6787.139, Wall-clock time: 2282.833
# Best configurations (first number is the configuration ID; listed from best to worst according to the sum of ranks):
  his_len max_attempts
1    1024          236
2     888          157
3    1196          350
# Best configurations as commandlines (first number is the configuration ID; listed from best to worst according to the sum of ranks):
1 -his_len 1024 -max_attempts 236
2 -his_len 888 -max_attempts 157
3 -his_len 1196 -max_attempts 350


# Testing of elite configurations: 1 
# Testing iteration configurations: FALSE 
# 2025-12-29 15:54:17 GMT: No test instances, skip testing
