Starting irace...
# 2025-12-29 15:16:15 GMT: Reading parameter file '/gpfs/home/e/exx866/IRACE-b-LAHC/all-instances-fine/X-n214-k11-p2/parameters.txt'.
# 2025-12-29 15:16:16 GMT: Read 1 configuration(s) from file '/gpfs/home/e/exx866/IRACE-b-LAHC/all-instances-fine/X-n214-k11-p2/configurations.txt'
# 2025-12-29 15:16:16 GMT: Initialization
# Elitist race
# Elitist new instances: 1
# Elitist limit: 2
# nbIterations: 3
# minNbSurvival: 10
# nbParameters: 2
# seed: 2139988245
# confidence level: 0.95
# budget: 6000
# mu: 10
# deterministic: FALSE

# 2025-12-29 15:16:16 GMT: Iteration 1 of 3
# experimentsUsed: 0
# remainingBudget: 6000
# currentBudget: 2000
# nbConfigurations: 100
# Markers:
     x No test is performed.
     c Configurations are discarded only due to capping.
     - The test is performed and some configurations are discarded.
     = The test is performed but no configuration is discarded.
     ! The test is performed and configurations could be discarded but elite configurations are preserved.
     . All alive configurations are elite and nothing is discarded.

+-+-----------+-----------+-----------+----------------+-----------+--------+-----+----+------+
| |   Instance|      Alive|       Best|       Mean best| Exp so far|  W time|  rho|KenW|  Qvar|
+-+-----------+-----------+-----------+----------------+-----------+--------+-----+----+------+
|x|          1|        100|         64|     11084.22000|        100|00:00:49|   NA|  NA|    NA|
|x|          2|        100|         64|     11120.83500|        200|00:00:47|-0.04|0.48|1.0472|
|x|          3|        100|         64|     11129.26333|        300|00:00:48|-0.04|0.31|1.0219|
|x|          4|        100|         64|     11144.63000|        400|00:00:47|-0.00|0.25|0.9920|
|x|          5|        100|         64|     11160.97200|        500|00:00:47|+0.00|0.20|0.9840|
|x|          6|        100|         64|     11160.56333|        600|00:00:48|+0.03|0.19|0.9669|
|x|          7|        100|         64|     11162.63571|        700|00:00:48|+0.05|0.18|0.9508|
|x|          8|        100|         83|     11176.52000|        800|00:00:45|+0.04|0.16|0.9521|
|x|          9|        100|         57|     11179.41556|        900|00:00:48|+0.05|0.16|0.9391|
|-|         10|         29|         57|     11183.23500|       1000|00:00:47|-0.05|0.06|1.0080|
|x|         11|         29|         57|     11190.70364|       1029|00:00:19|-0.05|0.05|1.0103|
|x|         12|         29|         57|     11189.89417|       1058|00:00:19|-0.05|0.04|1.0112|
|x|         13|         29|         57|     11190.46692|       1087|00:00:18|-0.03|0.05|0.9926|
|x|         14|         29|         57|     11190.77286|       1116|00:00:20|-0.02|0.05|0.9876|
|x|         15|         29|         57|     11201.89267|       1145|00:00:18|-0.02|0.05|0.9832|
|x|         16|         29|         83|     11200.79812|       1174|00:00:19|-0.02|0.04|0.9837|
|x|         17|         29|          5|     11194.58176|       1203|00:00:21|-0.01|0.05|0.9751|
|x|         18|         29|          5|     11194.12500|       1232|00:00:20|-0.01|0.04|0.9747|
|x|         19|         29|          5|     11194.69053|       1261|00:00:19|+0.00|0.06|0.9622|
|=|         20|         29|         58|     11194.05350|       1290|00:00:20|+0.01|0.06|0.9617|
|x|         21|         29|         58|     11190.25667|       1319|00:00:19|+0.00|0.05|0.9620|
|x|         22|         29|         58|     11198.42000|       1348|00:00:20|+0.01|0.05|0.9606|
|x|         23|         29|         58|     11200.44174|       1377|00:00:18|+0.00|0.04|0.9664|
|x|         24|         29|         58|     11200.83042|       1406|00:00:19|-0.00|0.04|0.9668|
|x|         25|         29|         58|     11201.30800|       1435|00:00:19|+0.00|0.04|0.9624|
|x|         26|         29|         58|     11203.38154|       1464|00:00:21|+0.00|0.04|0.9605|
|x|         27|         29|         58|     11207.37593|       1493|00:00:19|+0.00|0.04|0.9596|
|x|         28|         29|          5|     11209.85893|       1522|00:00:19|+0.00|0.04|0.9633|
|x|         29|         29|          5|     11207.04828|       1551|00:00:19|+0.00|0.04|0.9604|
|=|         30|         29|         58|     11209.28233|       1580|00:00:19|+0.00|0.03|0.9625|
+-+-----------+-----------+-----------+----------------+-----------+--------+-----+----+------+
Best-so-far configuration:          58    mean value:      11209.28233
Description of the best-so-far configuration:
   .ID. his_len max_attempts .PARENT.
58   58    5043          245       NA

# 2025-12-29 15:30:50 GMT: Elite configurations (first number is the configuration ID; listed from best to worst according to the sum of ranks):
   his_len max_attempts
58    5043          245
5     3660          479
38    4121          335
74    4147          461
96    5479          253
70    5581          243
64    5453          205
83    6093          193
86    3225          471
46    5555          275
# 2025-12-29 15:30:50 GMT: Iteration 2 of 3
# experimentsUsed: 1580
# remainingBudget: 4420
# currentBudget: 2210
# nbConfigurations: 62
# Markers:
     x No test is performed.
     c Configurations are discarded only due to capping.
     - The test is performed and some configurations are discarded.
     = The test is performed but no configuration is discarded.
     ! The test is performed and configurations could be discarded but elite configurations are preserved.
     . All alive configurations are elite and nothing is discarded.

+-+-----------+-----------+-----------+----------------+-----------+--------+-----+----+------+
| |   Instance|      Alive|       Best|       Mean best| Exp so far|  W time|  rho|KenW|  Qvar|
+-+-----------+-----------+-----------+----------------+-----------+--------+-----+----+------+
|x|         31|         62|        137|     11053.36000|         62|00:00:33|   NA|  NA|    NA|
|x|         23|         62|        108|     11134.85000|        114|00:00:28|+0.13|0.57|0.8664|
|x|         27|         62|        127|     11149.38000|        166|00:00:29|+0.06|0.37|0.9378|
|x|         24|         62|        108|     11153.63750|        218|00:00:28|-0.02|0.23|1.0249|
|x|          3|         62|        144|     11167.72000|        270|00:00:28|-0.03|0.17|1.0357|
|x|         18|         62|        144|     11162.63667|        322|00:00:30|+0.01|0.18|0.9936|
|x|          6|         62|        144|     11176.20571|        374|00:00:27|+0.01|0.15|0.9911|
|x|          2|         62|        127|     11176.84875|        426|00:00:29|-0.01|0.12|1.0017|
|x|         16|         62|        111|     11184.28222|        478|00:00:28|-0.02|0.09|1.0084|
|=|          1|         62|        127|     11190.23000|        530|00:00:29|+0.00|0.10|0.9831|
|x|         26|         62|        140|     11188.25545|        582|00:00:30|+0.01|0.10|0.9777|
|x|         22|         62|        140|     11183.72333|        634|00:00:29|+0.01|0.09|0.9804|
|x|          8|         62|        140|     11182.81462|        686|00:00:28|+0.01|0.09|0.9786|
|x|         14|         62|        140|     11190.08643|        738|00:00:29|+0.01|0.08|0.9780|
|x|         28|         62|        140|     11187.75267|        790|00:00:28|+0.01|0.08|0.9785|
|x|         20|         62|        140|     11190.72000|        842|00:00:29|+0.02|0.08|0.9766|
|x|         30|         62|        149|     11198.15882|        894|00:00:28|+0.02|0.08|0.9727|
|x|         17|         62|        140|     11193.31500|        946|00:00:29|+0.02|0.08|0.9689|
|x|         25|         62|        136|     11205.81947|        998|00:00:29|+0.02|0.07|0.9751|
|=|         19|         62|         74|     11209.23600|       1050|00:00:30|+0.01|0.06|0.9762|
|x|         12|         62|        112|     11202.57429|       1102|00:00:29|+0.01|0.06|0.9740|
|x|         13|         62|        108|     11201.85455|       1154|00:00:29|+0.01|0.05|0.9795|
|x|          9|         62|         38|     11200.00174|       1206|00:00:29|+0.00|0.05|0.9838|
|x|          4|         62|        144|     11205.61333|       1258|00:00:28|+0.00|0.05|0.9833|
|x|          5|         62|        144|     11204.30680|       1310|00:00:28|+0.00|0.04|0.9832|
|x|         11|         62|         38|     11198.40885|       1362|00:00:28|+0.01|0.04|0.9820|
|x|          7|         62|         38|     11199.48481|       1414|00:00:29|+0.01|0.04|0.9806|
|x|         10|         62|         38|     11206.72786|       1466|00:00:28|+0.01|0.04|0.9806|
|x|         21|         62|         38|     11208.12724|       1518|00:00:29|+0.01|0.04|0.9802|
|=|         29|         62|        140|     11206.11233|       1570|00:00:29|+0.00|0.04|0.9808|
|x|         15|         62|         38|     11210.21161|       1622|00:00:29|+0.00|0.04|0.9803|
|x|         32|         62|        108|     11209.57625|       1684|00:00:31|+0.00|0.03|0.9797|
|x|         33|         62|         38|     11212.48939|       1746|00:00:32|+0.00|0.03|0.9800|
|x|         34|         62|         38|     11211.47382|       1808|00:00:33|+0.00|0.03|0.9820|
|x|         35|         62|         38|     11210.73571|       1870|00:00:33|+0.00|0.03|0.9814|
|x|         36|         62|         38|     11208.48250|       1932|00:00:31|+0.00|0.03|0.9801|
|x|         37|         62|         38|     11209.03919|       1994|00:00:33|+0.00|0.03|0.9803|
|x|         38|         62|         38|     11207.53737|       2056|00:00:33|+0.01|0.03|0.9788|
|x|         39|         62|         38|     11208.74718|       2118|00:00:33|+0.00|0.03|0.9799|
|=|         40|         62|         38|     11210.67125|       2180|00:00:32|+0.01|0.03|0.9790|
+-+-----------+-----------+-----------+----------------+-----------+--------+-----+----+------+
Best-so-far configuration:          38    mean value:      11210.67125
Description of the best-so-far configuration:
   .ID. his_len max_attempts .PARENT.
38   38    4121          335       NA

# 2025-12-29 15:50:54 GMT: Elite configurations (first number is the configuration ID; listed from best to worst according to the sum of ranks):
    his_len max_attempts
38     4121          335
58     5043          245
140    4101          430
130    5819          183
149    3320          477
5      3660          479
108    3498          463
64     5453          205
105    4272          481
129    3907          460
# 2025-12-29 15:50:54 GMT: Iteration 3 of 3
# experimentsUsed: 3760
# remainingBudget: 2240
# currentBudget: 2240
# nbConfigurations: 52
# Markers:
     x No test is performed.
     c Configurations are discarded only due to capping.
     - The test is performed and some configurations are discarded.
     = The test is performed but no configuration is discarded.
     ! The test is performed and configurations could be discarded but elite configurations are preserved.
     . All alive configurations are elite and nothing is discarded.

+-+-----------+-----------+-----------+----------------+-----------+--------+-----+----+------+
| |   Instance|      Alive|       Best|       Mean best| Exp so far|  W time|  rho|KenW|  Qvar|
+-+-----------+-----------+-----------+----------------+-----------+--------+-----+----+------+
|x|         41|         52|        178|     11104.73000|         52|00:00:30|   NA|  NA|    NA|
|x|         32|         52|        168|     11162.64500|         94|00:00:23|+0.19|0.59|0.7797|
|x|         10|         52|        184|     11170.55000|        136|00:00:24|+0.19|0.46|0.7853|
|x|         38|         52|        181|     11179.44750|        178|00:00:24|+0.05|0.28|0.9339|
|x|         28|         52|        129|     11176.12800|        220|00:00:25|+0.08|0.26|0.9218|
|x|          5|         52|        140|     11175.31833|        262|00:00:24|+0.01|0.17|0.9767|
|x|         33|         52|        129|     11185.99857|        304|00:00:24|+0.01|0.15|0.9747|
|x|         13|         52|        181|     11191.60875|        346|00:00:24|+0.01|0.13|0.9734|
|x|         23|         52|        174|     11198.10444|        388|00:00:25|+0.02|0.13|0.9632|
|=|         40|         52|        174|     11198.18800|        430|00:00:24|+0.01|0.11|0.9703|
|x|         37|         52|        174|     11198.29636|        472|00:00:24|+0.01|0.10|0.9683|
|x|         21|         52|        174|     11202.65083|        514|00:00:25|+0.02|0.10|0.9647|
|x|         22|         52|        174|     11203.01923|        556|00:00:26|+0.01|0.09|0.9664|
|x|          7|         52|        174|     11202.86071|        598|00:00:26|+0.02|0.09|0.9597|
|x|         35|         52|        178|     11197.19200|        640|00:00:26|+0.02|0.09|0.9596|
|x|         36|         52|        171|     11192.71938|        682|00:00:25|+0.02|0.08|0.9594|
|x|         11|         52|        171|     11188.41529|        724|00:00:24|+0.02|0.08|0.9576|
|x|         31|         52|        171|     11191.08389|        766|00:00:26|+0.02|0.07|0.9618|
|x|         29|         52|        171|     11190.01579|        808|00:00:25|+0.01|0.06|0.9706|
|=|         16|         52|        171|     11191.16100|        850|00:00:23|+0.01|0.06|0.9715|
|x|         18|         52|        171|     11193.63571|        892|00:00:25|+0.00|0.05|0.9746|
|x|         25|         52|        171|     11191.38045|        934|00:00:25|+0.00|0.05|0.9756|
|x|          8|         52|        171|     11191.97609|        976|00:00:24|+0.00|0.04|0.9766|
|x|          2|         52|        171|     11194.74083|       1018|00:00:24|+0.00|0.04|0.9758|
|x|         27|         52|        171|     11195.09840|       1060|00:00:25|+0.00|0.04|0.9729|
|x|         12|         52|        171|     11200.24308|       1102|00:00:24|-0.00|0.04|0.9784|
|x|         19|         52|        170|     11207.96444|       1144|00:00:25|-0.00|0.04|0.9786|
|x|         20|         52|        170|     11207.95571|       1186|00:00:24|+0.00|0.04|0.9752|
|x|          4|         52|         38|     11209.12138|       1228|00:00:24|-0.00|0.03|0.9784|
|=|          1|         52|         38|     11209.98567|       1270|00:00:24|+0.00|0.04|0.9747|
|x|         26|         52|        181|     11208.95161|       1312|00:00:26|+0.00|0.04|0.9746|
|x|          9|         52|        174|     11206.93563|       1354|00:00:25|+0.00|0.03|0.9762|
|x|         24|         52|        174|     11206.15424|       1396|00:00:24|+0.00|0.03|0.9753|
|x|          6|         52|        174|     11204.84324|       1438|00:00:23|+0.01|0.04|0.9739|
|x|         30|         52|         38|     11208.37571|       1480|00:00:23|+0.01|0.03|0.9729|
|x|          3|         52|        174|     11205.44250|       1522|00:00:24|+0.01|0.04|0.9703|
|x|         15|         52|        174|     11204.38324|       1564|00:00:24|+0.01|0.04|0.9695|
|x|         39|         52|        181|     11207.43474|       1606|00:00:23|+0.01|0.04|0.9709|
|x|         17|         52|        181|     11207.70897|       1648|00:00:24|+0.01|0.04|0.9701|
|=|         34|         52|        181|     11207.06700|       1690|00:00:25|+0.01|0.03|0.9725|
|x|         14|         52|        181|     11205.78854|       1732|00:00:24|+0.01|0.03|0.9706|
|x|         42|         52|        181|     11206.00500|       1784|00:00:29|+0.01|0.03|0.9690|
|x|         43|         52|        181|     11206.84140|       1836|00:00:28|+0.01|0.03|0.9683|
|x|         44|         52|        181|     11206.66318|       1888|00:00:28|+0.01|0.03|0.9691|
|x|         45|         52|        181|     11206.23533|       1940|00:00:27|+0.01|0.03|0.9704|
|x|         46|         52|        181|     11207.71717|       1992|00:00:27|+0.01|0.03|0.9740|
|x|         47|         52|        174|     11209.87000|       2044|00:00:28|+0.01|0.03|0.9745|
|x|         48|         52|        181|     11208.28000|       2096|00:00:29|+0.00|0.02|0.9758|
|x|         49|         52|        174|     11210.46122|       2148|00:00:29|+0.00|0.02|0.9758|
|=|         50|         52|        174|     11211.90620|       2200|00:00:29|+0.00|0.02|0.9757|
+-+-----------+-----------+-----------+----------------+-----------+--------+-----+----+------+
Best-so-far configuration:         174    mean value:      11211.90620
Description of the best-so-far configuration:
    .ID. his_len max_attempts .PARENT.
174  174    4260          479      105

# 2025-12-29 16:12:24 GMT: Elite configurations (first number is the configuration ID; listed from best to worst according to the sum of ranks):
    his_len max_attempts
174    4260          479
181    4106          338
162    3658          480
164    4088          332
140    4101          430
58     5043          245
187    3292          477
38     4121          335
171    3711          473
5      3660          479
# 2025-12-29 16:12:24 GMT: Stopped because there is not enough budget left to race more than the minimum (10).
# You may either increase the budget or set 'minNbSurvival' to a lower value.
# Iteration: 4
# nbIterations: 4
# experimentsUsed: 5960
# timeUsed: 0
# remainingBudget: 40
# currentBudget: 40
# number of elites: 10
# nbConfigurations: 10
# Total CPU user time: 79846.7, CPU sys time: 5845.544, Wall-clock time: 3368.231
# 2025-12-29 16:12:24 GMT: Starting post-selection:
# Configurations selected: 174, 181, 162, 164.
# Pending instances: 0, 0, 0, 0.
# 2025-12-29 16:12:24 GMT: seed: 2139988245
# Configurations: 4
# Available experiments: 40
# minSurvival: 1
# Markers:
     x No test is performed.
     c Configurations are discarded only due to capping.
     - The test is performed and some configurations are discarded.
     = The test is performed but no configuration is discarded.
     ! The test is performed and configurations could be discarded but elite configurations are preserved.
     . All alive configurations are elite and nothing is discarded.

+-+-----------+-----------+-----------+----------------+-----------+--------+-----+----+------+
| |   Instance|      Alive|       Best|       Mean best| Exp so far|  W time|  rho|KenW|  Qvar|
+-+-----------+-----------+-----------+----------------+-----------+--------+-----+----+------+
|.|          7|          4|        162|     11051.10000|          0|00:00:00|   NA|  NA|    NA|
|.|         14|          4|        162|     11110.06500|          0|00:00:00|-0.40|0.30|1.1264|
|.|          4|          4|        162|     11173.49333|          0|00:00:00|-0.47|0.02|1.1237|
|.|         15|          4|        162|     11186.63750|          0|00:00:00|-0.17|0.12|0.9403|
|.|          8|          4|        162|     11194.74400|          0|00:00:00|-0.04|0.17|0.8186|
|.|         26|          4|        162|     11194.71667|          0|00:00:00|-0.03|0.14|0.7981|
|.|         28|          4|        162|     11194.99571|          0|00:00:00|+0.07|0.20|0.7753|
|.|         29|          4|        162|     11194.96125|          0|00:00:00|-0.05|0.08|0.8029|
|.|         32|          4|        162|     11193.75333|          0|00:00:00|+0.00|0.11|0.7706|
|.|         17|          4|        162|     11194.80200|          0|00:00:00|+0.03|0.12|0.7437|
|.|          2|          4|        162|     11187.77182|          0|00:00:00|+0.06|0.15|0.7295|
|.|         10|          4|        162|     11190.82750|          0|00:00:00|+0.06|0.14|0.7265|
|.|         22|          4|        162|     11197.16154|          0|00:00:00|+0.03|0.11|0.7450|
|.|         36|          4|        162|     11201.41000|          0|00:00:00|+0.07|0.13|0.7298|
|.|         18|          4|        162|     11202.94400|          0|00:00:00|+0.08|0.14|0.7100|
|.|         44|          4|        162|     11212.29812|          0|00:00:00|+0.08|0.14|0.7051|
|.|         21|          4|        162|     11215.67176|          0|00:00:00|+0.07|0.13|0.7021|
|.|          6|          4|        162|     11212.11833|          0|00:00:00|+0.04|0.09|0.7353|
|.|         43|          4|        162|     11207.74895|          0|00:00:00|+0.02|0.07|0.7485|
|.|         20|          4|        162|     11206.74200|          0|00:00:00|+0.02|0.07|0.7512|
|.|         24|          4|        162|     11212.09667|          0|00:00:00|+0.01|0.06|0.7469|
|.|         47|          4|        162|     11212.50182|          0|00:00:00|-0.00|0.04|0.7599|
|.|         49|          4|        162|     11210.25174|          0|00:00:00|-0.02|0.03|0.7701|
|.|         37|          4|        162|     11208.29958|          0|00:00:00|-0.02|0.02|0.7751|
|.|         19|          4|        162|     11206.49200|          0|00:00:00|-0.03|0.02|0.7749|
|.|         31|          4|        162|     11205.02538|          0|00:00:00|-0.03|0.01|0.7750|
|.|         25|          4|        162|     11201.41852|          0|00:00:00|-0.03|0.01|0.7725|
|.|         40|          4|        162|     11203.36536|          0|00:00:00|-0.03|0.01|0.7754|
|.|         13|          4|        162|     11205.57379|          0|00:00:00|-0.02|0.01|0.7722|
|.|         38|          4|        162|     11204.56867|          0|00:00:00|-0.02|0.02|0.7684|
|.|          5|          4|        162|     11208.10516|          0|00:00:00|-0.02|0.02|0.7677|
|.|         12|          4|        162|     11208.05000|          0|00:00:00|-0.02|0.01|0.7698|
|.|         16|          4|        162|     11209.94212|          0|00:00:00|-0.02|0.01|0.7717|
|.|         42|          4|        162|     11215.04412|          0|00:00:00|-0.02|0.01|0.7696|
|.|         27|          4|        162|     11214.90657|          0|00:00:00|-0.02|0.01|0.7680|
|.|         48|          4|        162|     11215.04750|          0|00:00:00|-0.02|0.01|0.7678|
|.|         41|          4|        162|     11213.12811|          0|00:00:00|-0.02|0.01|0.7675|
|.|         30|          4|        162|     11213.00868|          0|00:00:00|-0.02|0.00|0.7671|
|.|          3|          4|        162|     11212.43795|          0|00:00:00|-0.02|0.00|0.7676|
|.|         39|          4|        162|     11215.84325|          0|00:00:00|-0.02|0.00|0.7666|
|.|         23|          4|        162|     11215.30439|          0|00:00:00|-0.02|0.01|0.7658|
|.|          1|          4|        162|     11215.45786|          0|00:00:00|-0.02|0.01|0.7646|
|.|         33|          4|        162|     11213.76930|          0|00:00:00|-0.02|0.01|0.7654|
|.|         45|          4|        162|     11214.39000|          0|00:00:00|-0.01|0.01|0.7636|
|.|          9|          4|        162|     11215.90889|          0|00:00:00|-0.01|0.01|0.7609|
|.|         50|          4|        162|     11217.07826|          0|00:00:00|-0.01|0.01|0.7624|
|.|         35|          4|        162|     11218.33660|          0|00:00:00|-0.01|0.01|0.7623|
|.|         11|          4|        162|     11218.76271|          0|00:00:00|-0.01|0.01|0.7604|
|.|         46|          4|        162|     11218.31082|          0|00:00:00|-0.01|0.01|0.7624|
|.|         34|          4|        162|     11217.04960|          0|00:00:00|-0.02|0.00|0.7630|
|x|         51|          4|        174|     11213.47902|          4|00:00:14|-0.02|0.00|0.7637|
|x|         52|          4|        174|     11215.55346|          8|00:00:14|-0.02|0.00|0.7639|
|x|         53|          4|        174|     11215.04774|         12|00:00:14|-0.02|0.00|0.7637|
|x|         54|          4|        174|     11215.40019|         16|00:00:14|-0.02|0.00|0.7639|
|x|         55|          4|        174|     11216.23491|         20|00:00:13|-0.01|0.00|0.7635|
|x|         56|          4|        174|     11216.32750|         24|00:00:14|-0.01|0.00|0.7633|
|x|         57|          4|        174|     11215.60088|         28|00:00:15|-0.01|0.01|0.7625|
|x|         58|          4|        174|     11216.87517|         32|00:00:13|-0.01|0.00|0.7626|
|x|         59|          4|        174|     11216.15203|         36|00:00:14|-0.01|0.01|0.7618|
|=|         60|          4|        174|     11216.42067|         40|00:00:13|-0.01|0.01|0.7612|
+-+-----------+-----------+-----------+----------------+-----------+--------+-----+----+------+
Best-so-far configuration:         174    mean value:      11216.42067
Description of the best-so-far configuration:
    .ID. his_len max_attempts .PARENT.
174  174    4260          479      105

# 2025-12-29 16:14:45 GMT: Elite configurations (first number is the configuration ID; listed from best to worst according to the sum of ranks):
    his_len max_attempts
174    4260          479
162    3658          480
181    4106          338
164    4088          332
# Total CPU user time: 80368.05, CPU sys time: 5863.829, Wall-clock time: 3509.869
# Best configurations (first number is the configuration ID; listed from best to worst according to the sum of ranks):
    his_len max_attempts
174    4260          479
162    3658          480
181    4106          338
164    4088          332
# Best configurations as commandlines (first number is the configuration ID; listed from best to worst according to the sum of ranks):
174 -his_len 4260 -max_attempts 479
162 -his_len 3658 -max_attempts 480
181 -his_len 4106 -max_attempts 338
164 -his_len 4088 -max_attempts 332


# Testing of elite configurations: 1 
# Testing iteration configurations: FALSE 
# 2025-12-29 16:14:45 GMT: No test instances, skip testing
