Starting irace...
# 2025-12-29 15:54:10 GMT: Reading parameter file '/gpfs/home/e/exx866/IRACE-b-LAHC/all-instances-fine/E-n60-k5-s9-p1/parameters.txt'.
# 2025-12-29 15:54:10 GMT: Read 1 configuration(s) from file '/gpfs/home/e/exx866/IRACE-b-LAHC/all-instances-fine/E-n60-k5-s9-p1/configurations.txt'
# 2025-12-29 15:54:10 GMT: Initialization
# Elitist race
# Elitist new instances: 1
# Elitist limit: 2
# nbIterations: 3
# minNbSurvival: 10
# nbParameters: 2
# seed: 1795984024
# confidence level: 0.95
# budget: 6000
# mu: 10
# deterministic: FALSE

# 2025-12-29 15:54:10 GMT: Iteration 1 of 3
# experimentsUsed: 0
# remainingBudget: 6000
# currentBudget: 2000
# nbConfigurations: 100
# Markers:
     x No test is performed.
     c Configurations are discarded only due to capping.
     - The test is performed and some configurations are discarded.
     = The test is performed but no configuration is discarded.
     ! The test is performed and configurations could be discarded but elite configurations are preserved.
     . All alive configurations are elite and nothing is discarded.

+-+-----------+-----------+-----------+----------------+-----------+--------+-----+----+------+
| |   Instance|      Alive|       Best|       Mean best| Exp so far|  W time|  rho|KenW|  Qvar|
+-+-----------+-----------+-----------+----------------+-----------+--------+-----+----+------+
|x|          1|        100|          1|     528.4700000|        100|00:00:39|   NA|  NA|    NA|
|x|          2|        100|          1|     528.4700000|        200|00:00:39|+1.00|1.00|0.0000|
|x|          3|        100|          1|     528.4700000|        300|00:00:38|+1.00|1.00|0.0000|
|x|          4|        100|          1|     528.4700000|        400|00:00:40|+1.00|1.00|0.0000|
|x|          5|        100|          1|     528.4700000|        500|00:00:39|+1.00|1.00|0.0000|
|x|          6|        100|          1|     528.4700000|        600|00:00:38|+1.00|1.00|0.0000|
|x|          7|        100|          1|     528.4700000|        700|00:00:38|+1.00|1.00|0.0000|
|x|          8|        100|          1|     528.4700000|        800|00:00:37|+1.00|1.00|0.0000|
|x|          9|        100|          1|     528.4700000|        900|00:00:39|+1.00|1.00|0.0000|
|=|         10|        100|          1|     528.4700000|       1000|00:00:38|+1.00|1.00|0.0000|
|x|         11|        100|          1|     528.4700000|       1100|00:00:38|+1.00|1.00|0.0000|
|x|         12|        100|          1|     528.4700000|       1200|00:00:39|+1.00|1.00|0.0000|
|x|         13|        100|          1|     528.4700000|       1300|00:00:39|+1.00|1.00|0.0000|
|x|         14|        100|          1|     528.4700000|       1400|00:00:38|+1.00|1.00|0.0000|
|x|         15|        100|          1|     528.4700000|       1500|00:00:39|+1.00|1.00|0.0000|
|x|         16|        100|          1|     528.4700000|       1600|00:00:39|+1.00|1.00|0.0000|
|x|         17|        100|          1|     528.4700000|       1700|00:00:39|+1.00|1.00|0.0000|
|x|         18|        100|          1|     528.4700000|       1800|00:00:38|+0.00|0.06|0.0550|
|x|         19|        100|          1|     528.4700000|       1900|00:00:39|+0.00|0.05|0.0521|
|=|         20|        100|          1|     528.4700000|       2000|00:00:39|-0.00|0.05|0.0991|
+-+-----------+-----------+-----------+----------------+-----------+--------+-----+----+------+
Best-so-far configuration:           1    mean value:      528.4700000
Description of the best-so-far configuration:
  .ID. his_len max_attempts .PARENT.
1    1    2280            5       NA

# 2025-12-29 16:07:12 GMT: Elite configurations (first number is the configuration ID; listed from best to worst according to the sum of ranks):
   his_len max_attempts
1     2280            5
2     2992            3
3     1588            7
4     2290            9
5      886            5
6     1939            2
7     3343            6
8     1237            8
9     2641            4
10    2115            9
# 2025-12-29 16:07:12 GMT: Iteration 2 of 3
# experimentsUsed: 2000
# remainingBudget: 4000
# currentBudget: 2000
# nbConfigurations: 73
# Markers:
     x No test is performed.
     c Configurations are discarded only due to capping.
     - The test is performed and some configurations are discarded.
     = The test is performed but no configuration is discarded.
     ! The test is performed and configurations could be discarded but elite configurations are preserved.
     . All alive configurations are elite and nothing is discarded.

+-+-----------+-----------+-----------+----------------+-----------+--------+-----+----+------+
| |   Instance|      Alive|       Best|       Mean best| Exp so far|  W time|  rho|KenW|  Qvar|
+-+-----------+-----------+-----------+----------------+-----------+--------+-----+----+------+
|x|         21|         73|          1|     528.4700000|         73|00:00:25|   NA|  NA|    NA|
|x|          2|         73|          1|     528.4700000|        136|00:00:22|+0.00|0.50|0.4932|
|x|          3|         73|          1|     528.4700000|        199|00:00:23|+0.00|0.33|0.3288|
|x|          8|         73|          1|     528.4700000|        262|00:00:23|+0.00|0.25|0.2466|
|x|         20|         73|          1|     528.4700000|        325|00:00:22|+0.00|0.20|0.1973|
|x|         13|         73|          1|     528.4700000|        388|00:00:22|+0.00|0.17|0.1644|
|x|          4|         73|          1|     528.4700000|        451|00:00:23|+0.00|0.14|0.1409|
|x|         14|         73|          1|     528.4700000|        514|00:00:22|+0.00|0.12|0.1233|
|x|         18|         73|          1|     528.4700000|        577|00:00:23|+0.00|0.11|0.1096|
|=|         16|         73|          1|     528.4700000|        640|00:00:22|+0.00|0.10|0.0986|
|x|         11|         73|          1|     528.4700000|        703|00:00:22|+0.00|0.09|0.0897|
|x|          9|         73|          1|     528.4700000|        766|00:00:23|+0.00|0.08|0.0822|
|x|         12|         73|          1|     528.4700000|        829|00:00:22|+0.00|0.08|0.0759|
|x|          5|         73|          1|     528.4700000|        892|00:00:22|+0.00|0.07|0.0705|
|x|          1|         73|          1|     528.4700000|        955|00:00:22|+0.00|0.07|0.0658|
|x|          7|         73|          1|     528.4700000|       1018|00:00:22|+0.00|0.06|0.0616|
|x|         17|         73|          1|     528.4700000|       1081|00:00:23|+0.00|0.06|0.0580|
|x|         10|         73|          1|     528.4700000|       1144|00:00:22|+0.00|0.06|0.0548|
|x|          6|         73|          1|     528.4700000|       1207|00:00:22|+0.00|0.05|0.0519|
|=|         15|         73|          1|     528.4700000|       1270|00:00:22|+0.00|0.05|0.0493|
|x|         19|         73|          1|     528.4700000|       1333|00:00:21|+0.00|0.05|0.0470|
|x|         22|         73|          1|     528.4700000|       1406|00:00:27|+0.00|0.05|0.0448|
|x|         23|         73|          1|     528.4700000|       1479|00:00:27|+0.00|0.04|0.0429|
|x|         24|         73|          1|     528.4700000|       1552|00:00:27|+0.00|0.04|0.0411|
|x|         25|         73|          1|     528.4700000|       1625|00:00:27|+0.00|0.04|0.0395|
|x|         26|         73|          1|     528.4700000|       1698|00:00:26|+0.00|0.04|0.0379|
|x|         27|         73|          1|     528.4700000|       1771|00:00:27|+0.00|0.04|0.0365|
|x|         28|         73|          1|     528.4700000|       1844|00:00:27|+0.00|0.04|0.0352|
|x|         29|         73|          1|     528.4700000|       1917|00:00:26|+0.00|0.03|0.0340|
|=|         30|         73|          1|     528.4700000|       1990|00:00:27|+0.00|0.03|0.0329|
+-+-----------+-----------+-----------+----------------+-----------+--------+-----+----+------+
Best-so-far configuration:           1    mean value:      528.4700000
Description of the best-so-far configuration:
  .ID. his_len max_attempts .PARENT.
1    1    2280            5       NA

# 2025-12-29 16:19:17 GMT: Elite configurations (first number is the configuration ID; listed from best to worst according to the sum of ranks):
   his_len max_attempts
1     2280            5
2     2992            3
3     1588            7
4     2290            9
5      886            5
6     1939            2
7     3343            6
8     1237            8
9     2641            4
10    2115            9
# 2025-12-29 16:19:17 GMT: Iteration 3 of 3
# experimentsUsed: 3990
# remainingBudget: 2010
# currentBudget: 2010
# nbConfigurations: 57
# Markers:
     x No test is performed.
     c Configurations are discarded only due to capping.
     - The test is performed and some configurations are discarded.
     = The test is performed but no configuration is discarded.
     ! The test is performed and configurations could be discarded but elite configurations are preserved.
     . All alive configurations are elite and nothing is discarded.

+-+-----------+-----------+-----------+----------------+-----------+--------+-----+----+------+
| |   Instance|      Alive|       Best|       Mean best| Exp so far|  W time|  rho|KenW|  Qvar|
+-+-----------+-----------+-----------+----------------+-----------+--------+-----+----+------+
|x|         31|         57|          1|     528.4700000|         57|00:00:20|   NA|  NA|    NA|
|x|         22|         57|          1|     528.4700000|        104|00:00:16|+1.00|1.00|0.0000|
|x|          4|         57|          1|     528.4700000|        151|00:00:16|+1.00|1.00|0.0000|
|x|         14|         57|          1|     528.4700000|        198|00:00:16|+1.00|1.00|0.0000|
|x|         23|         57|          1|     528.4700000|        245|00:00:16|+0.00|0.20|0.1965|
|x|         24|         57|          1|     528.4700000|        292|00:00:16|+0.00|0.17|0.1637|
|x|          5|         57|          1|     528.4700000|        339|00:00:16|+0.00|0.14|0.1404|
|x|         29|         57|          1|     528.4700000|        386|00:00:15|+0.00|0.12|0.1228|
|x|         11|         57|          1|     528.4700000|        433|00:00:16|+0.00|0.11|0.1092|
|=|         13|         57|          1|     528.4700000|        480|00:00:16|+0.00|0.10|0.0982|
|x|          6|         57|          1|     528.4700000|        527|00:00:16|+0.00|0.09|0.0893|
|x|          2|         57|          1|     528.4700000|        574|00:00:16|+0.00|0.08|0.0819|
|x|         16|         57|          1|     528.4700000|        621|00:00:15|+0.00|0.08|0.0756|
|x|         18|         57|          1|     528.4700000|        668|00:00:16|+0.00|0.07|0.0702|
|x|         21|         57|          1|     528.4700000|        715|00:00:16|+0.00|0.07|0.0655|
|x|          3|         57|          1|     528.4700000|        762|00:00:16|+0.00|0.06|0.0614|
|x|          8|         57|          1|     528.4700000|        809|00:00:16|+0.00|0.06|0.0578|
|x|         30|         57|          1|     528.4700000|        856|00:00:16|+0.00|0.06|0.0546|
|x|         20|         57|          1|     528.4700000|        903|00:00:16|+0.00|0.05|0.0517|
|=|         10|         57|          1|     528.4700000|        950|00:00:17|+0.00|0.05|0.0491|
|x|         17|         57|          1|     528.4700000|        997|00:00:16|+0.00|0.05|0.0468|
|x|          9|         57|          1|     528.4700000|       1044|00:00:16|+0.00|0.05|0.0447|
|x|         19|         57|          1|     528.4700000|       1091|00:00:16|+0.00|0.04|0.0427|
|x|          7|         57|          1|     528.4700000|       1138|00:00:16|-0.00|0.04|0.0819|
|x|         26|         57|          1|     528.4700000|       1185|00:00:16|-0.00|0.04|0.0787|
|x|         15|         57|          1|     528.4700000|       1232|00:00:16|-0.00|0.04|0.0756|
|x|         12|         57|          1|     528.4700000|       1279|00:00:16|-0.00|0.04|0.0728|
|x|         28|         57|          1|     528.4700000|       1326|00:00:16|-0.00|0.03|0.1054|
|x|         25|         57|          1|     528.4700000|       1373|00:00:16|+0.02|0.05|0.1333|
|-|         27|         54|          1|     528.4700000|       1420|00:00:17|+1.00|1.00|0.0000|
|x|          1|         54|          1|     528.4700000|       1464|00:00:15|+1.00|1.00|0.0000|
|x|         32|         54|          1|     528.4700000|       1518|00:00:19|+1.00|1.00|0.0000|
|x|         33|         54|          1|     528.4700000|       1572|00:00:19|+1.00|1.00|0.0000|
|x|         34|         54|          1|     528.4700000|       1626|00:00:19|+1.00|1.00|0.0000|
|x|         35|         54|          1|     528.4700000|       1680|00:00:19|+1.00|1.00|0.0000|
|x|         36|         54|          1|     528.4700000|       1734|00:00:19|+1.00|1.00|0.0000|
|x|         37|         54|          1|     528.4700000|       1788|00:00:19|+1.00|1.00|0.0000|
|x|         38|         54|          1|     528.4700000|       1842|00:00:19|+1.00|1.00|0.0000|
|x|         39|         54|          1|     528.4700000|       1896|00:00:19|+1.00|1.00|0.0000|
|=|         40|         54|          1|     528.4700000|       1950|00:00:19|+1.00|1.00|0.0000|
+-+-----------+-----------+-----------+----------------+-----------+--------+-----+----+------+
Best-so-far configuration:           1    mean value:      528.4700000
Description of the best-so-far configuration:
  .ID. his_len max_attempts .PARENT.
1    1    2280            5       NA

# 2025-12-29 16:30:49 GMT: Elite configurations (first number is the configuration ID; listed from best to worst according to the sum of ranks):
   his_len max_attempts
1     2280            5
2     2992            3
3     1588            7
4     2290            9
5      886            5
6     1939            2
7     3343            6
8     1237            8
9     2641            4
10    2115            9
# 2025-12-29 16:30:49 GMT: Iteration 4 of 4
# experimentsUsed: 5940
# remainingBudget: 60
# currentBudget: 60
# nbConfigurations: 11
# Markers:
     x No test is performed.
     c Configurations are discarded only due to capping.
     - The test is performed and some configurations are discarded.
     = The test is performed but no configuration is discarded.
     ! The test is performed and configurations could be discarded but elite configurations are preserved.
     . All alive configurations are elite and nothing is discarded.

+-+-----------+-----------+-----------+----------------+-----------+--------+-----+----+------+
| |   Instance|      Alive|       Best|       Mean best| Exp so far|  W time|  rho|KenW|  Qvar|
+-+-----------+-----------+-----------+----------------+-----------+--------+-----+----+------+
|x|         28|         11|          1|     528.4700000|          1|00:00:00|   NA|  NA|    NA|
|x|         23|         11|          1|     528.4700000|          2|00:00:00|+1.00|1.00|0.0000|
|x|         10|         11|          1|     528.4700000|          3|00:00:00|+1.00|1.00|0.0000|
|x|         39|         11|          1|     528.4700000|          4|00:00:00|+1.00|1.00|0.0000|
|x|         18|         11|          1|     528.4700000|          5|00:00:00|+1.00|1.00|0.0000|
|x|         31|         11|          1|     528.4700000|          6|00:00:00|+1.00|1.00|0.0000|
|x|         32|         11|          1|     528.4700000|          7|00:00:00|+1.00|1.00|0.0000|
|x|         24|         11|          1|     528.4700000|          8|00:00:00|+1.00|1.00|0.0000|
|x|         21|         11|          1|     528.4700000|          9|00:00:00|+1.00|1.00|0.0000|
|=|         22|         11|          1|     528.4700000|         10|00:00:00|+1.00|1.00|0.0000|
|x|         37|         11|          1|     528.4700000|         11|00:00:00|+1.00|1.00|0.0000|
|x|         40|         11|          1|     528.4700000|         12|00:00:00|+1.00|1.00|0.0000|
|x|         19|         11|          1|     528.4700000|         13|00:00:00|+1.00|1.00|0.0000|
|x|          7|         11|          1|     528.4700000|         14|00:00:00|+1.00|1.00|0.0000|
|x|         12|         11|          1|     528.4700000|         15|00:00:00|+1.00|1.00|0.0000|
|x|         26|         11|          1|     528.4700000|         16|00:00:00|+1.00|1.00|0.0000|
|x|         30|         11|          1|     528.4700000|         17|00:00:00|+1.00|1.00|0.0000|
|x|          2|         11|          1|     528.4700000|         18|00:00:00|+1.00|1.00|0.0000|
|x|         33|         11|          1|     528.4700000|         19|00:00:00|+1.00|1.00|0.0000|
|=|          6|         11|          1|     528.4700000|         20|00:00:00|+1.00|1.00|0.0000|
|x|         16|         11|          1|     528.4700000|         21|00:00:00|+1.00|1.00|0.0000|
|x|         34|         11|          1|     528.4700000|         22|00:00:00|+1.00|1.00|0.0000|
|x|         36|         11|          1|     528.4700000|         23|00:00:00|+1.00|1.00|0.0000|
|x|         11|         11|          1|     528.4700000|         24|00:00:00|+1.00|1.00|0.0000|
|x|         27|         11|          1|     528.4700000|         25|00:00:00|+1.00|1.00|0.0000|
|x|         20|         11|          1|     528.4700000|         26|00:00:00|+1.00|1.00|0.0000|
|x|         13|         11|          1|     528.4700000|         27|00:00:00|+1.00|1.00|0.0000|
|x|         17|         11|          1|     528.4700000|         28|00:00:00|+1.00|1.00|0.0000|
|x|         14|         11|          1|     528.4700000|         29|00:00:00|+1.00|1.00|0.0000|
|=|         38|         11|          1|     528.4700000|         30|00:00:00|+1.00|1.00|0.0000|
|x|          5|         11|          1|     528.4700000|         31|00:00:00|+1.00|1.00|0.0000|
|x|          9|         11|          1|     528.4700000|         32|00:00:00|+1.00|1.00|0.0000|
|x|          3|         11|          1|     528.4700000|         33|00:00:00|+1.00|1.00|0.0000|
|x|         29|         11|          1|     528.4700000|         34|00:00:00|+1.00|1.00|0.0000|
|x|          8|         11|          1|     528.4700000|         35|00:00:00|+1.00|1.00|0.0000|
|x|         25|         11|          1|     528.4700000|         36|00:00:00|+1.00|1.00|0.0000|
|x|          4|         11|          1|     528.4700000|         37|00:00:00|+1.00|1.00|0.0000|
|x|         15|         11|          1|     528.4700000|         38|00:00:00|+1.00|1.00|0.0000|
|x|         35|         11|          1|     528.4700000|         39|00:00:00|+1.00|1.00|0.0000|
|=|          1|         11|          1|     528.4700000|         40|00:00:00|+1.00|1.00|0.0000|
+-+-----------+-----------+-----------+----------------+-----------+--------+-----+----+------+
Best-so-far configuration:           1    mean value:      528.4700000
Description of the best-so-far configuration:
  .ID. his_len max_attempts .PARENT.
1    1    2280            5       NA

# 2025-12-29 16:31:24 GMT: Elite configurations (first number is the configuration ID; listed from best to worst according to the sum of ranks):
   his_len max_attempts
1     2280            5
2     2992            3
3     1588            7
4     2290            9
5      886            5
6     1939            2
7     3343            6
8     1237            8
9     2641            4
10    2115            9
# 2025-12-29 16:31:24 GMT: Stopped because there is not enough budget left to race more than the minimum (10).
# You may either increase the budget or set 'minNbSurvival' to a lower value.
# Iteration: 5
# nbIterations: 5
# experimentsUsed: 5980
# timeUsed: 0
# remainingBudget: 20
# currentBudget: 20
# number of elites: 10
# nbConfigurations: 10
# Total CPU user time: 4082.594, CPU sys time: 6492.204, Wall-clock time: 2234.247
# 2025-12-29 16:31:24 GMT: Starting post-selection:
# Configurations selected: 1, 2.
# Pending instances: 0, 0.
# 2025-12-29 16:31:24 GMT: seed: 1795984024
# Configurations: 2
# Available experiments: 20
# minSurvival: 1
# Markers:
     x No test is performed.
     c Configurations are discarded only due to capping.
     - The test is performed and some configurations are discarded.
     = The test is performed but no configuration is discarded.
     ! The test is performed and configurations could be discarded but elite configurations are preserved.
     . All alive configurations are elite and nothing is discarded.

+-+-----------+-----------+-----------+----------------+-----------+--------+-----+----+------+
| |   Instance|      Alive|       Best|       Mean best| Exp so far|  W time|  rho|KenW|  Qvar|
+-+-----------+-----------+-----------+----------------+-----------+--------+-----+----+------+
|.|         33|          2|          1|     528.4700000|          0|00:00:00|   NA|  NA|    NA|
|.|          4|          2|          1|     528.4700000|          0|00:00:00|+1.00|1.00|0.0000|
|.|         29|          2|          1|     528.4700000|          0|00:00:00|+1.00|1.00|0.0000|
|.|         28|          2|          1|     528.4700000|          0|00:00:00|+1.00|1.00|0.0000|
|.|         24|          2|          1|     528.4700000|          0|00:00:00|+1.00|1.00|0.0000|
|.|         34|          2|          1|     528.4700000|          0|00:00:00|+1.00|1.00|0.0000|
|.|         10|          2|          1|     528.4700000|          0|00:00:00|+1.00|1.00|0.0000|
|.|         38|          2|          1|     528.4700000|          0|00:00:00|+1.00|1.00|0.0000|
|.|         37|          2|          1|     528.4700000|          0|00:00:00|+1.00|1.00|0.0000|
|.|         27|          2|          1|     528.4700000|          0|00:00:00|+1.00|1.00|0.0000|
|.|         12|          2|          1|     528.4700000|          0|00:00:00|+1.00|1.00|0.0000|
|.|         26|          2|          1|     528.4700000|          0|00:00:00|+1.00|1.00|0.0000|
|.|         19|          2|          1|     528.4700000|          0|00:00:00|+1.00|1.00|0.0000|
|.|          2|          2|          1|     528.4700000|          0|00:00:00|+1.00|1.00|0.0000|
|.|         35|          2|          1|     528.4700000|          0|00:00:00|+1.00|1.00|0.0000|
|.|         14|          2|          1|     528.4700000|          0|00:00:00|+1.00|1.00|0.0000|
|.|          7|          2|          1|     528.4700000|          0|00:00:00|+1.00|1.00|0.0000|
|.|         17|          2|          1|     528.4700000|          0|00:00:00|+1.00|1.00|0.0000|
|.|         11|          2|          1|     528.4700000|          0|00:00:00|+1.00|1.00|0.0000|
|.|          8|          2|          1|     528.4700000|          0|00:00:00|+1.00|1.00|0.0000|
|.|         16|          2|          1|     528.4700000|          0|00:00:00|+1.00|1.00|0.0000|
|.|         13|          2|          1|     528.4700000|          0|00:00:00|+1.00|1.00|0.0000|
|.|         31|          2|          1|     528.4700000|          0|00:00:00|+1.00|1.00|0.0000|
|.|         18|          2|          1|     528.4700000|          0|00:00:00|+1.00|1.00|0.0000|
|.|          1|          2|          1|     528.4700000|          0|00:00:00|+1.00|1.00|0.0000|
|.|          6|          2|          1|     528.4700000|          0|00:00:00|+1.00|1.00|0.0000|
|.|         22|          2|          1|     528.4700000|          0|00:00:00|+1.00|1.00|0.0000|
|.|         20|          2|          1|     528.4700000|          0|00:00:00|+1.00|1.00|0.0000|
|.|         21|          2|          1|     528.4700000|          0|00:00:00|+1.00|1.00|0.0000|
|.|         39|          2|          1|     528.4700000|          0|00:00:00|+1.00|1.00|0.0000|
|.|         30|          2|          1|     528.4700000|          0|00:00:00|+1.00|1.00|0.0000|
|.|         25|          2|          1|     528.4700000|          0|00:00:00|+1.00|1.00|0.0000|
|.|         23|          2|          1|     528.4700000|          0|00:00:00|+1.00|1.00|0.0000|
|.|          9|          2|          1|     528.4700000|          0|00:00:00|+1.00|1.00|0.0000|
|.|         15|          2|          1|     528.4700000|          0|00:00:00|+1.00|1.00|0.0000|
|.|          5|          2|          1|     528.4700000|          0|00:00:00|+1.00|1.00|0.0000|
|.|          3|          2|          1|     528.4700000|          0|00:00:00|+1.00|1.00|0.0000|
|.|         36|          2|          1|     528.4700000|          0|00:00:00|+1.00|1.00|0.0000|
|.|         40|          2|          1|     528.4700000|          0|00:00:00|+1.00|1.00|0.0000|
|.|         32|          2|          1|     528.4700000|          0|00:00:00|+1.00|1.00|0.0000|
|x|         41|          2|          1|     528.4700000|          2|00:00:01|+1.00|1.00|0.0000|
|x|         42|          2|          1|     528.4700000|          4|00:00:01|+1.00|1.00|0.0000|
|x|         43|          2|          1|     528.4700000|          6|00:00:01|+1.00|1.00|0.0000|
|x|         44|          2|          1|     528.4700000|          8|00:00:01|+1.00|1.00|0.0000|
|x|         45|          2|          1|     528.4700000|         10|00:00:01|+1.00|1.00|0.0000|
|x|         46|          2|          1|     528.4700000|         12|00:00:01|+1.00|1.00|0.0000|
|x|         47|          2|          1|     528.4700000|         14|00:00:01|+1.00|1.00|0.0000|
|x|         48|          2|          1|     528.4700000|         16|00:00:01|+1.00|1.00|0.0000|
|x|         49|          2|          1|     528.4700000|         18|00:00:01|+1.00|1.00|0.0000|
|-|         50|          1|          1|     528.4700000|         20|00:00:01|   NA|  NA|    NA|
+-+-----------+-----------+-----------+----------------+-----------+--------+-----+----+------+
Best-so-far configuration:           1    mean value:      528.4700000
Description of the best-so-far configuration:
  .ID. his_len max_attempts .PARENT.
1    1    2280            5       NA

# 2025-12-29 16:31:35 GMT: Elite configurations (first number is the configuration ID; listed from best to worst according to the sum of ranks):
  his_len max_attempts
1    2280            5
# Total CPU user time: 4095.794, CPU sys time: 6501.865, Wall-clock time: 2244.887
# Best configurations (first number is the configuration ID; listed from best to worst according to the sum of ranks):
  his_len max_attempts
1    2280            5
# Best configurations as commandlines (first number is the configuration ID; listed from best to worst according to the sum of ranks):
1 -his_len 2280 -max_attempts 5


# Testing of elite configurations: 1 
# Testing iteration configurations: FALSE 
# 2025-12-29 16:31:35 GMT: No test instances, skip testing
