Starting irace...
# 2025-12-29 16:14:11 GMT: Reading parameter file '/gpfs/home/e/exx866/IRACE-b-LAHC/all-instances-fine/F-n49-k4-s4/parameters.txt'.
# 2025-12-29 16:14:11 GMT: Read 1 configuration(s) from file '/gpfs/home/e/exx866/IRACE-b-LAHC/all-instances-fine/F-n49-k4-s4/configurations.txt'
# 2025-12-29 16:14:12 GMT: Initialization
# Elitist race
# Elitist new instances: 1
# Elitist limit: 2
# nbIterations: 3
# minNbSurvival: 10
# nbParameters: 2
# seed: 889661971
# confidence level: 0.95
# budget: 6000
# mu: 10
# deterministic: FALSE

# 2025-12-29 16:14:12 GMT: Iteration 1 of 3
# experimentsUsed: 0
# remainingBudget: 6000
# currentBudget: 2000
# nbConfigurations: 100
# Markers:
     x No test is performed.
     c Configurations are discarded only due to capping.
     - The test is performed and some configurations are discarded.
     = The test is performed but no configuration is discarded.
     ! The test is performed and configurations could be discarded but elite configurations are preserved.
     . All alive configurations are elite and nothing is discarded.

+-+-----------+-----------+-----------+----------------+-----------+--------+-----+----+------+
| |   Instance|      Alive|       Best|       Mean best| Exp so far|  W time|  rho|KenW|  Qvar|
+-+-----------+-----------+-----------+----------------+-----------+--------+-----+----+------+
|x|          1|        100|          1|     727.7500000|        100|00:00:39|   NA|  NA|    NA|
|x|          2|        100|          1|     727.7500000|        200|00:00:38|-0.10|0.45|1.0927|
|x|          3|        100|          1|     727.7500000|        300|00:00:37|+0.00|0.33|0.9848|
|x|          4|        100|          1|     727.7500000|        400|00:00:38|+0.02|0.27|0.9737|
|x|          5|        100|          1|     727.7500000|        500|00:00:36|+0.02|0.21|0.9788|
|x|          6|        100|          1|     727.7500000|        600|00:00:37|+0.03|0.19|0.9635|
|x|          7|        100|          1|     727.7500000|        700|00:00:38|+0.03|0.16|0.9679|
|x|          8|        100|          1|     727.7500000|        800|00:00:38|+0.03|0.15|0.9605|
|x|          9|        100|          1|     727.7500000|        900|00:00:37|+0.04|0.15|0.9576|
|-|         10|         88|          1|     727.7500000|       1000|00:00:38|+0.00|0.10|0.9870|
|x|         11|         88|          1|     727.7500000|       1088|00:00:31|+0.01|0.10|0.9814|
|x|         12|         88|          1|     727.7500000|       1176|00:00:31|+0.00|0.09|0.9842|
|x|         13|         88|          1|     727.7500000|       1264|00:00:29|+0.01|0.09|0.9758|
|x|         14|         88|          1|     727.7500000|       1352|00:00:31|+0.01|0.08|0.9070|
|x|         15|         88|          1|     727.7500000|       1440|00:00:31|+0.02|0.08|0.9095|
|x|         16|         88|          1|     727.7500000|       1528|00:00:31|+0.02|0.08|0.9131|
|x|         17|         88|          1|     727.7500000|       1616|00:00:31|+0.02|0.08|0.9118|
|x|         18|         88|          1|     727.7500000|       1704|00:00:30|+0.03|0.08|0.9083|
|x|         19|         88|         13|     727.7500000|       1792|00:00:30|+0.03|0.08|0.9091|
|-|         20|         69|         23|     727.7500000|       1880|00:00:29|-0.01|0.04|0.9415|
+-+-----------+-----------+-----------+----------------+-----------+--------+-----+----+------+
Best-so-far configuration:          23    mean value:      727.7500000
Description of the best-so-far configuration:
   .ID. his_len max_attempts .PARENT.
23   23    2704            1       NA

# 2025-12-29 16:25:40 GMT: Elite configurations (first number is the configuration ID; listed from best to worst according to the sum of ranks):
   his_len max_attempts
23    2704            1
26    2317            1
28    2007            1
33    1853            1
35    1795            1
39    1640            2
40    1949            1
50    1678            1
58    2066            1
69    1746            1
# 2025-12-29 16:25:40 GMT: Iteration 2 of 3
# experimentsUsed: 1880
# remainingBudget: 4120
# currentBudget: 2060
# nbConfigurations: 75
# Markers:
     x No test is performed.
     c Configurations are discarded only due to capping.
     - The test is performed and some configurations are discarded.
     = The test is performed but no configuration is discarded.
     ! The test is performed and configurations could be discarded but elite configurations are preserved.
     . All alive configurations are elite and nothing is discarded.

+-+-----------+-----------+-----------+----------------+-----------+--------+-----+----+------+
| |   Instance|      Alive|       Best|       Mean best| Exp so far|  W time|  rho|KenW|  Qvar|
+-+-----------+-----------+-----------+----------------+-----------+--------+-----+----+------+
|x|         21|         75|         23|     727.7500000|         75|00:00:24|   NA|  NA|    NA|
|x|          7|         75|         23|     727.7500000|        140|00:00:20|-0.08|0.46|1.0644|
|x|          6|         75|         23|     727.7500000|        205|00:00:22|-0.01|0.33|0.9972|
|x|         19|         75|         23|     727.7500000|        270|00:00:20|+0.01|0.26|0.9749|
|x|         10|         75|         23|     727.7500000|        335|00:00:21|-0.01|0.19|0.9965|
|x|         15|         75|         23|     727.7500000|        400|00:00:22|-0.02|0.15|1.0049|
|x|          4|         75|         23|     727.7500000|        465|00:00:22|-0.01|0.13|0.9958|
|x|         12|         75|         23|     727.7500000|        530|00:00:21|-0.01|0.11|1.0008|
|x|          3|         75|         23|     727.7500000|        595|00:00:22|-0.01|0.10|0.9972|
|=|         13|         75|         23|     727.7500000|        660|00:00:21|-0.01|0.09|1.0003|
|x|          2|         75|         23|     727.7500000|        725|00:00:21|-0.00|0.09|0.9966|
|x|         11|         75|         23|     727.7500000|        790|00:00:21|-0.00|0.08|0.9949|
|x|          9|         75|         23|     727.7500000|        855|00:00:22|+0.01|0.08|0.9868|
|x|          5|         75|         23|     727.7500000|        920|00:00:20|+0.00|0.07|0.9922|
|x|         20|         75|         23|     727.7500000|        985|00:00:21|-0.00|0.07|0.9944|
|x|          1|         75|         23|     727.7500000|       1050|00:00:21|+0.00|0.07|0.9869|
|x|         14|         75|         23|     727.7500000|       1115|00:00:20|+0.00|0.06|0.9288|
|x|         18|         75|         23|     727.7500000|       1180|00:00:21|+0.00|0.06|0.9336|
|x|          8|         75|         23|     727.7500000|       1245|00:00:21|+0.00|0.05|0.9366|
|=|         17|         75|         23|     727.7500000|       1310|00:00:20|+0.00|0.05|0.9361|
|x|         16|         75|         23|     727.7500000|       1375|00:00:20|+0.00|0.05|0.9386|
|x|         22|         75|         26|     727.7500000|       1450|00:00:24|+0.01|0.05|0.9388|
|x|         23|         75|         26|     727.7500000|       1525|00:00:23|+0.01|0.05|0.9413|
|x|         24|         75|         26|     727.7500000|       1600|00:00:25|+0.00|0.05|0.9451|
|x|         25|         75|         26|     727.7500000|       1675|00:00:25|+0.00|0.04|0.9475|
|x|         26|         75|         26|     727.7500000|       1750|00:00:25|+0.01|0.05|0.9464|
|x|         27|         75|         26|     727.7500000|       1825|00:00:25|+0.01|0.05|0.9454|
|x|         28|         75|         26|     727.7500000|       1900|00:00:26|+0.01|0.05|0.9454|
|x|         29|         75|         26|     727.7500000|       1975|00:00:26|+0.01|0.04|0.9471|
|=|         30|         75|         26|     727.7500000|       2050|00:00:25|+0.01|0.04|0.9484|
+-+-----------+-----------+-----------+----------------+-----------+--------+-----+----+------+
Best-so-far configuration:          26    mean value:      727.7500000
Description of the best-so-far configuration:
   .ID. his_len max_attempts .PARENT.
26   26    2317            1       NA

# 2025-12-29 16:37:01 GMT: Elite configurations (first number is the configuration ID; listed from best to worst according to the sum of ranks):
    his_len max_attempts
26     2317            1
28     2007            1
35     1795            1
39     1640            2
40     1949            1
50     1678            1
58     2066            1
69     1746            1
117    1919            1
120    1651            1
# 2025-12-29 16:37:01 GMT: Iteration 3 of 3
# experimentsUsed: 3930
# remainingBudget: 2070
# currentBudget: 2070
# nbConfigurations: 59
# Markers:
     x No test is performed.
     c Configurations are discarded only due to capping.
     - The test is performed and some configurations are discarded.
     = The test is performed but no configuration is discarded.
     ! The test is performed and configurations could be discarded but elite configurations are preserved.
     . All alive configurations are elite and nothing is discarded.

+-+-----------+-----------+-----------+----------------+-----------+--------+-----+----+------+
| |   Instance|      Alive|       Best|       Mean best| Exp so far|  W time|  rho|KenW|  Qvar|
+-+-----------+-----------+-----------+----------------+-----------+--------+-----+----+------+
|x|         31|         59|         26|     727.7500000|         59|00:00:17|   NA|  NA|    NA|
|x|         26|         59|         26|     727.7500000|        108|00:00:15|-0.07|0.47|1.0662|
|x|         11|         59|         26|     727.7500000|        157|00:00:15|+0.00|0.34|0.9584|
|x|         17|         59|         26|     727.7500000|        206|00:00:15|+0.10|0.33|0.8274|
|x|          2|         59|         26|     727.7500000|        255|00:00:15|+0.14|0.31|0.7869|
|x|         30|         59|         26|     727.7500000|        304|00:00:14|+0.10|0.25|0.8655|
|x|         22|         59|         26|     727.7500000|        353|00:00:15|+0.09|0.22|0.8922|
|x|          7|         59|         26|     727.7500000|        402|00:00:15|+0.07|0.19|0.9076|
|x|         28|         59|         26|     727.7500000|        451|00:00:15|+0.05|0.15|0.9384|
|-|          9|         55|         26|     727.7500000|        500|00:00:13|-0.03|0.07|1.0066|
|x|         13|         55|         26|     727.7500000|        545|00:00:12|-0.02|0.08|0.9796|
|x|         14|         55|         26|     727.7500000|        590|00:00:13|-0.02|0.07|0.8981|
|x|         16|         55|         26|     727.7500000|        635|00:00:13|+0.00|0.08|0.8849|
|x|          3|         55|         26|     727.7500000|        680|00:00:12|-0.01|0.06|0.8992|
|x|         12|         55|         26|     727.7500000|        725|00:00:14|-0.00|0.06|0.9076|
|x|          6|         55|         26|     727.7500000|        770|00:00:14|-0.00|0.06|0.9162|
|x|          5|         55|         26|     727.7500000|        815|00:00:13|+0.01|0.07|0.9134|
|x|         23|         55|         26|     727.7500000|        860|00:00:14|+0.01|0.07|0.9120|
|x|         20|         55|         26|     727.7500000|        905|00:00:13|+0.02|0.07|0.9132|
|=|         19|         55|         26|     727.7500000|        950|00:00:13|+0.01|0.06|0.9204|
|x|         10|         55|         26|     727.7500000|        995|00:00:13|+0.01|0.06|0.9220|
|x|         27|         55|         26|     727.7500000|       1040|00:00:13|+0.01|0.06|0.9274|
|x|         25|         55|         26|     727.7500000|       1085|00:00:13|+0.02|0.06|0.9238|
|x|          4|         55|         26|     727.7500000|       1130|00:00:13|+0.02|0.06|0.9213|
|x|         15|         55|         26|     727.7500000|       1175|00:00:13|+0.02|0.06|0.9264|
|x|          8|         55|         26|     727.7500000|       1220|00:00:14|+0.02|0.05|0.9288|
|x|         18|         55|         26|     727.7500000|       1265|00:00:13|+0.02|0.06|0.9260|
|x|         29|         55|         26|     727.7500000|       1310|00:00:13|+0.02|0.06|0.9298|
|x|         24|         55|         26|     727.7500000|       1355|00:00:12|+0.02|0.06|0.9321|
|-|         21|         50|         26|     727.7500000|       1400|00:00:14|+0.00|0.03|0.7518|
|x|          1|         50|         26|     727.7500000|       1440|00:00:09|+0.00|0.04|0.7577|
|x|         32|         50|         26|     727.7500000|       1490|00:00:14|+0.00|0.04|0.7631|
|x|         33|         50|         26|     727.7500000|       1540|00:00:14|+0.00|0.03|0.7713|
|x|         34|         50|         26|     727.7500000|       1590|00:00:15|+0.01|0.03|0.7763|
|x|         35|         50|         26|     727.7500000|       1640|00:00:15|+0.00|0.03|0.7824|
|x|         36|         50|         26|     727.7500000|       1690|00:00:15|+0.00|0.03|0.7896|
|x|         37|         50|         26|     727.7500000|       1740|00:00:15|+0.00|0.03|0.7938|
|x|         38|         50|         26|     727.7500000|       1790|00:00:15|+0.00|0.03|0.7987|
|x|         39|         50|         26|     727.7500000|       1840|00:00:14|+0.00|0.03|0.8047|
|=|         40|         50|         26|     727.7500000|       1890|00:00:15|+0.00|0.03|0.8100|
+-+-----------+-----------+-----------+----------------+-----------+--------+-----+----+------+
Best-so-far configuration:          26    mean value:      727.7500000
Description of the best-so-far configuration:
   .ID. his_len max_attempts .PARENT.
26   26    2317            1       NA

# 2025-12-29 16:46:32 GMT: Elite configurations (first number is the configuration ID; listed from best to worst according to the sum of ranks):
    his_len max_attempts
26     2317            1
39     1640            2
58     2066            1
117    1919            1
167    1747            1
171    1749            1
189    1995            1
203    2232            1
204    1779            1
214    1790            1
# 2025-12-29 16:46:32 GMT: Iteration 4 of 4
# experimentsUsed: 5820
# remainingBudget: 180
# currentBudget: 180
# nbConfigurations: 11
# Markers:
     x No test is performed.
     c Configurations are discarded only due to capping.
     - The test is performed and some configurations are discarded.
     = The test is performed but no configuration is discarded.
     ! The test is performed and configurations could be discarded but elite configurations are preserved.
     . All alive configurations are elite and nothing is discarded.

+-+-----------+-----------+-----------+----------------+-----------+--------+-----+----+------+
| |   Instance|      Alive|       Best|       Mean best| Exp so far|  W time|  rho|KenW|  Qvar|
+-+-----------+-----------+-----------+----------------+-----------+--------+-----+----+------+
|x|         41|         11|         26|     727.7500000|         11|00:00:02|   NA|  NA|    NA|
|x|         23|         11|         26|     727.7500000|         12|00:00:00|+0.00|0.50|0.4545|
|x|         26|         11|         26|     727.7500000|         13|00:00:00|+0.00|0.33|0.3030|
|x|         32|         11|         26|     727.7500000|         14|00:00:00|+0.33|0.50|0.3030|
|x|          5|         11|         26|     727.7500000|         15|00:00:00|+0.25|0.40|0.2727|
|x|          4|         11|         26|     727.7500000|         16|00:00:00|+0.20|0.33|0.2424|
|x|         14|         11|         26|     727.7500000|         17|00:00:00|+0.17|0.29|0.2165|
|x|         30|         11|         26|     727.7500000|         18|00:00:00|+0.14|0.25|0.1948|
|x|          9|         11|         26|     727.7500000|         19|00:00:00|+0.12|0.22|0.1768|
|-|         17|         10|         26|     727.7500000|         20|00:00:00|+1.00|1.00|0.0000|
|.|         38|         10|         26|     727.7500000|         20|00:00:00|+1.00|1.00|0.0000|
|.|         22|         10|         26|     727.7500000|         20|00:00:00|+1.00|1.00|0.0000|
|.|         18|         10|         26|     727.7500000|         20|00:00:00|+1.00|1.00|0.0000|
|.|         27|         10|         26|     727.7500000|         20|00:00:00|+1.00|1.00|0.0000|
|.|         37|         10|         26|     727.7500000|         20|00:00:00|+1.00|1.00|0.0000|
|.|          2|         10|         26|     727.7500000|         20|00:00:00|+1.00|1.00|0.0000|
|.|          1|         10|         26|     727.7500000|         20|00:00:00|+1.00|1.00|0.0000|
|.|         29|         10|         26|     727.7500000|         20|00:00:00|+1.00|1.00|0.0000|
|.|         21|         10|         26|     727.7500000|         20|00:00:00|+1.00|1.00|0.0000|
|.|         15|         10|         26|     727.7500000|         20|00:00:00|+1.00|1.00|0.0000|
|.|         36|         10|         26|     727.7500000|         20|00:00:00|+1.00|1.00|0.0000|
|.|         39|         10|         26|     727.7500000|         20|00:00:00|+1.00|1.00|0.0000|
|.|          6|         10|         26|     727.7500000|         20|00:00:00|+1.00|1.00|0.0000|
|.|         10|         10|         26|     727.7500000|         20|00:00:00|+1.00|1.00|0.0000|
|.|         28|         10|         26|     727.7500000|         20|00:00:00|+1.00|1.00|0.0000|
|.|          3|         10|         26|     727.7500000|         20|00:00:00|+1.00|1.00|0.0000|
|.|         34|         10|         26|     727.7500000|         20|00:00:00|+1.00|1.00|0.0000|
|.|         13|         10|         26|     727.7500000|         20|00:00:00|+1.00|1.00|0.0000|
|.|         11|         10|         26|     727.7500000|         20|00:00:00|+1.00|1.00|0.0000|
|.|          8|         10|         26|     727.7500000|         20|00:00:00|+1.00|1.00|0.0000|
|.|         40|         10|         26|     727.7500000|         20|00:00:00|+1.00|1.00|0.0000|
|.|         19|         10|         26|     727.7500000|         20|00:00:00|+1.00|1.00|0.0000|
|.|         33|         10|         26|     727.7500000|         20|00:00:00|+1.00|1.00|0.0000|
|.|         25|         10|         26|     727.7500000|         20|00:00:00|+1.00|1.00|0.0000|
|.|         12|         10|         26|     727.7500000|         20|00:00:00|+1.00|1.00|0.0000|
|.|          7|         10|         26|     727.7500000|         20|00:00:00|+1.00|1.00|0.0000|
|.|         20|         10|         26|     727.7500000|         20|00:00:00|+1.00|1.00|0.0000|
|.|         16|         10|         26|     727.7500000|         20|00:00:00|+1.00|1.00|0.0000|
|.|         35|         10|         26|     727.7500000|         20|00:00:00|+1.00|1.00|0.0000|
|.|         31|         10|         26|     727.7500000|         20|00:00:00|+1.00|1.00|0.0000|
|.|         24|         10|         26|     727.7500000|         20|00:00:00|+1.00|1.00|0.0000|
|x|         42|         10|         26|     727.7500000|         30|00:00:02|+1.00|1.00|0.0000|
|x|         43|         10|         26|     727.7500000|         40|00:00:02|+0.00|0.02|0.0209|
|x|         44|         10|         26|     727.7500000|         50|00:00:02|+0.00|0.02|0.0205|
|x|         45|         10|         26|     727.7500000|         60|00:00:02|+0.00|0.02|0.0200|
|x|         46|         10|         26|     727.7500000|         70|00:00:02|+0.00|0.02|0.0196|
|x|         47|         10|         26|     727.7500000|         80|00:00:02|+0.00|0.02|0.0191|
|x|         48|         10|         26|     727.7500000|         90|00:00:02|+0.02|0.04|0.0367|
|x|         49|         10|         26|     727.7500000|        100|00:00:02|+0.01|0.03|0.0545|
|=|         50|         10|         26|     727.7500000|        110|00:00:02|+0.01|0.03|0.0534|
+-+-----------+-----------+-----------+----------------+-----------+--------+-----+----+------+
Best-so-far configuration:          26    mean value:      727.7500000
Description of the best-so-far configuration:
   .ID. his_len max_attempts .PARENT.
26   26    2317            1       NA

# 2025-12-29 16:47:03 GMT: Elite configurations (first number is the configuration ID; listed from best to worst according to the sum of ranks):
    his_len max_attempts
26     2317            1
39     1640            2
58     2066            1
117    1919            1
167    1747            1
189    1995            1
204    1779            1
214    1790            1
203    2232            1
171    1749            1
# 2025-12-29 16:47:03 GMT: Iteration 5 of 5
# experimentsUsed: 5930
# remainingBudget: 70
# currentBudget: 70
# nbConfigurations: 11
# Markers:
     x No test is performed.
     c Configurations are discarded only due to capping.
     - The test is performed and some configurations are discarded.
     = The test is performed but no configuration is discarded.
     ! The test is performed and configurations could be discarded but elite configurations are preserved.
     . All alive configurations are elite and nothing is discarded.

+-+-----------+-----------+-----------+----------------+-----------+--------+-----+----+------+
| |   Instance|      Alive|       Best|       Mean best| Exp so far|  W time|  rho|KenW|  Qvar|
+-+-----------+-----------+-----------+----------------+-----------+--------+-----+----+------+
|x|          3|         11|         26|     727.7500000|          1|00:00:00|   NA|  NA|    NA|
|x|          5|         11|         26|     727.7500000|          2|00:00:00|+1.00|1.00|0.0000|
|x|          7|         11|         26|     727.7500000|          3|00:00:00|+1.00|1.00|0.0000|
|x|         30|         11|         26|     727.7500000|          4|00:00:00|+1.00|1.00|0.0000|
|x|         19|         11|         26|     727.7500000|          5|00:00:00|+1.00|1.00|0.0000|
|x|         47|         11|         26|     727.7500000|          6|00:00:00|+1.00|1.00|0.0000|
|x|         33|         11|         26|     727.7500000|          7|00:00:00|+1.00|1.00|0.0000|
|x|         22|         11|         26|     727.7500000|          8|00:00:00|+1.00|1.00|0.0000|
|x|         46|         11|         26|     727.7500000|          9|00:00:00|+1.00|1.00|0.0000|
|=|          1|         11|         26|     727.7500000|         10|00:00:00|+1.00|1.00|0.0000|
|x|         27|         11|         26|     727.7500000|         11|00:00:00|+1.00|1.00|0.0000|
|x|         48|         11|         26|     727.7500000|         12|00:00:00|+0.00|0.08|0.0758|
|x|         29|         11|         26|     727.7500000|         13|00:00:00|+0.00|0.08|0.0699|
|x|         50|         11|         26|     727.7500000|         14|00:00:00|+0.00|0.07|0.0649|
|x|         14|         11|         26|     727.7500000|         15|00:00:00|+0.00|0.07|0.0606|
|x|         18|         11|         26|     727.7500000|         16|00:00:00|+0.00|0.06|0.0568|
|x|          4|         11|         26|     727.7500000|         17|00:00:00|-0.01|0.05|0.1076|
|x|         32|         11|         26|     727.7500000|         18|00:00:00|-0.01|0.05|0.1016|
|x|          9|         11|         26|     727.7500000|         19|00:00:00|+0.03|0.08|0.1393|
|=|         21|         11|         26|     727.7500000|         20|00:00:00|+0.03|0.08|0.1325|
|x|         43|         11|         26|     727.7500000|         21|00:00:00|+0.04|0.09|0.1662|
|x|         16|         11|         26|     727.7500000|         22|00:00:00|+0.04|0.08|0.1590|
|x|         38|         11|         26|     727.7500000|         23|00:00:00|+0.04|0.08|0.1524|
|x|          8|         11|         26|     727.7500000|         24|00:00:00|+0.03|0.07|0.1462|
|x|         36|         11|         26|     727.7500000|         25|00:00:00|+0.03|0.07|0.1406|
|x|          6|         11|         26|     727.7500000|         26|00:00:00|+0.03|0.07|0.1354|
|x|         34|         11|         26|     727.7500000|         27|00:00:00|+0.03|0.07|0.1305|
|x|         37|         11|         26|     727.7500000|         28|00:00:00|+0.03|0.06|0.1260|
|x|         25|         11|         26|     727.7500000|         29|00:00:00|+0.03|0.06|0.1218|
|=|         45|         11|         26|     727.7500000|         30|00:00:00|+0.03|0.06|0.1179|
|x|         15|         11|         26|     727.7500000|         31|00:00:00|+0.03|0.06|0.1142|
|x|         44|         11|         26|     727.7500000|         32|00:00:00|+0.03|0.06|0.1107|
|x|         39|         11|         26|     727.7500000|         33|00:00:00|+0.02|0.05|0.1074|
|x|         35|         11|         26|     727.7500000|         34|00:00:00|+0.02|0.05|0.1044|
|x|         26|         11|         26|     727.7500000|         35|00:00:00|+0.02|0.05|0.1015|
|x|         10|         11|         26|     727.7500000|         36|00:00:00|+0.02|0.05|0.0987|
|x|         11|         11|         26|     727.7500000|         37|00:00:00|+0.02|0.05|0.0961|
|x|         17|         11|         26|     727.7500000|         38|00:00:00|+0.02|0.05|0.0936|
|x|         42|         11|         26|     727.7500000|         39|00:00:00|+0.02|0.05|0.0913|
|=|         12|         11|         26|     727.7500000|         40|00:00:00|+0.02|0.04|0.0890|
|x|         13|         11|         26|     727.7500000|         41|00:00:00|+0.02|0.04|0.0869|
|x|         24|         11|         26|     727.7500000|         42|00:00:00|+0.02|0.04|0.0849|
|x|         31|         11|         26|     727.7500000|         43|00:00:00|+0.02|0.04|0.0830|
|x|         49|         11|         26|     727.7500000|         44|00:00:00|+0.01|0.03|0.1022|
|x|         20|         11|         26|     727.7500000|         45|00:00:00|+0.01|0.03|0.0999|
|x|          2|         11|         26|     727.7500000|         46|00:00:00|+0.01|0.03|0.0978|
|x|         23|         11|         26|     727.7500000|         47|00:00:00|+0.01|0.03|0.0957|
|x|         41|         11|         26|     727.7500000|         48|00:00:00|+0.02|0.04|0.1113|
|x|         40|         11|         26|     727.7500000|         49|00:00:00|+0.02|0.04|0.1091|
|-|         28|         10|         26|     727.7500000|         50|00:00:00|+0.01|0.03|0.0534|
+-+-----------+-----------+-----------+----------------+-----------+--------+-----+----+------+
Best-so-far configuration:          26    mean value:      727.7500000
Description of the best-so-far configuration:
   .ID. his_len max_attempts .PARENT.
26   26    2317            1       NA

# 2025-12-29 16:47:39 GMT: Elite configurations (first number is the configuration ID; listed from best to worst according to the sum of ranks):
    his_len max_attempts
26     2317            1
39     1640            2
58     2066            1
117    1919            1
167    1747            1
189    1995            1
204    1779            1
214    1790            1
203    2232            1
171    1749            1
# 2025-12-29 16:47:39 GMT: Stopped because there is not enough budget left to race more than the minimum (10).
# You may either increase the budget or set 'minNbSurvival' to a lower value.
# Iteration: 6
# nbIterations: 6
# experimentsUsed: 5980
# timeUsed: 0
# remainingBudget: 20
# currentBudget: 20
# number of elites: 10
# nbConfigurations: 10
# Total CPU user time: 2955.042, CPU sys time: 6340.599, Wall-clock time: 2008.054
# 2025-12-29 16:47:39 GMT: Starting post-selection:
# Configurations selected: 26, 39.
# Pending instances: 0, 0.
# 2025-12-29 16:47:39 GMT: seed: 889661971
# Configurations: 2
# Available experiments: 20
# minSurvival: 1
# Markers:
     x No test is performed.
     c Configurations are discarded only due to capping.
     - The test is performed and some configurations are discarded.
     = The test is performed but no configuration is discarded.
     ! The test is performed and configurations could be discarded but elite configurations are preserved.
     . All alive configurations are elite and nothing is discarded.

+-+-----------+-----------+-----------+----------------+-----------+--------+-----+----+------+
| |   Instance|      Alive|       Best|       Mean best| Exp so far|  W time|  rho|KenW|  Qvar|
+-+-----------+-----------+-----------+----------------+-----------+--------+-----+----+------+
|.|         27|          2|         26|     727.7500000|          0|00:00:00|   NA|  NA|    NA|
|.|          5|          2|         26|     727.7500000|          0|00:00:00|+1.00|1.00|0.0000|
|.|          6|          2|         26|     727.7500000|          0|00:00:00|+1.00|1.00|0.0000|
|.|         39|          2|         26|     727.7500000|          0|00:00:00|+1.00|1.00|0.0000|
|.|          7|          2|         26|     727.7500000|          0|00:00:00|+1.00|1.00|0.0000|
|.|         46|          2|         26|     727.7500000|          0|00:00:00|+1.00|1.00|0.0000|
|.|         15|          2|         26|     727.7500000|          0|00:00:00|+1.00|1.00|0.0000|
|.|         34|          2|         26|     727.7500000|          0|00:00:00|+1.00|1.00|0.0000|
|.|          9|          2|         26|     727.7500000|          0|00:00:00|+1.00|1.00|0.0000|
|.|         14|          2|         26|     727.7500000|          0|00:00:00|+1.00|1.00|0.0000|
|.|         12|          2|         26|     727.7500000|          0|00:00:00|+1.00|1.00|0.0000|
|.|          4|          2|         26|     727.7500000|          0|00:00:00|+1.00|1.00|0.0000|
|.|         43|          2|         26|     727.7500000|          0|00:00:00|+1.00|1.00|0.0000|
|.|         20|          2|         26|     727.7500000|          0|00:00:00|+1.00|1.00|0.0000|
|.|         30|          2|         26|     727.7500000|          0|00:00:00|+1.00|1.00|0.0000|
|.|          2|          2|         26|     727.7500000|          0|00:00:00|+1.00|1.00|0.0000|
|.|         13|          2|         26|     727.7500000|          0|00:00:00|+1.00|1.00|0.0000|
|.|         10|          2|         26|     727.7500000|          0|00:00:00|+1.00|1.00|0.0000|
|.|         37|          2|         26|     727.7500000|          0|00:00:00|+1.00|1.00|0.0000|
|.|         44|          2|         26|     727.7500000|          0|00:00:00|+1.00|1.00|0.0000|
|.|          1|          2|         26|     727.7500000|          0|00:00:00|+1.00|1.00|0.0000|
|.|         16|          2|         26|     727.7500000|          0|00:00:00|+1.00|1.00|0.0000|
|.|         28|          2|         26|     727.7500000|          0|00:00:00|+1.00|1.00|0.0000|
|.|         47|          2|         26|     727.7500000|          0|00:00:00|+1.00|1.00|0.0000|
|.|         31|          2|         26|     727.7500000|          0|00:00:00|+1.00|1.00|0.0000|
|.|         25|          2|         26|     727.7500000|          0|00:00:00|+1.00|1.00|0.0000|
|.|          3|          2|         26|     727.7500000|          0|00:00:00|+1.00|1.00|0.0000|
|.|         24|          2|         26|     727.7500000|          0|00:00:00|+1.00|1.00|0.0000|
|.|         50|          2|         26|     727.7500000|          0|00:00:00|+1.00|1.00|0.0000|
|.|         18|          2|         26|     727.7500000|          0|00:00:00|+1.00|1.00|0.0000|
|.|         22|          2|         26|     727.7500000|          0|00:00:00|+1.00|1.00|0.0000|
|.|         26|          2|         26|     727.7500000|          0|00:00:00|+1.00|1.00|0.0000|
|.|          8|          2|         26|     727.7500000|          0|00:00:00|+1.00|1.00|0.0000|
|.|         41|          2|         26|     727.7500000|          0|00:00:00|+1.00|1.00|0.0000|
|.|         32|          2|         26|     727.7500000|          0|00:00:00|+1.00|1.00|0.0000|
|.|         19|          2|         26|     727.7500000|          0|00:00:00|+1.00|1.00|0.0000|
|.|         11|          2|         26|     727.7500000|          0|00:00:00|+1.00|1.00|0.0000|
|.|         36|          2|         26|     727.7500000|          0|00:00:00|+1.00|1.00|0.0000|
|.|         40|          2|         26|     727.7500000|          0|00:00:00|+1.00|1.00|0.0000|
|.|         29|          2|         26|     727.7500000|          0|00:00:00|+1.00|1.00|0.0000|
|.|         23|          2|         26|     727.7500000|          0|00:00:00|+1.00|1.00|0.0000|
|.|         33|          2|         26|     727.7500000|          0|00:00:00|+1.00|1.00|0.0000|
|.|         45|          2|         26|     727.7500000|          0|00:00:00|+1.00|1.00|0.0000|
|.|         38|          2|         26|     727.7500000|          0|00:00:00|+1.00|1.00|0.0000|
|.|         17|          2|         26|     727.7500000|          0|00:00:00|+1.00|1.00|0.0000|
|.|         42|          2|         26|     727.7500000|          0|00:00:00|+1.00|1.00|0.0000|
|.|         35|          2|         26|     727.7500000|          0|00:00:00|+1.00|1.00|0.0000|
|.|         48|          2|         26|     727.7500000|          0|00:00:00|+1.00|1.00|0.0000|
|.|         49|          2|         26|     727.7500000|          0|00:00:00|+1.00|1.00|0.0000|
|.|         21|          2|         26|     727.7500000|          0|00:00:00|+1.00|1.00|0.0000|
|x|         51|          2|         26|     727.7500000|          2|00:00:00|+1.00|1.00|0.0000|
|x|         52|          2|         26|     727.7500000|          4|00:00:00|+1.00|1.00|0.0000|
|x|         53|          2|         39|     727.7500000|          6|00:00:00|+0.00|0.02|0.0094|
|x|         54|          2|         39|     727.7500000|          8|00:00:00|+0.00|0.02|0.0093|
|x|         55|          2|         39|     727.7500000|         10|00:00:00|+0.00|0.02|0.0091|
|x|         56|          2|         39|     727.7500000|         12|00:00:00|+0.00|0.02|0.0089|
|x|         57|          2|         26|     727.7889474|         14|00:00:00|-0.02|0.00|0.0179|
|x|         58|          2|         26|     727.7882759|         16|00:00:00|-0.02|0.00|0.0175|
|x|         59|          2|         26|     727.7876271|         18|00:00:00|-0.02|0.00|0.0172|
|=|         60|          2|         26|     727.7870000|         20|00:00:00|-0.02|0.00|0.0169|
+-+-----------+-----------+-----------+----------------+-----------+--------+-----+----+------+
Best-so-far configuration:          26    mean value:      727.7870000
Description of the best-so-far configuration:
   .ID. his_len max_attempts .PARENT.
26   26    2317            1       NA

# 2025-12-29 16:47:48 GMT: Elite configurations (first number is the configuration ID; listed from best to worst according to the sum of ranks):
   his_len max_attempts
26    2317            1
39    1640            2
# Total CPU user time: 2964.335, CPU sys time: 6349.743, Wall-clock time: 2016.676
# Best configurations (first number is the configuration ID; listed from best to worst according to the sum of ranks):
   his_len max_attempts
26    2317            1
39    1640            2
# Best configurations as commandlines (first number is the configuration ID; listed from best to worst according to the sum of ranks):
26 -his_len 2317 -max_attempts 1
39 -his_len 1640 -max_attempts 2


# Testing of elite configurations: 1 
# Testing iteration configurations: FALSE 
# 2025-12-29 16:47:48 GMT: No test instances, skip testing
