Starting irace...
# 2026-01-09 14:15:25 GMT: Reading parameter file '/gpfs/home/e/exx866/IRACE-b-LAHC/all-instances-fine/M-n126-k7-s5/parameters.txt'.
# 2026-01-09 14:15:26 GMT: Read 1 configuration(s) from file '/gpfs/home/e/exx866/IRACE-b-LAHC/all-instances-fine/M-n126-k7-s5/configurations.txt'
# 2026-01-09 14:15:26 GMT: Initialization
# Elitist race
# Elitist new instances: 1
# Elitist limit: 2
# nbIterations: 3
# minNbSurvival: 10
# nbParameters: 2
# seed: 1803291423
# confidence level: 0.95
# budget: 8000
# mu: 10
# deterministic: FALSE

# 2026-01-09 14:15:26 GMT: Iteration 1 of 3
# experimentsUsed: 0
# remainingBudget: 8000
# currentBudget: 2666
# nbConfigurations: 133
# Markers:
     x No test is performed.
     c Configurations are discarded only due to capping.
     - The test is performed and some configurations are discarded.
     = The test is performed but no configuration is discarded.
     ! The test is performed and configurations could be discarded but elite configurations are preserved.
     . All alive configurations are elite and nothing is discarded.

+-+-----------+-----------+-----------+----------------+-----------+--------+-----+----+------+
| |   Instance|      Alive|       Best|       Mean best| Exp so far|  W time|  rho|KenW|  Qvar|
+-+-----------+-----------+-----------+----------------+-----------+--------+-----+----+------+
|x|          1|        133|        126|     1045.560000|        133|00:00:36|   NA|  NA|    NA|
|x|          2|        133|         44|     1049.110000|        266|00:00:37|+0.45|0.72|0.7561|
|x|          3|        133|        123|     1055.140000|        399|00:00:39|+0.51|0.67|0.6514|
|x|          4|        133|        123|     1060.320000|        532|00:00:36|+0.46|0.60|0.6607|
|x|          5|        133|        123|     1057.346000|        665|00:00:37|+0.44|0.55|0.7095|
|x|          6|        133|        123|     1060.471667|        798|00:00:36|+0.41|0.51|0.7544|
|x|          7|        133|        123|     1062.851429|        931|00:00:38|+0.39|0.48|0.7741|
|x|          8|        133|         57|     1064.091250|       1064|00:00:37|+0.38|0.45|0.7837|
|x|          9|        133|        126|     1067.666667|       1197|00:00:37|+0.38|0.45|0.7732|
|-|         10|         58|        126|     1068.418000|       1330|00:00:40|-0.05|0.06|1.0226|
|x|         11|         58|        121|     1067.639091|       1388|00:00:16|-0.05|0.05|1.0197|
|x|         12|         58|         20|     1075.410000|       1446|00:00:15|-0.04|0.05|1.0213|
|x|         13|         58|         20|     1075.382308|       1504|00:00:16|-0.02|0.05|1.0196|
|x|         14|         58|         20|     1073.226429|       1562|00:00:15|-0.02|0.05|1.0135|
|x|         15|         58|         20|     1071.399333|       1620|00:00:16|-0.01|0.06|1.0075|
|x|         16|         58|         20|     1076.413750|       1678|00:00:15|-0.01|0.05|1.0060|
|x|         17|         58|         20|     1076.381765|       1736|00:00:15|-0.00|0.06|1.0049|
|x|         18|         58|         20|     1080.793889|       1794|00:00:15|-0.01|0.05|1.0035|
|x|         19|         58|        123|     1071.949474|       1852|00:00:16|-0.00|0.05|1.0019|
|=|         20|         58|         20|     1080.493000|       1910|00:00:15|-0.00|0.05|1.0020|
|x|         21|         58|         20|     1080.520476|       1968|00:00:16|-0.00|0.05|1.0000|
|x|         22|         58|         20|     1080.266818|       2026|00:00:15|-0.00|0.04|0.9991|
|x|         23|         58|         20|     1080.059565|       2084|00:00:16|+0.00|0.05|0.9988|
|x|         24|         58|         20|     1079.856250|       2142|00:00:16|+0.00|0.04|1.0005|
|x|         25|         58|         20|     1079.730800|       2200|00:00:17|+0.00|0.04|0.9966|
|x|         26|         58|        123|     1074.061923|       2258|00:00:16|+0.01|0.04|0.9934|
|x|         27|         58|        123|     1074.077778|       2316|00:00:16|+0.01|0.04|0.9942|
|x|         28|         58|        123|     1074.137500|       2374|00:00:16|+0.01|0.04|0.9936|
|x|         29|         58|         20|     1079.133103|       2432|00:00:15|+0.01|0.05|0.9912|
|-|         30|         31|        123|     1074.229333|       2490|00:00:16|-0.01|0.02|0.9818|
+-+-----------+-----------+-----------+----------------+-----------+--------+-----+----+------+
Best configuration for the instances in this race: 123
Best-so-far configuration:          20    mean value:      1079.024667
Description of the best-so-far configuration:
   .ID. his_len max_attempts .PARENT.
20   20    7570           17       NA

# 2026-01-09 14:27:06 GMT: Elite configurations (first number is the configuration ID; listed from best to worst according to the sum of ranks):
    his_len max_attempts
20     7570           17
123    6488           23
4      3908           65
30     6904           24
121    3159           90
14     3242          102
86     2660           62
104    9484           12
62     8069           15
29    10899            9
# 2026-01-09 14:27:06 GMT: Iteration 2 of 3
# experimentsUsed: 2490
# remainingBudget: 5510
# currentBudget: 2755
# nbConfigurations: 76
# Markers:
     x No test is performed.
     c Configurations are discarded only due to capping.
     - The test is performed and some configurations are discarded.
     = The test is performed but no configuration is discarded.
     ! The test is performed and configurations could be discarded but elite configurations are preserved.
     . All alive configurations are elite and nothing is discarded.

+-+-----------+-----------+-----------+----------------+-----------+--------+-----+----+------+
| |   Instance|      Alive|       Best|       Mean best| Exp so far|  W time|  rho|KenW|  Qvar|
+-+-----------+-----------+-----------+----------------+-----------+--------+-----+----+------+
|x|         31|         76|        123|     1044.970000|         76|00:00:22|   NA|  NA|    NA|
|x|         13|         76|        123|     1045.265000|        142|00:00:23|+0.13|0.56|0.9765|
|x|         15|         76|        123|     1055.343333|        208|00:00:20|-0.04|0.31|1.0700|
|x|          5|         76|        123|     1052.870000|        274|00:00:20|-0.03|0.23|1.0085|
|x|          1|         76|        123|     1057.368000|        340|00:00:21|-0.01|0.19|0.9879|
|x|         24|         76|        123|     1060.318333|        406|00:00:21|-0.03|0.14|1.0138|
|x|         21|         76|        123|     1062.677143|        472|00:00:21|-0.02|0.12|1.0072|
|x|         10|         76|        155|     1054.993750|        538|00:00:21|-0.02|0.11|1.0020|
|x|         19|         76|        155|     1054.287778|        604|00:00:19|-0.01|0.10|0.9898|
|=|         29|         76|        155|     1054.436000|        670|00:00:21|-0.00|0.10|0.9832|
|x|         25|         76|        155|     1056.500000|        736|00:00:21|-0.00|0.09|0.9762|
|x|          9|         76|        155|     1058.136667|        802|00:00:22|-0.00|0.08|0.9726|
|x|         27|         76|        155|     1057.215385|        868|00:00:21|+0.00|0.08|0.9800|
|x|          3|         76|        184|     1065.245714|        934|00:00:22|+0.01|0.08|0.9784|
|x|         22|         76|        184|     1065.899333|       1000|00:00:21|+0.01|0.08|0.9761|
|x|         16|         76|        123|     1068.081250|       1066|00:00:21|+0.01|0.07|0.9785|
|x|         23|         76|        123|     1066.737647|       1132|00:00:22|+0.01|0.06|0.9812|
|x|          6|         76|        123|     1067.257778|       1198|00:00:22|+0.01|0.06|0.9840|
|x|         26|         76|        123|     1067.689474|       1264|00:00:22|+0.01|0.06|0.9812|
|=|         14|         76|        123|     1068.101500|       1330|00:00:20|+0.01|0.06|0.9835|
|x|          8|         76|        161|     1069.652857|       1396|00:00:21|+0.01|0.06|0.9839|
|x|         12|         76|        123|     1069.383182|       1462|00:00:22|+0.01|0.06|0.9852|
|x|         17|         76|        123|     1069.627391|       1528|00:00:21|+0.01|0.05|0.9867|
|x|         11|         76|        123|     1069.922083|       1594|00:00:21|+0.01|0.05|0.9875|
|x|         28|         76|        123|     1070.155200|       1660|00:00:21|+0.01|0.05|0.9863|
|x|          4|         76|        123|     1070.374615|       1726|00:00:21|+0.01|0.05|0.9878|
|x|          7|         76|        123|     1070.624815|       1792|00:00:21|+0.01|0.05|0.9890|
|x|         30|         76|        123|     1070.780000|       1858|00:00:21|+0.02|0.05|0.9865|
|x|         20|         76|        187|     1067.334138|       1924|00:00:21|+0.02|0.05|0.9882|
|-|         18|         55|        187|     1070.569000|       1990|00:00:20|-0.02|0.02|0.9900|
|x|          2|         55|        123|     1073.285484|       2035|00:00:12|-0.02|0.02|0.9881|
|x|         32|         55|        187|     1070.878438|       2090|00:00:15|-0.02|0.02|0.9889|
|x|         33|         55|        186|     1076.000909|       2145|00:00:15|-0.01|0.02|0.9891|
|x|         34|         55|        123|     1073.045588|       2200|00:00:15|-0.02|0.01|0.9889|
|x|         35|         55|        186|     1075.210286|       2255|00:00:15|-0.01|0.02|0.9884|
|x|         36|         55|        123|     1072.305833|       2310|00:00:15|-0.01|0.02|0.9896|
|x|         37|         55|        123|     1072.403243|       2365|00:00:15|-0.01|0.02|0.9888|
|x|         38|         55|        123|     1072.497895|       2420|00:00:15|-0.01|0.02|0.9875|
|x|         39|         55|        123|     1072.560513|       2475|00:00:15|-0.01|0.02|0.9855|
|=|         40|         55|        123|     1071.968750|       2530|00:00:15|-0.01|0.02|0.9842|
+-+-----------+-----------+-----------+----------------+-----------+--------+-----+----+------+
Best-so-far configuration:         123    mean value:      1071.968750
Description of the best-so-far configuration:
    .ID. his_len max_attempts .PARENT.
123  123    6488           23       NA

# 2026-01-09 14:40:24 GMT: Elite configurations (first number is the configuration ID; listed from best to worst according to the sum of ranks):
    his_len max_attempts
123    6488           23
186    7957           19
20     7570           17
187    2974          103
184    6909           17
168    7182           18
155    3399           92
172    6759           26
14     3242          102
4      3908           65
# 2026-01-09 14:40:24 GMT: Iteration 3 of 3
# experimentsUsed: 5020
# remainingBudget: 2980
# currentBudget: 2980
# nbConfigurations: 67
# Markers:
     x No test is performed.
     c Configurations are discarded only due to capping.
     - The test is performed and some configurations are discarded.
     = The test is performed but no configuration is discarded.
     ! The test is performed and configurations could be discarded but elite configurations are preserved.
     . All alive configurations are elite and nothing is discarded.

+-+-----------+-----------+-----------+----------------+-----------+--------+-----+----+------+
| |   Instance|      Alive|       Best|       Mean best| Exp so far|  W time|  rho|KenW|  Qvar|
+-+-----------+-----------+-----------+----------------+-----------+--------+-----+----+------+
|x|         41|         67|        208|     1044.970000|         67|00:00:22|   NA|  NA|    NA|
|x|         13|         67|        222|     1045.105000|        124|00:00:15|+0.11|0.55|0.8046|
|x|          9|         67|        208|     1046.930000|        181|00:00:15|+0.03|0.36|0.9855|
|x|         20|         67|        208|     1053.965000|        238|00:00:14|+0.07|0.30|0.9241|
|x|         19|         67|        208|     1058.372000|        295|00:00:15|+0.06|0.25|0.9163|
|x|          5|         67|        208|     1056.960000|        352|00:00:15|-0.01|0.16|0.9742|
|x|         18|         67|        208|     1065.562857|        409|00:00:15|-0.01|0.13|0.9837|
|x|         39|         67|        240|     1060.891250|        466|00:00:16|-0.01|0.11|0.9839|
|x|         33|         67|        186|     1060.688889|        523|00:00:15|-0.02|0.10|0.9824|
|=|         29|         67|        186|     1059.144000|        580|00:00:16|-0.00|0.10|0.9704|
|x|         40|         67|        186|     1058.321818|        637|00:00:15|+0.00|0.09|0.9664|
|x|         12|         67|        186|     1057.209167|        694|00:00:15|+0.00|0.08|0.9751|
|x|          1|         67|        186|     1058.631538|        751|00:00:16|+0.01|0.08|0.9785|
|x|         16|         67|        186|     1067.827857|        808|00:00:16|+0.00|0.08|0.9796|
|x|          6|         67|        186|     1066.418667|        865|00:00:16|+0.00|0.07|0.9837|
|x|         37|         67|        186|     1067.038125|        922|00:00:15|+0.00|0.06|0.9857|
|x|         26|         67|        186|     1067.568235|        979|00:00:15|-0.00|0.06|0.9905|
|x|         34|         67|        186|     1068.061111|       1036|00:00:15|-0.00|0.05|0.9919|
|x|         11|         67|        230|     1066.766842|       1093|00:00:15|-0.00|0.05|0.9881|
|=|          7|         67|        230|     1065.885000|       1150|00:00:15|-0.00|0.05|0.9888|
|x|         27|         67|        227|     1071.163333|       1207|00:00:15|+0.00|0.05|0.9866|
|x|         24|         67|        227|     1070.174091|       1264|00:00:15|+0.00|0.05|0.9832|
|x|         21|         67|        227|     1070.578696|       1321|00:00:16|-0.00|0.04|0.9829|
|x|         28|         67|        227|     1070.741667|       1378|00:00:14|-0.00|0.04|0.9854|
|x|         15|         67|        227|     1069.749600|       1435|00:00:15|-0.00|0.04|0.9866|
|x|          2|         67|        230|     1066.531538|       1492|00:00:16|+0.00|0.04|0.9846|
|x|         36|         67|        247|     1070.152963|       1549|00:00:15|+0.00|0.04|0.9821|
|x|         35|         67|        230|     1066.105000|       1606|00:00:16|+0.00|0.04|0.9830|
|x|         31|         67|        230|     1066.459310|       1663|00:00:15|+0.00|0.04|0.9819|
|=|         25|         67|        123|     1070.000333|       1720|00:00:15|+0.00|0.04|0.9802|
|x|          3|         67|        123|     1069.192903|       1777|00:00:17|+0.00|0.04|0.9810|
|x|          8|         67|        123|     1070.754375|       1834|00:00:15|+0.00|0.03|0.9804|
|x|         32|         67|        186|     1070.210606|       1891|00:00:16|+0.00|0.03|0.9796|
|x|         30|         67|        123|     1071.233824|       1948|00:00:15|+0.00|0.03|0.9799|
|x|         10|         67|        247|     1069.160000|       2005|00:00:16|+0.00|0.03|0.9806|
|x|         38|         67|        247|     1068.503889|       2062|00:00:15|+0.00|0.03|0.9797|
|x|         14|         67|        247|     1068.701081|       2119|00:00:15|+0.00|0.03|0.9805|
|x|         17|         67|        247|     1068.873158|       2176|00:00:15|+0.00|0.03|0.9797|
|x|          4|         67|        247|     1069.045128|       2233|00:00:16|+0.00|0.03|0.9797|
|=|         23|         67|        247|     1068.462000|       2290|00:00:15|+0.00|0.03|0.9794|
|x|         22|         67|        247|     1068.649024|       2347|00:00:16|+0.00|0.03|0.9778|
|x|         42|         67|        247|     1068.788095|       2414|00:00:22|-0.00|0.02|0.9789|
|x|         43|         67|        247|     1068.940698|       2481|00:00:21|+0.00|0.02|0.9768|
|x|         44|         67|        247|     1069.277273|       2548|00:00:21|+0.00|0.02|0.9770|
|x|         45|         67|        247|     1068.814667|       2615|00:00:21|+0.00|0.02|0.9763|
|x|         46|         67|        247|     1068.971957|       2682|00:00:21|+0.00|0.02|0.9755|
|x|         47|         67|        247|     1068.570638|       2749|00:00:21|+0.00|0.02|0.9756|
|x|         48|         67|        247|     1068.722083|       2816|00:00:21|+0.00|0.02|0.9770|
|x|         49|         67|        247|     1068.936327|       2883|00:00:21|+0.00|0.02|0.9763|
|=|         50|         67|        247|     1071.328000|       2950|00:00:21|+0.00|0.02|0.9768|
+-+-----------+-----------+-----------+----------------+-----------+--------+-----+----+------+
Best-so-far configuration:         247    mean value:      1071.328000
Description of the best-so-far configuration:
    .ID. his_len max_attempts .PARENT.
247  247    6616           25      123

# 2026-01-09 14:54:37 GMT: Elite configurations (first number is the configuration ID; listed from best to worst according to the sum of ranks):
    his_len max_attempts
247    6616           25
238    7961           19
230    7581           17
155    3399           92
123    6488           23
186    7957           19
237    6564           22
20     7570           17
240    3415           91
250    6569           23
# 2026-01-09 14:54:37 GMT: Stopped because there is not enough budget left to race more than the minimum (10).
# You may either increase the budget or set 'minNbSurvival' to a lower value.
# Iteration: 4
# nbIterations: 4
# experimentsUsed: 7970
# timeUsed: 0
# remainingBudget: 30
# currentBudget: 30
# number of elites: 10
# nbConfigurations: 10
# Total CPU user time: 28038.06, CPU sys time: 6716.205, Wall-clock time: 2351.251
# 2026-01-09 14:54:37 GMT: Starting post-selection:
# Configurations selected: 247, 238, 230.
# Pending instances: 0, 0, 0.
# 2026-01-09 14:54:37 GMT: seed: 1803291423
# Configurations: 3
# Available experiments: 30
# minSurvival: 1
# Markers:
     x No test is performed.
     c Configurations are discarded only due to capping.
     - The test is performed and some configurations are discarded.
     = The test is performed but no configuration is discarded.
     ! The test is performed and configurations could be discarded but elite configurations are preserved.
     . All alive configurations are elite and nothing is discarded.

+-+-----------+-----------+-----------+----------------+-----------+--------+-----+----+------+
| |   Instance|      Alive|       Best|       Mean best| Exp so far|  W time|  rho|KenW|  Qvar|
+-+-----------+-----------+-----------+----------------+-----------+--------+-----+----+------+
|.|         39|          3|        238|     1046.490000|          0|00:00:00|   NA|  NA|    NA|
|.|          8|          3|        238|     1061.445000|          0|00:00:00|-1.00|0.00|1.1346|
|.|         17|          3|        238|     1055.953333|          0|00:00:00|-0.33|0.11|0.7252|
|.|         47|          3|        238|     1060.965000|          0|00:00:00|-0.25|0.06|0.7174|
|.|         48|          3|        238|     1063.986000|          0|00:00:00|-0.25|0.00|0.8138|
|.|         14|          3|        238|     1065.830000|          0|00:00:00|-0.17|0.03|0.7849|
|.|         49|          3|        238|     1067.577143|          0|00:00:00|-0.07|0.08|0.7571|
|.|         44|          3|        238|     1064.780000|          0|00:00:00|-0.02|0.11|0.7231|
|.|         25|          3|        238|     1066.005556|          0|00:00:00|-0.03|0.09|0.7181|
|.|         32|          3|        238|     1067.001000|          0|00:00:00|-0.03|0.07|0.7347|
|.|          1|          3|        238|     1064.998182|          0|00:00:00|+0.01|0.10|0.7124|
|.|         37|          3|        238|     1065.922500|          0|00:00:00|-0.04|0.05|0.7223|
|.|          3|          3|        238|     1064.395385|          0|00:00:00|-0.01|0.07|0.7053|
|.|         30|          3|        238|     1063.299286|          0|00:00:00|-0.01|0.07|0.6862|
|.|         26|          3|        238|     1062.085333|          0|00:00:00|-0.03|0.04|0.6764|
|.|          2|          3|        238|     1061.015625|          0|00:00:00|-0.01|0.05|0.6578|
|.|          7|          3|        238|     1061.841176|          0|00:00:00|-0.04|0.02|0.6792|
|.|         33|          3|        238|     1068.932778|          0|00:00:00|-0.05|0.01|0.6907|
|.|         16|          3|        238|     1074.346842|          0|00:00:00|-0.05|0.00|0.6971|
|.|         29|          3|        238|     1073.102000|          0|00:00:00|-0.04|0.01|0.6964|
|.|         36|          3|        238|     1071.806190|          0|00:00:00|-0.04|0.01|0.6897|
|.|         50|          3|        238|     1072.014545|          0|00:00:00|-0.03|0.01|0.6890|
|.|         21|          3|        238|     1072.183913|          0|00:00:00|-0.03|0.02|0.6828|
|.|         13|          3|        238|     1072.298750|          0|00:00:00|-0.02|0.02|0.6751|
|.|         40|          3|        238|     1072.486000|          0|00:00:00|-0.03|0.01|0.6822|
|.|         38|          3|        238|     1073.054231|          0|00:00:00|-0.04|0.00|0.6810|
|.|         11|          3|        238|     1072.014074|          0|00:00:00|-0.03|0.01|0.6761|
|.|         20|          3|        238|     1072.336429|          0|00:00:00|-0.03|0.00|0.6814|
|.|         43|          3|        238|     1072.462759|          0|00:00:00|-0.03|0.00|0.6765|
|.|         15|          3|        238|     1072.612333|          0|00:00:00|-0.03|0.00|0.6788|
|.|         34|          3|        238|     1071.752903|          0|00:00:00|-0.03|0.00|0.6759|
|.|         22|          3|        238|     1071.912812|          0|00:00:00|-0.03|0.01|0.6696|
|.|         12|          3|        238|     1072.043030|          0|00:00:00|-0.02|0.01|0.6693|
|.|          5|          3|        238|     1072.314706|          0|00:00:00|-0.02|0.01|0.6652|
|.|         18|          3|        238|     1075.671429|          0|00:00:00|-0.02|0.01|0.6715|
|.|         28|          3|        238|     1075.674722|          0|00:00:00|-0.03|0.00|0.6757|
|.|         31|          3|        238|     1074.844865|          0|00:00:00|-0.02|0.01|0.6742|
|.|         41|          3|        238|     1074.282105|          0|00:00:00|-0.02|0.00|0.6778|
|.|         42|          3|        238|     1074.403590|          0|00:00:00|-0.02|0.00|0.6751|
|.|          6|          3|        238|     1074.446750|          0|00:00:00|-0.02|0.01|0.6715|
|.|         10|          3|        238|     1074.479756|          0|00:00:00|-0.01|0.01|0.6674|
|.|          4|          3|        238|     1074.539524|          0|00:00:00|-0.01|0.01|0.6673|
|.|          9|          3|        238|     1074.538372|          0|00:00:00|-0.02|0.01|0.6698|
|.|         19|          3|        238|     1074.541136|          0|00:00:00|-0.02|0.00|0.6735|
|.|         23|          3|        238|     1073.896667|          0|00:00:00|-0.02|0.00|0.6762|
|.|         35|          3|        238|     1073.339130|          0|00:00:00|-0.02|0.00|0.6784|
|.|         45|          3|        238|     1073.397234|          0|00:00:00|-0.02|0.00|0.6760|
|.|         27|          3|        238|     1072.828958|          0|00:00:00|-0.02|0.00|0.6741|
|.|         46|          3|        238|     1072.265102|          0|00:00:00|-0.02|0.00|0.6762|
|.|         24|          3|        238|     1072.324600|          0|00:00:00|-0.02|0.00|0.6756|
|x|         51|          3|        247|     1071.424314|          3|00:00:03|-0.02|0.00|0.6767|
|x|         52|          3|        247|     1072.448077|          6|00:00:03|-0.01|0.00|0.6753|
|x|         53|          3|        247|     1071.946792|          9|00:00:03|-0.01|0.01|0.6736|
|x|         54|          3|        247|     1071.451481|         12|00:00:03|-0.01|0.01|0.6712|
|x|         55|          3|        247|     1071.713818|         15|00:00:03|-0.01|0.01|0.6736|
|x|         56|          3|        247|     1071.816786|         18|00:00:03|-0.01|0.01|0.6737|
|x|         57|          3|        247|     1071.898947|         21|00:00:03|-0.01|0.01|0.6742|
|x|         58|          3|        247|     1071.522586|         24|00:00:03|-0.01|0.01|0.6722|
|x|         59|          3|        247|     1071.576102|         27|00:00:03|-0.00|0.01|0.6705|
|=|         60|          3|        247|     1071.730500|         30|00:00:03|-0.01|0.01|0.6727|
+-+-----------+-----------+-----------+----------------+-----------+--------+-----+----+------+
Best-so-far configuration:         247    mean value:      1071.730500
Description of the best-so-far configuration:
    .ID. his_len max_attempts .PARENT.
247  247    6616           25      123

# 2026-01-09 14:55:12 GMT: Elite configurations (first number is the configuration ID; listed from best to worst according to the sum of ranks):
    his_len max_attempts
247    6616           25
230    7581           17
238    7961           19
# Total CPU user time: 28130.36, CPU sys time: 6728.553, Wall-clock time: 2386.321
# Best configurations (first number is the configuration ID; listed from best to worst according to the sum of ranks):
    his_len max_attempts
247    6616           25
230    7581           17
238    7961           19
# Best configurations as commandlines (first number is the configuration ID; listed from best to worst according to the sum of ranks):
247 -his_len 6616 -max_attempts 25
230 -his_len 7581 -max_attempts 17
238 -his_len 7961 -max_attempts 19


# Testing of elite configurations: 1 
# Testing iteration configurations: FALSE 
# 2026-01-09 14:55:12 GMT: No test instances, skip testing
