Starting irace...
# 2025-12-29 15:16:15 GMT: Reading parameter file '/gpfs/home/e/exx866/IRACE-b-LAHC/all-instances-fine/E-n33-k4-p1/parameters.txt'.
# 2025-12-29 15:16:15 GMT: Read 1 configuration(s) from file '/gpfs/home/e/exx866/IRACE-b-LAHC/all-instances-fine/E-n33-k4-p1/configurations.txt'
# 2025-12-29 15:16:15 GMT: Initialization
# Elitist race
# Elitist new instances: 1
# Elitist limit: 2
# nbIterations: 3
# minNbSurvival: 10
# nbParameters: 2
# seed: 806786192
# confidence level: 0.95
# budget: 6000
# mu: 10
# deterministic: FALSE

# 2025-12-29 15:16:15 GMT: Iteration 1 of 3
# experimentsUsed: 0
# remainingBudget: 6000
# currentBudget: 2000
# nbConfigurations: 100
# Markers:
     x No test is performed.
     c Configurations are discarded only due to capping.
     - The test is performed and some configurations are discarded.
     = The test is performed but no configuration is discarded.
     ! The test is performed and configurations could be discarded but elite configurations are preserved.
     . All alive configurations are elite and nothing is discarded.

+-+-----------+-----------+-----------+----------------+-----------+--------+-----+----+------+
| |   Instance|      Alive|       Best|       Mean best| Exp so far|  W time|  rho|KenW|  Qvar|
+-+-----------+-----------+-----------+----------------+-----------+--------+-----+----+------+
|x|          1|        100|          1|     840.1500000|        100|00:00:43|   NA|  NA|    NA|
|x|          2|        100|          1|     840.1500000|        200|00:00:42|+1.00|1.00|0.0000|
|x|          3|        100|          1|     840.1500000|        300|00:00:42|+1.00|1.00|0.0000|
|x|          4|        100|          1|     840.1500000|        400|00:00:42|+0.00|0.25|0.2475|
|x|          5|        100|          1|     840.1500000|        500|00:00:41|+0.25|0.40|0.2970|
|x|          6|        100|          1|     840.1500000|        600|00:00:41|+0.13|0.28|0.4303|
|x|          7|        100|          1|     840.1500000|        700|00:00:40|+0.11|0.24|0.3781|
|x|          8|        100|          1|     840.1500000|        800|00:00:42|+0.09|0.21|0.3366|
|x|          9|        100|          1|     840.1500000|        900|00:00:42|+0.06|0.16|0.4139|
|-|         10|         97|          1|     840.1500000|       1000|00:00:42|+1.00|1.00|0.0000|
|x|         11|         97|          1|     840.1500000|       1097|00:00:40|+1.00|1.00|0.0000|
|x|         12|         97|          1|     840.1500000|       1194|00:00:40|+1.00|1.00|0.0000|
|x|         13|         97|          1|     840.1500000|       1291|00:00:40|+1.00|1.00|0.0000|
|x|         14|         97|          1|     840.1500000|       1388|00:00:39|+1.00|1.00|0.0000|
|x|         15|         97|          1|     840.1500000|       1485|00:00:40|+1.00|1.00|0.0000|
|x|         16|         97|          1|     840.1500000|       1582|00:00:39|+1.00|1.00|0.0000|
|x|         17|         97|          1|     840.1500000|       1679|00:00:39|+1.00|1.00|0.0000|
|x|         18|         97|          1|     840.1500000|       1776|00:00:37|+1.00|1.00|0.0000|
|x|         19|         97|          1|     840.1500000|       1873|00:00:39|+1.00|1.00|0.0000|
|=|         20|         97|          1|     840.1500000|       1970|00:00:39|+1.00|1.00|0.0000|
+-+-----------+-----------+-----------+----------------+-----------+--------+-----+----+------+
Best-so-far configuration:           1    mean value:      840.1500000
Description of the best-so-far configuration:
  .ID. his_len max_attempts .PARENT.
1    1    1273           14       NA

# 2025-12-29 15:29:54 GMT: Elite configurations (first number is the configuration ID; listed from best to worst according to the sum of ranks):
   his_len max_attempts
1     1273           14
2     1417           18
3      784            4
4     1100           25
5     1733           11
6     1891           22
7     1258            8
8     1575            1
9      942           15
10    1812            6
# 2025-12-29 15:29:54 GMT: Iteration 2 of 3
# experimentsUsed: 1970
# remainingBudget: 4030
# currentBudget: 2015
# nbConfigurations: 73
# Markers:
     x No test is performed.
     c Configurations are discarded only due to capping.
     - The test is performed and some configurations are discarded.
     = The test is performed but no configuration is discarded.
     ! The test is performed and configurations could be discarded but elite configurations are preserved.
     . All alive configurations are elite and nothing is discarded.

+-+-----------+-----------+-----------+----------------+-----------+--------+-----+----+------+
| |   Instance|      Alive|       Best|       Mean best| Exp so far|  W time|  rho|KenW|  Qvar|
+-+-----------+-----------+-----------+----------------+-----------+--------+-----+----+------+
|x|         21|         73|          1|     840.1500000|         73|00:00:27|   NA|  NA|    NA|
|x|          3|         73|          1|     840.1500000|        136|00:00:23|+1.00|1.00|0.0000|
|x|         18|         73|          1|     840.1500000|        199|00:00:23|+1.00|1.00|0.0000|
|x|         16|         73|          1|     840.1500000|        262|00:00:24|+1.00|1.00|0.0000|
|x|         15|         73|          1|     840.1500000|        325|00:00:23|+0.00|0.20|0.1973|
|x|         17|         73|          1|     840.1500000|        388|00:00:24|+0.00|0.17|0.1644|
|x|          5|         73|          1|     840.1500000|        451|00:00:23|+0.00|0.14|0.1409|
|x|          7|         73|          1|     840.1500000|        514|00:00:23|+0.00|0.12|0.1233|
|x|          4|         73|          1|     840.1500000|        577|00:00:23|+0.00|0.11|0.1096|
|=|         11|         73|          1|     840.1500000|        640|00:00:24|+0.00|0.10|0.0986|
|x|          1|         73|          1|     840.1500000|        703|00:00:23|+0.00|0.09|0.0897|
|x|          2|         73|          1|     840.1500000|        766|00:00:23|+0.00|0.08|0.0822|
|x|         19|         73|          1|     840.1500000|        829|00:00:24|-0.00|0.08|0.1519|
|x|         13|         73|          1|     840.1500000|        892|00:00:24|-0.00|0.07|0.1411|
|x|         10|         73|          1|     840.1500000|        955|00:00:24|-0.00|0.07|0.1316|
|x|         14|         73|          1|     840.1500000|       1018|00:00:24|-0.00|0.06|0.1234|
|x|          9|         73|          1|     840.1500000|       1081|00:00:23|-0.00|0.06|0.1161|
|x|         20|         73|          1|     840.1500000|       1144|00:00:23|-0.00|0.05|0.1647|
|x|          6|         73|          1|     840.1500000|       1207|00:00:23|-0.00|0.05|0.1560|
|=|          8|         73|          1|     840.1500000|       1270|00:00:24|-0.00|0.05|0.1482|
|x|         12|         73|          1|     840.1500000|       1333|00:00:23|-0.00|0.05|0.1411|
|x|         22|         73|          1|     840.1500000|       1406|00:00:27|-0.00|0.04|0.1797|
|x|         23|         73|          1|     840.1500000|       1479|00:00:27|-0.00|0.04|0.1719|
|x|         24|         73|          1|     840.1500000|       1552|00:00:27|-0.00|0.04|0.2060|
|x|         25|         73|          1|     840.1500000|       1625|00:00:26|-0.00|0.04|0.1977|
|x|         26|         73|          1|     840.1500000|       1698|00:00:27|-0.00|0.04|0.1901|
|x|         27|         73|          1|     840.1500000|       1771|00:00:27|-0.00|0.03|0.1830|
|x|         28|         73|          1|     840.1500000|       1844|00:00:27|-0.00|0.03|0.1765|
|x|         29|         73|          1|     840.1500000|       1917|00:00:28|-0.00|0.03|0.1704|
|=|         30|         73|          1|     840.1500000|       1990|00:00:28|-0.00|0.03|0.1647|
+-+-----------+-----------+-----------+----------------+-----------+--------+-----+----+------+
Best-so-far configuration:           1    mean value:      840.1500000
Description of the best-so-far configuration:
  .ID. his_len max_attempts .PARENT.
1    1    1273           14       NA

# 2025-12-29 15:42:30 GMT: Elite configurations (first number is the configuration ID; listed from best to worst according to the sum of ranks):
    his_len max_attempts
1      1273           14
2      1417           18
3       784            4
5      1733           11
6      1891           22
7      1258            8
8      1575            1
9       942           15
10     1812            6
101     801            3
# 2025-12-29 15:42:30 GMT: Iteration 3 of 3
# experimentsUsed: 3960
# remainingBudget: 2040
# currentBudget: 2040
# nbConfigurations: 58
# Markers:
     x No test is performed.
     c Configurations are discarded only due to capping.
     - The test is performed and some configurations are discarded.
     = The test is performed but no configuration is discarded.
     ! The test is performed and configurations could be discarded but elite configurations are preserved.
     . All alive configurations are elite and nothing is discarded.

+-+-----------+-----------+-----------+----------------+-----------+--------+-----+----+------+
| |   Instance|      Alive|       Best|       Mean best| Exp so far|  W time|  rho|KenW|  Qvar|
+-+-----------+-----------+-----------+----------------+-----------+--------+-----+----+------+
|x|         31|         58|          1|     840.1500000|         58|00:00:21|   NA|  NA|    NA|
|x|         30|         58|          1|     840.1500000|        106|00:00:18|+0.00|0.50|0.4914|
|x|         21|         58|          1|     840.1500000|        154|00:00:18|+0.00|0.33|0.3276|
|x|          9|         58|          1|     840.1500000|        202|00:00:17|+0.00|0.25|0.2457|
|x|         24|         58|          1|     840.1500000|        250|00:00:18|+0.00|0.20|0.1966|
|x|         15|         58|          1|     840.1500000|        298|00:00:17|+0.00|0.17|0.1638|
|x|         25|         58|          1|     840.1500000|        346|00:00:17|+0.00|0.14|0.1404|
|x|          8|         58|          1|     840.1500000|        394|00:00:18|-0.00|0.12|0.2463|
|x|         23|         58|          1|     840.1500000|        442|00:00:18|-0.00|0.11|0.2189|
|=|          7|         58|          1|     840.1500000|        490|00:00:17|-0.00|0.10|0.1969|
|x|          4|         58|          1|     840.1500000|        538|00:00:18|-0.00|0.09|0.1790|
|x|         28|         58|          1|     840.1500000|        586|00:00:18|-0.00|0.08|0.1641|
|x|         19|         58|          1|     840.1500000|        634|00:00:17|-0.00|0.08|0.1514|
|x|         16|         58|          1|     840.1500000|        682|00:00:17|-0.00|0.07|0.1406|
|x|         17|         58|          1|     840.1500000|        730|00:00:18|-0.00|0.07|0.1312|
|x|         10|         58|          1|     840.1500000|        778|00:00:17|-0.00|0.06|0.1230|
|x|         27|         58|          1|     840.1500000|        826|00:00:17|-0.00|0.06|0.1157|
|x|         12|         58|          1|     840.1500000|        874|00:00:17|-0.00|0.05|0.1093|
|x|          5|         58|          1|     840.1500000|        922|00:00:18|-0.00|0.05|0.1035|
|=|          1|         58|          1|     840.1500000|        970|00:00:18|-0.00|0.05|0.1477|
|x|         20|         58|          1|     840.1500000|       1018|00:00:18|-0.00|0.05|0.1406|
|x|         22|         58|          1|     840.1500000|       1066|00:00:17|-0.00|0.04|0.1342|
|x|         13|         58|          1|     840.1500000|       1114|00:00:17|-0.00|0.04|0.1284|
|x|          6|         58|          1|     840.1500000|       1162|00:00:17|-0.00|0.04|0.1230|
|x|         14|         58|          1|     840.1500000|       1210|00:00:17|-0.00|0.04|0.1576|
|x|          2|         58|          1|     840.1500000|       1258|00:00:17|-0.00|0.04|0.1515|
|x|         11|         58|          1|     840.1500000|       1306|00:00:17|+0.01|0.05|0.1796|
|x|         26|         58|          1|     840.1500000|       1354|00:00:17|+0.01|0.05|0.1733|
|x|          3|         58|          1|     840.1500000|       1402|00:00:17|+0.01|0.05|0.1674|
|-|         29|         54|          1|     840.1500000|       1450|00:00:17|+1.00|1.00|0.0000|
|x|         18|         54|          1|     840.1500000|       1494|00:00:16|+1.00|1.00|0.0000|
|x|         32|         54|          1|     840.1500000|       1548|00:00:20|+1.00|1.00|0.0000|
|x|         33|         54|          1|     840.1500000|       1602|00:00:20|+1.00|1.00|0.0000|
|x|         34|         54|          1|     840.1500000|       1656|00:00:19|+1.00|1.00|0.0000|
|x|         35|         54|          1|     840.1500000|       1710|00:00:20|+1.00|1.00|0.0000|
|x|         36|         54|          1|     840.1500000|       1764|00:00:20|+1.00|1.00|0.0000|
|x|         37|         54|          1|     840.1500000|       1818|00:00:20|+1.00|1.00|0.0000|
|x|         38|         54|          1|     840.1500000|       1872|00:00:20|+1.00|1.00|0.0000|
|x|         39|         54|          1|     840.1500000|       1926|00:00:20|+1.00|1.00|0.0000|
|=|         40|         54|          1|     840.1500000|       1980|00:00:20|+1.00|1.00|0.0000|
+-+-----------+-----------+-----------+----------------+-----------+--------+-----+----+------+
Best-so-far configuration:           1    mean value:      840.1500000
Description of the best-so-far configuration:
  .ID. his_len max_attempts .PARENT.
1    1    1273           14       NA

# 2025-12-29 15:54:51 GMT: Elite configurations (first number is the configuration ID; listed from best to worst according to the sum of ranks):
    his_len max_attempts
1      1273           14
2      1417           18
3       784            4
5      1733           11
6      1891           22
7      1258            8
8      1575            1
9       942           15
10     1812            6
101     801            3
# 2025-12-29 15:54:51 GMT: Iteration 4 of 4
# experimentsUsed: 5940
# remainingBudget: 60
# currentBudget: 60
# nbConfigurations: 11
# Markers:
     x No test is performed.
     c Configurations are discarded only due to capping.
     - The test is performed and some configurations are discarded.
     = The test is performed but no configuration is discarded.
     ! The test is performed and configurations could be discarded but elite configurations are preserved.
     . All alive configurations are elite and nothing is discarded.

+-+-----------+-----------+-----------+----------------+-----------+--------+-----+----+------+
| |   Instance|      Alive|       Best|       Mean best| Exp so far|  W time|  rho|KenW|  Qvar|
+-+-----------+-----------+-----------+----------------+-----------+--------+-----+----+------+
|x|          2|         11|          1|     840.1500000|          1|00:00:00|   NA|  NA|    NA|
|x|         28|         11|          1|     840.1500000|          2|00:00:00|+1.00|1.00|0.0000|
|x|         30|         11|          1|     840.1500000|          3|00:00:00|+1.00|1.00|0.0000|
|x|         27|         11|          1|     840.1500000|          4|00:00:00|+1.00|1.00|0.0000|
|x|         31|         11|          1|     840.1500000|          5|00:00:00|+1.00|1.00|0.0000|
|x|          9|         11|          1|     840.1500000|          6|00:00:00|+1.00|1.00|0.0000|
|x|         12|         11|          1|     840.1500000|          7|00:00:00|+1.00|1.00|0.0000|
|x|          8|         11|          1|     840.1500000|          8|00:00:00|+1.00|1.00|0.0000|
|x|         36|         11|          1|     840.1500000|          9|00:00:00|+1.00|1.00|0.0000|
|=|          1|         11|          1|     840.1500000|         10|00:00:00|+1.00|1.00|0.0000|
|x|          7|         11|          1|     840.1500000|         11|00:00:00|+1.00|1.00|0.0000|
|x|          3|         11|          1|     840.1500000|         12|00:00:00|+1.00|1.00|0.0000|
|x|          6|         11|          1|     840.1500000|         13|00:00:00|+1.00|1.00|0.0000|
|x|         18|         11|          1|     840.1500000|         14|00:00:00|+1.00|1.00|0.0000|
|x|         40|         11|          1|     840.1500000|         15|00:00:00|+1.00|1.00|0.0000|
|x|         29|         11|          1|     840.1500000|         16|00:00:00|+1.00|1.00|0.0000|
|x|         37|         11|          1|     840.1500000|         17|00:00:00|+1.00|1.00|0.0000|
|x|         22|         11|          1|     840.1500000|         18|00:00:00|+1.00|1.00|0.0000|
|x|         34|         11|          1|     840.1500000|         19|00:00:00|+1.00|1.00|0.0000|
|=|         16|         11|          1|     840.1500000|         20|00:00:00|+1.00|1.00|0.0000|
|x|         33|         11|          1|     840.1500000|         21|00:00:00|+1.00|1.00|0.0000|
|x|          4|         11|          1|     840.1500000|         22|00:00:00|+1.00|1.00|0.0000|
|x|         25|         11|          1|     840.1500000|         23|00:00:00|+1.00|1.00|0.0000|
|x|         26|         11|          1|     840.1500000|         24|00:00:00|+1.00|1.00|0.0000|
|x|         35|         11|          1|     840.1500000|         25|00:00:00|+1.00|1.00|0.0000|
|x|         23|         11|          1|     840.1500000|         26|00:00:00|+1.00|1.00|0.0000|
|x|         10|         11|          1|     840.1500000|         27|00:00:00|+1.00|1.00|0.0000|
|x|         39|         11|          1|     840.1500000|         28|00:00:00|+1.00|1.00|0.0000|
|x|         17|         11|          1|     840.1500000|         29|00:00:00|+1.00|1.00|0.0000|
|=|         15|         11|          1|     840.1500000|         30|00:00:00|+1.00|1.00|0.0000|
|x|         24|         11|          1|     840.1500000|         31|00:00:00|+1.00|1.00|0.0000|
|x|         20|         11|          1|     840.1500000|         32|00:00:00|+1.00|1.00|0.0000|
|x|         11|         11|          1|     840.1500000|         33|00:00:00|+1.00|1.00|0.0000|
|x|         13|         11|          1|     840.1500000|         34|00:00:00|+1.00|1.00|0.0000|
|x|         19|         11|          1|     840.1500000|         35|00:00:00|+1.00|1.00|0.0000|
|x|         21|         11|          1|     840.1500000|         36|00:00:00|+1.00|1.00|0.0000|
|x|          5|         11|          1|     840.1500000|         37|00:00:00|+1.00|1.00|0.0000|
|x|         32|         11|          1|     840.1500000|         38|00:00:00|+1.00|1.00|0.0000|
|x|         14|         11|          1|     840.1500000|         39|00:00:00|+1.00|1.00|0.0000|
|=|         38|         11|          1|     840.1500000|         40|00:00:00|+1.00|1.00|0.0000|
+-+-----------+-----------+-----------+----------------+-----------+--------+-----+----+------+
Best-so-far configuration:           1    mean value:      840.1500000
Description of the best-so-far configuration:
  .ID. his_len max_attempts .PARENT.
1    1    1273           14       NA

# 2025-12-29 15:55:17 GMT: Elite configurations (first number is the configuration ID; listed from best to worst according to the sum of ranks):
    his_len max_attempts
1      1273           14
2      1417           18
3       784            4
5      1733           11
6      1891           22
7      1258            8
8      1575            1
9       942           15
10     1812            6
101     801            3
# 2025-12-29 15:55:17 GMT: Stopped because there is not enough budget left to race more than the minimum (10).
# You may either increase the budget or set 'minNbSurvival' to a lower value.
# Iteration: 5
# nbIterations: 5
# experimentsUsed: 5980
# timeUsed: 0
# remainingBudget: 20
# currentBudget: 20
# number of elites: 10
# nbConfigurations: 10
# Total CPU user time: 2000.164, CPU sys time: 6629.827, Wall-clock time: 2342.669
# 2025-12-29 15:55:17 GMT: Starting post-selection:
# Configurations selected: 1, 2.
# Pending instances: 0, 0.
# 2025-12-29 15:55:17 GMT: seed: 806786192
# Configurations: 2
# Available experiments: 20
# minSurvival: 1
# Markers:
     x No test is performed.
     c Configurations are discarded only due to capping.
     - The test is performed and some configurations are discarded.
     = The test is performed but no configuration is discarded.
     ! The test is performed and configurations could be discarded but elite configurations are preserved.
     . All alive configurations are elite and nothing is discarded.

+-+-----------+-----------+-----------+----------------+-----------+--------+-----+----+------+
| |   Instance|      Alive|       Best|       Mean best| Exp so far|  W time|  rho|KenW|  Qvar|
+-+-----------+-----------+-----------+----------------+-----------+--------+-----+----+------+
|.|          9|          2|          1|     840.1500000|          0|00:00:00|   NA|  NA|    NA|
|.|         21|          2|          1|     840.1500000|          0|00:00:00|+1.00|1.00|0.0000|
|.|         27|          2|          1|     840.1500000|          0|00:00:00|+1.00|1.00|0.0000|
|.|         17|          2|          1|     840.1500000|          0|00:00:00|+1.00|1.00|0.0000|
|.|         22|          2|          1|     840.1500000|          0|00:00:00|+1.00|1.00|0.0000|
|.|          2|          2|          1|     840.1500000|          0|00:00:00|+1.00|1.00|0.0000|
|.|         32|          2|          1|     840.1500000|          0|00:00:00|+1.00|1.00|0.0000|
|.|         30|          2|          1|     840.1500000|          0|00:00:00|+1.00|1.00|0.0000|
|.|         33|          2|          1|     840.1500000|          0|00:00:00|+1.00|1.00|0.0000|
|.|         24|          2|          1|     840.1500000|          0|00:00:00|+1.00|1.00|0.0000|
|.|         16|          2|          1|     840.1500000|          0|00:00:00|+1.00|1.00|0.0000|
|.|         19|          2|          1|     840.1500000|          0|00:00:00|+1.00|1.00|0.0000|
|.|         25|          2|          1|     840.1500000|          0|00:00:00|+1.00|1.00|0.0000|
|.|          4|          2|          1|     840.1500000|          0|00:00:00|+1.00|1.00|0.0000|
|.|         36|          2|          1|     840.1500000|          0|00:00:00|+1.00|1.00|0.0000|
|.|         11|          2|          1|     840.1500000|          0|00:00:00|+1.00|1.00|0.0000|
|.|         31|          2|          1|     840.1500000|          0|00:00:00|+1.00|1.00|0.0000|
|.|         23|          2|          1|     840.1500000|          0|00:00:00|+1.00|1.00|0.0000|
|.|          6|          2|          1|     840.1500000|          0|00:00:00|+1.00|1.00|0.0000|
|.|         10|          2|          1|     840.1500000|          0|00:00:00|+1.00|1.00|0.0000|
|.|         29|          2|          1|     840.1500000|          0|00:00:00|+1.00|1.00|0.0000|
|.|         14|          2|          1|     840.1500000|          0|00:00:00|+1.00|1.00|0.0000|
|.|         18|          2|          1|     840.1500000|          0|00:00:00|+1.00|1.00|0.0000|
|.|         37|          2|          1|     840.1500000|          0|00:00:00|+1.00|1.00|0.0000|
|.|         15|          2|          1|     840.1500000|          0|00:00:00|+1.00|1.00|0.0000|
|.|         13|          2|          1|     840.1500000|          0|00:00:00|+1.00|1.00|0.0000|
|.|          8|          2|          1|     840.1500000|          0|00:00:00|+1.00|1.00|0.0000|
|.|         38|          2|          1|     840.1500000|          0|00:00:00|+1.00|1.00|0.0000|
|.|         12|          2|          1|     840.1500000|          0|00:00:00|+1.00|1.00|0.0000|
|.|         26|          2|          1|     840.1500000|          0|00:00:00|+1.00|1.00|0.0000|
|.|         40|          2|          1|     840.1500000|          0|00:00:00|+1.00|1.00|0.0000|
|.|          1|          2|          1|     840.1500000|          0|00:00:00|+1.00|1.00|0.0000|
|.|          3|          2|          1|     840.1500000|          0|00:00:00|+1.00|1.00|0.0000|
|.|         39|          2|          1|     840.1500000|          0|00:00:00|+1.00|1.00|0.0000|
|.|         20|          2|          1|     840.1500000|          0|00:00:00|+1.00|1.00|0.0000|
|.|         28|          2|          1|     840.1500000|          0|00:00:00|+1.00|1.00|0.0000|
|.|          7|          2|          1|     840.1500000|          0|00:00:00|+1.00|1.00|0.0000|
|.|         35|          2|          1|     840.1500000|          0|00:00:00|+1.00|1.00|0.0000|
|.|         34|          2|          1|     840.1500000|          0|00:00:00|+1.00|1.00|0.0000|
|.|          5|          2|          1|     840.1500000|          0|00:00:00|+1.00|1.00|0.0000|
|x|         41|          2|          1|     840.1500000|          2|00:00:00|+1.00|1.00|0.0000|
|x|         42|          2|          1|     840.1500000|          4|00:00:00|+1.00|1.00|0.0000|
|x|         43|          2|          1|     840.1500000|          6|00:00:00|+1.00|1.00|0.0000|
|x|         44|          2|          1|     840.1500000|          8|00:00:00|+1.00|1.00|0.0000|
|x|         45|          2|          1|     840.1500000|         10|00:00:00|+1.00|1.00|0.0000|
|x|         46|          2|          1|     840.1500000|         12|00:00:00|+1.00|1.00|0.0000|
|x|         47|          2|          1|     840.1500000|         14|00:00:00|+1.00|1.00|0.0000|
|x|         48|          2|          1|     840.1500000|         16|00:00:00|+1.00|1.00|0.0000|
|x|         49|          2|          1|     840.1500000|         18|00:00:00|+1.00|1.00|0.0000|
|-|         50|          1|          1|     840.1500000|         20|00:00:00|   NA|  NA|    NA|
+-+-----------+-----------+-----------+----------------+-----------+--------+-----+----+------+
Best-so-far configuration:           1    mean value:      840.1500000
Description of the best-so-far configuration:
  .ID. his_len max_attempts .PARENT.
1    1    1273           14       NA

# 2025-12-29 15:55:24 GMT: Elite configurations (first number is the configuration ID; listed from best to worst according to the sum of ranks):
  his_len max_attempts
1    1273           14
# Total CPU user time: 2006.261, CPU sys time: 6639.547, Wall-clock time: 2349.669
# Best configurations (first number is the configuration ID; listed from best to worst according to the sum of ranks):
  his_len max_attempts
1    1273           14
# Best configurations as commandlines (first number is the configuration ID; listed from best to worst according to the sum of ranks):
1 -his_len 1273 -max_attempts 14


# Testing of elite configurations: 1 
# Testing iteration configurations: FALSE 
# 2025-12-29 15:55:24 GMT: No test instances, skip testing
