Starting irace...
# 2025-12-26 13:34:53 GMT: Reading parameter file '/gpfs/home/e/exx866/IRACE-b-LAHC/all-instances-rough/X-n573-k30/parameters.txt'.
# 2025-12-26 13:34:54 GMT: Read 1 configuration(s) from file '/gpfs/home/e/exx866/IRACE-b-LAHC/all-instances-rough/X-n573-k30/configurations.txt'
# 2025-12-26 13:34:54 GMT: Initialization
# Elitist race
# Elitist new instances: 1
# Elitist limit: 2
# nbIterations: 3
# minNbSurvival: 10
# nbParameters: 2
# seed: 1291148630
# confidence level: 0.95
# budget: 3500
# mu: 10
# deterministic: FALSE

# 2025-12-26 13:34:54 GMT: Iteration 1 of 3
# experimentsUsed: 0
# remainingBudget: 3500
# currentBudget: 1166
# nbConfigurations: 58
# Markers:
     x No test is performed.
     c Configurations are discarded only due to capping.
     - The test is performed and some configurations are discarded.
     = The test is performed but no configuration is discarded.
     ! The test is performed and configurations could be discarded but elite configurations are preserved.
     . All alive configurations are elite and nothing is discarded.

+-+-----------+-----------+-----------+----------------+-----------+--------+-----+----+------+
| |   Instance|      Alive|       Best|       Mean best| Exp so far|  W time|  rho|KenW|  Qvar|
+-+-----------+-----------+-----------+----------------+-----------+--------+-----+----+------+
|x|          1|         58|          4|     51164.39000|         58|00:05:25|   NA|  NA|    NA|
|x|          2|         58|         13|     51273.97000|        116|00:04:27|+0.82|0.91|0.0939|
|x|          3|         58|         46|     51225.75667|        174|00:05:05|+0.87|0.91|0.0699|
|x|          4|         58|         57|     51273.00750|        232|00:04:33|+0.87|0.90|0.0765|
|x|          5|         58|         57|     51275.22200|        290|00:04:39|+0.88|0.90|0.0752|
|x|          6|         58|         57|     51273.27000|        348|00:04:55|+0.88|0.90|0.0704|
|x|          7|         58|         32|     51285.70000|        406|00:05:07|+0.89|0.90|0.0656|
|x|          8|         58|         46|     51279.71875|        464|00:05:22|+0.89|0.90|0.0619|
|x|          9|         58|         46|     51289.66667|        522|00:04:09|+0.88|0.90|0.0686|
|-|         10|         10|         46|     51279.35800|        580|00:05:10|-0.05|0.06|0.9395|
+-+-----------+-----------+-----------+----------------+-----------+--------+-----+----+------+
Best-so-far configuration:          46    mean value:      51279.35800
Description of the best-so-far configuration:
   .ID. his_len max_attempts .PARENT.
46   46    5117          148       NA

# 2025-12-26 14:23:51 GMT: Elite configurations (first number is the configuration ID; listed from best to worst according to the sum of ranks):
   his_len max_attempts
46    5117          148
57    5732          164
32    5425          312
37    3885          367
4     4809          265
27    2962          500
21    6656          219
13    6040           47
40    6348          430
45    7579           86
# 2025-12-26 14:23:51 GMT: Iteration 2 of 3
# experimentsUsed: 580
# remainingBudget: 2920
# currentBudget: 1460
# nbConfigurations: 52
# Markers:
     x No test is performed.
     c Configurations are discarded only due to capping.
     - The test is performed and some configurations are discarded.
     = The test is performed but no configuration is discarded.
     ! The test is performed and configurations could be discarded but elite configurations are preserved.
     . All alive configurations are elite and nothing is discarded.

+-+-----------+-----------+-----------+----------------+-----------+--------+-----+----+------+
| |   Instance|      Alive|       Best|       Mean best| Exp so far|  W time|  rho|KenW|  Qvar|
+-+-----------+-----------+-----------+----------------+-----------+--------+-----+----+------+
|x|         11|         52|         27|     51183.95000|         52|00:04:06|   NA|  NA|    NA|
|x|          8|         52|         27|     51208.12000|         94|00:04:20|+0.26|0.63|0.6811|
|x|          9|         52|         72|     51213.27000|        136|00:03:22|+0.19|0.46|0.7757|
|x|          4|         52|         89|     51259.40500|        178|00:03:35|+0.13|0.35|0.8245|
|x|          6|         52|         57|     51252.32000|        220|00:03:53|+0.12|0.30|0.8294|
|x|          1|         52|         57|     51252.59500|        262|00:04:16|+0.16|0.30|0.7901|
|x|          5|         52|         57|     51257.09286|        304|00:04:28|+0.15|0.27|0.8136|
|x|          3|         52|         57|     51268.11125|        346|00:04:08|+0.16|0.26|0.8132|
|x|          2|         52|         57|     51277.60111|        388|00:03:33|+0.12|0.22|0.8514|
|-|          7|         37|         57|     51303.47300|        430|00:04:03|-0.04|0.06|1.0218|
|x|         10|         37|         81|     51287.17273|        457|00:03:36|-0.03|0.06|1.0104|
|x|         12|         37|         81|     51284.92833|        494|00:04:09|-0.01|0.07|0.9907|
|x|         13|         37|         69|     51296.75308|        531|00:03:21|-0.00|0.08|0.9821|
|x|         14|         37|         69|     51294.30929|        568|00:03:33|+0.01|0.09|0.9621|
|x|         15|         37|         81|     51279.86067|        605|00:03:35|+0.03|0.09|0.9533|
|x|         16|         37|         69|     51289.38375|        642|00:03:28|+0.04|0.10|0.9430|
|x|         17|         37|         46|     51276.63353|        679|00:03:50|+0.04|0.10|0.9358|
|x|         18|         37|         46|     51274.50722|        716|00:03:48|+0.05|0.10|0.9320|
|x|         19|         37|         46|     51270.49789|        753|00:03:50|+0.05|0.10|0.9287|
|-|         20|         19|         46|     51272.41400|        790|00:03:44|-0.02|0.03|0.9623|
|x|         21|         19|         46|     51276.40000|        809|00:02:37|-0.03|0.02|0.9636|
|x|         22|         19|         46|     51286.13136|        828|00:04:54|-0.03|0.02|0.9675|
|x|         23|         19|         46|     51287.25696|        847|00:04:12|-0.02|0.02|0.9623|
|x|         24|         19|         46|     51287.09417|        866|00:03:26|-0.02|0.02|0.9570|
|x|         25|         19|         46|     51290.27720|        885|00:04:10|-0.02|0.02|0.9607|
|x|         26|         19|         46|     51292.34692|        904|00:03:31|-0.02|0.02|0.9605|
|x|         27|         19|         37|     51288.48741|        923|00:04:10|-0.02|0.02|0.9588|
|x|         28|         19|         46|     51291.90786|        942|00:03:38|-0.02|0.02|0.9578|
|x|         29|         19|         46|     51291.91552|        961|00:03:06|-0.02|0.02|0.9564|
|=|         30|         19|         69|     51296.50333|        980|00:02:46|-0.02|0.02|0.9557|
|x|         31|         19|         46|     51294.85839|        999|00:02:44|-0.01|0.02|0.9534|
|x|         32|         19|         46|     51295.32437|       1018|00:03:22|-0.02|0.01|0.9558|
|x|         33|         19|         46|     51295.99545|       1037|00:03:13|-0.02|0.01|0.9566|
|x|         34|         19|         46|     51293.78529|       1056|00:03:25|-0.01|0.02|0.9547|
|x|         35|         19|         46|     51296.63143|       1075|00:03:27|-0.01|0.01|0.9546|
|x|         36|         19|         46|     51295.96361|       1094|00:03:14|-0.01|0.01|0.9544|
|x|         37|         19|         46|     51298.02027|       1113|00:02:45|-0.01|0.01|0.9514|
|x|         38|         19|         46|     51294.24158|       1132|00:03:20|-0.01|0.01|0.9508|
|x|         39|         19|         46|     51294.00974|       1151|00:02:37|-0.01|0.02|0.9499|
|=|         40|         19|         46|     51296.97450|       1170|00:03:10|-0.01|0.01|0.9535|
+-+-----------+-----------+-----------+----------------+-----------+--------+-----+----+------+
Best-so-far configuration:          46    mean value:      51296.97450
Description of the best-so-far configuration:
   .ID. his_len max_attempts .PARENT.
46   46    5117          148       NA

# 2025-12-26 16:48:36 GMT: Elite configurations (first number is the configuration ID; listed from best to worst according to the sum of ranks):
    his_len max_attempts
46     5117          148
61     4105          401
37     3885          367
69     5583          247
91     4125          220
81     6729           80
59     5375          154
27     2962          500
89     5253          193
100    4146          197
# 2025-12-26 16:48:36 GMT: Iteration 3 of 3
# experimentsUsed: 1750
# remainingBudget: 1750
# currentBudget: 1750
# nbConfigurations: 43
# Markers:
     x No test is performed.
     c Configurations are discarded only due to capping.
     - The test is performed and some configurations are discarded.
     = The test is performed but no configuration is discarded.
     ! The test is performed and configurations could be discarded but elite configurations are preserved.
     . All alive configurations are elite and nothing is discarded.

+-+-----------+-----------+-----------+----------------+-----------+--------+-----+----+------+
| |   Instance|      Alive|       Best|       Mean best| Exp so far|  W time|  rho|KenW|  Qvar|
+-+-----------+-----------+-----------+----------------+-----------+--------+-----+----+------+
|x|         41|         43|        128|     51189.22000|         43|00:03:06|   NA|  NA|    NA|
|x|          8|         43|        106|     51246.24000|         76|00:03:52|+0.13|0.57|0.7418|
|x|          2|         43|        108|     51257.65000|        109|00:03:01|+0.02|0.35|0.9180|
|x|         31|         43|        108|     51268.56250|        142|00:02:51|+0.02|0.27|0.9312|
|x|         37|         43|        111|     51249.79600|        175|00:03:03|+0.06|0.25|0.8910|
|x|         23|         43|        127|     51252.12000|        208|00:03:53|+0.06|0.21|0.8981|
|x|         24|         43|        108|     51264.25000|        241|00:03:13|+0.06|0.20|0.8820|
|x|          4|         43|        108|     51247.55375|        274|00:03:01|+0.07|0.19|0.8784|
|x|         30|         43|        108|     51243.55000|        307|00:02:52|+0.07|0.18|0.8883|
|-|         32|         28|        108|     51252.65200|        340|00:03:25|-0.02|0.08|0.9807|
|x|         10|         28|        108|     51269.33636|        358|00:03:23|-0.05|0.05|1.0050|
|x|         40|         28|        108|     51271.29250|        376|00:03:07|-0.04|0.05|1.0032|
|x|         17|         28|        108|     51265.64308|        394|00:03:14|-0.04|0.04|0.9967|
|x|         13|         28|        108|     51270.22429|        412|00:02:45|-0.03|0.04|0.9875|
|x|         11|         28|        108|     51263.64800|        430|00:03:03|-0.02|0.04|0.9812|
|x|          1|         28|        108|     51254.70312|        448|00:03:24|-0.02|0.04|0.9831|
|x|         29|         28|        108|     51268.37000|        466|00:02:52|-0.02|0.04|0.9831|
|x|         26|         28|        108|     51270.33944|        484|00:03:30|-0.01|0.04|0.9747|
|x|         20|         28|        108|     51271.30895|        502|00:03:10|-0.02|0.04|0.9776|
|=|          3|         28|        108|     51268.10350|        520|00:03:23|-0.02|0.04|0.9770|
|x|          5|         28|        108|     51276.06000|        538|00:02:54|-0.02|0.03|0.9780|
|x|         28|         28|        108|     51272.97000|        556|00:03:30|-0.01|0.03|0.9719|
|x|         14|         28|        108|     51271.09043|        574|00:03:05|-0.01|0.03|0.9718|
|x|         16|         28|        108|     51277.25875|        592|00:03:05|-0.01|0.03|0.9727|
|x|         35|         28|        108|     51276.53080|        610|00:03:28|-0.01|0.03|0.9717|
|x|         21|         28|        108|     51279.10846|        628|00:02:45|-0.01|0.03|0.9731|
|x|         38|         28|        108|     51278.97741|        646|00:03:20|-0.01|0.03|0.9721|
|x|         27|         28|        127|     51280.50286|        664|00:03:15|-0.01|0.03|0.9699|
|x|         19|         28|        127|     51284.71069|        682|00:03:10|-0.01|0.03|0.9678|
|=|         36|         28|        103|     51284.57400|        700|00:03:24|-0.01|0.03|0.9695|
|x|         12|         28|        127|     51283.16774|        718|00:03:27|-0.00|0.03|0.9654|
|x|         15|         28|        103|     51285.28781|        736|00:03:02|-0.00|0.03|0.9659|
|x|         25|         28|        103|     51284.19939|        754|00:03:16|-0.01|0.02|0.9688|
|x|         34|         28|        127|     51284.30088|        772|00:03:28|-0.01|0.02|0.9671|
|x|          7|         28|        103|     51281.90686|        790|00:03:15|-0.00|0.02|0.9665|
|x|          9|         28|        103|     51289.46917|        808|00:02:39|-0.01|0.02|0.9694|
|x|         22|         28|        108|     51291.04432|        826|00:03:21|-0.01|0.02|0.9723|
|x|         39|         28|        108|     51291.71053|        844|00:02:40|-0.01|0.02|0.9741|
|x|         33|         28|        103|     51291.85282|        862|00:03:20|-0.01|0.01|0.9751|
|=|          6|         28|        103|     51293.54550|        880|00:03:07|-0.01|0.01|0.9758|
|x|         18|         28|        103|     51293.21146|        898|00:03:19|-0.01|0.01|0.9754|
|x|         42|         28|        103|     51292.61024|        926|00:03:27|-0.01|0.01|0.9746|
|x|         43|         28|        103|     51291.21233|        954|00:03:33|-0.01|0.01|0.9728|
|x|         44|         28|        103|     51291.21409|        982|00:03:20|-0.01|0.01|0.9732|
|x|         45|         28|        103|     51290.89711|       1010|00:03:34|-0.01|0.01|0.9709|
|x|         46|         28|        103|     51288.53543|       1038|00:02:52|-0.01|0.01|0.9700|
|x|         47|         28|        103|     51289.35872|       1066|00:03:31|-0.01|0.01|0.9698|
|x|         48|         28|         59|     51290.27417|       1094|00:03:10|-0.01|0.01|0.9708|
|x|         49|         28|        103|     51292.96347|       1122|00:03:05|-0.01|0.01|0.9713|
|=|         50|         28|        126|     51301.30840|       1150|00:02:51|-0.01|0.01|0.9711|
|x|         51|         28|        126|     51297.96039|       1178|00:02:58|-0.01|0.01|0.9688|
|x|         52|         28|        103|     51293.40654|       1206|00:03:36|-0.01|0.01|0.9682|
|x|         53|         28|         59|     51292.37981|       1234|00:03:43|-0.00|0.01|0.9671|
|x|         54|         28|         59|     51291.64315|       1262|00:02:46|-0.00|0.02|0.9652|
|x|         55|         28|        103|     51292.31873|       1290|00:03:37|-0.00|0.02|0.9635|
|x|         56|         28|        103|     51291.09714|       1318|00:03:03|-0.00|0.02|0.9636|
|x|         57|         28|         59|     51288.02719|       1346|00:03:23|-0.00|0.02|0.9638|
|x|         58|         28|         59|     51290.25241|       1374|00:02:38|-0.00|0.02|0.9641|
|x|         59|         28|        103|     51293.71881|       1402|00:03:33|-0.00|0.01|0.9649|
|=|         60|         28|         59|     51291.46517|       1430|00:03:11|-0.00|0.01|0.9649|
+-+-----------+-----------+-----------+----------------+-----------+--------+-----+----+------+
Best-so-far configuration:          59    mean value:      51291.46517
Description of the best-so-far configuration:
   .ID. his_len max_attempts .PARENT.
59   59    5375          154       57

# 2025-12-26 20:01:56 GMT: Elite configurations (first number is the configuration ID; listed from best to worst according to the sum of ranks):
    his_len max_attempts
59     5375          154
103    5433          153
127    4076          368
126    4683          404
106    5087          195
105    4533          391
89     5253          193
128    4004          225
46     5117          148
108    4053          216
# 2025-12-26 20:01:56 GMT: Iteration 4 of 4
# experimentsUsed: 3180
# remainingBudget: 320
# currentBudget: 320
# nbConfigurations: 13
# Markers:
     x No test is performed.
     c Configurations are discarded only due to capping.
     - The test is performed and some configurations are discarded.
     = The test is performed but no configuration is discarded.
     ! The test is performed and configurations could be discarded but elite configurations are preserved.
     . All alive configurations are elite and nothing is discarded.

+-+-----------+-----------+-----------+----------------+-----------+--------+-----+----+------+
| |   Instance|      Alive|       Best|       Mean best| Exp so far|  W time|  rho|KenW|  Qvar|
+-+-----------+-----------+-----------+----------------+-----------+--------+-----+----+------+
|x|         61|         13|        127|     51211.91000|         13|00:02:27|   NA|  NA|    NA|
|x|         44|         13|        136|     51235.83000|         16|00:02:43|-0.14|0.43|0.9065|
|x|         36|         13|        136|     51222.85667|         19|00:02:53|-0.04|0.31|0.8120|
|x|         32|         13|        136|     51246.64250|         22|00:02:46|-0.05|0.21|0.9101|
|x|          4|         13|        135|     51286.15800|         25|00:02:29|-0.10|0.12|1.0229|
|x|         20|         13|        106|     51273.65333|         28|00:02:44|-0.10|0.08|1.0031|
|x|         60|         13|        106|     51270.39286|         31|00:02:33|-0.04|0.11|0.9440|
|x|         15|         13|        106|     51274.84500|         34|00:02:39|-0.05|0.08|0.9442|
|x|         19|         13|        106|     51280.85667|         37|00:02:51|-0.05|0.07|0.9465|
|=|          1|         13|        106|     51287.03000|         40|00:02:57|-0.05|0.06|0.9743|
|x|         34|         13|         59|     51287.81636|         43|00:03:03|-0.04|0.05|0.9751|
|x|         40|         13|        106|     51290.68250|         46|00:02:47|-0.04|0.05|0.9680|
|x|         47|         13|        106|     51281.99538|         49|00:02:50|-0.02|0.06|0.9547|
|x|         53|         13|        106|     51275.92786|         52|00:03:03|+0.00|0.07|0.9373|
|x|         38|         13|        106|     51278.67600|         55|00:02:57|+0.00|0.07|0.9370|
|x|         25|         13|        106|     51280.08750|         58|00:02:58|-0.00|0.06|0.9414|
|x|         24|         13|        106|     51277.76647|         61|00:02:33|-0.00|0.06|0.9320|
|x|          7|         13|         59|     51285.93389|         64|00:02:51|-0.01|0.05|0.9352|
|x|         54|         13|         59|     51284.17947|         67|00:02:15|-0.01|0.04|0.9370|
|=|         10|         13|         59|     51284.16050|         70|00:03:02|-0.02|0.03|0.9402|
|x|          2|         13|         59|     51288.01000|         73|00:02:24|-0.02|0.02|0.9418|
|x|         43|         13|         59|     51283.67409|         76|00:02:51|-0.02|0.03|0.9343|
|x|         26|         13|         59|     51283.29000|         79|00:02:58|-0.02|0.03|0.9340|
|x|         55|         13|         59|     51286.79833|         82|00:02:52|-0.01|0.03|0.9326|
|x|         39|         13|         59|     51292.51760|         85|00:02:12|-0.01|0.03|0.9255|
|x|         17|         13|         59|     51296.96500|         88|00:02:51|-0.01|0.03|0.9281|
|x|         14|         13|         59|     51297.62000|         91|00:02:41|-0.01|0.03|0.9305|
|x|         51|         13|        128|     51301.43357|         94|00:02:28|-0.01|0.03|0.9247|
|x|          3|         13|         46|     51289.98241|         97|00:02:55|-0.01|0.02|0.9262|
|=|         48|         13|        126|     51289.84333|        100|00:02:41|-0.01|0.02|0.9293|
|x|         23|         13|        128|     51309.11677|        103|00:03:06|-0.02|0.02|0.9328|
|x|          8|         13|        126|     51291.30094|        106|00:03:03|-0.01|0.02|0.9292|
|x|          9|         13|        126|     51293.57636|        109|00:02:15|-0.01|0.02|0.9310|
|x|         52|         13|        126|     51297.43794|        112|00:02:59|-0.02|0.01|0.9346|
|x|         27|         13|        126|     51296.10657|        115|00:02:59|-0.02|0.01|0.9305|
|x|          5|         13|        126|     51294.16806|        118|00:02:32|-0.01|0.02|0.9282|
|x|         30|         13|        126|     51292.63838|        121|00:02:25|-0.01|0.01|0.9302|
|x|         28|         13|        126|     51290.95000|        124|00:03:09|-0.01|0.01|0.9295|
|x|         29|         13|        126|     51295.30179|        127|00:02:34|-0.01|0.01|0.9304|
|=|         11|         13|        126|     51299.69100|        130|00:02:36|-0.01|0.01|0.9313|
|x|         57|         13|        103|     51287.28829|        133|00:02:42|-0.01|0.01|0.9308|
|x|         58|         13|        127|     51298.50571|        136|00:02:16|-0.02|0.01|0.9336|
|x|         37|         13|        127|     51296.48512|        139|00:02:23|-0.01|0.01|0.9324|
|x|         16|         13|        127|     51293.54864|        142|00:02:38|-0.01|0.01|0.9313|
|x|         22|         13|        106|     51290.11867|        145|00:02:58|-0.01|0.01|0.9309|
|x|         31|         13|        106|     51292.43022|        148|00:02:24|-0.01|0.01|0.9318|
|x|         13|         13|         59|     51294.22085|        151|00:02:29|-0.01|0.01|0.9296|
|x|         49|         13|        127|     51295.14729|        154|00:02:33|-0.01|0.01|0.9285|
|x|         46|         13|        103|     51288.30918|        157|00:02:30|-0.01|0.01|0.9272|
|=|         18|         13|         59|     51293.20780|        160|00:02:53|-0.01|0.01|0.9269|
|x|         42|         13|         59|     51289.82549|        163|00:03:04|-0.01|0.01|0.9246|
|x|         50|         13|         59|     51290.99308|        166|00:02:24|-0.01|0.01|0.9268|
|x|         21|         13|         59|     51295.05717|        169|00:02:16|-0.01|0.01|0.9255|
|x|         59|         13|        103|     51290.29222|        172|00:03:02|-0.01|0.01|0.9256|
|x|         35|         13|        103|     51292.13800|        175|00:02:59|-0.01|0.01|0.9265|
|x|          6|         13|         59|     51297.16804|        178|00:02:48|-0.01|0.01|0.9286|
|x|         33|         13|        103|     51293.02491|        181|00:02:51|-0.01|0.01|0.9286|
|x|         45|         13|         59|     51296.16310|        184|00:02:55|-0.01|0.01|0.9274|
|x|         56|         13|         59|     51293.56966|        187|00:02:24|-0.01|0.01|0.9252|
|=|         41|         13|         59|     51294.06433|        190|00:02:11|-0.01|0.01|0.9246|
|x|         12|         13|         59|     51293.46869|        193|00:03:02|-0.01|0.01|0.9229|
|x|         62|         13|         59|     51293.81774|        206|00:02:25|-0.01|0.01|0.9226|
|x|         63|         13|        127|     51294.59190|        219|00:02:33|-0.00|0.01|0.9222|
|x|         64|         13|         59|     51296.42109|        232|00:02:46|-0.00|0.01|0.9218|
|x|         65|         13|         59|     51295.58877|        245|00:03:17|-0.00|0.01|0.9211|
|x|         66|         13|        127|     51294.12455|        258|00:03:16|-0.00|0.01|0.9214|
|x|         67|         13|        127|     51293.09000|        271|00:02:55|-0.00|0.01|0.9211|
|x|         68|         13|        127|     51295.01985|        284|00:03:01|-0.00|0.01|0.9205|
|x|         69|         13|        127|     51294.49464|        297|00:02:33|-0.00|0.01|0.9198|
|=|         70|         13|        106|     51293.17214|        310|00:02:46|-0.00|0.01|0.9199|
+-+-----------+-----------+-----------+----------------+-----------+--------+-----+----+------+
Best-so-far configuration:         106    mean value:      51293.17214
Description of the best-so-far configuration:
    .ID. his_len max_attempts .PARENT.
106  106    5087          195       89

# 2025-12-26 23:13:37 GMT: Elite configurations (first number is the configuration ID; listed from best to worst according to the sum of ranks):
    his_len max_attempts
106    5087          195
127    4076          368
59     5375          154
103    5433          153
89     5253          193
105    4533          391
126    4683          404
108    4053          216
46     5117          148
134    4676          387
# 2025-12-26 23:13:37 GMT: Stopped because there is not enough budget left to race more than the minimum (10).
# You may either increase the budget or set 'minNbSurvival' to a lower value.
# Iteration: 5
# nbIterations: 5
# experimentsUsed: 3490
# timeUsed: 0
# remainingBudget: 10
# currentBudget: 10
# number of elites: 10
# nbConfigurations: 10
# Total CPU user time: 640500.1, CPU sys time: 2091.154, Wall-clock time: 34723.7
# Best configurations (first number is the configuration ID; listed from best to worst according to the sum of ranks):
    his_len max_attempts
106    5087          195
127    4076          368
59     5375          154
103    5433          153
89     5253          193
105    4533          391
126    4683          404
108    4053          216
46     5117          148
134    4676          387
# Best configurations as commandlines (first number is the configuration ID; listed from best to worst according to the sum of ranks):
106 -his_len 5087 -max_attempts 195
127 -his_len 4076 -max_attempts 368
59  -his_len 5375 -max_attempts 154
103 -his_len 5433 -max_attempts 153
89  -his_len 5253 -max_attempts 193
105 -his_len 4533 -max_attempts 391
126 -his_len 4683 -max_attempts 404
108 -his_len 4053 -max_attempts 216
46  -his_len 5117 -max_attempts 148
134 -his_len 4676 -max_attempts 387


# Testing of elite configurations: 1 
# Testing iteration configurations: FALSE 
# 2025-12-26 23:13:37 GMT: No test instances, skip testing
