Starting irace...
# 2025-12-26 13:34:56 GMT: Reading parameter file '/gpfs/home/e/exx866/IRACE-b-LAHC/all-instances-rough/X-n749-k98/parameters.txt'.
# 2025-12-26 13:34:57 GMT: Read 1 configuration(s) from file '/gpfs/home/e/exx866/IRACE-b-LAHC/all-instances-rough/X-n749-k98/configurations.txt'
# 2025-12-26 13:34:57 GMT: Initialization
# Elitist race
# Elitist new instances: 1
# Elitist limit: 2
# nbIterations: 3
# minNbSurvival: 10
# nbParameters: 2
# seed: 1358458491
# confidence level: 0.95
# budget: 3500
# mu: 10
# deterministic: FALSE

# 2025-12-26 13:34:57 GMT: Iteration 1 of 3
# experimentsUsed: 0
# remainingBudget: 3500
# currentBudget: 1166
# nbConfigurations: 58
# Markers:
     x No test is performed.
     c Configurations are discarded only due to capping.
     - The test is performed and some configurations are discarded.
     = The test is performed but no configuration is discarded.
     ! The test is performed and configurations could be discarded but elite configurations are preserved.
     . All alive configurations are elite and nothing is discarded.

+-+-----------+-----------+-----------+----------------+-----------+--------+-----+----+------+
| |   Instance|      Alive|       Best|       Mean best| Exp so far|  W time|  rho|KenW|  Qvar|
+-+-----------+-----------+-----------+----------------+-----------+--------+-----+----+------+
|x|          1|         58|         44|     78513.71000|         58|01:51:05|   NA|  NA|    NA|
|x|          2|         58|         34|     78604.27000|        116|01:57:52|+0.80|0.90|0.1066|
|x|          3|         58|         34|     78586.85667|        174|01:48:00|+0.82|0.88|0.0827|
|x|          4|         58|         34|     78589.46500|        232|01:43:12|+0.82|0.86|0.0759|
|x|          5|         58|         34|     78587.54000|        290|01:45:31|+0.79|0.83|0.0843|
|x|          6|         58|         34|     78601.42667|        348|01:44:24|+0.77|0.81|0.0964|
|x|          7|         58|         34|     78601.45571|        406|01:44:45|+0.78|0.82|0.0897|
|x|          8|         58|         34|     78613.44250|        464|01:46:32|+0.80|0.82|0.0840|
|x|          9|         58|         34|     78633.97222|        522|01:59:02|+0.79|0.81|0.0859|
|-|         10|          9|         34|     78627.57000|        580|01:37:31|-0.03|0.07|0.9256|
+-+-----------+-----------+-----------+----------------+-----------+--------+-----+----+------+
Best-so-far configuration:          34    mean value:      78627.57000
Description of the best-so-far configuration:
   .ID. his_len max_attempts .PARENT.
34   34    9785          389       NA

# 2025-12-27 07:32:56 GMT: Elite configurations (first number is the configuration ID; listed from best to worst according to the sum of ranks):
   his_len max_attempts
34    9785          389
51    6707          467
38    7322          202
44    3628          483
46    6091          295
24   11940          194
9     5167          397
15    8861          491
58   10401          186
# 2025-12-27 07:32:56 GMT: Iteration 2 of 3
# experimentsUsed: 580
# remainingBudget: 2920
# currentBudget: 1460
# nbConfigurations: 51
# Markers:
     x No test is performed.
     c Configurations are discarded only due to capping.
     - The test is performed and some configurations are discarded.
     = The test is performed but no configuration is discarded.
     ! The test is performed and configurations could be discarded but elite configurations are preserved.
     . All alive configurations are elite and nothing is discarded.

+-+-----------+-----------+-----------+----------------+-----------+--------+-----+----+------+
| |   Instance|      Alive|       Best|       Mean best| Exp so far|  W time|  rho|KenW|  Qvar|
+-+-----------+-----------+-----------+----------------+-----------+--------+-----+----+------+
|x|         11|         51|         76|     78449.42000|         51|01:11:08|   NA|  NA|    NA|
|x|          7|         51|         34|     78570.43500|         93|00:52:25|-0.05|0.48|1.0053|
|x|          2|         51|         34|     78579.57000|        135|00:55:14|+0.10|0.40|0.8467|
|x|          4|         51|         34|     78584.00000|        177|00:53:22|+0.10|0.32|0.8546|
|x|          8|         51|         63|     78558.62600|        219|00:56:54|+0.14|0.31|0.8068|
|x|          9|         51|         76|     78580.17667|        261|00:56:30|+0.15|0.29|0.7699|
|x|          3|         51|         63|     78594.36714|        303|00:57:13|+0.16|0.28|0.7582|
|x|          5|         51|         63|     78596.71875|        345|00:54:33|+0.16|0.27|0.7342|
|x|          6|         51|         63|     78597.53889|        387|00:49:54|+0.12|0.22|0.7983|
|-|          1|         26|         63|     78598.38500|        429|01:01:57|-0.01|0.09|0.9845|
|x|         10|         26|         83|     78575.55545|        446|00:23:07|+0.01|0.10|0.9659|
|x|         12|         26|         83|     78571.49417|        472|00:33:00|+0.04|0.12|0.9426|
|x|         13|         26|         83|     78573.42000|        498|00:30:53|+0.04|0.12|0.9394|
|x|         14|         26|         83|     78581.15786|        524|00:28:43|+0.05|0.12|0.9253|
|x|         15|         26|         83|     78579.37067|        550|00:33:50|+0.06|0.12|0.9168|
|x|         16|         26|         83|     78574.59250|        576|00:29:41|+0.06|0.12|0.9119|
|x|         17|         26|         83|     78584.48706|        602|00:32:10|+0.06|0.12|0.9062|
|x|         18|         26|         83|     78599.14667|        628|00:32:04|+0.04|0.09|0.9217|
|x|         19|         26|         76|     78589.99421|        654|00:26:38|+0.04|0.09|0.9232|
|-|         20|         11|         76|     78584.02150|        680|00:34:03|-0.01|0.04|0.9144|
|x|         21|         11|         76|     78590.03714|        691|00:29:06|-0.01|0.04|0.9116|
|x|         22|         11|         76|     78589.60182|        702|00:17:19|-0.01|0.04|0.9045|
|x|         23|         11|         76|     78587.54696|        713|00:19:08|-0.00|0.04|0.8985|
|x|         24|         11|         76|     78587.07083|        724|00:23:55|-0.00|0.04|0.9005|
|x|         25|         11|         76|     78591.67680|        735|00:18:06|-0.01|0.04|0.9050|
|x|         26|         11|         85|     78596.14538|        746|00:18:46|-0.00|0.03|0.9024|
|x|         27|         11|         76|     78589.24481|        757|00:20:38|-0.01|0.03|0.9035|
|x|         28|         11|         76|     78587.15143|        768|00:23:51|-0.00|0.04|0.8957|
|x|         29|         11|         76|     78582.53138|        779|00:18:13|+0.01|0.04|0.8865|
|=|         30|         11|         76|     78585.57400|        790|00:19:43|+0.00|0.04|0.8953|
|x|         31|         11|         76|     78589.10452|        801|00:19:17|+0.00|0.04|0.8926|
|x|         32|         11|         76|     78588.23219|        812|00:19:00|+0.01|0.04|0.8905|
|x|         33|         11|         76|     78588.10303|        823|00:17:19|+0.01|0.04|0.8879|
|x|         34|         11|         76|     78592.37941|        834|00:18:54|+0.00|0.03|0.8958|
|x|         35|         11|         85|     78610.37657|        845|00:18:33|+0.01|0.03|0.8917|
|x|         36|         11|         85|     78609.48861|        856|00:24:41|+0.01|0.03|0.8925|
|x|         37|         11|         85|     78611.95432|        867|00:22:46|+0.01|0.03|0.8940|
|x|         38|         11|         85|     78609.75763|        878|00:17:44|+0.01|0.03|0.8903|
|x|         39|         11|         85|     78612.02795|        889|00:20:42|+0.01|0.04|0.8897|
|=|         40|         11|         85|     78611.38575|        900|00:18:49|+0.01|0.04|0.8858|
+-+-----------+-----------+-----------+----------------+-----------+--------+-----+----+------+
Best-so-far configuration:          85    mean value:      78611.38575
Description of the best-so-far configuration:
   .ID. his_len max_attempts .PARENT.
85   85    8868          464       51

# 2025-12-28 04:53:06 GMT: Elite configurations (first number is the configuration ID; listed from best to worst according to the sum of ranks):
    his_len max_attempts
85     8868          464
83     8177          438
76     8576          455
69     8381          394
63     8758          411
86     5278          440
100    9615          336
77     5425          471
78     6756          441
34     9785          389
# 2025-12-28 04:53:06 GMT: Iteration 3 of 3
# experimentsUsed: 1480
# remainingBudget: 2020
# currentBudget: 2020
# nbConfigurations: 48
# Markers:
     x No test is performed.
     c Configurations are discarded only due to capping.
     - The test is performed and some configurations are discarded.
     = The test is performed but no configuration is discarded.
     ! The test is performed and configurations could be discarded but elite configurations are preserved.
     . All alive configurations are elite and nothing is discarded.

+-+-----------+-----------+-----------+----------------+-----------+--------+-----+----+------+
| |   Instance|      Alive|       Best|       Mean best| Exp so far|  W time|  rho|KenW|  Qvar|
+-+-----------+-----------+-----------+----------------+-----------+--------+-----+----+------+
|x|         41|         48|         69|     78431.39000|         48|01:07:50|   NA|  NA|    NA|
|x|         28|         48|         69|     78455.10000|         86|00:46:36|+0.10|0.55|0.7911|
|x|         22|         48|         69|     78508.50667|        124|00:47:12|+0.02|0.35|0.9304|
|x|         19|         48|        116|     78542.51750|        162|00:44:55|+0.03|0.27|0.9446|
|x|         32|         48|        116|     78501.09800|        200|00:47:48|+0.09|0.27|0.8931|
|x|          4|         48|         69|     78534.20833|        238|00:45:04|+0.04|0.20|0.9310|
|x|         16|         48|        116|     78526.93000|        276|00:45:32|-0.00|0.14|0.9774|
|x|         17|         48|        116|     78513.81125|        314|00:49:43|+0.01|0.13|0.9733|
|x|          7|         48|        116|     78528.68222|        352|00:48:16|+0.01|0.12|0.9717|
|=|          1|         48|        116|     78538.53200|        390|00:46:34|+0.00|0.10|0.9807|
slurmstepd: error: *** JOB 1643897 ON node064 CANCELLED AT 2025-12-28T13:34:49 DUE TO TIME LIMIT ***
