Starting irace...
# 2025-12-26 13:34:55 GMT: Reading parameter file '/gpfs/home/e/exx866/IRACE-b-LAHC/all-instances-rough/X-n1006-k43-s5/parameters.txt'.
# 2025-12-26 13:34:56 GMT: Read 1 configuration(s) from file '/gpfs/home/e/exx866/IRACE-b-LAHC/all-instances-rough/X-n1006-k43-s5/configurations.txt'
# 2025-12-26 13:34:56 GMT: Initialization
# Elitist race
# Elitist new instances: 1
# Elitist limit: 2
# nbIterations: 3
# minNbSurvival: 10
# nbParameters: 2
# seed: 388161614
# confidence level: 0.95
# budget: 3500
# mu: 10
# deterministic: FALSE

# 2025-12-26 13:34:56 GMT: Iteration 1 of 3
# experimentsUsed: 0
# remainingBudget: 3500
# currentBudget: 1166
# nbConfigurations: 58
# Markers:
     x No test is performed.
     c Configurations are discarded only due to capping.
     - The test is performed and some configurations are discarded.
     = The test is performed but no configuration is discarded.
     ! The test is performed and configurations could be discarded but elite configurations are preserved.
     . All alive configurations are elite and nothing is discarded.

+-+-----------+-----------+-----------+----------------+-----------+--------+-----+----+------+
| |   Instance|      Alive|       Best|       Mean best| Exp so far|  W time|  rho|KenW|  Qvar|
+-+-----------+-----------+-----------+----------------+-----------+--------+-----+----+------+
|x|          1|         58|         51|     73855.28000|         58|00:29:24|   NA|  NA|    NA|
|x|          2|         58|         11|     73903.02500|        116|00:30:51|+0.93|0.96|0.0211|
|x|          3|         58|         11|     73874.23333|        174|00:32:19|+0.93|0.95|0.0199|
|x|          4|         58|         37|     73891.07750|        232|00:30:10|+0.91|0.93|0.0392|
|x|          5|         58|         37|     73902.63600|        290|00:31:54|+0.91|0.93|0.0353|
|x|          6|         58|         37|     73898.62000|        348|00:34:05|+0.92|0.93|0.0344|
|x|          7|         58|         37|     73925.96714|        406|00:31:53|+0.92|0.93|0.0350|
|x|          8|         58|         51|     73944.48625|        464|00:32:47|+0.92|0.93|0.0334|
|x|          9|         58|         51|     73949.92556|        522|00:30:18|+0.92|0.93|0.0325|
|-|         10|          7|         32|     73959.63000|        580|00:31:54|-0.07|0.04|0.9035|
+-+-----------+-----------+-----------+----------------+-----------+--------+-----+----+------+
Best configuration for the instances in this race: 32
Best-so-far configuration:          51    mean value:      73950.81000
Description of the best-so-far configuration:
   .ID. his_len max_attempts .PARENT.
51   51    6099          362       NA

# 2025-12-26 18:50:38 GMT: Elite configurations (first number is the configuration ID; listed from best to worst according to the sum of ranks):
   his_len max_attempts
51    6099          362
32    7638          261
37    6715          378
11    5791          495
29    5175          448
43    7946          284
39    9177          190
# 2025-12-26 18:50:38 GMT: Iteration 2 of 3
# experimentsUsed: 580
# remainingBudget: 2920
# currentBudget: 1460
# nbConfigurations: 51
# Markers:
     x No test is performed.
     c Configurations are discarded only due to capping.
     - The test is performed and some configurations are discarded.
     = The test is performed but no configuration is discarded.
     ! The test is performed and configurations could be discarded but elite configurations are preserved.
     . All alive configurations are elite and nothing is discarded.

+-+-----------+-----------+-----------+----------------+-----------+--------+-----+----+------+
| |   Instance|      Alive|       Best|       Mean best| Exp so far|  W time|  rho|KenW|  Qvar|
+-+-----------+-----------+-----------+----------------+-----------+--------+-----+----+------+
|x|         11|         51|         70|     73634.61000|         51|00:26:16|   NA|  NA|    NA|
|x|          4|         51|         74|     73797.70500|         95|00:21:49|+0.27|0.64|0.7212|
|x|          2|         51|         74|     73848.82667|        139|00:23:02|+0.28|0.52|0.7115|
|x|          5|         51|         70|     73849.83000|        183|00:23:37|+0.19|0.39|0.7818|
|x|          7|         51|         70|     73866.50000|        227|00:22:51|+0.25|0.40|0.7417|
|x|          3|         51|         70|     73866.19000|        271|00:23:57|+0.21|0.34|0.7802|
|x|         10|         51|         70|     73840.62429|        315|00:22:38|+0.20|0.32|0.7838|
|x|          8|         51|         70|     73893.84375|        359|00:22:49|+0.20|0.30|0.7864|
|x|          6|         51|         72|     73939.53444|        403|00:24:12|+0.20|0.29|0.7850|
|-|          9|         26|         70|     73917.79700|        447|00:22:25|-0.04|0.07|1.0013|
|x|          1|         26|         70|     73918.23000|        466|00:15:07|-0.03|0.06|0.9901|
|x|         12|         26|         70|     73921.55917|        492|00:16:08|-0.03|0.06|0.9804|
|x|         13|         26|         70|     73925.98538|        518|00:16:14|-0.02|0.05|0.9736|
|x|         14|         26|         70|     73930.79071|        544|00:17:44|-0.02|0.06|0.9667|
|x|         15|         26|         70|     73924.56867|        570|00:16:52|-0.02|0.05|0.9687|
|x|         16|         26|         70|     73925.23500|        596|00:16:03|-0.01|0.06|0.9568|
|x|         17|         26|         70|     73929.50412|        622|00:15:44|-0.00|0.06|0.9538|
|x|         18|         26|         70|     73932.30722|        648|00:16:20|+0.00|0.06|0.9476|
|x|         19|         26|         70|     73920.66632|        674|00:16:24|+0.02|0.07|0.9349|
|-|         20|         12|         70|     73913.10550|        700|00:17:45|-0.03|0.03|0.9387|
|x|         21|         12|         70|     73902.81048|        712|00:12:41|-0.02|0.03|0.9313|
|x|         22|         12|         70|     73906.60455|        724|00:13:15|-0.01|0.04|0.9263|
|x|         23|         12|         70|     73912.86870|        736|00:13:04|-0.01|0.04|0.9213|
|x|         24|         12|         94|     73908.71333|        748|00:12:18|-0.01|0.03|0.9213|
|x|         25|         12|         94|     73912.12360|        760|00:12:21|-0.00|0.04|0.9173|
|x|         26|         12|         94|     73912.80423|        772|00:12:26|+0.01|0.04|0.9118|
|x|         27|         12|         94|     73912.52222|        784|00:12:43|+0.01|0.05|0.9115|
|x|         28|         12|         94|     73917.10143|        796|00:12:58|+0.01|0.04|0.9130|
|x|         29|         12|         94|     73917.11862|        808|00:12:56|+0.01|0.05|0.9078|
|=|         30|         12|         94|     73930.42700|        820|00:12:31|+0.01|0.04|0.9106|
|x|         31|         12|         94|     73930.71290|        832|00:12:33|+0.01|0.04|0.9092|
|x|         32|         12|         94|     73928.48594|        844|00:12:23|+0.01|0.04|0.9080|
|x|         33|         12|         94|     73923.70121|        856|00:13:15|+0.02|0.05|0.9007|
|x|         34|         12|         94|     73922.94588|        868|00:12:55|+0.02|0.05|0.8980|
|x|         35|         12|         94|     73926.85086|        880|00:12:59|+0.02|0.04|0.9011|
|x|         36|         12|         94|     73931.33750|        892|00:12:30|+0.01|0.04|0.9036|
|x|         37|         12|         70|     73934.37838|        904|00:13:22|+0.01|0.04|0.9049|
|x|         38|         12|         70|     73931.78395|        916|00:13:14|+0.01|0.04|0.9043|
|x|         39|         12|         70|     73934.01744|        928|00:13:21|+0.01|0.04|0.9069|
|=|         40|         12|         70|     73931.29800|        940|00:12:32|+0.01|0.04|0.9069|
+-+-----------+-----------+-----------+----------------+-----------+--------+-----+----+------+
Best-so-far configuration:          70    mean value:      73931.29800
Description of the best-so-far configuration:
   .ID. his_len max_attempts .PARENT.
70   70    6529          405       37

# 2025-12-27 05:45:08 GMT: Elite configurations (first number is the configuration ID; listed from best to worst according to the sum of ranks):
   his_len max_attempts
70    6529          405
94    5772          491
43    7946          284
37    6715          378
11    5791          495
61    6162          345
72    7209          450
51    6099          362
32    7638          261
29    5175          448
# 2025-12-27 05:45:08 GMT: Iteration 3 of 3
# experimentsUsed: 1520
# remainingBudget: 1980
# currentBudget: 1980
# nbConfigurations: 47
# Markers:
     x No test is performed.
     c Configurations are discarded only due to capping.
     - The test is performed and some configurations are discarded.
     = The test is performed but no configuration is discarded.
     ! The test is performed and configurations could be discarded but elite configurations are preserved.
     . All alive configurations are elite and nothing is discarded.

+-+-----------+-----------+-----------+----------------+-----------+--------+-----+----+------+
| |   Instance|      Alive|       Best|       Mean best| Exp so far|  W time|  rho|KenW|  Qvar|
+-+-----------+-----------+-----------+----------------+-----------+--------+-----+----+------+
|x|         41|         47|        107|     73631.28000|         47|00:25:58|   NA|  NA|    NA|
|x|         32|         47|        139|     73730.66500|         84|00:19:40|-0.10|0.45|1.0103|
|x|         28|         47|        139|     73754.12000|        121|00:19:34|+0.06|0.38|0.9147|
|x|          8|         47|        139|     73762.33000|        158|00:19:35|+0.08|0.31|0.9109|
|x|          9|         47|        112|     73811.23400|        195|00:19:34|+0.10|0.28|0.8867|
|x|         13|         47|        112|     73819.77000|        232|00:19:05|+0.08|0.24|0.9059|
|x|         12|         47|        136|     73838.88000|        269|00:19:31|+0.04|0.18|0.9459|
|x|         35|         47|        112|     73864.30375|        306|00:20:23|+0.03|0.15|0.9625|
|x|          5|         47|        136|     73849.25889|        343|00:19:59|+0.03|0.14|0.9637|
|=|         23|         47|        136|     73855.56300|        380|00:20:23|+0.04|0.14|0.9464|
|x|         36|         47|        136|     73882.39091|        417|00:19:43|+0.03|0.12|0.9508|
|x|         34|         47|        136|     73893.07750|        454|00:19:13|+0.05|0.13|0.9279|
|x|         40|         47|        136|     73890.42846|        491|00:19:49|+0.04|0.12|0.9305|
|x|         38|         47|        136|     73880.48143|        528|00:20:18|+0.04|0.11|0.9310|
|x|         18|         47|        136|     73893.47533|        565|00:19:53|+0.05|0.11|0.9315|
|x|         22|         47|        136|     73897.30188|        602|00:20:36|+0.03|0.09|0.9450|
|x|         39|         47|        136|     73893.69588|        639|00:20:31|+0.02|0.08|0.9525|
|x|          7|         47|        105|     73885.58222|        676|00:19:19|+0.03|0.08|0.9516|
|x|          6|         47|        105|     73881.14526|        713|00:22:35|+0.02|0.07|0.9549|
|-|         21|         29|        136|     73894.55900|        750|00:20:04|-0.03|0.03|0.9904|
|x|         20|         29|        136|     73895.70048|        769|00:15:37|-0.02|0.03|0.9891|
|x|         31|         29|        136|     73904.48318|        788|00:14:45|-0.02|0.02|0.9910|
|x|         27|         29|        136|     73922.93957|        807|00:14:36|-0.03|0.02|0.9921|
|x|         17|         29|        105|     73924.55583|        826|00:13:40|-0.03|0.01|0.9940|
|x|          4|         29|        136|     73921.92880|        845|00:13:42|-0.02|0.02|0.9901|
|x|         10|         29|        136|     73923.55346|        864|00:14:42|-0.02|0.02|0.9867|
|x|          2|         29|        124|     73938.29037|        883|00:14:55|-0.02|0.02|0.9839|
|x|          3|         29|        131|     73931.19893|        902|00:15:07|-0.02|0.02|0.9841|
|x|         29|         29|        124|     73934.19483|        921|00:14:59|-0.02|0.02|0.9814|
|=|         30|         29|        124|     73934.74000|        940|00:14:21|-0.02|0.02|0.9834|
|x|         25|         29|        124|     73922.91903|        959|00:14:23|-0.02|0.02|0.9805|
|x|         14|         29|        124|     73915.79875|        978|00:15:49|-0.01|0.02|0.9784|
|x|         37|         29|        124|     73910.88667|        997|00:15:52|-0.01|0.02|0.9781|
|x|         24|         29|        124|     73913.26412|       1016|00:15:01|-0.01|0.02|0.9773|
|x|          1|         29|        124|     73923.28343|       1035|00:14:58|-0.01|0.02|0.9777|
|x|         15|         29|        131|     73932.63167|       1054|00:14:47|-0.01|0.02|0.9766|
|x|         11|         29|        131|     73935.27838|       1073|00:14:59|-0.01|0.02|0.9745|
|x|         33|         29|        131|     73932.48816|       1092|00:15:53|-0.01|0.02|0.9726|
|x|         16|         29|        131|     73936.86872|       1111|00:13:53|-0.01|0.02|0.9740|
|=|         19|         29|        131|     73938.05875|       1130|00:15:33|-0.01|0.02|0.9725|
|x|         26|         29|        124|     73935.37902|       1149|00:14:04|-0.01|0.02|0.9719|
|x|         42|         29|        124|     73932.26238|       1178|00:16:35|-0.01|0.02|0.9705|
|x|         43|         29|        124|     73937.06465|       1207|00:15:54|-0.01|0.01|0.9731|
|x|         44|         29|        124|     73939.06386|       1236|00:16:11|-0.01|0.01|0.9721|
|x|         45|         29|        124|     73940.46800|       1265|00:15:45|-0.01|0.01|0.9719|
|x|         46|         29|        124|     73937.47674|       1294|00:15:58|-0.01|0.02|0.9713|
|x|         47|         29|        124|     73936.90851|       1323|00:16:01|-0.01|0.01|0.9723|
|x|         48|         29|        124|     73935.11854|       1352|00:17:18|-0.00|0.02|0.9701|
|x|         49|         29|        124|     73938.70224|       1381|00:16:06|-0.00|0.02|0.9702|
|=|         50|         29|        131|     73944.49220|       1410|00:15:56|-0.01|0.01|0.9710|
|x|         51|         29|        131|     73944.76216|       1439|00:15:37|-0.01|0.01|0.9728|
|x|         52|         29|        131|     73944.12846|       1468|00:16:39|-0.01|0.01|0.9717|
|x|         53|         29|        131|     73948.77849|       1497|00:17:14|-0.00|0.01|0.9710|
|x|         54|         29|        131|     73947.44185|       1526|00:17:14|-0.00|0.01|0.9706|
|x|         55|         29|        124|     73941.60382|       1555|00:16:56|-0.00|0.01|0.9705|
|x|         56|         29|        124|     73941.20946|       1584|00:16:38|-0.00|0.01|0.9688|
|x|         57|         29|        124|     73938.62947|       1613|00:17:23|-0.00|0.02|0.9674|
|x|         58|         29|        124|     73934.61241|       1642|00:16:59|-0.00|0.02|0.9666|
|x|         59|         29|        124|     73936.62254|       1671|00:16:48|+0.00|0.02|0.9660|
|=|         60|         29|        124|     73935.59100|       1700|00:16:14|+0.00|0.02|0.9652|
+-+-----------+-----------+-----------+----------------+-----------+--------+-----+----+------+
Best-so-far configuration:         124    mean value:      73935.59100
Description of the best-so-far configuration:
    .ID. his_len max_attempts .PARENT.
124  124    6107          499       94

# 2025-12-27 22:56:23 GMT: Elite configurations (first number is the configuration ID; listed from best to worst according to the sum of ranks):
    his_len max_attempts
124    6107          499
131    6577          414
70     6529          405
139    6756          366
94     5772          491
112    5782          482
11     5791          495
119    5636          488
37     6715          378
136    5958          491
# 2025-12-27 22:56:23 GMT: Iteration 4 of 4
# experimentsUsed: 3220
# remainingBudget: 280
# currentBudget: 280
# nbConfigurations: 12
# Markers:
     x No test is performed.
     c Configurations are discarded only due to capping.
     - The test is performed and some configurations are discarded.
     = The test is performed but no configuration is discarded.
     ! The test is performed and configurations could be discarded but elite configurations are preserved.
     . All alive configurations are elite and nothing is discarded.

+-+-----------+-----------+-----------+----------------+-----------+--------+-----+----+------+
| |   Instance|      Alive|       Best|       Mean best| Exp so far|  W time|  rho|KenW|  Qvar|
+-+-----------+-----------+-----------+----------------+-----------+--------+-----+----+------+
|x|         61|         12|         11|     73697.96000|         12|00:11:46|   NA|  NA|    NA|
|x|         52|         12|         94|     73775.13000|         14|00:12:04|+0.38|0.69|0.4284|
|x|         26|         12|         94|     73826.69333|         16|00:11:36|+0.12|0.41|0.8268|
|x|         15|         12|         94|     73785.68500|         18|00:12:11|+0.11|0.33|0.8532|
|x|          2|         12|         94|     73784.89200|         20|00:12:42|+0.12|0.30|0.8142|
|x|          7|         12|         94|     73804.04000|         22|00:11:01|+0.08|0.23|0.8575|
|x|         47|         12|         94|     73816.66429|         24|00:11:42|+0.11|0.23|0.8423|
|x|         56|         12|         94|     73827.12500|         26|00:11:49|+0.09|0.20|0.8641|
|x|         23|         12|         94|     73829.38222|         28|00:12:27|+0.07|0.17|0.8558|
|=|         48|         12|         94|     73818.41400|         30|00:12:13|+0.08|0.17|0.8487|
|x|         34|         12|         94|     73825.65091|         32|00:11:55|+0.08|0.17|0.8505|
|x|         11|         12|         94|     73842.09667|         34|00:11:46|+0.09|0.17|0.8496|
|x|         50|         12|         94|     73848.56615|         36|00:11:29|+0.06|0.13|0.8775|
|x|         49|         12|         94|     73870.57214|         38|00:11:23|+0.02|0.09|0.9093|
|x|          6|         12|         94|     73886.23800|         40|00:12:50|+0.01|0.07|0.9241|
|x|         20|         12|         94|     73888.18187|         42|00:12:52|+0.02|0.08|0.9101|
|x|         37|         12|         94|     73899.28941|         44|00:12:11|+0.01|0.07|0.9183|
|x|         46|         12|         94|     73903.17056|         46|00:11:24|+0.00|0.06|0.9282|
|x|          3|         12|         94|     73907.79368|         48|00:12:03|+0.00|0.06|0.9292|
|=|         51|         12|         94|     73908.27700|         50|00:10:56|+0.01|0.06|0.9262|
|x|         60|         12|         94|     73907.57048|         52|00:11:21|+0.00|0.05|0.9285|
|x|         36|         12|         94|     73915.78864|         54|00:11:31|+0.00|0.05|0.9317|
|x|         42|         12|         94|     73919.82348|         56|00:12:02|+0.00|0.05|0.9282|
|x|         28|         12|         94|     73924.86167|         58|00:12:03|-0.01|0.03|0.9338|
|x|         59|         12|         94|     73932.26200|         60|00:12:02|-0.01|0.03|0.9319|
|x|         14|         12|         11|     73944.87115|         62|00:12:51|-0.01|0.03|0.9291|
|x|         29|         12|         11|     73947.50556|         64|00:12:21|-0.00|0.03|0.9266|
|x|          8|         12|         11|     73943.72893|         66|00:11:54|-0.01|0.03|0.9281|
|x|         25|         12|         11|     73945.15138|         68|00:11:36|-0.01|0.03|0.9238|
|=|         44|         12|         11|     73947.88333|         70|00:11:50|-0.01|0.03|0.9240|
|x|         21|         12|         11|     73944.83806|         72|00:11:29|-0.01|0.03|0.9235|
|x|         17|         12|         11|     73945.40813|         74|00:11:42|-0.01|0.02|0.9243|
|x|          4|         12|         11|     73950.80273|         76|00:11:19|-0.01|0.02|0.9240|
|x|         41|         12|        139|     73937.19471|         78|00:12:12|-0.01|0.02|0.9245|
|x|         19|         12|        124|     73932.28771|         80|00:11:40|-0.01|0.02|0.9218|
|x|         12|         12|         70|     73945.79806|         82|00:12:05|-0.01|0.02|0.9250|
|x|         53|         12|        124|     73935.16730|         84|00:12:27|-0.01|0.01|0.9275|
|x|         38|         12|         11|     73946.01684|         86|00:12:20|-0.01|0.01|0.9274|
|x|         57|         12|         11|     73943.82282|         88|00:12:19|-0.01|0.01|0.9274|
|=|          9|         12|         11|     73948.69675|         90|00:11:19|-0.02|0.01|0.9287|
|x|         40|         12|        124|     73935.43512|         92|00:11:30|-0.01|0.01|0.9272|
|x|         58|         12|        124|     73929.96381|         94|00:12:25|-0.02|0.01|0.9278|
|x|         39|         12|        124|     73924.47791|         96|00:12:12|-0.01|0.01|0.9269|
|x|         35|         12|        124|     73932.37545|         98|00:12:15|-0.01|0.01|0.9291|
|x|         55|         12|        124|     73927.66044|        100|00:11:48|-0.01|0.01|0.9266|
|x|         54|         12|        124|     73925.46370|        102|00:12:35|-0.01|0.01|0.9248|
|x|         30|         12|        124|     73925.99745|        104|00:11:43|-0.01|0.01|0.9243|
|x|         16|         12|        124|     73927.59021|        106|00:11:26|-0.01|0.01|0.9238|
|x|          1|         12|        124|     73934.45449|        108|00:12:18|-0.01|0.01|0.9257|
|=|         33|         12|        124|     73934.39640|        110|00:12:16|-0.01|0.01|0.9261|
|x|         32|         12|        124|     73932.81020|        112|00:11:42|-0.01|0.01|0.9249|
|x|         27|         12|        124|     73932.97692|        114|00:11:56|-0.01|0.01|0.9243|
|x|         22|         12|        124|     73930.31226|        116|00:12:10|-0.01|0.01|0.9243|
|x|         13|         12|        124|     73931.30333|        118|00:11:27|-0.01|0.01|0.9251|
|x|         43|         12|        124|     73935.07527|        120|00:11:27|-0.01|0.01|0.9266|
|x|         31|         12|        124|     73933.77696|        122|00:11:58|-0.01|0.01|0.9253|
|x|         45|         12|        124|     73934.97825|        124|00:11:08|-0.01|0.01|0.9254|
|x|          5|         12|        124|     73935.23069|        126|00:11:53|-0.01|0.01|0.9248|
|x|         18|         12|        124|     73939.78881|        128|00:12:21|-0.01|0.01|0.9257|
|=|         10|         12|        124|     73937.61050|        130|00:12:35|-0.01|0.01|0.9248|
|x|         24|         12|        124|     73938.49754|        132|00:11:55|-0.01|0.01|0.9248|
|x|         62|         12|        124|     73938.25629|        144|00:11:55|-0.01|0.01|0.9247|
|x|         63|         12|        124|     73941.28889|        156|00:11:55|-0.01|0.01|0.9239|
|x|         64|         12|        124|     73941.62766|        168|00:11:43|-0.00|0.01|0.9234|
|x|         65|         12|        124|     73942.73123|        180|00:12:46|-0.00|0.01|0.9234|
|x|         66|         12|        124|     73940.28939|        192|00:12:10|-0.00|0.01|0.9232|
|x|         67|         12|        124|     73942.58418|        204|00:12:32|-0.01|0.01|0.9240|
|x|         68|         12|        124|     73942.03721|        216|00:11:50|-0.01|0.01|0.9233|
|x|         69|         12|        124|     73941.17971|        228|00:12:38|-0.00|0.01|0.9217|
|=|         70|         12|        131|     73945.14286|        240|00:12:53|-0.00|0.01|0.9212|
+-+-----------+-----------+-----------+----------------+-----------+--------+-----+----+------+
Best-so-far configuration:         131    mean value:      73945.14286
Description of the best-so-far configuration:
    .ID. his_len max_attempts .PARENT.
131  131    6577          414       70

# 2025-12-28 12:55:03 GMT: Elite configurations (first number is the configuration ID; listed from best to worst according to the sum of ranks):
    his_len max_attempts
131    6577          414
124    6107          499
139    6756          366
70     6529          405
11     5791          495
136    5958          491
112    5782          482
94     5772          491
37     6715          378
140    5654          484
# 2025-12-28 12:55:03 GMT: Stopped because there is not enough budget left to race more than the minimum (10).
# You may either increase the budget or set 'minNbSurvival' to a lower value.
# Iteration: 5
# nbIterations: 5
# experimentsUsed: 3460
# timeUsed: 0
# remainingBudget: 40
# currentBudget: 40
# number of elites: 10
# nbConfigurations: 10
# Total CPU user time: 3550410, CPU sys time: 2142.486, Wall-clock time: 170407.8
# Best configurations (first number is the configuration ID; listed from best to worst according to the sum of ranks):
    his_len max_attempts
131    6577          414
124    6107          499
139    6756          366
70     6529          405
11     5791          495
136    5958          491
112    5782          482
94     5772          491
37     6715          378
140    5654          484
# Best configurations as commandlines (first number is the configuration ID; listed from best to worst according to the sum of ranks):
131 -his_len 6577 -max_attempts 414
124 -his_len 6107 -max_attempts 499
139 -his_len 6756 -max_attempts 366
70  -his_len 6529 -max_attempts 405
11  -his_len 5791 -max_attempts 495
136 -his_len 5958 -max_attempts 491
112 -his_len 5782 -max_attempts 482
94  -his_len 5772 -max_attempts 491
37  -his_len 6715 -max_attempts 378
140 -his_len 5654 -max_attempts 484


# Testing of elite configurations: 1 
# Testing iteration configurations: FALSE 
# 2025-12-28 12:55:03 GMT: No test instances, skip testing
