Starting irace...
# 2025-12-29 15:16:14 GMT: Reading parameter file '/gpfs/home/e/exx866/IRACE-b-LAHC/all-instances-fine/X-n143-k7/parameters.txt'.
# 2025-12-29 15:16:15 GMT: Read 1 configuration(s) from file '/gpfs/home/e/exx866/IRACE-b-LAHC/all-instances-fine/X-n143-k7/configurations.txt'
# 2025-12-29 15:16:15 GMT: Initialization
# Elitist race
# Elitist new instances: 1
# Elitist limit: 2
# nbIterations: 3
# minNbSurvival: 10
# nbParameters: 2
# seed: 1462503529
# confidence level: 0.95
# budget: 6000
# mu: 10
# deterministic: FALSE

# 2025-12-29 15:16:15 GMT: Iteration 1 of 3
# experimentsUsed: 0
# remainingBudget: 6000
# currentBudget: 2000
# nbConfigurations: 100
# Markers:
     x No test is performed.
     c Configurations are discarded only due to capping.
     - The test is performed and some configurations are discarded.
     = The test is performed but no configuration is discarded.
     ! The test is performed and configurations could be discarded but elite configurations are preserved.
     . All alive configurations are elite and nothing is discarded.

+-+-----------+-----------+-----------+----------------+-----------+--------+-----+----+------+
| |   Instance|      Alive|       Best|       Mean best| Exp so far|  W time|  rho|KenW|  Qvar|
+-+-----------+-----------+-----------+----------------+-----------+--------+-----+----+------+
|x|          1|        100|         85|     15910.23000|        100|00:00:41|   NA|  NA|    NA|
|x|          2|        100|         97|     15990.15500|        200|00:00:37|+0.12|0.56|0.9100|
|x|          3|        100|         44|     15998.98000|        300|00:00:37|+0.11|0.41|0.9410|
|x|          4|        100|         45|     15971.85000|        400|00:00:38|+0.08|0.31|0.9375|
|x|          5|        100|         44|     16006.93800|        500|00:00:29|+0.03|0.22|0.9754|
|x|          6|        100|         44|     15993.34833|        600|00:00:36|+0.04|0.20|0.9614|
|x|          7|        100|         44|     16006.88000|        700|00:00:37|+0.04|0.18|0.9571|
|x|          8|        100|         44|     16023.43125|        800|00:00:39|+0.05|0.17|0.9418|
|x|          9|        100|         16|     16040.11889|        900|00:00:38|+0.05|0.16|0.9487|
|-|         10|         48|         16|     16042.89200|       1000|00:00:38|-0.04|0.06|1.0213|
|x|         11|         48|         16|     16040.65909|       1048|00:00:18|-0.04|0.05|1.0157|
|x|         12|         48|         16|     16055.70333|       1096|00:00:17|-0.04|0.05|1.0110|
|x|         13|         48|         45|     16042.85077|       1144|00:00:18|-0.03|0.05|1.0071|
|x|         14|         48|         45|     16044.14214|       1192|00:00:18|-0.02|0.05|1.0016|
|x|         15|         48|         44|     16061.16933|       1240|00:00:18|-0.02|0.04|1.0043|
|x|         16|         48|         10|     16073.16937|       1288|00:00:18|-0.03|0.04|1.0042|
|x|         17|         48|         10|     16063.56059|       1336|00:00:18|-0.03|0.03|1.0016|
|x|         18|         48|         10|     16063.80222|       1384|00:00:18|-0.02|0.04|0.9963|
|x|         19|         48|         31|     16056.91368|       1432|00:00:17|-0.02|0.04|0.9938|
|=|         20|         48|         10|     16060.60950|       1480|00:00:19|-0.01|0.04|0.9897|
|x|         21|         48|         31|     16052.70095|       1528|00:00:14|-0.01|0.04|0.9846|
|x|         22|         48|         45|     16064.26955|       1576|00:00:17|-0.01|0.04|0.9839|
|x|         23|         48|         45|     16064.40522|       1624|00:00:18|-0.01|0.03|0.9840|
|x|         24|         48|         45|     16066.29542|       1672|00:00:18|-0.01|0.03|0.9837|
|x|         25|         48|         45|     16066.68760|       1720|00:00:16|-0.01|0.03|0.9824|
|x|         26|         48|         31|     16054.20269|       1768|00:00:19|-0.00|0.04|0.9787|
|x|         27|         48|         45|     16066.49519|       1816|00:00:17|-0.00|0.03|0.9780|
|x|         28|         48|         45|     16071.69250|       1864|00:00:17|-0.00|0.03|0.9813|
|x|         29|         48|         45|     16070.24379|       1912|00:00:18|-0.00|0.03|0.9807|
|=|         30|         48|         45|     16071.76500|       1960|00:00:19|-0.00|0.03|0.9786|
+-+-----------+-----------+-----------+----------------+-----------+--------+-----+----+------+
Best-so-far configuration:          45    mean value:      16071.76500
Description of the best-so-far configuration:
   .ID. his_len max_attempts .PARENT.
45   45    2994           93       NA

# 2025-12-29 15:28:33 GMT: Elite configurations (first number is the configuration ID; listed from best to worst according to the sum of ranks):
   his_len max_attempts
45    2994           93
31    5947           71
78    4526          107
4     3607           98
16    4721           77
86    3746           88
18    3941          125
7     4053           73
68    4303          111
44    4777          126
# 2025-12-29 15:28:33 GMT: Iteration 2 of 3
# experimentsUsed: 1960
# remainingBudget: 4040
# currentBudget: 2020
# nbConfigurations: 58
# Markers:
     x No test is performed.
     c Configurations are discarded only due to capping.
     - The test is performed and some configurations are discarded.
     = The test is performed but no configuration is discarded.
     ! The test is performed and configurations could be discarded but elite configurations are preserved.
     . All alive configurations are elite and nothing is discarded.

+-+-----------+-----------+-----------+----------------+-----------+--------+-----+----+------+
| |   Instance|      Alive|       Best|       Mean best| Exp so far|  W time|  rho|KenW|  Qvar|
+-+-----------+-----------+-----------+----------------+-----------+--------+-----+----+------+
|x|         31|         58|        123|     15901.42000|         58|00:00:22|   NA|  NA|    NA|
|x|          7|         58|        127|     15977.86000|        106|00:00:18|-0.09|0.45|1.0943|
|x|         27|         58|        109|     15974.00667|        154|00:00:17|-0.01|0.33|1.0325|
|x|         12|         58|        109|     16003.14500|        202|00:00:19|+0.01|0.26|0.9859|
|x|         20|         58|        148|     16022.44200|        250|00:00:19|-0.01|0.19|1.0077|
|x|         19|         58|         31|     16012.18833|        298|00:00:17|-0.02|0.15|1.0123|
|x|         30|         58|         31|     16017.61429|        346|00:00:19|-0.01|0.14|0.9923|
|x|         22|         58|         31|     16023.30125|        394|00:00:17|-0.02|0.11|1.0170|
|x|         24|         58|         31|     16029.79333|        442|00:00:17|-0.02|0.10|1.0117|
|=|         11|         58|         31|     16018.89700|        490|00:00:18|-0.01|0.09|0.9919|
|x|         23|         58|        107|     16035.08636|        538|00:00:18|-0.00|0.09|0.9861|
|x|         10|         58|        107|     16038.60917|        586|00:00:18|-0.00|0.08|0.9906|
|x|         21|         58|        107|     16043.27462|        634|00:00:18|+0.01|0.08|0.9826|
|x|         16|         58|         31|     16047.19786|        682|00:00:17|-0.00|0.07|0.9863|
|x|          9|         58|        107|     16055.22667|        730|00:00:18|-0.01|0.06|0.9897|
|x|          4|         58|        107|     16054.68937|        778|00:00:19|-0.00|0.06|0.9845|
|x|         15|         58|        107|     16046.55000|        826|00:00:19|-0.00|0.05|0.9874|
|x|         17|         58|        107|     16047.00889|        874|00:00:18|+0.00|0.06|0.9777|
|x|         25|         58|        107|     16041.43684|        922|00:00:17|+0.01|0.06|0.9707|
|=|          1|         58|        107|     16043.50250|        970|00:00:18|+0.01|0.06|0.9686|
|x|          2|         58|        107|     16048.70667|       1018|00:00:18|+0.01|0.06|0.9685|
|x|         29|         58|        107|     16055.27864|       1066|00:00:19|+0.01|0.06|0.9700|
|x|         26|         58|        107|     16055.13826|       1114|00:00:18|+0.01|0.05|0.9690|
|x|          6|         58|        107|     16060.99333|       1162|00:00:19|+0.01|0.05|0.9704|
|x|         14|         58|        107|     16067.25200|       1210|00:00:18|+0.01|0.05|0.9712|
|x|          8|         58|         31|     16059.99962|       1258|00:00:17|+0.00|0.04|0.9756|
|x|          5|         58|         31|     16062.98519|       1306|00:00:18|+0.00|0.04|0.9768|
|x|         18|         58|         31|     16061.16750|       1354|00:00:15|+0.01|0.04|0.9747|
|x|         13|         58|         31|     16061.85828|       1402|00:00:17|+0.01|0.04|0.9723|
|=|          3|         58|         45|     16069.89133|       1450|00:00:18|+0.01|0.04|0.9727|
|x|         28|         58|         45|     16074.47613|       1498|00:00:18|+0.01|0.04|0.9755|
|x|         32|         58|        127|     16078.27813|       1556|00:00:22|+0.00|0.04|0.9761|
|x|         33|         58|         45|     16076.91242|       1614|00:00:20|+0.00|0.03|0.9775|
|x|         34|         58|         45|     16077.98559|       1672|00:00:23|+0.00|0.03|0.9785|
|x|         35|         58|        109|     16076.60514|       1730|00:00:21|+0.00|0.03|0.9793|
|x|         36|         58|        109|     16076.32944|       1788|00:00:20|+0.00|0.03|0.9802|
|x|         37|         58|        109|     16076.83324|       1846|00:00:20|+0.00|0.03|0.9782|
|x|         38|         58|        109|     16075.75105|       1904|00:00:20|+0.00|0.03|0.9788|
|x|         39|         58|        109|     16076.29000|       1962|00:00:21|+0.00|0.03|0.9801|
|=|         40|         58|        109|     16075.97450|       2020|00:00:23|+0.00|0.03|0.9800|
+-+-----------+-----------+-----------+----------------+-----------+--------+-----+----+------+
Best-so-far configuration:         109    mean value:      16075.97450
Description of the best-so-far configuration:
    .ID. his_len max_attempts .PARENT.
109  109    5030           72       16

# 2025-12-29 15:41:22 GMT: Elite configurations (first number is the configuration ID; listed from best to worst according to the sum of ranks):
    his_len max_attempts
109    5030           72
45     2994           93
127    4641           78
4      3607           98
18     3941          125
102    3260           97
107    4838           75
101    3875           94
140    3960           94
108    4114          125
# 2025-12-29 15:41:22 GMT: Iteration 3 of 3
# experimentsUsed: 3980
# remainingBudget: 2020
# currentBudget: 2020
# nbConfigurations: 48
# Markers:
     x No test is performed.
     c Configurations are discarded only due to capping.
     - The test is performed and some configurations are discarded.
     = The test is performed but no configuration is discarded.
     ! The test is performed and configurations could be discarded but elite configurations are preserved.
     . All alive configurations are elite and nothing is discarded.

+-+-----------+-----------+-----------+----------------+-----------+--------+-----+----+------+
| |   Instance|      Alive|       Best|       Mean best| Exp so far|  W time|  rho|KenW|  Qvar|
+-+-----------+-----------+-----------+----------------+-----------+--------+-----+----+------+
|x|         41|         48|        159|     15916.98000|         48|00:00:17|   NA|  NA|    NA|
|x|         10|         48|        177|     15921.74500|         86|00:00:15|+0.20|0.60|0.8316|
|x|         38|         48|          4|     16001.61000|        124|00:00:14|+0.08|0.39|0.9543|
|x|         12|         48|        161|     16027.20750|        162|00:00:15|+0.07|0.30|0.9280|
|x|         23|         48|        176|     16034.45000|        200|00:00:14|+0.05|0.24|0.9258|
|x|         22|         48|        176|     16038.40667|        238|00:00:15|+0.02|0.18|0.9674|
|x|          5|         48|        174|     16033.28286|        276|00:00:13|+0.01|0.15|0.9704|
|x|          8|         48|        162|     16052.32375|        314|00:00:14|+0.01|0.13|0.9591|
|x|         32|         48|        174|     16047.76556|        352|00:00:13|-0.00|0.11|0.9787|
|=|         31|         48|        174|     16057.26600|        390|00:00:12|-0.01|0.09|0.9861|
|x|          2|         48|        170|     16089.15182|        428|00:00:14|-0.01|0.08|0.9933|
|x|         18|         48|        177|     16060.72917|        466|00:00:15|-0.00|0.08|0.9872|
|x|         20|         48|        177|     16060.78385|        504|00:00:16|+0.00|0.08|0.9837|
|x|         14|         48|        177|     16052.36929|        542|00:00:14|+0.00|0.08|0.9782|
|x|         37|         48|        177|     16055.22267|        580|00:00:15|+0.02|0.08|0.9700|
|x|         39|         48|        177|     16064.69938|        618|00:00:15|+0.02|0.08|0.9666|
|x|         36|         48|        177|     16065.06471|        656|00:00:15|+0.01|0.07|0.9730|
|x|         13|         48|        177|     16068.73222|        694|00:00:14|+0.01|0.06|0.9736|
|x|         11|         48|        177|     16069.51316|        732|00:00:15|+0.01|0.06|0.9697|
|=|         15|         48|        177|     16072.46300|        770|00:00:15|+0.01|0.06|0.9717|
|x|         30|         48|        127|     16092.47571|        808|00:00:13|+0.02|0.06|0.9671|
|x|         27|         48|        127|     16091.40364|        846|00:00:14|+0.02|0.06|0.9627|
|x|         35|         48|        127|     16089.94522|        884|00:00:15|+0.02|0.06|0.9635|
|x|         40|         48|        170|     16071.69625|        922|00:00:15|+0.02|0.06|0.9613|
|x|         25|         48|        127|     16089.00360|        960|00:00:14|+0.02|0.06|0.9596|
|x|         24|         48|        127|     16085.96769|        998|00:00:15|+0.03|0.06|0.9592|
|x|         16|         48|        127|     16086.78481|       1036|00:00:15|+0.02|0.06|0.9606|
|x|         21|         48|        127|     16086.91750|       1074|00:00:14|+0.02|0.05|0.9663|
|x|          7|         48|        127|     16082.69724|       1112|00:00:15|+0.02|0.05|0.9659|
|-|         17|         19|        127|     16079.46667|       1150|00:00:15|-0.02|0.02|0.9630|
|x|         26|         19|        109|     16070.26839|       1159|00:00:05|-0.02|0.02|0.9625|
|x|         28|         19|        127|     16081.70625|       1168|00:00:05|-0.02|0.02|0.9594|
|x|          4|         19|        127|     16081.99152|       1177|00:00:05|-0.02|0.01|0.9626|
|x|         19|         19|        127|     16078.99559|       1186|00:00:05|-0.01|0.02|0.9595|
|x|         29|         19|        127|     16078.68114|       1195|00:00:05|-0.01|0.02|0.9564|
|x|          9|         19|        127|     16079.18000|       1204|00:00:05|-0.01|0.01|0.9579|
|x|          3|         19|        127|     16079.24405|       1213|00:00:05|-0.01|0.01|0.9580|
|x|          1|         19|        127|     16079.12474|       1222|00:00:05|-0.01|0.02|0.9560|
|x|          6|         19|        127|     16082.19000|       1231|00:00:05|-0.01|0.01|0.9565|
|=|         33|         19|        127|     16084.33700|       1240|00:00:05|-0.01|0.01|0.9573|
|x|         34|         19|        109|     16077.14000|       1249|00:00:05|-0.01|0.01|0.9572|
|x|         42|         19|        109|     16080.61214|       1268|00:00:09|-0.01|0.01|0.9576|
|x|         43|         19|        109|     16080.89767|       1287|00:00:08|-0.01|0.01|0.9583|
|x|         44|         19|        109|     16080.50386|       1306|00:00:08|-0.01|0.01|0.9586|
|x|         45|         19|        109|     16080.85644|       1325|00:00:08|-0.01|0.01|0.9590|
|x|         46|         19|        109|     16080.41109|       1344|00:00:09|-0.01|0.01|0.9587|
|x|         47|         19|        109|     16077.05574|       1363|00:00:08|-0.01|0.01|0.9567|
|x|         48|         19|        109|     16074.00479|       1382|00:00:09|-0.01|0.01|0.9557|
|x|         49|         19|        109|     16072.78898|       1401|00:00:09|-0.01|0.01|0.9564|
|=|         50|         19|        109|     16075.78740|       1420|00:00:08|-0.01|0.01|0.9566|
|x|         51|         19|        109|     16076.19098|       1439|00:00:09|-0.01|0.01|0.9571|
|x|         52|         19|        109|     16080.28519|       1458|00:00:08|-0.01|0.01|0.9572|
|x|         53|         19|        109|     16079.95774|       1477|00:00:09|-0.01|0.01|0.9570|
|x|         54|         19|        109|     16082.20852|       1496|00:00:09|-0.01|0.01|0.9569|
|x|         55|         19|        109|     16083.14436|       1515|00:00:08|-0.01|0.01|0.9571|
|x|         56|         19|        109|     16088.55518|       1534|00:00:08|-0.01|0.01|0.9578|
|x|         57|         19|        109|     16091.13789|       1553|00:00:08|-0.01|0.01|0.9576|
|x|         58|         19|        109|     16090.39379|       1572|00:00:08|-0.01|0.01|0.9574|
|x|         59|         19|        109|     16091.62915|       1591|00:00:07|-0.01|0.01|0.9583|
|=|         60|         19|        109|     16092.44200|       1610|00:00:08|-0.01|0.01|0.9577|
+-+-----------+-----------+-----------+----------------+-----------+--------+-----+----+------+
Best-so-far configuration:         109    mean value:      16092.44200
Description of the best-so-far configuration:
    .ID. his_len max_attempts .PARENT.
109  109    5030           72       16

# 2025-12-29 15:52:38 GMT: Elite configurations (first number is the configuration ID; listed from best to worst according to the sum of ranks):
    his_len max_attempts
109    5030           72
127    4641           78
168    4834           75
140    3960           94
45     2994           93
107    4838           75
4      3607           98
108    4114          125
18     3941          125
101    3875           94
# 2025-12-29 15:52:38 GMT: Iteration 4 of 4
# experimentsUsed: 5590
# remainingBudget: 410
# currentBudget: 410
# nbConfigurations: 14
# Markers:
     x No test is performed.
     c Configurations are discarded only due to capping.
     - The test is performed and some configurations are discarded.
     = The test is performed but no configuration is discarded.
     ! The test is performed and configurations could be discarded but elite configurations are preserved.
     . All alive configurations are elite and nothing is discarded.

+-+-----------+-----------+-----------+----------------+-----------+--------+-----+----+------+
| |   Instance|      Alive|       Best|       Mean best| Exp so far|  W time|  rho|KenW|  Qvar|
+-+-----------+-----------+-----------+----------------+-----------+--------+-----+----+------+
|x|         61|         14|        188|     15959.07000|         14|00:00:06|   NA|  NA|    NA|
|x|          6|         14|        190|     16038.46000|         18|00:00:04|-0.57|0.21|1.4894|
|x|         34|         14|        190|     16026.97667|         22|00:00:04|-0.07|0.29|0.9612|
|x|         31|         14|         18|     16050.74000|         26|00:00:04|-0.13|0.16|1.0183|
|x|         14|         14|        140|     16095.91200|         30|00:00:04|-0.12|0.10|1.0464|
|x|          1|         14|        140|     16069.43333|         34|00:00:04|-0.07|0.11|1.0133|
|x|         25|         14|        140|     16053.86714|         38|00:00:04|-0.06|0.10|1.0015|
|x|         49|         14|        187|     16040.00625|         42|00:00:04|-0.05|0.08|1.0001|
|x|         45|         14|        187|     16025.54111|         46|00:00:04|-0.01|0.10|0.9595|
|=|         28|         14|        187|     16029.73000|         50|00:00:04|-0.01|0.09|0.9585|
|x|         32|         14|        187|     16020.76636|         54|00:00:04|+0.00|0.09|0.9356|
|x|          9|         14|        187|     16029.56667|         58|00:00:04|+0.00|0.09|0.9338|
|x|         58|         14|        187|     16050.60846|         62|00:00:04|-0.01|0.07|0.9467|
|x|         55|         14|         18|     16057.59857|         66|00:00:04|-0.01|0.07|0.9411|
|x|         59|         14|        187|     16053.28667|         70|00:00:04|-0.02|0.05|0.9464|
|x|         21|         14|         18|     16063.89688|         74|00:00:04|-0.03|0.03|0.9619|
|x|         27|         14|        109|     16078.04235|         78|00:00:04|-0.03|0.03|0.9588|
|x|         22|         14|         18|     16067.18667|         82|00:00:04|-0.03|0.03|0.9592|
|x|          2|         14|        109|     16088.37263|         86|00:00:04|-0.03|0.03|0.9610|
|=|          5|         14|         18|     16074.82100|         90|00:00:04|-0.03|0.03|0.9620|
|x|         52|         14|         18|     16081.06857|         94|00:00:04|-0.02|0.02|0.9572|
|x|         10|         14|        109|     16094.70227|         98|00:00:04|-0.03|0.02|0.9588|
|x|         11|         14|         18|     16079.60174|        102|00:00:04|-0.03|0.02|0.9569|
|x|         20|         14|         18|     16074.61917|        106|00:00:04|-0.02|0.02|0.9510|
|x|         33|         14|         18|     16069.13640|        110|00:00:04|-0.02|0.02|0.9485|
|x|         38|         14|         18|     16071.14885|        114|00:00:04|-0.02|0.02|0.9422|
|x|         29|         14|         18|     16071.96148|        118|00:00:04|-0.02|0.02|0.9427|
|x|         19|         14|         45|     16079.59429|        122|00:00:04|-0.02|0.02|0.9443|
|x|         53|         14|         45|     16084.37069|        126|00:00:04|-0.02|0.02|0.9441|
|=|         48|         14|        109|     16088.75333|        130|00:00:04|-0.01|0.02|0.9406|
|x|         60|         14|        109|     16090.41935|        134|00:00:04|-0.01|0.02|0.9400|
|x|         36|         14|         45|     16081.53813|        138|00:00:04|-0.01|0.02|0.9411|
|x|         39|         14|         45|     16081.25545|        142|00:00:04|-0.02|0.01|0.9424|
|x|         50|         14|         45|     16080.60529|        146|00:00:04|-0.01|0.02|0.9421|
|x|         17|         14|         45|     16079.34571|        150|00:00:04|-0.01|0.02|0.9388|
|x|         35|         14|         45|     16081.91722|        154|00:00:04|-0.01|0.02|0.9361|
|x|         24|         14|        109|     16080.02568|        158|00:00:04|-0.00|0.02|0.9358|
|x|         18|         14|        109|     16075.61500|        162|00:00:04|-0.00|0.03|0.9323|
|x|         15|         14|        109|     16075.92897|        166|00:00:04|-0.00|0.02|0.9322|
|=|         47|         14|        109|     16072.09850|        170|00:00:04|+0.00|0.03|0.9295|
|x|         41|         14|        109|     16073.35854|        174|00:00:04|+0.01|0.03|0.9254|
|x|         13|         14|        109|     16074.93881|        178|00:00:04|+0.01|0.03|0.9240|
|x|         54|         14|        109|     16077.88209|        182|00:00:04|+0.00|0.03|0.9263|
|x|          4|         14|        109|     16077.96455|        186|00:00:04|+0.00|0.02|0.9253|
|x|          3|         14|         45|     16081.63556|        190|00:00:04|+0.00|0.03|0.9232|
|x|          8|         14|         45|     16081.45739|        194|00:00:04|+0.00|0.03|0.9240|
|x|         42|         14|         45|     16082.84383|        198|00:00:04|+0.00|0.02|0.9235|
|x|         30|         14|         45|     16083.53208|        202|00:00:04|+0.01|0.03|0.9196|
|x|         37|         14|        109|     16086.77918|        206|00:00:04|+0.01|0.03|0.9207|
|=|         57|         14|        127|     16097.31100|        210|00:00:04|+0.00|0.02|0.9227|
|x|         51|         14|        127|     16097.07608|        214|00:00:04|+0.00|0.02|0.9238|
|x|         44|         14|        127|     16100.99577|        218|00:00:04|-0.00|0.02|0.9271|
|x|         26|         14|        109|     16089.49377|        222|00:00:04|-0.00|0.02|0.9278|
|x|         46|         14|        109|     16088.95444|        226|00:00:04|-0.00|0.01|0.9308|
|x|         43|         14|        109|     16089.02600|        230|00:00:04|-0.00|0.02|0.9300|
|x|         12|         14|        109|     16089.05339|        234|00:00:04|-0.01|0.01|0.9331|
|x|         16|         14|        109|     16090.62123|        238|00:00:04|-0.01|0.01|0.9344|
|x|          7|         14|        109|     16088.16948|        242|00:00:04|-0.01|0.01|0.9330|
|x|         40|         14|        109|     16087.75424|        246|00:00:04|-0.01|0.01|0.9326|
|=|         23|         14|        109|     16087.65950|        250|00:00:04|-0.00|0.01|0.9323|
|x|         56|         14|         45|     16093.88754|        254|00:00:04|-0.01|0.01|0.9343|
|x|         62|         14|        109|     16091.28306|        268|00:00:07|-0.01|0.01|0.9345|
|x|         63|         14|        109|     16090.73063|        282|00:00:07|-0.01|0.01|0.9344|
|x|         64|         14|        109|     16092.80531|        296|00:00:07|-0.01|0.01|0.9350|
|x|         65|         14|        109|     16092.26215|        310|00:00:07|-0.01|0.01|0.9344|
|x|         66|         14|        140|     16096.63045|        324|00:00:07|-0.01|0.01|0.9349|
|x|         67|         14|        127|     16102.96209|        338|00:00:07|-0.01|0.01|0.9348|
|x|         68|         14|        127|     16103.62441|        352|00:00:06|-0.01|0.01|0.9357|
|x|         69|         14|        109|     16096.53159|        366|00:00:07|-0.01|0.01|0.9356|
|=|         70|         14|        109|     16097.29786|        380|00:00:07|-0.01|0.01|0.9355|
+-+-----------+-----------+-----------+----------------+-----------+--------+-----+----+------+
Best-so-far configuration:         109    mean value:      16097.29786
Description of the best-so-far configuration:
    .ID. his_len max_attempts .PARENT.
109  109    5030           72       16

# 2025-12-29 15:58:27 GMT: Elite configurations (first number is the configuration ID; listed from best to worst according to the sum of ranks):
    his_len max_attempts
109    5030           72
127    4641           78
45     2994           93
140    3960           94
4      3607           98
18     3941          125
101    3875           94
108    4114          125
168    4834           75
188    5033           72
# 2025-12-29 15:58:27 GMT: Stopped because there is not enough budget left to race more than the minimum (10).
# You may either increase the budget or set 'minNbSurvival' to a lower value.
# Iteration: 5
# nbIterations: 5
# experimentsUsed: 5970
# timeUsed: 0
# remainingBudget: 30
# currentBudget: 30
# number of elites: 10
# nbConfigurations: 10
# Total CPU user time: 24229.82, CPU sys time: 5795.837, Wall-clock time: 2532.917
# 2025-12-29 15:58:27 GMT: Starting post-selection:
# Configurations selected: 109, 127, 45.
# Pending instances: 0, 0, 0.
# 2025-12-29 15:58:27 GMT: seed: 1462503529
# Configurations: 3
# Available experiments: 30
# minSurvival: 1
# Markers:
     x No test is performed.
     c Configurations are discarded only due to capping.
     - The test is performed and some configurations are discarded.
     = The test is performed but no configuration is discarded.
     ! The test is performed and configurations could be discarded but elite configurations are preserved.
     . All alive configurations are elite and nothing is discarded.

+-+-----------+-----------+-----------+----------------+-----------+--------+-----+----+------+
| |   Instance|      Alive|       Best|       Mean best| Exp so far|  W time|  rho|KenW|  Qvar|
+-+-----------+-----------+-----------+----------------+-----------+--------+-----+----+------+
|.|         28|          3|        127|     15920.22000|          0|00:00:00|   NA|  NA|    NA|
|.|         37|          3|        127|     15922.31500|          0|00:00:00|+1.00|1.00|0.0012|
|.|         48|          3|        127|     15962.93333|          0|00:00:00|+0.67|0.78|0.2300|
|.|         15|          3|        127|     16000.72250|          0|00:00:00|+0.67|0.75|0.1750|
|.|         47|          3|        127|     16013.28600|          0|00:00:00|+0.70|0.76|0.1937|
|.|         60|          3|        127|     16032.26833|          0|00:00:00|+0.20|0.33|0.5452|
|.|         50|          3|        127|     16038.31429|          0|00:00:00|+0.00|0.14|0.6351|
|.|         57|          3|        127|     16048.82500|          0|00:00:00|+0.02|0.14|0.6227|
|.|         14|          3|        127|     16038.90000|          0|00:00:00|+0.06|0.16|0.5808|
|.|         42|          3|        127|     16062.11000|          0|00:00:00|-0.03|0.07|0.6566|
|.|         30|          3|        127|     16052.21000|          0|00:00:00|-0.02|0.07|0.6388|
|.|         41|          3|        127|     16053.26833|          0|00:00:00|+0.01|0.09|0.6136|
|.|         40|          3|        127|     16053.46538|          0|00:00:00|-0.01|0.07|0.6445|
|.|         44|          3|        127|     16071.13929|          0|00:00:00|-0.04|0.04|0.6789|
|.|          2|          3|        127|     16064.50067|          0|00:00:00|-0.06|0.01|0.6975|
|.|         38|          3|        127|     16064.67562|          0|00:00:00|-0.05|0.02|0.6967|
|.|         27|          3|        127|     16064.92353|          0|00:00:00|-0.05|0.01|0.6997|
|.|         66|          3|        127|     16065.26444|          0|00:00:00|-0.05|0.01|0.6960|
|.|         68|          3|        127|     16069.61895|          0|00:00:00|-0.05|0.01|0.6981|
|.|         18|          3|        127|     16074.24200|          0|00:00:00|-0.05|0.00|0.6999|
|.|         32|          3|        127|     16074.08810|          0|00:00:00|-0.04|0.01|0.6947|
|.|         19|          3|        127|     16069.81727|          0|00:00:00|-0.04|0.01|0.6939|
|.|         22|          3|        127|     16073.13783|          0|00:00:00|-0.04|0.01|0.6930|
|.|          1|          3|        127|     16073.20333|          0|00:00:00|-0.04|0.01|0.6891|
|.|         31|          3|        127|     16069.92280|          0|00:00:00|-0.03|0.01|0.6823|
|.|         55|          3|        127|     16086.41500|          0|00:00:00|-0.03|0.01|0.6877|
|.|         62|          3|        127|     16089.69667|          0|00:00:00|-0.03|0.00|0.6867|
|.|         36|          3|        127|     16102.84143|          0|00:00:00|-0.04|0.00|0.6880|
|.|          8|          3|        127|     16102.32931|          0|00:00:00|-0.04|0.00|0.6889|
|.|         67|          3|        127|     16101.14933|          0|00:00:00|-0.03|0.00|0.6856|
|.|         25|          3|        127|     16101.12903|          0|00:00:00|-0.03|0.00|0.6857|
|.|         43|          3|        127|     16099.29219|          0|00:00:00|-0.03|0.00|0.6853|
|.|         10|          3|        127|     16108.23394|          0|00:00:00|-0.03|0.00|0.6866|
|.|         49|          3|        127|     16108.13971|          0|00:00:00|-0.03|0.00|0.6863|
|.|         46|          3|        127|     16109.83629|          0|00:00:00|-0.03|0.00|0.6854|
|.|         53|          3|        127|     16109.23611|          0|00:00:00|-0.03|0.00|0.6830|
|.|         54|          3|        127|     16109.45973|          0|00:00:00|-0.03|0.00|0.6841|
|.|         51|          3|        127|     16108.82474|          0|00:00:00|-0.03|0.00|0.6819|
|.|         35|          3|        127|     16107.51795|          0|00:00:00|-0.02|0.00|0.6794|
|.|         24|          3|        127|     16105.08175|          0|00:00:00|-0.02|0.00|0.6763|
|.|          4|          3|        127|     16104.74122|          0|00:00:00|-0.02|0.00|0.6791|
|.|         56|          3|        127|     16105.58429|          0|00:00:00|-0.02|0.00|0.6807|
|.|         63|          3|        127|     16106.96698|          0|00:00:00|-0.02|0.00|0.6783|
|.|         45|          3|        127|     16107.64523|          0|00:00:00|-0.02|0.00|0.6755|
|.|          9|          3|        127|     16107.40067|          0|00:00:00|-0.02|0.00|0.6757|
|.|         26|          3|        127|     16111.81326|          0|00:00:00|-0.02|0.00|0.6760|
|.|         34|          3|        127|     16113.82170|          0|00:00:00|-0.02|0.01|0.6759|
|.|          3|          3|        127|     16113.14937|          0|00:00:00|-0.02|0.00|0.6778|
|.|         64|          3|        127|     16112.59816|          0|00:00:00|-0.02|0.00|0.6785|
|.|         39|          3|        127|     16111.79520|          0|00:00:00|-0.02|0.00|0.6791|
|.|         13|          3|        127|     16111.10804|          0|00:00:00|-0.02|0.00|0.6796|
|.|         52|          3|        127|     16108.70385|          0|00:00:00|-0.02|0.00|0.6791|
|.|         11|          3|        127|     16106.38302|          0|00:00:00|-0.02|0.00|0.6779|
|.|         58|          3|        127|     16105.50833|          0|00:00:00|-0.02|0.00|0.6773|
|.|         65|          3|        127|     16105.35618|          0|00:00:00|-0.02|0.00|0.6768|
|.|         70|          3|        127|     16105.45732|          0|00:00:00|-0.02|0.00|0.6776|
|.|         29|          3|        127|     16104.80000|          0|00:00:00|-0.02|0.00|0.6780|
|.|          5|          3|        127|     16103.99638|          0|00:00:00|-0.02|0.00|0.6772|
|.|         21|          3|        127|     16103.76763|          0|00:00:00|-0.02|0.00|0.6776|
|.|         12|          3|        127|     16104.29367|          0|00:00:00|-0.02|0.00|0.6774|
|.|          7|          3|        127|     16102.00246|          0|00:00:00|-0.02|0.00|0.6765|
|.|         69|          3|        127|     16103.66694|          0|00:00:00|-0.01|0.00|0.6753|
|.|         33|          3|        127|     16104.68921|          0|00:00:00|-0.01|0.00|0.6759|
|.|         59|          3|        127|     16105.51562|          0|00:00:00|-0.02|0.00|0.6764|
|.|         23|          3|        127|     16104.83431|          0|00:00:00|-0.02|0.00|0.6768|
|.|         20|          3|        127|     16106.07591|          0|00:00:00|-0.02|0.00|0.6769|
|.|         17|          3|        127|     16104.28045|          0|00:00:00|-0.01|0.00|0.6765|
|.|         16|          3|        127|     16104.33559|          0|00:00:00|-0.01|0.00|0.6760|
|.|          6|          3|        127|     16105.70275|          0|00:00:00|-0.01|0.00|0.6760|
|.|         61|          3|        127|     16105.18114|          0|00:00:00|-0.01|0.00|0.6762|
|x|         71|          3|         45|     16100.50338|          3|00:00:04|-0.01|0.00|0.6761|
|x|         72|          3|         45|     16102.38361|          6|00:00:04|-0.01|0.00|0.6758|
|x|         73|          3|        109|     16100.01164|          9|00:00:04|-0.01|0.00|0.6754|
|x|         74|          3|        109|     16100.37014|         12|00:00:04|-0.01|0.00|0.6746|
|x|         75|          3|        127|     16106.45587|         15|00:00:04|-0.01|0.00|0.6747|
|x|         76|          3|        127|     16105.81276|         18|00:00:04|-0.01|0.00|0.6751|
|x|         77|          3|        127|     16105.34961|         21|00:00:04|-0.01|0.00|0.6745|
|x|         78|          3|        127|     16104.83038|         24|00:00:04|-0.01|0.00|0.6749|
|x|         79|          3|        127|     16105.06304|         27|00:00:04|-0.01|0.00|0.6748|
|=|         80|          3|        127|     16104.66825|         30|00:00:04|-0.01|0.00|0.6744|
+-+-----------+-----------+-----------+----------------+-----------+--------+-----+----+------+
Best-so-far configuration:         127    mean value:      16104.66825
Description of the best-so-far configuration:
    .ID. his_len max_attempts .PARENT.
127  127    4641           78       16

# 2025-12-29 15:59:12 GMT: Elite configurations (first number is the configuration ID; listed from best to worst according to the sum of ranks):
    his_len max_attempts
127    4641           78
45     2994           93
109    5030           72
# Total CPU user time: 24346.85, CPU sys time: 5809.358, Wall-clock time: 2577.112
# Best configurations (first number is the configuration ID; listed from best to worst according to the sum of ranks):
    his_len max_attempts
127    4641           78
45     2994           93
109    5030           72
# Best configurations as commandlines (first number is the configuration ID; listed from best to worst according to the sum of ranks):
127 -his_len 4641 -max_attempts 78
45  -his_len 2994 -max_attempts 93
109 -his_len 5030 -max_attempts 72


# Testing of elite configurations: 1 
# Testing iteration configurations: FALSE 
# 2025-12-29 15:59:12 GMT: No test instances, skip testing
