Starting irace...
# 2025-12-29 12:58:58 GMT: Reading parameter file '/gpfs/home/e/exx866/IRACE-b-LAHC/all-instances-rough/F-n140-k5-s5/parameters.txt'.
# 2025-12-29 12:58:59 GMT: Read 1 configuration(s) from file '/gpfs/home/e/exx866/IRACE-b-LAHC/all-instances-rough/F-n140-k5-s5/configurations.txt'
# 2025-12-29 12:58:59 GMT: Initialization
# Elitist race
# Elitist new instances: 1
# Elitist limit: 2
# nbIterations: 3
# minNbSurvival: 10
# nbParameters: 2
# seed: 1132881585
# confidence level: 0.95
# budget: 3500
# mu: 10
# deterministic: FALSE

# 2025-12-29 12:58:59 GMT: Iteration 1 of 3
# experimentsUsed: 0
# remainingBudget: 3500
# currentBudget: 1166
# nbConfigurations: 58
# Markers:
     x No test is performed.
     c Configurations are discarded only due to capping.
     - The test is performed and some configurations are discarded.
     = The test is performed but no configuration is discarded.
     ! The test is performed and configurations could be discarded but elite configurations are preserved.
     . All alive configurations are elite and nothing is discarded.

+-+-----------+-----------+-----------+----------------+-----------+--------+-----+----+------+
| |   Instance|      Alive|       Best|       Mean best| Exp so far|  W time|  rho|KenW|  Qvar|
+-+-----------+-----------+-----------+----------------+-----------+--------+-----+----+------+
|x|          1|         58|         19|     1189.530000|         58|00:00:23|   NA|  NA|    NA|
|x|          2|         58|         26|     1189.540000|        116|00:00:22|+0.55|0.77|0.7499|
|x|          3|         58|         26|     1189.750000|        174|00:00:23|+0.59|0.73|0.5765|
|x|          4|         58|         26|     1190.235000|        232|00:00:22|+0.67|0.75|0.4542|
|x|          5|         58|         19|     1193.926000|        290|00:00:21|+0.57|0.66|0.4838|
|x|          6|         58|         19|     1193.976667|        348|00:00:22|+0.53|0.61|0.5041|
|x|          7|         58|         19|     1193.424286|        406|00:00:22|+0.48|0.55|0.5246|
|x|          8|         58|         19|     1190.100000|        464|00:00:22|+0.46|0.52|0.5430|
|x|          9|         58|         19|     1190.058889|        522|00:00:22|+0.50|0.56|0.5026|
|-|         10|         10|         19|     1190.051000|        580|00:00:22|+0.07|0.16|0.9345|
+-+-----------+-----------+-----------+----------------+-----------+--------+-----+----+------+
Best configuration for the instances in this race: 19
Best-so-far configuration:          50    mean value:      1189.404000
Description of the best-so-far configuration:
   .ID. his_len max_attempts .PARENT.
50   50    1573           24       NA

# 2025-12-29 13:02:43 GMT: Elite configurations (first number is the configuration ID; listed from best to worst according to the sum of ranks):
   his_len max_attempts
50    1573           24
17    2497          156
19     650          109
28    1881          391
45     958          227
26    6806           16
35   12039            8
1     5723           60
39    4652           70
23    3112          297
# 2025-12-29 13:02:43 GMT: Iteration 2 of 3
# experimentsUsed: 580
# remainingBudget: 2920
# currentBudget: 1460
# nbConfigurations: 52
# Markers:
     x No test is performed.
     c Configurations are discarded only due to capping.
     - The test is performed and some configurations are discarded.
     = The test is performed but no configuration is discarded.
     ! The test is performed and configurations could be discarded but elite configurations are preserved.
     . All alive configurations are elite and nothing is discarded.

+-+-----------+-----------+-----------+----------------+-----------+--------+-----+----+------+
| |   Instance|      Alive|       Best|       Mean best| Exp so far|  W time|  rho|KenW|  Qvar|
+-+-----------+-----------+-----------+----------------+-----------+--------+-----+----+------+
|x|         11|         52|         50|     1163.890000|         52|00:00:19|   NA|  NA|    NA|
|x|          6|         52|         50|     1176.720000|         94|00:00:15|+0.11|0.56|0.8627|
|x|          2|         52|         59|     1182.096667|        136|00:00:16|+0.14|0.43|0.9320|
|x|          8|         52|         50|     1176.715000|        178|00:00:16|+0.13|0.35|0.9346|
|x|          9|         52|         50|     1174.738000|        220|00:00:16|+0.16|0.33|0.9126|
|x|          4|         52|         50|     1177.251667|        262|00:00:16|+0.17|0.31|0.8875|
|x|          1|         52|         50|     1183.134286|        304|00:00:15|+0.19|0.31|0.8602|
|x|         10|         52|         67|     1183.877500|        346|00:00:16|+0.21|0.31|0.8428|
|x|          7|         52|         67|     1184.507778|        388|00:00:16|+0.23|0.31|0.8274|
|-|          3|         27|         67|     1185.012000|        430|00:00:16|+0.08|0.17|0.9571|
|x|          5|         27|         67|     1185.488182|        447|00:00:07|+0.06|0.15|0.9542|
|x|         12|         27|         77|     1193.488333|        474|00:00:10|+0.06|0.14|0.9415|
|x|         13|         27|         67|     1186.185385|        501|00:00:11|+0.06|0.13|0.9343|
|x|         14|         27|        100|     1188.575000|        528|00:00:10|+0.08|0.14|0.9256|
|x|         15|         27|        100|     1188.658667|        555|00:00:11|+0.07|0.13|0.9362|
|x|         16|         27|         67|     1187.855000|        582|00:00:11|+0.05|0.11|0.9375|
|x|         17|         27|        100|     1190.088824|        609|00:00:11|+0.06|0.11|0.9281|
|x|         18|         27|        100|     1188.602222|        636|00:00:11|+0.06|0.11|0.9229|
|x|         19|         27|        100|     1188.676316|        663|00:00:11|+0.07|0.12|0.9131|
|-|         20|         20|         97|     1185.810000|        690|00:00:11|-0.01|0.04|0.9674|
|x|         21|         20|         77|     1190.904286|        710|00:00:08|-0.00|0.04|0.9626|
|x|         22|         20|         59|     1186.939091|        730|00:00:08|+0.00|0.05|0.9581|
|x|         23|         20|         77|     1190.792609|        750|00:00:09|+0.01|0.05|0.9534|
|x|         24|         20|         77|     1190.752917|        770|00:00:08|+0.01|0.05|0.9504|
|x|         25|         20|         77|     1190.704400|        790|00:00:09|+0.02|0.06|0.9506|
|x|         26|         20|         59|     1188.502692|        810|00:00:08|+0.01|0.05|0.9508|
|x|         27|         20|         59|     1189.262963|        830|00:00:09|+0.01|0.05|0.9504|
|x|         28|         20|         67|     1187.047857|        850|00:00:09|+0.01|0.05|0.9506|
|x|         29|         20|         97|     1187.902069|        870|00:00:08|+0.01|0.05|0.9504|
|=|         30|         20|         67|     1187.214667|        890|00:00:08|+0.01|0.05|0.9443|
|x|         31|         20|         67|     1187.295484|        910|00:00:08|+0.01|0.04|0.9404|
|x|         32|         20|         67|     1187.372188|        930|00:00:08|+0.01|0.05|0.9351|
|x|         33|         20|         67|     1187.440909|        950|00:00:09|+0.01|0.04|0.9371|
|x|         34|         20|         67|     1187.508824|        970|00:00:08|+0.01|0.04|0.9366|
|x|         35|         20|         67|     1187.572857|        990|00:00:08|+0.02|0.04|0.9346|
|x|         36|         20|         67|     1188.350000|       1010|00:00:08|+0.02|0.05|0.9310|
|x|         37|         20|         67|     1188.389730|       1030|00:00:08|+0.02|0.05|0.9310|
|x|         38|         20|         59|     1189.036579|       1050|00:00:08|+0.02|0.05|0.9295|
|x|         39|         20|         59|     1188.795641|       1070|00:00:08|+0.02|0.05|0.9288|
|-|         40|         16|         59|     1188.820250|       1090|00:00:08|-0.01|0.01|0.9347|
|x|         41|         16|         59|     1188.838049|       1106|00:00:07|-0.01|0.02|0.9340|
|x|         42|         16|         59|     1188.856905|       1122|00:00:07|-0.01|0.02|0.9304|
|x|         43|         16|         59|     1188.879767|       1138|00:00:07|-0.01|0.02|0.9300|
|x|         44|         16|         59|     1188.895000|       1154|00:00:07|-0.00|0.02|0.9312|
|x|         45|         16|         67|     1187.555333|       1170|00:00:07|-0.00|0.02|0.9266|
|x|         46|         16|         59|     1188.457609|       1186|00:00:07|-0.00|0.02|0.9266|
|x|         47|         16|         59|     1188.511277|       1202|00:00:07|-0.00|0.02|0.9252|
|x|         48|         16|         67|     1187.897083|       1218|00:00:07|+0.00|0.02|0.9243|
|x|         49|         16|         67|     1187.934898|       1234|00:00:07|+0.00|0.02|0.9217|
|=|         50|         16|         67|     1188.039800|       1250|00:00:07|+0.00|0.02|0.9187|
|x|         51|         16|         67|     1188.069412|       1266|00:00:07|+0.01|0.03|0.9194|
|x|         52|         16|         59|     1188.408077|       1282|00:00:07|+0.01|0.03|0.9184|
|x|         53|         16|         59|     1188.428113|       1298|00:00:07|+0.01|0.03|0.9133|
|x|         54|         16|         59|     1188.035185|       1314|00:00:07|+0.01|0.03|0.9160|
|x|         55|         16|         59|     1188.067455|       1330|00:00:07|+0.01|0.03|0.9121|
|x|         56|         16|         59|     1188.100000|       1346|00:00:07|+0.01|0.03|0.9096|
|x|         57|         16|         59|     1188.195439|       1362|00:00:07|+0.01|0.03|0.9085|
|x|         58|         16|         59|     1188.218793|       1378|00:00:07|+0.01|0.03|0.9086|
|x|         59|         16|         59|     1188.242881|       1394|00:00:07|+0.01|0.03|0.9082|
|=|         60|         16|         59|     1187.886000|       1410|00:00:07|+0.01|0.03|0.9074|
+-+-----------+-----------+-----------+----------------+-----------+--------+-----+----+------+
Best-so-far configuration:          59    mean value:      1187.886000
Description of the best-so-far configuration:
   .ID. his_len max_attempts .PARENT.
59   59     391          108       19

# 2025-12-29 13:12:44 GMT: Elite configurations (first number is the configuration ID; listed from best to worst according to the sum of ranks):
    his_len max_attempts
59      391          108
67      798           63
100    1071           66
86      880           69
89      765           70
50     1573           24
19      650          109
97     2327           60
60     1891           55
92      977           88
# 2025-12-29 13:12:44 GMT: Iteration 3 of 3
# experimentsUsed: 1990
# remainingBudget: 1510
# currentBudget: 1510
# nbConfigurations: 30
# Markers:
     x No test is performed.
     c Configurations are discarded only due to capping.
     - The test is performed and some configurations are discarded.
     = The test is performed but no configuration is discarded.
     ! The test is performed and configurations could be discarded but elite configurations are preserved.
     . All alive configurations are elite and nothing is discarded.

+-+-----------+-----------+-----------+----------------+-----------+--------+-----+----+------+
| |   Instance|      Alive|       Best|       Mean best| Exp so far|  W time|  rho|KenW|  Qvar|
+-+-----------+-----------+-----------+----------------+-----------+--------+-----+----+------+
|x|         61|         30|         67|     1163.360000|         30|00:00:11|   NA|  NA|    NA|
|x|          4|         30|        115|     1165.405000|         50|00:00:08|-0.07|0.47|0.7163|
|x|         37|         30|        115|     1173.533333|         70|00:00:08|+0.05|0.37|0.8167|
|x|         36|         30|        115|     1177.532500|         90|00:00:08|+0.02|0.26|0.9544|
|x|         41|         30|        116|     1185.134000|        110|00:00:09|+0.01|0.20|0.9429|
|x|          5|         30|        113|     1194.460000|        130|00:00:08|-0.02|0.15|0.9676|
|x|         22|         30|        101|     1182.755714|        150|00:00:08|+0.00|0.15|0.9403|
|x|         43|         30|        101|     1183.636250|        170|00:00:09|-0.03|0.10|0.9554|
|x|         29|         30|         59|     1185.303333|        190|00:00:08|-0.04|0.08|0.9866|
|=|         15|         30|         59|     1185.766000|        210|00:00:08|-0.04|0.06|0.9834|
|x|         51|         30|         59|     1185.000000|        230|00:00:08|-0.03|0.06|0.9796|
|x|         17|         30|         59|     1185.389167|        250|00:00:08|-0.02|0.06|0.9637|
|x|         55|         30|         59|     1185.729231|        270|00:00:08|-0.02|0.06|0.9496|
|x|         30|         30|         59|     1186.027143|        290|00:00:09|-0.01|0.06|0.9599|
|x|         59|         30|         59|     1186.268000|        310|00:00:08|+0.00|0.07|0.9457|
|x|         57|         30|        116|     1184.865000|        330|00:00:09|-0.00|0.06|0.9418|
|x|         45|         30|        116|     1183.613529|        350|00:00:08|+0.00|0.06|0.9358|
|x|         20|         30|        116|     1182.687778|        370|00:00:08|-0.01|0.05|0.9462|
|x|          2|         30|         59|     1183.645263|        390|00:00:09|-0.01|0.05|0.9468|
|=|         56|         30|        116|     1183.398500|        410|00:00:08|+0.00|0.05|0.9401|
|x|          9|         30|        116|     1183.700952|        430|00:00:08|-0.00|0.04|0.9442|
|x|         42|         30|        116|     1183.970909|        450|00:00:08|-0.00|0.04|0.9448|
|x|          8|         30|        116|     1183.073478|        470|00:00:08|+0.00|0.04|0.9415|
|x|         58|         30|        116|     1183.343333|        490|00:00:08|+0.00|0.05|0.9424|
|x|         50|         30|        116|     1183.594800|        510|00:00:09|+0.01|0.04|0.9444|
|x|         60|         30|        116|     1182.968462|        530|00:00:08|+0.01|0.05|0.9367|
|x|         26|         30|        116|     1183.242963|        550|00:00:08|+0.01|0.05|0.9367|
|x|         53|         30|        116|     1183.513929|        570|00:00:09|+0.01|0.05|0.9343|
|x|          6|         30|         59|     1184.941724|        590|00:00:08|+0.01|0.05|0.9329|
|-|         10|         23|        116|     1183.048333|        610|00:00:08|-0.01|0.03|0.9488|
|x|         46|         23|        116|     1183.258065|        623|00:00:06|-0.00|0.03|0.9489|
|x|         54|         23|        116|     1182.671250|        636|00:00:06|-0.00|0.03|0.9512|
|x|         21|         23|        116|     1182.886970|        649|00:00:06|-0.00|0.03|0.9493|
|x|         16|         23|        116|     1183.087059|        662|00:00:06|+0.00|0.03|0.9499|
|x|         49|         23|        116|     1183.276571|        675|00:00:06|+0.00|0.03|0.9479|
|x|         47|         23|        119|     1183.689167|        688|00:00:06|+0.00|0.03|0.9477|
|x|          7|         23|        119|     1183.857027|        701|00:00:06|+0.00|0.03|0.9487|
|x|         44|         23|        119|     1184.009211|        714|00:00:06|+0.01|0.03|0.9455|
|x|         18|         23|        116|     1184.013333|        727|00:00:06|+0.00|0.03|0.9498|
|=|         13|         23|        116|     1184.227250|        740|00:00:06|+0.00|0.03|0.9520|
|x|         28|         23|        119|     1183.348780|        753|00:00:06|+0.00|0.03|0.9495|
|x|         12|         23|        116|     1184.487143|        766|00:00:06|+0.01|0.03|0.9487|
|x|         32|         23|        119|     1183.649767|        779|00:00:06|+0.01|0.03|0.9474|
|x|         38|         23|        116|     1184.148864|        792|00:00:06|+0.01|0.03|0.9464|
|x|          3|         23|        116|     1184.283556|        805|00:00:06|+0.01|0.03|0.9444|
|x|         31|         23|        116|     1183.919783|        818|00:00:06|+0.01|0.03|0.9399|
|x|         34|         23|        116|     1184.047234|        831|00:00:06|+0.01|0.03|0.9415|
|x|         19|         23|        115|     1185.757292|        844|00:00:06|+0.01|0.03|0.9414|
|x|         33|         23|        115|     1185.847347|        857|00:00:06|+0.00|0.03|0.9424|
|=|         48|         23|        115|     1185.922800|        870|00:00:06|+0.01|0.03|0.9403|
|x|         35|         23|        116|     1184.496471|        883|00:00:06|+0.01|0.03|0.9399|
|x|         27|         23|        116|     1184.593654|        896|00:00:06|+0.01|0.03|0.9408|
|x|         14|         23|        115|     1186.138491|        909|00:00:06|+0.01|0.02|0.9416|
|x|         23|         23|        116|     1184.788333|        922|00:00:06|+0.00|0.02|0.9427|
|x|         25|         23|        111|     1185.876545|        935|00:00:06|+0.00|0.02|0.9424|
|x|         40|         23|        115|     1186.389821|        948|00:00:06|+0.01|0.02|0.9403|
|x|         11|         23|        116|     1184.591228|        961|00:00:06|+0.01|0.02|0.9414|
|x|         24|         23|        116|     1184.226207|        974|00:00:06|+0.01|0.03|0.9396|
|x|         52|         23|        115|     1186.108983|        987|00:00:06|+0.01|0.03|0.9388|
|=|          1|         23|        115|     1186.170833|       1000|00:00:06|+0.01|0.02|0.9395|
|x|         39|         23|        115|     1186.226230|       1013|00:00:06|+0.01|0.02|0.9405|
|x|         62|         23|        115|     1186.286613|       1036|00:00:09|+0.01|0.02|0.9419|
|x|         63|         23|        115|     1186.400317|       1059|00:00:09|+0.01|0.02|0.9423|
|x|         64|         23|        115|     1186.045781|       1082|00:00:09|+0.01|0.02|0.9415|
|x|         65|         23|        115|     1186.104000|       1105|00:00:09|+0.01|0.02|0.9428|
|x|         66|         23|        115|     1186.156212|       1128|00:00:10|+0.01|0.02|0.9436|
|x|         67|         23|        115|     1186.208209|       1151|00:00:10|+0.01|0.02|0.9438|
|x|         68|         23|        119|     1185.333088|       1174|00:00:09|+0.01|0.02|0.9414|
|x|         69|         23|        119|     1185.411014|       1197|00:00:09|+0.01|0.02|0.9409|
|-|         70|         17|        119|     1185.470143|       1220|00:00:09|-0.01|0.01|0.9446|
|x|         71|         17|        119|     1185.535070|       1237|00:00:07|-0.01|0.01|0.9450|
|x|         72|         17|        119|     1185.233194|       1254|00:00:07|-0.01|0.01|0.9443|
|x|         73|         17|        116|     1184.589726|       1271|00:00:07|-0.01|0.01|0.9434|
|x|         74|         17|        119|     1185.357432|       1288|00:00:07|-0.00|0.01|0.9424|
|x|         75|         17|        116|     1184.446800|       1305|00:00:07|-0.00|0.01|0.9415|
|x|         76|         17|        119|     1185.128816|       1322|00:00:07|-0.00|0.01|0.9416|
|x|         77|         17|        119|     1185.187403|       1339|00:00:07|-0.00|0.01|0.9412|
|x|         78|         17|        119|     1185.242564|       1356|00:00:07|-0.00|0.01|0.9400|
|x|         79|         17|        119|     1185.300506|       1373|00:00:07|-0.00|0.01|0.9389|
|=|         80|         17|        119|     1185.145750|       1390|00:00:07|-0.00|0.01|0.9381|
+-+-----------+-----------+-----------+----------------+-----------+--------+-----+----+------+
Best-so-far configuration:         119    mean value:      1185.145750
Description of the best-so-far configuration:
    .ID. his_len max_attempts .PARENT.
119  119     374           65       67

# 2025-12-29 13:23:17 GMT: Elite configurations (first number is the configuration ID; listed from best to worst according to the sum of ranks):
    his_len max_attempts
119     374           65
116     330          104
117     314          119
115    1239           54
107     865           65
118     684           70
59      391          108
120     892           76
111     444          115
67      798           63
# 2025-12-29 13:23:17 GMT: Iteration 4 of 4
# experimentsUsed: 3380
# remainingBudget: 120
# currentBudget: 120
# nbConfigurations: 11
# Markers:
     x No test is performed.
     c Configurations are discarded only due to capping.
     - The test is performed and some configurations are discarded.
     = The test is performed but no configuration is discarded.
     ! The test is performed and configurations could be discarded but elite configurations are preserved.
     . All alive configurations are elite and nothing is discarded.

+-+-----------+-----------+-----------+----------------+-----------+--------+-----+----+------+
| |   Instance|      Alive|       Best|       Mean best| Exp so far|  W time|  rho|KenW|  Qvar|
+-+-----------+-----------+-----------+----------------+-----------+--------+-----+----+------+
|x|         17|         11|        117|     1166.910000|          1|00:00:03|   NA|  NA|    NA|
|x|         24|         11|        116|     1176.475000|          2|00:00:03|-0.02|0.49|0.9156|
|x|         48|         11|        117|     1173.390000|          3|00:00:03|+0.01|0.34|0.9072|
|x|         26|         11|        117|     1177.415000|          4|00:00:03|+0.11|0.33|0.9346|
|x|         16|         11|        117|     1180.648000|          5|00:00:03|+0.03|0.22|0.9504|
|x|         63|         11|        117|     1182.171667|          6|00:00:03|-0.05|0.13|0.9640|
|x|         38|         11|        117|     1179.528571|          7|00:00:03|+0.01|0.15|0.9325|
|x|         66|         11|        117|     1180.777500|          8|00:00:03|+0.02|0.14|0.9147|
|x|         71|         11|        117|     1183.575556|          9|00:00:03|-0.01|0.10|0.9318|
|=|         64|         11|        117|     1181.939000|         10|00:00:03|-0.01|0.09|0.9127|
|x|         19|         11|        117|     1180.255455|         11|00:00:03|+0.00|0.09|0.9019|
|x|         15|         11|        117|     1179.136667|         12|00:00:03|+0.00|0.09|0.8754|
|x|         70|         11|        117|     1179.966923|         13|00:00:03|-0.02|0.06|0.8888|
|x|         80|         11|        117|     1178.935714|         14|00:00:03|-0.01|0.06|0.8817|
|x|         28|         11|        117|     1179.649333|         15|00:00:03|-0.01|0.06|0.8797|
|x|         29|         11|        117|     1180.305000|         16|00:00:03|-0.02|0.04|0.8754|
|x|         41|         11|        117|     1180.865294|         17|00:00:03|-0.02|0.04|0.8732|
|x|         27|         11|        116|     1184.366667|         18|00:00:03|-0.02|0.04|0.8974|
|x|         62|         11|        117|     1182.827368|         19|00:00:03|-0.02|0.04|0.8958|
|=|          3|         11|        116|     1184.928000|         20|00:00:03|-0.02|0.03|0.9028|
|x|         61|         11|        116|     1185.148095|         21|00:00:03|-0.02|0.03|0.9108|
|x|         67|         11|        116|     1184.315455|         22|00:00:03|-0.03|0.02|0.9092|
|x|          9|         11|        116|     1184.551739|         23|00:00:03|-0.03|0.02|0.9131|
|x|         21|         11|        116|     1184.770000|         24|00:00:03|-0.03|0.01|0.9167|
|x|          5|         11|        116|     1184.968000|         25|00:00:03|-0.03|0.01|0.9223|
|x|         14|         11|        115|     1186.495769|         26|00:00:03|-0.03|0.00|0.9271|
|x|         51|         11|        116|     1184.492963|         27|00:00:03|-0.03|0.01|0.9227|
|x|         52|         11|        115|     1185.780714|         28|00:00:03|-0.03|0.01|0.9174|
|x|         57|         11|        116|     1183.952069|         29|00:00:03|-0.02|0.01|0.9104|
|=|          8|         11|        116|     1183.264667|         30|00:00:03|-0.01|0.02|0.9055|
|x|         79|         11|        116|     1183.473871|         31|00:00:03|-0.02|0.02|0.9073|
|x|          1|         11|        116|     1183.675000|         32|00:00:03|-0.02|0.01|0.9076|
|x|         73|         11|        116|     1183.363333|         33|00:00:03|-0.01|0.02|0.9022|
|x|          6|         11|        116|     1183.548235|         34|00:00:03|-0.01|0.02|0.9052|
|x|         78|         11|        116|     1183.070571|         35|00:00:03|-0.01|0.02|0.9050|
|x|         12|         11|        116|     1183.258056|         36|00:00:03|-0.00|0.02|0.9022|
|x|         75|         11|        116|     1182.854054|         37|00:00:03|-0.00|0.02|0.8982|
|x|         18|         11|        116|     1182.340263|         38|00:00:03|+0.00|0.03|0.8955|
|x|         30|         11|        116|     1181.944615|         39|00:00:03|-0.00|0.02|0.8979|
|=|         10|         11|        116|     1181.481250|         40|00:00:03|-0.00|0.02|0.8984|
|x|         37|         11|        116|     1181.685366|         41|00:00:03|-0.00|0.02|0.8993|
|x|         25|         11|        116|     1181.881190|         42|00:00:02|-0.00|0.02|0.8993|
|x|         72|         11|        116|     1182.059535|         43|00:00:03|-0.00|0.02|0.8986|
|x|         20|         11|        116|     1181.716136|         44|00:00:03|-0.00|0.02|0.8970|
|x|         47|         11|        116|     1182.539111|         45|00:00:03|-0.01|0.02|0.9016|
|x|         55|         11|        116|     1182.697826|         46|00:00:03|-0.01|0.01|0.9048|
|x|         54|         11|        116|     1182.310213|         47|00:00:03|-0.01|0.01|0.9059|
|x|         56|         11|        116|     1182.465625|         48|00:00:03|-0.01|0.01|0.9047|
|x|         53|         11|        116|     1182.636327|         49|00:00:03|-0.01|0.01|0.9066|
|=|         42|         11|        116|     1182.776400|         50|00:00:03|-0.01|0.01|0.9064|
|x|         11|         11|        116|     1182.909216|         51|00:00:03|-0.01|0.01|0.9065|
|x|         23|         11|        116|     1183.041731|         52|00:00:03|-0.01|0.01|0.9066|
|x|         35|         11|        116|     1183.163396|         53|00:00:03|-0.01|0.01|0.9043|
|x|         43|         11|        116|     1183.590185|         54|00:00:03|-0.01|0.01|0.9053|
|x|         39|         11|        116|     1183.702182|         55|00:00:03|-0.01|0.01|0.9063|
|x|         40|         11|        116|     1183.344464|         56|00:00:03|-0.01|0.01|0.9045|
|x|         60|         11|        116|     1183.063158|         57|00:00:03|-0.01|0.01|0.9033|
|x|         49|         11|        116|     1183.177931|         58|00:00:03|-0.01|0.01|0.9007|
|x|         50|         11|        116|     1183.287288|         59|00:00:03|-0.00|0.01|0.9012|
|=|         74|         11|        116|     1183.401667|         60|00:00:03|-0.00|0.01|0.8986|
|x|         77|         11|        116|     1183.502459|         61|00:00:03|-0.00|0.01|0.8971|
|x|         31|         11|        116|     1183.245161|         62|00:00:03|-0.00|0.01|0.8972|
|x|         59|         11|        116|     1183.347778|         63|00:00:03|-0.00|0.01|0.9003|
|x|         44|         11|        116|     1183.445937|         64|00:00:03|-0.00|0.01|0.9020|
|x|         46|         11|        116|     1183.539846|         65|00:00:03|+0.00|0.02|0.9002|
|x|         65|         11|        116|     1183.715455|         66|00:00:03|-0.00|0.01|0.9021|
|x|         34|         11|        116|     1183.807910|         67|00:00:03|-0.00|0.01|0.9035|
|x|          4|         11|        116|     1183.892353|         68|00:00:03|-0.00|0.01|0.9023|
|x|         33|         11|        116|     1183.979275|         69|00:00:03|-0.00|0.01|0.9034|
|=|         32|         11|        116|     1184.068143|         70|00:00:03|-0.00|0.01|0.9050|
|x|         76|         11|        116|     1184.151831|         71|00:00:03|-0.00|0.01|0.9056|
|x|          7|         11|        116|     1184.234861|         72|00:00:03|-0.00|0.01|0.9049|
|x|         22|         11|        119|     1184.689726|         73|00:00:03|-0.01|0.01|0.9047|
|x|         13|         11|        119|     1184.756622|         74|00:00:03|-0.01|0.01|0.9043|
|x|          2|         11|        119|     1184.821733|         75|00:00:03|-0.01|0.01|0.9065|
|x|         58|         11|        119|     1184.889211|         76|00:00:03|-0.01|0.01|0.9063|
|x|         68|         11|        119|     1184.950909|         77|00:00:03|-0.01|0.01|0.9048|
|x|         69|         11|        119|     1185.024744|         78|00:00:03|-0.01|0.01|0.9056|
|x|         45|         11|        116|     1184.426582|         79|00:00:03|-0.01|0.01|0.9045|
|=|         36|         11|        119|     1185.145750|         80|00:00:03|-0.01|0.01|0.9057|
+-+-----------+-----------+-----------+----------------+-----------+--------+-----+----+------+
Best-so-far configuration:         119    mean value:      1185.145750
Description of the best-so-far configuration:
    .ID. his_len max_attempts .PARENT.
119  119     374           65       67

# 2025-12-29 13:27:27 GMT: Elite configurations (first number is the configuration ID; listed from best to worst according to the sum of ranks):
    his_len max_attempts
119     374           65
116     330          104
117     314          119
115    1239           54
59      391          108
118     684           70
107     865           65
120     892           76
67      798           63
111     444          115
# 2025-12-29 13:27:27 GMT: Stopped because there is not enough budget left to race more than the minimum (10).
# You may either increase the budget or set 'minNbSurvival' to a lower value.
# Iteration: 5
# nbIterations: 5
# experimentsUsed: 3460
# timeUsed: 0
# remainingBudget: 40
# currentBudget: 40
# number of elites: 10
# nbConfigurations: 10
# Total CPU user time: 10678.79, CPU sys time: 3150.404, Wall-clock time: 1708.215
# Best configurations (first number is the configuration ID; listed from best to worst according to the sum of ranks):
    his_len max_attempts
119     374           65
116     330          104
117     314          119
115    1239           54
59      391          108
118     684           70
107     865           65
120     892           76
67      798           63
111     444          115
# Best configurations as commandlines (first number is the configuration ID; listed from best to worst according to the sum of ranks):
119 -his_len 374 -max_attempts 65
116 -his_len 330 -max_attempts 104
117 -his_len 314 -max_attempts 119
115 -his_len 1239 -max_attempts 54
59  -his_len 391 -max_attempts 108
118 -his_len 684 -max_attempts 70
107 -his_len 865 -max_attempts 65
120 -his_len 892 -max_attempts 76
67  -his_len 798 -max_attempts 63
111 -his_len 444 -max_attempts 115


# Testing of elite configurations: 1 
# Testing iteration configurations: FALSE 
# 2025-12-29 13:27:27 GMT: No test instances, skip testing
