Starting irace...
# 2025-12-26 13:34:56 GMT: Reading parameter file '/gpfs/home/e/exx866/IRACE-b-LAHC/all-instances-rough/M-n110-k10-s9/parameters.txt'.
# 2025-12-26 13:34:57 GMT: Read 1 configuration(s) from file '/gpfs/home/e/exx866/IRACE-b-LAHC/all-instances-rough/M-n110-k10-s9/configurations.txt'
# 2025-12-26 13:34:57 GMT: Initialization
# Elitist race
# Elitist new instances: 1
# Elitist limit: 2
# nbIterations: 3
# minNbSurvival: 10
# nbParameters: 2
# seed: 1934583944
# confidence level: 0.95
# budget: 3500
# mu: 10
# deterministic: FALSE

# 2025-12-26 13:34:57 GMT: Iteration 1 of 3
# experimentsUsed: 0
# remainingBudget: 3500
# currentBudget: 1166
# nbConfigurations: 58
# Markers:
     x No test is performed.
     c Configurations are discarded only due to capping.
     - The test is performed and some configurations are discarded.
     = The test is performed but no configuration is discarded.
     ! The test is performed and configurations could be discarded but elite configurations are preserved.
     . All alive configurations are elite and nothing is discarded.

+-+-----------+-----------+-----------+----------------+-----------+--------+-----+----+------+
| |   Instance|      Alive|       Best|       Mean best| Exp so far|  W time|  rho|KenW|  Qvar|
+-+-----------+-----------+-----------+----------------+-----------+--------+-----+----+------+
|x|          1|         58|          1|     828.5600000|         58|00:00:54|   NA|  NA|    NA|
|x|          2|         58|          1|     828.5600000|        116|00:00:43|+0.91|0.96|0.0576|
|x|          3|         58|          1|     828.5600000|        174|00:00:42|+0.94|0.96|0.0378|
|x|          4|         58|          1|     828.5600000|        232|00:00:42|+0.93|0.94|0.0468|
|x|          5|         58|          1|     828.5600000|        290|00:00:41|+0.93|0.95|0.0400|
|x|          6|         58|          1|     828.5600000|        348|00:00:42|+0.93|0.94|0.0411|
|x|          7|         58|          1|     828.5600000|        406|00:00:42|+0.93|0.94|0.0379|
|x|          8|         58|         10|     828.5600000|        464|00:00:41|+0.94|0.95|0.0361|
|x|          9|         58|         10|     828.5600000|        522|00:00:41|+0.94|0.95|0.0337|
|-|         10|         13|         10|     828.5600000|        580|00:00:41|+0.28|0.36|0.3661|
|x|         11|         13|         10|     828.5600000|        593|00:00:15|+0.22|0.29|0.4351|
|x|         12|         13|         10|     828.5600000|        606|00:00:16|+0.20|0.26|0.4046|
|x|         13|         13|         10|     828.5600000|        619|00:00:15|+0.20|0.27|0.4229|
|x|         14|         13|         10|     828.5600000|        632|00:00:11|+0.19|0.25|0.3980|
|x|         15|         13|         10|     828.5600000|        645|00:00:13|+0.18|0.23|0.3757|
|x|         16|         13|         10|     828.5600000|        658|00:00:13|+0.16|0.22|0.3557|
|x|         17|         13|         10|     828.5600000|        671|00:00:13|+0.17|0.22|0.3763|
|x|         18|         13|         10|     828.5600000|        684|00:00:14|+0.19|0.24|0.3846|
|x|         19|         13|         10|     828.5600000|        697|00:00:13|+0.18|0.23|0.3684|
|-|         20|          9|         10|     828.5600000|        710|00:00:14|-0.01|0.04|0.1351|
+-+-----------+-----------+-----------+----------------+-----------+--------+-----+----+------+
Best-so-far configuration:          10    mean value:      828.5600000
Description of the best-so-far configuration:
   .ID. his_len max_attempts .PARENT.
10   10    8056            4       NA

# 2025-12-26 13:44:34 GMT: Elite configurations (first number is the configuration ID; listed from best to worst according to the sum of ranks):
   his_len max_attempts
10    8056            4
14     668          191
20    2515           50
45     976           74
51     360          339
57    2823           27
30    1283          457
46   13289           11
58    1591          183
# 2025-12-26 13:44:34 GMT: Iteration 2 of 3
# experimentsUsed: 710
# remainingBudget: 2790
# currentBudget: 1395
# nbConfigurations: 52
# Markers:
     x No test is performed.
     c Configurations are discarded only due to capping.
     - The test is performed and some configurations are discarded.
     = The test is performed but no configuration is discarded.
     ! The test is performed and configurations could be discarded but elite configurations are preserved.
     . All alive configurations are elite and nothing is discarded.

+-+-----------+-----------+-----------+----------------+-----------+--------+-----+----+------+
| |   Instance|      Alive|       Best|       Mean best| Exp so far|  W time|  rho|KenW|  Qvar|
+-+-----------+-----------+-----------+----------------+-----------+--------+-----+----+------+
|x|         21|         52|         10|     828.5600000|         52|00:00:30|   NA|  NA|    NA|
|x|         13|         52|         10|     828.5600000|         95|00:00:23|+0.77|0.89|0.0531|
|x|         19|         52|         10|     828.5600000|        138|00:00:23|+0.61|0.74|0.0536|
|x|         20|         52|         10|     828.5600000|        181|00:00:24|+0.71|0.78|0.0453|
|x|          6|         52|         10|     828.5600000|        224|00:00:24|+0.66|0.73|0.0466|
|x|          5|         52|         10|     828.5600000|        267|00:00:24|+0.70|0.75|0.0399|
|x|          8|         52|         10|     828.5600000|        310|00:00:23|+0.72|0.76|0.0438|
|x|          7|         52|         10|     828.5600000|        353|00:00:22|+0.71|0.74|0.0524|
|x|         12|         52|         10|     828.5600000|        396|00:00:21|+0.72|0.75|0.0494|
|-|          2|         41|         10|     828.5600000|        439|00:00:22|-0.01|0.09|0.2945|
|x|         16|         41|         10|     828.5600000|        471|00:00:16|-0.01|0.09|0.2676|
|x|          3|         41|         10|     828.5600000|        503|00:00:15|-0.01|0.08|0.2452|
|x|          4|         41|         10|     828.5600000|        535|00:00:16|-0.01|0.07|0.2262|
|x|          1|         41|         10|     828.5600000|        567|00:00:17|-0.00|0.07|0.2100|
|x|         14|         41|         10|     828.5600000|        599|00:00:17|-0.01|0.06|0.2620|
|x|         18|         41|         10|     828.5600000|        631|00:00:15|-0.01|0.06|0.2455|
|x|         15|         41|         10|     828.5600000|        663|00:00:17|+0.01|0.07|0.2819|
|x|         11|         41|         10|     828.5600000|        695|00:00:17|+0.01|0.06|0.3216|
|x|         17|         41|         10|     828.5600000|        727|00:00:15|+0.00|0.05|0.3572|
|=|          9|         41|         10|     828.5600000|        759|00:00:18|+0.00|0.05|0.3394|
|x|         10|         41|         10|     828.5600000|        791|00:00:17|-0.00|0.05|0.3710|
|x|         22|         41|         10|     828.5600000|        832|00:00:20|-0.00|0.04|0.3542|
|x|         23|         41|         10|     828.5600000|        873|00:00:21|-0.00|0.04|0.3388|
|x|         24|         41|         10|     828.5600000|        914|00:00:20|-0.00|0.04|0.3247|
|x|         25|         41|         10|     828.5600000|        955|00:00:30|-0.00|0.04|0.3118|
|x|         26|         41|         10|     828.5600000|        996|00:00:27|-0.00|0.03|0.3380|
|x|         27|         41|         10|     828.5600000|       1037|00:00:27|+0.01|0.05|0.3592|
|x|         28|         41|         10|     828.5600000|       1078|00:00:27|+0.01|0.04|0.3819|
|x|         29|         41|         10|     828.5600000|       1119|00:00:26|+0.01|0.04|0.3687|
|-|         30|         35|         10|     828.5600000|       1160|00:00:27|-0.00|0.03|0.1627|
+-+-----------+-----------+-----------+----------------+-----------+--------+-----+----+------+
Best-so-far configuration:          10    mean value:      828.5600000
Description of the best-so-far configuration:
   .ID. his_len max_attempts .PARENT.
10   10    8056            4       NA

# 2025-12-26 13:55:32 GMT: Elite configurations (first number is the configuration ID; listed from best to worst according to the sum of ranks):
   his_len max_attempts
10    8056            4
14     668          191
20    2515           50
45     976           74
51     360          339
57    2823           27
59    1718          167
61    7929           10
62     984           79
63     509           98
# 2025-12-26 13:55:32 GMT: Iteration 3 of 3
# experimentsUsed: 1870
# remainingBudget: 1630
# currentBudget: 1630
# nbConfigurations: 48
# Markers:
     x No test is performed.
     c Configurations are discarded only due to capping.
     - The test is performed and some configurations are discarded.
     = The test is performed but no configuration is discarded.
     ! The test is performed and configurations could be discarded but elite configurations are preserved.
     . All alive configurations are elite and nothing is discarded.

+-+-----------+-----------+-----------+----------------+-----------+--------+-----+----+------+
| |   Instance|      Alive|       Best|       Mean best| Exp so far|  W time|  rho|KenW|  Qvar|
+-+-----------+-----------+-----------+----------------+-----------+--------+-----+----+------+
|x|         31|         48|         10|     828.5600000|         48|00:00:30|   NA|  NA|    NA|
|x|         12|         48|         10|     828.5600000|         86|00:00:25|+1.00|1.00|0.0000|
|x|         21|         48|         10|     828.5600000|        124|00:00:25|+1.00|1.00|0.0000|
|x|         26|         48|         10|     828.5600000|        162|00:00:24|+1.00|1.00|0.0000|
|x|         16|         48|         10|     828.5600000|        200|00:00:20|+0.00|0.20|0.1958|
|x|         20|         48|         10|     828.5600000|        238|00:00:21|+0.00|0.17|0.1632|
|x|          8|         48|         10|     828.5600000|        276|00:00:23|-0.00|0.14|0.2808|
|x|         24|         48|         10|     828.5600000|        314|00:00:22|-0.00|0.12|0.2455|
|x|         27|         48|         10|     828.5600000|        352|00:00:21|-0.00|0.11|0.2182|
|=|          5|         48|         10|     828.5600000|        390|00:00:20|-0.00|0.10|0.1963|
|x|          9|         48|         10|     828.5600000|        428|00:00:21|-0.00|0.09|0.1784|
|x|          2|         48|         10|     828.5600000|        466|00:00:21|-0.00|0.08|0.1635|
|x|         28|         48|         10|     828.5600000|        504|00:00:22|-0.00|0.08|0.1509|
|x|          3|         48|         10|     828.5600000|        542|00:00:22|-0.00|0.07|0.1401|
|x|          6|         48|         10|     828.5600000|        580|00:00:21|-0.00|0.07|0.1308|
|x|         18|         48|         10|     828.5600000|        618|00:00:20|-0.00|0.06|0.1841|
|x|          1|         48|         10|     828.5600000|        656|00:00:20|+0.03|0.09|0.2240|
|x|         19|         48|         10|     828.5600000|        694|00:00:21|+0.03|0.08|0.2119|
|x|          7|         48|         10|     828.5600000|        732|00:00:21|+0.02|0.08|0.2010|
|-|         17|         45|         10|     828.5600000|        770|00:00:23|+1.00|1.00|0.0000|
|x|         11|         45|         10|     828.5600000|        805|00:00:21|+0.00|0.05|0.0466|
|x|         14|         45|         10|     828.5600000|        840|00:00:17|+0.00|0.05|0.0444|
|x|         29|         45|         10|     828.5600000|        875|00:00:18|+0.00|0.04|0.0425|
|x|         15|         45|         10|     828.5600000|        910|00:00:17|+0.00|0.04|0.0407|
|x|         30|         45|         10|     828.5600000|        945|00:00:19|+0.00|0.04|0.0391|
|x|         22|         45|         10|     828.5600000|        980|00:00:19|+0.00|0.04|0.0376|
|x|         10|         45|         10|     828.5600000|       1015|00:00:19|+0.00|0.04|0.0362|
|x|          4|         45|         10|     828.5600000|       1050|00:00:18|+0.00|0.04|0.0349|
|x|         13|         45|         10|     828.5600000|       1085|00:00:17|-0.00|0.03|0.0675|
|=|         23|         45|         10|     828.5600000|       1120|00:00:16|-0.00|0.03|0.0652|
|x|         25|         45|         10|     828.5600000|       1155|00:00:20|-0.00|0.03|0.0631|
|x|         32|         45|         10|     828.5600000|       1200|00:00:22|-0.00|0.03|0.0612|
|x|         33|         45|         10|     828.5600000|       1245|00:00:23|-0.00|0.03|0.0593|
|x|         34|         45|         10|     828.5600000|       1290|00:00:22|-0.00|0.03|0.0864|
|x|         35|         45|         10|     828.5600000|       1335|00:00:24|-0.00|0.03|0.1120|
|x|         36|         45|         10|     828.5600000|       1380|00:00:24|-0.00|0.03|0.1089|
|x|         37|         45|         10|     828.5600000|       1425|00:00:21|-0.00|0.03|0.1059|
|x|         38|         45|         10|     828.5600000|       1470|00:00:23|-0.00|0.02|0.1290|
|x|         39|         45|         10|     828.5600000|       1515|00:00:22|-0.00|0.02|0.1257|
|=|         40|         45|         10|     828.5600000|       1560|00:00:23|-0.00|0.02|0.1471|
+-+-----------+-----------+-----------+----------------+-----------+--------+-----+----+------+
Best-so-far configuration:          10    mean value:      828.5600000
Description of the best-so-far configuration:
   .ID. his_len max_attempts .PARENT.
10   10    8056            4       NA

# 2025-12-26 14:10:02 GMT: Elite configurations (first number is the configuration ID; listed from best to worst according to the sum of ranks):
    his_len max_attempts
10     8056            4
14      668          191
20     2515           50
45      976           74
51      360          339
57     2823           27
59     1718          167
62      984           79
63      509           98
102    1436           69
# 2025-12-26 14:10:02 GMT: Iteration 4 of 4
# experimentsUsed: 3430
# remainingBudget: 70
# currentBudget: 70
# nbConfigurations: 11
# Markers:
     x No test is performed.
     c Configurations are discarded only due to capping.
     - The test is performed and some configurations are discarded.
     = The test is performed but no configuration is discarded.
     ! The test is performed and configurations could be discarded but elite configurations are preserved.
     . All alive configurations are elite and nothing is discarded.

+-+-----------+-----------+-----------+----------------+-----------+--------+-----+----+------+
| |   Instance|      Alive|       Best|       Mean best| Exp so far|  W time|  rho|KenW|  Qvar|
+-+-----------+-----------+-----------+----------------+-----------+--------+-----+----+------+
|x|         26|         11|         10|     828.5600000|          1|00:00:04|   NA|  NA|    NA|
|x|         37|         11|         10|     828.5600000|          2|00:00:02|+1.00|1.00|0.0000|
|x|          3|         11|         10|     828.5600000|          3|00:00:02|+1.00|1.00|0.0000|
|x|         28|         11|         10|     828.5600000|          4|00:00:03|+1.00|1.00|0.0000|
|x|          6|         11|         10|     828.5600000|          5|00:00:02|+1.00|1.00|0.0000|
|x|         16|         11|         10|     828.5600000|          6|00:00:03|+1.00|1.00|0.0000|
|x|          7|         11|         10|     828.5600000|          7|00:00:03|+1.00|1.00|0.0000|
|x|         17|         11|         10|     828.5600000|          8|00:00:02|+1.00|1.00|0.0000|
|x|          1|         11|         10|     828.5600000|          9|00:00:02|+1.00|1.00|0.0000|
|=|         29|         11|         10|     828.5600000|         10|00:00:03|+1.00|1.00|0.0000|
|x|         20|         11|         10|     828.5600000|         11|00:00:02|+1.00|1.00|0.0000|
|x|         13|         11|         10|     828.5600000|         12|00:00:02|+1.00|1.00|0.0000|
|x|         35|         11|         10|     828.5600000|         13|00:00:03|+1.00|1.00|0.0000|
|x|         14|         11|         10|     828.5600000|         14|00:00:02|+1.00|1.00|0.0000|
|x|         36|         11|         10|     828.5600000|         15|00:00:02|+1.00|1.00|0.0000|
|x|         40|         11|         10|     828.5600000|         16|00:00:03|+1.00|1.00|0.0000|
|x|         23|         11|         10|     828.5600000|         17|00:00:02|+1.00|1.00|0.0000|
|x|         11|         11|         10|     828.5600000|         18|00:00:02|+1.00|1.00|0.0000|
|x|         31|         11|         10|     828.5600000|         19|00:00:03|+1.00|1.00|0.0000|
|=|          4|         11|         10|     828.5600000|         20|00:00:02|+1.00|1.00|0.0000|
|x|         39|         11|         10|     828.5600000|         21|00:00:02|+1.00|1.00|0.0000|
|x|         25|         11|         10|     828.5600000|         22|00:00:03|+1.00|1.00|0.0000|
|x|         18|         11|         10|     828.5600000|         23|00:00:02|+1.00|1.00|0.0000|
|x|          2|         11|         10|     828.5600000|         24|00:00:02|+1.00|1.00|0.0000|
|x|         19|         11|         10|     828.5600000|         25|00:00:03|+1.00|1.00|0.0000|
|x|         21|         11|         10|     828.5600000|         26|00:00:02|+1.00|1.00|0.0000|
|x|         22|         11|         10|     828.5600000|         27|00:00:02|+1.00|1.00|0.0000|
|x|         24|         11|         10|     828.5600000|         28|00:00:02|+1.00|1.00|0.0000|
|x|          8|         11|         10|     828.5600000|         29|00:00:02|+1.00|1.00|0.0000|
|=|         27|         11|         10|     828.5600000|         30|00:00:02|+1.00|1.00|0.0000|
|x|         15|         11|         10|     828.5600000|         31|00:00:02|+1.00|1.00|0.0000|
|x|         38|         11|         10|     828.5600000|         32|00:00:02|+1.00|1.00|0.0000|
|x|          5|         11|         10|     828.5600000|         33|00:00:02|+1.00|1.00|0.0000|
|x|         33|         11|         10|     828.5600000|         34|00:00:02|+1.00|1.00|0.0000|
|x|         30|         11|         10|     828.5600000|         35|00:00:02|+1.00|1.00|0.0000|
|x|         34|         11|         10|     828.5600000|         36|00:00:02|+1.00|1.00|0.0000|
|x|          9|         11|         10|     828.5600000|         37|00:00:02|+1.00|1.00|0.0000|
|x|         32|         11|         10|     828.5600000|         38|00:00:02|+1.00|1.00|0.0000|
|x|         10|         11|         10|     828.5600000|         39|00:00:02|+1.00|1.00|0.0000|
|=|         12|         11|         10|     828.5600000|         40|00:00:02|+1.00|1.00|0.0000|
+-+-----------+-----------+-----------+----------------+-----------+--------+-----+----+------+
Best-so-far configuration:          10    mean value:      828.5600000
Description of the best-so-far configuration:
   .ID. his_len max_attempts .PARENT.
10   10    8056            4       NA

# 2025-12-26 14:11:52 GMT: Elite configurations (first number is the configuration ID; listed from best to worst according to the sum of ranks):
    his_len max_attempts
10     8056            4
14      668          191
20     2515           50
45      976           74
51      360          339
57     2823           27
59     1718          167
62      984           79
63      509           98
102    1436           69
# 2025-12-26 14:11:52 GMT: Stopped because there is not enough budget left to race more than the minimum (10).
# You may either increase the budget or set 'minNbSurvival' to a lower value.
# Iteration: 5
# nbIterations: 5
# experimentsUsed: 3470
# timeUsed: 0
# remainingBudget: 30
# currentBudget: 30
# number of elites: 10
# nbConfigurations: 10
# Total CPU user time: 7025.153, CPU sys time: 3510.614, Wall-clock time: 2215.739
# Best configurations (first number is the configuration ID; listed from best to worst according to the sum of ranks):
    his_len max_attempts
10     8056            4
14      668          191
20     2515           50
45      976           74
51      360          339
57     2823           27
59     1718          167
62      984           79
63      509           98
102    1436           69
# Best configurations as commandlines (first number is the configuration ID; listed from best to worst according to the sum of ranks):
10  -his_len 8056 -max_attempts 4
14  -his_len 668 -max_attempts 191
20  -his_len 2515 -max_attempts 50
45  -his_len 976 -max_attempts 74
51  -his_len 360 -max_attempts 339
57  -his_len 2823 -max_attempts 27
59  -his_len 1718 -max_attempts 167
62  -his_len 984 -max_attempts 79
63  -his_len 509 -max_attempts 98
102 -his_len 1436 -max_attempts 69


# Testing of elite configurations: 1 
# Testing iteration configurations: FALSE 
# 2025-12-26 14:11:52 GMT: No test instances, skip testing
