Starting irace...
# 2025-12-26 13:34:51 GMT: Reading parameter file '/gpfs/home/e/exx866/IRACE-b-LAHC/all-instances-rough/E-n33-k4/parameters.txt'.
# 2025-12-26 13:34:51 GMT: Read 1 configuration(s) from file '/gpfs/home/e/exx866/IRACE-b-LAHC/all-instances-rough/E-n33-k4/configurations.txt'
# 2025-12-26 13:34:52 GMT: Initialization
# Elitist race
# Elitist new instances: 1
# Elitist limit: 2
# nbIterations: 3
# minNbSurvival: 10
# nbParameters: 2
# seed: 1599703111
# confidence level: 0.95
# budget: 3500
# mu: 10
# deterministic: FALSE

# 2025-12-26 13:34:52 GMT: Iteration 1 of 3
# experimentsUsed: 0
# remainingBudget: 3500
# currentBudget: 1166
# nbConfigurations: 58
# Markers:
     x No test is performed.
     c Configurations are discarded only due to capping.
     - The test is performed and some configurations are discarded.
     = The test is performed but no configuration is discarded.
     ! The test is performed and configurations could be discarded but elite configurations are preserved.
     . All alive configurations are elite and nothing is discarded.

+-+-----------+-----------+-----------+----------------+-----------+--------+-----+----+------+
| |   Instance|      Alive|       Best|       Mean best| Exp so far|  W time|  rho|KenW|  Qvar|
+-+-----------+-----------+-----------+----------------+-----------+--------+-----+----+------+
|x|          1|         58|          1|     840.1500000|         58|00:00:51|   NA|  NA|    NA|
|x|          2|         58|          1|     840.1500000|        116|00:00:47|+0.13|0.56|1.1443|
|x|          3|         58|          1|     840.1500000|        174|00:00:46|+0.34|0.56|0.9523|
|x|          4|         58|          1|     840.1500000|        232|00:00:46|+0.30|0.47|0.8999|
|x|          5|         58|          1|     840.1500000|        290|00:00:46|+0.38|0.50|0.8395|
|x|          6|         58|          1|     840.1500000|        348|00:00:46|+0.37|0.47|0.8556|
|x|          7|         58|          1|     840.1500000|        406|00:00:46|+0.30|0.40|0.8798|
|x|          8|         58|          1|     840.1500000|        464|00:00:45|+0.26|0.35|0.8987|
|x|          9|         58|          1|     840.1500000|        522|00:00:46|+0.29|0.37|0.8762|
|-|         10|         30|          1|     840.1500000|        580|00:00:46|+0.04|0.14|0.9569|
|x|         11|         30|          1|     840.1500000|        610|00:00:34|+0.04|0.13|0.9485|
|x|         12|         30|          1|     840.1500000|        640|00:00:34|+0.04|0.12|0.9662|
|x|         13|         30|          1|     840.1500000|        670|00:00:33|+0.05|0.12|0.9730|
|x|         14|         30|          1|     840.1500000|        700|00:00:33|+0.08|0.14|0.9648|
|x|         15|         30|          1|     840.1500000|        730|00:00:34|+0.09|0.16|0.9566|
|x|         16|         30|          1|     840.1500000|        760|00:00:33|+0.10|0.16|0.9538|
|x|         17|         30|         13|     840.1500000|        790|00:00:33|+0.11|0.16|0.9501|
|x|         18|         30|         13|     840.1500000|        820|00:00:34|+0.10|0.15|0.8982|
|x|         19|         30|         13|     840.1500000|        850|00:00:33|+0.12|0.17|0.8929|
|-|         20|         17|         13|     840.1500000|        880|00:00:30|+0.02|0.07|0.8365|
|x|         21|         17|         13|     840.1500000|        897|00:00:20|+0.02|0.07|0.7971|
|x|         22|         17|         13|     840.1500000|        914|00:00:21|+0.01|0.06|0.8106|
|x|         23|         17|         13|     840.1500000|        931|00:00:20|+0.01|0.06|0.8125|
|x|         24|         17|         13|     840.1500000|        948|00:00:19|+0.02|0.06|0.8158|
|x|         25|         17|         13|     840.1500000|        965|00:00:19|+0.03|0.07|0.8142|
|x|         26|         17|         13|     840.1500000|        982|00:00:19|+0.03|0.06|0.7834|
|x|         27|         17|         13|     840.1500000|        999|00:00:19|+0.02|0.06|0.7930|
|x|         28|         17|         13|     840.1500000|       1016|00:00:19|+0.02|0.05|0.7981|
|x|         29|         17|         13|     840.1500000|       1033|00:00:19|+0.02|0.05|0.7708|
|=|         30|         17|         13|     840.1500000|       1050|00:00:19|+0.01|0.04|0.7801|
+-+-----------+-----------+-----------+----------------+-----------+--------+-----+----+------+
Best-so-far configuration:          13    mean value:      840.1500000
Description of the best-so-far configuration:
   .ID. his_len max_attempts .PARENT.
13   13    4375           12       NA

# 2025-12-26 13:51:35 GMT: Elite configurations (first number is the configuration ID; listed from best to worst according to the sum of ranks):
   his_len max_attempts
13    4375           12
38   19459            4
47     989           36
32   14841           28
37    7146           67
2     8069          106
1     5723           60
23    3759          247
54     373          301
55   10224           51
# 2025-12-26 13:51:35 GMT: Iteration 2 of 3
# experimentsUsed: 1050
# remainingBudget: 2450
# currentBudget: 1225
# nbConfigurations: 38
# Markers:
     x No test is performed.
     c Configurations are discarded only due to capping.
     - The test is performed and some configurations are discarded.
     = The test is performed but no configuration is discarded.
     ! The test is performed and configurations could be discarded but elite configurations are preserved.
     . All alive configurations are elite and nothing is discarded.

+-+-----------+-----------+-----------+----------------+-----------+--------+-----+----+------+
| |   Instance|      Alive|       Best|       Mean best| Exp so far|  W time|  rho|KenW|  Qvar|
+-+-----------+-----------+-----------+----------------+-----------+--------+-----+----+------+
|x|         31|         38|         13|     840.1500000|         38|00:00:28|   NA|  NA|    NA|
|x|         11|         38|         13|     840.1500000|         66|00:00:23|-0.07|0.47|1.0065|
|x|         25|         38|         13|     840.1500000|         94|00:00:24|-0.11|0.26|1.0417|
|x|          5|         38|         13|     840.1500000|        122|00:00:24|+0.01|0.26|0.9767|
|x|         22|         38|         13|     840.1500000|        150|00:00:23|+0.03|0.22|0.9983|
|x|         12|         38|         13|     840.1500000|        178|00:00:23|+0.08|0.23|0.9844|
|x|         26|         38|         13|     840.1500000|        206|00:00:23|+0.05|0.19|0.9506|
|x|         14|         38|         13|     840.1500000|        234|00:00:24|+0.06|0.18|0.9460|
|x|          3|         38|         13|     840.1500000|        262|00:00:23|+0.07|0.17|0.9443|
|-|         23|         33|         13|     840.1500000|        290|00:00:23|-0.02|0.09|0.9697|
|x|          4|         33|         13|     840.1500000|        313|00:00:24|-0.01|0.09|0.9520|
|x|         21|         33|         13|     840.1500000|        336|00:00:24|-0.00|0.08|0.9389|
|x|          8|         33|         13|     840.1500000|        359|00:00:23|+0.01|0.08|0.9399|
|x|         18|         33|         13|     840.1500000|        382|00:00:24|+0.01|0.08|0.8749|
|x|          1|         33|         13|     840.1500000|        405|00:00:24|+0.02|0.09|0.8598|
|x|         27|         33|         13|     840.1500000|        428|00:00:23|+0.03|0.09|0.8493|
|x|          7|         33|         13|     840.1500000|        451|00:00:24|+0.03|0.09|0.8029|
|x|         24|         33|         13|     840.1500000|        474|00:00:24|+0.02|0.07|0.8200|
|x|         20|         33|         13|     840.1500000|        497|00:00:24|+0.02|0.07|0.8273|
|=|         29|         33|         13|     840.1500000|        520|00:00:21|+0.02|0.07|0.8311|
|x|          9|         33|         13|     840.1500000|        543|00:00:20|+0.02|0.07|0.8363|
|x|         13|         33|         13|     840.1500000|        566|00:00:19|+0.02|0.07|0.8458|
|x|         10|         33|         13|     840.1500000|        589|00:00:19|+0.02|0.06|0.8106|
|x|         15|         33|         13|     840.1500000|        612|00:00:19|+0.02|0.06|0.7782|
|x|         19|         33|         13|     840.1500000|        635|00:00:19|+0.02|0.06|0.7847|
|x|         28|         33|         13|     840.1500000|        658|00:00:19|+0.02|0.06|0.7932|
|x|         30|         33|         13|     840.1500000|        681|00:00:19|+0.02|0.06|0.8036|
|x|         16|         33|         13|     840.1500000|        704|00:00:19|+0.02|0.05|0.7757|
|x|          2|         33|         13|     840.1500000|        727|00:00:18|+0.02|0.05|0.7816|
|-|          6|         28|         13|     840.1500000|        750|00:00:18|+0.01|0.05|0.7552|
|x|         17|         28|         13|     840.1500000|        768|00:00:15|+0.02|0.05|0.7621|
|x|         32|         28|         13|     840.1500000|        796|00:00:20|+0.02|0.05|0.7633|
|x|         33|         28|         13|     840.1500000|        824|00:00:20|+0.03|0.06|0.7666|
|x|         34|         28|         13|     840.1500000|        852|00:00:20|+0.03|0.06|0.7691|
|x|         35|         28|         13|     840.1500000|        880|00:00:20|+0.03|0.06|0.7703|
|x|         36|         28|         13|     840.1500000|        908|00:00:20|+0.04|0.07|0.7727|
|x|         37|         28|         13|     840.1500000|        936|00:00:21|+0.04|0.07|0.7761|
|x|         38|         28|         13|     840.1500000|        964|00:00:20|+0.04|0.07|0.7566|
|x|         39|         28|         13|     840.1500000|        992|00:00:20|+0.04|0.06|0.7379|
|-|         40|         21|         13|     840.1500000|       1020|00:00:20|+0.01|0.04|0.5393|
+-+-----------+-----------+-----------+----------------+-----------+--------+-----+----+------+
Best-so-far configuration:          13    mean value:      840.1500000
Description of the best-so-far configuration:
   .ID. his_len max_attempts .PARENT.
13   13    4375           12       NA

# 2025-12-26 14:06:09 GMT: Elite configurations (first number is the configuration ID; listed from best to worst according to the sum of ranks):
   his_len max_attempts
13    4375           12
60   17877            1
61    6517            6
71    7077           51
73    1862           23
74     946           17
75   13312            2
66    3558           87
38   19459            4
81    6755           45
# 2025-12-26 14:06:09 GMT: Iteration 3 of 3
# experimentsUsed: 2070
# remainingBudget: 1430
# currentBudget: 1430
# nbConfigurations: 36
# Markers:
     x No test is performed.
     c Configurations are discarded only due to capping.
     - The test is performed and some configurations are discarded.
     = The test is performed but no configuration is discarded.
     ! The test is performed and configurations could be discarded but elite configurations are preserved.
     . All alive configurations are elite and nothing is discarded.

+-+-----------+-----------+-----------+----------------+-----------+--------+-----+----+------+
| |   Instance|      Alive|       Best|       Mean best| Exp so far|  W time|  rho|KenW|  Qvar|
+-+-----------+-----------+-----------+----------------+-----------+--------+-----+----+------+
|x|         41|         36|         13|     840.1500000|         36|00:00:23|   NA|  NA|    NA|
|x|         30|         36|         13|     840.1500000|         62|00:00:19|-0.05|0.47|1.0107|
|x|         22|         36|         13|     840.1500000|         88|00:00:18|+0.04|0.36|1.0060|
|x|         18|         36|         13|     840.1500000|        114|00:00:19|+0.03|0.27|0.7461|
|x|         11|         36|         13|     840.1500000|        140|00:00:19|+0.02|0.22|0.5935|
|x|         23|         36|         13|     840.1500000|        166|00:00:18|+0.05|0.21|0.6398|
|x|          3|         36|         13|     840.1500000|        192|00:00:19|+0.04|0.18|0.5496|
|x|         21|         36|         13|     840.1500000|        218|00:00:20|+0.04|0.16|0.6056|
|x|         38|         36|         13|     840.1500000|        244|00:00:23|+0.04|0.14|0.5385|
|=|         37|         36|         13|     840.1500000|        270|00:00:23|+0.03|0.13|0.4848|
|x|         10|         36|         13|     840.1500000|        296|00:00:23|+0.03|0.12|0.4409|
|x|         12|         36|         13|     840.1500000|        322|00:00:23|+0.03|0.11|0.4757|
|x|         25|         36|         13|     840.1500000|        348|00:00:23|+0.03|0.10|0.5051|
|x|         19|         36|         13|     840.1500000|        374|00:00:23|+0.02|0.09|0.4703|
|x|         29|         36|         13|     840.1500000|        400|00:00:23|+0.04|0.10|0.4882|
|x|         40|         36|         13|     840.1500000|        426|00:00:24|+0.03|0.09|0.5225|
|x|          5|         36|         13|     840.1500000|        452|00:00:13|+0.04|0.10|0.5443|
|x|          1|         36|         13|     840.1500000|        478|00:00:09|+0.05|0.10|0.5597|
|x|         31|         36|         13|     840.1500000|        504|00:00:09|+0.04|0.09|0.5843|
|-|          4|         34|         13|     840.1500000|        530|00:00:10|+0.01|0.06|0.5281|
|x|         17|         34|         13|     840.1500000|        554|00:00:08|+0.02|0.06|0.5505|
|x|         34|         34|         13|     840.1500000|        578|00:00:09|+0.02|0.07|0.5629|
|x|          7|         34|         13|     840.1500000|        602|00:00:08|+0.02|0.06|0.5389|
|x|         15|         34|         13|     840.1500000|        626|00:00:09|+0.02|0.06|0.5169|
|x|         35|         34|         13|     840.1500000|        650|00:00:08|+0.02|0.06|0.5368|
|x|          2|         34|         13|     840.1500000|        674|00:00:08|+0.02|0.06|0.5504|
|x|         24|         34|         13|     840.1500000|        698|00:00:08|+0.03|0.06|0.5629|
|x|         16|         34|         13|     840.1500000|        722|00:00:08|+0.02|0.06|0.5432|
|x|          9|         34|         13|     840.1500000|        746|00:00:08|+0.02|0.05|0.5596|
|-|         20|         30|         13|     840.1500000|        770|00:00:09|+0.01|0.04|0.3527|
|x|          6|         30|         13|     840.1500000|        790|00:00:07|+0.01|0.04|0.3414|
|x|         36|         30|         13|     840.1500000|        810|00:00:07|+0.01|0.04|0.3590|
|x|         39|         30|         13|     840.1500000|        830|00:00:07|+0.01|0.04|0.3784|
|x|          8|         30|         13|     840.1500000|        850|00:00:07|+0.01|0.04|0.3673|
|x|         13|         30|         13|     840.1500000|        870|00:00:07|+0.01|0.04|0.3569|
|x|         26|         30|         13|     840.1500000|        890|00:00:07|+0.01|0.04|0.3470|
|x|         32|         30|         13|     840.1500000|        910|00:00:07|+0.01|0.04|0.3377|
|x|         33|         30|         13|     840.1500000|        930|00:00:07|+0.00|0.03|0.3554|
|x|         14|         30|         13|     840.1500000|        950|00:00:07|+0.00|0.03|0.3463|
|=|         28|         30|         13|     840.1500000|        970|00:00:07|+0.00|0.03|0.3377|
|x|         27|         30|         13|     840.1500000|        990|00:00:07|+0.00|0.03|0.3295|
|x|         42|         30|         13|     840.1500000|       1020|00:00:11|+0.00|0.03|0.3438|
|x|         43|         30|         13|     840.1500000|       1050|00:00:10|+0.00|0.03|0.3588|
|x|         44|         30|         13|     840.1500000|       1080|00:00:11|+0.00|0.02|0.3733|
|x|         45|         30|         13|     840.1500000|       1110|00:00:10|+0.00|0.02|0.3867|
|x|         46|         30|         13|     840.1500000|       1140|00:00:10|+0.00|0.02|0.3986|
|x|         47|         30|         13|     840.1500000|       1170|00:00:09|+0.00|0.03|0.4103|
|x|         48|         30|         13|     840.1500000|       1200|00:00:10|+0.00|0.03|0.4017|
|x|         49|         30|         13|     840.1500000|       1230|00:00:09|+0.01|0.03|0.4123|
|=|         50|         30|         13|     840.1500000|       1260|00:00:10|+0.01|0.03|0.4041|
+-+-----------+-----------+-----------+----------------+-----------+--------+-----+----+------+
Best-so-far configuration:          13    mean value:      840.1500000
Description of the best-so-far configuration:
   .ID. his_len max_attempts .PARENT.
13   13    4375           12       NA

# 2025-12-26 14:17:03 GMT: Elite configurations (first number is the configuration ID; listed from best to worst according to the sum of ranks):
   his_len max_attempts
13    4375           12
60   17877            1
61    6517            6
73    1862           23
74     946           17
75   13312            2
92     776            1
93    6109            6
96     861           26
98    6200           12
# 2025-12-26 14:17:03 GMT: Iteration 4 of 4
# experimentsUsed: 3330
# remainingBudget: 170
# currentBudget: 170
# nbConfigurations: 11
# Markers:
     x No test is performed.
     c Configurations are discarded only due to capping.
     - The test is performed and some configurations are discarded.
     = The test is performed but no configuration is discarded.
     ! The test is performed and configurations could be discarded but elite configurations are preserved.
     . All alive configurations are elite and nothing is discarded.

+-+-----------+-----------+-----------+----------------+-----------+--------+-----+----+------+
| |   Instance|      Alive|       Best|       Mean best| Exp so far|  W time|  rho|KenW|  Qvar|
+-+-----------+-----------+-----------+----------------+-----------+--------+-----+----+------+
|x|         51|         11|         13|     840.1500000|         11|00:00:03|   NA|  NA|    NA|
|x|          6|         11|         13|     840.1500000|         12|00:00:00|+1.00|1.00|0.0000|
|x|         45|         11|         13|     840.1500000|         13|00:00:00|+1.00|1.00|0.0000|
|x|         37|         11|         13|     840.1500000|         14|00:00:00|+1.00|1.00|0.0000|
|x|         43|         11|         13|     840.1500000|         15|00:00:00|+1.00|1.00|0.0000|
|x|         42|         11|         13|     840.1500000|         16|00:00:00|+1.00|1.00|0.0000|
|x|         30|         11|         13|     840.1500000|         17|00:00:00|+1.00|1.00|0.0000|
|x|         22|         11|         13|     840.1500000|         18|00:00:00|+1.00|1.00|0.0000|
|x|         33|         11|         13|     840.1500000|         19|00:00:00|+1.00|1.00|0.0000|
|=|         41|         11|         13|     840.1500000|         20|00:00:00|+1.00|1.00|0.0000|
|x|         18|         11|         13|     840.1500000|         21|00:00:00|+1.00|1.00|0.0000|
|x|         38|         11|         13|     840.1500000|         22|00:00:00|+1.00|1.00|0.0000|
|x|          8|         11|         13|     840.1500000|         23|00:00:00|+1.00|1.00|0.0000|
|x|         26|         11|         13|     840.1500000|         24|00:00:00|+1.00|1.00|0.0000|
|x|         25|         11|         13|     840.1500000|         25|00:00:00|+1.00|1.00|0.0000|
|x|         36|         11|         13|     840.1500000|         26|00:00:00|+1.00|1.00|0.0000|
|x|         40|         11|         13|     840.1500000|         27|00:00:00|+1.00|1.00|0.0000|
|x|         34|         11|         13|     840.1500000|         28|00:00:00|+1.00|1.00|0.0000|
|x|         49|         11|         13|     840.1500000|         29|00:00:00|+1.00|1.00|0.0000|
|=|         44|         11|         13|     840.1500000|         30|00:00:00|+1.00|1.00|0.0000|
|x|         50|         11|         13|     840.1500000|         31|00:00:00|+1.00|1.00|0.0000|
|x|         31|         11|         13|     840.1500000|         32|00:00:00|+1.00|1.00|0.0000|
|x|          5|         11|         13|     840.1500000|         33|00:00:00|+1.00|1.00|0.0000|
|x|          2|         11|         13|     840.1500000|         34|00:00:00|+1.00|1.00|0.0000|
|x|         11|         11|         13|     840.1500000|         35|00:00:00|+1.00|1.00|0.0000|
|x|          7|         11|         13|     840.1500000|         36|00:00:00|+1.00|1.00|0.0000|
|x|         14|         11|         13|     840.1500000|         37|00:00:00|+1.00|1.00|0.0000|
|x|         46|         11|         13|     840.1500000|         38|00:00:00|+1.00|1.00|0.0000|
|x|         29|         11|         13|     840.1500000|         39|00:00:00|+1.00|1.00|0.0000|
|=|         15|         11|         13|     840.1500000|         40|00:00:00|+1.00|1.00|0.0000|
|x|         20|         11|         13|     840.1500000|         41|00:00:00|+1.00|1.00|0.0000|
|x|         23|         11|         13|     840.1500000|         42|00:00:00|+1.00|1.00|0.0000|
|x|         35|         11|         13|     840.1500000|         43|00:00:00|+0.00|0.03|0.0275|
|x|          9|         11|         13|     840.1500000|         44|00:00:00|+0.00|0.03|0.0267|
|x|         47|         11|         13|     840.1500000|         45|00:00:00|+0.00|0.03|0.0260|
|x|         16|         11|         13|     840.1500000|         46|00:00:00|+0.00|0.03|0.0253|
|x|         21|         11|         13|     840.1500000|         47|00:00:00|+0.00|0.03|0.0246|
|x|         48|         11|         13|     840.1500000|         48|00:00:00|+0.03|0.05|0.0466|
|x|         28|         11|         13|     840.1500000|         49|00:00:00|+0.03|0.05|0.0454|
|-|         19|         10|         13|     840.1500000|         50|00:00:00|+1.00|1.00|0.0000|
|.|         24|         10|         13|     840.1500000|         50|00:00:00|+1.00|1.00|0.0000|
|.|         17|         10|         13|     840.1500000|         50|00:00:00|+1.00|1.00|0.0000|
|.|          4|         10|         13|     840.1500000|         50|00:00:00|+1.00|1.00|0.0000|
|.|         13|         10|         13|     840.1500000|         50|00:00:00|+1.00|1.00|0.0000|
|.|         39|         10|         13|     840.1500000|         50|00:00:00|+1.00|1.00|0.0000|
|.|         12|         10|         13|     840.1500000|         50|00:00:00|+1.00|1.00|0.0000|
|.|         10|         10|         13|     840.1500000|         50|00:00:00|+1.00|1.00|0.0000|
|.|          1|         10|         13|     840.1500000|         50|00:00:00|+1.00|1.00|0.0000|
|.|         32|         10|         13|     840.1500000|         50|00:00:00|+1.00|1.00|0.0000|
|.|         27|         10|         13|     840.1500000|         50|00:00:00|+1.00|1.00|0.0000|
|.|          3|         10|         13|     840.1500000|         50|00:00:00|+1.00|1.00|0.0000|
|x|         52|         10|         13|     840.1500000|         60|00:00:03|+1.00|1.00|0.0000|
|x|         53|         10|         13|     840.1500000|         70|00:00:03|+1.00|1.00|0.0000|
|x|         54|         10|         13|     840.1500000|         80|00:00:03|+1.00|1.00|0.0000|
|x|         55|         10|         13|     840.1500000|         90|00:00:03|+1.00|1.00|0.0000|
|x|         56|         10|         13|     840.1500000|        100|00:00:02|+1.00|1.00|0.0000|
|x|         57|         10|         13|     840.1500000|        110|00:00:03|+1.00|1.00|0.0000|
|x|         58|         10|         13|     840.1500000|        120|00:00:03|+1.00|1.00|0.0000|
|x|         59|         10|         13|     840.1500000|        130|00:00:03|+1.00|1.00|0.0000|
|=|         60|         10|         13|     840.1500000|        140|00:00:03|+1.00|1.00|0.0000|
+-+-----------+-----------+-----------+----------------+-----------+--------+-----+----+------+
Best-so-far configuration:          13    mean value:      840.1500000
Description of the best-so-far configuration:
   .ID. his_len max_attempts .PARENT.
13   13    4375           12       NA

# 2025-12-26 14:17:55 GMT: Elite configurations (first number is the configuration ID; listed from best to worst according to the sum of ranks):
   his_len max_attempts
13    4375           12
60   17877            1
61    6517            6
73    1862           23
74     946           17
75   13312            2
92     776            1
93    6109            6
96     861           26
98    6200           12
# 2025-12-26 14:17:55 GMT: Stopped because there is not enough budget left to race more than the minimum (10).
# You may either increase the budget or set 'minNbSurvival' to a lower value.
# Iteration: 5
# nbIterations: 5
# experimentsUsed: 3470
# timeUsed: 0
# remainingBudget: 30
# currentBudget: 30
# number of elites: 10
# nbConfigurations: 10
# Total CPU user time: 1116.779, CPU sys time: 3579.189, Wall-clock time: 2584.602
# Best configurations (first number is the configuration ID; listed from best to worst according to the sum of ranks):
   his_len max_attempts
13    4375           12
60   17877            1
61    6517            6
73    1862           23
74     946           17
75   13312            2
92     776            1
93    6109            6
96     861           26
98    6200           12
# Best configurations as commandlines (first number is the configuration ID; listed from best to worst according to the sum of ranks):
13 -his_len 4375 -max_attempts 12
60 -his_len 17877 -max_attempts 1
61 -his_len 6517 -max_attempts 6
73 -his_len 1862 -max_attempts 23
74 -his_len 946 -max_attempts 17
75 -his_len 13312 -max_attempts 2
92 -his_len 776 -max_attempts 1
93 -his_len 6109 -max_attempts 6
96 -his_len 861 -max_attempts 26
98 -his_len 6200 -max_attempts 12


# Testing of elite configurations: 1 
# Testing iteration configurations: FALSE 
# 2025-12-26 14:17:55 GMT: No test instances, skip testing
