Starting irace...
# 2025-12-29 15:16:15 GMT: Reading parameter file '/gpfs/home/e/exx866/IRACE-b-LAHC/all-instances-fine/X-n459-k26/parameters.txt'.
# 2025-12-29 15:16:15 GMT: Read 1 configuration(s) from file '/gpfs/home/e/exx866/IRACE-b-LAHC/all-instances-fine/X-n459-k26/configurations.txt'
# 2025-12-29 15:16:15 GMT: Initialization
# Elitist race
# Elitist new instances: 1
# Elitist limit: 2
# nbIterations: 3
# minNbSurvival: 10
# nbParameters: 2
# seed: 639130003
# confidence level: 0.95
# budget: 6000
# mu: 10
# deterministic: FALSE

# 2025-12-29 15:16:15 GMT: Iteration 1 of 3
# experimentsUsed: 0
# remainingBudget: 6000
# currentBudget: 2000
# nbConfigurations: 100
# Markers:
     x No test is performed.
     c Configurations are discarded only due to capping.
     - The test is performed and some configurations are discarded.
     = The test is performed but no configuration is discarded.
     ! The test is performed and configurations could be discarded but elite configurations are preserved.
     . All alive configurations are elite and nothing is discarded.

+-+-----------+-----------+-----------+----------------+-----------+--------+-----+----+------+
| |   Instance|      Alive|       Best|       Mean best| Exp so far|  W time|  rho|KenW|  Qvar|
+-+-----------+-----------+-----------+----------------+-----------+--------+-----+----+------+
|x|          1|        100|         28|     24372.56000|        100|00:02:18|   NA|  NA|    NA|
|x|          2|        100|         54|     24480.27500|        200|00:02:31|+0.01|0.51|0.9782|
|x|          3|        100|         33|     24441.89333|        300|00:02:24|+0.08|0.39|0.8964|
|x|          4|        100|         65|     24464.53500|        400|00:02:18|+0.05|0.29|0.9353|
|x|          5|        100|         65|     24471.67800|        500|00:02:14|+0.07|0.26|0.9193|
|x|          6|        100|         80|     24484.27833|        600|00:02:20|+0.06|0.22|0.9268|
|x|          7|        100|         80|     24494.14571|        700|00:02:16|+0.06|0.19|0.9270|
|x|          8|        100|         80|     24496.29375|        800|00:02:21|+0.04|0.16|0.9400|
|x|          9|        100|         50|     24521.03444|        900|00:02:21|+0.04|0.15|0.9471|
|-|         10|         44|         50|     24520.61800|       1000|00:02:25|-0.06|0.05|1.0336|
|x|         11|         44|         80|     24523.56455|       1044|00:02:28|-0.05|0.05|1.0233|
|x|         12|         44|         50|     24529.81917|       1088|00:02:03|-0.04|0.05|1.0119|
|x|         13|         44|         50|     24534.93462|       1132|00:02:27|-0.03|0.05|1.0075|
|x|         14|         44|         50|     24533.30071|       1176|00:02:04|-0.03|0.05|1.0035|
|x|         15|         44|         60|     24537.27467|       1220|00:02:33|-0.02|0.05|0.9999|
|x|         16|         44|         38|     24545.29875|       1264|00:03:09|-0.02|0.04|0.9995|
|x|         17|         44|         38|     24543.77118|       1308|00:02:37|-0.01|0.04|0.9913|
|x|         18|         44|         38|     24546.64889|       1352|00:02:13|-0.02|0.04|0.9924|
|x|         19|         44|         57|     24541.08316|       1396|00:02:12|-0.01|0.04|0.9901|
|=|         20|         44|         38|     24551.64400|       1440|00:02:19|-0.01|0.04|0.9911|
|x|         21|         44|         38|     24553.68857|       1484|00:02:16|-0.01|0.03|0.9900|
|x|         22|         44|         38|     24554.19409|       1528|00:02:49|-0.01|0.04|0.9840|
|x|         23|         44|         38|     24548.72000|       1572|00:02:10|-0.01|0.04|0.9813|
|x|         24|         44|         38|     24549.52583|       1616|00:02:25|-0.01|0.04|0.9797|
|x|         25|         44|         38|     24548.34160|       1660|00:02:14|-0.01|0.03|0.9787|
|x|         26|         44|         97|     24539.94423|       1704|00:01:55|-0.00|0.03|0.9767|
|x|         27|         44|         38|     24552.59074|       1748|00:02:03|-0.01|0.03|0.9787|
|x|         28|         44|         38|     24553.52964|       1792|00:02:36|-0.00|0.03|0.9754|
|x|         29|         44|         38|     24553.30483|       1836|00:02:15|+0.00|0.04|0.9714|
|=|         30|         44|         97|     24540.84333|       1880|00:02:14|+0.00|0.04|0.9687|
+-+-----------+-----------+-----------+----------------+-----------+--------+-----+----+------+
Best-so-far configuration:          97    mean value:      24540.84333
Description of the best-so-far configuration:
   .ID. his_len max_attempts .PARENT.
97   97    5059          397       NA

# 2025-12-29 16:26:57 GMT: Elite configurations (first number is the configuration ID; listed from best to worst according to the sum of ranks):
   his_len max_attempts
97    5059          397
38    4818          499
50    5257          409
74    4620          432
57    4905          382
47    4291          430
42    5344          347
20    5915          296
60    4730          396
26    4335          365
# 2025-12-29 16:26:57 GMT: Iteration 2 of 3
# experimentsUsed: 1880
# remainingBudget: 4120
# currentBudget: 2060
# nbConfigurations: 59
# Markers:
     x No test is performed.
     c Configurations are discarded only due to capping.
     - The test is performed and some configurations are discarded.
     = The test is performed but no configuration is discarded.
     ! The test is performed and configurations could be discarded but elite configurations are preserved.
     . All alive configurations are elite and nothing is discarded.

+-+-----------+-----------+-----------+----------------+-----------+--------+-----+----+------+
| |   Instance|      Alive|       Best|       Mean best| Exp so far|  W time|  rho|KenW|  Qvar|
+-+-----------+-----------+-----------+----------------+-----------+--------+-----+----+------+
|x|         31|         59|        124|     24385.02000|         59|00:02:34|   NA|  NA|    NA|
|x|         21|         59|         97|     24423.62500|        108|00:02:10|-0.04|0.48|1.0144|
|x|         10|         59|         74|     24466.10000|        157|00:02:26|-0.06|0.29|1.0294|
|x|          7|         59|        117|     24504.77000|        206|00:02:32|-0.06|0.21|1.0278|
|x|         13|         59|        124|     24513.15400|        255|00:02:33|-0.04|0.17|1.0157|
|x|          4|         59|        115|     24532.91833|        304|00:02:07|-0.06|0.12|1.0265|
|x|         23|         59|        124|     24517.26000|        353|00:02:13|-0.04|0.11|1.0036|
|x|          9|         59|        124|     24508.90000|        402|00:02:05|-0.01|0.11|0.9913|
|x|         12|         59|        124|     24504.51889|        451|00:02:16|-0.01|0.11|0.9819|
|=|         25|         59|         97|     24513.02300|        500|00:02:10|-0.01|0.09|0.9861|
|x|         27|         59|         97|     24525.41636|        549|00:02:44|-0.02|0.07|0.9993|
|x|          2|         59|         97|     24524.91250|        598|00:02:49|-0.01|0.07|0.9896|
|x|         24|         59|         97|     24516.26692|        647|00:02:23|-0.01|0.07|0.9850|
|x|         30|         59|         97|     24507.67143|        696|00:02:09|-0.00|0.07|0.9793|
|x|         14|         59|         97|     24513.22867|        745|00:02:02|-0.01|0.06|0.9837|
|x|         28|         59|         97|     24517.83437|        794|00:02:30|-0.00|0.06|0.9832|
|x|         20|         59|         97|     24519.40765|        843|00:02:06|-0.00|0.06|0.9834|
|x|          8|         59|         97|     24519.17667|        892|00:02:50|-0.01|0.05|0.9881|
|x|          5|         59|         97|     24521.31316|        941|00:02:09|-0.00|0.05|0.9826|
|=|          3|         59|         97|     24524.44600|        990|00:02:11|-0.00|0.05|0.9814|
|x|         18|         59|         97|     24524.02714|       1039|00:02:26|-0.00|0.04|0.9827|
|x|         19|         59|         97|     24527.01091|       1088|00:01:58|-0.00|0.04|0.9808|
|x|          1|         59|         97|     24530.65957|       1137|00:02:15|-0.00|0.04|0.9840|
|x|         29|         59|         97|     24531.65500|       1186|00:02:18|-0.00|0.04|0.9840|
|x|         15|         59|         97|     24533.60720|       1235|00:02:25|-0.00|0.04|0.9862|
|x|         17|         59|         97|     24535.65154|       1284|00:02:23|-0.01|0.03|0.9864|
|x|          6|         59|         97|     24535.70148|       1333|00:02:26|-0.00|0.03|0.9851|
|x|         26|         59|         97|     24535.85321|       1382|00:02:20|+0.00|0.04|0.9814|
|x|         22|         59|         97|     24532.13655|       1431|00:03:22|+0.00|0.04|0.9798|
|=|         11|         59|         97|     24535.34033|       1480|00:02:24|+0.00|0.04|0.9809|
|x|         16|         59|         97|     24537.43000|       1529|00:02:38|+0.00|0.03|0.9794|
|x|         32|         59|         97|     24538.77344|       1588|00:02:12|+0.00|0.03|0.9803|
|x|         33|         59|         97|     24540.75697|       1647|00:02:07|-0.00|0.03|0.9815|
|x|         34|         59|         97|     24542.12441|       1706|00:02:14|+0.00|0.03|0.9795|
|x|         35|         59|         74|     24538.58457|       1765|00:02:07|+0.00|0.03|0.9784|
|x|         36|         59|         74|     24539.30333|       1824|00:02:28|+0.01|0.03|0.9748|
|x|         37|         59|         74|     24540.12216|       1883|00:02:09|+0.00|0.03|0.9773|
|x|         38|         59|         74|     24543.08974|       1942|00:02:17|+0.00|0.03|0.9779|
|x|         39|         59|        104|     24545.54359|       2001|00:02:02|+0.01|0.03|0.9757|
|=|         40|         59|        104|     24543.21075|       2060|00:02:08|+0.00|0.03|0.9770|
+-+-----------+-----------+-----------+----------------+-----------+--------+-----+----+------+
Best-so-far configuration:         104    mean value:      24543.21075
Description of the best-so-far configuration:
    .ID. his_len max_attempts .PARENT.
104  104    4912          398       97

# 2025-12-29 18:00:54 GMT: Elite configurations (first number is the configuration ID; listed from best to worst according to the sum of ranks):
    his_len max_attempts
104    4912          398
74     4620          432
97     5059          397
50     5257          409
57     4905          382
103    4909          379
115    5151          390
114    4905          415
123    4545          437
38     4818          499
# 2025-12-29 18:00:54 GMT: Iteration 3 of 3
# experimentsUsed: 3940
# remainingBudget: 2060
# currentBudget: 2060
# nbConfigurations: 49
# Markers:
     x No test is performed.
     c Configurations are discarded only due to capping.
     - The test is performed and some configurations are discarded.
     = The test is performed but no configuration is discarded.
     ! The test is performed and configurations could be discarded but elite configurations are preserved.
     . All alive configurations are elite and nothing is discarded.

+-+-----------+-----------+-----------+----------------+-----------+--------+-----+----+------+
| |   Instance|      Alive|       Best|       Mean best| Exp so far|  W time|  rho|KenW|  Qvar|
+-+-----------+-----------+-----------+----------------+-----------+--------+-----+----+------+
|x|         41|         49|        155|     24449.01000|         49|00:02:26|   NA|  NA|    NA|
|x|         13|         49|        151|     24465.33500|         88|00:01:51|-0.14|0.43|1.0898|
|x|          8|         49|        123|     24494.09333|        127|00:02:23|-0.11|0.26|1.0799|
|x|         19|         49|        123|     24510.14000|        166|00:01:52|-0.08|0.19|1.0424|
|x|         39|         49|        123|     24491.14800|        205|00:01:48|-0.06|0.15|1.0357|
|x|         10|         49|        123|     24512.98833|        244|00:02:15|-0.06|0.12|1.0307|
|x|         17|         49|        123|     24504.51571|        283|00:02:12|-0.04|0.11|1.0144|
|x|          2|         49|        155|     24514.56250|        322|00:02:12|-0.02|0.10|1.0001|
|x|         40|         49|        155|     24509.19000|        361|00:02:00|-0.02|0.09|1.0040|
|=|         35|         49|        150|     24534.85000|        400|00:02:35|-0.02|0.08|0.9984|
|x|         21|         49|        150|     24520.95818|        439|00:01:51|-0.01|0.08|0.9896|
|x|         23|         49|        150|     24521.99083|        478|00:01:46|-0.01|0.07|0.9851|
|x|         11|         49|        182|     24523.21923|        517|00:01:43|+0.00|0.08|0.9740|
|x|         20|         49|        182|     24533.33571|        556|00:01:38|-0.00|0.07|0.9749|
|x|         34|         49|        153|     24533.59733|        595|00:02:28|-0.00|0.07|0.9756|
|x|         28|         49|         74|     24530.57875|        634|00:02:28|-0.01|0.05|0.9878|
|x|         16|         49|         74|     24527.79294|        673|00:02:32|-0.02|0.04|0.9916|
|x|          7|         49|         74|     24532.38000|        712|00:02:07|-0.02|0.04|0.9915|
|x|         32|         49|        157|     24546.60053|        751|00:02:14|-0.01|0.04|0.9908|
|=|         15|         49|         74|     24539.43250|        790|00:02:17|-0.02|0.03|0.9954|
|x|          1|         49|         74|     24536.39857|        829|00:02:02|-0.02|0.03|0.9929|
|x|         36|         49|        157|     24544.57455|        868|00:02:14|-0.01|0.03|0.9902|
|x|         24|         49|         74|     24535.93000|        907|00:02:00|-0.01|0.03|0.9895|
|x|         31|         49|         74|     24534.38167|        946|00:01:45|-0.01|0.03|0.9877|
|x|         30|         49|         74|     24528.99400|        985|00:01:58|-0.01|0.03|0.9858|
|x|         22|         49|         74|     24523.88038|       1024|00:02:16|-0.01|0.03|0.9810|
|x|          6|         49|         74|     24529.07370|       1063|00:02:03|-0.01|0.03|0.9828|
|x|         14|         49|         74|     24528.26429|       1102|00:01:44|-0.00|0.03|0.9797|
|x|          4|         49|         74|     24529.54586|       1141|00:02:17|-0.00|0.03|0.9794|
|=|         25|         49|         74|     24532.07833|       1180|00:02:29|-0.00|0.03|0.9807|
|x|         29|         49|         74|     24531.77129|       1219|00:02:26|-0.00|0.03|0.9797|
|x|         27|         49|         74|     24533.52875|       1258|00:02:14|-0.00|0.03|0.9790|
|x|         37|         49|         74|     24534.62182|       1297|00:01:54|-0.00|0.03|0.9796|
|x|         33|         49|         74|     24534.85235|       1336|00:02:20|-0.00|0.03|0.9799|
|x|          5|         49|         74|     24536.38257|       1375|00:02:03|-0.00|0.03|0.9793|
|x|         18|         49|         74|     24540.87333|       1414|00:02:24|-0.00|0.03|0.9795|
|x|         38|         49|        104|     24543.81486|       1453|00:01:47|+0.00|0.03|0.9786|
|x|          3|         49|        104|     24540.69868|       1492|00:01:57|+0.00|0.03|0.9766|
|x|          9|         49|        104|     24542.64487|       1531|00:02:12|+0.00|0.03|0.9756|
|=|         12|         49|        104|     24544.08425|       1570|00:02:05|+0.00|0.03|0.9752|
|x|         26|         49|        104|     24544.02366|       1609|00:02:13|+0.00|0.03|0.9744|
|x|         42|         49|         74|     24544.86619|       1658|00:02:22|+0.01|0.03|0.9733|
|x|         43|         49|         74|     24543.56953|       1707|00:02:27|+0.01|0.03|0.9738|
|x|         44|         49|         74|     24545.22614|       1756|00:02:14|+0.00|0.03|0.9767|
|x|         45|         49|         74|     24546.89911|       1805|00:02:00|+0.00|0.02|0.9779|
|x|         46|         49|         74|     24545.50804|       1854|00:02:17|+0.00|0.02|0.9772|
|x|         47|         49|         74|     24544.07809|       1903|00:02:24|+0.00|0.02|0.9777|
|x|         48|         49|         74|     24545.93958|       1952|00:02:34|+0.00|0.02|0.9774|
|x|         49|         49|         74|     24547.29653|       2001|00:02:29|+0.00|0.02|0.9772|
|=|         50|         49|         74|     24548.03380|       2050|00:02:15|+0.00|0.02|0.9770|
+-+-----------+-----------+-----------+----------------+-----------+--------+-----+----+------+
Best-so-far configuration:          74    mean value:      24548.03380
Description of the best-so-far configuration:
   .ID. his_len max_attempts .PARENT.
74   74    4620          432       NA

# 2025-12-29 19:49:19 GMT: Elite configurations (first number is the configuration ID; listed from best to worst according to the sum of ranks):
    his_len max_attempts
74     4620          432
154    4936          380
168    4647          433
182    4932          399
104    4912          398
160    4886          385
152    4916          380
50     5257          409
97     5059          397
176    4589          431
# 2025-12-29 19:49:19 GMT: Stopped because there is not enough budget left to race more than the minimum (10).
# You may either increase the budget or set 'minNbSurvival' to a lower value.
# Iteration: 4
# nbIterations: 4
# experimentsUsed: 5990
# timeUsed: 0
# remainingBudget: 10
# currentBudget: 10
# number of elites: 10
# nbConfigurations: 10
# Total CPU user time: 619606.8, CPU sys time: 4011.294, Wall-clock time: 16384.33
# Best configurations (first number is the configuration ID; listed from best to worst according to the sum of ranks):
    his_len max_attempts
74     4620          432
154    4936          380
168    4647          433
182    4932          399
104    4912          398
160    4886          385
152    4916          380
50     5257          409
97     5059          397
176    4589          431
# Best configurations as commandlines (first number is the configuration ID; listed from best to worst according to the sum of ranks):
74  -his_len 4620 -max_attempts 432
154 -his_len 4936 -max_attempts 380
168 -his_len 4647 -max_attempts 433
182 -his_len 4932 -max_attempts 399
104 -his_len 4912 -max_attempts 398
160 -his_len 4886 -max_attempts 385
152 -his_len 4916 -max_attempts 380
50  -his_len 5257 -max_attempts 409
97  -his_len 5059 -max_attempts 397
176 -his_len 4589 -max_attempts 431


# Testing of elite configurations: 1 
# Testing iteration configurations: FALSE 
# 2025-12-29 19:49:19 GMT: No test instances, skip testing
