Starting irace...
# 2025-12-26 13:34:57 GMT: Reading parameter file '/gpfs/home/e/exx866/IRACE-b-LAHC/all-instances-rough/X-n469-k26-s10/parameters.txt'.
# 2025-12-26 13:34:57 GMT: Read 1 configuration(s) from file '/gpfs/home/e/exx866/IRACE-b-LAHC/all-instances-rough/X-n469-k26-s10/configurations.txt'
# 2025-12-26 13:34:58 GMT: Initialization
# Elitist race
# Elitist new instances: 1
# Elitist limit: 2
# nbIterations: 3
# minNbSurvival: 10
# nbParameters: 2
# seed: 1797910841
# confidence level: 0.95
# budget: 3500
# mu: 10
# deterministic: FALSE

# 2025-12-26 13:34:58 GMT: Iteration 1 of 3
# experimentsUsed: 0
# remainingBudget: 3500
# currentBudget: 1166
# nbConfigurations: 58
# Markers:
     x No test is performed.
     c Configurations are discarded only due to capping.
     - The test is performed and some configurations are discarded.
     = The test is performed but no configuration is discarded.
     ! The test is performed and configurations could be discarded but elite configurations are preserved.
     . All alive configurations are elite and nothing is discarded.

+-+-----------+-----------+-----------+----------------+-----------+--------+-----+----+------+
| |   Instance|      Alive|       Best|       Mean best| Exp so far|  W time|  rho|KenW|  Qvar|
+-+-----------+-----------+-----------+----------------+-----------+--------+-----+----+------+
|x|          1|         58|         47|     24396.05000|         58|00:02:49|   NA|  NA|    NA|
|x|          2|         58|         14|     24398.23000|        116|00:02:23|+0.92|0.96|0.0304|
|x|          3|         58|         14|     24438.04333|        174|00:02:35|+0.94|0.96|0.0259|
|x|          4|         58|         14|     24436.36750|        232|00:02:23|+0.92|0.94|0.0311|
|x|          5|         58|         14|     24471.94200|        290|00:02:22|+0.91|0.93|0.0364|
|x|          6|         58|         28|     24509.94667|        348|00:02:20|+0.90|0.92|0.0387|
|x|          7|         58|         28|     24517.67143|        406|00:02:06|+0.89|0.90|0.0444|
|x|          8|         58|         22|     24522.20125|        464|00:02:16|+0.88|0.90|0.0462|
|x|          9|         58|         22|     24519.33889|        522|00:02:16|+0.89|0.90|0.0452|
|-|         10|         10|         14|     24489.65300|        580|00:02:26|-0.06|0.05|0.9474|
+-+-----------+-----------+-----------+----------------+-----------+--------+-----+----+------+
Best-so-far configuration:          14    mean value:      24489.65300
Description of the best-so-far configuration:
   .ID. his_len max_attempts .PARENT.
14   14    3573          408       NA

# 2025-12-26 13:58:59 GMT: Elite configurations (first number is the configuration ID; listed from best to worst according to the sum of ranks):
   his_len max_attempts
14    3573          408
56    6344          244
28    2958          173
9     7267          127
22    4189          330
44    5728          478
36    2034          384
46   13116           41
11    6036          345
40    4497          197
# 2025-12-26 13:58:59 GMT: Iteration 2 of 3
# experimentsUsed: 580
# remainingBudget: 2920
# currentBudget: 1460
# nbConfigurations: 52
# Markers:
     x No test is performed.
     c Configurations are discarded only due to capping.
     - The test is performed and some configurations are discarded.
     = The test is performed but no configuration is discarded.
     ! The test is performed and configurations could be discarded but elite configurations are preserved.
     . All alive configurations are elite and nothing is discarded.

+-+-----------+-----------+-----------+----------------+-----------+--------+-----+----+------+
| |   Instance|      Alive|       Best|       Mean best| Exp so far|  W time|  rho|KenW|  Qvar|
+-+-----------+-----------+-----------+----------------+-----------+--------+-----+----+------+
|x|         11|         52|         74|     24421.41000|         52|00:02:25|   NA|  NA|    NA|
|x|          1|         52|         87|     24469.00500|         94|00:02:06|+0.32|0.66|0.6477|
|x|          6|         52|         80|     24472.98667|        136|00:01:58|+0.21|0.47|0.7831|
|x|          8|         52|         96|     24493.23500|        178|00:01:56|+0.15|0.37|0.8084|
|x|          4|         52|         99|     24462.32600|        220|00:01:59|+0.17|0.34|0.7774|
|x|          7|         52|         63|     24474.19333|        262|00:01:45|+0.13|0.27|0.8246|
|x|          9|         52|         63|     24482.22571|        304|00:01:54|+0.13|0.25|0.8303|
|x|         10|         52|         63|     24487.71125|        346|00:02:02|+0.13|0.24|0.8281|
|x|          5|         52|         63|     24485.17667|        388|00:01:59|+0.14|0.23|0.8216|
|-|          3|         31|         63|     24487.65400|        430|00:02:07|-0.07|0.04|1.0316|
|x|          2|         31|         63|     24494.25455|        451|00:02:48|-0.06|0.04|1.0223|
|x|         12|         31|         14|     24492.27833|        482|00:01:49|-0.05|0.04|1.0089|
|x|         13|         31|         14|     24498.65308|        513|00:01:49|-0.04|0.04|1.0044|
|x|         14|         31|         14|     24498.17786|        544|00:01:58|-0.03|0.04|1.0010|
|x|         15|         31|         14|     24492.14933|        575|00:02:15|-0.03|0.04|0.9900|
|x|         16|         31|         14|     24488.31313|        606|00:02:08|-0.02|0.04|0.9814|
|x|         17|         31|         14|     24498.30882|        637|00:01:57|-0.02|0.04|0.9839|
|x|         18|         31|         14|     24501.73944|        668|00:02:13|-0.01|0.04|0.9800|
|x|         19|         31|         14|     24504.84105|        699|00:01:51|-0.01|0.04|0.9815|
|=|         20|         31|         14|     24509.48050|        730|00:01:46|-0.01|0.04|0.9797|
|x|         21|         31|         14|     24509.90190|        761|00:02:02|-0.01|0.04|0.9741|
|x|         22|         31|         62|     24511.27091|        792|00:02:05|-0.00|0.04|0.9714|
|x|         23|         31|         62|     24509.42913|        823|00:01:57|+0.00|0.05|0.9659|
|x|         24|         31|         62|     24511.92625|        854|00:01:43|+0.00|0.05|0.9646|
|x|         25|         31|         62|     24513.12200|        885|00:01:59|+0.00|0.04|0.9661|
|x|         26|         31|         62|     24511.64846|        916|00:01:55|+0.01|0.04|0.9631|
|x|         27|         31|         62|     24516.89037|        947|00:01:54|+0.00|0.04|0.9656|
|x|         28|         31|         62|     24516.50964|        978|00:01:47|+0.01|0.04|0.9627|
|x|         29|         31|         56|     24519.80207|       1009|00:02:10|+0.01|0.04|0.9626|
|=|         30|         31|         56|     24518.41333|       1040|00:01:55|+0.01|0.04|0.9615|
+-+-----------+-----------+-----------+----------------+-----------+--------+-----+----+------+
Best-so-far configuration:          56    mean value:      24518.41333
Description of the best-so-far configuration:
   .ID. his_len max_attempts .PARENT.
56   56    6344          244       NA

# 2025-12-26 14:59:25 GMT: Elite configurations (first number is the configuration ID; listed from best to worst according to the sum of ranks):
   his_len max_attempts
56    6344          244
60    5604          193
90    6310          174
88    7913          115
62    3561          435
67    4991          239
14    3573          408
96    3797          418
85    5487          422
75    5816          259
# 2025-12-26 14:59:25 GMT: Iteration 3 of 3
# experimentsUsed: 1620
# remainingBudget: 1880
# currentBudget: 1880
# nbConfigurations: 54
# Markers:
     x No test is performed.
     c Configurations are discarded only due to capping.
     - The test is performed and some configurations are discarded.
     = The test is performed but no configuration is discarded.
     ! The test is performed and configurations could be discarded but elite configurations are preserved.
     . All alive configurations are elite and nothing is discarded.

+-+-----------+-----------+-----------+----------------+-----------+--------+-----+----+------+
| |   Instance|      Alive|       Best|       Mean best| Exp so far|  W time|  rho|KenW|  Qvar|
+-+-----------+-----------+-----------+----------------+-----------+--------+-----+----+------+
|x|         31|         54|        110|     24411.77000|         54|00:02:11|   NA|  NA|    NA|
|x|          2|         54|         75|     24426.61500|         98|00:01:53|+0.10|0.55|0.9442|
|x|         19|         54|        114|     24444.98333|        142|00:01:51|+0.01|0.34|0.9861|
|x|         27|         54|         75|     24463.71750|        186|00:01:55|-0.04|0.22|1.0201|
|x|         29|         54|        133|     24479.80000|        230|00:01:52|+0.01|0.21|0.9627|
|x|          5|         54|        112|     24472.56000|        274|00:01:51|+0.00|0.17|0.9840|
|x|         20|         54|        112|     24462.96143|        318|00:01:52|+0.00|0.15|0.9845|
|x|          1|         54|        112|     24457.14500|        362|00:02:01|+0.00|0.13|0.9745|
|x|          8|         54|        112|     24457.91778|        406|00:01:47|-0.02|0.10|0.9885|
|=|         14|         54|        112|     24458.21500|        450|00:01:57|-0.00|0.10|0.9711|
|x|         16|         54|        112|     24470.93909|        494|00:02:10|+0.01|0.10|0.9689|
|x|         13|         54|        114|     24482.79500|        538|00:01:50|+0.00|0.09|0.9723|
|x|          9|         54|        114|     24477.11077|        582|00:01:51|+0.02|0.10|0.9528|
|x|          6|         54|        125|     24488.76214|        626|00:01:51|+0.01|0.08|0.9646|
|x|         24|         54|        112|     24475.44267|        670|00:01:47|+0.02|0.08|0.9585|
|x|          7|         54|        125|     24486.23812|        714|00:01:38|+0.02|0.08|0.9550|
|x|         23|         54|        125|     24485.10412|        758|00:01:56|+0.02|0.08|0.9593|
|x|         17|         54|        125|     24486.77722|        802|00:01:59|+0.01|0.07|0.9641|
|x|         22|         54|        125|     24489.04053|        846|00:02:00|+0.02|0.07|0.9637|
|-|         30|         28|        125|     24490.08500|        890|00:01:55|-0.00|0.05|0.9663|
|x|         11|         28|        125|     24488.48000|        908|00:02:04|+0.00|0.05|0.9629|
|x|         26|         28|        125|     24486.06091|        926|00:01:40|-0.01|0.04|0.9695|
|x|         18|         28|        125|     24490.23087|        944|00:01:53|-0.01|0.04|0.9707|
|x|         10|         28|        125|     24495.51333|        962|00:01:38|-0.01|0.03|0.9740|
|x|         28|         28|        125|     24491.89520|        980|00:01:43|-0.01|0.03|0.9722|
|x|         25|         28|        125|     24490.44731|        998|00:01:40|-0.00|0.04|0.9683|
|x|         21|         28|        125|     24491.31074|       1016|00:01:54|-0.00|0.03|0.9667|
|x|         12|         28|        125|     24492.66357|       1034|00:01:36|-0.01|0.03|0.9703|
|x|         15|         28|        125|     24490.60276|       1052|00:01:57|-0.00|0.03|0.9689|
|=|          3|         28|        125|     24490.65467|       1070|00:01:52|-0.01|0.03|0.9724|
|x|          4|         28|        125|     24495.09935|       1088|00:03:25|-0.01|0.03|0.9721|
|x|         32|         28|        125|     24499.14344|       1116|00:01:43|-0.01|0.02|0.9726|
|x|         33|         28|        125|     24498.51697|       1144|00:02:25|-0.01|0.02|0.9751|
|x|         34|         28|        125|     24495.85029|       1172|00:02:10|-0.01|0.02|0.9707|
|x|         35|         28|        125|     24493.87400|       1200|00:01:45|-0.00|0.03|0.9692|
|x|         36|         28|        125|     24494.13750|       1228|00:01:35|-0.00|0.03|0.9683|
|x|         37|         28|        125|     24496.02459|       1256|00:01:55|-0.00|0.02|0.9685|
|x|         38|         28|        125|     24497.57237|       1284|00:02:22|-0.00|0.02|0.9688|
|x|         39|         28|        125|     24498.33462|       1312|00:01:39|-0.00|0.02|0.9679|
|=|         40|         28|        125|     24502.73550|       1340|00:01:46|-0.00|0.02|0.9679|
|x|         41|         28|        125|     24502.39561|       1368|00:02:06|-0.00|0.02|0.9687|
|x|         42|         28|        125|     24504.03714|       1396|00:01:44|-0.00|0.02|0.9677|
|x|         43|         28|        125|     24503.38023|       1424|00:01:36|-0.00|0.02|0.9688|
|x|         44|         28|        112|     24501.68318|       1452|00:01:50|-0.00|0.02|0.9681|
|x|         45|         28|        112|     24502.74156|       1480|00:01:45|-0.00|0.02|0.9671|
|x|         46|         28|        112|     24503.18870|       1508|00:01:54|-0.00|0.02|0.9675|
|x|         47|         28|        112|     24503.06277|       1536|00:01:44|-0.00|0.02|0.9659|
|x|         48|         28|        112|     24502.62604|       1564|00:01:51|+0.00|0.02|0.9651|
|x|         49|         28|        112|     24503.18510|       1592|00:02:12|+0.00|0.02|0.9655|
|=|         50|         28|        112|     24505.90600|       1620|00:01:46|-0.00|0.02|0.9677|
+-+-----------+-----------+-----------+----------------+-----------+--------+-----+----+------+
Best-so-far configuration:         112    mean value:      24505.90600
Description of the best-so-far configuration:
    .ID. his_len max_attempts .PARENT.
112  112    6359          241       56

# 2025-12-26 16:35:09 GMT: Elite configurations (first number is the configuration ID; listed from best to worst according to the sum of ranks):
    his_len max_attempts
112    6359          241
125    6337          241
108    3956          437
56     6344          244
75     5816          259
122    5881          174
116    6170          246
114    5802          201
130    6240          243
103    6408          241
# 2025-12-26 16:35:09 GMT: Iteration 4 of 4
# experimentsUsed: 3240
# remainingBudget: 260
# currentBudget: 260
# nbConfigurations: 12
# Markers:
     x No test is performed.
     c Configurations are discarded only due to capping.
     - The test is performed and some configurations are discarded.
     = The test is performed but no configuration is discarded.
     ! The test is performed and configurations could be discarded but elite configurations are preserved.
     . All alive configurations are elite and nothing is discarded.

+-+-----------+-----------+-----------+----------------+-----------+--------+-----+----+------+
| |   Instance|      Alive|       Best|       Mean best| Exp so far|  W time|  rho|KenW|  Qvar|
+-+-----------+-----------+-----------+----------------+-----------+--------+-----+----+------+
|x|         51|         12|        114|     24399.08000|         12|00:01:55|   NA|  NA|    NA|
|x|         46|         12|        125|     24457.81500|         14|00:01:30|-0.01|0.50|0.9273|
|x|          5|         12|        122|     24447.41333|         16|00:01:36|-0.15|0.23|1.0128|
|x|         30|         12|        125|     24490.84250|         18|00:01:34|-0.00|0.25|0.9049|
|x|         21|         12|        125|     24495.42600|         20|00:01:40|-0.13|0.10|1.0102|
|x|         18|         12|        125|     24509.85000|         22|00:01:49|-0.12|0.07|1.0210|
|x|         17|         12|        122|     24492.28714|         24|00:01:53|-0.10|0.05|1.0082|
|x|         11|         12|        122|     24480.79625|         26|00:01:44|-0.06|0.07|0.9641|
|x|         41|         12|        122|     24484.52111|         28|00:01:37|-0.04|0.07|0.9482|
|=|         12|         12|        125|     24504.86900|         30|00:01:31|-0.07|0.04|0.9677|
|x|          1|         12|        125|     24501.36545|         32|00:01:42|-0.04|0.06|0.9438|
|x|         50|         12|        122|     24481.48333|         34|00:01:37|-0.03|0.06|0.9261|
|x|          4|         12|        122|     24484.88308|         36|00:01:34|-0.04|0.04|0.9406|
|x|         25|         12|        103|     24496.42857|         38|00:01:35|-0.04|0.03|0.9446|
|x|         23|         12|        125|     24512.61667|         40|00:01:37|-0.04|0.03|0.9403|
|x|         16|         12|        125|     24508.97875|         42|00:01:47|-0.02|0.04|0.9256|
|x|         40|         12|        125|     24518.70765|         44|00:01:34|-0.03|0.03|0.9373|
|x|         44|         12|        103|     24505.07722|         46|00:01:39|-0.03|0.02|0.9390|
|x|         29|         12|        125|     24518.83737|         48|00:01:29|-0.03|0.02|0.9387|
|=|         45|         12|        108|     24501.70650|         50|00:01:31|-0.03|0.02|0.9390|
|x|         26|         12|        103|     24499.38524|         52|00:01:35|-0.03|0.02|0.9320|
|x|         31|         12|        103|     24500.84864|         54|00:01:38|-0.02|0.02|0.9318|
|x|         27|         12|        103|     24498.08739|         56|00:01:41|-0.02|0.02|0.9279|
|x|         19|         12|        103|     24494.65792|         58|00:01:28|-0.02|0.02|0.9282|
|x|         37|         12|        103|     24494.40680|         60|00:01:32|-0.01|0.03|0.9220|
|x|         35|         12|        103|     24497.33885|         62|00:01:35|-0.01|0.03|0.9199|
|x|         47|         12|        103|     24496.50000|         64|00:01:32|-0.01|0.03|0.9130|
|x|         39|         12|        103|     24497.02679|         66|00:01:28|-0.00|0.03|0.9125|
|x|         15|         12|        103|     24498.27207|         68|00:01:40|-0.00|0.03|0.9116|
|=|         24|         12|        103|     24498.03333|         70|00:01:29|+0.00|0.03|0.9113|
|x|         43|         12|        103|     24500.50613|         72|00:01:25|+0.00|0.04|0.9097|
|x|         20|         12|        103|     24500.29813|         74|00:01:33|+0.01|0.04|0.9043|
|x|         32|         12|        103|     24498.59061|         76|00:01:34|+0.01|0.04|0.9026|
|x|         48|         12|        103|     24501.41853|         78|00:01:39|+0.01|0.04|0.9079|
|x|         28|         12|         75|     24499.92429|         80|00:01:32|+0.01|0.03|0.9117|
|x|          6|         12|         75|     24500.59333|         82|00:01:27|+0.01|0.04|0.9101|
|x|         14|         12|        125|     24508.81730|         84|00:01:35|+0.01|0.04|0.9097|
|x|         38|         12|        103|     24499.44842|         86|00:01:36|+0.01|0.04|0.9051|
|x|          2|         12|         75|     24497.82000|         88|00:01:33|+0.01|0.04|0.9051|
|=|         10|         12|        103|     24502.15175|         90|00:01:34|+0.01|0.03|0.9095|
|x|         33|         12|        125|     24511.70659|         92|00:01:49|+0.01|0.03|0.9123|
|x|          9|         12|        125|     24510.55595|         94|00:01:30|+0.01|0.03|0.9094|
|x|          3|         12|        125|     24510.12814|         96|00:01:37|+0.01|0.03|0.9116|
|x|          8|         12|        125|     24508.58091|         98|00:01:36|+0.01|0.03|0.9131|
|x|         42|         12|        125|     24509.97556|        100|00:01:39|+0.01|0.03|0.9119|
|x|         13|         12|        125|     24510.50957|        102|00:01:27|+0.01|0.03|0.9131|
|x|         36|         12|        112|     24505.76957|        104|00:01:28|+0.01|0.03|0.9134|
|x|         22|         12|        112|     24505.49792|        106|00:01:42|+0.01|0.03|0.9153|
|x|         34|         12|        112|     24504.37388|        108|00:01:34|+0.01|0.03|0.9115|
|=|         49|         12|        125|     24508.68240|        110|00:01:31|+0.01|0.03|0.9154|
|x|          7|         12|        125|     24507.18176|        112|00:01:20|+0.00|0.02|0.9164|
|x|         52|         12|        125|     24505.80462|        124|00:01:37|+0.00|0.02|0.9177|
|x|         53|         12|        125|     24506.66811|        136|00:01:34|+0.00|0.02|0.9192|
|x|         54|         12|        125|     24507.97796|        148|00:01:36|+0.00|0.02|0.9181|
|x|         55|         12|        125|     24508.18745|        160|00:01:41|+0.01|0.02|0.9165|
|x|         56|         12|        125|     24509.50554|        172|00:01:38|+0.01|0.02|0.9147|
|x|         57|         12|        125|     24508.26474|        184|00:01:34|+0.01|0.02|0.9137|
|x|         58|         12|        125|     24507.78017|        196|00:01:36|+0.01|0.03|0.9125|
|x|         59|         12|        125|     24508.67424|        208|00:01:38|+0.01|0.02|0.9131|
|=|         60|         12|        125|     24508.70717|        220|00:01:37|+0.01|0.02|0.9142|
+-+-----------+-----------+-----------+----------------+-----------+--------+-----+----+------+
Best-so-far configuration:         125    mean value:      24508.70717
Description of the best-so-far configuration:
    .ID. his_len max_attempts .PARENT.
125  125    6337          241       56

# 2025-12-26 18:11:22 GMT: Elite configurations (first number is the configuration ID; listed from best to worst according to the sum of ranks):
    his_len max_attempts
125    6337          241
75     5816          259
112    6359          241
114    5802          201
56     6344          244
108    3956          437
130    6240          243
103    6408          241
122    5881          174
145    6112          175
# 2025-12-26 18:11:22 GMT: Stopped because there is not enough budget left to race more than the minimum (10).
# You may either increase the budget or set 'minNbSurvival' to a lower value.
# Iteration: 5
# nbIterations: 5
# experimentsUsed: 3460
# timeUsed: 0
# remainingBudget: 40
# currentBudget: 40
# number of elites: 10
# nbConfigurations: 10
# Total CPU user time: 347012.4, CPU sys time: 1866.031, Wall-clock time: 16585.03
# Best configurations (first number is the configuration ID; listed from best to worst according to the sum of ranks):
    his_len max_attempts
125    6337          241
75     5816          259
112    6359          241
114    5802          201
56     6344          244
108    3956          437
130    6240          243
103    6408          241
122    5881          174
145    6112          175
# Best configurations as commandlines (first number is the configuration ID; listed from best to worst according to the sum of ranks):
125 -his_len 6337 -max_attempts 241
75  -his_len 5816 -max_attempts 259
112 -his_len 6359 -max_attempts 241
114 -his_len 5802 -max_attempts 201
56  -his_len 6344 -max_attempts 244
108 -his_len 3956 -max_attempts 437
130 -his_len 6240 -max_attempts 243
103 -his_len 6408 -max_attempts 241
122 -his_len 5881 -max_attempts 174
145 -his_len 6112 -max_attempts 175


# Testing of elite configurations: 1 
# Testing iteration configurations: FALSE 
# 2025-12-26 18:11:22 GMT: No test instances, skip testing
