Starting irace...
# 2025-12-29 16:14:11 GMT: Reading parameter file '/gpfs/home/e/exx866/IRACE-b-LAHC/all-instances-fine/X-n469-k26-s10/parameters.txt'.
# 2025-12-29 16:14:11 GMT: Read 1 configuration(s) from file '/gpfs/home/e/exx866/IRACE-b-LAHC/all-instances-fine/X-n469-k26-s10/configurations.txt'
# 2025-12-29 16:14:11 GMT: Initialization
# Elitist race
# Elitist new instances: 1
# Elitist limit: 2
# nbIterations: 3
# minNbSurvival: 10
# nbParameters: 2
# seed: 90818248
# confidence level: 0.95
# budget: 6000
# mu: 10
# deterministic: FALSE

# 2025-12-29 16:14:11 GMT: Iteration 1 of 3
# experimentsUsed: 0
# remainingBudget: 6000
# currentBudget: 2000
# nbConfigurations: 100
# Markers:
     x No test is performed.
     c Configurations are discarded only due to capping.
     - The test is performed and some configurations are discarded.
     = The test is performed but no configuration is discarded.
     ! The test is performed and configurations could be discarded but elite configurations are preserved.
     . All alive configurations are elite and nothing is discarded.

+-+-----------+-----------+-----------+----------------+-----------+--------+-----+----+------+
| |   Instance|      Alive|       Best|       Mean best| Exp so far|  W time|  rho|KenW|  Qvar|
+-+-----------+-----------+-----------+----------------+-----------+--------+-----+----+------+
|x|          1|        100|         46|     24374.48000|        100|00:02:29|   NA|  NA|    NA|
|x|          2|        100|         22|     24405.54500|        200|00:02:15|+0.19|0.60|0.7954|
|x|          3|        100|         72|     24438.98000|        300|00:02:18|+0.06|0.37|0.9008|
|x|          4|        100|         72|     24448.83000|        400|00:02:29|+0.04|0.28|0.9547|
|x|          5|        100|         62|     24441.85200|        500|00:02:18|+0.05|0.24|0.9346|
|x|          6|        100|         62|     24450.51333|        600|00:02:12|+0.04|0.20|0.9357|
|x|          7|        100|         30|     24468.86714|        700|00:02:18|+0.07|0.20|0.9197|
|x|          8|        100|         96|     24477.84625|        800|00:02:16|+0.09|0.20|0.9012|
|x|          9|        100|         96|     24482.89444|        900|00:02:16|+0.08|0.18|0.9090|
|-|         10|         61|         68|     24482.15700|       1000|00:02:17|-0.05|0.05|1.0305|
|x|         11|         61|         30|     24472.38727|       1061|00:02:28|-0.03|0.07|1.0087|
|x|         12|         61|         30|     24476.71500|       1122|00:02:06|-0.02|0.07|1.0009|
|x|         13|         61|         30|     24474.61077|       1183|00:02:06|-0.00|0.07|0.9845|
|x|         14|         61|         78|     24485.06714|       1244|00:02:01|-0.00|0.07|0.9826|
|x|         15|         61|         78|     24481.31200|       1305|00:01:58|-0.00|0.06|0.9809|
|x|         16|         61|         78|     24480.46563|       1366|00:02:05|+0.00|0.07|0.9770|
|x|         17|         61|         78|     24482.09882|       1427|00:02:07|+0.01|0.06|0.9751|
|x|         18|         61|         78|     24477.89056|       1488|00:02:10|+0.01|0.06|0.9763|
|x|         19|         61|         78|     24481.58211|       1549|00:02:18|+0.01|0.06|0.9741|
|=|         20|         61|         73|     24491.36650|       1610|00:02:37|+0.00|0.05|0.9794|
+-+-----------+-----------+-----------+----------------+-----------+--------+-----+----+------+
Best-so-far configuration:          73    mean value:      24491.36650
Description of the best-so-far configuration:
   .ID. his_len max_attempts .PARENT.
73   73    6575          250       NA

# 2025-12-29 16:59:25 GMT: Elite configurations (first number is the configuration ID; listed from best to worst according to the sum of ranks):
   his_len max_attempts
73    6575          250
78    5199          311
30    5125          285
28    5518          261
4     6599          182
7     5420          304
89    4904          256
22    6108          151
31    6698          188
29    7091          163
# 2025-12-29 16:59:25 GMT: Iteration 2 of 3
# experimentsUsed: 1610
# remainingBudget: 4390
# currentBudget: 2195
# nbConfigurations: 79
# Markers:
     x No test is performed.
     c Configurations are discarded only due to capping.
     - The test is performed and some configurations are discarded.
     = The test is performed but no configuration is discarded.
     ! The test is performed and configurations could be discarded but elite configurations are preserved.
     . All alive configurations are elite and nothing is discarded.

+-+-----------+-----------+-----------+----------------+-----------+--------+-----+----+------+
| |   Instance|      Alive|       Best|       Mean best| Exp so far|  W time|  rho|KenW|  Qvar|
+-+-----------+-----------+-----------+----------------+-----------+--------+-----+----+------+
|x|         21|         79|        147|     24389.70000|         79|00:02:15|   NA|  NA|    NA|
|x|          5|         79|        147|     24385.25500|        148|00:02:31|-0.04|0.48|1.0505|
|x|         15|         79|        138|     24438.57000|        217|00:02:00|-0.01|0.33|1.0231|
|x|         17|         79|        117|     24461.35500|        286|00:01:56|-0.04|0.22|1.0437|
|x|          6|         79|        157|     24460.60800|        355|00:02:01|-0.04|0.17|1.0376|
|x|         20|         79|        117|     24456.05000|        424|00:02:01|-0.03|0.14|1.0270|
|x|         12|         79|        161|     24459.36286|        493|00:02:04|-0.02|0.12|1.0139|
|x|          1|         79|        161|     24458.60375|        562|00:02:00|-0.01|0.11|1.0019|
|x|          9|         79|        161|     24459.55000|        631|00:01:54|+0.00|0.11|0.9877|
|=|         13|         79|        161|     24455.44300|        700|00:02:34|+0.01|0.11|0.9805|
|x|          8|         79|        161|     24460.27818|        769|00:02:05|+0.00|0.09|0.9844|
|x|         11|         79|        161|     24457.67250|        838|00:02:18|+0.01|0.10|0.9754|
|x|         19|         79|        161|     24466.16538|        907|00:02:00|+0.01|0.08|0.9783|
|x|          3|         79|        161|     24471.90429|        976|00:01:56|-0.00|0.07|0.9848|
|x|          4|         79|        161|     24480.84667|       1045|00:02:33|-0.00|0.06|0.9881|
|x|         18|         79|        161|     24485.30500|       1114|00:02:12|-0.01|0.05|0.9958|
|x|          7|         79|        161|     24482.31706|       1183|00:02:00|-0.00|0.06|0.9889|
|x|         10|         79|        161|     24485.32222|       1252|00:02:19|-0.00|0.05|0.9862|
|x|          2|         79|        119|     24488.22947|       1321|00:01:59|+0.00|0.05|0.9849|
|=|         14|         79|        161|     24486.61150|       1390|00:02:45|-0.00|0.05|0.9844|
|x|         16|         79|         78|     24491.79143|       1459|00:01:59|-0.00|0.04|0.9878|
|x|         22|         79|        144|     24498.86636|       1538|00:02:01|+0.00|0.05|0.9850|
|x|         23|         79|        144|     24500.59565|       1617|00:02:12|-0.00|0.04|0.9864|
|x|         24|         79|         73|     24496.81292|       1696|00:02:11|+0.00|0.04|0.9848|
|x|         25|         79|         78|     24490.73840|       1775|00:01:51|+0.00|0.04|0.9855|
|x|         26|         79|         78|     24495.23346|       1854|00:01:57|-0.00|0.04|0.9858|
|x|         27|         79|        117|     24494.04185|       1933|00:02:16|-0.00|0.04|0.9856|
|x|         28|         79|        117|     24492.03250|       2012|00:02:03|-0.00|0.03|0.9867|
|x|         29|         79|        117|     24493.59931|       2091|00:02:23|+0.00|0.03|0.9846|
|=|         30|         79|        130|     24494.83967|       2170|00:02:07|+0.00|0.03|0.9832|
+-+-----------+-----------+-----------+----------------+-----------+--------+-----+----+------+
Best-so-far configuration:         130    mean value:      24494.83967
Description of the best-so-far configuration:
    .ID. his_len max_attempts .PARENT.
130  130    4993          286       30

# 2025-12-29 18:04:05 GMT: Elite configurations (first number is the configuration ID; listed from best to worst according to the sum of ranks):
    his_len max_attempts
130    4993          286
117    5131          292
101    5375          311
125    5083          307
119    4964          316
78     5199          311
161    5494          307
111    6405          176
73     6575          250
144    5572          274
# 2025-12-29 18:04:05 GMT: Iteration 3 of 3
# experimentsUsed: 3780
# remainingBudget: 2220
# currentBudget: 2220
# nbConfigurations: 63
# Markers:
     x No test is performed.
     c Configurations are discarded only due to capping.
     - The test is performed and some configurations are discarded.
     = The test is performed but no configuration is discarded.
     ! The test is performed and configurations could be discarded but elite configurations are preserved.
     . All alive configurations are elite and nothing is discarded.

+-+-----------+-----------+-----------+----------------+-----------+--------+-----+----+------+
| |   Instance|      Alive|       Best|       Mean best| Exp so far|  W time|  rho|KenW|  Qvar|
+-+-----------+-----------+-----------+----------------+-----------+--------+-----+----+------+
|x|         31|         63|        183|     24413.55000|         63|00:02:19|   NA|  NA|    NA|
|x|          1|         63|        210|     24381.86500|        116|00:02:11|-0.20|0.40|1.1758|
|x|         16|         63|        208|     24427.52000|        169|00:01:45|-0.02|0.32|1.0183|
|x|         29|         63|        208|     24441.57000|        222|00:02:08|+0.04|0.28|0.9717|
|x|         20|         63|        216|     24452.75800|        275|00:01:49|+0.04|0.23|0.9613|
|x|         15|         63|        187|     24438.83667|        328|00:01:48|+0.04|0.20|0.9604|
|x|         14|         63|        144|     24467.35000|        381|00:01:52|+0.01|0.15|0.9920|
|x|         17|         63|        161|     24465.87500|        434|00:01:44|+0.02|0.14|0.9881|
|x|          5|         63|        184|     24469.22444|        487|00:02:14|+0.03|0.14|0.9749|
|=|         24|         63|         78|     24477.08800|        540|00:01:44|+0.03|0.13|0.9695|
|x|          8|         63|        184|     24471.03000|        593|00:01:48|+0.01|0.10|0.9828|
|x|          3|         63|         78|     24479.53083|        646|00:01:48|-0.01|0.08|0.9967|
|x|          6|         63|        208|     24477.62231|        699|00:02:07|-0.01|0.07|1.0009|
|x|         12|         63|        208|     24478.16286|        752|00:02:29|-0.01|0.06|0.9994|
|x|         28|         63|        202|     24481.05000|        805|00:01:47|-0.00|0.06|0.9957|
|x|         26|         63|        161|     24483.85188|        858|00:02:00|-0.00|0.06|0.9904|
|x|         10|         63|        202|     24483.61647|        911|00:02:18|+0.00|0.06|0.9853|
|x|          7|         63|        222|     24480.59667|        964|00:01:47|+0.01|0.06|0.9827|
|x|         11|         63|        125|     24476.59263|       1017|00:02:30|+0.02|0.07|0.9728|
|=|         21|         63|        161|     24479.42350|       1070|00:02:55|+0.01|0.06|0.9787|
|x|          4|         63|        222|     24485.66857|       1123|00:02:03|+0.00|0.05|0.9859|
|x|          9|         63|        161|     24484.61955|       1176|00:02:00|-0.00|0.04|0.9896|
|x|         18|         63|        125|     24482.75522|       1229|00:01:42|-0.00|0.04|0.9871|
|x|         23|         63|        222|     24491.70375|       1282|00:01:55|-0.00|0.04|0.9891|
|x|         25|         63|        202|     24491.08240|       1335|00:01:54|-0.01|0.03|0.9905|
|x|         22|         63|        222|     24493.22654|       1388|00:01:44|-0.01|0.03|0.9910|
|x|          2|         63|        222|     24493.76074|       1441|00:01:51|-0.00|0.03|0.9897|
|x|         19|         63|        222|     24493.99750|       1494|00:02:03|-0.01|0.03|0.9916|
|x|         27|         63|        208|     24491.22552|       1547|00:02:20|-0.01|0.03|0.9908|
|=|         13|         63|        125|     24491.92033|       1600|00:02:11|-0.00|0.03|0.9867|
|x|         30|         63|        208|     24490.94645|       1653|00:02:27|-0.00|0.03|0.9861|
|x|         32|         63|        208|     24489.31094|       1716|00:01:47|-0.00|0.03|0.9836|
|x|         33|         63|        125|     24493.62121|       1779|00:01:59|-0.00|0.03|0.9837|
|x|         34|         63|        125|     24493.56941|       1842|00:02:08|-0.00|0.03|0.9841|
|x|         35|         63|        185|     24487.34143|       1905|00:01:41|-0.00|0.03|0.9839|
|x|         36|         63|        185|     24487.38778|       1968|00:01:58|-0.00|0.03|0.9846|
|x|         37|         63|        185|     24490.05324|       2031|00:02:04|-0.00|0.03|0.9843|
|x|         38|         63|        185|     24489.89026|       2094|00:02:15|-0.00|0.03|0.9848|
|x|         39|         63|        185|     24488.42256|       2157|00:02:23|-0.00|0.02|0.9852|
|=|         40|         63|        185|     24489.82350|       2220|00:01:55|-0.00|0.02|0.9858|
+-+-----------+-----------+-----------+----------------+-----------+--------+-----+----+------+
Best-so-far configuration:         185    mean value:      24489.82350
Description of the best-so-far configuration:
    .ID. his_len max_attempts .PARENT.
185  185    5345          311      101

# 2025-12-29 19:25:46 GMT: Elite configurations (first number is the configuration ID; listed from best to worst according to the sum of ranks):
    his_len max_attempts
185    5345          311
222    4976          286
101    5375          311
208    5471          306
178    4964          317
125    5083          307
199    4986          281
144    5572          274
175    5132          294
111    6405          176
# 2025-12-29 19:25:46 GMT: Stopped because budget is exhausted
# Iteration: 4
# nbIterations: 3
# experimentsUsed: 6000
# timeUsed: 0
# remainingBudget: 0
# currentBudget: 2220
# number of elites: 10
# nbConfigurations: 63
# Total CPU user time: 606691.2, CPU sys time: 4341.082, Wall-clock time: 11495.44
# Best configurations (first number is the configuration ID; listed from best to worst according to the sum of ranks):
    his_len max_attempts
185    5345          311
222    4976          286
101    5375          311
208    5471          306
178    4964          317
125    5083          307
199    4986          281
144    5572          274
175    5132          294
111    6405          176
# Best configurations as commandlines (first number is the configuration ID; listed from best to worst according to the sum of ranks):
185 -his_len 5345 -max_attempts 311
222 -his_len 4976 -max_attempts 286
101 -his_len 5375 -max_attempts 311
208 -his_len 5471 -max_attempts 306
178 -his_len 4964 -max_attempts 317
125 -his_len 5083 -max_attempts 307
199 -his_len 4986 -max_attempts 281
144 -his_len 5572 -max_attempts 274
175 -his_len 5132 -max_attempts 294
111 -his_len 6405 -max_attempts 176


# Testing of elite configurations: 1 
# Testing iteration configurations: FALSE 
# 2025-12-29 19:25:46 GMT: No test instances, skip testing
