Starting irace...
# 2025-12-26 13:34:56 GMT: Reading parameter file '/gpfs/home/e/exx866/IRACE-b-LAHC/all-instances-rough/M-n212-k16-s12/parameters.txt'.
# 2025-12-26 13:34:57 GMT: Read 1 configuration(s) from file '/gpfs/home/e/exx866/IRACE-b-LAHC/all-instances-rough/M-n212-k16-s12/configurations.txt'
# 2025-12-26 13:34:57 GMT: Initialization
# Elitist race
# Elitist new instances: 1
# Elitist limit: 2
# nbIterations: 3
# minNbSurvival: 10
# nbParameters: 2
# seed: 262284371
# confidence level: 0.95
# budget: 3500
# mu: 10
# deterministic: FALSE

# 2025-12-26 13:34:57 GMT: Iteration 1 of 3
# experimentsUsed: 0
# remainingBudget: 3500
# currentBudget: 1166
# nbConfigurations: 58
# Markers:
     x No test is performed.
     c Configurations are discarded only due to capping.
     - The test is performed and some configurations are discarded.
     = The test is performed but no configuration is discarded.
     ! The test is performed and configurations could be discarded but elite configurations are preserved.
     . All alive configurations are elite and nothing is discarded.

+-+-----------+-----------+-----------+----------------+-----------+--------+-----+----+------+
| |   Instance|      Alive|       Best|       Mean best| Exp so far|  W time|  rho|KenW|  Qvar|
+-+-----------+-----------+-----------+----------------+-----------+--------+-----+----+------+
|x|          1|         58|         38|     1307.100000|         58|00:01:00|   NA|  NA|    NA|
|x|          2|         58|         38|     1307.800000|        116|00:01:03|+0.88|0.94|0.0542|
|x|          3|         58|         32|     1310.573333|        174|00:00:50|+0.88|0.92|0.0568|
|x|          4|         58|         57|     1314.857500|        232|00:00:53|+0.84|0.88|0.0908|
|x|          5|         58|         44|     1313.798000|        290|00:00:57|+0.85|0.88|0.0918|
|x|          6|         58|         57|     1313.425000|        348|00:00:52|+0.84|0.87|0.0910|
|x|          7|         58|         57|     1314.781429|        406|00:00:54|+0.84|0.87|0.0914|
|x|          8|         58|         18|     1314.055000|        464|00:00:35|+0.85|0.87|0.0857|
|x|          9|         58|         44|     1314.191111|        522|00:00:35|+0.85|0.87|0.0833|
|-|         10|         17|         44|     1314.508000|        580|00:00:45|-0.07|0.04|1.0033|
|x|         11|         17|         44|     1314.960909|        597|00:00:28|-0.07|0.03|1.0015|
|x|         12|         17|         44|     1314.560833|        614|00:00:34|-0.07|0.02|1.0064|
|x|         13|         17|         44|     1314.435385|        631|00:00:28|-0.05|0.03|0.9947|
|x|         14|         17|         44|     1314.387857|        648|00:00:35|-0.04|0.04|0.9840|
|x|         15|         17|         44|     1314.436667|        665|00:00:29|-0.02|0.04|0.9755|
|x|         16|         17|         44|     1314.330000|        682|00:00:30|-0.01|0.05|0.9637|
|x|         17|         17|         44|     1314.301765|        699|00:00:17|-0.01|0.05|0.9549|
|x|         18|         17|         44|     1314.466667|        716|00:00:17|-0.01|0.05|0.9556|
|x|         19|         17|         44|     1314.820526|        733|00:00:16|+0.00|0.06|0.9443|
|=|         20|         17|         44|     1314.776000|        750|00:00:29|+0.01|0.06|0.9382|
|x|         21|         17|         55|     1314.747143|        767|00:00:31|+0.01|0.05|0.9405|
|x|         22|         17|         31|     1315.276818|        784|00:00:34|+0.00|0.05|0.9417|
|x|         23|         17|         31|     1314.753913|        801|00:00:36|+0.01|0.06|0.9354|
|x|         24|         17|         31|     1314.735417|        818|00:00:33|+0.01|0.05|0.9369|
|x|         25|         17|         44|     1315.057600|        835|00:00:37|+0.01|0.05|0.9374|
|x|         26|         17|         31|     1315.108462|        852|00:00:32|+0.01|0.05|0.9386|
|x|         27|         17|         44|     1315.575556|        869|00:00:32|+0.01|0.04|0.9427|
|x|         28|         17|         16|     1315.538571|        886|00:00:23|+0.01|0.04|0.9385|
|x|         29|         17|         31|     1315.494483|        903|00:00:22|+0.00|0.04|0.9423|
|=|         30|         17|         16|     1315.496000|        920|00:00:22|+0.00|0.04|0.9411|
+-+-----------+-----------+-----------+----------------+-----------+--------+-----+----+------+
Best-so-far configuration:          16    mean value:      1315.496000
Description of the best-so-far configuration:
   .ID. his_len max_attempts .PARENT.
16   16    4175          321       NA

# 2025-12-26 13:53:03 GMT: Elite configurations (first number is the configuration ID; listed from best to worst according to the sum of ranks):
   his_len max_attempts
16    4175          321
31    7253          149
44    2020          407
55    1404          360
26    4791           86
24    1097          243
5      481          477
32   12178           24
33    2328          274
2     5406          102
# 2025-12-26 13:53:03 GMT: Iteration 2 of 3
# experimentsUsed: 920
# remainingBudget: 2580
# currentBudget: 1290
# nbConfigurations: 39
# Markers:
     x No test is performed.
     c Configurations are discarded only due to capping.
     - The test is performed and some configurations are discarded.
     = The test is performed but no configuration is discarded.
     ! The test is performed and configurations could be discarded but elite configurations are preserved.
     . All alive configurations are elite and nothing is discarded.

+-+-----------+-----------+-----------+----------------+-----------+--------+-----+----+------+
| |   Instance|      Alive|       Best|       Mean best| Exp so far|  W time|  rho|KenW|  Qvar|
+-+-----------+-----------+-----------+----------------+-----------+--------+-----+----+------+
|x|         31|         39|         81|     1307.650000|         39|00:00:31|   NA|  NA|    NA|
|x|         27|         39|         82|     1307.670000|         68|00:00:27|+0.08|0.54|0.8769|
|x|         29|         39|         78|     1311.473333|         97|00:00:26|-0.04|0.31|0.9517|
|x|         18|         39|         82|     1311.617500|        126|00:00:26|-0.07|0.20|1.0118|
|x|          9|         39|         82|     1311.348000|        155|00:00:26|-0.06|0.16|1.0134|
|x|         23|         39|         82|     1312.043333|        184|00:00:25|-0.03|0.14|1.0054|
|x|         24|         39|         82|     1311.798571|        213|00:00:26|-0.00|0.14|0.9788|
|x|         19|         39|         82|     1312.628750|        242|00:00:24|+0.01|0.13|0.9682|
|x|         28|         39|         82|     1313.257778|        271|00:00:24|+0.01|0.12|0.9650|
|=|         21|         39|         82|     1312.828000|        300|00:00:25|+0.02|0.12|0.9529|
|x|         22|         39|         82|     1313.254545|        329|00:00:28|+0.04|0.13|0.9322|
|x|         20|         39|         82|     1313.596667|        358|00:00:28|+0.04|0.12|0.9359|
|x|         13|         39|         32|     1314.599231|        387|00:00:25|+0.03|0.11|0.9359|
|x|         14|         39|         31|     1313.943571|        416|00:00:24|+0.05|0.12|0.9155|
|x|         26|         39|         31|     1314.097333|        445|00:00:23|+0.03|0.10|0.9332|
|x|         12|         39|         31|     1313.933750|        474|00:00:23|+0.04|0.10|0.9309|
|x|          1|         39|         31|     1313.838235|        503|00:00:23|+0.03|0.09|0.9348|
|x|          3|         39|         31|     1313.760556|        532|00:00:22|+0.04|0.09|0.9302|
|x|         10|         39|         31|     1313.667895|        561|00:00:21|+0.04|0.09|0.9289|
|-|         11|         24|         31|     1313.725000|        590|00:00:21|-0.02|0.03|0.9730|
|x|         25|         24|         31|     1314.162857|        604|00:00:17|-0.02|0.03|0.9761|
|x|         15|         24|         31|     1314.210000|        618|00:00:18|-0.02|0.03|0.9720|
|x|          2|         24|         31|     1314.160435|        632|00:00:20|-0.02|0.02|0.9766|
|x|          4|         24|         31|     1314.766250|        646|00:00:18|-0.02|0.02|0.9775|
|x|          5|         24|         31|     1314.907600|        660|00:00:19|-0.02|0.02|0.9767|
|x|          6|         24|         79|     1314.816154|        674|00:00:19|-0.02|0.02|0.9776|
|x|          8|         24|         72|     1315.586296|        688|00:00:19|-0.02|0.02|0.9734|
|x|         30|         24|         79|     1314.673929|        702|00:00:14|-0.02|0.02|0.9720|
|x|          7|         24|         79|     1314.696207|        716|00:00:13|-0.02|0.02|0.9701|
|=|         17|         24|         16|     1315.424000|        730|00:00:13|-0.01|0.02|0.9665|
|x|         16|         24|         79|     1314.799032|        744|00:00:13|-0.01|0.02|0.9636|
|x|         32|         24|         79|     1314.777188|        768|00:00:16|-0.01|0.02|0.9633|
|x|         33|         24|         79|     1314.744242|        792|00:00:20|-0.01|0.02|0.9650|
|x|         34|         24|         79|     1314.625294|        816|00:00:22|-0.01|0.02|0.9622|
|x|         35|         24|         79|     1314.641429|        840|00:00:18|-0.01|0.02|0.9593|
|x|         36|         24|         79|     1314.626944|        864|00:00:15|-0.01|0.02|0.9578|
|x|         37|         24|         79|     1314.729459|        888|00:00:15|-0.01|0.02|0.9575|
|x|         38|         24|         79|     1314.926579|        912|00:00:16|-0.00|0.02|0.9552|
|x|         39|         24|         79|     1314.990513|        936|00:00:16|-0.00|0.02|0.9550|
|=|         40|         24|         65|     1315.055500|        960|00:00:15|-0.00|0.02|0.9535|
|x|         41|         24|         65|     1315.041951|        984|00:00:15|-0.00|0.02|0.9519|
|x|         42|         24|         65|     1314.826429|       1008|00:00:16|-0.00|0.02|0.9527|
|x|         43|         24|         65|     1314.936512|       1032|00:00:15|-0.00|0.02|0.9555|
|x|         44|         24|         65|     1315.066591|       1056|00:00:15|-0.00|0.02|0.9541|
|x|         45|         24|         65|     1315.172222|       1080|00:00:15|-0.00|0.02|0.9519|
|x|         46|         24|         65|     1315.123478|       1104|00:00:15|-0.00|0.02|0.9525|
|x|         47|         24|         65|     1315.081915|       1128|00:00:16|+0.00|0.02|0.9522|
|x|         48|         24|         65|     1315.105000|       1152|00:00:16|+0.00|0.02|0.9513|
|x|         49|         24|         65|     1315.015510|       1176|00:00:16|+0.00|0.02|0.9508|
|=|         50|         24|         65|     1315.038200|       1200|00:00:16|+0.00|0.02|0.9502|
+-+-----------+-----------+-----------+----------------+-----------+--------+-----+----+------+
Best-so-far configuration:          65    mean value:      1315.038200
Description of the best-so-far configuration:
   .ID. his_len max_attempts .PARENT.
65   65    1375          244       24

# 2025-12-26 14:09:57 GMT: Elite configurations (first number is the configuration ID; listed from best to worst according to the sum of ranks):
   his_len max_attempts
65    1375          244
79    1260          402
44    2020          407
16    4175          321
70    1534          353
55    1404          360
78    4165           22
69    1871          360
85    2245          423
76    3462          331
# 2025-12-26 14:09:57 GMT: Iteration 3 of 3
# experimentsUsed: 2120
# remainingBudget: 1380
# currentBudget: 1380
# nbConfigurations: 31
# Markers:
     x No test is performed.
     c Configurations are discarded only due to capping.
     - The test is performed and some configurations are discarded.
     = The test is performed but no configuration is discarded.
     ! The test is performed and configurations could be discarded but elite configurations are preserved.
     . All alive configurations are elite and nothing is discarded.

+-+-----------+-----------+-----------+----------------+-----------+--------+-----+----+------+
| |   Instance|      Alive|       Best|       Mean best| Exp so far|  W time|  rho|KenW|  Qvar|
+-+-----------+-----------+-----------+----------------+-----------+--------+-----+----+------+
|x|         51|         31|        100|     1308.600000|         31|00:00:18|   NA|  NA|    NA|
|x|         28|         31|         91|     1310.575000|         52|00:00:14|+0.09|0.54|1.1047|
|x|         40|         31|        108|     1311.443333|         73|00:00:15|-0.04|0.31|1.0045|
|x|         27|         31|        100|     1313.215000|         94|00:00:15|+0.05|0.28|0.9145|
|x|         10|         31|         91|     1312.916000|        115|00:00:15|+0.02|0.22|0.9479|
|x|         22|         31|        108|     1313.126667|        136|00:00:15|+0.02|0.18|0.9394|
|x|         13|         31|        108|     1313.561429|        157|00:00:15|+0.02|0.16|0.9522|
|x|         44|         31|        100|     1313.916250|        178|00:00:15|+0.01|0.13|0.9648|
|x|         26|         31|        100|     1313.157778|        199|00:00:14|-0.01|0.10|0.9692|
|=|         46|         31|        100|     1314.160000|        220|00:00:15|-0.01|0.09|0.9836|
|x|         25|         31|        100|     1313.908182|        241|00:00:14|+0.01|0.10|0.9604|
|x|         14|         31|        100|     1314.177500|        262|00:00:15|+0.01|0.09|0.9557|
|x|         20|         31|        108|     1314.160000|        283|00:00:15|+0.00|0.08|0.9587|
|x|         37|         31|        108|     1314.277143|        304|00:00:15|-0.00|0.07|0.9575|
|x|         35|         31|        108|     1313.864667|        325|00:00:15|+0.01|0.07|0.9510|
|x|         34|         31|        108|     1314.093125|        346|00:00:15|+0.01|0.07|0.9522|
|x|         42|         31|        108|     1314.540588|        367|00:00:15|+0.00|0.06|0.9570|
|x|         19|         31|         97|     1314.816111|        388|00:00:15|+0.00|0.06|0.9588|
|x|         43|         31|        108|     1314.677895|        409|00:00:15|-0.01|0.05|0.9658|
|=|          5|         31|         65|     1314.371000|        430|00:00:14|-0.01|0.04|0.9679|
|x|         16|         31|         65|     1314.239048|        451|00:00:15|+0.00|0.05|0.9604|
|x|         24|         31|         65|     1314.169545|        472|00:00:14|+0.00|0.05|0.9591|
|x|         31|         31|         79|     1314.660000|        493|00:00:14|+0.00|0.05|0.9583|
|x|         18|         31|        108|     1314.932500|        514|00:00:15|-0.00|0.04|0.9636|
|x|         50|         31|         79|     1314.551600|        535|00:00:15|-0.01|0.03|0.9638|
|x|          9|         31|         78|     1314.885000|        556|00:00:15|-0.00|0.04|0.9589|
|x|          6|         31|         79|     1314.456667|        577|00:00:15|-0.00|0.03|0.9589|
|x|          2|         31|         79|     1314.458571|        598|00:00:14|-0.00|0.03|0.9582|
|x|          8|         31|         79|     1314.610690|        619|00:00:15|-0.00|0.03|0.9602|
|=|         47|         31|         79|     1314.495333|        640|00:00:14|-0.00|0.03|0.9571|
|x|         45|         31|        100|     1314.369355|        661|00:00:14|-0.00|0.03|0.9585|
|x|         48|         31|        100|     1314.401875|        682|00:00:15|-0.00|0.03|0.9618|
|x|          7|         31|         79|     1314.729697|        703|00:00:15|-0.01|0.02|0.9654|
|x|         23|         31|         44|     1315.046765|        724|00:00:15|-0.01|0.02|0.9654|
|x|         49|         31|         44|     1315.011714|        745|00:00:14|-0.01|0.02|0.9675|
|x|         38|         31|         44|     1315.003611|        766|00:00:15|-0.01|0.02|0.9687|
|x|         33|         31|         44|     1314.934595|        787|00:00:15|-0.01|0.02|0.9689|
|x|          3|         31|         44|     1314.995263|        808|00:00:15|-0.01|0.02|0.9698|
|x|         29|         31|         79|     1314.941795|        829|00:00:14|-0.01|0.02|0.9695|
|=|          1|         31|         79|     1314.926500|        850|00:00:15|-0.01|0.02|0.9680|
|x|         21|         31|         79|     1314.881951|        871|00:00:15|-0.01|0.02|0.9693|
|x|         12|         31|         79|     1315.000714|        892|00:00:15|-0.01|0.01|0.9716|
|x|         30|         31|         79|     1314.809535|        913|00:00:15|-0.01|0.02|0.9694|
|x|         39|         31|         79|     1314.868864|        934|00:00:15|-0.01|0.02|0.9677|
|x|         41|         31|         79|     1315.072222|        955|00:00:14|-0.01|0.02|0.9662|
|x|         36|         31|         79|     1315.051522|        976|00:00:14|-0.00|0.02|0.9657|
|x|          4|         31|         99|     1314.925319|        997|00:00:14|-0.00|0.02|0.9637|
|x|         32|         31|         99|     1314.887083|       1018|00:00:15|-0.00|0.02|0.9632|
|x|         15|         31|         99|     1314.922857|       1039|00:00:15|-0.00|0.02|0.9645|
|=|         11|         31|         65|     1315.020600|       1060|00:00:15|-0.00|0.02|0.9660|
|x|         17|         31|         99|     1314.849412|       1081|00:00:15|-0.00|0.02|0.9652|
|x|         52|         31|         99|     1315.093269|       1112|00:00:18|-0.00|0.01|0.9666|
|x|         53|         31|         79|     1315.233019|       1143|00:00:18|-0.01|0.01|0.9672|
|x|         54|         31|         79|     1315.230185|       1174|00:00:18|-0.01|0.01|0.9677|
|x|         55|         31|         79|     1315.204727|       1205|00:00:18|-0.00|0.01|0.9670|
|x|         56|         31|         79|     1315.159821|       1236|00:00:18|-0.00|0.01|0.9674|
|x|         57|         31|         79|     1315.142982|       1267|00:00:18|-0.00|0.01|0.9664|
|x|         58|         31|         79|     1315.176724|       1298|00:00:18|-0.00|0.01|0.9658|
|x|         59|         31|         79|     1315.147966|       1329|00:00:18|-0.00|0.02|0.9647|
|=|         60|         31|         79|     1315.227000|       1360|00:00:18|-0.00|0.01|0.9645|
+-+-----------+-----------+-----------+----------------+-----------+--------+-----+----+------+
Best-so-far configuration:          79    mean value:      1315.227000
Description of the best-so-far configuration:
   .ID. his_len max_attempts .PARENT.
79   79    1260          402       44

# 2025-12-26 14:25:44 GMT: Elite configurations (first number is the configuration ID; listed from best to worst according to the sum of ranks):
    his_len max_attempts
79     1260          402
99     2077          360
44     2020          407
107     997          409
95     1377          401
100    1452          361
70     1534          353
65     1375          244
69     1871          360
94     1261          392
# 2025-12-26 14:25:44 GMT: Stopped because there is not enough budget left to race more than the minimum (10).
# You may either increase the budget or set 'minNbSurvival' to a lower value.
# Iteration: 4
# nbIterations: 4
# experimentsUsed: 3480
# timeUsed: 0
# remainingBudget: 20
# currentBudget: 20
# number of elites: 10
# nbConfigurations: 10
# Total CPU user time: 35118.65, CPU sys time: 3198.097, Wall-clock time: 3047.891
# Best configurations (first number is the configuration ID; listed from best to worst according to the sum of ranks):
    his_len max_attempts
79     1260          402
99     2077          360
44     2020          407
107     997          409
95     1377          401
100    1452          361
70     1534          353
65     1375          244
69     1871          360
94     1261          392
# Best configurations as commandlines (first number is the configuration ID; listed from best to worst according to the sum of ranks):
79  -his_len 1260 -max_attempts 402
99  -his_len 2077 -max_attempts 360
44  -his_len 2020 -max_attempts 407
107 -his_len 997 -max_attempts 409
95  -his_len 1377 -max_attempts 401
100 -his_len 1452 -max_attempts 361
70  -his_len 1534 -max_attempts 353
65  -his_len 1375 -max_attempts 244
69  -his_len 1871 -max_attempts 360
94  -his_len 1261 -max_attempts 392


# Testing of elite configurations: 1 
# Testing iteration configurations: FALSE 
# 2025-12-26 14:25:44 GMT: No test instances, skip testing
