Starting irace...
# 2025-12-29 15:16:15 GMT: Reading parameter file '/gpfs/home/e/exx866/IRACE-b-LAHC/all-instances-fine/E-n101-k8-p1/parameters.txt'.
# 2025-12-29 15:16:16 GMT: Read 1 configuration(s) from file '/gpfs/home/e/exx866/IRACE-b-LAHC/all-instances-fine/E-n101-k8-p1/configurations.txt'
# 2025-12-29 15:16:16 GMT: Initialization
# Elitist race
# Elitist new instances: 1
# Elitist limit: 2
# nbIterations: 3
# minNbSurvival: 10
# nbParameters: 2
# seed: 112925668
# confidence level: 0.95
# budget: 6000
# mu: 10
# deterministic: FALSE

# 2025-12-29 15:16:16 GMT: Iteration 1 of 3
# experimentsUsed: 0
# remainingBudget: 6000
# currentBudget: 2000
# nbConfigurations: 100
# Markers:
     x No test is performed.
     c Configurations are discarded only due to capping.
     - The test is performed and some configurations are discarded.
     = The test is performed but no configuration is discarded.
     ! The test is performed and configurations could be discarded but elite configurations are preserved.
     . All alive configurations are elite and nothing is discarded.

+-+-----------+-----------+-----------+----------------+-----------+--------+-----+----+------+
| |   Instance|      Alive|       Best|       Mean best| Exp so far|  W time|  rho|KenW|  Qvar|
+-+-----------+-----------+-----------+----------------+-----------+--------+-----+----+------+
|x|          1|        100|         60|     837.3400000|        100|00:00:40|   NA|  NA|    NA|
|x|          2|        100|         60|     838.3200000|        200|00:00:36|-0.07|0.46|1.0730|
|x|          3|        100|         60|     838.6466667|        300|00:00:37|-0.05|0.30|1.0584|
|x|          4|        100|          5|     839.6125000|        400|00:00:37|-0.04|0.22|1.0462|
|x|          5|        100|          5|     839.5500000|        500|00:00:37|-0.03|0.18|1.0219|
|x|          6|        100|         77|     839.3783333|        600|00:00:36|-0.02|0.15|1.0069|
|x|          7|        100|         77|     839.5285714|        700|00:00:37|+0.00|0.14|0.9803|
|x|          8|        100|          5|     839.8362500|        800|00:00:38|-0.02|0.11|1.0024|
|x|          9|        100|          5|     839.7766667|        900|00:00:38|-0.00|0.11|0.9859|
|=|         10|        100|          5|     839.8630000|       1000|00:00:38|-0.00|0.10|0.9906|
|x|         11|        100|         92|     839.7745455|       1100|00:00:38|+0.01|0.10|0.9809|
|x|         12|        100|         88|     839.8633333|       1200|00:00:38|+0.01|0.09|0.9759|
|x|         13|        100|         56|     839.8615385|       1300|00:00:37|+0.01|0.09|0.9779|
|x|         14|        100|         92|     839.9314286|       1400|00:00:37|+0.01|0.08|0.9756|
|x|         15|        100|         85|     839.9706667|       1500|00:00:37|+0.02|0.08|0.9729|
|x|         16|        100|         56|     839.9762500|       1600|00:00:38|+0.01|0.07|0.9755|
|x|         17|        100|         88|     839.9805882|       1700|00:00:38|+0.01|0.07|0.9780|
|x|         18|        100|         88|     839.9427778|       1800|00:00:37|+0.00|0.06|0.9827|
|x|         19|        100|         88|     839.8868421|       1900|00:00:38|+0.01|0.06|0.9807|
|=|         20|        100|         88|     839.8575000|       2000|00:00:38|+0.01|0.06|0.9815|
+-+-----------+-----------+-----------+----------------+-----------+--------+-----+----+------+
Best-so-far configuration:          88    mean value:      839.8575000
Description of the best-so-far configuration:
   .ID. his_len max_attempts .PARENT.
88   88     799           12       NA

# 2025-12-29 15:28:57 GMT: Elite configurations (first number is the configuration ID; listed from best to worst according to the sum of ranks):
   his_len max_attempts
88     799           12
78     814           10
56     510           22
66     604           26
85     619           15
41     705            8
91     529           14
44     855           18
51     810           13
94     709           16
# 2025-12-29 15:28:57 GMT: Iteration 2 of 3
# experimentsUsed: 2000
# remainingBudget: 4000
# currentBudget: 2000
# nbConfigurations: 73
# Markers:
     x No test is performed.
     c Configurations are discarded only due to capping.
     - The test is performed and some configurations are discarded.
     = The test is performed but no configuration is discarded.
     ! The test is performed and configurations could be discarded but elite configurations are preserved.
     . All alive configurations are elite and nothing is discarded.

+-+-----------+-----------+-----------+----------------+-----------+--------+-----+----+------+
| |   Instance|      Alive|       Best|       Mean best| Exp so far|  W time|  rho|KenW|  Qvar|
+-+-----------+-----------+-----------+----------------+-----------+--------+-----+----+------+
|x|         21|         73|         78|     839.3000000|         73|00:00:27|   NA|  NA|    NA|
|x|         15|         73|         78|     839.3000000|        136|00:00:23|+0.00|0.50|1.0345|
|x|          6|         73|        132|     838.8166667|        199|00:00:23|+0.01|0.34|0.9824|
|x|         18|         73|        132|     838.9375000|        262|00:00:22|+0.00|0.25|0.9831|
|x|         10|         73|         78|     839.3000000|        325|00:00:22|+0.04|0.24|0.9406|
|x|          1|         73|        132|     839.3866667|        388|00:00:24|+0.04|0.20|0.9392|
|x|         16|         73|        132|     839.3742857|        451|00:00:23|+0.03|0.17|0.9536|
|x|          9|         73|        132|     839.5212500|        514|00:00:23|+0.02|0.14|0.9664|
|x|         19|         73|         56|     839.9800000|        577|00:00:23|+0.03|0.13|0.9635|
|=|         11|         73|         56|     839.9120000|        640|00:00:23|+0.02|0.12|0.9739|
|x|          5|         73|         56|     839.8563636|        703|00:00:23|+0.03|0.11|0.9671|
|x|         20|         73|         56|     839.8100000|        766|00:00:23|+0.02|0.10|0.9683|
|x|         14|         73|         56|     839.9453846|        829|00:00:23|+0.01|0.09|0.9751|
|x|          8|         73|         88|     839.8578571|        892|00:00:23|+0.01|0.08|0.9802|
|x|          3|         73|         88|     839.7486667|        955|00:00:23|+0.00|0.07|0.9854|
|x|          7|         73|         88|     839.7206250|       1018|00:00:22|+0.00|0.07|0.9857|
|x|         13|         73|         88|     839.7964706|       1081|00:00:23|+0.00|0.06|0.9865|
|x|         17|         73|         88|     839.7688889|       1144|00:00:23|+0.01|0.06|0.9838|
|x|          2|         73|         78|     839.9736842|       1207|00:00:22|+0.01|0.06|0.9808|
|=|         12|         73|         88|     839.8620000|       1270|00:00:23|+0.01|0.06|0.9773|
|x|          4|         73|         88|     839.8352381|       1333|00:00:23|+0.01|0.06|0.9770|
|x|         22|         73|         78|     839.9481818|       1406|00:00:26|+0.01|0.06|0.9766|
|x|         23|         73|         78|     840.0430435|       1479|00:00:26|+0.01|0.05|0.9797|
|x|         24|         73|         78|     840.0120833|       1552|00:00:26|+0.01|0.05|0.9768|
|x|         25|         73|         78|     840.0540000|       1625|00:00:27|+0.01|0.05|0.9785|
|x|         26|         73|         78|     840.1007692|       1698|00:00:27|+0.00|0.04|0.9833|
|x|         27|         73|         78|     840.1174074|       1771|00:00:28|+0.00|0.04|0.9846|
|x|         28|         73|         78|     840.0882143|       1844|00:00:26|+0.00|0.04|0.9834|
|x|         29|         73|         78|     840.0641379|       1917|00:00:27|+0.00|0.04|0.9817|
|=|         30|         73|         78|     840.0386667|       1990|00:00:27|+0.01|0.04|0.9806|
+-+-----------+-----------+-----------+----------------+-----------+--------+-----+----+------+
Best-so-far configuration:          78    mean value:      840.0386667
Description of the best-so-far configuration:
   .ID. his_len max_attempts .PARENT.
78   78     814           10       NA

# 2025-12-29 15:41:16 GMT: Elite configurations (first number is the configuration ID; listed from best to worst according to the sum of ranks):
    his_len max_attempts
78      814           10
88      799           12
41      705            8
120     819           12
94      709           16
56      510           22
152     701           15
66      604           26
125     833           12
148     805           13
# 2025-12-29 15:41:16 GMT: Iteration 3 of 3
# experimentsUsed: 3990
# remainingBudget: 2010
# currentBudget: 2010
# nbConfigurations: 57
# Markers:
     x No test is performed.
     c Configurations are discarded only due to capping.
     - The test is performed and some configurations are discarded.
     = The test is performed but no configuration is discarded.
     ! The test is performed and configurations could be discarded but elite configurations are preserved.
     . All alive configurations are elite and nothing is discarded.

+-+-----------+-----------+-----------+----------------+-----------+--------+-----+----+------+
| |   Instance|      Alive|       Best|       Mean best| Exp so far|  W time|  rho|KenW|  Qvar|
+-+-----------+-----------+-----------+----------------+-----------+--------+-----+----+------+
|x|         31|         57|         78|     839.3000000|         57|00:00:20|   NA|  NA|    NA|
|x|         24|         57|        168|     838.6450000|        104|00:00:17|+0.06|0.53|0.9886|
|x|         21|         57|         78|     839.3000000|        151|00:00:17|-0.11|0.26|1.1162|
|x|         13|         57|         78|     839.0700000|        198|00:00:18|-0.03|0.23|1.0290|
|x|         29|         57|         78|     839.1340000|        245|00:00:17|-0.06|0.15|1.0555|
|x|          2|         57|         78|     839.1616667|        292|00:00:17|-0.03|0.14|1.0293|
|x|         15|         57|         78|     839.1814286|        339|00:00:17|-0.02|0.12|1.0147|
|x|         11|         57|         78|     839.7762500|        386|00:00:17|-0.02|0.11|1.0138|
|x|          6|         57|         78|     839.7233333|        433|00:00:17|-0.01|0.10|0.9941|
|=|          9|         57|         94|     839.5140000|        480|00:00:17|-0.01|0.09|0.9963|
|x|          1|         57|         94|     839.6545455|        527|00:00:17|-0.00|0.09|0.9886|
|x|         26|         57|        197|     839.9658333|        574|00:00:17|+0.00|0.09|0.9822|
|x|          5|         57|        197|     839.9146154|        621|00:00:17|+0.01|0.08|0.9800|
|x|         28|         57|        197|     839.8128571|        668|00:00:17|+0.02|0.09|0.9664|
|x|         20|         57|        197|     839.7786667|        715|00:00:17|+0.02|0.09|0.9638|
|x|         10|         57|         94|     839.7637500|        762|00:00:18|+0.02|0.08|0.9639|
|x|         23|         57|         94|     839.7364706|        809|00:00:17|+0.02|0.08|0.9655|
|x|         19|         57|        197|     840.0333333|        856|00:00:17|+0.02|0.07|0.9704|
|x|          7|         57|        197|     839.9947368|        903|00:00:17|+0.02|0.07|0.9645|
|-|         30|         41|         94|     839.8155000|        950|00:00:17|-0.02|0.03|0.9905|
|x|         17|         41|         78|     839.9671429|        981|00:00:11|-0.02|0.03|0.9907|
|x|          3|         41|         78|     839.9272727|       1012|00:00:11|-0.02|0.03|0.9952|
|x|         12|         41|         78|     839.9300000|       1043|00:00:11|-0.02|0.03|0.9920|
|x|         16|         41|         78|     839.9037500|       1074|00:00:12|-0.01|0.03|0.9909|
|x|         27|         41|         78|     839.9296000|       1105|00:00:11|-0.01|0.03|0.9891|
|x|          8|         41|         78|     840.0153846|       1136|00:00:11|-0.01|0.03|0.9885|
|x|          4|         41|         78|     839.9888889|       1167|00:00:12|-0.01|0.03|0.9885|
|x|         25|         41|         78|     840.0271429|       1198|00:00:11|-0.01|0.03|0.9887|
|x|         22|         41|         78|     840.0286207|       1229|00:00:11|-0.01|0.03|0.9884|
|=|         14|         41|         78|     840.0386667|       1260|00:00:11|-0.01|0.02|0.9879|
|x|         18|         41|         78|     840.0148387|       1291|00:00:11|-0.01|0.03|0.9833|
|x|         32|         41|         78|     840.0125000|       1332|00:00:14|-0.00|0.03|0.9808|
|x|         33|         41|         78|     840.0593939|       1373|00:00:15|-0.00|0.03|0.9809|
|x|         34|         41|         78|     840.1326471|       1414|00:00:15|-0.00|0.03|0.9795|
|x|         35|         41|         78|     840.1591429|       1455|00:00:14|-0.00|0.03|0.9780|
|x|         36|         41|         78|     840.1352778|       1496|00:00:15|-0.00|0.02|0.9803|
|x|         37|         41|         78|     840.1583784|       1537|00:00:15|-0.00|0.02|0.9793|
|x|         38|         41|         78|     840.1721053|       1578|00:00:15|-0.00|0.03|0.9779|
|x|         39|         41|         78|     840.1974359|       1619|00:00:14|+0.00|0.03|0.9757|
|=|         40|         41|         78|     840.1750000|       1660|00:00:15|+0.00|0.03|0.9744|
+-+-----------+-----------+-----------+----------------+-----------+--------+-----+----+------+
Best-so-far configuration:          78    mean value:      840.1750000
Description of the best-so-far configuration:
   .ID. his_len max_attempts .PARENT.
78   78     814           10       NA

# 2025-12-29 15:51:39 GMT: Elite configurations (first number is the configuration ID; listed from best to worst according to the sum of ranks):
    his_len max_attempts
78      814           10
41      705            8
94      709           16
88      799           12
197     505           22
182     856           12
178     508           22
185     650            9
170     774           10
205     704            8
# 2025-12-29 15:51:39 GMT: Iteration 4 of 4
# experimentsUsed: 5650
# remainingBudget: 350
# currentBudget: 350
# nbConfigurations: 15
# Markers:
     x No test is performed.
     c Configurations are discarded only due to capping.
     - The test is performed and some configurations are discarded.
     = The test is performed but no configuration is discarded.
     ! The test is performed and configurations could be discarded but elite configurations are preserved.
     . All alive configurations are elite and nothing is discarded.

+-+-----------+-----------+-----------+----------------+-----------+--------+-----+----+------+
| |   Instance|      Alive|       Best|       Mean best| Exp so far|  W time|  rho|KenW|  Qvar|
+-+-----------+-----------+-----------+----------------+-----------+--------+-----+----+------+
|x|         41|         15|         94|     839.3000000|         15|00:00:05|   NA|  NA|    NA|
|x|         35|         15|        211|     838.9600000|         20|00:00:02|+0.46|0.73|0.6111|
|x|         38|         15|        197|     839.3000000|         25|00:00:02|+0.38|0.59|0.6063|
|x|         22|         15|        197|     839.4400000|         30|00:00:02|+0.13|0.35|0.8610|
|x|         27|         15|        197|     839.6620000|         35|00:00:02|+0.21|0.37|0.7700|
|x|         36|         15|        197|     839.6016667|         40|00:00:02|+0.18|0.32|0.7949|
|x|          1|         15|        197|     839.5585714|         45|00:00:02|+0.18|0.30|0.7917|
|x|         24|         15|        197|     839.5262500|         50|00:00:02|+0.17|0.27|0.8090|
|x|         13|         15|        197|     839.6966667|         55|00:00:02|+0.16|0.26|0.7985|
|-|         37|         12|         41|     839.6760000|         60|00:00:02|+0.03|0.13|0.8938|
|x|         18|         12|         41|     839.9218182|         62|00:00:02|+0.01|0.10|0.9015|
|x|         31|         12|        211|     840.1558333|         64|00:00:02|-0.01|0.07|0.9297|
|x|         11|         12|        182|     840.1684615|         66|00:00:02|-0.01|0.07|0.9259|
|x|          9|         12|        197|     840.1050000|         68|00:00:02|-0.03|0.05|0.9425|
|x|         19|         12|        197|     839.9786667|         70|00:00:02|-0.03|0.04|0.9465|
|x|          5|         12|        197|     839.9362500|         72|00:00:02|-0.02|0.05|0.9352|
|x|         20|         12|        197|     839.8988235|         74|00:00:02|-0.01|0.05|0.9367|
|x|         34|         12|        197|     839.9705556|         76|00:00:02|-0.01|0.05|0.9279|
|x|         10|         12|        197|     840.1347368|         78|00:00:02|-0.01|0.04|0.9265|
|=|         26|         12|        197|     840.1185000|         80|00:00:02|-0.01|0.04|0.9274|
|x|         28|         12|        197|     840.0409524|         82|00:00:02|+0.00|0.05|0.9127|
|x|          4|         12|        182|     840.1009091|         84|00:00:02|-0.00|0.04|0.9185|
|x|         39|         12|        182|     840.0660870|         86|00:00:02|-0.00|0.04|0.9188|
|x|         14|         12|        182|     840.0341667|         88|00:00:02|-0.01|0.03|0.9232|
|x|         23|         12|        182|     840.0048000|         90|00:00:02|-0.01|0.03|0.9218|
|x|         16|         12|        182|     840.0942308|         92|00:00:02|-0.02|0.02|0.9305|
|x|          7|         12|        182|     840.1414815|         94|00:00:02|-0.02|0.02|0.9308|
|x|         40|         12|        182|     840.3139286|         96|00:00:02|-0.01|0.02|0.9272|
|x|          8|         12|        182|     840.2789655|         98|00:00:02|-0.01|0.02|0.9291|
|=|         33|         12|        182|     840.2880000|        100|00:00:02|-0.02|0.01|0.9335|
|x|         25|         12|        182|     840.3603226|        102|00:00:02|-0.02|0.01|0.9355|
|x|          6|         12|        182|     840.3840625|        104|00:00:02|-0.02|0.01|0.9339|
|x|         29|         12|        197|     840.4315152|        106|00:00:02|-0.02|0.01|0.9301|
|x|         32|         12|        182|     840.3658824|        108|00:00:02|-0.02|0.01|0.9321|
|x|          3|         12|        182|     840.4168571|        110|00:00:02|-0.02|0.01|0.9343|
|x|         30|         12|         94|     840.2211111|        112|00:00:02|-0.02|0.01|0.9331|
|x|         17|         12|         78|     840.2364865|        114|00:00:02|-0.02|0.01|0.9323|
|x|         21|         12|         78|     840.2118421|        116|00:00:02|-0.02|0.01|0.9306|
|x|          2|         12|         78|     840.1884615|        118|00:00:02|-0.02|0.01|0.9310|
|=|         15|         12|         78|     840.1662500|        120|00:00:02|-0.02|0.01|0.9287|
|x|         12|         12|         78|     840.1619512|        122|00:00:02|-0.02|0.01|0.9300|
|x|         42|         12|         78|     840.1685714|        134|00:00:04|-0.02|0.01|0.9310|
|x|         43|         12|         78|     840.1483721|        146|00:00:04|-0.02|0.01|0.9299|
|x|         44|         12|         78|     840.1456818|        158|00:00:04|-0.01|0.01|0.9287|
|x|         45|         12|         78|     840.1268889|        170|00:00:05|-0.01|0.01|0.9278|
|x|         46|         12|         78|     840.1810870|        182|00:00:04|-0.01|0.01|0.9281|
|x|         47|         12|         78|     840.1623404|        194|00:00:05|-0.01|0.01|0.9289|
|x|         48|         12|         78|     840.2114583|        206|00:00:05|-0.01|0.01|0.9279|
|x|         49|         12|         78|     840.1928571|        218|00:00:04|-0.01|0.01|0.9277|
|=|         50|         12|         78|     840.1750000|        230|00:00:05|-0.01|0.01|0.9249|
|x|         51|         12|         78|     840.2172549|        242|00:00:04|-0.01|0.01|0.9246|
|x|         52|         12|         78|     840.3515385|        254|00:00:04|-0.01|0.01|0.9263|
|x|         53|         12|         78|     840.3552830|        266|00:00:04|-0.01|0.01|0.9259|
|x|         54|         12|         78|     840.3755556|        278|00:00:05|-0.01|0.01|0.9254|
|x|         55|         12|         78|     840.3918182|        290|00:00:04|-0.01|0.01|0.9250|
|x|         56|         12|         78|     840.3723214|        302|00:00:05|-0.01|0.01|0.9231|
|x|         57|         12|         78|     840.3703509|        314|00:00:05|-0.01|0.01|0.9230|
|x|         58|         12|         78|     840.3518966|        326|00:00:04|-0.01|0.01|0.9230|
|x|         59|         12|         78|     840.3871186|        338|00:00:05|-0.01|0.01|0.9230|
|=|         60|         12|         78|     840.3690000|        350|00:00:04|-0.01|0.01|0.9217|
+-+-----------+-----------+-----------+----------------+-----------+--------+-----+----+------+
Best-so-far configuration:          78    mean value:      840.3690000
Description of the best-so-far configuration:
   .ID. his_len max_attempts .PARENT.
78   78     814           10       NA

# 2025-12-29 15:54:51 GMT: Elite configurations (first number is the configuration ID; listed from best to worst according to the sum of ranks):
    his_len max_attempts
78      814           10
94      709           16
185     650            9
178     508           22
211     710           16
182     856           12
197     505           22
88      799           12
215     510           22
205     704            8
# 2025-12-29 15:54:51 GMT: Stopped because budget is exhausted
# Iteration: 5
# nbIterations: 4
# experimentsUsed: 6000
# timeUsed: 0
# remainingBudget: 0
# currentBudget: 350
# number of elites: 10
# nbConfigurations: 15
# Total CPU user time: 11232.56, CPU sys time: 6281.577, Wall-clock time: 2316.049
# Best configurations (first number is the configuration ID; listed from best to worst according to the sum of ranks):
    his_len max_attempts
78      814           10
94      709           16
185     650            9
178     508           22
211     710           16
182     856           12
197     505           22
88      799           12
215     510           22
205     704            8
# Best configurations as commandlines (first number is the configuration ID; listed from best to worst according to the sum of ranks):
78  -his_len 814 -max_attempts 10
94  -his_len 709 -max_attempts 16
185 -his_len 650 -max_attempts 9
178 -his_len 508 -max_attempts 22
211 -his_len 710 -max_attempts 16
182 -his_len 856 -max_attempts 12
197 -his_len 505 -max_attempts 22
88  -his_len 799 -max_attempts 12
215 -his_len 510 -max_attempts 22
205 -his_len 704 -max_attempts 8


# Testing of elite configurations: 1 
# Testing iteration configurations: FALSE 
# 2025-12-29 15:54:51 GMT: No test instances, skip testing
