Starting irace...
# 2025-12-29 15:54:10 GMT: Reading parameter file '/gpfs/home/e/exx866/IRACE-b-LAHC/all-instances-fine/E-n60-k5-s9-p2/parameters.txt'.
# 2025-12-29 15:54:10 GMT: Read 1 configuration(s) from file '/gpfs/home/e/exx866/IRACE-b-LAHC/all-instances-fine/E-n60-k5-s9-p2/configurations.txt'
# 2025-12-29 15:54:10 GMT: Initialization
# Elitist race
# Elitist new instances: 1
# Elitist limit: 2
# nbIterations: 3
# minNbSurvival: 10
# nbParameters: 2
# seed: 291730891
# confidence level: 0.95
# budget: 6000
# mu: 10
# deterministic: FALSE

# 2025-12-29 15:54:10 GMT: Iteration 1 of 3
# experimentsUsed: 0
# remainingBudget: 6000
# currentBudget: 2000
# nbConfigurations: 100
# Markers:
     x No test is performed.
     c Configurations are discarded only due to capping.
     - The test is performed and some configurations are discarded.
     = The test is performed but no configuration is discarded.
     ! The test is performed and configurations could be discarded but elite configurations are preserved.
     . All alive configurations are elite and nothing is discarded.

+-+-----------+-----------+-----------+----------------+-----------+--------+-----+----+------+
| |   Instance|      Alive|       Best|       Mean best| Exp so far|  W time|  rho|KenW|  Qvar|
+-+-----------+-----------+-----------+----------------+-----------+--------+-----+----+------+
|x|          1|        100|          2|     528.4700000|        100|00:00:40|   NA|  NA|    NA|
|x|          2|        100|          2|     528.4700000|        200|00:00:39|-0.02|0.49|0.9507|
|x|          3|        100|          2|     528.4700000|        300|00:00:39|-0.01|0.32|0.9225|
|x|          4|        100|          2|     528.4700000|        400|00:00:38|+0.00|0.25|0.9471|
|x|          5|        100|          2|     528.4700000|        500|00:00:39|+0.03|0.22|0.9315|
|x|          6|        100|          2|     528.4700000|        600|00:00:38|+0.04|0.20|0.9134|
|x|          7|        100|          2|     528.4700000|        700|00:00:40|+0.05|0.19|0.9291|
|x|          8|        100|          2|     528.4700000|        800|00:00:40|+0.05|0.17|0.9259|
|x|          9|        100|          2|     528.4700000|        900|00:00:38|+0.05|0.16|0.9191|
|-|         10|         89|          2|     528.4700000|       1000|00:00:39|-0.01|0.09|0.9933|
|x|         11|         89|          2|     528.4700000|       1089|00:00:33|-0.01|0.08|0.9986|
|x|         12|         89|          2|     528.4700000|       1178|00:00:34|+0.00|0.08|0.9929|
|x|         13|         89|          2|     528.4700000|       1267|00:00:34|+0.01|0.09|0.9853|
|x|         14|         89|          2|     528.4700000|       1356|00:00:33|+0.02|0.09|0.9790|
|x|         15|         89|          2|     528.4700000|       1445|00:00:34|+0.02|0.08|0.9828|
|x|         16|         89|          2|     528.4700000|       1534|00:00:33|+0.01|0.07|0.9832|
|x|         17|         89|          2|     528.4700000|       1623|00:00:34|+0.02|0.07|0.9812|
|x|         18|         89|          2|     528.4700000|       1712|00:00:32|+0.02|0.07|0.9815|
|x|         19|         89|          8|     528.4700000|       1801|00:00:33|+0.02|0.07|0.9792|
|-|         20|         77|          8|     528.4700000|       1890|00:00:34|-0.00|0.05|0.9876|
+-+-----------+-----------+-----------+----------------+-----------+--------+-----+----+------+
Best-so-far configuration:           8    mean value:      528.4700000
Description of the best-so-far configuration:
  .ID. his_len max_attempts .PARENT.
8    8   15204            1       NA

# 2025-12-29 16:06:23 GMT: Elite configurations (first number is the configuration ID; listed from best to worst according to the sum of ranks):
   his_len max_attempts
8    15204            1
15   14075            4
17   18592            1
20   19533            3
23   15769            2
26   16898            3
28   18404            1
31   14639            2
36   16427            5
41   14169            1
# 2025-12-29 16:06:23 GMT: Iteration 2 of 3
# experimentsUsed: 1890
# remainingBudget: 4110
# currentBudget: 2055
# nbConfigurations: 75
# Markers:
     x No test is performed.
     c Configurations are discarded only due to capping.
     - The test is performed and some configurations are discarded.
     = The test is performed but no configuration is discarded.
     ! The test is performed and configurations could be discarded but elite configurations are preserved.
     . All alive configurations are elite and nothing is discarded.

+-+-----------+-----------+-----------+----------------+-----------+--------+-----+----+------+
| |   Instance|      Alive|       Best|       Mean best| Exp so far|  W time|  rho|KenW|  Qvar|
+-+-----------+-----------+-----------+----------------+-----------+--------+-----+----+------+
|x|         21|         75|          8|     528.4700000|         75|00:00:28|   NA|  NA|    NA|
|x|         11|         75|          8|     528.4700000|        140|00:00:24|+0.36|0.68|0.8764|
|x|          3|         75|          8|     528.4700000|        205|00:00:24|+0.14|0.43|0.9633|
|x|          4|         75|          8|     528.4700000|        270|00:00:24|+0.09|0.32|0.7283|
|x|         14|         75|          8|     528.4700000|        335|00:00:24|+0.09|0.27|0.7369|
|x|         18|         75|          8|     528.4700000|        400|00:00:24|+0.04|0.20|0.7930|
|x|         15|         75|          8|     528.4700000|        465|00:00:23|+0.02|0.16|0.8316|
|x|          7|         75|          8|     528.4700000|        530|00:00:24|-0.00|0.12|0.8599|
|x|         20|         75|          8|     528.4700000|        595|00:00:22|-0.00|0.11|0.8782|
|=|          5|         75|          8|     528.4700000|        660|00:00:23|+0.00|0.10|0.8918|
|x|          1|         75|          8|     528.4700000|        725|00:00:24|+0.01|0.10|0.8941|
|x|          8|         75|          8|     528.4700000|        790|00:00:23|+0.01|0.09|0.8943|
|x|         10|         75|          8|     528.4700000|        855|00:00:24|+0.01|0.09|0.9025|
|x|         19|         75|          8|     528.4700000|        920|00:00:24|+0.02|0.09|0.9027|
|x|         12|         75|          8|     528.4700000|        985|00:00:24|+0.02|0.09|0.8973|
|x|         16|         75|          8|     528.4700000|       1050|00:00:24|+0.03|0.09|0.8959|
|x|          2|         75|          8|     528.4700000|       1115|00:00:24|+0.03|0.09|0.8997|
|x|         13|         75|          8|     528.4700000|       1180|00:00:23|+0.03|0.09|0.9030|
|x|          9|         75|          8|     528.4700000|       1245|00:00:24|+0.03|0.08|0.8570|
|-|         17|         70|          8|     528.4700000|       1310|00:00:23|+0.01|0.06|0.7321|
|x|          6|         70|          8|     528.4700000|       1370|00:00:22|+0.01|0.06|0.7377|
|x|         22|         70|          8|     528.4700000|       1440|00:00:26|+0.02|0.06|0.7461|
|x|         23|         70|          8|     528.4700000|       1510|00:00:26|+0.02|0.06|0.7558|
|x|         24|         70|          8|     528.4700000|       1580|00:00:26|+0.02|0.06|0.7647|
|x|         25|         70|         15|     528.4700000|       1650|00:00:25|+0.01|0.05|0.7735|
|x|         26|         70|         15|     528.4700000|       1720|00:00:26|+0.01|0.05|0.7443|
|x|         27|         70|         15|     528.4700000|       1790|00:00:26|+0.02|0.05|0.7517|
|x|         28|         70|         15|     528.4700000|       1860|00:00:26|+0.02|0.05|0.7571|
|x|         29|         70|         17|     528.4700000|       1930|00:00:25|+0.02|0.05|0.7666|
|-|         30|         65|         17|     528.4700000|       2000|00:00:25|+0.00|0.03|0.5887|
+-+-----------+-----------+-----------+----------------+-----------+--------+-----+----+------+
Best-so-far configuration:          17    mean value:      528.4700000
Description of the best-so-far configuration:
   .ID. his_len max_attempts .PARENT.
17   17   18592            1       NA

# 2025-12-29 16:18:48 GMT: Elite configurations (first number is the configuration ID; listed from best to worst according to the sum of ranks):
    his_len max_attempts
17    18592            1
23    15769            2
26    16898            3
28    18404            1
41    14169            1
101   17964            1
105   15664            1
108   19908            3
110   18420            1
111   16309            1
# 2025-12-29 16:18:48 GMT: Iteration 3 of 3
# experimentsUsed: 3890
# remainingBudget: 2110
# currentBudget: 2110
# nbConfigurations: 60
# Markers:
     x No test is performed.
     c Configurations are discarded only due to capping.
     - The test is performed and some configurations are discarded.
     = The test is performed but no configuration is discarded.
     ! The test is performed and configurations could be discarded but elite configurations are preserved.
     . All alive configurations are elite and nothing is discarded.

+-+-----------+-----------+-----------+----------------+-----------+--------+-----+----+------+
| |   Instance|      Alive|       Best|       Mean best| Exp so far|  W time|  rho|KenW|  Qvar|
+-+-----------+-----------+-----------+----------------+-----------+--------+-----+----+------+
|x|         31|         60|         17|     528.4700000|         60|00:00:21|   NA|  NA|    NA|
|x|         19|         60|         17|     528.4700000|        110|00:00:16|-0.02|0.49|1.0000|
|x|         26|         60|         17|     528.4700000|        160|00:00:17|-0.01|0.33|0.6611|
|x|          8|         60|         17|     528.4700000|        210|00:00:18|-0.01|0.24|0.7458|
|x|          2|         60|         17|     528.4700000|        260|00:00:17|+0.06|0.24|0.7532|
|x|         10|         60|         17|     528.4700000|        310|00:00:18|+0.03|0.19|0.8026|
|x|         15|         60|         17|     528.4700000|        360|00:00:17|+0.02|0.16|0.8355|
|x|         13|         60|         17|     528.4700000|        410|00:00:18|+0.01|0.13|0.8590|
|x|          1|         60|         17|     528.4700000|        460|00:00:17|+0.00|0.11|0.8766|
|=|         20|         60|         17|     528.4700000|        510|00:00:18|+0.02|0.12|0.8675|
|x|         22|         60|         17|     528.4700000|        560|00:00:18|+0.03|0.12|0.8647|
|x|         24|         60|         17|     528.4700000|        610|00:00:17|+0.03|0.11|0.7951|
|x|          9|         60|         17|     528.4700000|        660|00:00:17|+0.04|0.11|0.7967|
|x|         16|         60|         17|     528.4700000|        710|00:00:17|+0.05|0.12|0.7988|
|x|          5|         60|         17|     528.4700000|        760|00:00:17|+0.04|0.10|0.8163|
|x|         12|         60|         17|     528.4700000|        810|00:00:17|+0.04|0.10|0.7675|
|x|         11|         60|         17|     528.4700000|        860|00:00:17|+0.04|0.09|0.7242|
|x|          3|         60|         17|     528.4700000|        910|00:00:17|+0.03|0.08|0.7425|
|x|         17|         60|         17|     528.4700000|        960|00:00:17|+0.03|0.08|0.7538|
|-|          7|         54|         17|     528.4700000|       1010|00:00:18|-0.01|0.04|0.3957|
|x|         14|         54|         17|     528.4700000|       1054|00:00:15|-0.01|0.04|0.3767|
|x|         23|         54|         17|     528.4700000|       1098|00:00:16|-0.01|0.04|0.4048|
|x|         25|         54|         17|     528.4700000|       1142|00:00:16|-0.01|0.04|0.3870|
|x|         30|         54|         17|     528.4700000|       1186|00:00:16|-0.00|0.04|0.4095|
|x|         28|         54|         17|     528.4700000|       1230|00:00:16|-0.00|0.04|0.3931|
|x|         18|         54|         17|     528.4700000|       1274|00:00:16|-0.00|0.04|0.4163|
|x|         27|         54|         17|     528.4700000|       1318|00:00:15|-0.00|0.03|0.4378|
|x|         29|         54|         17|     528.4700000|       1362|00:00:16|-0.00|0.04|0.4551|
|x|          6|         54|         17|     528.4700000|       1406|00:00:15|-0.00|0.03|0.4395|
|=|          4|         54|         17|     528.4700000|       1450|00:00:15|+0.01|0.04|0.4539|
|x|         21|         54|         17|     528.4700000|       1494|00:00:16|+0.01|0.04|0.4394|
|x|         32|         54|         17|     528.4700000|       1548|00:00:20|+0.01|0.04|0.4258|
|x|         33|         54|         17|     528.4700000|       1602|00:00:18|+0.00|0.03|0.4433|
|x|         34|         54|         17|     528.4700000|       1656|00:00:19|+0.00|0.03|0.4597|
|x|         35|         54|         17|     528.4700000|       1710|00:00:19|+0.00|0.03|0.4754|
|x|         36|         54|         17|     528.4700000|       1764|00:00:19|+0.00|0.03|0.4887|
|x|         37|         54|         17|     528.4700000|       1818|00:00:19|+0.01|0.03|0.4996|
|x|         38|         54|         17|     528.4700000|       1872|00:00:19|+0.01|0.03|0.5116|
|x|         39|         54|         17|     528.4700000|       1926|00:00:19|+0.00|0.03|0.5243|
|=|         40|         54|         17|     528.4700000|       1980|00:00:19|+0.00|0.03|0.5363|
+-+-----------+-----------+-----------+----------------+-----------+--------+-----+----+------+
Best-so-far configuration:          17    mean value:      528.4700000
Description of the best-so-far configuration:
   .ID. his_len max_attempts .PARENT.
17   17   18592            1       NA

# 2025-12-29 16:30:38 GMT: Elite configurations (first number is the configuration ID; listed from best to worst according to the sum of ranks):
    his_len max_attempts
17    18592            1
101   17964            1
105   15664            1
110   18420            1
111   16309            1
167   17971            1
168   17928            1
171   18631            1
172   18549            1
173   18676            1
# 2025-12-29 16:30:38 GMT: Iteration 4 of 4
# experimentsUsed: 5870
# remainingBudget: 130
# currentBudget: 130
# nbConfigurations: 13
# Markers:
     x No test is performed.
     c Configurations are discarded only due to capping.
     - The test is performed and some configurations are discarded.
     = The test is performed but no configuration is discarded.
     ! The test is performed and configurations could be discarded but elite configurations are preserved.
     . All alive configurations are elite and nothing is discarded.

+-+-----------+-----------+-----------+----------------+-----------+--------+-----+----+------+
| |   Instance|      Alive|       Best|       Mean best| Exp so far|  W time|  rho|KenW|  Qvar|
+-+-----------+-----------+-----------+----------------+-----------+--------+-----+----+------+
|x|         33|         13|         17|     528.4700000|          3|00:00:01|   NA|  NA|    NA|
|x|         35|         13|         17|     528.4700000|          6|00:00:01|+1.00|1.00|0.0000|
|x|         28|         13|         17|     528.4700000|          9|00:00:01|+1.00|1.00|0.0000|
|x|         13|         13|         17|     528.4700000|         12|00:00:01|+1.00|1.00|0.0000|
|x|          8|         13|         17|     528.4700000|         15|00:00:01|+1.00|1.00|0.0000|
|x|         18|         13|         17|     528.4700000|         18|00:00:01|+1.00|1.00|0.0000|
|x|         36|         13|         17|     528.4700000|         21|00:00:01|+1.00|1.00|0.0000|
|x|         15|         13|         17|     528.4700000|         24|00:00:01|+1.00|1.00|0.0000|
|x|         20|         13|         17|     528.4700000|         27|00:00:01|+1.00|1.00|0.0000|
|=|          3|         13|         17|     528.4700000|         30|00:00:01|+1.00|1.00|0.0000|
|x|         39|         13|         17|     528.4700000|         33|00:00:01|+1.00|1.00|0.0000|
|x|         21|         13|         17|     528.4700000|         36|00:00:01|+1.00|1.00|0.0000|
|x|         32|         13|         17|     528.4700000|         39|00:00:01|+1.00|1.00|0.0000|
|x|         11|         13|         17|     528.4700000|         42|00:00:01|+1.00|1.00|0.0000|
|x|         31|         13|         17|     528.4700000|         45|00:00:01|+1.00|1.00|0.0000|
|x|         27|         13|         17|     528.4700000|         48|00:00:01|+1.00|1.00|0.0000|
|x|          7|         13|         17|     528.4700000|         51|00:00:01|+1.00|1.00|0.0000|
|x|         17|         13|         17|     528.4700000|         54|00:00:01|+1.00|1.00|0.0000|
|x|          1|         13|         17|     528.4700000|         57|00:00:01|+1.00|1.00|0.0000|
|=|         10|         13|         17|     528.4700000|         60|00:00:01|+1.00|1.00|0.0000|
|x|         37|         13|         17|     528.4700000|         63|00:00:01|+1.00|1.00|0.0000|
|x|         30|         13|         17|     528.4700000|         66|00:00:01|+1.00|1.00|0.0000|
|x|         25|         13|         17|     528.4700000|         69|00:00:01|+1.00|1.00|0.0000|
|x|         23|         13|         17|     528.4700000|         72|00:00:01|+1.00|1.00|0.0000|
|x|         26|         13|         17|     528.4700000|         75|00:00:01|+1.00|1.00|0.0000|
|x|         34|         13|         17|     528.4700000|         78|00:00:01|+1.00|1.00|0.0000|
|x|         40|         13|         17|     528.4700000|         81|00:00:01|+1.00|1.00|0.0000|
|x|         19|         13|         17|     528.4700000|         84|00:00:01|+0.00|0.04|0.0330|
|x|         38|         13|         17|     528.4700000|         87|00:00:01|+0.00|0.03|0.0318|
|=|         14|         13|         17|     528.4700000|         90|00:00:01|+0.00|0.03|0.0308|
|x|          4|         13|         17|     528.4700000|         93|00:00:01|+0.00|0.03|0.0298|
|x|          6|         13|         17|     528.4700000|         96|00:00:01|+0.00|0.03|0.0288|
|x|          9|         13|         17|     528.4700000|         99|00:00:01|+0.00|0.03|0.0280|
|x|         16|         13|         17|     528.4700000|        102|00:00:01|+0.00|0.03|0.0271|
|x|         24|         13|         17|     528.4700000|        105|00:00:01|+0.00|0.03|0.0264|
|x|         22|         13|         17|     528.4700000|        108|00:00:01|+0.00|0.03|0.0256|
|x|          5|         13|         17|     528.4700000|        111|00:00:01|+0.00|0.03|0.0249|
|x|          2|         13|         17|     528.4700000|        114|00:00:01|+0.00|0.03|0.0243|
|x|         12|         13|         17|     528.4700000|        117|00:00:01|+0.00|0.03|0.0237|
|=|         29|         13|         17|     528.4700000|        120|00:00:01|+0.00|0.03|0.0231|
+-+-----------+-----------+-----------+----------------+-----------+--------+-----+----+------+
Best-so-far configuration:          17    mean value:      528.4700000
Description of the best-so-far configuration:
   .ID. his_len max_attempts .PARENT.
17   17   18592            1       NA

# 2025-12-29 16:31:34 GMT: Elite configurations (first number is the configuration ID; listed from best to worst according to the sum of ranks):
    his_len max_attempts
17    18592            1
101   17964            1
105   15664            1
110   18420            1
111   16309            1
167   17971            1
168   17928            1
171   18631            1
172   18549            1
173   18676            1
# 2025-12-29 16:31:34 GMT: Stopped because there is not enough budget left to race more than the minimum (10).
# You may either increase the budget or set 'minNbSurvival' to a lower value.
# Iteration: 5
# nbIterations: 5
# experimentsUsed: 5990
# timeUsed: 0
# remainingBudget: 10
# currentBudget: 10
# number of elites: 10
# nbConfigurations: 10
# Total CPU user time: 4754.364, CPU sys time: 6422.923, Wall-clock time: 2244.172
# Best configurations (first number is the configuration ID; listed from best to worst according to the sum of ranks):
    his_len max_attempts
17    18592            1
101   17964            1
105   15664            1
110   18420            1
111   16309            1
167   17971            1
168   17928            1
171   18631            1
172   18549            1
173   18676            1
# Best configurations as commandlines (first number is the configuration ID; listed from best to worst according to the sum of ranks):
17  -his_len 18592 -max_attempts 1
101 -his_len 17964 -max_attempts 1
105 -his_len 15664 -max_attempts 1
110 -his_len 18420 -max_attempts 1
111 -his_len 16309 -max_attempts 1
167 -his_len 17971 -max_attempts 1
168 -his_len 17928 -max_attempts 1
171 -his_len 18631 -max_attempts 1
172 -his_len 18549 -max_attempts 1
173 -his_len 18676 -max_attempts 1


# Testing of elite configurations: 1 
# Testing iteration configurations: FALSE 
# 2025-12-29 16:31:34 GMT: No test instances, skip testing
