Starting irace...
# 2026-01-09 14:15:21 GMT: Reading parameter file '/gpfs/home/e/exx866/IRACE-b-LAHC/all-instances-fine/X-n147-k7-s4/parameters.txt'.
# 2026-01-09 14:15:26 GMT: Read 1 configuration(s) from file '/gpfs/home/e/exx866/IRACE-b-LAHC/all-instances-fine/X-n147-k7-s4/configurations.txt'
# 2026-01-09 14:15:26 GMT: Initialization
# Elitist race
# Elitist new instances: 1
# Elitist limit: 2
# nbIterations: 3
# minNbSurvival: 10
# nbParameters: 2
# seed: 987346058
# confidence level: 0.95
# budget: 8000
# mu: 10
# deterministic: FALSE

# 2026-01-09 14:15:26 GMT: Iteration 1 of 3
# experimentsUsed: 0
# remainingBudget: 8000
# currentBudget: 2666
# nbConfigurations: 133
# Markers:
     x No test is performed.
     c Configurations are discarded only due to capping.
     - The test is performed and some configurations are discarded.
     = The test is performed but no configuration is discarded.
     ! The test is performed and configurations could be discarded but elite configurations are preserved.
     . All alive configurations are elite and nothing is discarded.

+-+-----------+-----------+-----------+----------------+-----------+--------+-----+----+------+
| |   Instance|      Alive|       Best|       Mean best| Exp so far|  W time|  rho|KenW|  Qvar|
+-+-----------+-----------+-----------+----------------+-----------+--------+-----+----+------+
|x|          1|        133|         39|     15741.94000|        133|00:01:22|   NA|  NA|    NA|
|x|          2|        133|        108|     15843.05000|        266|00:01:24|+0.43|0.72|0.5169|
|x|          3|        133|         99|     15885.59000|        399|00:01:26|+0.51|0.67|0.4298|
|x|          4|        133|         91|     15898.39750|        532|00:01:23|+0.52|0.64|0.4197|
|x|          5|        133|         59|     15913.64400|        665|00:01:22|+0.54|0.63|0.3828|
|x|          6|        133|        108|     15906.74333|        798|00:01:18|+0.54|0.62|0.3863|
|x|          7|        133|         59|     15918.10286|        931|00:01:18|+0.56|0.62|0.3742|
|x|          8|        133|         39|     15896.88250|       1064|00:01:19|+0.56|0.62|0.3623|
|x|          9|        133|         39|     15900.83889|       1197|00:01:21|+0.54|0.59|0.3980|
|-|         10|         50|         39|     15917.30500|       1330|00:01:19|-0.05|0.06|1.0241|
|x|         11|         50|         59|     15931.82545|       1380|00:00:33|-0.05|0.05|1.0294|
|x|         12|         50|         58|     15934.67917|       1430|00:00:33|-0.04|0.05|1.0284|
|x|         13|         50|        127|     15932.83000|       1480|00:00:31|-0.03|0.05|1.0162|
|x|         14|         50|         58|     15941.06929|       1530|00:00:29|-0.02|0.05|1.0053|
|x|         15|         50|         59|     15956.08467|       1580|00:00:29|-0.02|0.05|0.9974|
|x|         16|         50|         39|     15935.84312|       1630|00:00:28|-0.01|0.05|0.9933|
|x|         17|         50|         69|     15925.72647|       1680|00:00:30|-0.01|0.05|0.9909|
|x|         18|         50|         69|     15927.76056|       1730|00:00:40|-0.00|0.06|0.9858|
|x|         19|         50|         69|     15921.45368|       1780|00:00:40|-0.00|0.05|0.9866|
|=|         20|         50|         69|     15922.92950|       1830|00:00:41|-0.00|0.05|0.9871|
|x|         21|         50|         69|     15924.60095|       1880|00:00:41|+0.00|0.05|0.9834|
|x|         22|         50|         27|     15940.87364|       1930|00:00:39|+0.00|0.05|0.9832|
|x|         23|         50|         27|     15941.04783|       1980|00:00:39|+0.00|0.05|0.9836|
|x|         24|         50|         27|     15940.39333|       2030|00:00:38|+0.00|0.04|0.9834|
|x|         25|         50|         27|     15938.59080|       2080|00:00:37|+0.01|0.05|0.9819|
|x|         26|         50|         27|     15948.38308|       2130|00:00:37|+0.00|0.04|0.9847|
|x|         27|         50|         27|     15949.61444|       2180|00:00:36|+0.00|0.04|0.9838|
|x|         28|         50|         27|     15953.60179|       2230|00:00:28|+0.00|0.04|0.9811|
|x|         29|         50|         27|     15955.44966|       2280|00:00:26|+0.00|0.04|0.9823|
|=|         30|         50|         36|     15952.82600|       2330|00:00:32|+0.00|0.04|0.9817|
+-+-----------+-----------+-----------+----------------+-----------+--------+-----+----+------+
Best-so-far configuration:          36    mean value:      15952.82600
Description of the best-so-far configuration:
   .ID. his_len max_attempts .PARENT.
36   36    2005           89       NA

# 2026-01-09 14:40:41 GMT: Elite configurations (first number is the configuration ID; listed from best to worst according to the sum of ranks):
    his_len max_attempts
36     2005           89
118    3193          143
27     2630           61
39     3005          163
59     7756           33
69     3318          190
90     2068          171
128    4693           31
28     4631          110
58     3756          132
# 2026-01-09 14:40:41 GMT: Iteration 2 of 3
# experimentsUsed: 2330
# remainingBudget: 5670
# currentBudget: 2835
# nbConfigurations: 78
# Markers:
     x No test is performed.
     c Configurations are discarded only due to capping.
     - The test is performed and some configurations are discarded.
     = The test is performed but no configuration is discarded.
     ! The test is performed and configurations could be discarded but elite configurations are preserved.
     . All alive configurations are elite and nothing is discarded.

+-+-----------+-----------+-----------+----------------+-----------+--------+-----+----+------+
| |   Instance|      Alive|       Best|       Mean best| Exp so far|  W time|  rho|KenW|  Qvar|
+-+-----------+-----------+-----------+----------------+-----------+--------+-----+----+------+
|x|         31|         78|         28|     15764.72000|         78|00:00:47|   NA|  NA|    NA|
|x|         19|         78|        162|     15784.57500|        146|00:00:41|+0.07|0.54|0.8806|
|x|          8|         78|        162|     15834.87000|        214|00:00:41|+0.08|0.39|0.9174|
|x|         16|         78|        162|     15832.61750|        282|00:00:40|+0.11|0.33|0.8873|
|x|         21|         78|         28|     15869.91400|        350|00:00:40|+0.04|0.23|0.9427|
|x|         22|         78|         28|     15907.98333|        418|00:00:39|+0.03|0.19|0.9585|
|x|         23|         78|        162|     15900.08000|        486|00:00:33|+0.02|0.16|0.9578|
|x|          9|         78|         69|     15893.06500|        554|00:00:40|+0.01|0.13|0.9815|
|x|          7|         78|         69|     15886.15000|        622|00:00:40|+0.02|0.12|0.9699|
|=|          5|         78|         69|     15902.51600|        690|00:00:39|+0.02|0.12|0.9696|
|x|          2|         78|         69|     15904.99182|        758|00:00:37|+0.02|0.11|0.9688|
|x|         11|         78|        134|     15944.48500|        826|00:00:42|+0.02|0.10|0.9685|
|x|         26|         78|        178|     15944.23231|        894|00:00:39|+0.03|0.10|0.9622|
|x|         12|         78|        197|     15944.11429|        962|00:00:37|+0.03|0.10|0.9564|
|x|         10|         78|        164|     15931.51600|       1030|00:00:43|+0.03|0.10|0.9543|
|x|         30|         78|        164|     15928.07063|       1098|00:00:45|+0.03|0.09|0.9578|
|x|         13|         78|        164|     15933.44000|       1166|00:00:45|+0.03|0.09|0.9607|
|x|         15|         78|        164|     15935.52944|       1234|00:00:38|+0.03|0.08|0.9637|
|x|         24|         78|        164|     15937.59895|       1302|00:00:41|+0.03|0.08|0.9642|
|-|         27|         45|        182|     15937.15150|       1370|00:00:45|-0.02|0.03|0.9975|
|x|          1|         45|        134|     15957.92952|       1405|00:00:22|-0.02|0.03|0.9939|
|x|         29|         45|        134|     15957.39091|       1440|00:00:22|-0.02|0.03|0.9951|
|x|         17|         45|        134|     15960.29043|       1475|00:00:21|-0.01|0.03|0.9910|
|x|          6|         45|        141|     15952.60958|       1510|00:00:22|-0.01|0.03|0.9901|
|x|          3|         45|        134|     15963.43240|       1545|00:00:22|-0.01|0.03|0.9876|
|x|         20|         45|        134|     15960.78885|       1580|00:00:22|-0.01|0.03|0.9859|
|x|         25|         45|        182|     15939.64296|       1615|00:00:22|-0.01|0.03|0.9866|
|x|         28|         45|        182|     15940.36143|       1650|00:00:22|-0.01|0.02|0.9864|
|x|          4|         45|        182|     15941.49034|       1685|00:00:21|-0.01|0.02|0.9863|
|=|         18|         45|        134|     15959.74533|       1720|00:00:21|-0.01|0.03|0.9861|
|x|         14|         45|        134|     15962.53839|       1755|00:00:22|-0.01|0.03|0.9836|
|x|         32|         45|        141|     15956.64031|       1800|00:00:29|-0.01|0.02|0.9844|
|x|         33|         45|        141|     15955.93424|       1845|00:00:33|-0.01|0.02|0.9811|
|x|         34|         45|        141|     15951.55000|       1890|00:00:31|-0.00|0.03|0.9794|
|x|         35|         45|        141|     15952.00629|       1935|00:00:31|-0.00|0.02|0.9804|
|x|         36|         45|        141|     15955.34556|       1980|00:00:31|-0.00|0.02|0.9785|
|x|         37|         45|        141|     15957.03811|       2025|00:00:31|-0.00|0.02|0.9771|
|x|         38|         45|        141|     15955.75974|       2070|00:00:31|-0.00|0.03|0.9763|
|x|         39|         45|        141|     15955.69359|       2115|00:00:30|-0.00|0.02|0.9764|
|=|         40|         45|        141|     15955.24500|       2160|00:00:31|-0.00|0.02|0.9760|
|x|         41|         45|        141|     15956.10000|       2205|00:00:31|-0.00|0.02|0.9769|
|x|         42|         45|        141|     15956.57952|       2250|00:00:28|-0.00|0.02|0.9766|
|x|         43|         45|        141|     15955.17651|       2295|00:00:21|-0.00|0.02|0.9764|
|x|         44|         45|        141|     15955.68750|       2340|00:00:25|+0.00|0.02|0.9751|
|x|         45|         45|        141|     15956.16756|       2385|00:00:23|-0.00|0.02|0.9758|
|x|         46|         45|        141|     15955.80000|       2430|00:00:21|-0.00|0.02|0.9770|
|x|         47|         45|        141|     15958.46851|       2475|00:00:24|-0.00|0.02|0.9771|
|x|         48|         45|        141|     15957.15313|       2520|00:00:23|-0.00|0.02|0.9765|
|x|         49|         45|        141|     15958.57510|       2565|00:00:22|+0.00|0.02|0.9753|
|=|         50|         45|        162|     15954.79000|       2610|00:00:25|+0.00|0.02|0.9750|
+-+-----------+-----------+-----------+----------------+-----------+--------+-----+----+------+
Best-so-far configuration:         162    mean value:      15954.79000
Description of the best-so-far configuration:
    .ID. his_len max_attempts .PARENT.
162  162    2468           64       27

# 2026-01-09 15:07:17 GMT: Elite configurations (first number is the configuration ID; listed from best to worst according to the sum of ranks):
    his_len max_attempts
162    2468           64
141    2159           61
182    2076           89
118    3193          143
69     3318          190
134    2952          163
138    2340          158
27     2630           61
197    2284           82
157    2239           73
# 2026-01-09 15:07:17 GMT: Iteration 3 of 3
# experimentsUsed: 4940
# remainingBudget: 3060
# currentBudget: 3060
# nbConfigurations: 59
# Markers:
     x No test is performed.
     c Configurations are discarded only due to capping.
     - The test is performed and some configurations are discarded.
     = The test is performed but no configuration is discarded.
     ! The test is performed and configurations could be discarded but elite configurations are preserved.
     . All alive configurations are elite and nothing is discarded.

+-+-----------+-----------+-----------+----------------+-----------+--------+-----+----+------+
| |   Instance|      Alive|       Best|       Mean best| Exp so far|  W time|  rho|KenW|  Qvar|
+-+-----------+-----------+-----------+----------------+-----------+--------+-----+----+------+
|x|         51|         59|        245|     15744.95000|         59|00:00:28|   NA|  NA|    NA|
|x|          7|         59|         69|     15832.13500|        108|00:00:24|+0.23|0.62|0.7811|
|x|         32|         59|         69|     15865.52667|        157|00:00:25|-0.04|0.31|1.0479|
|x|          9|         59|         69|     15852.78000|        206|00:00:25|+0.01|0.25|0.9797|
|x|         24|         59|         69|     15889.17000|        255|00:00:23|-0.02|0.18|0.9745|
|x|         40|         59|         69|     15905.74667|        304|00:00:26|-0.05|0.13|1.0033|
|x|         29|         59|        141|     15924.74571|        353|00:00:25|-0.03|0.12|1.0079|
|x|         11|         59|        141|     15921.54000|        402|00:00:24|-0.01|0.12|0.9957|
|x|         28|         59|        141|     15923.73444|        451|00:00:27|+0.01|0.12|0.9828|
|=|          4|         59|        141|     15939.32200|        500|00:00:25|+0.01|0.11|0.9821|
|x|         27|         59|        141|     15936.78727|        549|00:00:23|+0.03|0.11|0.9669|
|x|         50|         59|        141|     15941.35833|        598|00:00:25|+0.02|0.10|0.9702|
|x|         30|         59|        141|     15939.73231|        647|00:00:25|+0.02|0.09|0.9732|
|x|         37|         59|        197|     15943.42500|        696|00:00:25|+0.01|0.08|0.9805|
|x|         21|         59|        197|     15948.02200|        745|00:00:24|+0.00|0.07|0.9843|
|x|         41|         59|        197|     15952.55875|        794|00:00:25|+0.00|0.07|0.9856|
|x|         42|         59|        197|     15952.71647|        843|00:00:25|+0.01|0.07|0.9824|
|x|         38|         59|        203|     15952.32778|        892|00:00:24|+0.01|0.06|0.9821|
|x|         25|         59|        203|     15949.32789|        941|00:00:26|+0.00|0.06|0.9856|
|=|          5|         59|        197|     15952.65100|        990|00:00:25|+0.00|0.05|0.9831|
|x|         23|         59|        197|     15950.10095|       1039|00:00:23|+0.01|0.06|0.9793|
|x|         45|         59|        197|     15950.39136|       1088|00:00:26|+0.01|0.05|0.9780|
|x|          6|         59|        182|     15944.88739|       1137|00:00:24|+0.01|0.05|0.9795|
|x|         49|         59|        242|     15949.52375|       1186|00:00:24|+0.01|0.05|0.9808|
|x|         36|         59|        242|     15949.69080|       1235|00:00:26|+0.01|0.05|0.9800|
|x|         34|         59|        242|     15952.12885|       1284|00:00:25|+0.01|0.04|0.9801|
|x|         31|         59|        242|     15950.79148|       1333|00:00:23|+0.00|0.04|0.9826|
|x|         16|         59|        242|     15947.78429|       1382|00:00:25|+0.01|0.04|0.9810|
|x|         15|         59|        242|     15944.47483|       1431|00:00:25|+0.01|0.04|0.9801|
|=|         43|         59|        242|     15950.34533|       1480|00:00:23|+0.01|0.04|0.9791|
|x|         20|         59|        242|     15950.18935|       1529|00:00:29|+0.01|0.04|0.9791|
|x|         35|         59|        242|     15948.17219|       1578|00:00:28|+0.01|0.04|0.9832|
|x|         47|         59|        242|     15950.14333|       1627|00:00:27|+0.00|0.03|0.9836|
|x|         48|         59|        242|     15955.86147|       1676|00:00:25|+0.00|0.03|0.9843|
|x|         18|         59|        242|     15955.87457|       1725|00:00:30|+0.00|0.03|0.9860|
|x|         14|         59|        141|     15951.52806|       1774|00:00:28|+0.00|0.03|0.9859|
|x|          3|         59|        242|     15956.16405|       1823|00:00:28|+0.00|0.03|0.9858|
|x|         17|         59|        242|     15956.49158|       1872|00:00:27|+0.00|0.03|0.9853|
|x|         22|         59|        242|     15959.33154|       1921|00:00:25|+0.00|0.03|0.9851|
|=|          1|         59|        242|     15958.71325|       1970|00:00:31|+0.00|0.03|0.9848|
|x|         10|         59|        242|     15957.28732|       2019|00:00:29|+0.00|0.03|0.9838|
|x|         33|         59|        242|     15956.47833|       2068|00:00:28|+0.00|0.03|0.9832|
|x|          8|         59|        242|     15955.16000|       2117|00:00:26|+0.00|0.03|0.9817|
|x|         12|         59|        242|     15953.42386|       2166|00:00:29|+0.00|0.03|0.9819|
|x|          2|         59|        242|     15954.87378|       2215|00:00:29|+0.00|0.03|0.9803|
|x|         19|         59|        242|     15952.54913|       2264|00:00:28|+0.01|0.03|0.9791|
|x|         26|         59|        242|     15955.15340|       2313|00:00:27|+0.01|0.03|0.9792|
|x|         13|         59|        242|     15957.42125|       2362|00:00:24|+0.01|0.03|0.9789|
|x|         46|         59|        162|     15952.04408|       2411|00:00:29|+0.01|0.03|0.9782|
|=|         39|         59|        242|     15957.48800|       2460|00:00:27|+0.01|0.03|0.9793|
|x|         44|         59|        242|     15956.75980|       2509|00:00:26|+0.01|0.03|0.9792|
|x|         52|         59|        242|     15960.24865|       2568|00:00:30|+0.00|0.02|0.9804|
|x|         53|         59|        242|     15962.53472|       2627|00:00:33|+0.00|0.02|0.9820|
|x|         54|         59|        242|     15961.52519|       2686|00:00:30|+0.00|0.02|0.9820|
|x|         55|         59|        141|     15962.10255|       2745|00:00:28|+0.00|0.02|0.9825|
|x|         56|         59|        141|     15963.23964|       2804|00:00:33|+0.00|0.02|0.9830|
|x|         57|         59|        141|     15963.85368|       2863|00:00:31|+0.00|0.02|0.9828|
|x|         58|         59|        141|     15963.74534|       2922|00:00:29|+0.00|0.02|0.9835|
|x|         59|         59|        210|     15965.65085|       2981|00:00:32|+0.00|0.02|0.9830|
|=|         60|         59|        210|     15962.00417|       3040|00:00:31|+0.00|0.02|0.9825|
+-+-----------+-----------+-----------+----------------+-----------+--------+-----+----+------+
Best-so-far configuration:         210    mean value:      15962.00417
Description of the best-so-far configuration:
    .ID. his_len max_attempts .PARENT.
210  210    3423          188       69

# 2026-01-09 15:34:27 GMT: Elite configurations (first number is the configuration ID; listed from best to worst according to the sum of ranks):
    his_len max_attempts
210    3423          188
118    3193          143
162    2468           64
242    3255          188
69     3318          190
182    2076           89
141    2159           61
223    2897          160
229    3321          191
211    2153           63
# 2026-01-09 15:34:27 GMT: Stopped because there is not enough budget left to race more than the minimum (10).
# You may either increase the budget or set 'minNbSurvival' to a lower value.
# Iteration: 4
# nbIterations: 4
# experimentsUsed: 7980
# timeUsed: 0
# remainingBudget: 20
# currentBudget: 20
# number of elites: 10
# nbConfigurations: 10
# Total CPU user time: 33994.5, CPU sys time: 8230.909, Wall-clock time: 4742.488
# 2026-01-09 15:34:27 GMT: Starting post-selection:
# Configurations selected: 210, 118.
# Pending instances: 0, 0.
# 2026-01-09 15:34:27 GMT: seed: 987346058
# Configurations: 2
# Available experiments: 20
# minSurvival: 1
# Markers:
     x No test is performed.
     c Configurations are discarded only due to capping.
     - The test is performed and some configurations are discarded.
     = The test is performed but no configuration is discarded.
     ! The test is performed and configurations could be discarded but elite configurations are preserved.
     . All alive configurations are elite and nothing is discarded.

+-+-----------+-----------+-----------+----------------+-----------+--------+-----+----+------+
| |   Instance|      Alive|       Best|       Mean best| Exp so far|  W time|  rho|KenW|  Qvar|
+-+-----------+-----------+-----------+----------------+-----------+--------+-----+----+------+
|.|         34|          2|        118|     16076.89000|          0|00:00:00|   NA|  NA|    NA|
|.|         57|          2|        118|     15991.68500|          0|00:00:00|+1.00|1.00|0.0000|
|.|         23|          2|        118|     15985.25000|          0|00:00:00|-0.33|0.11|0.6667|
|.|         51|          2|        118|     15970.59500|          0|00:00:00|-0.33|0.00|0.6667|
|.|         58|          2|        118|     15938.97200|          0|00:00:00|-0.20|0.04|0.6000|
|.|         10|          2|        118|     15935.00833|          0|00:00:00|-0.07|0.11|0.5333|
|.|         22|          2|        118|     15937.96571|          0|00:00:00|+0.05|0.18|0.4762|
|.|         27|          2|        118|     15944.36875|          0|00:00:00|-0.07|0.06|0.5357|
|.|          9|          2|        118|     15943.14333|          0|00:00:00|+0.00|0.11|0.5000|
|.|         47|          2|        118|     15923.27500|          0|00:00:00|+0.07|0.16|0.4667|
|.|         17|          2|        118|     15923.77909|          0|00:00:00|+0.13|0.21|0.4364|
|.|          2|          2|        118|     15935.11250|          0|00:00:00|+0.03|0.11|0.4848|
|.|         11|          2|        118|     15941.66154|          0|00:00:00|-0.03|0.05|0.5128|
|.|         38|          2|        118|     15940.70643|          0|00:00:00|-0.05|0.02|0.5275|
|.|         13|          2|        118|     15943.19533|          0|00:00:00|-0.07|0.00|0.5333|
|.|         39|          2|        118|     15942.39313|          0|00:00:00|-0.07|0.00|0.5333|
|.|         45|          2|        118|     15940.35176|          0|00:00:00|-0.06|0.00|0.5294|
|.|         46|          2|        118|     15942.69278|          0|00:00:00|-0.06|0.00|0.5294|
|.|         29|          2|        118|     15944.09421|          0|00:00:00|-0.05|0.00|0.5263|
|.|         35|          2|        118|     15951.01100|          0|00:00:00|-0.05|0.00|0.5263|
|.|         14|          2|        118|     15948.63571|          0|00:00:00|-0.05|0.00|0.5238|
|.|          8|          2|        118|     15948.12000|          0|00:00:00|-0.04|0.01|0.5195|
|.|         21|          2|        118|     15950.81304|          0|00:00:00|-0.04|0.00|0.5217|
|.|         24|          2|        118|     15950.78375|          0|00:00:00|-0.04|0.01|0.5181|
|.|         48|          2|        118|     15948.88640|          0|00:00:00|-0.03|0.01|0.5133|
|.|         25|          2|        118|     15951.00885|          0|00:00:00|-0.02|0.02|0.5077|
|.|          7|          2|        118|     15945.28037|          0|00:00:00|-0.00|0.03|0.5014|
|.|          3|          2|        118|     15949.28429|          0|00:00:00|+0.01|0.05|0.4947|
|.|         18|          2|        118|     15948.90690|          0|00:00:00|+0.02|0.06|0.4877|
|.|         20|          2|        118|     15950.16733|          0|00:00:00|+0.04|0.07|0.4805|
|.|         16|          2|        118|     15950.81710|          0|00:00:00|+0.02|0.05|0.4903|
|.|         26|          2|        118|     15944.74688|          0|00:00:00|+0.03|0.06|0.4839|
|.|         53|          2|        118|     15945.74242|          0|00:00:00|+0.05|0.07|0.4773|
|.|         32|          2|        118|     15947.41412|          0|00:00:00|+0.03|0.06|0.4866|
|.|         28|          2|        118|     15946.18971|          0|00:00:00|+0.04|0.07|0.4807|
|.|         50|          2|        118|     15948.51056|          0|00:00:00|+0.02|0.05|0.4889|
|.|         60|          2|        118|     15949.39595|          0|00:00:00|+0.01|0.04|0.4955|
|.|          5|          2|        118|     15947.84289|          0|00:00:00|+0.02|0.04|0.4908|
|.|         31|          2|        118|     15951.02359|          0|00:00:00|+0.01|0.03|0.4966|
|.|         37|          2|        118|     15951.16650|          0|00:00:00|+0.02|0.04|0.4923|
|.|         41|          2|        118|     15958.84268|          0|00:00:00|+0.00|0.03|0.4976|
|.|          6|          2|        118|     15959.08214|          0|00:00:00|+0.01|0.04|0.4936|
|.|         36|          2|        118|     15957.69581|          0|00:00:00|+0.00|0.03|0.4983|
|.|         12|          2|        118|     15957.98841|          0|00:00:00|-0.00|0.02|0.5021|
|.|         43|          2|        118|     15959.75578|          0|00:00:00|-0.01|0.01|0.5051|
|.|         59|          2|        118|     15960.53457|          0|00:00:00|-0.01|0.01|0.5072|
|.|         55|          2|        118|     15963.15319|          0|00:00:00|-0.02|0.00|0.5088|
|.|         42|          2|        118|     15962.75937|          0|00:00:00|-0.01|0.01|0.5071|
|.|         44|          2|        118|     15963.45184|          0|00:00:00|-0.02|0.00|0.5085|
|.|         30|          2|        118|     15962.25160|          0|00:00:00|-0.01|0.01|0.5069|
|.|         40|          2|        118|     15963.45137|          0|00:00:00|-0.02|0.00|0.5082|
|.|         56|          2|        118|     15965.17923|          0|00:00:00|-0.02|0.00|0.5090|
|.|         33|          2|        118|     15964.38396|          0|00:00:00|-0.02|0.00|0.5080|
|.|         15|          2|        118|     15964.21167|          0|00:00:00|-0.02|0.00|0.5087|
|.|          4|          2|        118|     15963.61182|          0|00:00:00|-0.02|0.00|0.5077|
|.|         49|          2|        118|     15964.13679|          0|00:00:00|-0.01|0.01|0.5065|
|.|          1|          2|        118|     15964.28105|          0|00:00:00|-0.02|0.00|0.5075|
|.|         19|          2|        118|     15964.30552|          0|00:00:00|-0.02|0.00|0.5082|
|.|         54|          2|        118|     15963.75610|          0|00:00:00|-0.01|0.00|0.5073|
|.|         52|          2|        118|     15963.35550|          0|00:00:00|-0.01|0.00|0.5062|
|x|         61|          2|        118|     15963.73836|          2|00:00:06|-0.01|0.01|0.5049|
|x|         62|          2|        118|     15962.09742|          4|00:00:08|-0.01|0.01|0.5034|
|x|         63|          2|        118|     15959.20444|          6|00:00:05|-0.00|0.01|0.5018|
|x|         64|          2|        118|     15962.45203|          8|00:00:05|-0.01|0.01|0.5035|
|x|         65|          2|        118|     15963.35200|         10|00:00:06|-0.01|0.01|0.5048|
|x|         66|          2|        118|     15962.58167|         12|00:00:06|-0.01|0.01|0.5035|
|x|         67|          2|        118|     15961.65955|         14|00:00:06|-0.00|0.01|0.5020|
|x|         68|          2|        118|     15961.42588|         16|00:00:06|-0.00|0.01|0.5004|
|x|         69|          2|        118|     15962.74536|         18|00:00:04|-0.00|0.01|0.5021|
|=|         70|          2|        118|     15962.20486|         20|00:00:06|-0.00|0.01|0.5006|
+-+-----------+-----------+-----------+----------------+-----------+--------+-----+----+------+
Best-so-far configuration:         118    mean value:      15962.20486
Description of the best-so-far configuration:
    .ID. his_len max_attempts .PARENT.
118  118    3193          143       NA

# 2026-01-09 15:35:28 GMT: Elite configurations (first number is the configuration ID; listed from best to worst according to the sum of ranks):
    his_len max_attempts
118    3193          143
210    3423          188
# Total CPU user time: 34074.53, CPU sys time: 8244.808, Wall-clock time: 4804.143
# Best configurations (first number is the configuration ID; listed from best to worst according to the sum of ranks):
    his_len max_attempts
118    3193          143
210    3423          188
# Best configurations as commandlines (first number is the configuration ID; listed from best to worst according to the sum of ranks):
118 -his_len 3193 -max_attempts 143
210 -his_len 3423 -max_attempts 188


# Testing of elite configurations: 1 
# Testing iteration configurations: FALSE 
# 2026-01-09 15:35:28 GMT: No test instances, skip testing
