Starting irace...
# 2025-12-26 13:34:57 GMT: Reading parameter file '/gpfs/home/e/exx866/IRACE-b-LAHC/all-instances-rough/E-n29-k4-s7/parameters.txt'.
# 2025-12-26 13:34:58 GMT: Read 1 configuration(s) from file '/gpfs/home/e/exx866/IRACE-b-LAHC/all-instances-rough/E-n29-k4-s7/configurations.txt'
# 2025-12-26 13:34:58 GMT: Initialization
# Elitist race
# Elitist new instances: 1
# Elitist limit: 2
# nbIterations: 3
# minNbSurvival: 10
# nbParameters: 2
# seed: 1772342607
# confidence level: 0.95
# budget: 3500
# mu: 10
# deterministic: FALSE

# 2025-12-26 13:34:58 GMT: Iteration 1 of 3
# experimentsUsed: 0
# remainingBudget: 3500
# currentBudget: 1166
# nbConfigurations: 58
# Markers:
     x No test is performed.
     c Configurations are discarded only due to capping.
     - The test is performed and some configurations are discarded.
     = The test is performed but no configuration is discarded.
     ! The test is performed and configurations could be discarded but elite configurations are preserved.
     . All alive configurations are elite and nothing is discarded.

+-+-----------+-----------+-----------+----------------+-----------+--------+-----+----+------+
| |   Instance|      Alive|       Best|       Mean best| Exp so far|  W time|  rho|KenW|  Qvar|
+-+-----------+-----------+-----------+----------------+-----------+--------+-----+----+------+
|x|          1|         58|          1|     378.4400000|         58|00:00:54|   NA|  NA|    NA|
|x|          2|         58|          1|     378.4400000|        116|00:00:46|+1.00|1.00|0.0000|
|x|          3|         58|          1|     378.4400000|        174|00:00:45|+1.00|1.00|0.0000|
|x|          4|         58|          1|     378.4400000|        232|00:00:44|+0.00|0.25|0.2457|
|x|          5|         58|          1|     378.4400000|        290|00:00:43|+0.00|0.20|0.1966|
|x|          6|         58|          1|     378.4400000|        348|00:00:41|+0.00|0.17|0.1638|
|x|          7|         58|          1|     378.4400000|        406|00:00:40|+0.00|0.14|0.1404|
|x|          8|         58|          1|     378.4400000|        464|00:00:40|-0.01|0.12|0.2476|
|x|          9|         58|          1|     378.4400000|        522|00:00:39|-0.01|0.10|0.3327|
|=|         10|         58|          1|     378.4400000|        580|00:00:40|-0.01|0.09|0.2989|
|x|         11|         58|          1|     378.4400000|        638|00:00:39|-0.01|0.08|0.2714|
|x|         12|         58|          1|     378.4400000|        696|00:00:41|-0.01|0.08|0.2485|
|x|         13|         58|          2|     378.4400000|        754|00:00:41|+0.01|0.08|0.3003|
|x|         14|         58|          2|     378.4400000|        812|00:00:41|+0.01|0.08|0.2790|
|x|         15|         58|          9|     378.4400000|        870|00:00:41|+0.01|0.07|0.3258|
|x|         16|         58|          9|     378.4400000|        928|00:00:41|+0.01|0.07|0.3055|
|x|         17|         58|         13|     378.4400000|        986|00:00:41|+0.03|0.08|0.3394|
|x|         18|         58|         13|     378.4400000|       1044|00:00:41|+0.03|0.08|0.3714|
|x|         19|         58|         13|     378.4400000|       1102|00:00:41|+0.03|0.08|0.4001|
|-|         20|         50|         13|     378.4400000|       1160|00:00:41|+0.01|0.06|0.3869|
+-+-----------+-----------+-----------+----------------+-----------+--------+-----+----+------+
Best-so-far configuration:          13    mean value:      378.4400000
Description of the best-so-far configuration:
   .ID. his_len max_attempts .PARENT.
13   13    7927            2       NA

# 2025-12-26 13:49:11 GMT: Elite configurations (first number is the configuration ID; listed from best to worst according to the sum of ranks):
   his_len max_attempts
13    7927            2
16   15314           64
22   18393           17
30   17161          174
35   19932          103
43   13775           10
47   16238          197
48    1462           72
51   14391          244
56    7003          307
# 2025-12-26 13:49:11 GMT: Iteration 2 of 3
# experimentsUsed: 1160
# remainingBudget: 2340
# currentBudget: 1170
# nbConfigurations: 45
# Markers:
     x No test is performed.
     c Configurations are discarded only due to capping.
     - The test is performed and some configurations are discarded.
     = The test is performed but no configuration is discarded.
     ! The test is performed and configurations could be discarded but elite configurations are preserved.
     . All alive configurations are elite and nothing is discarded.

+-+-----------+-----------+-----------+----------------+-----------+--------+-----+----+------+
| |   Instance|      Alive|       Best|       Mean best| Exp so far|  W time|  rho|KenW|  Qvar|
+-+-----------+-----------+-----------+----------------+-----------+--------+-----+----+------+
|x|         21|         45|         13|     378.4400000|         45|00:00:33|   NA|  NA|    NA|
|x|         11|         45|         13|     378.4400000|         80|00:00:24|+1.00|1.00|0.0000|
|x|          5|         45|         13|     378.4400000|        115|00:00:22|+1.00|1.00|0.0000|
|x|         13|         45|         13|     378.4400000|        150|00:00:23|+0.00|0.25|0.2444|
|x|          6|         45|         13|     378.4400000|        185|00:00:23|+0.00|0.20|0.1956|
|x|          9|         45|         13|     378.4400000|        220|00:00:23|+0.00|0.17|0.1630|
|x|          2|         45|         13|     378.4400000|        255|00:00:23|+0.00|0.14|0.1397|
|x|         20|         45|         13|     378.4400000|        290|00:00:23|+0.00|0.12|0.1222|
|x|         19|         45|         13|     378.4400000|        325|00:00:23|+0.03|0.14|0.2106|
|=|          1|         45|         13|     378.4400000|        360|00:00:22|+0.03|0.12|0.1902|
|x|         18|         45|         13|     378.4400000|        395|00:00:23|+0.02|0.11|0.2633|
|x|         10|         45|         13|     378.4400000|        430|00:00:22|+0.02|0.10|0.2417|
|x|          8|         45|         13|     378.4400000|        465|00:00:23|+0.02|0.09|0.2233|
|x|         15|         45|         13|     378.4400000|        500|00:00:23|+0.01|0.08|0.2075|
|x|         12|         45|         13|     378.4400000|        535|00:00:22|+0.01|0.08|0.1938|
|x|         17|         45|         13|     378.4400000|        570|00:00:23|+0.03|0.09|0.2369|
|x|          7|         45|         13|     378.4400000|        605|00:00:23|+0.03|0.09|0.2234|
|x|         14|         45|         13|     378.4400000|        640|00:00:22|+0.03|0.08|0.2114|
|x|          3|         45|         13|     378.4400000|        675|00:00:23|+0.03|0.08|0.2006|
|-|          4|         42|         13|     378.4400000|        710|00:00:23|+0.00|0.05|0.2435|
|x|         16|         42|         13|     378.4400000|        742|00:00:21|+0.00|0.05|0.2319|
|x|         22|         42|         13|     378.4400000|        784|00:00:26|+0.00|0.05|0.2214|
|x|         23|         42|         13|     378.4400000|        826|00:00:29|+0.00|0.04|0.2118|
|x|         24|         42|         13|     378.4400000|        868|00:00:29|+0.00|0.04|0.2030|
|x|         25|         42|         13|     378.4400000|        910|00:00:29|+0.00|0.04|0.1949|
|x|         26|         42|         13|     378.4400000|        952|00:00:29|+0.00|0.04|0.1874|
|x|         27|         42|         13|     378.4400000|        994|00:00:30|+0.00|0.04|0.1805|
|x|         28|         42|         13|     378.4400000|       1036|00:00:30|+0.00|0.04|0.1740|
|x|         29|         42|         13|     378.4400000|       1078|00:00:30|+0.00|0.04|0.1680|
|=|         30|         42|         13|     378.4400000|       1120|00:00:29|+0.01|0.04|0.1938|
+-+-----------+-----------+-----------+----------------+-----------+--------+-----+----+------+
Best-so-far configuration:          13    mean value:      378.4400000
Description of the best-so-far configuration:
   .ID. his_len max_attempts .PARENT.
13   13    7927            2       NA

# 2025-12-26 14:01:52 GMT: Elite configurations (first number is the configuration ID; listed from best to worst according to the sum of ranks):
   his_len max_attempts
13    7927            2
16   15314           64
22   18393           17
43   13775           10
48    1462           72
51   14391          244
60   16899          163
61   19129           80
63   12248           16
68   13859           16
# 2025-12-26 14:01:52 GMT: Iteration 3 of 3
# experimentsUsed: 2280
# remainingBudget: 1220
# currentBudget: 1220
# nbConfigurations: 38
# Markers:
     x No test is performed.
     c Configurations are discarded only due to capping.
     - The test is performed and some configurations are discarded.
     = The test is performed but no configuration is discarded.
     ! The test is performed and configurations could be discarded but elite configurations are preserved.
     . All alive configurations are elite and nothing is discarded.

+-+-----------+-----------+-----------+----------------+-----------+--------+-----+----+------+
| |   Instance|      Alive|       Best|       Mean best| Exp so far|  W time|  rho|KenW|  Qvar|
+-+-----------+-----------+-----------+----------------+-----------+--------+-----+----+------+
|x|         31|         38|         13|     378.4400000|         38|00:00:27|   NA|  NA|    NA|
|x|          2|         38|         13|     378.4400000|         66|00:00:20|+1.00|1.00|0.0000|
|x|         20|         38|         13|     378.4400000|         94|00:00:17|+1.00|1.00|0.0000|
|x|         28|         38|         13|     378.4400000|        122|00:00:17|+1.00|1.00|0.0000|
|x|         29|         38|         13|     378.4400000|        150|00:00:16|+1.00|1.00|0.0000|
|x|          9|         38|         13|     378.4400000|        178|00:00:17|+1.00|1.00|0.0000|
|x|         11|         38|         13|     378.4400000|        206|00:00:17|+1.00|1.00|0.0000|
|x|         17|         38|         13|     378.4400000|        234|00:00:17|+0.00|0.12|0.1217|
|x|         13|         38|         13|     378.4400000|        262|00:00:17|+0.03|0.14|0.2105|
|=|          7|         38|         13|     378.4400000|        290|00:00:17|+0.02|0.12|0.1900|
|x|         15|         38|         13|     378.4400000|        318|00:00:17|+0.01|0.10|0.2635|
|x|         10|         38|         13|     378.4400000|        346|00:00:17|+0.01|0.09|0.2418|
|x|         21|         38|         13|     378.4400000|        374|00:00:16|+0.01|0.09|0.2233|
|x|         27|         38|         13|     378.4400000|        402|00:00:17|+0.01|0.08|0.2074|
|x|         19|         38|         13|     378.4400000|        430|00:00:17|-0.00|0.06|0.2611|
|x|         18|         38|         13|     378.4400000|        458|00:00:16|-0.00|0.06|0.2447|
|x|         23|         38|         13|     378.4400000|        486|00:00:17|-0.00|0.06|0.2303|
|x|         14|         38|         13|     378.4400000|        514|00:00:17|-0.00|0.05|0.2174|
|x|         30|         38|         13|     378.4400000|        542|00:00:17|-0.01|0.05|0.2582|
|=|          6|         38|         13|     378.4400000|        570|00:00:17|-0.01|0.04|0.2452|
|x|          1|         38|         13|     378.4400000|        598|00:00:17|-0.01|0.04|0.2334|
|x|          4|         38|         13|     378.4400000|        626|00:00:17|+0.01|0.05|0.2632|
|x|          3|         38|         13|     378.4400000|        654|00:00:17|+0.01|0.05|0.2519|
|x|         16|         38|         13|     378.4400000|        682|00:00:17|+0.01|0.05|0.2415|
|x|         24|         38|         13|     378.4400000|        710|00:00:17|+0.01|0.05|0.2319|
|x|         26|         38|         13|     378.4400000|        738|00:00:17|+0.01|0.05|0.2230|
|x|         25|         38|         13|     378.4400000|        766|00:00:17|+0.01|0.04|0.2148|
|x|          8|         38|         13|     378.4400000|        794|00:00:17|+0.01|0.04|0.2072|
|x|         12|         38|         13|     378.4400000|        822|00:00:17|+0.01|0.04|0.2001|
|=|          5|         38|         13|     378.4400000|        850|00:00:17|+0.01|0.04|0.1935|
|x|         22|         38|         13|     378.4400000|        878|00:00:17|+0.01|0.04|0.1873|
|x|         32|         38|         13|     378.4400000|        916|00:00:22|+0.01|0.05|0.2104|
|x|         33|         38|         13|     378.4400000|        954|00:00:23|+0.01|0.04|0.2041|
|x|         34|         38|         13|     378.4400000|        992|00:00:24|+0.01|0.04|0.1982|
|x|         35|         38|         13|     378.4400000|       1030|00:00:24|+0.01|0.04|0.1926|
|x|         36|         38|         13|     378.4400000|       1068|00:00:25|+0.01|0.04|0.1873|
|x|         37|         38|         13|     378.4400000|       1106|00:00:24|+0.01|0.03|0.2090|
|x|         38|         38|         13|     378.4400000|       1144|00:00:25|+0.01|0.04|0.2280|
|x|         39|         38|         13|     378.4400000|       1182|00:00:25|+0.01|0.04|0.2222|
|=|         40|         38|         13|     378.4400000|       1220|00:00:24|+0.01|0.03|0.2167|
+-+-----------+-----------+-----------+----------------+-----------+--------+-----+----+------+
Best-so-far configuration:          13    mean value:      378.4400000
Description of the best-so-far configuration:
   .ID. his_len max_attempts .PARENT.
13   13    7927            2       NA

# 2025-12-26 14:14:45 GMT: Elite configurations (first number is the configuration ID; listed from best to worst according to the sum of ranks):
   his_len max_attempts
13    7927            2
16   15314           64
22   18393           17
43   13775           10
48    1462           72
63   12248           16
68   13859           16
95   15135           63
96    1444           72
98    2304           80
# 2025-12-26 14:14:45 GMT: Stopped because budget is exhausted
# Iteration: 4
# nbIterations: 3
# experimentsUsed: 3500
# timeUsed: 0
# remainingBudget: 0
# currentBudget: 1220
# number of elites: 10
# nbConfigurations: 38
# Total CPU user time: 676.676, CPU sys time: 3911.525, Wall-clock time: 2387.963
# Best configurations (first number is the configuration ID; listed from best to worst according to the sum of ranks):
   his_len max_attempts
13    7927            2
16   15314           64
22   18393           17
43   13775           10
48    1462           72
63   12248           16
68   13859           16
95   15135           63
96    1444           72
98    2304           80
# Best configurations as commandlines (first number is the configuration ID; listed from best to worst according to the sum of ranks):
13 -his_len 7927 -max_attempts 2
16 -his_len 15314 -max_attempts 64
22 -his_len 18393 -max_attempts 17
43 -his_len 13775 -max_attempts 10
48 -his_len 1462 -max_attempts 72
63 -his_len 12248 -max_attempts 16
68 -his_len 13859 -max_attempts 16
95 -his_len 15135 -max_attempts 63
96 -his_len 1444 -max_attempts 72
98 -his_len 2304 -max_attempts 80


# Testing of elite configurations: 1 
# Testing iteration configurations: FALSE 
# 2025-12-26 14:14:45 GMT: No test instances, skip testing
