Starting irace...
# 2025-12-29 15:16:14 GMT: Reading parameter file '/gpfs/home/e/exx866/IRACE-b-LAHC/all-instances-fine/X-n351-k40/parameters.txt'.
# 2025-12-29 15:16:14 GMT: Read 1 configuration(s) from file '/gpfs/home/e/exx866/IRACE-b-LAHC/all-instances-fine/X-n351-k40/configurations.txt'
# 2025-12-29 15:16:14 GMT: Initialization
# Elitist race
# Elitist new instances: 1
# Elitist limit: 2
# nbIterations: 3
# minNbSurvival: 10
# nbParameters: 2
# seed: 291746970
# confidence level: 0.95
# budget: 6000
# mu: 10
# deterministic: FALSE

# 2025-12-29 15:16:14 GMT: Iteration 1 of 3
# experimentsUsed: 0
# remainingBudget: 6000
# currentBudget: 2000
# nbConfigurations: 100
# Markers:
     x No test is performed.
     c Configurations are discarded only due to capping.
     - The test is performed and some configurations are discarded.
     = The test is performed but no configuration is discarded.
     ! The test is performed and configurations could be discarded but elite configurations are preserved.
     . All alive configurations are elite and nothing is discarded.

+-+-----------+-----------+-----------+----------------+-----------+--------+-----+----+------+
| |   Instance|      Alive|       Best|       Mean best| Exp so far|  W time|  rho|KenW|  Qvar|
+-+-----------+-----------+-----------+----------------+-----------+--------+-----+----+------+
|x|          1|        100|         39|     26181.94000|        100|00:02:27|   NA|  NA|    NA|
|x|          2|        100|         51|     26274.31000|        200|00:02:24|+0.01|0.50|0.9451|
|x|          3|        100|         31|     26296.96667|        300|00:02:35|-0.01|0.33|1.0136|
|x|          4|        100|         73|     26328.51750|        400|00:02:34|+0.07|0.30|0.9309|
|x|          5|        100|         58|     26322.68600|        500|00:02:23|+0.05|0.24|0.9353|
|x|          6|        100|         51|     26328.30667|        600|00:02:25|+0.07|0.22|0.9195|
|x|          7|        100|         58|     26335.91429|        700|00:02:28|+0.05|0.19|0.9318|
|x|          8|        100|         58|     26333.42000|        800|00:02:23|+0.05|0.17|0.9330|
|x|          9|        100|         10|     26346.62889|        900|00:02:23|+0.05|0.16|0.9391|
|-|         10|         43|         55|     26333.59900|       1000|00:02:23|-0.05|0.05|1.0228|
|x|         11|         43|         55|     26347.09273|       1043|00:02:31|-0.04|0.05|1.0201|
|x|         12|         43|         55|     26353.41917|       1086|00:02:39|-0.04|0.05|1.0116|
|x|         13|         43|         40|     26358.82308|       1129|00:03:25|-0.04|0.04|1.0077|
|x|         14|         43|         94|     26351.81571|       1172|00:02:36|-0.03|0.04|1.0036|
|x|         15|         43|         55|     26356.08267|       1215|00:03:30|-0.02|0.04|0.9929|
|x|         16|         43|         94|     26348.76562|       1258|00:02:26|-0.02|0.04|0.9885|
|x|         17|         43|         67|     26344.62529|       1301|00:02:54|-0.01|0.04|0.9819|
|x|         18|         43|         94|     26351.71667|       1344|00:02:56|-0.01|0.04|0.9799|
|x|         19|         43|         94|     26352.88737|       1387|00:02:15|-0.02|0.04|0.9829|
|=|         20|         43|         94|     26349.71000|       1430|00:03:18|-0.01|0.04|0.9849|
|x|         21|         43|         94|     26350.58429|       1473|00:02:36|-0.01|0.03|0.9862|
|x|         22|         43|         94|     26348.27364|       1516|00:02:34|-0.01|0.04|0.9821|
|x|         23|         43|         94|     26353.77174|       1559|00:02:10|-0.01|0.04|0.9826|
|x|         24|         43|         94|     26357.42292|       1602|00:02:36|-0.00|0.04|0.9788|
|x|         25|         43|         94|     26359.75560|       1645|00:02:20|-0.00|0.04|0.9783|
|x|         26|         43|         45|     26364.48423|       1688|00:02:29|-0.01|0.03|0.9807|
|x|         27|         43|         45|     26365.26111|       1731|00:03:50|-0.00|0.03|0.9771|
|x|         28|         43|         94|     26363.04643|       1774|00:03:20|-0.00|0.03|0.9777|
|x|         29|         43|         45|     26368.79000|       1817|00:02:35|-0.00|0.03|0.9783|
|=|         30|         43|         73|     26364.40700|       1860|00:02:45|-0.00|0.03|0.9763|
+-+-----------+-----------+-----------+----------------+-----------+--------+-----+----+------+
Best-so-far configuration:          73    mean value:      26364.40700
Description of the best-so-far configuration:
   .ID. his_len max_attempts .PARENT.
73   73    6210          382       NA

# 2025-12-29 16:36:41 GMT: Elite configurations (first number is the configuration ID; listed from best to worst according to the sum of ranks):
   his_len max_attempts
73    6210          382
94    7724          345
45    7514          438
57    7009          474
25    7430          404
10    7262          482
14    7935          420
1     6223          417
83    6715          356
40    7178          386
# 2025-12-29 16:36:41 GMT: Iteration 2 of 3
# experimentsUsed: 1860
# remainingBudget: 4140
# currentBudget: 2070
# nbConfigurations: 59
# Markers:
     x No test is performed.
     c Configurations are discarded only due to capping.
     - The test is performed and some configurations are discarded.
     = The test is performed but no configuration is discarded.
     ! The test is performed and configurations could be discarded but elite configurations are preserved.
     . All alive configurations are elite and nothing is discarded.

+-+-----------+-----------+-----------+----------------+-----------+--------+-----+----+------+
| |   Instance|      Alive|       Best|       Mean best| Exp so far|  W time|  rho|KenW|  Qvar|
+-+-----------+-----------+-----------+----------------+-----------+--------+-----+----+------+
|x|         31|         59|        142|     26234.83000|         59|00:02:14|   NA|  NA|    NA|
|x|          4|         59|         73|     26303.76000|        108|00:03:28|+0.06|0.53|0.9426|
|x|         27|         59|        149|     26316.58667|        157|00:03:38|-0.02|0.32|1.0149|
|x|         18|         59|          1|     26323.66000|        206|00:02:41|-0.02|0.23|1.0138|
|x|         24|         59|          1|     26317.08200|        255|00:03:03|-0.03|0.18|1.0166|
|x|         26|         59|          1|     26333.17833|        304|00:02:26|-0.01|0.16|0.9987|
|x|          2|         59|        143|     26332.82000|        353|00:03:31|+0.01|0.15|0.9729|
|x|         12|         59|          1|     26327.01875|        402|00:02:52|+0.01|0.13|0.9658|
|x|          3|         59|          1|     26324.03778|        451|00:03:06|+0.01|0.12|0.9650|
|=|          6|         59|        143|     26331.53100|        500|00:03:08|+0.01|0.11|0.9711|
|x|         23|         59|          1|     26339.10455|        549|00:02:18|+0.01|0.10|0.9735|
|x|         15|         59|          1|     26343.68583|        598|00:03:11|+0.02|0.10|0.9631|
|x|         20|         59|          1|     26347.26308|        647|00:02:35|+0.01|0.09|0.9664|
|x|          1|         59|          1|     26353.22929|        696|00:02:50|+0.01|0.08|0.9701|
|x|         22|         59|        113|     26360.41400|        745|00:03:43|+0.01|0.08|0.9701|
|x|         25|         59|          1|     26357.65000|        794|00:02:45|+0.01|0.07|0.9717|
|x|         29|         59|        113|     26359.40000|        843|00:02:33|+0.01|0.07|0.9739|
|x|         30|         59|         73|     26361.71222|        892|00:03:53|+0.01|0.06|0.9762|
|x|         17|         59|         73|     26363.41789|        941|00:02:48|+0.01|0.06|0.9749|
|=|         10|         59|        113|     26360.32050|        990|00:02:48|+0.01|0.06|0.9743|
|x|          9|         59|        113|     26354.36429|       1039|00:02:12|+0.01|0.06|0.9704|
|x|         21|         59|        113|     26354.79273|       1088|00:03:08|+0.02|0.06|0.9664|
|x|          5|         59|        113|     26353.55696|       1137|00:02:25|+0.02|0.06|0.9653|
|x|         19|         59|        113|     26353.25167|       1186|00:02:43|+0.02|0.06|0.9660|
|x|         11|         59|        113|     26353.53640|       1235|00:02:48|+0.02|0.05|0.9678|
|x|          7|         59|        113|     26349.42346|       1284|00:03:15|+0.01|0.05|0.9680|
|x|          8|         59|        113|     26349.08667|       1333|00:02:41|+0.01|0.05|0.9696|
|x|         13|         59|        113|     26351.14214|       1382|00:02:42|+0.01|0.05|0.9701|
|x|         16|         59|        113|     26350.11034|       1431|00:02:40|+0.02|0.05|0.9679|
|-|         28|         19|        113|     26348.27300|       1480|00:02:49|-0.02|0.01|0.9642|
|x|         14|         19|        113|     26347.38968|       1489|00:03:42|-0.02|0.01|0.9654|
|x|         32|         19|        113|     26347.18844|       1508|00:03:38|-0.02|0.01|0.9610|
|x|         33|         19|        113|     26347.02576|       1527|00:04:02|-0.02|0.01|0.9607|
|x|         34|         19|        113|     26348.45588|       1546|00:04:42|-0.02|0.01|0.9583|
|x|         35|         19|        113|     26351.15286|       1565|00:04:11|-0.02|0.01|0.9572|
|x|         36|         19|        113|     26351.46722|       1584|00:03:34|-0.01|0.01|0.9549|
|x|         37|         19|        113|     26353.29595|       1603|00:04:09|-0.01|0.01|0.9536|
|x|         38|         19|         73|     26358.52684|       1622|00:03:06|-0.02|0.01|0.9546|
|x|         39|         19|         73|     26358.62641|       1641|00:04:20|-0.01|0.01|0.9521|
|=|         40|         19|        113|     26357.08575|       1660|00:03:52|-0.01|0.01|0.9500|
|x|         41|         19|        113|     26357.68805|       1679|00:02:55|-0.01|0.02|0.9491|
|x|         42|         19|        113|     26357.53238|       1698|00:03:49|-0.01|0.01|0.9497|
|x|         43|         19|        113|     26355.53953|       1717|00:03:38|-0.01|0.01|0.9492|
|x|         44|         19|        113|     26355.10818|       1736|00:03:36|-0.01|0.01|0.9495|
|x|         45|         19|        113|     26354.06533|       1755|00:03:39|-0.01|0.02|0.9471|
|x|         46|         19|        113|     26352.65761|       1774|00:04:03|-0.01|0.02|0.9466|
|x|         47|         19|        113|     26354.53894|       1793|00:03:16|-0.01|0.02|0.9461|
|x|         48|         19|        113|     26354.37125|       1812|00:02:18|-0.00|0.02|0.9453|
|x|         49|         19|        113|     26354.67571|       1831|00:03:16|-0.00|0.02|0.9459|
|=|         50|         19|        113|     26354.87980|       1850|00:03:19|-0.00|0.02|0.9445|
+-+-----------+-----------+-----------+----------------+-----------+--------+-----+----+------+
Best-so-far configuration:         113    mean value:      26354.87980
Description of the best-so-far configuration:
    .ID. his_len max_attempts .PARENT.
113  113    7494          346       94

# 2025-12-29 19:17:05 GMT: Elite configurations (first number is the configuration ID; listed from best to worst according to the sum of ranks):
    his_len max_attempts
113    7494          346
149    6692          488
122    6772          472
94     7724          345
25     7430          404
57     7009          474
83     6715          356
145    6545          437
135    6642          394
106    7552          358
# 2025-12-29 19:17:05 GMT: Iteration 3 of 3
# experimentsUsed: 3710
# remainingBudget: 2290
# currentBudget: 2290
# nbConfigurations: 46
# Markers:
     x No test is performed.
     c Configurations are discarded only due to capping.
     - The test is performed and some configurations are discarded.
     = The test is performed but no configuration is discarded.
     ! The test is performed and configurations could be discarded but elite configurations are preserved.
     . All alive configurations are elite and nothing is discarded.

+-+-----------+-----------+-----------+----------------+-----------+--------+-----+----+------+
| |   Instance|      Alive|       Best|       Mean best| Exp so far|  W time|  rho|KenW|  Qvar|
+-+-----------+-----------+-----------+----------------+-----------+--------+-----+----+------+
|x|         51|         46|        145|     26276.73000|         46|00:02:04|   NA|  NA|    NA|
|x|         18|         46|        175|     26321.30000|         82|00:02:35|+0.00|0.50|0.9763|
|x|          1|         46|        183|     26317.92667|        118|00:02:11|+0.01|0.34|0.9588|
|x|         26|         46|        183|     26321.17250|        154|00:02:22|+0.02|0.26|0.9549|
|x|         40|         46|        183|     26332.17800|        190|00:02:27|-0.01|0.19|0.9813|
|x|         45|         46|        183|     26338.66667|        226|00:03:50|-0.04|0.13|1.0139|
|x|         25|         46|        122|     26345.12714|        262|00:01:50|-0.04|0.11|1.0127|
|x|         27|         46|        122|     26341.97125|        298|00:02:21|-0.02|0.11|0.9946|
|x|         20|         46|        122|     26339.24333|        334|00:02:41|-0.03|0.09|1.0033|
|=|         13|         46|        122|     26340.63600|        370|00:02:53|-0.01|0.09|0.9953|
|x|         35|         46|        122|     26334.75455|        406|00:03:31|+0.00|0.09|0.9815|
|x|         19|         46|        122|     26341.23500|        442|00:03:32|-0.01|0.08|0.9871|
|x|         41|         46|        122|     26336.98923|        478|00:03:40|-0.00|0.07|0.9853|
|x|         38|         46|        122|     26337.57429|        514|00:02:15|-0.01|0.06|0.9874|
|x|         11|         46|        122|     26351.87933|        550|00:02:14|-0.01|0.06|0.9894|
|x|         37|         46|        122|     26354.71375|        586|00:03:23|-0.00|0.06|0.9791|
|x|         34|         46|        153|     26356.66118|        622|00:02:16|-0.01|0.05|0.9837|
|x|         14|         46|        122|     26358.02167|        658|00:03:46|-0.01|0.05|0.9842|
|x|          9|         46|        122|     26358.55632|        694|00:03:21|-0.01|0.05|0.9849|
|=|          2|         46|        122|     26354.36350|        730|00:02:49|-0.01|0.04|0.9855|
|x|         22|         46|        122|     26354.07190|        766|00:03:40|-0.00|0.04|0.9809|
|x|         49|         46|        122|     26358.75091|        802|00:01:56|-0.01|0.04|0.9815|
|x|         32|         46|        122|     26363.88217|        838|00:02:39|-0.00|0.04|0.9783|
|x|          8|         46|        165|     26366.12833|        874|00:03:16|-0.00|0.04|0.9791|
|x|         36|         46|        165|     26363.02640|        910|00:02:46|-0.00|0.04|0.9789|
|x|         28|         46|        113|     26362.80346|        946|00:04:08|-0.00|0.04|0.9802|
|x|          5|         46|        113|     26361.45407|        982|00:02:45|-0.00|0.04|0.9810|
|x|         43|         46|        113|     26358.25357|       1018|00:02:44|+0.00|0.04|0.9778|
|x|         12|         46|         94|     26361.59621|       1054|00:02:41|+0.00|0.04|0.9756|
|=|          4|         46|         94|     26360.37967|       1090|00:03:54|+0.01|0.04|0.9731|
|x|         39|         46|         94|     26361.31419|       1126|00:03:16|+0.01|0.04|0.9708|
|x|          6|         46|         94|     26360.13250|       1162|00:03:24|+0.01|0.04|0.9709|
|x|          7|         46|        113|     26358.26939|       1198|00:02:22|+0.01|0.04|0.9679|
|x|         47|         46|         94|     26361.41471|       1234|00:02:04|+0.01|0.04|0.9695|
|x|         42|         46|         94|     26361.11686|       1270|00:02:47|+0.01|0.04|0.9696|
|x|         46|         46|         94|     26362.53000|       1306|00:04:13|+0.01|0.04|0.9661|
|x|         48|         46|        113|     26358.13297|       1342|00:03:24|+0.01|0.04|0.9678|
|x|         15|         46|         94|     26364.22158|       1378|00:03:57|+0.01|0.03|0.9709|
|x|         17|         46|        113|     26359.36205|       1414|00:03:14|+0.01|0.03|0.9702|
|=|         31|         46|        113|     26358.78050|       1450|00:03:10|+0.01|0.03|0.9704|
|x|         21|         46|        113|     26358.90268|       1486|00:02:56|+0.01|0.03|0.9691|
|x|          3|         46|        113|     26359.28095|       1522|00:03:59|+0.01|0.03|0.9691|
|x|         50|         46|        113|     26359.41116|       1558|00:03:10|+0.01|0.03|0.9669|
|x|         30|         46|        113|     26361.47545|       1594|00:03:01|+0.01|0.03|0.9691|
|x|         10|         46|        113|     26359.97956|       1630|00:02:21|+0.01|0.03|0.9688|
|x|         16|         46|        113|     26359.13696|       1666|00:02:48|+0.01|0.03|0.9684|
|x|         29|         46|        113|     26358.64128|       1702|00:02:20|+0.01|0.03|0.9686|
|x|         33|         46|        113|     26358.29083|       1738|00:02:31|+0.01|0.03|0.9693|
|x|         24|         46|        113|     26358.13776|       1774|00:03:51|+0.01|0.03|0.9709|
|=|         44|         46|        113|     26357.70620|       1810|00:02:36|+0.01|0.03|0.9705|
|x|         23|         46|        113|     26357.38608|       1846|00:02:29|+0.01|0.03|0.9701|
|x|         52|         46|        113|     26358.89750|       1892|00:03:23|+0.00|0.02|0.9723|
|x|         53|         46|        113|     26360.21585|       1938|00:03:44|+0.00|0.02|0.9725|
|x|         54|         46|        113|     26358.56074|       1984|00:02:57|+0.00|0.02|0.9729|
|x|         55|         46|        113|     26358.02200|       2030|00:03:22|+0.01|0.02|0.9719|
|x|         56|         46|        113|     26359.56000|       2076|00:02:38|+0.00|0.02|0.9728|
|x|         57|         46|        113|     26360.37719|       2122|00:02:50|+0.00|0.02|0.9729|
|x|         58|         46|        113|     26361.54603|       2168|00:02:44|+0.00|0.02|0.9728|
|x|         59|         46|        113|     26361.39237|       2214|00:03:09|+0.00|0.02|0.9726|
|=|         60|         46|        113|     26361.69650|       2260|00:02:24|+0.01|0.02|0.9724|
+-+-----------+-----------+-----------+----------------+-----------+--------+-----+----+------+
Best-so-far configuration:         113    mean value:      26361.69650
Description of the best-so-far configuration:
    .ID. his_len max_attempts .PARENT.
113  113    7494          346       94

# 2025-12-29 22:15:09 GMT: Elite configurations (first number is the configuration ID; listed from best to worst according to the sum of ranks):
    his_len max_attempts
113    7494          346
149    6692          488
94     7724          345
122    6772          472
163    6868          489
135    6642          394
156    7613          348
167    6774          471
83     6715          356
158    6477          439
# 2025-12-29 22:15:09 GMT: Stopped because there is not enough budget left to race more than the minimum (10).
# You may either increase the budget or set 'minNbSurvival' to a lower value.
# Iteration: 4
# nbIterations: 4
# experimentsUsed: 5970
# timeUsed: 0
# remainingBudget: 30
# currentBudget: 30
# number of elites: 10
# nbConfigurations: 10
# Total CPU user time: 661586.7, CPU sys time: 3811.424, Wall-clock time: 25134.86
# 2025-12-29 22:15:09 GMT: Starting post-selection:
# Configurations selected: 113, 149, 94.
# Pending instances: 0, 0, 0.
# 2025-12-29 22:15:09 GMT: seed: 291746970
# Configurations: 3
# Available experiments: 30
# minSurvival: 1
# Markers:
     x No test is performed.
     c Configurations are discarded only due to capping.
     - The test is performed and some configurations are discarded.
     = The test is performed but no configuration is discarded.
     ! The test is performed and configurations could be discarded but elite configurations are preserved.
     . All alive configurations are elite and nothing is discarded.

+-+-----------+-----------+-----------+----------------+-----------+--------+-----+----+------+
| |   Instance|      Alive|       Best|       Mean best| Exp so far|  W time|  rho|KenW|  Qvar|
+-+-----------+-----------+-----------+----------------+-----------+--------+-----+----+------+
|.|         42|          3|         94|     26350.99000|          0|00:00:00|   NA|  NA|    NA|
|.|          8|          3|         94|     26366.78500|          0|00:00:00|-1.00|0.00|1.1526|
|.|         50|          3|         94|     26352.20333|          0|00:00:00|-0.33|0.11|0.9709|
|.|         36|          3|         94|     26335.80250|          0|00:00:00|-0.08|0.19|0.8336|
|.|         55|          3|         94|     26351.50800|          0|00:00:00|-0.05|0.16|0.7942|
|.|         18|          3|         94|     26354.73000|          0|00:00:00|-0.10|0.08|0.7968|
|.|         17|          3|         94|     26358.31286|          0|00:00:00|-0.14|0.02|0.7711|
|.|         43|          3|         94|     26358.62375|          0|00:00:00|-0.14|0.00|0.7375|
|.|         29|          3|         94|     26372.48889|          0|00:00:00|-0.11|0.01|0.7051|
|.|         19|          3|         94|     26372.63600|          0|00:00:00|-0.10|0.01|0.6870|
|.|         47|          3|         94|     26367.95727|          0|00:00:00|-0.09|0.01|0.7146|
|.|         46|          3|         94|     26371.62667|          0|00:00:00|-0.07|0.02|0.6888|
|.|          1|          3|         94|     26373.92231|          0|00:00:00|-0.04|0.04|0.6620|
|.|          7|          3|         94|     26378.83429|          0|00:00:00|-0.01|0.07|0.6356|
|.|         35|          3|         94|     26377.45867|          0|00:00:00|-0.01|0.05|0.6558|
|.|          5|          3|         94|     26375.96250|          0|00:00:00|-0.01|0.05|0.6389|
|.|         16|          3|         94|     26370.92765|          0|00:00:00|-0.03|0.03|0.6529|
|.|         44|          3|         94|     26367.71722|          0|00:00:00|-0.04|0.02|0.6521|
|.|         41|          3|         94|     26366.66579|          0|00:00:00|-0.05|0.01|0.6688|
|.|         14|          3|         94|     26362.96650|          0|00:00:00|-0.04|0.01|0.6642|
|.|         28|          3|         94|     26362.96286|          0|00:00:00|-0.03|0.02|0.6499|
|.|         40|          3|         94|     26367.49318|          0|00:00:00|-0.02|0.03|0.6388|
|.|         52|          3|         94|     26370.56087|          0|00:00:00|-0.01|0.04|0.6261|
|.|         54|          3|         94|     26372.75375|          0|00:00:00|+0.01|0.05|0.6123|
|.|         49|          3|         94|     26372.22880|          0|00:00:00|-0.01|0.03|0.6351|
|.|         34|          3|         94|     26372.65962|          0|00:00:00|-0.02|0.02|0.6517|
|.|         26|          3|         94|     26376.84963|          0|00:00:00|-0.01|0.03|0.6407|
|.|         10|          3|         94|     26374.11429|          0|00:00:00|-0.00|0.03|0.6353|
|.|         48|          3|         94|     26375.86483|          0|00:00:00|+0.01|0.04|0.6268|
|.|         59|          3|         94|     26374.89500|          0|00:00:00|-0.00|0.03|0.6397|
|.|         15|          3|         94|     26374.55839|          0|00:00:00|-0.01|0.02|0.6525|
|.|         60|          3|         94|     26373.62812|          0|00:00:00|-0.02|0.01|0.6623|
|.|         38|          3|         94|     26374.53879|          0|00:00:00|-0.02|0.01|0.6698|
|.|         39|          3|         94|     26374.97441|          0|00:00:00|-0.02|0.01|0.6714|
|.|         25|          3|         94|     26376.13914|          0|00:00:00|-0.02|0.01|0.6705|
|.|         20|          3|         94|     26373.72806|          0|00:00:00|-0.02|0.01|0.6753|
|.|         33|          3|         94|     26377.70541|          0|00:00:00|-0.01|0.01|0.6724|
|.|         31|          3|         94|     26379.50395|          0|00:00:00|-0.01|0.02|0.6690|
|.|         32|          3|         94|     26379.00795|          0|00:00:00|-0.00|0.02|0.6637|
|.|          4|          3|         94|     26377.66025|          0|00:00:00|-0.01|0.02|0.6692|
|.|          3|          3|         94|     26378.46098|          0|00:00:00|-0.01|0.02|0.6677|
|.|         53|          3|         94|     26378.19310|          0|00:00:00|-0.01|0.02|0.6697|
|.|         12|          3|         94|     26375.64395|          0|00:00:00|-0.01|0.01|0.6738|
|.|         51|          3|         94|     26375.47773|          0|00:00:00|-0.01|0.01|0.6768|
|.|         27|          3|         94|     26374.30556|          0|00:00:00|-0.02|0.01|0.6760|
|.|         57|          3|         94|     26372.41500|          0|00:00:00|-0.02|0.00|0.6782|
|.|         58|          3|         94|     26372.34809|          0|00:00:00|-0.02|0.01|0.6786|
|.|         11|          3|         94|     26373.90146|          0|00:00:00|-0.01|0.01|0.6765|
|.|          2|          3|         94|     26371.70939|          0|00:00:00|-0.02|0.00|0.6774|
|.|         30|          3|         94|     26372.62120|          0|00:00:00|-0.02|0.01|0.6778|
|.|         23|          3|         94|     26374.62333|          0|00:00:00|-0.01|0.01|0.6760|
|.|         13|          3|         94|     26375.25462|          0|00:00:00|-0.01|0.01|0.6747|
|.|         21|          3|         94|     26375.11906|          0|00:00:00|-0.00|0.02|0.6730|
|.|         45|          3|         94|     26376.14407|          0|00:00:00|+0.00|0.02|0.6704|
|.|          9|          3|         94|     26374.82691|          0|00:00:00|-0.00|0.02|0.6716|
|.|         37|          3|         94|     26373.85143|          0|00:00:00|+0.00|0.02|0.6714|
|.|         22|          3|         94|     26372.55140|          0|00:00:00|-0.00|0.02|0.6733|
|.|         24|          3|         94|     26373.73845|          0|00:00:00|-0.00|0.02|0.6716|
|.|         56|          3|         94|     26372.06915|          0|00:00:00|-0.00|0.01|0.6737|
|.|          6|          3|         94|     26371.25967|          0|00:00:00|-0.01|0.01|0.6752|
|x|         61|          3|        149|     26362.65361|          3|00:03:50|-0.00|0.01|0.6735|
|x|         62|          3|        149|     26363.77226|          6|00:01:42|-0.01|0.01|0.6742|
|x|         63|          3|        149|     26363.79016|          9|00:01:48|-0.01|0.01|0.6729|
|x|         64|          3|        149|     26362.70781|         12|00:01:40|-0.00|0.01|0.6726|
|x|         65|          3|        149|     26363.52892|         15|00:01:47|-0.00|0.01|0.6709|
|x|         66|          3|        149|     26365.11788|         18|00:01:42|-0.01|0.01|0.6727|
|x|         67|          3|        149|     26365.23940|         21|00:01:46|-0.01|0.01|0.6731|
|x|         68|          3|        149|     26364.54353|         24|00:04:36|-0.01|0.01|0.6731|
|x|         69|          3|        149|     26364.13116|         27|00:03:53|-0.00|0.01|0.6722|
|=|         70|          3|        149|     26363.15557|         30|00:04:25|-0.00|0.01|0.6707|
+-+-----------+-----------+-----------+----------------+-----------+--------+-----+----+------+
Best-so-far configuration:         149    mean value:      26363.15557
Description of the best-so-far configuration:
    .ID. his_len max_attempts .PARENT.
149  149    6692          488       57

# 2025-12-29 22:42:23 GMT: Elite configurations (first number is the configuration ID; listed from best to worst according to the sum of ranks):
    his_len max_attempts
149    6692          488
94     7724          345
113    7494          346
# Total CPU user time: 665232.8, CPU sys time: 3824.356, Wall-clock time: 26768.9
# Best configurations (first number is the configuration ID; listed from best to worst according to the sum of ranks):
    his_len max_attempts
149    6692          488
94     7724          345
113    7494          346
# Best configurations as commandlines (first number is the configuration ID; listed from best to worst according to the sum of ranks):
149 -his_len 6692 -max_attempts 488
94  -his_len 7724 -max_attempts 345
113 -his_len 7494 -max_attempts 346


# Testing of elite configurations: 1 
# Testing iteration configurations: FALSE 
# 2025-12-29 22:42:23 GMT: No test instances, skip testing
