Starting irace...
# 2025-12-29 15:54:09 GMT: Reading parameter file '/gpfs/home/e/exx866/IRACE-b-LAHC/all-instances-fine/E-n89-k7-s13/parameters.txt'.
# 2025-12-29 15:54:10 GMT: Read 1 configuration(s) from file '/gpfs/home/e/exx866/IRACE-b-LAHC/all-instances-fine/E-n89-k7-s13/configurations.txt'
# 2025-12-29 15:54:10 GMT: Initialization
# Elitist race
# Elitist new instances: 1
# Elitist limit: 2
# nbIterations: 3
# minNbSurvival: 10
# nbParameters: 2
# seed: 1076875551
# confidence level: 0.95
# budget: 6000
# mu: 10
# deterministic: FALSE

# 2025-12-29 15:54:10 GMT: Iteration 1 of 3
# experimentsUsed: 0
# remainingBudget: 6000
# currentBudget: 2000
# nbConfigurations: 100
# Markers:
     x No test is performed.
     c Configurations are discarded only due to capping.
     - The test is performed and some configurations are discarded.
     = The test is performed but no configuration is discarded.
     ! The test is performed and configurations could be discarded but elite configurations are preserved.
     . All alive configurations are elite and nothing is discarded.

+-+-----------+-----------+-----------+----------------+-----------+--------+-----+----+------+
| |   Instance|      Alive|       Best|       Mean best| Exp so far|  W time|  rho|KenW|  Qvar|
+-+-----------+-----------+-----------+----------------+-----------+--------+-----+----+------+
|x|          1|        100|         15|     691.7000000|        100|00:00:37|   NA|  NA|    NA|
|x|          2|        100|         39|     691.7000000|        200|00:00:38|+0.11|0.56|0.8296|
|x|          3|        100|         39|     691.8933333|        300|00:00:36|+0.12|0.41|0.8550|
|x|          4|        100|         10|     693.1400000|        400|00:00:36|+0.07|0.30|0.9170|
|x|          5|        100|         39|     693.2260000|        500|00:00:38|+0.06|0.25|0.9315|
|x|          6|        100|         74|     694.0066667|        600|00:00:38|+0.04|0.20|0.9547|
|x|          7|        100|         10|     693.4971429|        700|00:00:36|+0.02|0.16|0.9654|
|x|          8|        100|         30|     694.2162500|        800|00:00:38|+0.02|0.14|0.9704|
|x|          9|        100|          2|     693.9177778|        900|00:00:36|+0.03|0.14|0.9667|
|-|         10|         48|         30|     694.1910000|       1000|00:00:37|-0.06|0.05|1.0419|
|x|         11|         48|         30|     694.3463636|       1048|00:00:17|-0.05|0.05|1.0304|
|x|         12|         48|         30|     694.5833333|       1096|00:00:16|-0.03|0.06|1.0144|
|x|         13|         48|         30|     694.7984615|       1144|00:00:17|-0.03|0.05|1.0109|
|x|         14|         48|         35|     694.7235714|       1192|00:00:16|-0.02|0.05|1.0052|
|x|         15|         48|         35|     694.9660000|       1240|00:00:17|-0.02|0.05|1.0051|
|x|         16|         48|         30|     695.0206250|       1288|00:00:17|-0.01|0.05|0.9969|
|x|         17|         48|         30|     695.2200000|       1336|00:00:17|-0.01|0.05|0.9900|
|x|         18|         48|         30|     695.2966667|       1384|00:00:17|-0.02|0.04|0.9991|
|x|         19|         48|         30|     695.1378947|       1432|00:00:17|-0.01|0.04|0.9942|
|=|         20|         48|         30|     695.2030000|       1480|00:00:16|-0.01|0.04|0.9932|
|x|         21|         48|         30|     695.0757143|       1528|00:00:17|-0.01|0.03|0.9924|
|x|         22|         48|         40|     695.5963636|       1576|00:00:18|-0.01|0.03|0.9896|
|x|         23|         48|         40|     695.4686957|       1624|00:00:17|-0.01|0.03|0.9882|
|x|         24|         48|         40|     695.6400000|       1672|00:00:17|-0.01|0.03|0.9893|
|x|         25|         48|         35|     695.4768000|       1720|00:00:17|-0.01|0.03|0.9852|
|x|         26|         48|         35|     695.3538462|       1768|00:00:17|-0.00|0.04|0.9791|
|x|         27|         48|         35|     695.2185185|       1816|00:00:17|+0.00|0.04|0.9760|
|x|         28|         48|         50|     694.9214286|       1864|00:00:17|+0.01|0.04|0.9744|
|x|         29|         48|         50|     695.0724138|       1912|00:00:17|+0.00|0.04|0.9761|
|=|         30|         48|         50|     695.2236667|       1960|00:00:17|+0.00|0.04|0.9764|
+-+-----------+-----------+-----------+----------------+-----------+--------+-----+----+------+
Best-so-far configuration:          50    mean value:      695.2236667
Description of the best-so-far configuration:
   .ID. his_len max_attempts .PARENT.
50   50    3507            1       NA

# 2025-12-29 16:06:13 GMT: Elite configurations (first number is the configuration ID; listed from best to worst according to the sum of ranks):
   his_len max_attempts
50    3507            1
40    3931            1
30    3294            2
90    3825            2
35    3365            3
80    5383            1
36    4498            4
57    2940            2
2     5135            1
16    3153            1
# 2025-12-29 16:06:13 GMT: Iteration 2 of 3
# experimentsUsed: 1960
# remainingBudget: 4040
# currentBudget: 2020
# nbConfigurations: 58
# Markers:
     x No test is performed.
     c Configurations are discarded only due to capping.
     - The test is performed and some configurations are discarded.
     = The test is performed but no configuration is discarded.
     ! The test is performed and configurations could be discarded but elite configurations are preserved.
     . All alive configurations are elite and nothing is discarded.

+-+-----------+-----------+-----------+----------------+-----------+--------+-----+----+------+
| |   Instance|      Alive|       Best|       Mean best| Exp so far|  W time|  rho|KenW|  Qvar|
+-+-----------+-----------+-----------+----------------+-----------+--------+-----+----+------+
|x|         31|         58|        101|     691.7000000|         58|00:00:21|   NA|  NA|    NA|
|x|          7|         58|        101|     691.7000000|        106|00:00:18|+0.09|0.54|0.9323|
|x|         22|         58|        101|     692.5000000|        154|00:00:17|-0.11|0.26|1.0924|
|x|          3|         58|        101|     692.3000000|        202|00:00:17|-0.01|0.25|0.9679|
|x|         16|         58|        101|     693.7000000|        250|00:00:16|-0.02|0.18|0.9849|
|x|         30|         58|        101|     693.4633333|        298|00:00:17|-0.02|0.15|0.9793|
|x|         25|         58|        140|     693.4414286|        346|00:00:17|+0.01|0.15|0.9535|
|x|         19|         58|        140|     694.1825000|        394|00:00:16|-0.01|0.12|0.9740|
|x|          4|         58|          2|     694.4600000|        442|00:00:17|-0.02|0.10|0.9834|
|=|         18|         58|          2|     694.2420000|        490|00:00:17|-0.00|0.10|0.9727|
|x|          6|         58|          2|     694.0636364|        538|00:00:17|-0.00|0.09|0.9728|
|x|         26|         58|          2|     694.3550000|        586|00:00:17|+0.01|0.09|0.9649|
|x|         10|         58|          2|     694.7715385|        634|00:00:17|-0.00|0.07|0.9799|
|x|          1|         58|          2|     694.8750000|        682|00:00:17|-0.00|0.07|0.9776|
|x|         14|         58|        123|     695.0473333|        730|00:00:17|-0.00|0.06|0.9822|
|x|         28|         58|        123|     694.8618750|        778|00:00:18|-0.00|0.06|0.9777|
|x|         23|         58|        123|     694.7323529|        826|00:00:17|+0.01|0.06|0.9717|
|x|          5|         58|        123|     694.6172222|        874|00:00:17|+0.01|0.06|0.9695|
|x|         13|         58|        123|     694.8289474|        922|00:00:17|+0.01|0.06|0.9721|
|=|          9|         58|        123|     694.7925000|        970|00:00:17|+0.01|0.06|0.9691|
|x|         27|         58|        123|     694.6633333|       1018|00:00:17|+0.01|0.06|0.9690|
|x|         15|         58|        123|     694.8159091|       1066|00:00:17|+0.01|0.05|0.9702|
|x|          2|         58|        123|     694.8934783|       1114|00:00:17|+0.01|0.05|0.9723|
|x|         12|         58|         50|     694.8270833|       1162|00:00:17|+0.01|0.05|0.9699|
|x|         11|         58|         50|     694.7352000|       1210|00:00:17|+0.01|0.05|0.9685|
|x|         17|         58|        123|     695.0338462|       1258|00:00:18|+0.01|0.05|0.9691|
|x|         21|         58|        123|     694.9103704|       1306|00:00:17|+0.01|0.05|0.9667|
|x|         29|         58|        123|     694.8300000|       1354|00:00:17|+0.02|0.05|0.9644|
|x|         20|         58|        123|     694.9113793|       1402|00:00:18|+0.02|0.05|0.9651|
|-|          8|         34|        123|     695.0433333|       1450|00:00:16|-0.02|0.02|0.9878|
|x|         24|         34|        123|     695.1906452|       1474|00:00:09|-0.02|0.01|0.9879|
|x|         32|         34|         50|     695.2193750|       1508|00:00:12|-0.02|0.01|0.9867|
|x|         33|         34|         50|     695.3106061|       1542|00:00:11|-0.02|0.01|0.9878|
|x|         34|         34|        101|     695.3152941|       1576|00:00:11|-0.02|0.01|0.9878|
|x|         35|         34|          2|     695.5991429|       1610|00:00:11|-0.02|0.01|0.9867|
|x|         36|         34|          2|     695.5069444|       1644|00:00:12|-0.02|0.01|0.9851|
|x|         37|         34|         50|     695.2989189|       1678|00:00:12|-0.01|0.01|0.9815|
|x|         38|         34|          2|     695.4563158|       1712|00:00:13|-0.01|0.02|0.9790|
|x|         39|         34|          2|     695.3748718|       1746|00:00:12|-0.01|0.02|0.9779|
|=|         40|         34|          2|     695.4462500|       1780|00:00:11|-0.01|0.02|0.9760|
+-+-----------+-----------+-----------+----------------+-----------+--------+-----+----+------+
Best-so-far configuration:           2    mean value:      695.4462500
Description of the best-so-far configuration:
  .ID. his_len max_attempts .PARENT.
2    2    5135            1       NA

# 2025-12-29 16:17:02 GMT: Elite configurations (first number is the configuration ID; listed from best to worst according to the sum of ranks):
    his_len max_attempts
2      5135            1
50     3507            1
123    3736            1
101    3290            2
30     3294            2
117    4471            1
116    3958            2
145    3986            2
111    3912            1
90     3825            2
# 2025-12-29 16:17:02 GMT: Iteration 3 of 3
# experimentsUsed: 3740
# remainingBudget: 2260
# currentBudget: 2260
# nbConfigurations: 53
# Markers:
     x No test is performed.
     c Configurations are discarded only due to capping.
     - The test is performed and some configurations are discarded.
     = The test is performed but no configuration is discarded.
     ! The test is performed and configurations could be discarded but elite configurations are preserved.
     . All alive configurations are elite and nothing is discarded.

+-+-----------+-----------+-----------+----------------+-----------+--------+-----+----+------+
| |   Instance|      Alive|       Best|       Mean best| Exp so far|  W time|  rho|KenW|  Qvar|
+-+-----------+-----------+-----------+----------------+-----------+--------+-----+----+------+
|x|         41|         53|        149|     691.7000000|         53|00:00:19|   NA|  NA|    NA|
|x|         21|         53|        116|     691.9900000|         96|00:00:16|+0.04|0.52|0.9856|
|x|         19|         53|        185|     692.2133333|        139|00:00:16|-0.02|0.32|0.9702|
|x|          1|         53|        185|     692.2300000|        182|00:00:15|-0.04|0.22|1.0066|
|x|         13|         53|        185|     694.0580000|        225|00:00:14|-0.07|0.15|1.0392|
|x|         20|         53|        185|     693.7616667|        268|00:00:15|-0.06|0.12|1.0279|
|x|         14|         53|        185|     693.4671429|        311|00:00:16|-0.03|0.12|0.9988|
|x|          2|         53|        185|     693.3662500|        354|00:00:16|-0.01|0.11|0.9777|
|x|         34|         53|        185|     693.9633333|        397|00:00:16|-0.02|0.09|0.9883|
|=|         24|         53|        116|     694.8830000|        440|00:00:16|-0.03|0.07|0.9977|
|x|          4|         53|        157|     694.9990909|        483|00:00:16|-0.03|0.06|1.0002|
|x|         12|         53|        145|     695.0766667|        526|00:00:15|-0.03|0.05|1.0075|
|x|         26|         53|        101|     694.7138462|        569|00:00:15|-0.02|0.06|0.9958|
|x|          7|         53|        101|     694.4985714|        612|00:00:15|-0.02|0.06|0.9956|
|x|         40|         53|        101|     694.7026667|        655|00:00:15|-0.01|0.06|0.9922|
|x|          5|         53|         50|     694.9231250|        698|00:00:15|-0.01|0.05|0.9887|
|x|         18|         53|        145|     694.8170588|        741|00:00:15|-0.00|0.06|0.9831|
|x|         30|         53|        101|     694.6833333|        784|00:00:15|+0.00|0.06|0.9798|
|x|         29|         53|        101|     694.7857895|        827|00:00:14|-0.00|0.05|0.9835|
|=|          8|         53|        101|     694.6315000|        870|00:00:15|-0.00|0.05|0.9827|
|x|         22|         53|        101|     694.6061905|        913|00:00:14|+0.00|0.05|0.9820|
|x|         38|         53|        101|     694.4740909|        956|00:00:15|+0.00|0.05|0.9778|
|x|          9|         53|        101|     694.5382609|        999|00:00:15|+0.01|0.05|0.9767|
|x|         36|         53|        101|     694.5466667|       1042|00:00:15|+0.01|0.05|0.9705|
|x|         16|         53|        101|     694.7368000|       1085|00:00:15|+0.01|0.05|0.9739|
|x|         25|         53|        101|     694.9065385|       1128|00:00:15|+0.01|0.05|0.9723|
|x|         10|         53|        101|     695.0485185|       1171|00:00:15|+0.01|0.05|0.9718|
|x|          6|         53|        101|     695.1685714|       1214|00:00:15|+0.01|0.05|0.9725|
|x|         27|         53|        116|     695.1900000|       1257|00:00:15|+0.01|0.05|0.9722|
|=|         15|         53|        116|     695.1596667|       1300|00:00:15|+0.01|0.04|0.9737|
|x|         23|         53|         50|     695.2351613|       1343|00:00:15|+0.01|0.04|0.9739|
|x|         11|         53|         50|     695.1506250|       1386|00:00:16|+0.01|0.04|0.9732|
|x|          3|         53|        101|     695.1642424|       1429|00:00:15|+0.01|0.04|0.9731|
|x|         32|         53|        101|     695.1661765|       1472|00:00:15|+0.01|0.04|0.9742|
|x|         37|         53|        101|     695.0945714|       1515|00:00:15|+0.01|0.04|0.9725|
|x|         17|         53|         50|     695.2233333|       1558|00:00:15|+0.01|0.03|0.9756|
|x|         33|         53|         50|     695.3045946|       1601|00:00:14|+0.00|0.03|0.9775|
|x|         31|         53|        101|     695.3284211|       1644|00:00:15|+0.00|0.03|0.9784|
|x|         28|         53|        101|     695.2353846|       1687|00:00:15|+0.00|0.03|0.9766|
|=|         35|         53|        168|     695.4270000|       1730|00:00:16|+0.01|0.03|0.9753|
|x|         39|         53|        168|     695.3595122|       1773|00:00:15|+0.01|0.03|0.9732|
|x|         42|         53|         50|     695.2033333|       1826|00:00:19|+0.01|0.03|0.9743|
|x|         43|         53|         50|     695.1218605|       1879|00:00:20|+0.01|0.03|0.9738|
|x|         44|         53|         50|     695.0440909|       1932|00:00:19|+0.01|0.03|0.9728|
|x|         45|         53|         50|     695.1455556|       1985|00:00:19|+0.01|0.03|0.9734|
|x|         46|         53|         50|     695.2636957|       2038|00:00:19|+0.01|0.03|0.9734|
|x|         47|         53|        168|     695.4242553|       2091|00:00:19|+0.01|0.03|0.9718|
|x|         48|         53|        168|     695.4018750|       2144|00:00:17|+0.01|0.03|0.9710|
|x|         49|         53|         50|     695.3120408|       2197|00:00:19|+0.01|0.03|0.9707|
|-|         50|         32|         50|     695.2590000|       2250|00:00:19|-0.01|0.01|0.9745|
+-+-----------+-----------+-----------+----------------+-----------+--------+-----+----+------+
Best-so-far configuration:          50    mean value:      695.2590000
Description of the best-so-far configuration:
   .ID. his_len max_attempts .PARENT.
50   50    3507            1       NA

# 2025-12-29 16:30:43 GMT: Elite configurations (first number is the configuration ID; listed from best to worst according to the sum of ranks):
    his_len max_attempts
50     3507            1
123    3736            1
168    3550            1
101    3290            2
2      5135            1
165    4491            1
30     3294            2
153    3723            1
145    3986            2
116    3958            2
# 2025-12-29 16:30:43 GMT: Stopped because there is not enough budget left to race more than the minimum (10).
# You may either increase the budget or set 'minNbSurvival' to a lower value.
# Iteration: 4
# nbIterations: 4
# experimentsUsed: 5990
# timeUsed: 0
# remainingBudget: 10
# currentBudget: 10
# number of elites: 10
# nbConfigurations: 10
# Total CPU user time: 8664.611, CPU sys time: 6159.87, Wall-clock time: 2193.138
# Best configurations (first number is the configuration ID; listed from best to worst according to the sum of ranks):
    his_len max_attempts
50     3507            1
123    3736            1
168    3550            1
101    3290            2
2      5135            1
165    4491            1
30     3294            2
153    3723            1
145    3986            2
116    3958            2
# Best configurations as commandlines (first number is the configuration ID; listed from best to worst according to the sum of ranks):
50  -his_len 3507 -max_attempts 1
123 -his_len 3736 -max_attempts 1
168 -his_len 3550 -max_attempts 1
101 -his_len 3290 -max_attempts 2
2   -his_len 5135 -max_attempts 1
165 -his_len 4491 -max_attempts 1
30  -his_len 3294 -max_attempts 2
153 -his_len 3723 -max_attempts 1
145 -his_len 3986 -max_attempts 2
116 -his_len 3958 -max_attempts 2


# Testing of elite configurations: 1 
# Testing iteration configurations: FALSE 
# 2025-12-29 16:30:43 GMT: No test instances, skip testing
