Starting irace...
# 2025-12-29 15:16:40 GMT: Reading parameter file '/gpfs/home/e/exx866/IRACE-b-LAHC/all-instances-fine/E-n29-k4-s7-p1/parameters.txt'.
# 2025-12-29 15:16:41 GMT: Read 1 configuration(s) from file '/gpfs/home/e/exx866/IRACE-b-LAHC/all-instances-fine/E-n29-k4-s7-p1/configurations.txt'
# 2025-12-29 15:16:41 GMT: Initialization
# Elitist race
# Elitist new instances: 1
# Elitist limit: 2
# nbIterations: 3
# minNbSurvival: 10
# nbParameters: 2
# seed: 458159181
# confidence level: 0.95
# budget: 6000
# mu: 10
# deterministic: FALSE

# 2025-12-29 15:16:41 GMT: Iteration 1 of 3
# experimentsUsed: 0
# remainingBudget: 6000
# currentBudget: 2000
# nbConfigurations: 100
# Markers:
     x No test is performed.
     c Configurations are discarded only due to capping.
     - The test is performed and some configurations are discarded.
     = The test is performed but no configuration is discarded.
     ! The test is performed and configurations could be discarded but elite configurations are preserved.
     . All alive configurations are elite and nothing is discarded.

+-+-----------+-----------+-----------+----------------+-----------+--------+-----+----+------+
| |   Instance|      Alive|       Best|       Mean best| Exp so far|  W time|  rho|KenW|  Qvar|
+-+-----------+-----------+-----------+----------------+-----------+--------+-----+----+------+
|x|          1|        100|          1|     378.4400000|        100|00:00:40|   NA|  NA|    NA|
|x|          2|        100|          1|     378.4400000|        200|00:00:40|+1.00|1.00|0.0000|
|x|          3|        100|          1|     378.4400000|        300|00:00:41|+1.00|1.00|0.0000|
|x|          4|        100|          1|     378.4400000|        400|00:00:41|+1.00|1.00|0.0000|
|x|          5|        100|          1|     378.4400000|        500|00:00:40|+1.00|1.00|0.0000|
|x|          6|        100|          1|     378.4400000|        600|00:00:41|+1.00|1.00|0.0000|
|x|          7|        100|          1|     378.4400000|        700|00:00:40|+0.00|0.14|0.1414|
|x|          8|        100|          1|     378.4400000|        800|00:00:40|+0.00|0.12|0.1238|
|x|          9|        100|          1|     378.4400000|        900|00:00:41|+0.00|0.11|0.1100|
|=|         10|        100|          1|     378.4400000|       1000|00:00:41|+0.00|0.10|0.0990|
|x|         11|        100|          1|     378.4400000|       1100|00:00:41|+0.02|0.11|0.1787|
|x|         12|        100|          1|     378.4400000|       1200|00:00:41|+0.02|0.10|0.1639|
|x|         13|        100|          1|     378.4400000|       1300|00:00:41|+0.05|0.13|0.2189|
|x|         14|        100|          1|     378.4400000|       1400|00:00:40|+0.05|0.12|0.2039|
|x|         15|        100|          1|     378.4400000|       1500|00:00:42|+0.04|0.10|0.2578|
|x|         16|        100|          1|     378.4400000|       1600|00:00:40|+0.03|0.10|0.2421|
|x|         17|        100|          1|     378.4400000|       1700|00:00:41|+0.03|0.09|0.2281|
|x|         18|        100|          1|     378.4400000|       1800|00:00:42|+0.03|0.08|0.2157|
|x|         19|        100|          1|     378.4400000|       1900|00:00:41|+0.03|0.08|0.2046|
|-|         20|         97|          1|     378.4400000|       2000|00:00:41|-0.00|0.05|0.1986|
+-+-----------+-----------+-----------+----------------+-----------+--------+-----+----+------+
Best-so-far configuration:           1    mean value:      378.4400000
Description of the best-so-far configuration:
  .ID. his_len max_attempts .PARENT.
1    1    1895           47       NA

# 2025-12-29 15:30:24 GMT: Elite configurations (first number is the configuration ID; listed from best to worst according to the sum of ranks):
   his_len max_attempts
1     1895           47
2     2227           75
3     1345           34
4     1786           54
5     2668           13
7     1565           23
8     2007           44
9     1124           85
10    2337           28
11    1455           69
# 2025-12-29 15:30:24 GMT: Iteration 2 of 3
# experimentsUsed: 2000
# remainingBudget: 4000
# currentBudget: 2000
# nbConfigurations: 73
# Markers:
     x No test is performed.
     c Configurations are discarded only due to capping.
     - The test is performed and some configurations are discarded.
     = The test is performed but no configuration is discarded.
     ! The test is performed and configurations could be discarded but elite configurations are preserved.
     . All alive configurations are elite and nothing is discarded.

+-+-----------+-----------+-----------+----------------+-----------+--------+-----+----+------+
| |   Instance|      Alive|       Best|       Mean best| Exp so far|  W time|  rho|KenW|  Qvar|
+-+-----------+-----------+-----------+----------------+-----------+--------+-----+----+------+
|x|         21|         73|          1|     378.4400000|         73|00:00:26|   NA|  NA|    NA|
|x|          5|         73|          1|     378.4400000|        136|00:00:22|+1.00|1.00|0.0000|
|x|          8|         73|          1|     378.4400000|        199|00:00:21|+1.00|1.00|0.0000|
|x|         18|         73|          1|     378.4400000|        262|00:00:21|+1.00|1.00|0.0000|
|x|         17|         73|          1|     378.4400000|        325|00:00:23|+1.00|1.00|0.0000|
|x|          1|         73|          1|     378.4400000|        388|00:00:22|+1.00|1.00|0.0000|
|x|         13|         73|          1|     378.4400000|        451|00:00:23|+1.00|1.00|0.0000|
|x|         14|         73|          1|     378.4400000|        514|00:00:22|+1.00|1.00|0.0000|
|x|          9|         73|          1|     378.4400000|        577|00:00:23|+1.00|1.00|0.0000|
|=|         12|         73|          1|     378.4400000|        640|00:00:22|+1.00|1.00|0.0000|
|x|          6|         73|          1|     378.4400000|        703|00:00:22|+1.00|1.00|0.0000|
|x|          2|         73|          1|     378.4400000|        766|00:00:22|+1.00|1.00|0.0000|
|x|          4|         73|          1|     378.4400000|        829|00:00:22|+1.00|1.00|0.0000|
|x|         10|         73|          1|     378.4400000|        892|00:00:23|+1.00|1.00|0.0000|
|x|         19|         73|          1|     378.4400000|        955|00:00:22|+1.00|1.00|0.0000|
|x|         15|         73|          1|     378.4400000|       1018|00:00:23|+0.00|0.06|0.0616|
|x|          3|         73|          1|     378.4400000|       1081|00:00:22|+0.00|0.06|0.0580|
|x|         11|         73|          1|     378.4400000|       1144|00:00:23|-0.00|0.05|0.1097|
|x|         16|         73|          1|     378.4400000|       1207|00:00:22|-0.00|0.05|0.1039|
|=|         20|         73|          1|     378.4400000|       1270|00:00:20|-0.00|0.05|0.0987|
|x|          7|         73|          1|     378.4400000|       1333|00:00:23|-0.00|0.05|0.1411|
|x|         22|         73|          1|     378.4400000|       1406|00:00:25|-0.00|0.04|0.1797|
|x|         23|         73|          1|     378.4400000|       1479|00:00:26|-0.00|0.04|0.1719|
|x|         24|         73|          1|     378.4400000|       1552|00:00:26|-0.00|0.04|0.1647|
|x|         25|         73|          1|     378.4400000|       1625|00:00:26|-0.00|0.04|0.1978|
|x|         26|         73|          1|     378.4400000|       1698|00:00:25|-0.00|0.03|0.2285|
|x|         27|         73|          1|     378.4400000|       1771|00:00:26|-0.00|0.03|0.2200|
|x|         28|         73|          1|     378.4400000|       1844|00:00:25|-0.00|0.03|0.2121|
|x|         29|         73|          1|     378.4400000|       1917|00:00:26|-0.00|0.03|0.2048|
|=|         30|         73|          1|     378.4400000|       1990|00:00:25|-0.00|0.03|0.1979|
+-+-----------+-----------+-----------+----------------+-----------+--------+-----+----+------+
Best-so-far configuration:           1    mean value:      378.4400000
Description of the best-so-far configuration:
  .ID. his_len max_attempts .PARENT.
1    1    1895           47       NA

# 2025-12-29 15:42:17 GMT: Elite configurations (first number is the configuration ID; listed from best to worst according to the sum of ranks):
   his_len max_attempts
1     1895           47
2     2227           75
3     1345           34
4     1786           54
5     2668           13
7     1565           23
8     2007           44
9     1124           85
10    2337           28
11    1455           69
# 2025-12-29 15:42:17 GMT: Iteration 3 of 3
# experimentsUsed: 3990
# remainingBudget: 2010
# currentBudget: 2010
# nbConfigurations: 57
# Markers:
     x No test is performed.
     c Configurations are discarded only due to capping.
     - The test is performed and some configurations are discarded.
     = The test is performed but no configuration is discarded.
     ! The test is performed and configurations could be discarded but elite configurations are preserved.
     . All alive configurations are elite and nothing is discarded.

+-+-----------+-----------+-----------+----------------+-----------+--------+-----+----+------+
| |   Instance|      Alive|       Best|       Mean best| Exp so far|  W time|  rho|KenW|  Qvar|
+-+-----------+-----------+-----------+----------------+-----------+--------+-----+----+------+
|x|         31|         57|          1|     378.4400000|         57|00:00:20|   NA|  NA|    NA|
|x|         26|         57|          1|     378.4400000|        104|00:00:15|+0.00|0.50|0.4912|
|x|         24|         57|          1|     378.4400000|        151|00:00:15|+0.00|0.33|0.3275|
|x|         11|         57|          1|     378.4400000|        198|00:00:16|-0.01|0.24|0.4972|
|x|         15|         57|          1|     378.4400000|        245|00:00:15|-0.01|0.19|0.3966|
|x|         17|         57|          1|     378.4400000|        292|00:00:16|-0.01|0.16|0.3299|
|x|         13|         57|          1|     378.4400000|        339|00:00:15|-0.01|0.14|0.2824|
|x|         18|         57|          1|     378.4400000|        386|00:00:15|-0.01|0.12|0.2469|
|x|         29|         57|          1|     378.4400000|        433|00:00:14|-0.00|0.11|0.2193|
|=|         21|         57|          1|     378.4400000|        480|00:00:15|-0.00|0.10|0.1973|
|x|         20|         57|          1|     378.4400000|        527|00:00:15|-0.00|0.09|0.1793|
|x|          9|         57|          1|     378.4400000|        574|00:00:16|-0.00|0.08|0.1643|
|x|         10|         57|          1|     378.4400000|        621|00:00:16|-0.00|0.07|0.1516|
|x|          7|         57|          1|     378.4400000|        668|00:00:16|+0.03|0.10|0.2036|
|x|          3|         57|          1|     378.4400000|        715|00:00:16|+0.03|0.09|0.1905|
|x|          1|         57|          1|     378.4400000|        762|00:00:15|+0.02|0.08|0.1790|
|x|         25|         57|          1|     378.4400000|        809|00:00:16|+0.04|0.09|0.2218|
|x|         19|         57|          1|     378.4400000|        856|00:00:14|+0.04|0.09|0.2100|
|x|         23|         57|          1|     378.4400000|        903|00:00:16|+0.03|0.08|0.1994|
|-|         12|         53|          1|     378.4400000|        950|00:00:14|+1.00|1.00|0.0000|
|x|         14|         53|          1|     378.4400000|        993|00:00:15|+1.00|1.00|0.0000|
|x|          8|         53|          1|     378.4400000|       1036|00:00:14|+0.00|0.05|0.0446|
|x|         22|         53|          1|     378.4400000|       1079|00:00:14|+0.00|0.04|0.0427|
|x|          6|         53|          1|     378.4400000|       1122|00:00:15|+0.00|0.04|0.0409|
|x|         27|         53|          1|     378.4400000|       1165|00:00:14|+0.00|0.04|0.0392|
|x|         30|         53|          1|     378.4400000|       1208|00:00:15|+0.00|0.04|0.0377|
|x|         16|         53|          1|     378.4400000|       1251|00:00:15|+0.00|0.04|0.0363|
|x|          5|         53|          1|     378.4400000|       1294|00:00:15|+0.00|0.04|0.0350|
|x|          2|         53|          1|     378.4400000|       1337|00:00:15|+0.00|0.03|0.0338|
|=|         28|         53|          1|     378.4400000|       1380|00:00:14|+0.00|0.03|0.0327|
|x|          4|         53|          1|     378.4400000|       1423|00:00:15|+0.00|0.03|0.0316|
|x|         32|         53|          1|     378.4400000|       1476|00:00:18|-0.00|0.03|0.0614|
|x|         33|         53|          1|     378.4400000|       1529|00:00:17|-0.00|0.03|0.0595|
|x|         34|         53|          1|     378.4400000|       1582|00:00:19|-0.00|0.03|0.0577|
|x|         35|         53|          1|     378.4400000|       1635|00:00:19|-0.00|0.03|0.0561|
|x|         36|         53|          1|     378.4400000|       1688|00:00:19|-0.00|0.03|0.0545|
|x|         37|         53|          1|     378.4400000|       1741|00:00:19|-0.00|0.03|0.0531|
|x|         38|         53|          1|     378.4400000|       1794|00:00:18|-0.00|0.03|0.0776|
|x|         39|         53|          1|     378.4400000|       1847|00:00:18|-0.00|0.02|0.1008|
|=|         40|         53|          1|     378.4400000|       1900|00:00:19|-0.00|0.02|0.0983|
+-+-----------+-----------+-----------+----------------+-----------+--------+-----+----+------+
Best-so-far configuration:           1    mean value:      378.4400000
Description of the best-so-far configuration:
  .ID. his_len max_attempts .PARENT.
1    1    1895           47       NA

# 2025-12-29 15:53:13 GMT: Elite configurations (first number is the configuration ID; listed from best to worst according to the sum of ranks):
   his_len max_attempts
1     1895           47
2     2227           75
3     1345           34
4     1786           54
5     2668           13
7     1565           23
8     2007           44
9     1124           85
10    2337           28
11    1455           69
# 2025-12-29 15:53:13 GMT: Iteration 4 of 4
# experimentsUsed: 5890
# remainingBudget: 110
# currentBudget: 110
# nbConfigurations: 12
# Markers:
     x No test is performed.
     c Configurations are discarded only due to capping.
     - The test is performed and some configurations are discarded.
     = The test is performed but no configuration is discarded.
     ! The test is performed and configurations could be discarded but elite configurations are preserved.
     . All alive configurations are elite and nothing is discarded.

+-+-----------+-----------+-----------+----------------+-----------+--------+-----+----+------+
| |   Instance|      Alive|       Best|       Mean best| Exp so far|  W time|  rho|KenW|  Qvar|
+-+-----------+-----------+-----------+----------------+-----------+--------+-----+----+------+
|x|          4|         12|          1|     378.4400000|          2|00:00:00|   NA|  NA|    NA|
|x|         22|         12|          1|     378.4400000|          4|00:00:00|+1.00|1.00|0.0000|
|x|         31|         12|          1|     378.4400000|          6|00:00:00|+1.00|1.00|0.0000|
|x|          7|         12|          1|     378.4400000|          8|00:00:00|+1.00|1.00|0.0000|
|x|          9|         12|          1|     378.4400000|         10|00:00:00|+1.00|1.00|0.0000|
|x|         16|         12|          1|     378.4400000|         12|00:00:00|+1.00|1.00|0.0000|
|x|         15|         12|          1|     378.4400000|         14|00:00:00|+1.00|1.00|0.0000|
|x|         38|         12|          1|     378.4400000|         16|00:00:00|+1.00|1.00|0.0000|
|x|         21|         12|          1|     378.4400000|         18|00:00:00|+1.00|1.00|0.0000|
|=|         28|         12|          1|     378.4400000|         20|00:00:00|+1.00|1.00|0.0000|
|x|         17|         12|          1|     378.4400000|         22|00:00:00|+1.00|1.00|0.0000|
|x|         34|         12|          1|     378.4400000|         24|00:00:00|+1.00|1.00|0.0000|
|x|         39|         12|          1|     378.4400000|         26|00:00:00|+1.00|1.00|0.0000|
|x|          1|         12|          1|     378.4400000|         28|00:00:00|+1.00|1.00|0.0000|
|x|         26|         12|          1|     378.4400000|         30|00:00:00|+1.00|1.00|0.0000|
|x|         29|         12|          1|     378.4400000|         32|00:00:00|+1.00|1.00|0.0000|
|x|         12|         12|          1|     378.4400000|         34|00:00:00|+1.00|1.00|0.0000|
|x|         11|         12|          1|     378.4400000|         36|00:00:00|+1.00|1.00|0.0000|
|x|          2|         12|          1|     378.4400000|         38|00:00:00|+1.00|1.00|0.0000|
|=|          3|         12|          1|     378.4400000|         40|00:00:00|+1.00|1.00|0.0000|
|x|         13|         12|          1|     378.4400000|         42|00:00:00|+1.00|1.00|0.0000|
|x|         40|         12|          1|     378.4400000|         44|00:00:00|+1.00|1.00|0.0000|
|x|         27|         12|          1|     378.4400000|         46|00:00:00|+1.00|1.00|0.0000|
|x|         33|         12|          1|     378.4400000|         48|00:00:00|+1.00|1.00|0.0000|
|x|         37|         12|          1|     378.4400000|         50|00:00:00|+1.00|1.00|0.0000|
|x|         19|         12|          1|     378.4400000|         52|00:00:00|+1.00|1.00|0.0000|
|x|         32|         12|          1|     378.4400000|         54|00:00:00|+1.00|1.00|0.0000|
|x|         35|         12|          1|     378.4400000|         56|00:00:00|+1.00|1.00|0.0000|
|x|         20|         12|          1|     378.4400000|         58|00:00:00|+1.00|1.00|0.0000|
|=|         14|         12|          1|     378.4400000|         60|00:00:00|+1.00|1.00|0.0000|
|x|         30|         12|          1|     378.4400000|         62|00:00:00|+1.00|1.00|0.0000|
|x|         25|         12|          1|     378.4400000|         64|00:00:00|+1.00|1.00|0.0000|
|x|          8|         12|          1|     378.4400000|         66|00:00:00|+1.00|1.00|0.0000|
|x|          6|         12|          1|     378.4400000|         68|00:00:00|+1.00|1.00|0.0000|
|x|         18|         12|          1|     378.4400000|         70|00:00:00|+1.00|1.00|0.0000|
|x|         24|         12|          1|     378.4400000|         72|00:00:00|+1.00|1.00|0.0000|
|x|         23|         12|          1|     378.4400000|         74|00:00:00|+1.00|1.00|0.0000|
|x|          5|         12|          1|     378.4400000|         76|00:00:00|+1.00|1.00|0.0000|
|x|         10|         12|          1|     378.4400000|         78|00:00:00|+1.00|1.00|0.0000|
|=|         36|         12|          1|     378.4400000|         80|00:00:00|+1.00|1.00|0.0000|
+-+-----------+-----------+-----------+----------------+-----------+--------+-----+----+------+
Best-so-far configuration:           1    mean value:      378.4400000
Description of the best-so-far configuration:
  .ID. his_len max_attempts .PARENT.
1    1    1895           47       NA

# 2025-12-29 15:53:35 GMT: Elite configurations (first number is the configuration ID; listed from best to worst according to the sum of ranks):
   his_len max_attempts
1     1895           47
2     2227           75
3     1345           34
4     1786           54
5     2668           13
7     1565           23
8     2007           44
9     1124           85
10    2337           28
11    1455           69
# 2025-12-29 15:53:35 GMT: Stopped because there is not enough budget left to race more than the minimum (10).
# You may either increase the budget or set 'minNbSurvival' to a lower value.
# Iteration: 5
# nbIterations: 5
# experimentsUsed: 5970
# timeUsed: 0
# remainingBudget: 30
# currentBudget: 30
# number of elites: 10
# nbConfigurations: 10
# Total CPU user time: 1081.331, CPU sys time: 6672.918, Wall-clock time: 2214.954
# 2025-12-29 15:53:35 GMT: Starting post-selection:
# Configurations selected: 1, 2, 3.
# Pending instances: 0, 0, 0.
# 2025-12-29 15:53:35 GMT: seed: 458159181
# Configurations: 3
# Available experiments: 30
# minSurvival: 1
# Markers:
     x No test is performed.
     c Configurations are discarded only due to capping.
     - The test is performed and some configurations are discarded.
     = The test is performed but no configuration is discarded.
     ! The test is performed and configurations could be discarded but elite configurations are preserved.
     . All alive configurations are elite and nothing is discarded.

+-+-----------+-----------+-----------+----------------+-----------+--------+-----+----+------+
| |   Instance|      Alive|       Best|       Mean best| Exp so far|  W time|  rho|KenW|  Qvar|
+-+-----------+-----------+-----------+----------------+-----------+--------+-----+----+------+
|.|         37|          3|          1|     378.4400000|          0|00:00:00|   NA|  NA|    NA|
|.|         38|          3|          1|     378.4400000|          0|00:00:00|+1.00|1.00|0.0000|
|.|         31|          3|          1|     378.4400000|          0|00:00:00|+1.00|1.00|0.0000|
|.|          1|          3|          1|     378.4400000|          0|00:00:00|+1.00|1.00|0.0000|
|.|         35|          3|          1|     378.4400000|          0|00:00:00|+1.00|1.00|0.0000|
|.|         13|          3|          1|     378.4400000|          0|00:00:00|+1.00|1.00|0.0000|
|.|         15|          3|          1|     378.4400000|          0|00:00:00|+1.00|1.00|0.0000|
|.|         40|          3|          1|     378.4400000|          0|00:00:00|+1.00|1.00|0.0000|
|.|         23|          3|          1|     378.4400000|          0|00:00:00|+1.00|1.00|0.0000|
|.|          3|          3|          1|     378.4400000|          0|00:00:00|+1.00|1.00|0.0000|
|.|         33|          3|          1|     378.4400000|          0|00:00:00|+1.00|1.00|0.0000|
|.|          5|          3|          1|     378.4400000|          0|00:00:00|+1.00|1.00|0.0000|
|.|          7|          3|          1|     378.4400000|          0|00:00:00|+1.00|1.00|0.0000|
|.|         22|          3|          1|     378.4400000|          0|00:00:00|+1.00|1.00|0.0000|
|.|         18|          3|          1|     378.4400000|          0|00:00:00|+1.00|1.00|0.0000|
|.|         32|          3|          1|     378.4400000|          0|00:00:00|+1.00|1.00|0.0000|
|.|         11|          3|          1|     378.4400000|          0|00:00:00|+1.00|1.00|0.0000|
|.|         16|          3|          1|     378.4400000|          0|00:00:00|+1.00|1.00|0.0000|
|.|         17|          3|          1|     378.4400000|          0|00:00:00|+1.00|1.00|0.0000|
|.|         26|          3|          1|     378.4400000|          0|00:00:00|+1.00|1.00|0.0000|
|.|         36|          3|          1|     378.4400000|          0|00:00:00|+1.00|1.00|0.0000|
|.|         29|          3|          1|     378.4400000|          0|00:00:00|+1.00|1.00|0.0000|
|.|          9|          3|          1|     378.4400000|          0|00:00:00|+1.00|1.00|0.0000|
|.|         27|          3|          1|     378.4400000|          0|00:00:00|+1.00|1.00|0.0000|
|.|          2|          3|          1|     378.4400000|          0|00:00:00|+1.00|1.00|0.0000|
|.|         12|          3|          1|     378.4400000|          0|00:00:00|+1.00|1.00|0.0000|
|.|         28|          3|          1|     378.4400000|          0|00:00:00|+1.00|1.00|0.0000|
|.|         19|          3|          1|     378.4400000|          0|00:00:00|+1.00|1.00|0.0000|
|.|         39|          3|          1|     378.4400000|          0|00:00:00|+1.00|1.00|0.0000|
|.|         10|          3|          1|     378.4400000|          0|00:00:00|+1.00|1.00|0.0000|
|.|         21|          3|          1|     378.4400000|          0|00:00:00|+1.00|1.00|0.0000|
|.|          4|          3|          1|     378.4400000|          0|00:00:00|+1.00|1.00|0.0000|
|.|         25|          3|          1|     378.4400000|          0|00:00:00|+1.00|1.00|0.0000|
|.|         30|          3|          1|     378.4400000|          0|00:00:00|+1.00|1.00|0.0000|
|.|         24|          3|          1|     378.4400000|          0|00:00:00|+1.00|1.00|0.0000|
|.|          6|          3|          1|     378.4400000|          0|00:00:00|+1.00|1.00|0.0000|
|.|          8|          3|          1|     378.4400000|          0|00:00:00|+1.00|1.00|0.0000|
|.|         14|          3|          1|     378.4400000|          0|00:00:00|+1.00|1.00|0.0000|
|.|         34|          3|          1|     378.4400000|          0|00:00:00|+1.00|1.00|0.0000|
|.|         20|          3|          1|     378.4400000|          0|00:00:00|+1.00|1.00|0.0000|
|x|         41|          3|          1|     378.4400000|          3|00:00:00|+1.00|1.00|0.0000|
|x|         42|          3|          1|     378.4400000|          6|00:00:00|+1.00|1.00|0.0000|
|x|         43|          3|          1|     378.4400000|          9|00:00:00|+1.00|1.00|0.0000|
|x|         44|          3|          1|     378.4400000|         12|00:00:00|+1.00|1.00|0.0000|
|x|         45|          3|          1|     378.4400000|         15|00:00:00|+1.00|1.00|0.0000|
|x|         46|          3|          1|     378.4400000|         18|00:00:00|+1.00|1.00|0.0000|
|x|         47|          3|          1|     378.4400000|         21|00:00:00|+1.00|1.00|0.0000|
|x|         48|          3|          1|     378.4400000|         24|00:00:00|+1.00|1.00|0.0000|
|x|         49|          3|          1|     378.4400000|         27|00:00:00|+1.00|1.00|0.0000|
|=|         50|          3|          1|     378.4400000|         30|00:00:00|+1.00|1.00|0.0000|
+-+-----------+-----------+-----------+----------------+-----------+--------+-----+----+------+
Best-so-far configuration:           1    mean value:      378.4400000
Description of the best-so-far configuration:
  .ID. his_len max_attempts .PARENT.
1    1    1895           47       NA

# 2025-12-29 15:53:43 GMT: Elite configurations (first number is the configuration ID; listed from best to worst according to the sum of ranks):
  his_len max_attempts
1    1895           47
2    2227           75
3    1345           34
# Total CPU user time: 1086.259, CPU sys time: 6691.743, Wall-clock time: 2222.535
# Best configurations (first number is the configuration ID; listed from best to worst according to the sum of ranks):
  his_len max_attempts
1    1895           47
2    2227           75
3    1345           34
# Best configurations as commandlines (first number is the configuration ID; listed from best to worst according to the sum of ranks):
1 -his_len 1895 -max_attempts 47
2 -his_len 2227 -max_attempts 75
3 -his_len 1345 -max_attempts 34


# Testing of elite configurations: 1 
# Testing iteration configurations: FALSE 
# 2025-12-29 15:53:43 GMT: No test instances, skip testing
