Starting irace...
# 2025-12-26 13:34:57 GMT: Reading parameter file '/gpfs/home/e/exx866/IRACE-b-LAHC/all-instances-rough/X-n360-k40-s9/parameters.txt'.
# 2025-12-26 13:34:57 GMT: Read 1 configuration(s) from file '/gpfs/home/e/exx866/IRACE-b-LAHC/all-instances-rough/X-n360-k40-s9/configurations.txt'
# 2025-12-26 13:34:58 GMT: Initialization
# Elitist race
# Elitist new instances: 1
# Elitist limit: 2
# nbIterations: 3
# minNbSurvival: 10
# nbParameters: 2
# seed: 586597685
# confidence level: 0.95
# budget: 3500
# mu: 10
# deterministic: FALSE

# 2025-12-26 13:34:58 GMT: Iteration 1 of 3
# experimentsUsed: 0
# remainingBudget: 3500
# currentBudget: 1166
# nbConfigurations: 58
# Markers:
     x No test is performed.
     c Configurations are discarded only due to capping.
     - The test is performed and some configurations are discarded.
     = The test is performed but no configuration is discarded.
     ! The test is performed and configurations could be discarded but elite configurations are preserved.
     . All alive configurations are elite and nothing is discarded.

+-+-----------+-----------+-----------+----------------+-----------+--------+-----+----+------+
| |   Instance|      Alive|       Best|       Mean best| Exp so far|  W time|  rho|KenW|  Qvar|
+-+-----------+-----------+-----------+----------------+-----------+--------+-----+----+------+
|x|          1|         58|         31|     26083.84000|         58|00:02:57|   NA|  NA|    NA|
|x|          2|         58|         31|     26137.80500|        116|00:02:30|+0.76|0.88|0.0621|
|x|          3|         58|         31|     26151.97000|        174|00:02:31|+0.80|0.86|0.0518|
|x|          4|         58|         31|     26140.41500|        232|00:02:34|+0.79|0.84|0.0494|
|x|          5|         58|         53|     26164.21800|        290|00:02:31|+0.79|0.83|0.0484|
|x|          6|         58|         31|     26159.07833|        348|00:02:32|+0.79|0.83|0.0500|
|x|          7|         58|         41|     26183.76143|        406|00:02:13|+0.75|0.79|0.0812|
|x|          8|         58|         28|     26186.13125|        464|00:02:26|+0.74|0.77|0.0858|
|x|          9|         58|         28|     26189.97667|        522|00:02:30|+0.75|0.78|0.0813|
|-|         10|         16|         28|     26193.80500|        580|00:02:17|-0.05|0.05|0.9925|
|x|         11|         16|         36|     26207.16455|        596|00:01:56|-0.03|0.06|0.9690|
|x|         12|         16|         28|     26195.32000|        612|00:01:48|-0.01|0.08|0.9492|
|x|         13|         16|         28|     26192.06923|        628|00:01:54|-0.00|0.07|0.9440|
|x|         14|         16|         28|     26194.81929|        644|00:01:57|-0.00|0.07|0.9424|
|x|         15|         16|         31|     26191.40267|        660|00:01:58|+0.01|0.08|0.9346|
|x|         16|         16|         31|     26191.84250|        676|00:01:59|+0.00|0.06|0.9328|
|x|         17|         16|         28|     26197.60471|        692|00:01:45|+0.00|0.06|0.9324|
|x|         18|         16|         31|     26195.55556|        708|00:01:53|-0.00|0.06|0.9338|
|x|         19|         16|         31|     26194.99895|        724|00:01:55|-0.01|0.05|0.9397|
|=|         20|         16|         31|     26192.84400|        740|00:02:00|-0.01|0.04|0.9418|
|x|         21|         16|         31|     26191.77286|        756|00:01:41|-0.00|0.05|0.9370|
|x|         22|         16|         31|     26192.86545|        772|00:01:53|+0.00|0.05|0.9347|
|x|         23|         16|         31|     26198.31000|        788|00:01:54|+0.00|0.05|0.9379|
|x|         24|         16|         20|     26205.92917|        804|00:01:57|-0.00|0.04|0.9410|
|x|         25|         16|         28|     26204.87080|        820|00:01:43|+0.00|0.04|0.9404|
|x|         26|         16|         28|     26203.29731|        836|00:01:52|+0.00|0.04|0.9396|
|x|         27|         16|         28|     26202.64963|        852|00:01:40|+0.01|0.04|0.9384|
|x|         28|         16|         28|     26203.51714|        868|00:02:01|+0.01|0.04|0.9351|
|x|         29|         16|         28|     26201.79724|        884|00:01:48|+0.01|0.04|0.9317|
|=|         30|         16|         28|     26199.51633|        900|00:01:57|+0.02|0.05|0.9247|
+-+-----------+-----------+-----------+----------------+-----------+--------+-----+----+------+
Best-so-far configuration:          28    mean value:      26199.51633
Description of the best-so-far configuration:
   .ID. his_len max_attempts .PARENT.
28   28   10526          203       NA

# 2025-12-26 14:37:43 GMT: Elite configurations (first number is the configuration ID; listed from best to worst according to the sum of ranks):
   his_len max_attempts
28   10526          203
31    8063          265
20    6832          422
57    7139          289
12    7447          187
34    8986          367
36    4061          242
4     3753          406
25    9294          234
6     6216          343
# 2025-12-26 14:37:43 GMT: Iteration 2 of 3
# experimentsUsed: 900
# remainingBudget: 2600
# currentBudget: 1300
# nbConfigurations: 40
# Markers:
     x No test is performed.
     c Configurations are discarded only due to capping.
     - The test is performed and some configurations are discarded.
     = The test is performed but no configuration is discarded.
     ! The test is performed and configurations could be discarded but elite configurations are preserved.
     . All alive configurations are elite and nothing is discarded.

+-+-----------+-----------+-----------+----------------+-----------+--------+-----+----+------+
| |   Instance|      Alive|       Best|       Mean best| Exp so far|  W time|  rho|KenW|  Qvar|
+-+-----------+-----------+-----------+----------------+-----------+--------+-----+----+------+
|x|         31|         40|         25|     26087.15000|         40|00:01:51|   NA|  NA|    NA|
|x|         29|         40|          6|     26143.37500|         70|00:01:52|+0.09|0.54|0.9012|
|x|          6|         40|         85|     26175.63333|        100|00:02:00|+0.09|0.39|0.9220|
|x|         26|         40|         80|     26170.83000|        130|00:01:55|+0.05|0.29|0.9490|
|x|         28|         40|         80|     26164.03400|        160|00:02:01|+0.08|0.26|0.9076|
|x|          7|         40|         80|     26168.43333|        190|00:01:46|+0.05|0.21|0.9285|
|x|         27|         40|         80|     26166.18571|        220|00:01:41|+0.06|0.20|0.9232|
|x|         23|         40|         80|     26160.27125|        250|00:01:57|+0.07|0.19|0.9108|
|x|         25|         40|         80|     26173.43222|        280|00:01:49|+0.03|0.14|0.9400|
|-|         21|         16|         80|     26167.70900|        310|00:01:50|+0.04|0.13|0.9136|
|x|         15|         16|         80|     26169.15000|        316|00:01:51|+0.01|0.10|0.9386|
|x|         30|         16|         80|     26169.26167|        322|00:01:48|+0.00|0.09|0.9387|
|x|          4|         16|         80|     26167.69385|        328|00:01:47|+0.01|0.08|0.9405|
|x|         11|         16|         80|     26169.26786|        334|00:01:42|+0.02|0.09|0.9276|
|x|         13|         16|         80|     26173.80867|        340|00:01:46|+0.02|0.08|0.9236|
|x|          9|         16|         80|     26174.40250|        346|00:01:44|+0.01|0.07|0.9312|
|x|         19|         16|         80|     26168.80235|        352|00:01:43|+0.02|0.08|0.9305|
|x|          2|         16|         80|     26167.71722|        358|00:01:43|+0.02|0.07|0.9308|
|x|         10|         16|         80|     26169.84579|        364|00:01:33|+0.01|0.07|0.9308|
|=|          8|         16|         80|     26170.03700|        370|00:01:41|+0.02|0.06|0.9265|
|x|         20|         16|         80|     26169.75524|        376|00:01:49|+0.02|0.07|0.9253|
|x|         18|         16|         80|     26175.95318|        382|00:01:44|+0.01|0.05|0.9348|
|x|         16|         16|         80|     26175.56130|        388|00:01:48|+0.01|0.06|0.9314|
|x|         22|         16|         80|     26179.86500|        394|00:01:42|+0.01|0.05|0.9336|
|x|          3|         16|         80|     26179.79920|        400|00:01:49|+0.01|0.05|0.9301|
|x|          5|         16|         80|     26181.39769|        406|00:01:51|+0.01|0.05|0.9263|
|x|         17|         16|         80|     26184.77815|        412|00:01:34|+0.01|0.05|0.9274|
|x|          1|         16|         80|     26183.48321|        418|00:01:48|+0.01|0.05|0.9294|
|x|         12|         16|         80|     26185.37621|        424|00:01:40|+0.01|0.05|0.9270|
|=|         24|         16|         80|     26184.35067|        430|00:01:44|+0.01|0.04|0.9285|
|x|         14|         16|         80|     26182.81161|        436|00:01:44|+0.01|0.05|0.9275|
|x|         32|         16|         80|     26185.45000|        452|00:01:47|+0.01|0.04|0.9295|
|x|         33|         16|         80|     26182.76576|        468|00:01:44|+0.02|0.05|0.9207|
|x|         34|         16|         80|     26182.32147|        484|00:01:44|+0.02|0.05|0.9176|
|x|         35|         16|         80|     26182.79514|        500|00:01:50|+0.02|0.05|0.9140|
|x|         36|         16|         80|     26181.46111|        516|00:01:34|+0.02|0.05|0.9128|
|x|         37|         16|         80|     26182.34973|        532|00:01:44|+0.02|0.05|0.9147|
|x|         38|         16|         80|     26183.09132|        548|00:01:43|+0.02|0.05|0.9183|
|x|         39|         16|         80|     26184.56103|        564|00:01:53|+0.01|0.04|0.9216|
|=|         40|         16|         80|     26184.34125|        580|00:01:51|+0.02|0.04|0.9211|
|x|         41|         16|         80|     26184.31341|        596|00:01:43|+0.02|0.04|0.9210|
|x|         42|         16|         80|     26182.76262|        612|00:01:43|+0.02|0.04|0.9175|
|x|         43|         16|         80|     26181.58977|        628|00:01:49|+0.02|0.04|0.9140|
|x|         44|         16|         80|     26182.30818|        644|00:01:49|+0.02|0.04|0.9179|
|x|         45|         16|         80|     26182.75911|        660|00:01:39|+0.02|0.04|0.9185|
|x|         46|         16|         80|     26183.58717|        676|00:01:41|+0.02|0.04|0.9200|
|x|         47|         16|         80|     26183.40511|        692|00:01:39|+0.02|0.04|0.9189|
|x|         48|         16|         80|     26184.16792|        708|00:01:42|+0.02|0.04|0.9164|
|x|         49|         16|         80|     26184.86776|        724|00:01:44|+0.02|0.04|0.9179|
|-|         50|          2|         80|     26184.38380|        740|00:01:43|+0.06|0.08|0.4702|
+-+-----------+-----------+-----------+----------------+-----------+--------+-----+----+------+
Best-so-far configuration:          80    mean value:      26184.38380
Description of the best-so-far configuration:
   .ID. his_len max_attempts .PARENT.
80   80    9012          289       31

# 2025-12-26 16:06:20 GMT: Elite configurations (first number is the configuration ID; listed from best to worst according to the sum of ranks):
   his_len max_attempts
80    9012          289
64    8844          276
# 2025-12-26 16:06:20 GMT: Iteration 3 of 3
# experimentsUsed: 1640
# remainingBudget: 1860
# currentBudget: 1860
# nbConfigurations: 32
# Markers:
     x No test is performed.
     c Configurations are discarded only due to capping.
     - The test is performed and some configurations are discarded.
     = The test is performed but no configuration is discarded.
     ! The test is performed and configurations could be discarded but elite configurations are preserved.
     . All alive configurations are elite and nothing is discarded.

+-+-----------+-----------+-----------+----------------+-----------+--------+-----+----+------+
| |   Instance|      Alive|       Best|       Mean best| Exp so far|  W time|  rho|KenW|  Qvar|
+-+-----------+-----------+-----------+----------------+-----------+--------+-----+----+------+
|x|         51|         32|         93|     26070.17000|         32|00:01:56|   NA|  NA|    NA|
|x|         38|         32|        116|     26123.60500|         62|00:01:56|-0.05|0.48|0.8711|
|x|         34|         32|        115|     26164.29000|         92|00:01:55|-0.22|0.18|1.1093|
|x|         10|         32|        115|     26162.46000|        122|00:01:47|-0.05|0.21|0.9634|
|x|         24|         32|         97|     26160.22200|        152|00:01:58|-0.01|0.19|0.9447|
|x|         26|         32|         90|     26168.29167|        182|00:01:52|+0.00|0.17|0.9283|
|x|         23|         32|         90|     26163.49429|        212|00:01:52|+0.02|0.16|0.9315|
|x|         50|         32|         90|     26164.92625|        242|00:01:52|+0.00|0.13|0.9615|
|x|          5|         32|         90|     26166.81778|        272|00:01:59|+0.01|0.12|0.9505|
|=|         47|         32|        100|     26167.52600|        302|00:01:49|-0.00|0.10|0.9681|
|x|          1|         32|        100|     26170.77818|        332|00:02:03|-0.00|0.09|0.9666|
|x|         49|         32|         80|     26177.35583|        362|00:01:57|-0.01|0.08|0.9745|
|x|         48|         32|         80|     26180.63769|        392|00:01:53|-0.01|0.07|0.9761|
|x|         21|         32|         80|     26176.03500|        422|00:01:47|-0.01|0.06|0.9765|
|x|         45|         32|         80|     26177.80600|        452|00:01:47|-0.00|0.06|0.9660|
|x|          4|         32|         80|     26175.99812|        482|00:02:00|+0.00|0.07|0.9603|
|x|         33|         32|         80|     26171.34353|        512|00:01:53|+0.01|0.06|0.9597|
|x|          6|         32|         80|     26171.21333|        542|00:01:58|+0.01|0.07|0.9582|
|x|         30|         32|         80|     26171.17526|        572|00:02:00|+0.01|0.06|0.9585|
|=|         42|         32|         80|     26168.57550|        602|00:01:53|+0.01|0.06|0.9586|
|x|         20|         32|         80|     26168.36333|        632|00:02:01|+0.01|0.06|0.9590|
|x|         35|         32|         80|     26169.75136|        662|00:01:59|+0.01|0.06|0.9567|
|x|         19|         32|         80|     26165.81435|        692|00:01:53|+0.01|0.05|0.9555|
|x|          7|         32|         80|     26166.84000|        722|00:01:45|+0.01|0.06|0.9543|
|x|         15|         32|         80|     26167.50880|        752|00:02:00|+0.02|0.05|0.9536|
|x|         37|         32|         80|     26169.31000|        782|00:01:55|+0.01|0.05|0.9547|
|x|         27|         32|         80|     26168.69481|        812|00:01:40|+0.02|0.05|0.9525|
|x|         40|         32|         80|     26168.94750|        842|00:02:03|+0.01|0.05|0.9547|
|x|          9|         32|         80|     26169.44276|        872|00:01:56|+0.02|0.05|0.9528|
|=|         13|         32|         80|     26171.70733|        902|00:01:58|+0.01|0.04|0.9549|
|x|         16|         32|         80|     26171.55355|        932|00:01:59|+0.01|0.04|0.9553|
|x|         41|         32|         80|     26171.91750|        962|00:01:52|+0.01|0.04|0.9545|
|x|         12|         32|         80|     26173.93152|        992|00:01:54|+0.01|0.04|0.9562|
|x|         29|         32|         80|     26174.60559|       1022|00:01:53|+0.01|0.04|0.9560|
|x|         14|         32|         80|     26173.52086|       1052|00:01:58|+0.01|0.04|0.9551|
|x|         11|         32|         80|     26173.97111|       1082|00:01:59|+0.01|0.04|0.9553|
|x|          2|         32|         80|     26173.30351|       1112|00:01:57|+0.01|0.04|0.9555|
|x|         44|         32|         80|     26174.35342|       1142|00:01:59|+0.01|0.04|0.9568|
|x|         32|         32|         80|     26176.73513|       1172|00:01:59|+0.01|0.04|0.9562|
|=|         22|         32|         80|     26179.28800|       1202|00:01:53|+0.01|0.03|0.9584|
|x|         46|         32|         80|     26180.30171|       1232|00:01:53|+0.01|0.03|0.9601|
|x|         28|         32|         80|     26179.26714|       1262|00:02:01|+0.01|0.03|0.9576|
|x|         39|         32|         80|     26180.68907|       1292|00:02:00|+0.01|0.03|0.9592|
|x|         43|         32|         80|     26179.59000|       1322|00:01:57|+0.01|0.03|0.9580|
|x|         17|         32|         80|     26181.65844|       1352|00:01:48|+0.01|0.03|0.9583|
|x|         18|         32|         80|     26184.36391|       1382|00:01:55|+0.01|0.03|0.9591|
|x|         36|         32|         80|     26183.30872|       1412|00:01:44|+0.01|0.03|0.9590|
|x|         25|         32|         80|     26185.29646|       1442|00:01:48|+0.00|0.03|0.9613|
|x|          3|         32|         80|     26185.15204|       1472|00:02:00|+0.01|0.03|0.9608|
|=|         31|         32|         80|     26184.92360|       1502|00:01:43|+0.01|0.03|0.9597|
|x|          8|         32|         80|     26184.70294|       1532|00:01:51|+0.01|0.03|0.9606|
|x|         52|         32|         80|     26187.80750|       1564|00:01:54|+0.00|0.02|0.9623|
|x|         53|         32|         80|     26187.40755|       1596|00:02:05|+0.01|0.02|0.9616|
|x|         54|         32|         80|     26189.31759|       1628|00:02:00|+0.00|0.02|0.9630|
|x|         55|         32|         80|     26191.02655|       1660|00:01:56|+0.00|0.02|0.9630|
|x|         56|         32|         80|     26191.13125|       1692|00:02:00|+0.00|0.02|0.9642|
|x|         57|         32|         80|     26193.53649|       1724|00:02:02|+0.00|0.02|0.9644|
|x|         58|         32|         80|     26193.63466|       1756|00:01:59|+0.00|0.02|0.9629|
|x|         59|         32|         80|     26192.62271|       1788|00:01:52|+0.00|0.02|0.9635|
|=|         60|         32|         80|     26193.85483|       1820|00:01:53|+0.00|0.02|0.9636|
+-+-----------+-----------+-----------+----------------+-----------+--------+-----+----+------+
Best-so-far configuration:          80    mean value:      26193.85483
Description of the best-so-far configuration:
   .ID. his_len max_attempts .PARENT.
80   80    9012          289       31

# 2025-12-26 18:01:53 GMT: Elite configurations (first number is the configuration ID; listed from best to worst according to the sum of ranks):
    his_len max_attempts
80     9012          289
90     8676          293
103    8600          287
117    8877          282
98     9296          276
111    8609          293
64     8844          276
99     8879          286
116    8693          277
92     9424          284
# 2025-12-26 18:01:53 GMT: Stopped because there is not enough budget left to race more than the minimum (10).
# You may either increase the budget or set 'minNbSurvival' to a lower value.
# Iteration: 4
# nbIterations: 4
# experimentsUsed: 3460
# timeUsed: 0
# remainingBudget: 40
# currentBudget: 40
# number of elites: 10
# nbConfigurations: 10
# Total CPU user time: 354785.3, CPU sys time: 2345.076, Wall-clock time: 16016.24
# Best configurations (first number is the configuration ID; listed from best to worst according to the sum of ranks):
    his_len max_attempts
80     9012          289
90     8676          293
103    8600          287
117    8877          282
98     9296          276
111    8609          293
64     8844          276
99     8879          286
116    8693          277
92     9424          284
# Best configurations as commandlines (first number is the configuration ID; listed from best to worst according to the sum of ranks):
80  -his_len 9012 -max_attempts 289
90  -his_len 8676 -max_attempts 293
103 -his_len 8600 -max_attempts 287
117 -his_len 8877 -max_attempts 282
98  -his_len 9296 -max_attempts 276
111 -his_len 8609 -max_attempts 293
64  -his_len 8844 -max_attempts 276
99  -his_len 8879 -max_attempts 286
116 -his_len 8693 -max_attempts 277
92  -his_len 9424 -max_attempts 284


# Testing of elite configurations: 1 
# Testing iteration configurations: FALSE 
# 2025-12-26 18:01:53 GMT: No test instances, skip testing
