Starting irace...
# 2025-12-29 15:16:14 GMT: Reading parameter file '/gpfs/home/e/exx866/IRACE-b-LAHC/all-instances-fine/E-n51-k5-p2/parameters.txt'.
# 2025-12-29 15:16:15 GMT: Read 1 configuration(s) from file '/gpfs/home/e/exx866/IRACE-b-LAHC/all-instances-fine/E-n51-k5-p2/configurations.txt'
# 2025-12-29 15:16:15 GMT: Initialization
# Elitist race
# Elitist new instances: 1
# Elitist limit: 2
# nbIterations: 3
# minNbSurvival: 10
# nbParameters: 2
# seed: 1123156173
# confidence level: 0.95
# budget: 6000
# mu: 10
# deterministic: FALSE

# 2025-12-29 15:16:15 GMT: Iteration 1 of 3
# experimentsUsed: 0
# remainingBudget: 6000
# currentBudget: 2000
# nbConfigurations: 100
# Markers:
     x No test is performed.
     c Configurations are discarded only due to capping.
     - The test is performed and some configurations are discarded.
     = The test is performed but no configuration is discarded.
     ! The test is performed and configurations could be discarded but elite configurations are preserved.
     . All alive configurations are elite and nothing is discarded.

+-+-----------+-----------+-----------+----------------+-----------+--------+-----+----+------+
| |   Instance|      Alive|       Best|       Mean best| Exp so far|  W time|  rho|KenW|  Qvar|
+-+-----------+-----------+-----------+----------------+-----------+--------+-----+----+------+
|x|          1|        100|          1|     529.9000000|        100|00:00:41|   NA|  NA|    NA|
|x|          2|        100|          1|     529.9000000|        200|00:00:39|-0.00|0.50|0.9302|
|x|          3|        100|          1|     529.9000000|        300|00:00:37|+0.01|0.34|0.9240|
|x|          4|        100|          1|     529.9000000|        400|00:00:38|-0.00|0.25|0.9701|
|x|          5|        100|          3|     529.9000000|        500|00:00:38|-0.01|0.19|0.9754|
|x|          6|        100|          3|     529.9000000|        600|00:00:38|+0.02|0.18|0.9843|
|x|          7|        100|          3|     529.9000000|        700|00:00:39|-0.00|0.14|0.9926|
|x|          8|        100|          3|     529.9000000|        800|00:00:38|+0.00|0.13|0.9739|
|x|          9|        100|          3|     529.9000000|        900|00:00:38|-0.01|0.10|0.9935|
|=|         10|        100|          3|     529.9000000|       1000|00:00:38|-0.02|0.09|1.0039|
|x|         11|        100|          3|     529.9000000|       1100|00:00:39|+0.01|0.10|0.9830|
|x|         12|        100|          3|     529.9000000|       1200|00:00:39|+0.01|0.09|0.9793|
|x|         13|        100|          3|     529.9000000|       1300|00:00:37|+0.02|0.10|0.9734|
|x|         14|        100|          3|     529.9000000|       1400|00:00:38|+0.02|0.09|0.9719|
|x|         15|        100|          3|     529.9000000|       1500|00:00:38|+0.03|0.09|0.9705|
|x|         16|        100|          3|     529.9000000|       1600|00:00:39|+0.03|0.09|0.9707|
|x|         17|        100|          3|     529.9000000|       1700|00:00:38|+0.04|0.09|0.9656|
|x|         18|        100|          3|     529.9000000|       1800|00:00:36|+0.04|0.09|0.9650|
|x|         19|        100|          3|     529.9000000|       1900|00:00:39|+0.04|0.09|0.9615|
|-|         20|         62|          3|     529.9000000|       2000|00:00:38|+0.01|0.06|0.9368|
+-+-----------+-----------+-----------+----------------+-----------+--------+-----+----+------+
Best-so-far configuration:           3    mean value:      529.9000000
Description of the best-so-far configuration:
  .ID. his_len max_attempts .PARENT.
3    3   11430            1       NA

# 2025-12-29 15:29:11 GMT: Elite configurations (first number is the configuration ID; listed from best to worst according to the sum of ranks):
   his_len max_attempts
3    11430            1
21    8549            3
22   12981            5
28   15197            1
43    9103            4
48   13535            1
55   13757            3
61    9768            2
63   10654           10
74   11264            3
# 2025-12-29 15:29:11 GMT: Iteration 2 of 3
# experimentsUsed: 2000
# remainingBudget: 4000
# currentBudget: 2000
# nbConfigurations: 73
# Markers:
     x No test is performed.
     c Configurations are discarded only due to capping.
     - The test is performed and some configurations are discarded.
     = The test is performed but no configuration is discarded.
     ! The test is performed and configurations could be discarded but elite configurations are preserved.
     . All alive configurations are elite and nothing is discarded.

+-+-----------+-----------+-----------+----------------+-----------+--------+-----+----+------+
| |   Instance|      Alive|       Best|       Mean best| Exp so far|  W time|  rho|KenW|  Qvar|
+-+-----------+-----------+-----------+----------------+-----------+--------+-----+----+------+
|x|         21|         73|          3|     529.9000000|         73|00:00:26|   NA|  NA|    NA|
|x|         17|         73|          3|     529.9000000|        136|00:00:22|-0.06|0.47|1.0282|
|x|         18|         73|          3|     529.9000000|        199|00:00:22|+0.03|0.36|0.9965|
|x|         15|         73|          3|     529.9000000|        262|00:00:22|+0.12|0.34|0.8999|
|x|         10|         73|          3|     529.9000000|        325|00:00:21|+0.09|0.27|0.9341|
|x|          1|         73|          3|     529.9000000|        388|00:00:22|+0.08|0.24|0.9377|
|x|          6|         73|          3|     529.9000000|        451|00:00:22|+0.05|0.18|0.9614|
|x|         19|         73|          3|     529.9000000|        514|00:00:22|+0.06|0.17|0.9457|
|x|         12|         73|          3|     529.9000000|        577|00:00:22|+0.04|0.15|0.9610|
|-|          9|         69|          3|     529.9000000|        640|00:00:22|-0.02|0.08|0.8031|
|x|         14|         69|          3|     529.9000000|        699|00:00:20|-0.02|0.07|0.8225|
|x|         20|         69|          3|     529.9000000|        758|00:00:20|-0.01|0.07|0.8371|
|x|         16|         69|          3|     529.9000000|        817|00:00:20|-0.00|0.08|0.8381|
|x|          7|         69|          3|     529.9000000|        876|00:00:20|+0.00|0.07|0.8451|
|x|          4|         69|          3|     529.9000000|        935|00:00:21|+0.01|0.08|0.8385|
|x|          2|         69|          3|     529.9000000|        994|00:00:20|+0.01|0.08|0.8451|
|x|          3|         69|          3|     529.9000000|       1053|00:00:20|+0.01|0.07|0.7964|
|x|         13|         69|          3|     529.9000000|       1112|00:00:20|+0.01|0.07|0.7530|
|x|         11|         69|          3|     529.9000000|       1171|00:00:20|+0.03|0.08|0.7545|
|-|          5|         63|          3|     529.9000000|       1230|00:00:21|-0.01|0.04|0.6473|
|x|          8|         63|          3|     529.9000000|       1283|00:00:18|-0.01|0.04|0.6612|
|x|         22|         63|          3|     529.9000000|       1346|00:00:22|-0.01|0.04|0.6781|
|x|         23|         63|          3|     529.9000000|       1409|00:00:22|-0.00|0.04|0.6881|
|x|         24|         63|          3|     529.9000000|       1472|00:00:22|-0.00|0.04|0.6593|
|x|         25|         63|          3|     529.9000000|       1535|00:00:22|-0.00|0.04|0.6715|
|x|         26|         63|          3|     529.9000000|       1598|00:00:22|+0.00|0.04|0.6815|
|x|         27|         63|          3|     529.9000000|       1661|00:00:22|+0.01|0.04|0.6892|
|x|         28|         63|          3|     529.9000000|       1724|00:00:22|+0.00|0.04|0.7009|
|x|         29|         63|          3|     529.9000000|       1787|00:00:22|+0.02|0.05|0.7082|
|-|         30|         56|          3|     529.9000000|       1850|00:00:22|+0.00|0.03|0.6212|
+-+-----------+-----------+-----------+----------------+-----------+--------+-----+----+------+
Best-so-far configuration:           3    mean value:      529.9000000
Description of the best-so-far configuration:
  .ID. his_len max_attempts .PARENT.
3    3   11430            1       NA

# 2025-12-29 15:40:08 GMT: Elite configurations (first number is the configuration ID; listed from best to worst according to the sum of ranks):
    his_len max_attempts
3     11430            1
21     8549            3
22    12981            5
28    15197            1
43     9103            4
48    13535            1
61     9768            2
74    11264            3
103    9209            3
106   11206            1
# 2025-12-29 15:40:08 GMT: Iteration 3 of 3
# experimentsUsed: 3850
# remainingBudget: 2150
# currentBudget: 2150
# nbConfigurations: 61
# Markers:
     x No test is performed.
     c Configurations are discarded only due to capping.
     - The test is performed and some configurations are discarded.
     = The test is performed but no configuration is discarded.
     ! The test is performed and configurations could be discarded but elite configurations are preserved.
     . All alive configurations are elite and nothing is discarded.

+-+-----------+-----------+-----------+----------------+-----------+--------+-----+----+------+
| |   Instance|      Alive|       Best|       Mean best| Exp so far|  W time|  rho|KenW|  Qvar|
+-+-----------+-----------+-----------+----------------+-----------+--------+-----+----+------+
|x|         31|         61|          3|     529.9000000|         61|00:00:21|   NA|  NA|    NA|
|x|         28|         61|          3|     529.9000000|        112|00:00:17|+0.00|0.50|0.4918|
|x|          3|         61|          3|     529.9000000|        163|00:00:17|-0.01|0.33|0.6612|
|x|         17|         61|          3|     529.9000000|        214|00:00:17|+0.15|0.37|0.7311|
|x|          5|         61|          3|     529.9000000|        265|00:00:17|+0.19|0.35|0.6880|
|x|         12|         61|          3|     529.9000000|        316|00:00:17|+0.15|0.29|0.5898|
|x|          1|         61|          3|     529.9000000|        367|00:00:17|+0.13|0.25|0.5150|
|x|         15|         61|          3|     529.9000000|        418|00:00:17|+0.11|0.22|0.4565|
|x|         30|         61|          3|     529.9000000|        469|00:00:17|+0.09|0.19|0.4097|
|-|         10|         58|          3|     529.9000000|        520|00:00:17|+1.00|1.00|0.0000|
|x|         11|         58|          3|     529.9000000|        568|00:00:16|+0.00|0.09|0.0893|
|x|          2|         58|          3|     529.9000000|        616|00:00:16|-0.00|0.08|0.1643|
|x|         29|         58|          3|     529.9000000|        664|00:00:16|-0.00|0.07|0.2279|
|x|         21|         58|          3|     529.9000000|        712|00:00:16|-0.00|0.07|0.2115|
|x|         26|         58|          3|     529.9000000|        760|00:00:16|-0.00|0.06|0.1974|
|x|         23|         58|          3|     529.9000000|        808|00:00:16|-0.01|0.06|0.2471|
|x|         16|         58|          3|     529.9000000|        856|00:00:16|-0.01|0.05|0.2910|
|x|          7|         58|          3|     529.9000000|        904|00:00:16|+0.00|0.06|0.3286|
|x|         22|         58|          3|     529.9000000|        952|00:00:16|+0.02|0.07|0.3564|
|=|          4|         58|          3|     529.9000000|       1000|00:00:16|+0.02|0.06|0.3389|
|x|         18|         58|          3|     529.9000000|       1048|00:00:16|+0.01|0.06|0.3230|
|x|          6|         58|          3|     529.9000000|       1096|00:00:16|+0.02|0.06|0.3532|
|x|         24|         58|          3|     529.9000000|       1144|00:00:16|+0.02|0.06|0.3380|
|x|         20|         58|          3|     529.9000000|       1192|00:00:16|+0.02|0.06|0.3637|
|x|         19|         58|          3|     529.9000000|       1240|00:00:16|+0.02|0.06|0.3493|
|x|          9|         58|          3|     529.9000000|       1288|00:00:16|+0.02|0.06|0.3725|
|x|          8|         58|          3|     529.9000000|       1336|00:00:16|+0.02|0.06|0.3589|
|x|         13|         58|          3|     529.9000000|       1384|00:00:16|+0.02|0.06|0.3463|
|x|         25|         58|          3|     529.9000000|       1432|00:00:16|+0.04|0.08|0.3643|
|-|         27|         52|          3|     529.9000000|       1480|00:00:16|-0.00|0.03|0.1311|
|x|         14|         52|          3|     529.9000000|       1522|00:00:14|-0.00|0.03|0.1269|
|x|         32|         52|          3|     529.9000000|       1574|00:00:18|-0.00|0.03|0.1229|
|x|         33|         52|          3|     529.9000000|       1626|00:00:17|-0.00|0.03|0.1192|
|x|         34|         52|          3|     529.9000000|       1678|00:00:18|-0.00|0.03|0.1157|
|x|         35|         52|          3|     529.9000000|       1730|00:00:18|-0.00|0.03|0.1124|
|x|         36|         52|          3|     529.9000000|       1782|00:00:18|+0.00|0.03|0.1362|
|x|         37|         52|          3|     529.9000000|       1834|00:00:17|+0.00|0.03|0.1325|
|x|         38|         52|          3|     529.9000000|       1886|00:00:18|+0.00|0.03|0.1550|
|x|         39|         52|          3|     529.9000000|       1938|00:00:17|+0.00|0.03|0.1510|
|=|         40|         52|          3|     529.9000000|       1990|00:00:18|+0.00|0.03|0.1473|
+-+-----------+-----------+-----------+----------------+-----------+--------+-----+----+------+
Best-so-far configuration:           3    mean value:      529.9000000
Description of the best-so-far configuration:
  .ID. his_len max_attempts .PARENT.
3    3   11430            1       NA

# 2025-12-29 15:51:35 GMT: Elite configurations (first number is the configuration ID; listed from best to worst according to the sum of ranks):
    his_len max_attempts
3     11430            1
21     8549            3
28    15197            1
48    13535            1
61     9768            2
74    11264            3
103    9209            3
106   11206            1
164    8499            3
165    9892            2
# 2025-12-29 15:51:35 GMT: Iteration 4 of 4
# experimentsUsed: 5840
# remainingBudget: 160
# currentBudget: 160
# nbConfigurations: 11
# Markers:
     x No test is performed.
     c Configurations are discarded only due to capping.
     - The test is performed and some configurations are discarded.
     = The test is performed but no configuration is discarded.
     ! The test is performed and configurations could be discarded but elite configurations are preserved.
     . All alive configurations are elite and nothing is discarded.

+-+-----------+-----------+-----------+----------------+-----------+--------+-----+----+------+
| |   Instance|      Alive|       Best|       Mean best| Exp so far|  W time|  rho|KenW|  Qvar|
+-+-----------+-----------+-----------+----------------+-----------+--------+-----+----+------+
|x|         41|         11|          3|     529.9000000|         11|00:00:03|   NA|  NA|    NA|
|x|          3|         11|          3|     529.9000000|         12|00:00:00|+1.00|1.00|0.0000|
|x|         12|         11|          3|     529.9000000|         13|00:00:00|+1.00|1.00|0.0000|
|x|          4|         11|          3|     529.9000000|         14|00:00:00|+1.00|1.00|0.0000|
|x|          8|         11|          3|     529.9000000|         15|00:00:00|+1.00|1.00|0.0000|
|x|         25|         11|          3|     529.9000000|         16|00:00:00|+1.00|1.00|0.0000|
|x|         34|         11|          3|     529.9000000|         17|00:00:00|+1.00|1.00|0.0000|
|x|         31|         11|          3|     529.9000000|         18|00:00:00|+1.00|1.00|0.0000|
|x|          9|         11|          3|     529.9000000|         19|00:00:00|+1.00|1.00|0.0000|
|=|         11|         11|          3|     529.9000000|         20|00:00:00|+0.00|0.10|0.0909|
|x|         17|         11|          3|     529.9000000|         21|00:00:00|+0.00|0.09|0.0826|
|x|         16|         11|          3|     529.9000000|         22|00:00:00|+0.00|0.08|0.0758|
|x|         13|         11|          3|     529.9000000|         23|00:00:00|+0.00|0.08|0.0699|
|x|          7|         11|          3|     529.9000000|         24|00:00:00|+0.00|0.07|0.0649|
|x|         10|         11|          3|     529.9000000|         25|00:00:00|+0.00|0.07|0.0606|
|x|         30|         11|          3|     529.9000000|         26|00:00:00|+0.00|0.06|0.0568|
|x|         36|         11|          3|     529.9000000|         27|00:00:00|+0.00|0.06|0.0535|
|x|         19|         11|          3|     529.9000000|         28|00:00:00|+0.00|0.06|0.0505|
|x|         39|         11|          3|     529.9000000|         29|00:00:00|+0.00|0.05|0.0478|
|=|         20|         11|          3|     529.9000000|         30|00:00:00|+0.00|0.05|0.0455|
|x|         38|         11|          3|     529.9000000|         31|00:00:00|+0.00|0.05|0.0433|
|x|         23|         11|          3|     529.9000000|         32|00:00:00|+0.00|0.05|0.0413|
|x|         24|         11|          3|     529.9000000|         33|00:00:00|+0.00|0.04|0.0395|
|x|         29|         11|          3|     529.9000000|         34|00:00:00|+0.00|0.04|0.0379|
|x|         22|         11|          3|     529.9000000|         35|00:00:00|+0.00|0.04|0.0364|
|x|          1|         11|          3|     529.9000000|         36|00:00:00|+0.00|0.04|0.0350|
|x|          2|         11|          3|     529.9000000|         37|00:00:00|+0.00|0.04|0.0337|
|x|         32|         11|          3|     529.9000000|         38|00:00:00|+0.00|0.04|0.0325|
|x|          6|         11|          3|     529.9000000|         39|00:00:00|+0.00|0.03|0.0313|
|=|         26|         11|          3|     529.9000000|         40|00:00:00|+0.00|0.03|0.0303|
|x|         15|         11|          3|     529.9000000|         41|00:00:00|+0.00|0.03|0.0293|
|x|          5|         11|          3|     529.9000000|         42|00:00:00|+0.00|0.03|0.0284|
|x|         37|         11|          3|     529.9000000|         43|00:00:00|+0.00|0.03|0.0275|
|x|         28|         11|          3|     529.9000000|         44|00:00:00|+0.00|0.03|0.0267|
|x|         27|         11|          3|     529.9000000|         45|00:00:00|+0.00|0.03|0.0260|
|x|         14|         11|          3|     529.9000000|         46|00:00:00|+0.00|0.03|0.0253|
|x|         40|         11|          3|     529.9000000|         47|00:00:00|+0.00|0.03|0.0246|
|x|         18|         11|          3|     529.9000000|         48|00:00:00|+0.00|0.03|0.0239|
|x|         21|         11|          3|     529.9000000|         49|00:00:00|+0.00|0.03|0.0233|
|=|         33|         11|          3|     529.9000000|         50|00:00:00|+0.00|0.03|0.0227|
|x|         35|         11|          3|     529.9000000|         51|00:00:00|+0.00|0.02|0.0222|
|x|         42|         11|          3|     529.9000000|         62|00:00:03|+0.00|0.02|0.0216|
|x|         43|         11|          3|     529.9000000|         73|00:00:03|+0.00|0.02|0.0211|
|x|         44|         11|          3|     529.9000000|         84|00:00:03|-0.00|0.02|0.0415|
|x|         45|         11|          3|     529.9000000|         95|00:00:03|-0.00|0.02|0.0405|
|x|         46|         11|          3|     529.9000000|        106|00:00:03|-0.00|0.02|0.0396|
|x|         47|         11|          3|     529.9000000|        117|00:00:03|-0.00|0.02|0.0388|
|x|         48|         11|          3|     529.9000000|        128|00:00:03|-0.00|0.02|0.0380|
|x|         49|         11|          3|     529.9000000|        139|00:00:03|-0.00|0.02|0.0372|
|=|         50|         11|          3|     529.9000000|        150|00:00:03|-0.00|0.02|0.0365|
+-+-----------+-----------+-----------+----------------+-----------+--------+-----+----+------+
Best-so-far configuration:           3    mean value:      529.9000000
Description of the best-so-far configuration:
  .ID. his_len max_attempts .PARENT.
3    3   11430            1       NA

# 2025-12-29 15:52:48 GMT: Elite configurations (first number is the configuration ID; listed from best to worst according to the sum of ranks):
    his_len max_attempts
3     11430            1
28    15197            1
48    13535            1
61     9768            2
74    11264            3
106   11206            1
164    8499            3
165    9892            2
21     8549            3
215    9235            3
# 2025-12-29 15:52:48 GMT: Stopped because there is not enough budget left to race more than the minimum (10).
# You may either increase the budget or set 'minNbSurvival' to a lower value.
# Iteration: 5
# nbIterations: 5
# experimentsUsed: 5990
# timeUsed: 0
# remainingBudget: 10
# currentBudget: 10
# number of elites: 10
# nbConfigurations: 10
# Total CPU user time: 4396.003, CPU sys time: 6416.797, Wall-clock time: 2193.759
# Best configurations (first number is the configuration ID; listed from best to worst according to the sum of ranks):
    his_len max_attempts
3     11430            1
28    15197            1
48    13535            1
61     9768            2
74    11264            3
106   11206            1
164    8499            3
165    9892            2
21     8549            3
215    9235            3
# Best configurations as commandlines (first number is the configuration ID; listed from best to worst according to the sum of ranks):
3   -his_len 11430 -max_attempts 1
28  -his_len 15197 -max_attempts 1
48  -his_len 13535 -max_attempts 1
61  -his_len 9768 -max_attempts 2
74  -his_len 11264 -max_attempts 3
106 -his_len 11206 -max_attempts 1
164 -his_len 8499 -max_attempts 3
165 -his_len 9892 -max_attempts 2
21  -his_len 8549 -max_attempts 3
215 -his_len 9235 -max_attempts 3


# Testing of elite configurations: 1 
# Testing iteration configurations: FALSE 
# 2025-12-29 15:52:48 GMT: No test instances, skip testing
