Starting irace...
# 2025-12-29 13:09:03 GMT: Reading parameter file '/gpfs/home/e/exx866/IRACE-b-LAHC/all-instances-rough/X-n759-k98-s10/parameters.txt'.
# 2025-12-29 13:09:04 GMT: Read 8 configuration(s) from file '/gpfs/home/e/exx866/IRACE-b-LAHC/all-instances-rough/X-n759-k98-s10/configurations.txt'
# 2025-12-29 13:09:04 GMT: Initialization
# Elitist race
# Elitist new instances: 1
# Elitist limit: 2
# nbIterations: 3
# minNbSurvival: 10
# nbParameters: 2
# seed: 96486299
# confidence level: 0.95
# budget: 2920
# mu: 10
# deterministic: FALSE

# 2025-12-29 13:09:04 GMT: Iteration 1 of 3
# experimentsUsed: 0
# remainingBudget: 2920
# currentBudget: 973
# nbConfigurations: 48
# Markers:
     x No test is performed.
     c Configurations are discarded only due to capping.
     - The test is performed and some configurations are discarded.
     = The test is performed but no configuration is discarded.
     ! The test is performed and configurations could be discarded but elite configurations are preserved.
     . All alive configurations are elite and nothing is discarded.

+-+-----------+-----------+-----------+----------------+-----------+--------+-----+----+------+
| |   Instance|      Alive|       Best|       Mean best| Exp so far|  W time|  rho|KenW|  Qvar|
+-+-----------+-----------+-----------+----------------+-----------+--------+-----+----+------+
|x|          1|         48|         32|     77899.42000|         48|00:32:10|   NA|  NA|    NA|
|x|          2|         48|         48|     77984.40000|         96|00:41:43|+0.57|0.79|0.1587|
|x|          3|         48|         48|     77961.33333|        144|00:34:47|+0.70|0.80|0.1165|
|x|          4|         48|          6|     77991.74250|        192|00:34:45|+0.71|0.78|0.1090|
|x|          5|         48|          2|     77995.35600|        240|00:32:44|+0.73|0.79|0.0978|
|x|          6|         48|          6|     77985.38333|        288|00:32:55|+0.72|0.76|0.1082|
|x|          7|         48|          6|     77971.81571|        336|00:47:30|+0.72|0.76|0.1029|
|x|          8|         48|          6|     77964.95625|        384|00:36:33|+0.72|0.76|0.1037|
|x|          9|         48|          6|     77980.08889|        432|00:33:22|+0.73|0.76|0.0992|
|-|         10|         10|          6|     77986.61800|        480|00:32:11|-0.05|0.05|0.9526|
+-+-----------+-----------+-----------+----------------+-----------+--------+-----+----+------+
Best-so-far configuration:           6    mean value:      77986.61800
Description of the best-so-far configuration:
  .ID. his_len max_attempts .PARENT.
6    6   12614          228       NA

# 2025-12-29 19:07:50 GMT: Elite configurations (first number is the configuration ID; listed from best to worst according to the sum of ranks):
   his_len max_attempts
6    12614          228
8    11998          337
2     8920          384
38   10392          406
7    13845          259
32    9160          437
21    8545          328
3    10151          415
16   12239          359
14    7313          484
# 2025-12-29 19:07:50 GMT: Iteration 2 of 3
# experimentsUsed: 480
# remainingBudget: 2440
# currentBudget: 1220
# nbConfigurations: 44
# Markers:
     x No test is performed.
     c Configurations are discarded only due to capping.
     - The test is performed and some configurations are discarded.
     = The test is performed but no configuration is discarded.
     ! The test is performed and configurations could be discarded but elite configurations are preserved.
     . All alive configurations are elite and nothing is discarded.

+-+-----------+-----------+-----------+----------------+-----------+--------+-----+----+------+
| |   Instance|      Alive|       Best|       Mean best| Exp so far|  W time|  rho|KenW|  Qvar|
+-+-----------+-----------+-----------+----------------+-----------+--------+-----+----+------+
|x|         11|         44|         79|     77907.52000|         44|00:29:52|   NA|  NA|    NA|
|x|          5|         44|         79|     77903.96000|         78|00:29:46|+0.24|0.62|0.6713|
|x|          2|         44|         79|     77927.73667|        112|00:23:43|+0.08|0.39|0.8516|
|x|          3|         44|         79|     77949.48500|        146|00:27:24|+0.14|0.35|0.7914|
|x|          7|         44|         79|     77962.45200|        180|00:28:04|+0.14|0.31|0.7923|
|x|          8|         44|         79|     77972.70167|        214|00:29:50|+0.12|0.27|0.7642|
|x|          9|         44|         56|     77963.97429|        248|00:30:02|+0.10|0.23|0.8034|
|x|          6|         44|         58|     77989.02375|        282|00:34:06|+0.11|0.22|0.7881|
|x|          4|         44|         58|     77969.78667|        316|00:26:49|+0.11|0.21|0.7945|
|-|         10|         28|         58|     77969.63100|        350|00:25:50|-0.06|0.04|1.0202|
|x|          1|         28|         58|     77976.40182|        368|00:40:51|-0.05|0.05|1.0043|
|x|         12|         28|         75|     77995.99333|        396|00:27:02|-0.05|0.04|1.0126|
|x|         13|         28|         75|     77994.21769|        424|00:19:05|-0.04|0.04|1.0091|
|x|         14|         28|         75|     77994.42786|        452|00:29:12|-0.03|0.04|0.9958|
|x|         15|         28|         75|     77993.41733|        480|00:30:22|-0.03|0.04|0.9941|
|x|         16|         28|         75|     77988.89875|        508|00:27:10|-0.01|0.05|0.9788|
|x|         17|         28|         58|     77978.30882|        536|00:35:16|-0.01|0.05|0.9721|
|x|         18|         28|         58|     77980.95333|        564|00:47:18|-0.01|0.05|0.9667|
|x|         19|         28|         58|     77980.28105|        592|00:39:15|-0.00|0.05|0.9604|
|=|         20|         28|         58|     77986.72750|        620|00:35:27|-0.00|0.05|0.9598|
|x|         21|         28|         58|     77983.27429|        648|00:25:01|-0.00|0.04|0.9601|
|x|         22|         28|         58|     77985.83409|        676|00:38:34|-0.00|0.04|0.9587|
|x|         23|         28|         58|     77990.11565|        704|00:29:36|-0.00|0.04|0.9593|
|x|         24|         28|         75|     77996.00417|        732|00:23:48|-0.00|0.04|0.9603|
|x|         25|         28|         58|     77991.07680|        760|00:22:10|+0.00|0.04|0.9569|
|x|         26|         28|         58|     77989.08731|        788|00:21:12|+0.00|0.04|0.9596|
|x|         27|         28|         58|     77987.24444|        816|00:33:34|+0.01|0.04|0.9551|
|x|         28|         28|         58|     77985.12000|        844|00:34:06|+0.01|0.04|0.9569|
|x|         29|         28|         58|     77987.94207|        872|00:27:46|+0.01|0.04|0.9520|
|=|         30|         28|         58|     77991.26133|        900|00:49:59|+0.01|0.04|0.9531|
+-+-----------+-----------+-----------+----------------+-----------+--------+-----+----+------+
Best-so-far configuration:          58    mean value:      77991.26133
Description of the best-so-far configuration:
   .ID. his_len max_attempts .PARENT.
58   58   10963          449       32

# 2025-12-30 10:30:16 GMT: Elite configurations (first number is the configuration ID; listed from best to worst according to the sum of ranks):
   his_len max_attempts
58   10963          449
75    9949          455
56   10483          466
59   10778          415
80   10049          435
3    10151          415
63   11641          392
52   11835          350
81   11398          323
2     8920          384
# 2025-12-30 10:30:16 GMT: Iteration 3 of 3
# experimentsUsed: 1380
# remainingBudget: 1540
# currentBudget: 1540
# nbConfigurations: 46
# Markers:
     x No test is performed.
     c Configurations are discarded only due to capping.
     - The test is performed and some configurations are discarded.
     = The test is performed but no configuration is discarded.
     ! The test is performed and configurations could be discarded but elite configurations are preserved.
     . All alive configurations are elite and nothing is discarded.

+-+-----------+-----------+-----------+----------------+-----------+--------+-----+----+------+
| |   Instance|      Alive|       Best|       Mean best| Exp so far|  W time|  rho|KenW|  Qvar|
+-+-----------+-----------+-----------+----------------+-----------+--------+-----+----+------+
|x|         31|         46|        110|     77815.22000|         46|00:32:37|   NA|  NA|    NA|
|x|         14|         46|         56|     77909.59000|         82|00:29:31|-0.02|0.49|0.9923|
|x|         24|         46|        112|     77956.57667|        118|00:27:54|-0.18|0.21|1.1594|
|x|         18|         46|         52|     77953.74250|        154|00:33:46|-0.09|0.18|1.0739|
|x|         27|         46|        112|     77954.85000|        190|00:28:17|-0.05|0.16|1.0237|
|x|         10|         46|        112|     77944.18333|        226|00:26:37|+0.02|0.18|0.9663|
|x|         16|         46|        112|     77951.74571|        262|00:25:51|+0.00|0.15|0.9716|
|x|          4|         46|        112|     77952.81875|        298|00:36:26|+0.01|0.13|0.9702|
|x|         20|         46|        112|     77964.02444|        334|00:29:39|+0.01|0.12|0.9679|
|=|          9|         46|         75|     77962.54700|        370|00:27:43|+0.02|0.12|0.9585|
|x|         13|         46|         75|     77963.48909|        406|00:35:04|+0.03|0.12|0.9436|
|x|          7|         46|         75|     77962.98167|        442|00:30:16|+0.03|0.11|0.9476|
|x|          5|         46|         75|     77964.01615|        478|00:28:21|+0.03|0.10|0.9477|
|x|         25|         46|         75|     77966.30286|        514|00:41:17|+0.02|0.09|0.9524|
|x|         28|         46|        112|     77972.84333|        550|00:28:27|+0.01|0.08|0.9617|
|x|         11|         46|         58|     77971.40312|        586|00:31:31|+0.01|0.07|0.9660|
|x|         21|         46|         58|     77968.03882|        622|00:29:12|+0.02|0.07|0.9626|
|x|         30|         46|         91|     77965.36389|        658|00:35:00|+0.01|0.07|0.9651|
|x|         22|         46|         91|     77965.45368|        694|00:36:45|+0.02|0.07|0.9597|
|=|         29|         46|         91|     77964.68000|        730|00:39:17|+0.02|0.07|0.9602|
|x|          6|         46|         91|     77965.19143|        766|00:30:45|+0.01|0.06|0.9635|
|x|         17|         46|         91|     77963.87682|        802|00:27:28|+0.01|0.06|0.9650|
|x|          3|         46|         91|     77959.83696|        838|00:26:17|+0.01|0.05|0.9652|
|x|         12|         46|         91|     77964.97667|        874|00:38:22|+0.01|0.05|0.9653|
|x|         15|         46|         91|     77963.40960|        910|00:43:39|+0.02|0.06|0.9614|
|x|          1|         46|         91|     77962.39769|        946|00:27:35|+0.01|0.05|0.9628|
|x|         26|         46|         91|     77959.85815|        982|00:26:45|+0.01|0.05|0.9626|
|x|         23|         46|         91|     77959.50107|       1018|00:50:09|+0.02|0.05|0.9606|
|x|         19|         46|         91|     77961.64655|       1054|00:32:44|+0.01|0.05|0.9608|
|-|          2|         23|         91|     77963.87600|       1090|00:25:10|-0.01|0.03|0.9630|
|x|          8|         23|         91|     77964.19871|       1103|00:22:16|-0.00|0.03|0.9582|
|x|         32|         23|         91|     77966.09500|       1126|00:30:52|-0.00|0.03|0.9574|
|x|         33|         23|         91|     77965.56636|       1149|00:33:38|-0.00|0.03|0.9576|
|x|         34|         23|         91|     77966.25147|       1172|00:43:23|+0.00|0.03|0.9559|
|x|         35|         23|         91|     77966.93886|       1195|00:24:25|+0.00|0.03|0.9542|
|x|         36|         23|         91|     77966.93917|       1218|00:18:43|+0.01|0.03|0.9532|
|x|         37|         23|         91|     77965.08757|       1241|00:28:25|+0.01|0.04|0.9503|
|x|         38|         23|         91|     77964.92947|       1264|00:36:24|+0.01|0.04|0.9493|
|x|         39|         23|         91|     77965.96026|       1287|00:21:16|+0.01|0.03|0.9485|
|=|         40|         23|         91|     77968.64775|       1310|00:19:18|+0.01|0.03|0.9492|
|x|         41|         23|         91|     77968.79341|       1333|00:30:01|+0.01|0.03|0.9497|
|x|         42|         23|         91|     77968.77381|       1356|00:31:05|+0.01|0.03|0.9490|
|x|         43|         23|         91|     77968.60651|       1379|00:30:38|+0.01|0.03|0.9468|
|x|         44|         23|         91|     77970.24841|       1402|00:29:53|+0.01|0.03|0.9465|
|x|         45|         23|         91|     77972.48467|       1425|00:29:29|+0.01|0.03|0.9447|
|x|         46|         23|         91|     77970.34674|       1448|00:34:53|+0.01|0.03|0.9434|
|x|         47|         23|         91|     77966.94064|       1471|00:21:42|+0.01|0.03|0.9429|
|x|         48|         23|         91|     77967.10417|       1494|00:18:53|+0.01|0.03|0.9431|
|x|         49|         23|         91|     77966.48939|       1517|00:28:31|+0.01|0.03|0.9434|
|=|         50|         23|         91|     77969.36060|       1540|00:29:58|+0.01|0.03|0.9456|
+-+-----------+-----------+-----------+----------------+-----------+--------+-----+----+------+
Best-so-far configuration:          91    mean value:      77969.36060
Description of the best-so-far configuration:
   .ID. his_len max_attempts .PARENT.
91   91   10238          416       59

# 2025-12-31 11:56:49 GMT: Elite configurations (first number is the configuration ID; listed from best to worst according to the sum of ranks):
    his_len max_attempts
91    10238          416
110   10209          440
56    10483          466
115   10429          456
112    9543          463
92    10038          459
101   10108          462
75     9949          455
58    10963          449
108   10713          466
# 2025-12-31 11:56:49 GMT: Stopped because budget is exhausted
# Iteration: 4
# nbIterations: 3
# experimentsUsed: 2920
# timeUsed: 0
# remainingBudget: 0
# currentBudget: 1540
# number of elites: 10
# nbConfigurations: 46
# Total CPU user time: 3447803, CPU sys time: 1843.572, Wall-clock time: 168465.2
# Best configurations (first number is the configuration ID; listed from best to worst according to the sum of ranks):
    his_len max_attempts
91    10238          416
110   10209          440
56    10483          466
115   10429          456
112    9543          463
92    10038          459
101   10108          462
75     9949          455
58    10963          449
108   10713          466
# Best configurations as commandlines (first number is the configuration ID; listed from best to worst according to the sum of ranks):
91  -his_len 10238 -max_attempts 416
110 -his_len 10209 -max_attempts 440
56  -his_len 10483 -max_attempts 466
115 -his_len 10429 -max_attempts 456
112 -his_len 9543 -max_attempts 463
92  -his_len 10038 -max_attempts 459
101 -his_len 10108 -max_attempts 462
75  -his_len 9949 -max_attempts 455
58  -his_len 10963 -max_attempts 449
108 -his_len 10713 -max_attempts 466


# Testing of elite configurations: 1 
# Testing iteration configurations: FALSE 
# 2025-12-31 11:56:49 GMT: No test instances, skip testing
