Starting irace...
# 2025-12-29 16:11:05 GMT: Reading parameter file '/gpfs/home/e/exx866/IRACE-b-LAHC/all-instances-fine/M-n212-k16-s12/parameters.txt'.
# 2025-12-29 16:11:05 GMT: Read 1 configuration(s) from file '/gpfs/home/e/exx866/IRACE-b-LAHC/all-instances-fine/M-n212-k16-s12/configurations.txt'
# 2025-12-29 16:11:05 GMT: Initialization
# Elitist race
# Elitist new instances: 1
# Elitist limit: 2
# nbIterations: 3
# minNbSurvival: 10
# nbParameters: 2
# seed: 1353346517
# confidence level: 0.95
# budget: 6000
# mu: 10
# deterministic: FALSE

# 2025-12-29 16:11:05 GMT: Iteration 1 of 3
# experimentsUsed: 0
# remainingBudget: 6000
# currentBudget: 2000
# nbConfigurations: 100
# Markers:
     x No test is performed.
     c Configurations are discarded only due to capping.
     - The test is performed and some configurations are discarded.
     = The test is performed but no configuration is discarded.
     ! The test is performed and configurations could be discarded but elite configurations are preserved.
     . All alive configurations are elite and nothing is discarded.

+-+-----------+-----------+-----------+----------------+-----------+--------+-----+----+------+
| |   Instance|      Alive|       Best|       Mean best| Exp so far|  W time|  rho|KenW|  Qvar|
+-+-----------+-----------+-----------+----------------+-----------+--------+-----+----+------+
|x|          1|        100|         16|     1305.470000|        100|00:00:44|   NA|  NA|    NA|
|x|          2|        100|         16|     1307.865000|        200|00:00:46|+0.07|0.54|0.9099|
|x|          3|        100|         19|     1306.393333|        300|00:00:46|+0.00|0.33|0.9618|
|x|          4|        100|         19|     1307.567500|        400|00:00:45|+0.00|0.25|0.9775|
|x|          5|        100|         75|     1312.200000|        500|00:00:46|+0.00|0.20|0.9845|
|x|          6|        100|         19|     1310.650000|        600|00:00:45|-0.01|0.16|0.9957|
|x|          7|        100|         52|     1313.220000|        700|00:00:46|-0.00|0.14|0.9934|
|x|          8|        100|         31|     1313.330000|        800|00:00:45|-0.01|0.12|1.0015|
|x|          9|        100|         31|     1313.274444|        900|00:00:46|-0.00|0.11|0.9914|
|=|         10|        100|         54|     1312.546000|       1000|00:00:46|+0.00|0.10|0.9823|
|x|         11|        100|         54|     1312.859091|       1100|00:00:44|+0.01|0.10|0.9764|
|x|         12|        100|         54|     1312.980833|       1200|00:00:44|+0.01|0.09|0.9796|
|x|         13|        100|         22|     1313.486154|       1300|00:00:45|+0.01|0.09|0.9792|
|x|         14|        100|         22|     1313.104286|       1400|00:00:45|+0.02|0.09|0.9741|
|x|         15|        100|         54|     1313.021333|       1500|00:00:45|+0.01|0.08|0.9799|
|x|         16|        100|         54|     1313.072500|       1600|00:00:44|+0.01|0.07|0.9766|
|x|         17|        100|         54|     1313.324118|       1700|00:00:45|+0.01|0.07|0.9772|
|x|         18|        100|         54|     1313.405556|       1800|00:00:42|+0.01|0.07|0.9782|
|x|         19|        100|         22|     1313.758947|       1900|00:00:46|+0.01|0.06|0.9796|
|=|         20|        100|         22|     1313.370000|       2000|00:00:45|+0.01|0.06|0.9790|
+-+-----------+-----------+-----------+----------------+-----------+--------+-----+----+------+
Best-so-far configuration:          22    mean value:      1313.370000
Description of the best-so-far configuration:
   .ID. his_len max_attempts .PARENT.
22   22    1185          468       NA

# 2025-12-29 16:26:16 GMT: Elite configurations (first number is the configuration ID; listed from best to worst according to the sum of ranks):
   his_len max_attempts
22    1185          468
54    1343          342
94    1580          276
20    1727          440
80    2077          418
76    2258          283
34    1388          335
37    1749          281
88    1851          290
41    2292          362
# 2025-12-29 16:26:16 GMT: Iteration 2 of 3
# experimentsUsed: 2000
# remainingBudget: 4000
# currentBudget: 2000
# nbConfigurations: 73
# Markers:
     x No test is performed.
     c Configurations are discarded only due to capping.
     - The test is performed and some configurations are discarded.
     = The test is performed but no configuration is discarded.
     ! The test is performed and configurations could be discarded but elite configurations are preserved.
     . All alive configurations are elite and nothing is discarded.

+-+-----------+-----------+-----------+----------------+-----------+--------+-----+----+------+
| |   Instance|      Alive|       Best|       Mean best| Exp so far|  W time|  rho|KenW|  Qvar|
+-+-----------+-----------+-----------+----------------+-----------+--------+-----+----+------+
|x|         21|         73|        105|     1304.370000|         73|00:00:34|   NA|  NA|    NA|
|x|         20|         73|        150|     1306.855000|        136|00:00:31|+0.31|0.66|0.7152|
|x|         14|         73|        150|     1307.920000|        199|00:00:29|+0.15|0.44|0.8393|
|x|          2|         73|        150|     1308.755000|        262|00:00:31|+0.16|0.37|0.8512|
|x|         15|         73|        150|     1309.818000|        325|00:00:30|+0.06|0.25|0.9230|
|x|         18|         73|        144|     1310.703333|        388|00:00:30|+0.01|0.18|0.9601|
|x|         17|         73|        144|     1311.135714|        451|00:00:31|+0.02|0.16|0.9602|
|x|          6|         73|        144|     1310.518750|        514|00:00:30|+0.02|0.14|0.9553|
|x|          4|         73|        144|     1310.552222|        577|00:00:30|+0.02|0.13|0.9705|
|=|         13|         73|        144|     1312.300000|        640|00:00:30|+0.01|0.11|0.9718|
|x|         10|         73|        144|     1312.226364|        703|00:00:31|+0.02|0.11|0.9600|
|x|          9|         73|        144|     1312.125000|        766|00:00:31|+0.02|0.10|0.9601|
|x|         16|         73|        135|     1312.730000|        829|00:00:30|+0.03|0.11|0.9514|
|x|          7|         73|        135|     1313.003571|        892|00:00:31|+0.03|0.10|0.9548|
|x|         12|         73|        135|     1312.828000|        955|00:00:31|+0.03|0.10|0.9532|
|x|          5|         73|        135|     1312.740625|       1018|00:00:30|+0.04|0.10|0.9411|
|x|          1|         73|        135|     1312.922353|       1081|00:00:30|+0.03|0.09|0.9521|
|x|          3|         73|        135|     1312.809444|       1144|00:00:31|+0.04|0.09|0.9478|
|x|         19|         73|        135|     1313.505789|       1207|00:00:30|+0.03|0.09|0.9500|
|-|          8|         40|        135|     1313.665000|       1270|00:00:29|-0.03|0.03|1.0026|
|x|         11|         40|         22|     1313.344762|       1300|00:00:18|-0.02|0.03|0.9980|
|x|         22|         40|        135|     1313.973182|       1340|00:00:22|-0.02|0.03|0.9986|
|x|         23|         40|         22|     1313.731739|       1380|00:00:21|-0.01|0.03|0.9934|
|x|         24|         40|         22|     1313.752917|       1420|00:00:22|-0.01|0.03|0.9900|
|x|         25|         40|         22|     1313.463600|       1460|00:00:22|-0.01|0.03|0.9892|
|x|         26|         40|         22|     1313.335385|       1500|00:00:22|-0.01|0.03|0.9870|
|x|         27|         40|         22|     1313.540741|       1540|00:00:22|-0.00|0.03|0.9841|
|x|         28|         40|         22|     1313.678571|       1580|00:00:21|-0.01|0.03|0.9847|
|x|         29|         40|         22|     1313.807931|       1620|00:00:22|-0.00|0.03|0.9831|
|=|         30|         40|         22|     1313.975667|       1660|00:00:22|-0.00|0.03|0.9823|
+-+-----------+-----------+-----------+----------------+-----------+--------+-----+----+------+
Best-so-far configuration:          22    mean value:      1313.975667
Description of the best-so-far configuration:
   .ID. his_len max_attempts .PARENT.
22   22    1185          468       NA

# 2025-12-29 16:40:14 GMT: Elite configurations (first number is the configuration ID; listed from best to worst according to the sum of ranks):
    his_len max_attempts
22     1185          468
80     2077          418
135    1742          273
20     1727          440
150    1154          487
54     1343          342
130    1532          274
37     1749          281
105    1620          425
129    1855          273
# 2025-12-29 16:40:14 GMT: Iteration 3 of 3
# experimentsUsed: 3660
# remainingBudget: 2340
# currentBudget: 2340
# nbConfigurations: 66
# Markers:
     x No test is performed.
     c Configurations are discarded only due to capping.
     - The test is performed and some configurations are discarded.
     = The test is performed but no configuration is discarded.
     ! The test is performed and configurations could be discarded but elite configurations are preserved.
     . All alive configurations are elite and nothing is discarded.

+-+-----------+-----------+-----------+----------------+-----------+--------+-----+----+------+
| |   Instance|      Alive|       Best|       Mean best| Exp so far|  W time|  rho|KenW|  Qvar|
+-+-----------+-----------+-----------+----------------+-----------+--------+-----+----+------+
|x|         31|         66|        184|     1304.920000|         66|00:00:31|   NA|  NA|    NA|
|x|         29|         66|        180|     1310.815000|        122|00:00:28|-0.12|0.44|1.1459|
|x|         14|         66|        180|     1310.666667|        178|00:00:27|-0.03|0.31|1.0469|
|x|         10|         66|        180|     1311.082500|        234|00:00:27|+0.00|0.25|1.0044|
|x|         26|         66|         54|     1310.382000|        290|00:00:27|+0.02|0.21|0.9884|
|x|         11|         66|        180|     1311.610000|        346|00:00:28|+0.01|0.18|0.9919|
|x|         25|         66|        177|     1311.262857|        402|00:00:28|+0.03|0.16|0.9806|
|x|         20|         66|        168|     1311.837500|        458|00:00:27|+0.03|0.15|0.9676|
|x|         12|         66|        168|     1312.114444|        514|00:00:28|+0.02|0.13|0.9749|
|=|          4|         66|         22|     1311.789000|        570|00:00:27|+0.02|0.12|0.9764|
|x|         24|         66|         22|     1312.011818|        626|00:00:27|+0.02|0.11|0.9798|
|x|         18|         66|        181|     1311.902500|        682|00:00:28|+0.02|0.10|0.9794|
|x|         13|         66|         22|     1312.213846|        738|00:00:27|+0.01|0.08|0.9879|
|x|          2|         66|         22|     1311.989286|        794|00:00:27|+0.01|0.08|0.9857|
|x|         30|         66|         22|     1312.446000|        850|00:00:28|+0.00|0.07|0.9853|
|x|         22|         66|        181|     1312.184375|        906|00:00:28|+0.01|0.07|0.9841|
|x|         16|         66|        181|     1312.162941|        962|00:00:27|+0.01|0.07|0.9826|
|x|         17|         66|        181|     1312.880000|       1018|00:00:28|+0.01|0.06|0.9808|
|x|         19|         66|        181|     1312.583684|       1074|00:00:27|+0.01|0.06|0.9793|
|=|         21|         66|        181|     1312.635500|       1130|00:00:27|+0.01|0.06|0.9800|
|x|         15|         66|        181|     1312.595714|       1186|00:00:27|+0.01|0.06|0.9749|
|x|          6|         66|        181|     1312.775455|       1242|00:00:27|+0.01|0.06|0.9759|
|x|          3|         66|        181|     1312.553478|       1298|00:00:28|+0.02|0.06|0.9708|
|x|          8|         66|        181|     1312.885417|       1354|00:00:28|+0.02|0.06|0.9694|
|x|          7|         66|        181|     1313.188400|       1410|00:00:27|+0.02|0.06|0.9674|
|x|          5|         66|        181|     1313.168077|       1466|00:00:28|+0.02|0.06|0.9630|
|x|         28|         66|        181|     1313.471111|       1522|00:00:27|+0.02|0.06|0.9649|
|x|         23|         66|        181|     1313.493214|       1578|00:00:26|+0.03|0.06|0.9627|
|x|          1|         66|        181|     1313.603103|       1634|00:00:28|+0.02|0.06|0.9644|
|-|         27|         37|        181|     1313.485667|       1690|00:00:27|-0.02|0.02|0.9895|
|x|          9|         37|        181|     1313.859677|       1717|00:00:17|-0.02|0.02|0.9904|
|x|         32|         37|         22|     1313.871562|       1754|00:00:20|-0.01|0.02|0.9870|
|x|         33|         37|         22|     1313.999697|       1791|00:00:20|-0.01|0.02|0.9859|
|x|         34|         37|         22|     1314.011471|       1828|00:00:20|-0.01|0.02|0.9846|
|x|         35|         37|         22|     1314.007429|       1865|00:00:21|-0.01|0.02|0.9810|
|x|         36|         37|         22|     1313.780833|       1902|00:00:21|-0.00|0.02|0.9797|
|x|         37|         37|        150|     1314.001351|       1939|00:00:20|-0.00|0.02|0.9786|
|x|         38|         37|         22|     1313.981579|       1976|00:00:21|-0.01|0.02|0.9799|
|x|         39|         37|         22|     1314.027949|       2013|00:00:21|-0.00|0.02|0.9790|
|=|         40|         37|        150|     1314.184500|       2050|00:00:21|-0.00|0.02|0.9770|
+-+-----------+-----------+-----------+----------------+-----------+--------+-----+----+------+
Best-so-far configuration:         150    mean value:      1314.184500
Description of the best-so-far configuration:
    .ID. his_len max_attempts .PARENT.
150  150    1154          487       22

# 2025-12-29 16:57:43 GMT: Elite configurations (first number is the configuration ID; listed from best to worst according to the sum of ranks):
    his_len max_attempts
150    1154          487
22     1185          468
198    1339          341
181    1034          457
135    1742          273
54     1343          342
37     1749          281
215    1522          274
129    1855          273
201    1832          273
# 2025-12-29 16:57:43 GMT: Iteration 4 of 4
# experimentsUsed: 5710
# remainingBudget: 290
# currentBudget: 290
# nbConfigurations: 13
# Markers:
     x No test is performed.
     c Configurations are discarded only due to capping.
     - The test is performed and some configurations are discarded.
     = The test is performed but no configuration is discarded.
     ! The test is performed and configurations could be discarded but elite configurations are preserved.
     . All alive configurations are elite and nothing is discarded.

+-+-----------+-----------+-----------+----------------+-----------+--------+-----+----+------+
| |   Instance|      Alive|       Best|       Mean best| Exp so far|  W time|  rho|KenW|  Qvar|
+-+-----------+-----------+-----------+----------------+-----------+--------+-----+----+------+
|x|         41|         13|        222|     1311.390000|         13|00:00:12|   NA|  NA|    NA|
|x|         31|         13|        222|     1311.215000|         16|00:00:10|-0.38|0.31|1.2955|
|x|          9|         13|        222|     1312.526667|         19|00:00:09|-0.16|0.23|1.0796|
|x|         17|         13|         37|     1311.530000|         22|00:00:09|+0.01|0.26|0.9176|
|x|         21|         13|         37|     1311.674000|         25|00:00:10|-0.07|0.14|0.9814|
|x|         16|         13|         37|     1311.528333|         28|00:00:10|-0.01|0.16|0.9233|
|x|         25|         13|        222|     1310.602857|         31|00:00:10|+0.02|0.16|0.8908|
|x|         32|         13|        222|     1311.565000|         34|00:00:10|+0.02|0.14|0.8973|
|x|         29|         13|        222|     1312.062222|         37|00:00:10|-0.03|0.09|0.9451|
|=|         10|         13|        222|     1312.529000|         40|00:00:11|-0.04|0.06|0.9610|
|x|          8|         13|         37|     1313.005455|         43|00:00:09|-0.05|0.04|0.9695|
|x|         39|         13|        215|     1313.779167|         46|00:00:10|-0.05|0.04|0.9734|
|x|         35|         13|        150|     1314.409231|         49|00:00:10|-0.06|0.03|0.9717|
|x|         23|         13|         37|     1313.387857|         52|00:00:09|-0.05|0.03|0.9606|
|x|         27|         13|        129|     1313.727333|         55|00:00:10|-0.05|0.02|0.9638|
|x|         15|         13|        129|     1313.521250|         58|00:00:10|-0.04|0.02|0.9614|
|x|         34|         13|        129|     1313.695294|         61|00:00:09|-0.04|0.02|0.9617|
|x|          6|         13|        150|     1314.622222|         64|00:00:10|-0.04|0.01|0.9649|
|x|         12|         13|        220|     1314.537895|         67|00:00:10|-0.04|0.01|0.9618|
|=|         33|         13|        150|     1314.095000|         70|00:00:10|-0.03|0.02|0.9565|
|x|         22|         13|        220|     1314.267143|         73|00:00:10|-0.03|0.02|0.9522|
|x|         18|         13|        220|     1314.259091|         76|00:00:10|-0.03|0.02|0.9526|
|x|         19|         13|        220|     1314.463913|         79|00:00:10|-0.03|0.02|0.9504|
|x|         26|         13|        220|     1314.474583|         82|00:00:10|-0.02|0.02|0.9433|
|x|          3|         13|        220|     1314.294800|         85|00:00:10|-0.01|0.03|0.9416|
|x|          2|         13|        220|     1314.230000|         88|00:00:09|-0.01|0.02|0.9404|
|x|         14|         13|        220|     1314.555926|         91|00:00:09|-0.02|0.02|0.9408|
|x|         13|         13|        220|     1314.278571|         94|00:00:09|-0.01|0.03|0.9377|
|x|          1|         13|        220|     1314.322069|         97|00:00:10|-0.01|0.02|0.9394|
|=|         40|         13|        220|     1314.690000|        100|00:00:10|-0.02|0.01|0.9435|
|x|          4|         13|        220|     1314.825484|        103|00:00:10|-0.02|0.01|0.9449|
|x|         11|         13|        220|     1314.757188|        106|00:00:10|-0.02|0.01|0.9458|
|x|          7|         13|         22|     1313.959697|        109|00:00:10|-0.02|0.01|0.9457|
|x|         36|         13|         22|     1313.721176|        112|00:00:10|-0.02|0.01|0.9431|
|x|         37|         13|         22|     1313.776000|        115|00:00:09|-0.02|0.01|0.9403|
|x|         28|         13|        150|     1314.324722|        118|00:00:10|-0.02|0.01|0.9415|
|x|         20|         13|        150|     1314.046216|        121|00:00:10|-0.02|0.01|0.9390|
|x|          5|         13|        150|     1313.845789|        124|00:00:09|-0.02|0.01|0.9372|
|x|         24|         13|        150|     1313.897179|        127|00:00:10|-0.01|0.01|0.9371|
|=|         38|         13|        150|     1314.143250|        130|00:00:10|-0.02|0.01|0.9393|
|x|         30|         13|        150|     1314.271463|        133|00:00:10|-0.02|0.01|0.9400|
|x|         42|         13|         22|     1313.872143|        146|00:00:12|-0.02|0.01|0.9401|
|x|         43|         13|         22|     1313.727442|        159|00:00:12|-0.02|0.01|0.9383|
|x|         44|         13|         22|     1313.868864|        172|00:00:12|-0.01|0.01|0.9379|
|x|         45|         13|         22|     1313.872222|        185|00:00:12|-0.01|0.01|0.9363|
|x|         46|         13|         22|     1313.958261|        198|00:00:12|-0.01|0.01|0.9351|
|x|         47|         13|         22|     1314.094255|        211|00:00:12|-0.01|0.01|0.9362|
|x|         48|         13|         22|     1314.201458|        224|00:00:12|-0.01|0.01|0.9357|
|x|         49|         13|         22|     1314.106122|        237|00:00:12|-0.01|0.01|0.9344|
|=|         50|         13|         22|     1314.207600|        250|00:00:12|-0.01|0.01|0.9339|
+-+-----------+-----------+-----------+----------------+-----------+--------+-----+----+------+
Best-so-far configuration:          22    mean value:      1314.207600
Description of the best-so-far configuration:
   .ID. his_len max_attempts .PARENT.
22   22    1185          468       NA

# 2025-12-29 17:06:36 GMT: Elite configurations (first number is the configuration ID; listed from best to worst according to the sum of ranks):
    his_len max_attempts
22     1185          468
54     1343          342
220    1351          341
201    1832          273
150    1154          487
215    1522          274
198    1339          341
129    1855          273
135    1742          273
181    1034          457
# 2025-12-29 17:06:36 GMT: Stopped because there is not enough budget left to race more than the minimum (10).
# You may either increase the budget or set 'minNbSurvival' to a lower value.
# Iteration: 5
# nbIterations: 5
# experimentsUsed: 5960
# timeUsed: 0
# remainingBudget: 40
# currentBudget: 40
# number of elites: 10
# nbConfigurations: 10
# Total CPU user time: 60495.41, CPU sys time: 5983.092, Wall-clock time: 3331.344
# 2025-12-29 17:06:36 GMT: Starting post-selection:
# Configurations selected: 22, 54, 220, 201.
# Pending instances: 0, 0, 0, 0.
# 2025-12-29 17:06:36 GMT: seed: 1353346517
# Configurations: 4
# Available experiments: 40
# minSurvival: 1
# Markers:
     x No test is performed.
     c Configurations are discarded only due to capping.
     - The test is performed and some configurations are discarded.
     = The test is performed but no configuration is discarded.
     ! The test is performed and configurations could be discarded but elite configurations are preserved.
     . All alive configurations are elite and nothing is discarded.

+-+-----------+-----------+-----------+----------------+-----------+--------+-----+----+------+
| |   Instance|      Alive|       Best|       Mean best| Exp so far|  W time|  rho|KenW|  Qvar|
+-+-----------+-----------+-----------+----------------+-----------+--------+-----+----+------+
|.|         44|          4|        220|     1308.350000|          0|00:00:00|   NA|  NA|    NA|
|.|         23|          4|        220|     1310.810000|          0|00:00:00|+0.00|0.50|0.6734|
|.|         45|          4|        220|     1311.966667|          0|00:00:00|-0.13|0.24|0.6044|
|.|         38|          4|        220|     1313.767500|          0|00:00:00|-0.17|0.12|0.8996|
|.|         17|          4|        220|     1314.458000|          0|00:00:00|-0.12|0.10|0.8791|
|.|         32|          4|        220|     1313.976667|          0|00:00:00|-0.05|0.12|0.8609|
|.|          8|          4|        220|     1314.028571|          0|00:00:00|-0.10|0.05|0.8454|
|.|          2|          4|        220|     1313.851250|          0|00:00:00|-0.06|0.07|0.8207|
|.|         21|          4|        220|     1313.565556|          0|00:00:00|-0.03|0.09|0.7754|
|.|         18|          4|        220|     1313.618000|          0|00:00:00|-0.01|0.09|0.7543|
|.|         10|          4|        220|     1313.469091|          0|00:00:00|-0.01|0.08|0.7726|
|.|         13|          4|        220|     1312.912500|          0|00:00:00|+0.04|0.12|0.7393|
|.|         19|          4|        220|     1313.378462|          0|00:00:00|+0.04|0.11|0.7275|
|.|         12|          4|        220|     1312.985714|          0|00:00:00|+0.07|0.14|0.7013|
|.|         22|          4|        220|     1312.539333|          0|00:00:00|+0.09|0.15|0.6949|
|.|         16|          4|        220|     1312.406250|          0|00:00:00|+0.05|0.11|0.7047|
|.|         15|          4|        220|     1312.517647|          0|00:00:00|+0.05|0.10|0.7130|
|.|         48|          4|        220|     1312.887778|          0|00:00:00|+0.03|0.08|0.7350|
|.|          4|          4|        220|     1313.203684|          0|00:00:00|+0.01|0.06|0.7438|
|.|         28|          4|        220|     1313.328000|          0|00:00:00|+0.00|0.05|0.7513|
|.|         46|          4|        220|     1313.404762|          0|00:00:00|+0.01|0.06|0.7466|
|.|         33|          4|        220|     1313.572727|          0|00:00:00|+0.01|0.05|0.7566|
|.|         24|          4|        220|     1313.335652|          0|00:00:00|+0.02|0.06|0.7447|
|.|         11|          4|        220|     1313.306667|          0|00:00:00|+0.01|0.05|0.7489|
|.|         42|          4|        220|     1313.106800|          0|00:00:00|+0.01|0.05|0.7430|
|.|         43|          4|        220|     1313.332308|          0|00:00:00|-0.00|0.03|0.7508|
|.|          9|          4|        220|     1313.818148|          0|00:00:00|-0.02|0.02|0.7610|
|.|         36|          4|        220|     1314.092500|          0|00:00:00|-0.02|0.01|0.7641|
|.|         49|          4|        220|     1314.508276|          0|00:00:00|-0.02|0.01|0.7668|
|.|         20|          4|        220|     1315.026667|          0|00:00:00|-0.03|0.01|0.7666|
|.|          6|          4|        220|     1314.983871|          0|00:00:00|-0.02|0.01|0.7619|
|.|         26|          4|        220|     1314.975625|          0|00:00:00|-0.01|0.02|0.7584|
|.|         37|          4|        220|     1315.135455|          0|00:00:00|-0.02|0.01|0.7597|
|.|         50|          4|        220|     1315.172941|          0|00:00:00|-0.02|0.01|0.7637|
|.|         29|          4|        220|     1315.097714|          0|00:00:00|-0.02|0.00|0.7670|
|.|          3|          4|        220|     1314.955556|          0|00:00:00|-0.02|0.01|0.7666|
|.|         14|          4|        220|     1315.173784|          0|00:00:00|-0.02|0.00|0.7674|
|.|          7|          4|        220|     1315.352105|          0|00:00:00|-0.02|0.00|0.7679|
|.|         34|          4|        220|     1315.528205|          0|00:00:00|-0.02|0.00|0.7674|
|.|         47|          4|        220|     1315.555000|          0|00:00:00|-0.03|0.00|0.7682|
|.|          5|          4|        220|     1315.613659|          0|00:00:00|-0.02|0.00|0.7682|
|.|         31|          4|        220|     1315.707619|          0|00:00:00|-0.02|0.00|0.7677|
|.|         30|          4|        220|     1315.437674|          0|00:00:00|-0.02|0.00|0.7677|
|.|         27|          4|        220|     1315.406364|          0|00:00:00|-0.02|0.00|0.7668|
|.|         41|          4|        220|     1315.402000|          0|00:00:00|-0.02|0.00|0.7669|
|.|         40|          4|        220|     1315.618478|          0|00:00:00|-0.02|0.00|0.7665|
|.|         25|          4|        220|     1315.529787|          0|00:00:00|-0.02|0.00|0.7660|
|.|          1|          4|        220|     1315.530000|          0|00:00:00|-0.02|0.00|0.7658|
|.|         39|          4|        220|     1315.511633|          0|00:00:00|-0.02|0.00|0.7654|
|.|         35|          4|        220|     1315.484400|          0|00:00:00|-0.02|0.00|0.7643|
|x|         51|          4|         54|     1315.003137|          4|00:00:10|-0.02|0.00|0.7637|
|x|         52|          4|         54|     1314.936923|          8|00:00:10|-0.01|0.01|0.7623|
|x|         53|          4|         54|     1315.024906|         12|00:00:09|-0.01|0.01|0.7609|
|x|         54|          4|         54|     1315.065741|         16|00:00:10|-0.01|0.01|0.7600|
|x|         55|          4|         54|     1315.186909|         20|00:00:10|-0.01|0.01|0.7590|
|x|         56|          4|         22|     1314.264464|         24|00:00:10|-0.01|0.01|0.7577|
|x|         57|          4|         22|     1314.288421|         28|00:00:10|-0.01|0.01|0.7563|
|x|         58|          4|         22|     1314.383621|         32|00:00:10|-0.01|0.01|0.7573|
|x|         59|          4|         22|     1314.448983|         36|00:00:10|-0.01|0.01|0.7565|
|=|         60|          4|         22|     1314.441833|         40|00:00:09|-0.01|0.01|0.7543|
+-+-----------+-----------+-----------+----------------+-----------+--------+-----+----+------+
Best-so-far configuration:          22    mean value:      1314.441833
Description of the best-so-far configuration:
   .ID. his_len max_attempts .PARENT.
22   22    1185          468       NA

# 2025-12-29 17:08:19 GMT: Elite configurations (first number is the configuration ID; listed from best to worst according to the sum of ranks):
    his_len max_attempts
22     1185          468
54     1343          342
220    1351          341
201    1832          273
# Total CPU user time: 60876.2, CPU sys time: 6002.665, Wall-clock time: 3433.749
# Best configurations (first number is the configuration ID; listed from best to worst according to the sum of ranks):
    his_len max_attempts
22     1185          468
54     1343          342
220    1351          341
201    1832          273
# Best configurations as commandlines (first number is the configuration ID; listed from best to worst according to the sum of ranks):
22  -his_len 1185 -max_attempts 468
54  -his_len 1343 -max_attempts 342
220 -his_len 1351 -max_attempts 341
201 -his_len 1832 -max_attempts 273


# Testing of elite configurations: 1 
# Testing iteration configurations: FALSE 
# 2025-12-29 17:08:19 GMT: No test instances, skip testing
