Starting irace...
# 2025-12-26 13:34:56 GMT: Reading parameter file '/gpfs/home/e/exx866/IRACE-b-LAHC/all-instances-rough/F-n49-k4-s4/parameters.txt'.
# 2025-12-26 13:34:57 GMT: Read 1 configuration(s) from file '/gpfs/home/e/exx866/IRACE-b-LAHC/all-instances-rough/F-n49-k4-s4/configurations.txt'
# 2025-12-26 13:34:57 GMT: Initialization
# Elitist race
# Elitist new instances: 1
# Elitist limit: 2
# nbIterations: 3
# minNbSurvival: 10
# nbParameters: 2
# seed: 1598300122
# confidence level: 0.95
# budget: 3500
# mu: 10
# deterministic: FALSE

# 2025-12-26 13:34:57 GMT: Iteration 1 of 3
# experimentsUsed: 0
# remainingBudget: 3500
# currentBudget: 1166
# nbConfigurations: 58
# Markers:
     x No test is performed.
     c Configurations are discarded only due to capping.
     - The test is performed and some configurations are discarded.
     = The test is performed but no configuration is discarded.
     ! The test is performed and configurations could be discarded but elite configurations are preserved.
     . All alive configurations are elite and nothing is discarded.

+-+-----------+-----------+-----------+----------------+-----------+--------+-----+----+------+
| |   Instance|      Alive|       Best|       Mean best| Exp so far|  W time|  rho|KenW|  Qvar|
+-+-----------+-----------+-----------+----------------+-----------+--------+-----+----+------+
|x|          1|         58|          1|     727.7500000|         58|00:00:43|   NA|  NA|    NA|
|x|          2|         58|         17|     727.7500000|        116|00:00:42|+0.08|0.54|0.9367|
|x|          3|         58|         17|     727.7500000|        174|00:00:37|+0.04|0.36|0.9779|
|x|          4|         58|         17|     728.3050000|        232|00:00:35|+0.06|0.30|0.9346|
|x|          5|         58|         17|     728.1940000|        290|00:00:41|+0.04|0.23|0.9661|
|x|          6|         58|         17|     728.1200000|        348|00:00:40|+0.09|0.24|0.9202|
|x|          7|         58|         17|     728.0671429|        406|00:00:32|+0.12|0.25|0.8956|
|x|          8|         58|         17|     728.3050000|        464|00:00:39|+0.13|0.24|0.8860|
|x|          9|         58|         17|     728.2433333|        522|00:00:42|+0.09|0.19|0.9071|
|-|         10|         12|         17|     728.1940000|        580|00:00:32|-0.02|0.08|0.9500|
|x|         11|         12|         17|     728.1536364|        592|00:00:17|+0.01|0.10|0.9281|
|x|         12|         12|         17|     728.1200000|        604|00:00:03|+0.04|0.12|0.8952|
|x|         13|         12|         17|     728.0915385|        616|00:00:03|+0.07|0.14|0.8682|
|x|         14|         12|         17|     728.0671429|        628|00:00:13|+0.07|0.14|0.8696|
|x|         15|         12|         17|     728.1940000|        640|00:00:14|+0.10|0.16|0.8543|
|x|         16|         12|         17|     728.1662500|        652|00:00:03|+0.12|0.18|0.8379|
|x|         17|         12|         17|     728.2723529|        664|00:00:03|+0.09|0.14|0.8693|
|x|         18|         12|         17|     728.2433333|        676|00:00:16|+0.11|0.16|0.8499|
|x|         19|         12|         17|     728.2173684|        688|00:00:12|+0.12|0.17|0.8414|
|-|         20|          1|         17|     728.3050000|        700|00:00:03|   NA|  NA|    NA|
+-+-----------+-----------+-----------+----------------+-----------+--------+-----+----+------+
Best-so-far configuration:          17    mean value:      728.3050000
Description of the best-so-far configuration:
   .ID. his_len max_attempts .PARENT.
17   17    1343            5       NA

# 2025-12-26 13:42:57 GMT: Elite configurations (first number is the configuration ID; listed from best to worst according to the sum of ranks):
   his_len max_attempts
17    1343            5
# 2025-12-26 13:42:57 GMT: Iteration 2 of 3
# experimentsUsed: 700
# remainingBudget: 2800
# currentBudget: 1400
# nbConfigurations: 47
# Markers:
     x No test is performed.
     c Configurations are discarded only due to capping.
     - The test is performed and some configurations are discarded.
     = The test is performed but no configuration is discarded.
     ! The test is performed and configurations could be discarded but elite configurations are preserved.
     . All alive configurations are elite and nothing is discarded.

+-+-----------+-----------+-----------+----------------+-----------+--------+-----+----+------+
| |   Instance|      Alive|       Best|       Mean best| Exp so far|  W time|  rho|KenW|  Qvar|
+-+-----------+-----------+-----------+----------------+-----------+--------+-----+----+------+
|x|         21|         47|         17|     727.7500000|         47|00:00:31|   NA|  NA|    NA|
|x|          4|         47|         64|     727.7500000|         93|00:00:18|+0.24|0.62|0.7868|
|x|         14|         47|         64|     727.7500000|        139|00:00:22|+0.27|0.51|0.7294|
|x|         19|         47|         69|     727.7500000|        185|00:00:20|+0.21|0.41|0.7808|
|x|          9|         47|         69|     727.7500000|        231|00:00:18|+0.21|0.37|0.7678|
|x|          6|         47|         69|     727.7500000|        277|00:00:23|+0.18|0.32|0.7976|
|x|         18|         47|         69|     727.7500000|        323|00:00:18|+0.18|0.30|0.8023|
|x|         15|         47|         69|     727.7500000|        369|00:00:20|+0.18|0.29|0.8000|
|x|          5|         47|         69|     727.7500000|        415|00:00:22|+0.20|0.29|0.7792|
|-|          2|          9|         69|     727.7500000|        461|00:00:17|-0.02|0.08|0.9035|
|x|         16|          9|         69|     727.7500000|        469|00:00:06|+0.02|0.11|0.8673|
|x|          3|          9|         69|     727.7500000|        477|00:00:02|+0.05|0.13|0.8433|
|x|          8|          9|         69|     727.7500000|        485|00:00:02|+0.06|0.13|0.8439|
|x|          7|          9|         69|     727.7500000|        493|00:00:02|+0.07|0.14|0.8327|
|x|         11|          9|         69|     727.7500000|        501|00:00:02|+0.08|0.14|0.8271|
|x|         13|          9|         69|     727.7500000|        509|00:00:07|+0.08|0.14|0.8228|
|x|          1|          9|         69|     727.8805882|        517|00:00:03|+0.08|0.14|0.8167|
|x|         20|          9|         69|     727.8733333|        525|00:00:02|+0.09|0.14|0.8141|
|x|         12|          9|         69|     727.8668421|        533|00:00:02|+0.10|0.15|0.8046|
|-|         10|          6|         69|     727.8610000|        541|00:00:02|+0.03|0.08|0.5784|
|x|         17|          6|         69|     727.8557143|        546|00:00:01|+0.03|0.08|0.5861|
|x|         22|          6|         69|     727.8509091|        552|00:00:06|+0.03|0.08|0.5599|
|x|         23|          6|         69|     727.8465217|        558|00:00:01|+0.04|0.08|0.5651|
|x|         24|          6|         69|     727.8425000|        564|00:00:01|+0.04|0.08|0.5422|
|x|         25|          6|         69|     727.8388000|        570|00:00:01|+0.04|0.08|0.5519|
|x|         26|          6|         69|     727.8353846|        576|00:00:01|+0.04|0.07|0.5648|
|x|         27|          6|         69|     727.8322222|        582|00:00:01|+0.04|0.08|0.5687|
|x|         28|          6|         69|     727.8292857|        588|00:00:01|+0.05|0.09|0.5705|
|x|         29|          6|         69|     727.8265517|        594|00:00:06|+0.05|0.08|0.5819|
|-|         30|          3|         69|     727.8240000|        600|00:00:02|+0.03|0.06|0.2153|
+-+-----------+-----------+-----------+----------------+-----------+--------+-----+----+------+
Best-so-far configuration:          69    mean value:      727.8240000
Description of the best-so-far configuration:
   .ID. his_len max_attempts .PARENT.
69   69    2205            1       17

# 2025-12-26 13:47:31 GMT: Elite configurations (first number is the configuration ID; listed from best to worst according to the sum of ranks):
    his_len max_attempts
69     2205            1
102    2488            1
17     1343            5
# 2025-12-26 13:47:31 GMT: Iteration 3 of 3
# experimentsUsed: 1300
# remainingBudget: 2200
# currentBudget: 2200
# nbConfigurations: 57
# Markers:
     x No test is performed.
     c Configurations are discarded only due to capping.
     - The test is performed and some configurations are discarded.
     = The test is performed but no configuration is discarded.
     ! The test is performed and configurations could be discarded but elite configurations are preserved.
     . All alive configurations are elite and nothing is discarded.

+-+-----------+-----------+-----------+----------------+-----------+--------+-----+----+------+
| |   Instance|      Alive|       Best|       Mean best| Exp so far|  W time|  rho|KenW|  Qvar|
+-+-----------+-----------+-----------+----------------+-----------+--------+-----+----+------+
|x|         31|         57|         69|     727.7500000|         57|00:00:24|   NA|  NA|    NA|
|x|         20|         57|         69|     727.7500000|        111|00:00:23|+0.14|0.57|0.8055|
|x|          2|         57|         69|     727.7500000|        165|00:00:25|+0.10|0.40|0.9301|
|x|         28|         57|         69|     727.7500000|        219|00:00:25|+0.22|0.41|0.8186|
|x|         26|         57|         69|     727.7500000|        273|00:00:22|+0.14|0.31|0.8630|
|x|         19|         57|         69|     727.7500000|        327|00:00:24|+0.15|0.29|0.8562|
|x|         17|         57|         69|     727.7500000|        381|00:00:26|+0.16|0.28|0.8345|
|x|         30|         57|         69|     727.7500000|        435|00:00:22|+0.15|0.25|0.8537|
|x|          7|         57|         69|     727.7500000|        489|00:00:23|+0.15|0.24|0.8609|
|-|         23|         27|         69|     727.7500000|        543|00:00:26|-0.01|0.09|0.9773|
|x|         21|         27|         69|     727.7500000|        567|00:00:07|-0.01|0.08|0.9755|
|x|         18|         27|         69|     727.7500000|        591|00:00:12|-0.01|0.08|0.9728|
|x|         10|         27|         69|     727.7500000|        615|00:00:09|+0.01|0.08|0.9621|
|x|          4|         27|         69|     727.7500000|        639|00:00:11|+0.02|0.09|0.9450|
|x|         13|         27|         69|     727.7500000|        663|00:00:11|+0.05|0.11|0.9248|
|x|          1|         27|         69|     727.8887500|        687|00:00:09|+0.03|0.09|0.9388|
|x|         24|         27|         69|     727.8805882|        711|00:00:12|+0.02|0.08|0.9514|
|x|          9|         27|         69|     727.8733333|        735|00:00:09|+0.04|0.09|0.9390|
|x|         25|         27|         69|     727.8668421|        759|00:00:16|+0.05|0.10|0.9238|
|-|         15|         21|         69|     727.8610000|        783|00:00:10|-0.01|0.04|0.9620|
|x|          5|         21|         69|     727.8557143|        801|00:00:16|-0.00|0.04|0.9587|
|x|          3|         21|         69|     727.8509091|        819|00:00:05|+0.00|0.05|0.9504|
|x|          6|         21|         69|     727.8465217|        837|00:00:10|+0.01|0.05|0.9496|
|x|         12|         21|         69|     727.8425000|        855|00:00:11|+0.01|0.05|0.9464|
|x|          8|         21|         69|     727.8388000|        873|00:00:05|+0.02|0.06|0.9379|
|x|         29|         21|         69|     727.8353846|        891|00:00:14|+0.03|0.07|0.9267|
|x|         22|         21|         69|     727.8322222|        909|00:00:08|+0.04|0.07|0.9214|
|x|         27|         21|         69|     727.8292857|        927|00:00:06|+0.04|0.08|0.9157|
|x|         14|         21|         69|     727.8265517|        945|00:00:17|+0.05|0.09|0.9091|
|-|         11|         14|         69|     727.8240000|        963|00:00:05|+0.01|0.04|0.7654|
|x|         16|         14|         69|     727.8216129|        974|00:00:03|+0.01|0.04|0.7705|
|x|         32|         14|         69|     727.8193750|        988|00:00:15|+0.00|0.04|0.7768|
|x|         33|         14|         69|     727.8172727|       1002|00:00:04|+0.00|0.03|0.7825|
|x|         34|         14|         69|     727.8152941|       1016|00:00:04|+0.00|0.03|0.7597|
|x|         35|         14|         69|     727.8134286|       1030|00:00:13|+0.01|0.04|0.7618|
|x|         36|         14|         69|     727.8116667|       1044|00:00:06|+0.01|0.04|0.7671|
|x|         37|         14|         69|     727.8100000|       1058|00:00:04|+0.01|0.03|0.7716|
|x|         38|         14|         69|     727.8084211|       1072|00:00:10|+0.01|0.03|0.7742|
|x|         39|         14|         69|     727.8069231|       1086|00:00:08|+0.01|0.04|0.7763|
|=|         40|         14|         69|     727.8055000|       1100|00:00:04|+0.01|0.04|0.7782|
|x|         41|         14|         69|     727.8041463|       1114|00:00:07|+0.01|0.03|0.7835|
|x|         42|         14|         69|     727.8557143|       1128|00:00:12|+0.01|0.03|0.7894|
|x|         43|         14|         69|     727.8532558|       1142|00:00:04|+0.00|0.03|0.7954|
|x|         44|         14|        140|     727.8509091|       1156|00:00:06|+0.00|0.03|0.7982|
|x|         45|         14|        140|     727.8486667|       1170|00:00:14|+0.00|0.03|0.8017|
|x|         46|         14|        140|     727.8465217|       1184|00:00:04|+0.00|0.02|0.8067|
|x|         47|         14|        140|     727.8444681|       1198|00:00:04|+0.00|0.02|0.7895|
|x|         48|         14|        140|     727.8425000|       1212|00:00:15|+0.00|0.02|0.7731|
|x|         49|         14|        140|     727.8406122|       1226|00:00:04|+0.00|0.02|0.7763|
|=|         50|         14|        140|     727.8388000|       1240|00:00:04|+0.00|0.02|0.7780|
+-+-----------+-----------+-----------+----------------+-----------+--------+-----+----+------+
Best-so-far configuration:         140    mean value:      727.8388000
Description of the best-so-far configuration:
    .ID. his_len max_attempts .PARENT.
140  140    2353            1       69

# 2025-12-26 13:57:45 GMT: Elite configurations (first number is the configuration ID; listed from best to worst according to the sum of ranks):
    his_len max_attempts
140    2353            1
69     2205            1
152    2389            1
137    2048            1
102    2488            1
117    2316            1
126    2342            1
157    2360            1
142    2460            1
122    1311            3
# 2025-12-26 13:57:45 GMT: Iteration 4 of 4
# experimentsUsed: 2540
# remainingBudget: 960
# currentBudget: 960
# nbConfigurations: 24
# Markers:
     x No test is performed.
     c Configurations are discarded only due to capping.
     - The test is performed and some configurations are discarded.
     = The test is performed but no configuration is discarded.
     ! The test is performed and configurations could be discarded but elite configurations are preserved.
     . All alive configurations are elite and nothing is discarded.

+-+-----------+-----------+-----------+----------------+-----------+--------+-----+----+------+
| |   Instance|      Alive|       Best|       Mean best| Exp so far|  W time|  rho|KenW|  Qvar|
+-+-----------+-----------+-----------+----------------+-----------+--------+-----+----+------+
|x|         51|         24|        140|     727.7500000|         24|00:00:17|   NA|  NA|    NA|
|x|         20|         24|        140|     727.7500000|         38|00:00:06|+0.15|0.58|0.7320|
|x|         48|         24|        140|     727.7500000|         52|00:00:04|+0.33|0.55|0.5293|
|x|         16|         24|        140|     727.7500000|         66|00:00:10|+0.33|0.50|0.5585|
|x|          1|         24|        140|     727.7500000|         80|00:00:09|+0.30|0.44|0.5812|
|x|         39|         24|        140|     727.7500000|         94|00:00:04|+0.13|0.27|0.7566|
|x|          2|         24|        140|     727.7500000|        108|00:00:09|+0.15|0.27|0.7477|
|x|         15|         24|        140|     727.7500000|        122|00:00:10|+0.16|0.26|0.7753|
|x|         45|         24|        140|     727.7500000|        136|00:00:04|+0.12|0.22|0.8190|
|-|         27|         19|        140|     727.7500000|        150|00:00:05|-0.03|0.07|0.7772|
|x|         24|         19|        140|     727.7500000|        159|00:00:12|-0.01|0.08|0.7841|
|x|         37|         19|        140|     727.7500000|        168|00:00:02|-0.02|0.06|0.8086|
|x|         34|         19|        140|     727.7500000|        177|00:00:02|-0.02|0.06|0.8149|
|x|          8|         19|        140|     727.7500000|        186|00:00:02|-0.01|0.06|0.8209|
|x|         47|         19|        140|     727.7500000|        195|00:00:04|-0.01|0.06|0.8254|
|x|         46|         19|        140|     727.7500000|        204|00:00:11|+0.01|0.07|0.8211|
|x|         42|         19|        140|     727.7500000|        213|00:00:02|+0.01|0.07|0.8324|
|x|         33|         19|        140|     727.7500000|        222|00:00:02|+0.01|0.07|0.8358|
|x|          9|         19|        140|     727.7500000|        231|00:00:02|+0.01|0.06|0.8393|
|=|         29|         19|        140|     727.7500000|        240|00:00:04|+0.02|0.07|0.8383|
|x|         13|         19|        140|     727.7500000|        249|00:00:11|+0.02|0.06|0.7991|
|x|         31|         19|        140|     727.7500000|        258|00:00:02|+0.02|0.07|0.8014|
|x|         18|         19|        140|     727.7500000|        267|00:00:02|+0.02|0.07|0.8047|
|x|         35|         19|        140|     727.7500000|        276|00:00:02|+0.02|0.06|0.8104|
|x|         26|         19|        140|     727.7500000|        285|00:00:05|+0.02|0.06|0.8206|
|x|          6|         19|        140|     727.7500000|        294|00:00:10|+0.03|0.07|0.8181|
|x|         41|         19|        140|     727.7500000|        303|00:00:02|+0.03|0.07|0.8195|
|x|         38|         19|        140|     727.7500000|        312|00:00:02|+0.04|0.07|0.8207|
|x|         10|         19|        162|     727.7500000|        321|00:00:02|+0.03|0.07|0.8262|
|-|         23|         15|        162|     727.7500000|        330|00:00:07|+0.01|0.05|0.5857|
|x|         40|         15|        162|     727.7500000|        335|00:00:06|+0.01|0.04|0.5995|
|x|         36|         15|        162|     727.7500000|        340|00:00:01|+0.01|0.04|0.6099|
|x|         11|         15|        162|     727.7500000|        345|00:00:01|+0.01|0.04|0.6209|
|x|         43|         15|        162|     727.7500000|        350|00:00:01|+0.01|0.04|0.6301|
|x|         28|         15|        162|     727.7500000|        355|00:00:01|+0.00|0.03|0.6406|
|x|          4|         15|        162|     727.7500000|        360|00:00:01|+0.00|0.03|0.6484|
|x|         32|         15|        162|     727.7500000|        365|00:00:01|+0.00|0.03|0.6564|
|x|         44|         15|        162|     727.7500000|        370|00:00:05|-0.00|0.03|0.6660|
|x|         30|         15|        162|     727.7500000|        375|00:00:07|-0.00|0.02|0.6488|
|=|         19|         15|        162|     727.7500000|        380|00:00:01|-0.00|0.02|0.6577|
|x|          7|         15|        162|     727.7500000|        385|00:00:01|-0.00|0.02|0.6646|
|x|         50|         15|        162|     727.7500000|        390|00:00:01|-0.00|0.02|0.6486|
|x|         25|         15|        162|     727.7500000|        395|00:00:01|-0.00|0.02|0.6335|
|x|         21|         15|        162|     727.7500000|        400|00:00:01|-0.00|0.02|0.6398|
|x|          3|         15|        162|     727.7500000|        405|00:00:01|-0.00|0.02|0.6255|
|x|         22|         15|        162|     727.7500000|        410|00:00:04|-0.00|0.02|0.6118|
|x|         14|         15|        162|     727.7500000|        415|00:00:05|-0.00|0.02|0.6183|
|x|         17|         15|        162|     727.7500000|        420|00:00:01|-0.00|0.02|0.6263|
|x|         49|         15|        162|     727.7500000|        425|00:00:01|-0.00|0.02|0.6324|
|=|          5|         15|        162|     727.7500000|        430|00:00:01|-0.00|0.02|0.6375|
|x|         12|         15|        162|     727.7500000|        435|00:00:01|-0.00|0.02|0.6249|
|x|         52|         15|        162|     727.7500000|        450|00:00:05|-0.00|0.02|0.6295|
|x|         53|         15|        162|     727.7500000|        465|00:00:09|-0.00|0.02|0.6350|
|x|         54|         15|        162|     727.7500000|        480|00:00:04|-0.00|0.02|0.6406|
|x|         55|         15|        162|     727.7500000|        495|00:00:07|-0.00|0.02|0.6289|
|x|         56|         15|        162|     727.7500000|        510|00:00:07|+0.00|0.02|0.6336|
|x|         57|         15|        162|     727.7500000|        525|00:00:04|+0.00|0.02|0.6376|
|x|         58|         15|        162|     727.7500000|        540|00:00:07|+0.00|0.02|0.6417|
|x|         59|         15|        162|     727.7500000|        555|00:00:07|+0.00|0.02|0.6309|
|=|         60|         15|        162|     727.7870000|        570|00:00:04|-0.00|0.02|0.6379|
|x|         61|         15|        162|     727.7863934|        585|00:00:07|-0.00|0.01|0.6436|
|x|         62|         15|        162|     727.7858065|        600|00:00:07|-0.00|0.01|0.6332|
|x|         63|         15|        162|     727.7852381|        615|00:00:04|-0.00|0.01|0.6391|
|x|         64|         15|        162|     727.7846875|        630|00:00:07|-0.00|0.01|0.6424|
|x|         65|         15|        162|     727.7841538|        645|00:00:07|-0.00|0.01|0.6466|
|x|         66|         15|        162|     727.7836364|        660|00:00:04|-0.00|0.02|0.6506|
|x|         67|         15|        162|     727.7831343|        675|00:00:06|-0.00|0.01|0.6546|
|x|         68|         15|        162|     727.7826471|        690|00:00:07|+0.00|0.02|0.6572|
|x|         69|         15|        162|     727.7821739|        705|00:00:04|+0.00|0.02|0.6597|
|=|         70|         15|        162|     727.7817143|        720|00:00:07|+0.01|0.02|0.6623|
+-+-----------+-----------+-----------+----------------+-----------+--------+-----+----+------+
Best-so-far configuration:         162    mean value:      727.7817143
Description of the best-so-far configuration:
    .ID. his_len max_attempts .PARENT.
162  162    2024            1      137

# 2025-12-26 14:03:43 GMT: Elite configurations (first number is the configuration ID; listed from best to worst according to the sum of ranks):
    his_len max_attempts
162    2024            1
140    2353            1
69     2205            1
166    2286            1
170    2443            1
168    2374            1
152    2389            1
137    2048            1
102    2488            1
117    2316            1
# 2025-12-26 14:03:43 GMT: Iteration 5 of 5
# experimentsUsed: 3260
# remainingBudget: 240
# currentBudget: 240
# nbConfigurations: 11
# Markers:
     x No test is performed.
     c Configurations are discarded only due to capping.
     - The test is performed and some configurations are discarded.
     = The test is performed but no configuration is discarded.
     ! The test is performed and configurations could be discarded but elite configurations are preserved.
     . All alive configurations are elite and nothing is discarded.

+-+-----------+-----------+-----------+----------------+-----------+--------+-----+----+------+
| |   Instance|      Alive|       Best|       Mean best| Exp so far|  W time|  rho|KenW|  Qvar|
+-+-----------+-----------+-----------+----------------+-----------+--------+-----+----+------+
|x|         71|         11|        162|     727.7500000|         11|00:00:05|   NA|  NA|    NA|
|x|         63|         11|        162|     727.7500000|         12|00:00:00|-0.14|0.43|1.0446|
|x|         66|         11|        162|     727.7500000|         13|00:00:00|-0.13|0.25|1.0297|
|x|         12|         11|        162|     727.7500000|         14|00:00:00|-0.09|0.18|0.7421|
|x|         32|         11|        162|     727.7500000|         15|00:00:00|-0.07|0.15|0.5816|
|x|         22|         11|        162|     727.7500000|         16|00:00:00|-0.05|0.12|0.4787|
|x|         49|         11|        162|     727.7500000|         17|00:00:00|-0.04|0.11|0.4068|
|x|          4|         11|        162|     727.7500000|         18|00:00:00|-0.04|0.09|0.3538|
|x|         28|         11|        162|     727.7500000|         19|00:00:00|-0.05|0.07|0.4229|
|=|         56|         11|        162|     727.7500000|         20|00:00:00|-0.04|0.06|0.3787|
|x|          7|         11|        162|     727.7500000|         21|00:00:00|+0.01|0.10|0.4130|
|x|         15|         11|        162|     727.7500000|         22|00:00:02|-0.01|0.07|0.4626|
|x|         42|         11|        162|     727.7500000|         23|00:00:02|-0.02|0.06|0.5045|
|x|         29|         11|        162|     727.7500000|         24|00:00:00|-0.02|0.05|0.4674|
|x|         10|         11|        162|     727.7500000|         25|00:00:00|-0.01|0.05|0.4958|
|x|         41|         11|        162|     727.7500000|         26|00:00:00|+0.00|0.07|0.5156|
|x|         11|         11|        162|     727.7500000|         27|00:00:00|+0.02|0.08|0.5298|
|x|         61|         11|        162|     727.7500000|         28|00:00:00|+0.01|0.07|0.5532|
|x|         14|         11|        162|     727.7500000|         29|00:00:00|+0.01|0.06|0.5734|
|=|          2|         11|        162|     727.7500000|         30|00:00:00|+0.01|0.06|0.5448|
|x|         37|         11|        162|     727.7500000|         31|00:00:00|+0.01|0.05|0.5188|
|x|         26|         11|        162|     727.7500000|         32|00:00:00|+0.01|0.05|0.5379|
|x|         51|         11|        162|     727.7500000|         33|00:00:00|+0.01|0.05|0.5145|
|x|         70|         11|        162|     727.7500000|         34|00:00:00|+0.01|0.05|0.4930|
|x|         13|         11|        162|     727.7500000|         35|00:00:00|+0.01|0.04|0.4733|
|x|         64|         11|        162|     727.7500000|         36|00:00:00|+0.00|0.04|0.4550|
|x|         59|         11|        162|     727.7500000|         37|00:00:02|+0.00|0.04|0.4382|
|x|         21|         11|        162|     727.7500000|         38|00:00:02|+0.02|0.05|0.4518|
|x|         58|         11|        162|     727.7500000|         39|00:00:00|+0.01|0.05|0.4363|
|=|         57|         11|        162|     727.7500000|         40|00:00:00|+0.01|0.05|0.4218|
|x|         16|         11|        162|     727.7500000|         41|00:00:00|+0.01|0.05|0.4083|
|x|         48|         11|        162|     727.7500000|         42|00:00:00|+0.01|0.04|0.3956|
|x|         68|         11|        162|     727.7500000|         43|00:00:00|+0.01|0.04|0.3837|
|x|         60|         11|        166|     727.7500000|         44|00:00:00|+0.01|0.03|0.4021|
|x|          8|         11|        166|     727.7500000|         45|00:00:00|+0.01|0.03|0.3906|
|x|         45|         11|        166|     727.7500000|         46|00:00:00|+0.01|0.04|0.4019|
|x|         54|         11|        166|     727.7500000|         47|00:00:00|+0.01|0.04|0.4173|
|x|         20|         11|        166|     727.7500000|         48|00:00:00|+0.01|0.04|0.4291|
|x|          9|         11|        166|     727.7500000|         49|00:00:00|+0.01|0.04|0.4181|
|=|         69|         11|        166|     727.7500000|         50|00:00:00|+0.01|0.04|0.4077|
|x|         43|         11|        166|     727.7500000|         51|00:00:02|+0.01|0.04|0.4194|
|x|         46|         11|        166|     727.7500000|         52|00:00:02|+0.01|0.04|0.4300|
|x|         67|         11|        166|     727.7500000|         53|00:00:00|+0.01|0.03|0.4422|
|x|         50|         11|        166|     727.7500000|         54|00:00:00|+0.01|0.03|0.4322|
|x|         40|         11|        166|     727.7500000|         55|00:00:00|+0.01|0.03|0.4428|
|x|          1|         11|        166|     727.7500000|         56|00:00:00|+0.01|0.03|0.4544|
|x|         27|         11|        166|     727.7500000|         57|00:00:00|+0.01|0.03|0.4447|
|x|         23|         11|        166|     727.7500000|         58|00:00:00|+0.01|0.03|0.4354|
|x|         19|         11|        166|     727.7500000|         59|00:00:00|+0.01|0.03|0.4451|
|=|         25|         11|        166|     727.7500000|         60|00:00:00|+0.01|0.03|0.4362|
|x|         55|         11|        166|     727.7500000|         61|00:00:00|+0.01|0.03|0.4277|
|x|         35|         11|        166|     727.7500000|         62|00:00:00|+0.01|0.02|0.4195|
|x|         53|         11|        166|     727.7500000|         63|00:00:00|+0.01|0.02|0.4116|
|x|         39|         11|        166|     727.7500000|         64|00:00:00|+0.01|0.02|0.4039|
|x|         30|         11|        166|     727.7500000|         65|00:00:00|+0.01|0.02|0.3966|
|x|         47|         11|        166|     727.7500000|         66|00:00:01|+0.01|0.02|0.3895|
|x|         62|         11|        166|     727.7500000|         67|00:00:03|+0.00|0.02|0.3987|
|x|          6|         11|        166|     727.7500000|         68|00:00:00|+0.00|0.02|0.4075|
|x|          5|         11|        166|     727.7500000|         69|00:00:00|+0.00|0.02|0.4006|
|=|          3|         11|        166|     727.7500000|         70|00:00:00|+0.00|0.02|0.3939|
|x|         44|         11|        162|     727.7863934|         71|00:00:00|-0.00|0.02|0.4038|
|x|         36|         11|        162|     727.7858065|         72|00:00:00|-0.00|0.01|0.4130|
|x|         33|         11|        162|     727.7852381|         73|00:00:00|-0.00|0.01|0.4205|
|x|         31|         11|        162|     727.7846875|         74|00:00:00|-0.00|0.01|0.4139|
|x|         52|         11|        162|     727.7841538|         75|00:00:00|-0.00|0.02|0.4208|
|x|         17|         11|        162|     727.7836364|         76|00:00:00|-0.00|0.01|0.4291|
|x|         18|         11|        162|     727.7831343|         77|00:00:00|-0.00|0.01|0.4227|
|x|         38|         11|        162|     727.7826471|         78|00:00:00|-0.00|0.01|0.4164|
|x|         65|         11|        162|     727.7821739|         79|00:00:00|-0.00|0.01|0.4232|
|=|         34|         11|        162|     727.7817143|         80|00:00:02|-0.00|0.01|0.4307|
|x|         24|         11|        162|     727.7812676|         81|00:00:05|-0.00|0.01|0.4246|
|x|         72|         11|        162|     727.7808333|         92|00:00:03|-0.00|0.01|0.4187|
|x|         73|         11|        162|     727.7804110|        103|00:00:03|-0.01|0.01|0.4261|
|x|         74|         11|        162|     727.7800000|        114|00:00:04|-0.00|0.01|0.4325|
|x|         75|         11|        162|     727.7796000|        125|00:00:11|-0.00|0.01|0.4267|
|x|         76|         11|        162|     727.7792105|        136|00:00:03|-0.00|0.01|0.4332|
|x|         77|         11|        162|     727.7788312|        147|00:00:03|-0.00|0.01|0.4275|
|x|         78|         11|        162|     727.7784615|        158|00:00:05|-0.00|0.01|0.4220|
|x|         79|         11|        162|     727.7781013|        169|00:00:10|-0.00|0.01|0.4276|
|=|         80|         11|        162|     727.7777500|        180|00:00:03|-0.00|0.01|0.4332|
+-+-----------+-----------+-----------+----------------+-----------+--------+-----+----+------+
Best-so-far configuration:         162    mean value:      727.7777500
Description of the best-so-far configuration:
    .ID. his_len max_attempts .PARENT.
162  162    2024            1      137

# 2025-12-26 14:05:47 GMT: Elite configurations (first number is the configuration ID; listed from best to worst according to the sum of ranks):
    his_len max_attempts
162    2024            1
69     2205            1
140    2353            1
166    2286            1
170    2443            1
168    2374            1
152    2389            1
173    2276            1
117    2316            1
137    2048            1
# 2025-12-26 14:05:47 GMT: Stopped because there is not enough budget left to race more than the minimum (10).
# You may either increase the budget or set 'minNbSurvival' to a lower value.
# Iteration: 6
# nbIterations: 6
# experimentsUsed: 3440
# timeUsed: 0
# remainingBudget: 60
# currentBudget: 60
# number of elites: 10
# nbConfigurations: 10
# Total CPU user time: 1535.269, CPU sys time: 3451.915, Wall-clock time: 1850.352
# Best configurations (first number is the configuration ID; listed from best to worst according to the sum of ranks):
    his_len max_attempts
162    2024            1
69     2205            1
140    2353            1
166    2286            1
170    2443            1
168    2374            1
152    2389            1
173    2276            1
117    2316            1
137    2048            1
# Best configurations as commandlines (first number is the configuration ID; listed from best to worst according to the sum of ranks):
162 -his_len 2024 -max_attempts 1
69  -his_len 2205 -max_attempts 1
140 -his_len 2353 -max_attempts 1
166 -his_len 2286 -max_attempts 1
170 -his_len 2443 -max_attempts 1
168 -his_len 2374 -max_attempts 1
152 -his_len 2389 -max_attempts 1
173 -his_len 2276 -max_attempts 1
117 -his_len 2316 -max_attempts 1
137 -his_len 2048 -max_attempts 1


# Testing of elite configurations: 1 
# Testing iteration configurations: FALSE 
# 2025-12-26 14:05:47 GMT: No test instances, skip testing
